==========================================
Job ID: 3161427
Node: gput048
GPU: 0
Experiment: configs/experiment/unet_dataset83.yaml
Run Name: unet-d83
==========================================
Sun Feb 22 19:58:38 2026       
+-----------------------------------------------------------------------------------------+
| NVIDIA-SMI 570.158.01             Driver Version: 570.158.01     CUDA Version: 12.8     |
|-----------------------------------------+------------------------+----------------------+
| GPU  Name                 Persistence-M | Bus-Id          Disp.A | Volatile Uncorr. ECC |
| Fan  Temp   Perf          Pwr:Usage/Cap |           Memory-Usage | GPU-Util  Compute M. |
|                                         |                        |               MIG M. |
|=========================================+========================+======================|
|   0  NVIDIA GeForce RTX 2080 Ti     On  |   00000000:81:00.0 Off |                  N/A |
| 27%   23C    P8              1W /  250W |       1MiB /  11264MiB |      0%      Default |
|                                         |                        |                  N/A |
+-----------------------------------------+------------------------+----------------------+
                                                                                         
+-----------------------------------------------------------------------------------------+
| Processes:                                                                              |
|  GPU   GI   CI              PID   Type   Process name                        GPU Memory |
|        ID   ID                                                               Usage      |
|=========================================================================================|
|  No running processes found                                                             |
+-----------------------------------------------------------------------------------------+
Split: 11 train / 3 val (from 14 total)
Model: unet
Trainable parameters: 47,388,550
Epoch 1/1000 | train_loss: 1.7891 | miou: 0.0077 | f1_macro: 0.0147 | pixel_accuracy: 0.0460 | val_loss: 1.7959
Epoch 2/1000 | train_loss: 1.7691 | miou: 0.1192 | f1_macro: 0.1710 | pixel_accuracy: 0.4239 | val_loss: 1.7602
Epoch 3/1000 | train_loss: 1.6793 | miou: 0.0668 | f1_macro: 0.0956 | pixel_accuracy: 0.3989 | val_loss: 1.6360
Epoch 4/1000 | train_loss: 1.6554 | miou: 0.0671 | f1_macro: 0.0960 | pixel_accuracy: 0.3987 | val_loss: 1.6374
Epoch 5/1000 | train_loss: 1.6165 | miou: 0.0667 | f1_macro: 0.0953 | pixel_accuracy: 0.3985 | val_loss: 1.5686
Epoch 6/1000 | train_loss: 1.6278 | miou: 0.1180 | f1_macro: 0.1708 | pixel_accuracy: 0.4650 | val_loss: 1.5560
Epoch 7/1000 | train_loss: 1.6111 | miou: 0.1257 | f1_macro: 0.1811 | pixel_accuracy: 0.4991 | val_loss: 1.4847
Epoch 8/1000 | train_loss: 1.5894 | miou: 0.1765 | f1_macro: 0.2347 | pixel_accuracy: 0.5906 | val_loss: 1.4606
Epoch 9/1000 | train_loss: 1.5617 | miou: 0.1847 | f1_macro: 0.2501 | pixel_accuracy: 0.5896 | val_loss: 1.4066
Epoch 10/1000 | train_loss: 1.5630 | miou: 0.1863 | f1_macro: 0.2547 | pixel_accuracy: 0.5864 | val_loss: 1.3715
Epoch 11/1000 | train_loss: 1.5346 | miou: 0.1849 | f1_macro: 0.2524 | pixel_accuracy: 0.5869 | val_loss: 1.3157
Epoch 12/1000 | train_loss: 1.5039 | miou: 0.1864 | f1_macro: 0.2586 | pixel_accuracy: 0.5790 | val_loss: 1.3223
Epoch 13/1000 | train_loss: 1.4723 | miou: 0.1854 | f1_macro: 0.2542 | pixel_accuracy: 0.5828 | val_loss: 1.2738
Epoch 14/1000 | train_loss: 1.4517 | miou: 0.1913 | f1_macro: 0.2627 | pixel_accuracy: 0.5819 | val_loss: 1.3004
Epoch 15/1000 | train_loss: 1.4861 | miou: 0.1906 | f1_macro: 0.2601 | pixel_accuracy: 0.5778 | val_loss: 1.3482
Epoch 16/1000 | train_loss: 1.5011 | miou: 0.1949 | f1_macro: 0.2667 | pixel_accuracy: 0.5794 | val_loss: 1.3188
Epoch 17/1000 | train_loss: 1.4520 | miou: 0.1945 | f1_macro: 0.2685 | pixel_accuracy: 0.5847 | val_loss: 1.2848
Epoch 18/1000 | train_loss: 1.4421 | miou: 0.2044 | f1_macro: 0.2814 | pixel_accuracy: 0.5914 | val_loss: 1.2950
Epoch 19/1000 | train_loss: 1.4976 | miou: 0.2137 | f1_macro: 0.2945 | pixel_accuracy: 0.5962 | val_loss: 1.3079
Epoch 20/1000 | train_loss: 1.4887 | miou: 0.2009 | f1_macro: 0.2788 | pixel_accuracy: 0.5910 | val_loss: 1.2884
Epoch 21/1000 | train_loss: 1.4730 | miou: 0.1944 | f1_macro: 0.2679 | pixel_accuracy: 0.5828 | val_loss: 1.2663
Epoch 22/1000 | train_loss: 1.4376 | miou: 0.1922 | f1_macro: 0.2650 | pixel_accuracy: 0.5762 | val_loss: 1.2494
Epoch 23/1000 | train_loss: 1.4583 | miou: 0.2220 | f1_macro: 0.3034 | pixel_accuracy: 0.6115 | val_loss: 1.2589
Epoch 24/1000 | train_loss: 1.4493 | miou: 0.2139 | f1_macro: 0.2906 | pixel_accuracy: 0.6063 | val_loss: 1.2550
Epoch 25/1000 | train_loss: 1.4202 | miou: 0.2123 | f1_macro: 0.2892 | pixel_accuracy: 0.6079 | val_loss: 1.2263
Epoch 26/1000 | train_loss: 1.4380 | miou: 0.1682 | f1_macro: 0.2392 | pixel_accuracy: 0.5287 | val_loss: 1.2875
Epoch 27/1000 | train_loss: 1.4068 | miou: 0.1918 | f1_macro: 0.2689 | pixel_accuracy: 0.5639 | val_loss: 1.2470
Epoch 28/1000 | train_loss: 1.3829 | miou: 0.1672 | f1_macro: 0.2421 | pixel_accuracy: 0.5091 | val_loss: 1.4948
Epoch 29/1000 | train_loss: 1.3950 | miou: 0.2000 | f1_macro: 0.2747 | pixel_accuracy: 0.5842 | val_loss: 1.2331
Epoch 30/1000 | train_loss: 1.3359 | miou: 0.2327 | f1_macro: 0.3112 | pixel_accuracy: 0.6331 | val_loss: 1.2385
Epoch 31/1000 | train_loss: 1.3261 | miou: 0.2563 | f1_macro: 0.3363 | pixel_accuracy: 0.6619 | val_loss: 1.2416
Epoch 32/1000 | train_loss: 1.2683 | miou: 0.2313 | f1_macro: 0.3094 | pixel_accuracy: 0.6346 | val_loss: 1.2175
Epoch 33/1000 | train_loss: 1.3295 | miou: 0.1800 | f1_macro: 0.2564 | pixel_accuracy: 0.5370 | val_loss: 1.3957
Epoch 34/1000 | train_loss: 1.4025 | miou: 0.2116 | f1_macro: 0.2946 | pixel_accuracy: 0.5860 | val_loss: 1.3557
Epoch 35/1000 | train_loss: 1.3421 | miou: 0.1738 | f1_macro: 0.2514 | pixel_accuracy: 0.5190 | val_loss: 1.4729
Epoch 36/1000 | train_loss: 1.4977 | miou: 0.1567 | f1_macro: 0.2273 | pixel_accuracy: 0.4917 | val_loss: 1.5098
Epoch 37/1000 | train_loss: 1.3503 | miou: 0.2642 | f1_macro: 0.3439 | pixel_accuracy: 0.6744 | val_loss: 1.2050
Epoch 38/1000 | train_loss: 1.4015 | miou: 0.2559 | f1_macro: 0.3350 | pixel_accuracy: 0.6639 | val_loss: 1.2085
Epoch 39/1000 | train_loss: 1.3226 | miou: 0.2469 | f1_macro: 0.3265 | pixel_accuracy: 0.6560 | val_loss: 1.2233
Epoch 40/1000 | train_loss: 1.2895 | miou: 0.2477 | f1_macro: 0.3277 | pixel_accuracy: 0.6511 | val_loss: 1.2075
Epoch 41/1000 | train_loss: 1.2705 | miou: 0.2491 | f1_macro: 0.3293 | pixel_accuracy: 0.6531 | val_loss: 1.2147
Epoch 42/1000 | train_loss: 1.3231 | miou: 0.2143 | f1_macro: 0.2961 | pixel_accuracy: 0.5931 | val_loss: 1.3118
Epoch 43/1000 | train_loss: 1.1824 | miou: 0.2350 | f1_macro: 0.3186 | pixel_accuracy: 0.6266 | val_loss: 1.2852
Epoch 44/1000 | train_loss: 1.1985 | miou: 0.2512 | f1_macro: 0.3329 | pixel_accuracy: 0.6570 | val_loss: 1.2243
Epoch 45/1000 | train_loss: 1.4041 | miou: 0.2680 | f1_macro: 0.3482 | pixel_accuracy: 0.6784 | val_loss: 1.2445
Epoch 46/1000 | train_loss: 1.2655 | miou: 0.2718 | f1_macro: 0.3512 | pixel_accuracy: 0.6849 | val_loss: 1.1931
Epoch 47/1000 | train_loss: 1.2245 | miou: 0.2428 | f1_macro: 0.3255 | pixel_accuracy: 0.6395 | val_loss: 1.2439
Epoch 48/1000 | train_loss: 1.2012 | miou: 0.2529 | f1_macro: 0.3349 | pixel_accuracy: 0.6541 | val_loss: 1.2693
Epoch 49/1000 | train_loss: 1.1879 | miou: 0.2637 | f1_macro: 0.3498 | pixel_accuracy: 0.6646 | val_loss: 1.2368
Epoch 50/1000 | train_loss: 1.1888 | miou: 0.2880 | f1_macro: 0.3818 | pixel_accuracy: 0.6819 | val_loss: 1.2232
Epoch 51/1000 | train_loss: 1.3031 | miou: 0.2726 | f1_macro: 0.3522 | pixel_accuracy: 0.6843 | val_loss: 1.1496
Epoch 52/1000 | train_loss: 1.1788 | miou: 0.2733 | f1_macro: 0.3532 | pixel_accuracy: 0.6848 | val_loss: 1.1623
Epoch 53/1000 | train_loss: 1.4146 | miou: 0.2615 | f1_macro: 0.3439 | pixel_accuracy: 0.6635 | val_loss: 1.2370
Epoch 54/1000 | train_loss: 1.3467 | miou: 0.2102 | f1_macro: 0.2930 | pixel_accuracy: 0.5814 | val_loss: 1.3359
Epoch 55/1000 | train_loss: 1.2401 | miou: 0.2197 | f1_macro: 0.3038 | pixel_accuracy: 0.5960 | val_loss: 1.2574
Epoch 56/1000 | train_loss: 1.3154 | miou: 0.2159 | f1_macro: 0.2995 | pixel_accuracy: 0.5891 | val_loss: 1.2729
Epoch 57/1000 | train_loss: 1.2791 | miou: 0.2219 | f1_macro: 0.3064 | pixel_accuracy: 0.6016 | val_loss: 1.2470
Epoch 58/1000 | train_loss: 1.2092 | miou: 0.1989 | f1_macro: 0.2832 | pixel_accuracy: 0.5543 | val_loss: 1.2728
Epoch 59/1000 | train_loss: 1.2080 | miou: 0.2525 | f1_macro: 0.3375 | pixel_accuracy: 0.6450 | val_loss: 1.2158
Epoch 60/1000 | train_loss: 1.2885 | miou: 0.2193 | f1_macro: 0.3059 | pixel_accuracy: 0.5924 | val_loss: 1.2642
Epoch 61/1000 | train_loss: 1.1692 | miou: 0.2591 | f1_macro: 0.3445 | pixel_accuracy: 0.6594 | val_loss: 1.1723
Epoch 62/1000 | train_loss: 1.2311 | miou: 0.2524 | f1_macro: 0.3386 | pixel_accuracy: 0.6451 | val_loss: 1.1915
Epoch 63/1000 | train_loss: 1.3135 | miou: 0.2695 | f1_macro: 0.3555 | pixel_accuracy: 0.6693 | val_loss: 1.1844
Epoch 64/1000 | train_loss: 1.2052 | miou: 0.2509 | f1_macro: 0.3372 | pixel_accuracy: 0.6419 | val_loss: 1.2067
Epoch 65/1000 | train_loss: 1.2917 | miou: 0.2247 | f1_macro: 0.3119 | pixel_accuracy: 0.5962 | val_loss: 1.2506
Epoch 66/1000 | train_loss: 1.1164 | miou: 0.2681 | f1_macro: 0.3540 | pixel_accuracy: 0.6652 | val_loss: 1.1579
Epoch 67/1000 | train_loss: 1.2815 | miou: 0.2692 | f1_macro: 0.3649 | pixel_accuracy: 0.6517 | val_loss: 1.1965
Epoch 68/1000 | train_loss: 1.2243 | miou: 0.2591 | f1_macro: 0.3603 | pixel_accuracy: 0.6315 | val_loss: 1.2081
Epoch 69/1000 | train_loss: 1.1855 | miou: 0.2402 | f1_macro: 0.3341 | pixel_accuracy: 0.5989 | val_loss: 1.1754
Epoch 70/1000 | train_loss: 1.1232 | miou: 0.2527 | f1_macro: 0.3476 | pixel_accuracy: 0.6231 | val_loss: 1.1979
Epoch 71/1000 | train_loss: 1.2936 | miou: 0.2504 | f1_macro: 0.3396 | pixel_accuracy: 0.6303 | val_loss: 1.1798
Epoch 72/1000 | train_loss: 1.2296 | miou: 0.2527 | f1_macro: 0.3457 | pixel_accuracy: 0.6242 | val_loss: 1.1986
Epoch 73/1000 | train_loss: 1.2787 | miou: 0.2555 | f1_macro: 0.3462 | pixel_accuracy: 0.6228 | val_loss: 1.1872
Epoch 74/1000 | train_loss: 1.1384 | miou: 0.2462 | f1_macro: 0.3364 | pixel_accuracy: 0.6049 | val_loss: 1.1745
Epoch 75/1000 | train_loss: 1.1799 | miou: 0.2535 | f1_macro: 0.3543 | pixel_accuracy: 0.6019 | val_loss: 1.1844
Epoch 76/1000 | train_loss: 1.2979 | miou: 0.2789 | f1_macro: 0.3816 | pixel_accuracy: 0.6417 | val_loss: 1.1755
Epoch 77/1000 | train_loss: 1.1280 | miou: 0.2805 | f1_macro: 0.3770 | pixel_accuracy: 0.6591 | val_loss: 1.1095
Epoch 78/1000 | train_loss: 1.1886 | miou: 0.2769 | f1_macro: 0.3673 | pixel_accuracy: 0.6644 | val_loss: 1.1151
Epoch 79/1000 | train_loss: 1.1486 | miou: 0.2835 | f1_macro: 0.3853 | pixel_accuracy: 0.6470 | val_loss: 1.1494
Epoch 80/1000 | train_loss: 1.2516 | miou: 0.3005 | f1_macro: 0.4087 | pixel_accuracy: 0.6670 | val_loss: 1.1170
Epoch 81/1000 | train_loss: 1.1503 | miou: 0.2914 | f1_macro: 0.3935 | pixel_accuracy: 0.6680 | val_loss: 1.1194
Epoch 82/1000 | train_loss: 1.0983 | miou: 0.2816 | f1_macro: 0.3793 | pixel_accuracy: 0.6527 | val_loss: 1.0918
Epoch 83/1000 | train_loss: 1.2941 | miou: 0.2921 | f1_macro: 0.3877 | pixel_accuracy: 0.6712 | val_loss: 1.0905
Epoch 84/1000 | train_loss: 1.1515 | miou: 0.2807 | f1_macro: 0.3816 | pixel_accuracy: 0.6448 | val_loss: 1.1529
Epoch 85/1000 | train_loss: 1.2050 | miou: 0.2758 | f1_macro: 0.3740 | pixel_accuracy: 0.6358 | val_loss: 1.1277
Epoch 86/1000 | train_loss: 1.1933 | miou: 0.2907 | f1_macro: 0.3855 | pixel_accuracy: 0.6669 | val_loss: 1.0497
Epoch 87/1000 | train_loss: 1.1650 | miou: 0.2556 | f1_macro: 0.3567 | pixel_accuracy: 0.5907 | val_loss: 1.1862
Epoch 88/1000 | train_loss: 1.2626 | miou: 0.2900 | f1_macro: 0.3842 | pixel_accuracy: 0.6594 | val_loss: 1.0632
Epoch 89/1000 | train_loss: 1.2820 | miou: 0.2908 | f1_macro: 0.3856 | pixel_accuracy: 0.6712 | val_loss: 1.1020
Epoch 90/1000 | train_loss: 1.3880 | miou: 0.2602 | f1_macro: 0.3578 | pixel_accuracy: 0.6196 | val_loss: 1.1592
Epoch 91/1000 | train_loss: 1.2363 | miou: 0.2776 | f1_macro: 0.3751 | pixel_accuracy: 0.6508 | val_loss: 1.0870
Epoch 92/1000 | train_loss: 1.2537 | miou: 0.2719 | f1_macro: 0.3641 | pixel_accuracy: 0.6507 | val_loss: 1.0863
Epoch 93/1000 | train_loss: 1.2901 | miou: 0.3104 | f1_macro: 0.4093 | pixel_accuracy: 0.6989 | val_loss: 1.0883
Epoch 94/1000 | train_loss: 1.2516 | miou: 0.2869 | f1_macro: 0.3883 | pixel_accuracy: 0.6552 | val_loss: 1.1334
Epoch 95/1000 | train_loss: 1.2692 | miou: 0.2822 | f1_macro: 0.3771 | pixel_accuracy: 0.6588 | val_loss: 1.1232
Epoch 96/1000 | train_loss: 1.1630 | miou: 0.2720 | f1_macro: 0.3678 | pixel_accuracy: 0.6375 | val_loss: 1.1531
Epoch 97/1000 | train_loss: 1.2499 | miou: 0.2846 | f1_macro: 0.3862 | pixel_accuracy: 0.6481 | val_loss: 1.1668
Epoch 98/1000 | train_loss: 1.1348 | miou: 0.2960 | f1_macro: 0.4062 | pixel_accuracy: 0.6586 | val_loss: 1.1031
Epoch 99/1000 | train_loss: 1.2378 | miou: 0.3044 | f1_macro: 0.4198 | pixel_accuracy: 0.6532 | val_loss: 1.1645
Epoch 100/1000 | train_loss: 1.1583 | miou: 0.3158 | f1_macro: 0.4356 | pixel_accuracy: 0.6520 | val_loss: 1.1446
Epoch 101/1000 | train_loss: 1.1655 | miou: 0.3227 | f1_macro: 0.4439 | pixel_accuracy: 0.6644 | val_loss: 1.0915
Epoch 102/1000 | train_loss: 1.1033 | miou: 0.3340 | f1_macro: 0.4541 | pixel_accuracy: 0.6779 | val_loss: 1.0696
Epoch 103/1000 | train_loss: 1.2669 | miou: 0.2870 | f1_macro: 0.4014 | pixel_accuracy: 0.6503 | val_loss: 1.0931
Epoch 104/1000 | train_loss: 1.1721 | miou: 0.2943 | f1_macro: 0.4106 | pixel_accuracy: 0.6412 | val_loss: 1.1453
Epoch 105/1000 | train_loss: 1.1831 | miou: 0.3104 | f1_macro: 0.4292 | pixel_accuracy: 0.6492 | val_loss: 1.1001
Epoch 106/1000 | train_loss: 1.1650 | miou: 0.3024 | f1_macro: 0.4184 | pixel_accuracy: 0.6416 | val_loss: 1.1171
Epoch 107/1000 | train_loss: 1.2405 | miou: 0.3202 | f1_macro: 0.4278 | pixel_accuracy: 0.6921 | val_loss: 1.0824
Epoch 108/1000 | train_loss: 1.2003 | miou: 0.3022 | f1_macro: 0.4077 | pixel_accuracy: 0.6673 | val_loss: 1.0866
Epoch 109/1000 | train_loss: 1.1717 | miou: 0.3029 | f1_macro: 0.4213 | pixel_accuracy: 0.6287 | val_loss: 1.1466
Epoch 110/1000 | train_loss: 1.2309 | miou: 0.3068 | f1_macro: 0.4296 | pixel_accuracy: 0.6285 | val_loss: 1.2069
Epoch 111/1000 | train_loss: 1.1000 | miou: 0.3008 | f1_macro: 0.4125 | pixel_accuracy: 0.6431 | val_loss: 1.1097
Epoch 112/1000 | train_loss: 1.1714 | miou: 0.3187 | f1_macro: 0.4415 | pixel_accuracy: 0.6402 | val_loss: 1.1146
Epoch 113/1000 | train_loss: 1.1689 | miou: 0.3170 | f1_macro: 0.4373 | pixel_accuracy: 0.6424 | val_loss: 1.1146
Epoch 114/1000 | train_loss: 1.1884 | miou: 0.3152 | f1_macro: 0.4386 | pixel_accuracy: 0.6358 | val_loss: 1.1470
Epoch 115/1000 | train_loss: 1.0795 | miou: 0.3273 | f1_macro: 0.4543 | pixel_accuracy: 0.6337 | val_loss: 1.1437
Epoch 116/1000 | train_loss: 1.1630 | miou: 0.3260 | f1_macro: 0.4521 | pixel_accuracy: 0.6415 | val_loss: 1.1196
Epoch 117/1000 | train_loss: 1.1399 | miou: 0.3424 | f1_macro: 0.4694 | pixel_accuracy: 0.6672 | val_loss: 1.0930
Epoch 118/1000 | train_loss: 1.1249 | miou: 0.3534 | f1_macro: 0.4792 | pixel_accuracy: 0.6853 | val_loss: 1.0676
Epoch 119/1000 | train_loss: 1.1585 | miou: 0.3500 | f1_macro: 0.4752 | pixel_accuracy: 0.6852 | val_loss: 1.0509
Epoch 120/1000 | train_loss: 1.2053 | miou: 0.3189 | f1_macro: 0.4440 | pixel_accuracy: 0.6319 | val_loss: 1.1377
Epoch 121/1000 | train_loss: 1.1893 | miou: 0.3077 | f1_macro: 0.4252 | pixel_accuracy: 0.6410 | val_loss: 1.3179
Epoch 122/1000 | train_loss: 1.1876 | miou: 0.2972 | f1_macro: 0.4026 | pixel_accuracy: 0.6578 | val_loss: 1.1787
Epoch 123/1000 | train_loss: 1.0872 | miou: 0.2824 | f1_macro: 0.3859 | pixel_accuracy: 0.6283 | val_loss: 1.1054
Epoch 124/1000 | train_loss: 1.1991 | miou: 0.2920 | f1_macro: 0.3980 | pixel_accuracy: 0.6664 | val_loss: 1.0756
Epoch 125/1000 | train_loss: 1.1741 | miou: 0.2945 | f1_macro: 0.3961 | pixel_accuracy: 0.6462 | val_loss: 1.1177
Epoch 126/1000 | train_loss: 1.0818 | miou: 0.2970 | f1_macro: 0.4054 | pixel_accuracy: 0.6383 | val_loss: 1.0987
Epoch 127/1000 | train_loss: 1.1218 | miou: 0.3108 | f1_macro: 0.4217 | pixel_accuracy: 0.6536 | val_loss: 1.0707
Epoch 128/1000 | train_loss: 1.2226 | miou: 0.3132 | f1_macro: 0.4203 | pixel_accuracy: 0.6603 | val_loss: 1.0771
Epoch 129/1000 | train_loss: 1.1540 | miou: 0.3133 | f1_macro: 0.4349 | pixel_accuracy: 0.6421 | val_loss: 1.1429
Epoch 130/1000 | train_loss: 1.1526 | miou: 0.3120 | f1_macro: 0.4307 | pixel_accuracy: 0.6453 | val_loss: 1.1013
Epoch 131/1000 | train_loss: 1.1344 | miou: 0.3664 | f1_macro: 0.4937 | pixel_accuracy: 0.6963 | val_loss: 1.0519
Epoch 132/1000 | train_loss: 1.1866 | miou: 0.3302 | f1_macro: 0.4431 | pixel_accuracy: 0.6808 | val_loss: 1.0438
Epoch 133/1000 | train_loss: 1.1471 | miou: 0.3309 | f1_macro: 0.4550 | pixel_accuracy: 0.6478 | val_loss: 1.0941
Epoch 134/1000 | train_loss: 1.2313 | miou: 0.3106 | f1_macro: 0.4218 | pixel_accuracy: 0.6491 | val_loss: 1.0963
Epoch 135/1000 | train_loss: 1.0882 | miou: 0.3265 | f1_macro: 0.4413 | pixel_accuracy: 0.6721 | val_loss: 1.0591
Epoch 136/1000 | train_loss: 1.1410 | miou: 0.3381 | f1_macro: 0.4619 | pixel_accuracy: 0.6638 | val_loss: 1.0705
Epoch 137/1000 | train_loss: 1.1236 | miou: 0.3524 | f1_macro: 0.4785 | pixel_accuracy: 0.6785 | val_loss: 1.0531
Epoch 138/1000 | train_loss: 1.0532 | miou: 0.3433 | f1_macro: 0.4673 | pixel_accuracy: 0.6515 | val_loss: 1.0661
Epoch 139/1000 | train_loss: 1.1586 | miou: 0.2975 | f1_macro: 0.4230 | pixel_accuracy: 0.6152 | val_loss: 1.1323
Epoch 140/1000 | train_loss: 1.1226 | miou: 0.3626 | f1_macro: 0.4908 | pixel_accuracy: 0.6928 | val_loss: 1.0211
Epoch 141/1000 | train_loss: 1.0444 | miou: 0.3713 | f1_macro: 0.4875 | pixel_accuracy: 0.7307 | val_loss: 0.9400
Epoch 142/1000 | train_loss: 1.2701 | miou: 0.3552 | f1_macro: 0.4664 | pixel_accuracy: 0.7270 | val_loss: 0.9970
Epoch 143/1000 | train_loss: 1.2153 | miou: 0.2851 | f1_macro: 0.3963 | pixel_accuracy: 0.6331 | val_loss: 1.1193
Epoch 144/1000 | train_loss: 1.1096 | miou: 0.3101 | f1_macro: 0.4352 | pixel_accuracy: 0.6169 | val_loss: 1.1915
Epoch 145/1000 | train_loss: 1.1609 | miou: 0.3212 | f1_macro: 0.4482 | pixel_accuracy: 0.6242 | val_loss: 1.1663
Epoch 146/1000 | train_loss: 1.0483 | miou: 0.3223 | f1_macro: 0.4444 | pixel_accuracy: 0.6282 | val_loss: 1.1000
Epoch 147/1000 | train_loss: 1.1828 | miou: 0.3324 | f1_macro: 0.4587 | pixel_accuracy: 0.6350 | val_loss: 1.1113
Epoch 148/1000 | train_loss: 1.1389 | miou: 0.3519 | f1_macro: 0.4781 | pixel_accuracy: 0.6631 | val_loss: 1.0571
Epoch 149/1000 | train_loss: 1.1116 | miou: 0.3477 | f1_macro: 0.4718 | pixel_accuracy: 0.6452 | val_loss: 1.1152
Epoch 150/1000 | train_loss: 1.1740 | miou: 0.3595 | f1_macro: 0.4861 | pixel_accuracy: 0.6806 | val_loss: 1.0408
Epoch 151/1000 | train_loss: 1.1218 | miou: 0.3725 | f1_macro: 0.4983 | pixel_accuracy: 0.6879 | val_loss: 1.0492
Epoch 152/1000 | train_loss: 1.0610 | miou: 0.3728 | f1_macro: 0.4998 | pixel_accuracy: 0.6814 | val_loss: 1.0397
Epoch 153/1000 | train_loss: 1.1817 | miou: 0.3720 | f1_macro: 0.4995 | pixel_accuracy: 0.6943 | val_loss: 1.0311
Epoch 154/1000 | train_loss: 1.0465 | miou: 0.3124 | f1_macro: 0.4405 | pixel_accuracy: 0.6413 | val_loss: 1.0691
Epoch 155/1000 | train_loss: 1.1131 | miou: 0.3673 | f1_macro: 0.4957 | pixel_accuracy: 0.6914 | val_loss: 1.0033
Epoch 156/1000 | train_loss: 1.1953 | miou: 0.3748 | f1_macro: 0.4922 | pixel_accuracy: 0.7271 | val_loss: 1.0058
Epoch 157/1000 | train_loss: 1.0543 | miou: 0.3628 | f1_macro: 0.4831 | pixel_accuracy: 0.7047 | val_loss: 1.0174
Epoch 158/1000 | train_loss: 1.1163 | miou: 0.3177 | f1_macro: 0.4447 | pixel_accuracy: 0.6480 | val_loss: 1.0837
Epoch 159/1000 | train_loss: 1.0789 | miou: 0.3179 | f1_macro: 0.4474 | pixel_accuracy: 0.6452 | val_loss: 1.0805
Epoch 160/1000 | train_loss: 1.0915 | miou: 0.3358 | f1_macro: 0.4661 | pixel_accuracy: 0.6622 | val_loss: 1.0826
Epoch 161/1000 | train_loss: 1.1057 | miou: 0.3008 | f1_macro: 0.4261 | pixel_accuracy: 0.6022 | val_loss: 1.2132
Epoch 162/1000 | train_loss: 1.1380 | miou: 0.3693 | f1_macro: 0.4969 | pixel_accuracy: 0.6946 | val_loss: 1.0363
Epoch 163/1000 | train_loss: 1.0763 | miou: 0.3901 | f1_macro: 0.5142 | pixel_accuracy: 0.7193 | val_loss: 1.0046
Epoch 164/1000 | train_loss: 1.1716 | miou: 0.3500 | f1_macro: 0.4636 | pixel_accuracy: 0.7020 | val_loss: 1.0083
Epoch 165/1000 | train_loss: 1.1385 | miou: 0.3450 | f1_macro: 0.4637 | pixel_accuracy: 0.6805 | val_loss: 1.0547
Epoch 166/1000 | train_loss: 1.1652 | miou: 0.3418 | f1_macro: 0.4666 | pixel_accuracy: 0.6649 | val_loss: 1.1382
Epoch 167/1000 | train_loss: 1.1487 | miou: 0.3122 | f1_macro: 0.4320 | pixel_accuracy: 0.6374 | val_loss: 1.1961
Epoch 168/1000 | train_loss: 1.1529 | miou: 0.2996 | f1_macro: 0.4158 | pixel_accuracy: 0.6220 | val_loss: 1.2026
Epoch 169/1000 | train_loss: 1.0888 | miou: 0.3258 | f1_macro: 0.4392 | pixel_accuracy: 0.6786 | val_loss: 1.0745
Epoch 170/1000 | train_loss: 1.0971 | miou: 0.3716 | f1_macro: 0.4948 | pixel_accuracy: 0.7103 | val_loss: 1.0033
Epoch 171/1000 | train_loss: 1.0438 | miou: 0.3685 | f1_macro: 0.4989 | pixel_accuracy: 0.6812 | val_loss: 1.0355
Epoch 172/1000 | train_loss: 1.0854 | miou: 0.3792 | f1_macro: 0.5062 | pixel_accuracy: 0.7059 | val_loss: 1.0057
Epoch 173/1000 | train_loss: 1.0247 | miou: 0.3916 | f1_macro: 0.5172 | pixel_accuracy: 0.7252 | val_loss: 0.9701
Epoch 174/1000 | train_loss: 1.1736 | miou: 0.3934 | f1_macro: 0.5208 | pixel_accuracy: 0.7188 | val_loss: 1.0070
Epoch 175/1000 | train_loss: 1.0988 | miou: 0.3774 | f1_macro: 0.5014 | pixel_accuracy: 0.7163 | val_loss: 1.0029
Epoch 176/1000 | train_loss: 1.0521 | miou: 0.3743 | f1_macro: 0.4993 | pixel_accuracy: 0.7043 | val_loss: 1.0032
Epoch 177/1000 | train_loss: 1.0747 | miou: 0.3513 | f1_macro: 0.4782 | pixel_accuracy: 0.6573 | val_loss: 1.0898
Epoch 178/1000 | train_loss: 1.0633 | miou: 0.3554 | f1_macro: 0.4783 | pixel_accuracy: 0.6833 | val_loss: 1.0259
Epoch 179/1000 | train_loss: 1.1270 | miou: 0.3693 | f1_macro: 0.4941 | pixel_accuracy: 0.6905 | val_loss: 1.0604
Epoch 180/1000 | train_loss: 1.0603 | miou: 0.3639 | f1_macro: 0.4866 | pixel_accuracy: 0.6928 | val_loss: 1.0246
Epoch 181/1000 | train_loss: 1.0885 | miou: 0.3537 | f1_macro: 0.4815 | pixel_accuracy: 0.6600 | val_loss: 1.0583
Epoch 182/1000 | train_loss: 1.0870 | miou: 0.3581 | f1_macro: 0.4869 | pixel_accuracy: 0.6680 | val_loss: 1.0757
Epoch 183/1000 | train_loss: 1.0224 | miou: 0.3681 | f1_macro: 0.4939 | pixel_accuracy: 0.6763 | val_loss: 1.0643
Epoch 184/1000 | train_loss: 1.0018 | miou: 0.3582 | f1_macro: 0.4828 | pixel_accuracy: 0.6696 | val_loss: 1.0388
Epoch 185/1000 | train_loss: 1.0857 | miou: 0.3539 | f1_macro: 0.4792 | pixel_accuracy: 0.6632 | val_loss: 1.0791
Epoch 186/1000 | train_loss: 1.0665 | miou: 0.3592 | f1_macro: 0.4868 | pixel_accuracy: 0.6646 | val_loss: 1.0632
Epoch 187/1000 | train_loss: 1.0168 | miou: 0.3874 | f1_macro: 0.5144 | pixel_accuracy: 0.6925 | val_loss: 1.0202
Epoch 188/1000 | train_loss: 1.0026 | miou: 0.3646 | f1_macro: 0.4934 | pixel_accuracy: 0.6822 | val_loss: 0.9932
Epoch 189/1000 | train_loss: 1.0799 | miou: 0.2928 | f1_macro: 0.4160 | pixel_accuracy: 0.6279 | val_loss: 1.0381
Epoch 190/1000 | train_loss: 1.0594 | miou: 0.3401 | f1_macro: 0.4699 | pixel_accuracy: 0.6479 | val_loss: 1.0759
Epoch 191/1000 | train_loss: 1.0091 | miou: 0.3315 | f1_macro: 0.4603 | pixel_accuracy: 0.6384 | val_loss: 1.0526
Epoch 192/1000 | train_loss: 1.1225 | miou: 0.3529 | f1_macro: 0.4819 | pixel_accuracy: 0.6776 | val_loss: 1.0497
Epoch 193/1000 | train_loss: 1.0244 | miou: 0.3693 | f1_macro: 0.4986 | pixel_accuracy: 0.6851 | val_loss: 1.0299
Epoch 194/1000 | train_loss: 1.0658 | miou: 0.3396 | f1_macro: 0.4697 | pixel_accuracy: 0.6492 | val_loss: 1.1205
Epoch 195/1000 | train_loss: 1.0852 | miou: 0.3550 | f1_macro: 0.4852 | pixel_accuracy: 0.6647 | val_loss: 1.0668
Epoch 196/1000 | train_loss: 1.0226 | miou: 0.3815 | f1_macro: 0.5083 | pixel_accuracy: 0.6887 | val_loss: 1.0263
Epoch 197/1000 | train_loss: 1.0145 | miou: 0.3683 | f1_macro: 0.4903 | pixel_accuracy: 0.7024 | val_loss: 0.9733
Epoch 198/1000 | train_loss: 1.0683 | miou: 0.3511 | f1_macro: 0.4798 | pixel_accuracy: 0.6613 | val_loss: 1.0609
Epoch 199/1000 | train_loss: 1.0621 | miou: 0.3334 | f1_macro: 0.4601 | pixel_accuracy: 0.6334 | val_loss: 1.1473
Epoch 200/1000 | train_loss: 0.9867 | miou: 0.3137 | f1_macro: 0.4395 | pixel_accuracy: 0.6149 | val_loss: 1.2192
Epoch 201/1000 | train_loss: 1.0274 | miou: 0.3528 | f1_macro: 0.4792 | pixel_accuracy: 0.6480 | val_loss: 1.1128
Epoch 202/1000 | train_loss: 1.0858 | miou: 0.3570 | f1_macro: 0.4857 | pixel_accuracy: 0.6432 | val_loss: 1.1766
Epoch 203/1000 | train_loss: 1.0373 | miou: 0.3415 | f1_macro: 0.4693 | pixel_accuracy: 0.6221 | val_loss: 1.1897
Epoch 204/1000 | train_loss: 1.0154 | miou: 0.3325 | f1_macro: 0.4608 | pixel_accuracy: 0.6204 | val_loss: 1.2407
Epoch 205/1000 | train_loss: 1.0931 | miou: 0.3386 | f1_macro: 0.4644 | pixel_accuracy: 0.6549 | val_loss: 1.1053
Epoch 206/1000 | train_loss: 1.0915 | miou: 0.3463 | f1_macro: 0.4745 | pixel_accuracy: 0.6548 | val_loss: 1.2173
Epoch 207/1000 | train_loss: 0.9853 | miou: 0.3484 | f1_macro: 0.4768 | pixel_accuracy: 0.6551 | val_loss: 1.0774
Epoch 208/1000 | train_loss: 0.9895 | miou: 0.3610 | f1_macro: 0.4885 | pixel_accuracy: 0.6644 | val_loss: 1.0225
Epoch 209/1000 | train_loss: 1.0335 | miou: 0.3429 | f1_macro: 0.4704 | pixel_accuracy: 0.6533 | val_loss: 1.0931
Epoch 210/1000 | train_loss: 1.1126 | miou: 0.3385 | f1_macro: 0.4680 | pixel_accuracy: 0.6318 | val_loss: 1.2013
Epoch 211/1000 | train_loss: 1.0389 | miou: 0.3499 | f1_macro: 0.4803 | pixel_accuracy: 0.6639 | val_loss: 1.1072
Epoch 212/1000 | train_loss: 1.0307 | miou: 0.3220 | f1_macro: 0.4462 | pixel_accuracy: 0.6478 | val_loss: 1.2919
Epoch 213/1000 | train_loss: 1.0660 | miou: 0.3207 | f1_macro: 0.4456 | pixel_accuracy: 0.6342 | val_loss: 1.1915
Epoch 214/1000 | train_loss: 1.1285 | miou: 0.3394 | f1_macro: 0.4626 | pixel_accuracy: 0.6785 | val_loss: 1.0645
Epoch 215/1000 | train_loss: 1.0271 | miou: 0.3253 | f1_macro: 0.4570 | pixel_accuracy: 0.6296 | val_loss: 1.1996
Epoch 216/1000 | train_loss: 0.9836 | miou: 0.3102 | f1_macro: 0.4314 | pixel_accuracy: 0.6249 | val_loss: 1.1928
Epoch 217/1000 | train_loss: 1.0828 | miou: 0.3440 | f1_macro: 0.4724 | pixel_accuracy: 0.6501 | val_loss: 1.1245
Epoch 218/1000 | train_loss: 1.0254 | miou: 0.3420 | f1_macro: 0.4660 | pixel_accuracy: 0.6576 | val_loss: 1.0485
Epoch 219/1000 | train_loss: 1.0415 | miou: 0.3285 | f1_macro: 0.4602 | pixel_accuracy: 0.6484 | val_loss: 1.1067
Epoch 220/1000 | train_loss: 0.9960 | miou: 0.3638 | f1_macro: 0.4949 | pixel_accuracy: 0.6673 | val_loss: 1.1203
Epoch 221/1000 | train_loss: 0.9707 | miou: 0.3606 | f1_macro: 0.4896 | pixel_accuracy: 0.6720 | val_loss: 1.0481
Epoch 222/1000 | train_loss: 1.0649 | miou: 0.3565 | f1_macro: 0.4870 | pixel_accuracy: 0.6587 | val_loss: 1.1075
Epoch 223/1000 | train_loss: 1.0081 | miou: 0.3527 | f1_macro: 0.4838 | pixel_accuracy: 0.6602 | val_loss: 1.1711
Epoch 224/1000 | train_loss: 1.0006 | miou: 0.3315 | f1_macro: 0.4607 | pixel_accuracy: 0.6446 | val_loss: 1.1694
Epoch 225/1000 | train_loss: 1.0014 | miou: 0.3350 | f1_macro: 0.4568 | pixel_accuracy: 0.6669 | val_loss: 1.0505
Epoch 226/1000 | train_loss: 1.0239 | miou: 0.3489 | f1_macro: 0.4740 | pixel_accuracy: 0.6751 | val_loss: 1.0168
Epoch 227/1000 | train_loss: 1.0537 | miou: 0.3333 | f1_macro: 0.4567 | pixel_accuracy: 0.6614 | val_loss: 1.0575
Epoch 228/1000 | train_loss: 0.9596 | miou: 0.3049 | f1_macro: 0.4190 | pixel_accuracy: 0.6305 | val_loss: 1.1922
Epoch 229/1000 | train_loss: 1.0423 | miou: 0.3527 | f1_macro: 0.4799 | pixel_accuracy: 0.6728 | val_loss: 1.0330
Epoch 230/1000 | train_loss: 0.9823 | miou: 0.3147 | f1_macro: 0.4139 | pixel_accuracy: 0.6899 | val_loss: 1.0094
Epoch 231/1000 | train_loss: 1.0313 | miou: 0.2954 | f1_macro: 0.4185 | pixel_accuracy: 0.6129 | val_loss: 1.1814
Epoch 232/1000 | train_loss: 1.1374 | miou: 0.3457 | f1_macro: 0.4684 | pixel_accuracy: 0.6678 | val_loss: 1.1016
Epoch 233/1000 | train_loss: 1.0088 | miou: 0.3293 | f1_macro: 0.4576 | pixel_accuracy: 0.6174 | val_loss: 1.1751
Epoch 234/1000 | train_loss: 0.9776 | miou: 0.3245 | f1_macro: 0.4536 | pixel_accuracy: 0.6373 | val_loss: 1.1048
Epoch 235/1000 | train_loss: 1.0275 | miou: 0.3645 | f1_macro: 0.4893 | pixel_accuracy: 0.6865 | val_loss: 1.0026
Epoch 236/1000 | train_loss: 1.0032 | miou: 0.3396 | f1_macro: 0.4528 | pixel_accuracy: 0.6941 | val_loss: 1.0026
Epoch 237/1000 | train_loss: 1.0087 | miou: 0.3281 | f1_macro: 0.4526 | pixel_accuracy: 0.6348 | val_loss: 1.1263
Epoch 238/1000 | train_loss: 1.0021 | miou: 0.3170 | f1_macro: 0.4378 | pixel_accuracy: 0.6430 | val_loss: 1.1541
Epoch 239/1000 | train_loss: 0.9531 | miou: 0.3317 | f1_macro: 0.4611 | pixel_accuracy: 0.6348 | val_loss: 1.1612
Epoch 240/1000 | train_loss: 0.9894 | miou: 0.3173 | f1_macro: 0.4385 | pixel_accuracy: 0.6390 | val_loss: 1.0974
Epoch 241/1000 | train_loss: 0.9349 | miou: 0.3241 | f1_macro: 0.4568 | pixel_accuracy: 0.6201 | val_loss: 1.0777
Epoch 242/1000 | train_loss: 0.9665 | miou: 0.3217 | f1_macro: 0.4450 | pixel_accuracy: 0.6421 | val_loss: 1.0440
Epoch 243/1000 | train_loss: 0.9529 | miou: 0.3250 | f1_macro: 0.4457 | pixel_accuracy: 0.6510 | val_loss: 1.0369
Epoch 244/1000 | train_loss: 0.9518 | miou: 0.3510 | f1_macro: 0.4819 | pixel_accuracy: 0.6510 | val_loss: 1.0450
Epoch 245/1000 | train_loss: 0.9161 | miou: 0.3376 | f1_macro: 0.4643 | pixel_accuracy: 0.6531 | val_loss: 1.0804
Epoch 246/1000 | train_loss: 0.9194 | miou: 0.3417 | f1_macro: 0.4758 | pixel_accuracy: 0.6413 | val_loss: 1.0424
Epoch 247/1000 | train_loss: 1.0402 | miou: 0.3063 | f1_macro: 0.4194 | pixel_accuracy: 0.6441 | val_loss: 1.0299
Epoch 248/1000 | train_loss: 1.0174 | miou: 0.3416 | f1_macro: 0.4705 | pixel_accuracy: 0.6726 | val_loss: 1.0169
Epoch 249/1000 | train_loss: 1.0296 | miou: 0.2668 | f1_macro: 0.3698 | pixel_accuracy: 0.6063 | val_loss: 1.2176
Epoch 250/1000 | train_loss: 1.0737 | miou: 0.2734 | f1_macro: 0.3887 | pixel_accuracy: 0.5687 | val_loss: 1.2571
Epoch 251/1000 | train_loss: 1.0156 | miou: 0.3331 | f1_macro: 0.4579 | pixel_accuracy: 0.6498 | val_loss: 1.0478
Epoch 252/1000 | train_loss: 1.0056 | miou: 0.3209 | f1_macro: 0.4488 | pixel_accuracy: 0.6394 | val_loss: 1.1494
Epoch 253/1000 | train_loss: 1.0104 | miou: 0.2956 | f1_macro: 0.4072 | pixel_accuracy: 0.6375 | val_loss: 1.2060
Epoch 254/1000 | train_loss: 1.0183 | miou: 0.3042 | f1_macro: 0.4336 | pixel_accuracy: 0.6201 | val_loss: 1.3108
Epoch 255/1000 | train_loss: 0.9892 | miou: 0.2812 | f1_macro: 0.4030 | pixel_accuracy: 0.6102 | val_loss: 1.1916
Epoch 256/1000 | train_loss: 1.0276 | miou: 0.3132 | f1_macro: 0.4396 | pixel_accuracy: 0.6270 | val_loss: 1.1027
Epoch 257/1000 | train_loss: 1.0323 | miou: 0.3222 | f1_macro: 0.4496 | pixel_accuracy: 0.6350 | val_loss: 1.0496
Epoch 258/1000 | train_loss: 0.9883 | miou: 0.3485 | f1_macro: 0.4747 | pixel_accuracy: 0.6852 | val_loss: 0.9729
Epoch 259/1000 | train_loss: 0.9474 | miou: 0.3134 | f1_macro: 0.4416 | pixel_accuracy: 0.6417 | val_loss: 1.0713
Epoch 260/1000 | train_loss: 1.0339 | miou: 0.3212 | f1_macro: 0.4491 | pixel_accuracy: 0.6330 | val_loss: 1.0792
Epoch 261/1000 | train_loss: 0.9270 | miou: 0.3200 | f1_macro: 0.4469 | pixel_accuracy: 0.6350 | val_loss: 1.2365
Epoch 262/1000 | train_loss: 0.9369 | miou: 0.3097 | f1_macro: 0.4395 | pixel_accuracy: 0.6013 | val_loss: 1.1420
Epoch 263/1000 | train_loss: 0.9959 | miou: 0.3036 | f1_macro: 0.4197 | pixel_accuracy: 0.6297 | val_loss: 1.0476
Epoch 264/1000 | train_loss: 0.9752 | miou: 0.3382 | f1_macro: 0.4633 | pixel_accuracy: 0.6638 | val_loss: 0.9343
Epoch 265/1000 | train_loss: 0.9825 | miou: 0.3409 | f1_macro: 0.4637 | pixel_accuracy: 0.6789 | val_loss: 0.9770
Epoch 266/1000 | train_loss: 0.9566 | miou: 0.3487 | f1_macro: 0.4769 | pixel_accuracy: 0.6815 | val_loss: 0.9857
Epoch 267/1000 | train_loss: 0.9660 | miou: 0.3094 | f1_macro: 0.4203 | pixel_accuracy: 0.6604 | val_loss: 0.9661
Epoch 268/1000 | train_loss: 0.9613 | miou: 0.3436 | f1_macro: 0.4720 | pixel_accuracy: 0.6553 | val_loss: 1.0113
Epoch 269/1000 | train_loss: 0.9699 | miou: 0.3172 | f1_macro: 0.4379 | pixel_accuracy: 0.6484 | val_loss: 1.3440
Epoch 270/1000 | train_loss: 0.9389 | miou: 0.3347 | f1_macro: 0.4601 | pixel_accuracy: 0.6556 | val_loss: 1.0444
Epoch 271/1000 | train_loss: 0.9145 | miou: 0.3270 | f1_macro: 0.4500 | pixel_accuracy: 0.6462 | val_loss: 1.0849
Epoch 272/1000 | train_loss: 0.9433 | miou: 0.3234 | f1_macro: 0.4505 | pixel_accuracy: 0.6385 | val_loss: 1.2171
Epoch 273/1000 | train_loss: 0.9362 | miou: 0.3259 | f1_macro: 0.4545 | pixel_accuracy: 0.6392 | val_loss: 1.0921
Epoch 274/1000 | train_loss: 0.9611 | miou: 0.3269 | f1_macro: 0.4554 | pixel_accuracy: 0.6363 | val_loss: 1.0788
Epoch 275/1000 | train_loss: 0.9430 | miou: 0.3449 | f1_macro: 0.4671 | pixel_accuracy: 0.6825 | val_loss: 0.9800
Epoch 276/1000 | train_loss: 0.9537 | miou: 0.3368 | f1_macro: 0.4558 | pixel_accuracy: 0.6800 | val_loss: 0.9649
Epoch 277/1000 | train_loss: 0.9564 | miou: 0.3366 | f1_macro: 0.4540 | pixel_accuracy: 0.6824 | val_loss: 0.9812
Epoch 278/1000 | train_loss: 0.9639 | miou: 0.2867 | f1_macro: 0.3906 | pixel_accuracy: 0.6343 | val_loss: 1.1083
Epoch 279/1000 | train_loss: 0.9698 | miou: 0.3192 | f1_macro: 0.4493 | pixel_accuracy: 0.6257 | val_loss: 1.0893
Epoch 280/1000 | train_loss: 0.9690 | miou: 0.3232 | f1_macro: 0.4381 | pixel_accuracy: 0.6575 | val_loss: 0.9707
Epoch 281/1000 | train_loss: 0.9404 | miou: 0.3384 | f1_macro: 0.4573 | pixel_accuracy: 0.6605 | val_loss: 0.9729
Epoch 282/1000 | train_loss: 1.0052 | miou: 0.3554 | f1_macro: 0.4860 | pixel_accuracy: 0.6611 | val_loss: 1.0011
Epoch 283/1000 | train_loss: 0.9329 | miou: 0.3421 | f1_macro: 0.4642 | pixel_accuracy: 0.6694 | val_loss: 1.0070
Epoch 284/1000 | train_loss: 0.9269 | miou: 0.3254 | f1_macro: 0.4438 | pixel_accuracy: 0.6558 | val_loss: 1.0777
Epoch 285/1000 | train_loss: 0.9388 | miou: 0.3374 | f1_macro: 0.4654 | pixel_accuracy: 0.6524 | val_loss: 1.0768
Epoch 286/1000 | train_loss: 0.9637 | miou: 0.3068 | f1_macro: 0.4059 | pixel_accuracy: 0.6795 | val_loss: 1.0124
Epoch 287/1000 | train_loss: 0.9337 | miou: 0.3456 | f1_macro: 0.4691 | pixel_accuracy: 0.6793 | val_loss: 0.9743
Epoch 288/1000 | train_loss: 0.9208 | miou: 0.3248 | f1_macro: 0.4553 | pixel_accuracy: 0.6303 | val_loss: 1.2623
Epoch 289/1000 | train_loss: 0.9119 | miou: 0.3376 | f1_macro: 0.4709 | pixel_accuracy: 0.6242 | val_loss: 1.2488
Epoch 290/1000 | train_loss: 0.9518 | miou: 0.3062 | f1_macro: 0.4213 | pixel_accuracy: 0.6416 | val_loss: 1.0953
Epoch 291/1000 | train_loss: 0.9025 | miou: 0.3498 | f1_macro: 0.4759 | pixel_accuracy: 0.6786 | val_loss: 0.9625
Epoch 292/1000 | train_loss: 0.8968 | miou: 0.3628 | f1_macro: 0.4881 | pixel_accuracy: 0.6967 | val_loss: 0.9772
Epoch 293/1000 | train_loss: 0.9037 | miou: 0.3647 | f1_macro: 0.4957 | pixel_accuracy: 0.6813 | val_loss: 1.0327
Epoch 294/1000 | train_loss: 0.9452 | miou: 0.3356 | f1_macro: 0.4523 | pixel_accuracy: 0.6824 | val_loss: 1.0614
Epoch 295/1000 | train_loss: 0.9108 | miou: 0.3418 | f1_macro: 0.4682 | pixel_accuracy: 0.6638 | val_loss: 1.1717
Epoch 296/1000 | train_loss: 0.9083 | miou: 0.3509 | f1_macro: 0.4765 | pixel_accuracy: 0.6759 | val_loss: 1.0471
Epoch 297/1000 | train_loss: 0.9244 | miou: 0.3498 | f1_macro: 0.4708 | pixel_accuracy: 0.6898 | val_loss: 0.9981
Epoch 298/1000 | train_loss: 0.9116 | miou: 0.3600 | f1_macro: 0.4826 | pixel_accuracy: 0.7022 | val_loss: 1.0189
Epoch 299/1000 | train_loss: 0.9012 | miou: 0.3459 | f1_macro: 0.4712 | pixel_accuracy: 0.6697 | val_loss: 1.0931
Epoch 300/1000 | train_loss: 0.9052 | miou: 0.3344 | f1_macro: 0.4545 | pixel_accuracy: 0.6600 | val_loss: 1.0648
Epoch 301/1000 | train_loss: 0.8619 | miou: 0.3417 | f1_macro: 0.4630 | pixel_accuracy: 0.6800 | val_loss: 1.1149
Epoch 302/1000 | train_loss: 0.8677 | miou: 0.3611 | f1_macro: 0.4940 | pixel_accuracy: 0.6592 | val_loss: 1.2789
Epoch 303/1000 | train_loss: 0.8751 | miou: 0.3230 | f1_macro: 0.4388 | pixel_accuracy: 0.6605 | val_loss: 1.0569
Epoch 304/1000 | train_loss: 0.8730 | miou: 0.3397 | f1_macro: 0.4680 | pixel_accuracy: 0.6432 | val_loss: 1.2609
Epoch 305/1000 | train_loss: 0.9032 | miou: 0.3227 | f1_macro: 0.4508 | pixel_accuracy: 0.6216 | val_loss: 1.9943
Epoch 306/1000 | train_loss: 0.9121 | miou: 0.3317 | f1_macro: 0.4547 | pixel_accuracy: 0.6562 | val_loss: 1.0548
Epoch 307/1000 | train_loss: 1.0214 | miou: 0.3611 | f1_macro: 0.4954 | pixel_accuracy: 0.6609 | val_loss: 0.9338
Epoch 308/1000 | train_loss: 1.1021 | miou: 0.3364 | f1_macro: 0.4576 | pixel_accuracy: 0.6859 | val_loss: 1.0135
Epoch 309/1000 | train_loss: 0.9930 | miou: 0.2824 | f1_macro: 0.3991 | pixel_accuracy: 0.5986 | val_loss: 1.2014
Epoch 310/1000 | train_loss: 1.0390 | miou: 0.2733 | f1_macro: 0.3935 | pixel_accuracy: 0.5831 | val_loss: 1.3291
Epoch 311/1000 | train_loss: 0.9594 | miou: 0.2896 | f1_macro: 0.4029 | pixel_accuracy: 0.6482 | val_loss: 1.0260
Epoch 312/1000 | train_loss: 0.9724 | miou: 0.3635 | f1_macro: 0.4968 | pixel_accuracy: 0.6770 | val_loss: 0.9170
Epoch 313/1000 | train_loss: 0.9613 | miou: 0.3667 | f1_macro: 0.4997 | pixel_accuracy: 0.6796 | val_loss: 0.9029
Epoch 314/1000 | train_loss: 0.9501 | miou: 0.3511 | f1_macro: 0.4815 | pixel_accuracy: 0.6629 | val_loss: 1.1022
Epoch 315/1000 | train_loss: 0.9653 | miou: 0.3706 | f1_macro: 0.5031 | pixel_accuracy: 0.6775 | val_loss: 0.9311
Epoch 316/1000 | train_loss: 0.9129 | miou: 0.3683 | f1_macro: 0.5005 | pixel_accuracy: 0.6809 | val_loss: 0.9647
Epoch 317/1000 | train_loss: 0.8807 | miou: 0.3679 | f1_macro: 0.4964 | pixel_accuracy: 0.6919 | val_loss: 0.9778
Epoch 318/1000 | train_loss: 0.9099 | miou: 0.3607 | f1_macro: 0.4940 | pixel_accuracy: 0.6642 | val_loss: 1.1954
Epoch 319/1000 | train_loss: 0.9031 | miou: 0.3425 | f1_macro: 0.4688 | pixel_accuracy: 0.6456 | val_loss: 1.1987
Epoch 320/1000 | train_loss: 0.9415 | miou: 0.3411 | f1_macro: 0.4692 | pixel_accuracy: 0.6392 | val_loss: 1.1135
Epoch 321/1000 | train_loss: 0.9301 | miou: 0.3257 | f1_macro: 0.4518 | pixel_accuracy: 0.6372 | val_loss: 1.2997
Epoch 322/1000 | train_loss: 0.9092 | miou: 0.3731 | f1_macro: 0.5010 | pixel_accuracy: 0.7026 | val_loss: 0.9416
Epoch 323/1000 | train_loss: 0.9578 | miou: 0.3527 | f1_macro: 0.4802 | pixel_accuracy: 0.6698 | val_loss: 0.9595
Epoch 324/1000 | train_loss: 0.9451 | miou: 0.3386 | f1_macro: 0.4677 | pixel_accuracy: 0.6618 | val_loss: 1.0139
Epoch 325/1000 | train_loss: 0.9494 | miou: 0.3393 | f1_macro: 0.4638 | pixel_accuracy: 0.6769 | val_loss: 1.0548
Epoch 326/1000 | train_loss: 1.0030 | miou: 0.3728 | f1_macro: 0.5057 | pixel_accuracy: 0.6897 | val_loss: 0.9790
Epoch 327/1000 | train_loss: 0.9665 | miou: 0.3500 | f1_macro: 0.4694 | pixel_accuracy: 0.6992 | val_loss: 0.9524
Epoch 328/1000 | train_loss: 0.9040 | miou: 0.3538 | f1_macro: 0.4851 | pixel_accuracy: 0.6850 | val_loss: 1.0238
Epoch 329/1000 | train_loss: 0.9015 | miou: 0.3534 | f1_macro: 0.4828 | pixel_accuracy: 0.6820 | val_loss: 1.0120
Epoch 330/1000 | train_loss: 0.8917 | miou: 0.3561 | f1_macro: 0.4798 | pixel_accuracy: 0.6864 | val_loss: 0.9816
Epoch 331/1000 | train_loss: 0.8950 | miou: 0.3631 | f1_macro: 0.4856 | pixel_accuracy: 0.6976 | val_loss: 0.9330
Epoch 332/1000 | train_loss: 0.9079 | miou: 0.3739 | f1_macro: 0.4989 | pixel_accuracy: 0.7041 | val_loss: 0.9435
Epoch 333/1000 | train_loss: 0.8775 | miou: 0.3565 | f1_macro: 0.4809 | pixel_accuracy: 0.6947 | val_loss: 1.0467
Epoch 334/1000 | train_loss: 0.9280 | miou: 0.3586 | f1_macro: 0.4819 | pixel_accuracy: 0.6835 | val_loss: 0.9935
Epoch 335/1000 | train_loss: 0.8662 | miou: 0.3639 | f1_macro: 0.4936 | pixel_accuracy: 0.6785 | val_loss: 0.9816
Epoch 336/1000 | train_loss: 0.8907 | miou: 0.3473 | f1_macro: 0.4774 | pixel_accuracy: 0.6566 | val_loss: 1.0004
Epoch 337/1000 | train_loss: 0.8785 | miou: 0.3412 | f1_macro: 0.4700 | pixel_accuracy: 0.6588 | val_loss: 1.0557
Epoch 338/1000 | train_loss: 0.8660 | miou: 0.3400 | f1_macro: 0.4543 | pixel_accuracy: 0.6833 | val_loss: 1.0297
Epoch 339/1000 | train_loss: 0.9104 | miou: 0.3591 | f1_macro: 0.4846 | pixel_accuracy: 0.6816 | val_loss: 1.0410
Epoch 340/1000 | train_loss: 0.9064 | miou: 0.3334 | f1_macro: 0.4629 | pixel_accuracy: 0.6362 | val_loss: 1.1130
Epoch 341/1000 | train_loss: 0.9179 | miou: 0.3135 | f1_macro: 0.4386 | pixel_accuracy: 0.6236 | val_loss: 1.0692
Epoch 342/1000 | train_loss: 0.8788 | miou: 0.3573 | f1_macro: 0.4878 | pixel_accuracy: 0.6653 | val_loss: 0.9983
Epoch 343/1000 | train_loss: 0.9286 | miou: 0.3275 | f1_macro: 0.4510 | pixel_accuracy: 0.6266 | val_loss: 0.9636
Epoch 344/1000 | train_loss: 0.8759 | miou: 0.3350 | f1_macro: 0.4627 | pixel_accuracy: 0.6364 | val_loss: 1.0397
Epoch 345/1000 | train_loss: 0.8726 | miou: 0.3382 | f1_macro: 0.4687 | pixel_accuracy: 0.6378 | val_loss: 1.1122
Epoch 346/1000 | train_loss: 0.8611 | miou: 0.3328 | f1_macro: 0.4624 | pixel_accuracy: 0.6283 | val_loss: 1.0782
Epoch 347/1000 | train_loss: 0.9018 | miou: 0.3250 | f1_macro: 0.4464 | pixel_accuracy: 0.6429 | val_loss: 1.0641
Epoch 348/1000 | train_loss: 0.8839 | miou: 0.3414 | f1_macro: 0.4757 | pixel_accuracy: 0.6376 | val_loss: 1.3336
Epoch 349/1000 | train_loss: 0.9065 | miou: 0.3347 | f1_macro: 0.4570 | pixel_accuracy: 0.6617 | val_loss: 1.0588
Epoch 350/1000 | train_loss: 0.8907 | miou: 0.3494 | f1_macro: 0.4798 | pixel_accuracy: 0.6600 | val_loss: 1.0109
Epoch 351/1000 | train_loss: 0.9059 | miou: 0.3579 | f1_macro: 0.4847 | pixel_accuracy: 0.6680 | val_loss: 0.9762
Epoch 352/1000 | train_loss: 0.8679 | miou: 0.3578 | f1_macro: 0.4837 | pixel_accuracy: 0.6809 | val_loss: 0.9639
Epoch 353/1000 | train_loss: 0.8590 | miou: 0.3496 | f1_macro: 0.4786 | pixel_accuracy: 0.6609 | val_loss: 1.0355
Epoch 354/1000 | train_loss: 0.8537 | miou: 0.3397 | f1_macro: 0.4621 | pixel_accuracy: 0.6588 | val_loss: 1.0896
Epoch 355/1000 | train_loss: 0.8697 | miou: 0.3417 | f1_macro: 0.4701 | pixel_accuracy: 0.6569 | val_loss: 1.0807
Epoch 356/1000 | train_loss: 0.8781 | miou: 0.3440 | f1_macro: 0.4707 | pixel_accuracy: 0.6685 | val_loss: 1.1028
Epoch 357/1000 | train_loss: 0.8877 | miou: 0.3499 | f1_macro: 0.4767 | pixel_accuracy: 0.6713 | val_loss: 1.0000
Epoch 358/1000 | train_loss: 0.8791 | miou: 0.3436 | f1_macro: 0.4661 | pixel_accuracy: 0.6664 | val_loss: 1.0100
Epoch 359/1000 | train_loss: 0.8783 | miou: 0.3477 | f1_macro: 0.4757 | pixel_accuracy: 0.6607 | val_loss: 1.1000
Epoch 360/1000 | train_loss: 0.8517 | miou: 0.3572 | f1_macro: 0.4909 | pixel_accuracy: 0.6621 | val_loss: 1.1418
Epoch 361/1000 | train_loss: 0.8517 | miou: 0.3579 | f1_macro: 0.4853 | pixel_accuracy: 0.6773 | val_loss: 1.0380
Epoch 362/1000 | train_loss: 0.8897 | miou: 0.3599 | f1_macro: 0.4921 | pixel_accuracy: 0.6647 | val_loss: 1.0471
Epoch 363/1000 | train_loss: 0.8635 | miou: 0.3358 | f1_macro: 0.4585 | pixel_accuracy: 0.6560 | val_loss: 1.1638
Epoch 364/1000 | train_loss: 0.8792 | miou: 0.3238 | f1_macro: 0.4566 | pixel_accuracy: 0.6384 | val_loss: 1.1761
Epoch 365/1000 | train_loss: 0.9410 | miou: 0.3517 | f1_macro: 0.4723 | pixel_accuracy: 0.6963 | val_loss: 1.0912
Epoch 366/1000 | train_loss: 0.9243 | miou: 0.3252 | f1_macro: 0.4463 | pixel_accuracy: 0.6453 | val_loss: 1.1605
Epoch 367/1000 | train_loss: 0.9303 | miou: 0.3693 | f1_macro: 0.4968 | pixel_accuracy: 0.6856 | val_loss: 1.0331
Epoch 368/1000 | train_loss: 0.8857 | miou: 0.3691 | f1_macro: 0.4961 | pixel_accuracy: 0.6814 | val_loss: 1.0495
Epoch 369/1000 | train_loss: 0.8825 | miou: 0.3386 | f1_macro: 0.4616 | pixel_accuracy: 0.6633 | val_loss: 1.2384
Epoch 370/1000 | train_loss: 0.8684 | miou: 0.3527 | f1_macro: 0.4823 | pixel_accuracy: 0.6727 | val_loss: 1.2115
Epoch 371/1000 | train_loss: 0.8440 | miou: 0.3689 | f1_macro: 0.4962 | pixel_accuracy: 0.6833 | val_loss: 1.1998
Epoch 372/1000 | train_loss: 0.8397 | miou: 0.3600 | f1_macro: 0.4859 | pixel_accuracy: 0.6747 | val_loss: 0.9699
Epoch 373/1000 | train_loss: 0.8295 | miou: 0.3501 | f1_macro: 0.4784 | pixel_accuracy: 0.6580 | val_loss: 1.1282
Epoch 374/1000 | train_loss: 0.8615 | miou: 0.3532 | f1_macro: 0.4817 | pixel_accuracy: 0.6590 | val_loss: 1.1458
Epoch 375/1000 | train_loss: 0.8846 | miou: 0.3574 | f1_macro: 0.4882 | pixel_accuracy: 0.6650 | val_loss: 1.1009
Epoch 376/1000 | train_loss: 0.9012 | miou: 0.3845 | f1_macro: 0.5187 | pixel_accuracy: 0.6911 | val_loss: 1.0267
Epoch 377/1000 | train_loss: 0.8805 | miou: 0.3609 | f1_macro: 0.4847 | pixel_accuracy: 0.6914 | val_loss: 1.0318
Epoch 378/1000 | train_loss: 0.9143 | miou: 0.3260 | f1_macro: 0.4600 | pixel_accuracy: 0.6143 | val_loss: 1.1819
Epoch 379/1000 | train_loss: 0.8926 | miou: 0.3203 | f1_macro: 0.4432 | pixel_accuracy: 0.6420 | val_loss: 1.1279
Epoch 380/1000 | train_loss: 0.8680 | miou: 0.3622 | f1_macro: 0.4934 | pixel_accuracy: 0.6708 | val_loss: 0.9777
Epoch 381/1000 | train_loss: 0.8458 | miou: 0.3509 | f1_macro: 0.4760 | pixel_accuracy: 0.6730 | val_loss: 0.9875
Epoch 382/1000 | train_loss: 0.8617 | miou: 0.3582 | f1_macro: 0.4899 | pixel_accuracy: 0.6634 | val_loss: 1.0554
Epoch 383/1000 | train_loss: 0.8734 | miou: 0.3505 | f1_macro: 0.4780 | pixel_accuracy: 0.6608 | val_loss: 1.0824
Epoch 384/1000 | train_loss: 0.8383 | miou: 0.3420 | f1_macro: 0.4736 | pixel_accuracy: 0.6452 | val_loss: 1.1602
Epoch 385/1000 | train_loss: 0.8153 | miou: 0.3562 | f1_macro: 0.4866 | pixel_accuracy: 0.6564 | val_loss: 1.1502
Epoch 386/1000 | train_loss: 0.8205 | miou: 0.3637 | f1_macro: 0.4986 | pixel_accuracy: 0.6589 | val_loss: 1.1795
Epoch 387/1000 | train_loss: 0.8789 | miou: 0.3376 | f1_macro: 0.4635 | pixel_accuracy: 0.6498 | val_loss: 1.2192
Epoch 388/1000 | train_loss: 0.8520 | miou: 0.3321 | f1_macro: 0.4576 | pixel_accuracy: 0.6408 | val_loss: 1.2607
Epoch 389/1000 | train_loss: 0.8632 | miou: 0.3476 | f1_macro: 0.4780 | pixel_accuracy: 0.6584 | val_loss: 1.3269
Epoch 390/1000 | train_loss: 0.9248 | miou: 0.3471 | f1_macro: 0.4752 | pixel_accuracy: 0.6674 | val_loss: 1.0841
Epoch 391/1000 | train_loss: 0.8715 | miou: 0.3504 | f1_macro: 0.4699 | pixel_accuracy: 0.6941 | val_loss: 1.0010
Epoch 392/1000 | train_loss: 0.8666 | miou: 0.3609 | f1_macro: 0.4857 | pixel_accuracy: 0.6857 | val_loss: 1.0038
Epoch 393/1000 | train_loss: 0.8673 | miou: 0.3417 | f1_macro: 0.4626 | pixel_accuracy: 0.6736 | val_loss: 1.0624
Epoch 394/1000 | train_loss: 0.8788 | miou: 0.3600 | f1_macro: 0.4859 | pixel_accuracy: 0.6843 | val_loss: 1.0457
Epoch 395/1000 | train_loss: 0.8324 | miou: 0.3667 | f1_macro: 0.4948 | pixel_accuracy: 0.6892 | val_loss: 1.1191
Epoch 396/1000 | train_loss: 0.8539 | miou: 0.3606 | f1_macro: 0.4886 | pixel_accuracy: 0.6771 | val_loss: 1.1995
Epoch 397/1000 | train_loss: 0.8368 | miou: 0.3486 | f1_macro: 0.4759 | pixel_accuracy: 0.6633 | val_loss: 1.2387
Epoch 398/1000 | train_loss: 0.8195 | miou: 0.3677 | f1_macro: 0.5017 | pixel_accuracy: 0.6678 | val_loss: 1.5164
Epoch 399/1000 | train_loss: 0.8562 | miou: 0.3591 | f1_macro: 0.4900 | pixel_accuracy: 0.6630 | val_loss: 1.3544
Epoch 400/1000 | train_loss: 0.8356 | miou: 0.3713 | f1_macro: 0.5007 | pixel_accuracy: 0.6895 | val_loss: 1.3700
Epoch 401/1000 | train_loss: 0.8491 | miou: 0.3278 | f1_macro: 0.4591 | pixel_accuracy: 0.6416 | val_loss: 1.2969
Epoch 402/1000 | train_loss: 0.8693 | miou: 0.3555 | f1_macro: 0.4827 | pixel_accuracy: 0.6885 | val_loss: 1.1173
Epoch 403/1000 | train_loss: 0.8503 | miou: 0.3746 | f1_macro: 0.5044 | pixel_accuracy: 0.6905 | val_loss: 1.0354
Epoch 404/1000 | train_loss: 0.8495 | miou: 0.3418 | f1_macro: 0.4654 | pixel_accuracy: 0.6588 | val_loss: 1.1879
Epoch 405/1000 | train_loss: 0.8288 | miou: 0.3383 | f1_macro: 0.4712 | pixel_accuracy: 0.6391 | val_loss: 1.5650
Epoch 406/1000 | train_loss: 0.8392 | miou: 0.3346 | f1_macro: 0.4667 | pixel_accuracy: 0.6483 | val_loss: 1.4877
Epoch 407/1000 | train_loss: 0.8402 | miou: 0.3645 | f1_macro: 0.4993 | pixel_accuracy: 0.6702 | val_loss: 1.2677
Epoch 408/1000 | train_loss: 0.8400 | miou: 0.3608 | f1_macro: 0.4904 | pixel_accuracy: 0.6758 | val_loss: 1.1445
Epoch 409/1000 | train_loss: 0.8322 | miou: 0.3508 | f1_macro: 0.4804 | pixel_accuracy: 0.6575 | val_loss: 1.3997
Epoch 410/1000 | train_loss: 0.8507 | miou: 0.3541 | f1_macro: 0.4839 | pixel_accuracy: 0.6595 | val_loss: 1.4931
Epoch 411/1000 | train_loss: 0.8286 | miou: 0.3651 | f1_macro: 0.4960 | pixel_accuracy: 0.6748 | val_loss: 1.3095
Epoch 412/1000 | train_loss: 0.8394 | miou: 0.3659 | f1_macro: 0.4937 | pixel_accuracy: 0.6796 | val_loss: 1.1926
Epoch 413/1000 | train_loss: 0.8156 | miou: 0.3740 | f1_macro: 0.5064 | pixel_accuracy: 0.6799 | val_loss: 1.3673
Epoch 414/1000 | train_loss: 0.8201 | miou: 0.3665 | f1_macro: 0.4965 | pixel_accuracy: 0.6797 | val_loss: 1.2569
Epoch 415/1000 | train_loss: 0.8231 | miou: 0.3881 | f1_macro: 0.5105 | pixel_accuracy: 0.7285 | val_loss: 1.1021
Epoch 416/1000 | train_loss: 0.8260 | miou: 0.3752 | f1_macro: 0.5071 | pixel_accuracy: 0.6899 | val_loss: 1.1229
Epoch 417/1000 | train_loss: 0.8162 | miou: 0.3694 | f1_macro: 0.5053 | pixel_accuracy: 0.6742 | val_loss: 1.3157
Epoch 418/1000 | train_loss: 0.8067 | miou: 0.3707 | f1_macro: 0.5047 | pixel_accuracy: 0.6685 | val_loss: 1.5940
Epoch 419/1000 | train_loss: 0.8480 | miou: 0.3687 | f1_macro: 0.4930 | pixel_accuracy: 0.6842 | val_loss: 1.3424
Epoch 420/1000 | train_loss: 0.8469 | miou: 0.3584 | f1_macro: 0.4951 | pixel_accuracy: 0.6569 | val_loss: 1.5154
Epoch 421/1000 | train_loss: 0.8376 | miou: 0.3800 | f1_macro: 0.5091 | pixel_accuracy: 0.6968 | val_loss: 1.2135
Epoch 422/1000 | train_loss: 0.8269 | miou: 0.3825 | f1_macro: 0.5138 | pixel_accuracy: 0.6923 | val_loss: 1.2624
Epoch 423/1000 | train_loss: 0.8012 | miou: 0.3614 | f1_macro: 0.4884 | pixel_accuracy: 0.6840 | val_loss: 1.6692
Epoch 424/1000 | train_loss: 0.8479 | miou: 0.3802 | f1_macro: 0.5133 | pixel_accuracy: 0.6972 | val_loss: 1.6839
Epoch 425/1000 | train_loss: 0.8336 | miou: 0.3596 | f1_macro: 0.4828 | pixel_accuracy: 0.6852 | val_loss: 1.2546
Epoch 426/1000 | train_loss: 0.8284 | miou: 0.3739 | f1_macro: 0.5034 | pixel_accuracy: 0.6926 | val_loss: 1.0481
Epoch 427/1000 | train_loss: 0.8300 | miou: 0.3686 | f1_macro: 0.4944 | pixel_accuracy: 0.6887 | val_loss: 1.2156
Epoch 428/1000 | train_loss: 0.8201 | miou: 0.3432 | f1_macro: 0.4776 | pixel_accuracy: 0.6407 | val_loss: 1.3373
Epoch 429/1000 | train_loss: 0.8008 | miou: 0.3535 | f1_macro: 0.4818 | pixel_accuracy: 0.6656 | val_loss: 1.4333
Epoch 430/1000 | train_loss: 0.7790 | miou: 0.3698 | f1_macro: 0.5037 | pixel_accuracy: 0.6740 | val_loss: 1.4725
Epoch 431/1000 | train_loss: 0.8181 | miou: 0.3516 | f1_macro: 0.4803 | pixel_accuracy: 0.6665 | val_loss: 1.4279
Epoch 432/1000 | train_loss: 0.7834 | miou: 0.3520 | f1_macro: 0.4841 | pixel_accuracy: 0.6618 | val_loss: 1.4207
Epoch 433/1000 | train_loss: 0.8014 | miou: 0.3665 | f1_macro: 0.4971 | pixel_accuracy: 0.6775 | val_loss: 1.5170
Epoch 434/1000 | train_loss: 0.8026 | miou: 0.3662 | f1_macro: 0.4981 | pixel_accuracy: 0.6805 | val_loss: 1.5644
Epoch 435/1000 | train_loss: 0.8214 | miou: 0.3772 | f1_macro: 0.5165 | pixel_accuracy: 0.6720 | val_loss: 1.7727
Epoch 436/1000 | train_loss: 0.8000 | miou: 0.3572 | f1_macro: 0.4876 | pixel_accuracy: 0.6708 | val_loss: 1.6004
Epoch 437/1000 | train_loss: 0.8007 | miou: 0.3499 | f1_macro: 0.4849 | pixel_accuracy: 0.6394 | val_loss: 1.7687
Epoch 438/1000 | train_loss: 0.8971 | miou: 0.3406 | f1_macro: 0.4735 | pixel_accuracy: 0.6363 | val_loss: 1.2493
Epoch 439/1000 | train_loss: 0.8867 | miou: 0.2659 | f1_macro: 0.3981 | pixel_accuracy: 0.5208 | val_loss: 2.0279
Epoch 440/1000 | train_loss: 1.0705 | miou: 0.2687 | f1_macro: 0.3980 | pixel_accuracy: 0.5433 | val_loss: 1.4544
Epoch 441/1000 | train_loss: 1.1618 | miou: 0.2995 | f1_macro: 0.4232 | pixel_accuracy: 0.6095 | val_loss: 1.1249
Epoch 442/1000 | train_loss: 0.9955 | miou: 0.3507 | f1_macro: 0.4809 | pixel_accuracy: 0.6525 | val_loss: 1.0066
Epoch 443/1000 | train_loss: 1.0205 | miou: 0.3572 | f1_macro: 0.4908 | pixel_accuracy: 0.6552 | val_loss: 1.0020
Epoch 444/1000 | train_loss: 0.9884 | miou: 0.3335 | f1_macro: 0.4656 | pixel_accuracy: 0.6553 | val_loss: 1.0359
Epoch 445/1000 | train_loss: 0.9711 | miou: 0.3762 | f1_macro: 0.5140 | pixel_accuracy: 0.6723 | val_loss: 0.9053
Epoch 446/1000 | train_loss: 0.8905 | miou: 0.3742 | f1_macro: 0.5107 | pixel_accuracy: 0.6843 | val_loss: 0.8614
Epoch 447/1000 | train_loss: 0.8580 | miou: 0.3551 | f1_macro: 0.4880 | pixel_accuracy: 0.6660 | val_loss: 0.8945
Epoch 448/1000 | train_loss: 0.8595 | miou: 0.3713 | f1_macro: 0.5077 | pixel_accuracy: 0.6605 | val_loss: 0.9008
Epoch 449/1000 | train_loss: 0.8295 | miou: 0.3584 | f1_macro: 0.4862 | pixel_accuracy: 0.6582 | val_loss: 0.9213
Epoch 450/1000 | train_loss: 0.8465 | miou: 0.3672 | f1_macro: 0.5028 | pixel_accuracy: 0.6568 | val_loss: 0.9315
Epoch 451/1000 | train_loss: 0.8398 | miou: 0.3652 | f1_macro: 0.4953 | pixel_accuracy: 0.6715 | val_loss: 0.9290
Epoch 452/1000 | train_loss: 0.8255 | miou: 0.3678 | f1_macro: 0.5030 | pixel_accuracy: 0.6598 | val_loss: 0.9569
Epoch 453/1000 | train_loss: 0.8235 | miou: 0.3583 | f1_macro: 0.4941 | pixel_accuracy: 0.6441 | val_loss: 0.9984
Epoch 454/1000 | train_loss: 0.7966 | miou: 0.3499 | f1_macro: 0.4852 | pixel_accuracy: 0.6254 | val_loss: 1.1601
Epoch 455/1000 | train_loss: 0.8416 | miou: 0.3540 | f1_macro: 0.4878 | pixel_accuracy: 0.6407 | val_loss: 1.0806
Epoch 456/1000 | train_loss: 0.8155 | miou: 0.3509 | f1_macro: 0.4843 | pixel_accuracy: 0.6446 | val_loss: 1.0917
Epoch 457/1000 | train_loss: 0.8490 | miou: 0.3679 | f1_macro: 0.4982 | pixel_accuracy: 0.6645 | val_loss: 1.0990
Epoch 458/1000 | train_loss: 0.8398 | miou: 0.3651 | f1_macro: 0.5019 | pixel_accuracy: 0.6542 | val_loss: 1.0725
Epoch 459/1000 | train_loss: 0.8158 | miou: 0.3703 | f1_macro: 0.5058 | pixel_accuracy: 0.6595 | val_loss: 1.1076
Epoch 460/1000 | train_loss: 0.7969 | miou: 0.3625 | f1_macro: 0.4997 | pixel_accuracy: 0.6461 | val_loss: 1.1383
Epoch 461/1000 | train_loss: 0.7806 | miou: 0.3540 | f1_macro: 0.4885 | pixel_accuracy: 0.6363 | val_loss: 1.2188
Epoch 462/1000 | train_loss: 0.7978 | miou: 0.3524 | f1_macro: 0.4898 | pixel_accuracy: 0.6410 | val_loss: 1.1431
Epoch 463/1000 | train_loss: 0.8080 | miou: 0.3607 | f1_macro: 0.4906 | pixel_accuracy: 0.6774 | val_loss: 1.0911
Epoch 464/1000 | train_loss: 0.8107 | miou: 0.3751 | f1_macro: 0.5106 | pixel_accuracy: 0.6674 | val_loss: 1.1178
Epoch 465/1000 | train_loss: 0.8219 | miou: 0.3731 | f1_macro: 0.5089 | pixel_accuracy: 0.6641 | val_loss: 1.1766
Epoch 466/1000 | train_loss: 0.8113 | miou: 0.3525 | f1_macro: 0.4823 | pixel_accuracy: 0.6565 | val_loss: 1.1714
Epoch 467/1000 | train_loss: 0.8713 | miou: 0.3654 | f1_macro: 0.4993 | pixel_accuracy: 0.6664 | val_loss: 1.1229
Epoch 468/1000 | train_loss: 0.8320 | miou: 0.3622 | f1_macro: 0.4957 | pixel_accuracy: 0.6688 | val_loss: 1.0979
Epoch 469/1000 | train_loss: 0.8093 | miou: 0.3696 | f1_macro: 0.4999 | pixel_accuracy: 0.6814 | val_loss: 1.1109
Epoch 470/1000 | train_loss: 0.8053 | miou: 0.3589 | f1_macro: 0.4938 | pixel_accuracy: 0.6612 | val_loss: 1.1910
Epoch 471/1000 | train_loss: 0.7893 | miou: 0.3724 | f1_macro: 0.5113 | pixel_accuracy: 0.6600 | val_loss: 1.2663
Epoch 472/1000 | train_loss: 0.7718 | miou: 0.3530 | f1_macro: 0.4886 | pixel_accuracy: 0.6462 | val_loss: 1.3620
Epoch 473/1000 | train_loss: 0.8185 | miou: 0.3697 | f1_macro: 0.5012 | pixel_accuracy: 0.6737 | val_loss: 1.2338
Epoch 474/1000 | train_loss: 0.8163 | miou: 0.3696 | f1_macro: 0.5053 | pixel_accuracy: 0.6703 | val_loss: 1.2109
Epoch 475/1000 | train_loss: 0.7924 | miou: 0.3712 | f1_macro: 0.5073 | pixel_accuracy: 0.6692 | val_loss: 1.2150
Epoch 476/1000 | train_loss: 0.7770 | miou: 0.3638 | f1_macro: 0.5016 | pixel_accuracy: 0.6562 | val_loss: 1.2819
Epoch 477/1000 | train_loss: 0.7625 | miou: 0.3643 | f1_macro: 0.5023 | pixel_accuracy: 0.6566 | val_loss: 1.3119
Epoch 478/1000 | train_loss: 0.7823 | miou: 0.3675 | f1_macro: 0.5057 | pixel_accuracy: 0.6579 | val_loss: 1.3360
Epoch 479/1000 | train_loss: 0.7691 | miou: 0.3627 | f1_macro: 0.4990 | pixel_accuracy: 0.6580 | val_loss: 1.3053
Epoch 480/1000 | train_loss: 0.7894 | miou: 0.3720 | f1_macro: 0.5119 | pixel_accuracy: 0.6590 | val_loss: 1.3067
Epoch 481/1000 | train_loss: 0.8124 | miou: 0.3706 | f1_macro: 0.5070 | pixel_accuracy: 0.6645 | val_loss: 1.2509
Epoch 482/1000 | train_loss: 0.7696 | miou: 0.3769 | f1_macro: 0.5169 | pixel_accuracy: 0.6614 | val_loss: 1.3214
Epoch 483/1000 | train_loss: 0.7866 | miou: 0.3702 | f1_macro: 0.5072 | pixel_accuracy: 0.6595 | val_loss: 1.3209
Epoch 484/1000 | train_loss: 0.7897 | miou: 0.3710 | f1_macro: 0.5082 | pixel_accuracy: 0.6637 | val_loss: 1.2773
Epoch 485/1000 | train_loss: 0.7631 | miou: 0.3673 | f1_macro: 0.5048 | pixel_accuracy: 0.6617 | val_loss: 1.2585
Epoch 486/1000 | train_loss: 0.7392 | miou: 0.3698 | f1_macro: 0.5074 | pixel_accuracy: 0.6620 | val_loss: 1.3251
Epoch 487/1000 | train_loss: 0.7899 | miou: 0.3624 | f1_macro: 0.4989 | pixel_accuracy: 0.6548 | val_loss: 1.3958
Epoch 488/1000 | train_loss: 0.7976 | miou: 0.3692 | f1_macro: 0.5084 | pixel_accuracy: 0.6598 | val_loss: 1.3432
Epoch 489/1000 | train_loss: 0.7740 | miou: 0.3647 | f1_macro: 0.5028 | pixel_accuracy: 0.6617 | val_loss: 1.3027
Epoch 490/1000 | train_loss: 0.7726 | miou: 0.3609 | f1_macro: 0.5018 | pixel_accuracy: 0.6526 | val_loss: 1.3074
Epoch 491/1000 | train_loss: 0.7968 | miou: 0.3668 | f1_macro: 0.5054 | pixel_accuracy: 0.6724 | val_loss: 1.2324
Epoch 492/1000 | train_loss: 0.8078 | miou: 0.3712 | f1_macro: 0.5153 | pixel_accuracy: 0.6626 | val_loss: 1.2229
Epoch 493/1000 | train_loss: 0.8084 | miou: 0.3833 | f1_macro: 0.5184 | pixel_accuracy: 0.6873 | val_loss: 1.2665
Epoch 494/1000 | train_loss: 0.7907 | miou: 0.3755 | f1_macro: 0.5159 | pixel_accuracy: 0.6656 | val_loss: 1.2581
Epoch 495/1000 | train_loss: 0.7566 | miou: 0.3697 | f1_macro: 0.5115 | pixel_accuracy: 0.6578 | val_loss: 1.3991
Epoch 496/1000 | train_loss: 0.8017 | miou: 0.3769 | f1_macro: 0.5160 | pixel_accuracy: 0.6696 | val_loss: 1.4118
Epoch 497/1000 | train_loss: 0.7917 | miou: 0.3600 | f1_macro: 0.5002 | pixel_accuracy: 0.6606 | val_loss: 1.3914
Epoch 498/1000 | train_loss: 0.7594 | miou: 0.3519 | f1_macro: 0.4923 | pixel_accuracy: 0.6552 | val_loss: 1.3421
Epoch 499/1000 | train_loss: 0.7722 | miou: 0.3801 | f1_macro: 0.5174 | pixel_accuracy: 0.6768 | val_loss: 1.3441
Epoch 500/1000 | train_loss: 0.7586 | miou: 0.3767 | f1_macro: 0.5168 | pixel_accuracy: 0.6706 | val_loss: 1.3194
Epoch 501/1000 | train_loss: 0.7412 | miou: 0.3913 | f1_macro: 0.5348 | pixel_accuracy: 0.6689 | val_loss: 1.5324
Epoch 502/1000 | train_loss: 0.8040 | miou: 0.3663 | f1_macro: 0.5027 | pixel_accuracy: 0.6620 | val_loss: 1.5864
Epoch 503/1000 | train_loss: 0.7907 | miou: 0.3846 | f1_macro: 0.5256 | pixel_accuracy: 0.6718 | val_loss: 1.4675
Epoch 504/1000 | train_loss: 0.7803 | miou: 0.3690 | f1_macro: 0.5113 | pixel_accuracy: 0.6601 | val_loss: 1.3933
Epoch 505/1000 | train_loss: 0.7673 | miou: 0.3800 | f1_macro: 0.5207 | pixel_accuracy: 0.6768 | val_loss: 1.3802
Epoch 506/1000 | train_loss: 0.7883 | miou: 0.3561 | f1_macro: 0.4952 | pixel_accuracy: 0.6608 | val_loss: 1.3782
Epoch 507/1000 | train_loss: 0.7762 | miou: 0.3787 | f1_macro: 0.5187 | pixel_accuracy: 0.6782 | val_loss: 1.2678
Epoch 508/1000 | train_loss: 0.7770 | miou: 0.3641 | f1_macro: 0.5058 | pixel_accuracy: 0.6548 | val_loss: 1.4318
Epoch 509/1000 | train_loss: 0.7614 | miou: 0.3737 | f1_macro: 0.5175 | pixel_accuracy: 0.6627 | val_loss: 1.4722
Epoch 510/1000 | train_loss: 0.7679 | miou: 0.3709 | f1_macro: 0.5135 | pixel_accuracy: 0.6628 | val_loss: 1.5150
Epoch 511/1000 | train_loss: 0.8300 | miou: 0.3781 | f1_macro: 0.5179 | pixel_accuracy: 0.6845 | val_loss: 1.3935
Epoch 512/1000 | train_loss: 1.0860 | miou: 0.3439 | f1_macro: 0.4772 | pixel_accuracy: 0.6460 | val_loss: 1.2691
Epoch 513/1000 | train_loss: 1.1029 | miou: 0.3428 | f1_macro: 0.4781 | pixel_accuracy: 0.6196 | val_loss: 1.3137
Epoch 514/1000 | train_loss: 1.0111 | miou: 0.3768 | f1_macro: 0.5121 | pixel_accuracy: 0.6727 | val_loss: 1.0739
Epoch 515/1000 | train_loss: 0.9355 | miou: 0.4245 | f1_macro: 0.5568 | pixel_accuracy: 0.7349 | val_loss: 0.9395
Epoch 516/1000 | train_loss: 0.8330 | miou: 0.4072 | f1_macro: 0.5353 | pixel_accuracy: 0.7349 | val_loss: 0.8909
Epoch 517/1000 | train_loss: 0.8388 | miou: 0.4064 | f1_macro: 0.5369 | pixel_accuracy: 0.7268 | val_loss: 0.9184
Epoch 518/1000 | train_loss: 0.8437 | miou: 0.4070 | f1_macro: 0.5378 | pixel_accuracy: 0.7268 | val_loss: 0.9598
Epoch 519/1000 | train_loss: 0.8157 | miou: 0.4111 | f1_macro: 0.5436 | pixel_accuracy: 0.7282 | val_loss: 0.9569
Epoch 520/1000 | train_loss: 0.8013 | miou: 0.4087 | f1_macro: 0.5421 | pixel_accuracy: 0.7251 | val_loss: 1.0072
Epoch 521/1000 | train_loss: 0.7984 | miou: 0.4008 | f1_macro: 0.5386 | pixel_accuracy: 0.7037 | val_loss: 1.0467
Epoch 522/1000 | train_loss: 0.7920 | miou: 0.4147 | f1_macro: 0.5561 | pixel_accuracy: 0.7121 | val_loss: 0.9647
Epoch 523/1000 | train_loss: 0.8081 | miou: 0.4129 | f1_macro: 0.5560 | pixel_accuracy: 0.7132 | val_loss: 0.9470
Epoch 524/1000 | train_loss: 0.8060 | miou: 0.4117 | f1_macro: 0.5532 | pixel_accuracy: 0.7151 | val_loss: 0.9711
Epoch 525/1000 | train_loss: 0.8103 | miou: 0.4122 | f1_macro: 0.5526 | pixel_accuracy: 0.7087 | val_loss: 0.9645
Epoch 526/1000 | train_loss: 0.7878 | miou: 0.4062 | f1_macro: 0.5456 | pixel_accuracy: 0.7133 | val_loss: 0.9899
Epoch 527/1000 | train_loss: 0.7769 | miou: 0.4207 | f1_macro: 0.5600 | pixel_accuracy: 0.7258 | val_loss: 1.0105
Epoch 528/1000 | train_loss: 0.7963 | miou: 0.4024 | f1_macro: 0.5446 | pixel_accuracy: 0.7050 | val_loss: 1.0859
Epoch 529/1000 | train_loss: 0.7904 | miou: 0.4133 | f1_macro: 0.5541 | pixel_accuracy: 0.7125 | val_loss: 1.0377
Epoch 530/1000 | train_loss: 0.7877 | miou: 0.4154 | f1_macro: 0.5565 | pixel_accuracy: 0.7117 | val_loss: 1.0647
Epoch 531/1000 | train_loss: 0.7702 | miou: 0.4125 | f1_macro: 0.5514 | pixel_accuracy: 0.7153 | val_loss: 1.0780
Epoch 532/1000 | train_loss: 0.7582 | miou: 0.4069 | f1_macro: 0.5508 | pixel_accuracy: 0.6961 | val_loss: 1.1349
Epoch 533/1000 | train_loss: 0.7705 | miou: 0.4081 | f1_macro: 0.5500 | pixel_accuracy: 0.7039 | val_loss: 1.1307
Epoch 534/1000 | train_loss: 0.7517 | miou: 0.4108 | f1_macro: 0.5524 | pixel_accuracy: 0.7078 | val_loss: 1.1775
Epoch 535/1000 | train_loss: 0.7857 | miou: 0.3990 | f1_macro: 0.5452 | pixel_accuracy: 0.6811 | val_loss: 1.1897
Epoch 536/1000 | train_loss: 0.7787 | miou: 0.4100 | f1_macro: 0.5563 | pixel_accuracy: 0.6909 | val_loss: 1.2314
Epoch 537/1000 | train_loss: 0.7511 | miou: 0.4113 | f1_macro: 0.5541 | pixel_accuracy: 0.6940 | val_loss: 1.1128
Epoch 538/1000 | train_loss: 0.7764 | miou: 0.4140 | f1_macro: 0.5577 | pixel_accuracy: 0.7017 | val_loss: 1.0977
Epoch 539/1000 | train_loss: 0.7621 | miou: 0.4093 | f1_macro: 0.5531 | pixel_accuracy: 0.7019 | val_loss: 1.0896
Epoch 540/1000 | train_loss: 0.7704 | miou: 0.4113 | f1_macro: 0.5537 | pixel_accuracy: 0.7005 | val_loss: 1.2269
Epoch 541/1000 | train_loss: 0.7550 | miou: 0.4090 | f1_macro: 0.5526 | pixel_accuracy: 0.6999 | val_loss: 1.1084
Epoch 542/1000 | train_loss: 0.7385 | miou: 0.4122 | f1_macro: 0.5577 | pixel_accuracy: 0.6946 | val_loss: 1.2244
Epoch 543/1000 | train_loss: 0.7434 | miou: 0.4087 | f1_macro: 0.5536 | pixel_accuracy: 0.6906 | val_loss: 1.4839
Epoch 544/1000 | train_loss: 0.7634 | miou: 0.3996 | f1_macro: 0.5442 | pixel_accuracy: 0.6836 | val_loss: 1.4698
Epoch 545/1000 | train_loss: 0.7516 | miou: 0.3984 | f1_macro: 0.5416 | pixel_accuracy: 0.6837 | val_loss: 1.4155
Epoch 546/1000 | train_loss: 0.7465 | miou: 0.4108 | f1_macro: 0.5553 | pixel_accuracy: 0.6891 | val_loss: 1.3860
Epoch 547/1000 | train_loss: 0.7627 | miou: 0.4067 | f1_macro: 0.5533 | pixel_accuracy: 0.6866 | val_loss: 1.4162
Epoch 548/1000 | train_loss: 0.7456 | miou: 0.4008 | f1_macro: 0.5459 | pixel_accuracy: 0.6797 | val_loss: 1.3740
Epoch 549/1000 | train_loss: 0.7700 | miou: 0.4001 | f1_macro: 0.5412 | pixel_accuracy: 0.6923 | val_loss: 1.2814
Epoch 550/1000 | train_loss: 0.7782 | miou: 0.4054 | f1_macro: 0.5467 | pixel_accuracy: 0.7088 | val_loss: 1.2938
Epoch 551/1000 | train_loss: 0.7981 | miou: 0.4290 | f1_macro: 0.5724 | pixel_accuracy: 0.7227 | val_loss: 1.1110
Epoch 552/1000 | train_loss: 0.7668 | miou: 0.4164 | f1_macro: 0.5550 | pixel_accuracy: 0.7125 | val_loss: 1.2081
Epoch 553/1000 | train_loss: 0.7987 | miou: 0.4085 | f1_macro: 0.5608 | pixel_accuracy: 0.6829 | val_loss: 1.2626
Epoch 554/1000 | train_loss: 0.7740 | miou: 0.3893 | f1_macro: 0.5337 | pixel_accuracy: 0.6873 | val_loss: 1.2573
Epoch 555/1000 | train_loss: 0.7658 | miou: 0.4141 | f1_macro: 0.5596 | pixel_accuracy: 0.7019 | val_loss: 1.1971
Epoch 556/1000 | train_loss: 0.7510 | miou: 0.4183 | f1_macro: 0.5606 | pixel_accuracy: 0.7131 | val_loss: 1.0775
Epoch 557/1000 | train_loss: 0.7712 | miou: 0.4024 | f1_macro: 0.5434 | pixel_accuracy: 0.7006 | val_loss: 1.1498
Epoch 558/1000 | train_loss: 0.7612 | miou: 0.4132 | f1_macro: 0.5551 | pixel_accuracy: 0.7068 | val_loss: 1.2275
Epoch 559/1000 | train_loss: 0.7560 | miou: 0.4250 | f1_macro: 0.5664 | pixel_accuracy: 0.7152 | val_loss: 1.2916
Epoch 560/1000 | train_loss: 0.7471 | miou: 0.4206 | f1_macro: 0.5635 | pixel_accuracy: 0.7155 | val_loss: 1.2594
Epoch 561/1000 | train_loss: 0.7408 | miou: 0.4274 | f1_macro: 0.5679 | pixel_accuracy: 0.7188 | val_loss: 1.2070
Epoch 562/1000 | train_loss: 0.7362 | miou: 0.4200 | f1_macro: 0.5603 | pixel_accuracy: 0.7122 | val_loss: 1.2784
Epoch 563/1000 | train_loss: 0.7265 | miou: 0.4221 | f1_macro: 0.5611 | pixel_accuracy: 0.7168 | val_loss: 1.4261
Epoch 564/1000 | train_loss: 0.7514 | miou: 0.4243 | f1_macro: 0.5655 | pixel_accuracy: 0.7136 | val_loss: 1.4377
Epoch 565/1000 | train_loss: 0.7368 | miou: 0.4308 | f1_macro: 0.5735 | pixel_accuracy: 0.7175 | val_loss: 1.3892
Epoch 566/1000 | train_loss: 0.7670 | miou: 0.4259 | f1_macro: 0.5694 | pixel_accuracy: 0.7165 | val_loss: 1.3933
Epoch 567/1000 | train_loss: 0.7382 | miou: 0.4163 | f1_macro: 0.5628 | pixel_accuracy: 0.7035 | val_loss: 1.4196
Epoch 568/1000 | train_loss: 0.7510 | miou: 0.4272 | f1_macro: 0.5697 | pixel_accuracy: 0.7151 | val_loss: 1.4662
Epoch 569/1000 | train_loss: 0.7196 | miou: 0.4351 | f1_macro: 0.5803 | pixel_accuracy: 0.7155 | val_loss: 1.2964
Epoch 570/1000 | train_loss: 0.7497 | miou: 0.4264 | f1_macro: 0.5668 | pixel_accuracy: 0.7114 | val_loss: 1.2615
Epoch 571/1000 | train_loss: 0.7132 | miou: 0.4194 | f1_macro: 0.5610 | pixel_accuracy: 0.6961 | val_loss: 1.6888
Epoch 572/1000 | train_loss: 0.7182 | miou: 0.4041 | f1_macro: 0.5497 | pixel_accuracy: 0.6816 | val_loss: 1.9818
Epoch 573/1000 | train_loss: 0.7667 | miou: 0.4092 | f1_macro: 0.5548 | pixel_accuracy: 0.6886 | val_loss: 1.8101
Epoch 574/1000 | train_loss: 0.7565 | miou: 0.4250 | f1_macro: 0.5688 | pixel_accuracy: 0.7023 | val_loss: 1.8980
Epoch 575/1000 | train_loss: 0.7462 | miou: 0.4223 | f1_macro: 0.5668 | pixel_accuracy: 0.7036 | val_loss: 1.5881
Epoch 576/1000 | train_loss: 0.7278 | miou: 0.4170 | f1_macro: 0.5612 | pixel_accuracy: 0.6967 | val_loss: 1.9683
Epoch 577/1000 | train_loss: 0.7281 | miou: 0.3974 | f1_macro: 0.5417 | pixel_accuracy: 0.6816 | val_loss: 2.0506
Epoch 578/1000 | train_loss: 0.7656 | miou: 0.4213 | f1_macro: 0.5668 | pixel_accuracy: 0.7049 | val_loss: 1.3920
Epoch 579/1000 | train_loss: 0.7650 | miou: 0.4199 | f1_macro: 0.5588 | pixel_accuracy: 0.7163 | val_loss: 1.4769
Epoch 580/1000 | train_loss: 0.7612 | miou: 0.4251 | f1_macro: 0.5666 | pixel_accuracy: 0.7148 | val_loss: 1.1391
Epoch 581/1000 | train_loss: 0.7410 | miou: 0.4320 | f1_macro: 0.5729 | pixel_accuracy: 0.7220 | val_loss: 1.1670
Epoch 582/1000 | train_loss: 0.7431 | miou: 0.4323 | f1_macro: 0.5746 | pixel_accuracy: 0.7189 | val_loss: 1.2248
Epoch 583/1000 | train_loss: 0.7584 | miou: 0.4270 | f1_macro: 0.5694 | pixel_accuracy: 0.7159 | val_loss: 1.1908
Epoch 584/1000 | train_loss: 0.7279 | miou: 0.4045 | f1_macro: 0.5432 | pixel_accuracy: 0.7135 | val_loss: 1.1459
Epoch 585/1000 | train_loss: 0.7404 | miou: 0.4283 | f1_macro: 0.5688 | pixel_accuracy: 0.7220 | val_loss: 1.0768
Epoch 586/1000 | train_loss: 0.7407 | miou: 0.4089 | f1_macro: 0.5479 | pixel_accuracy: 0.7078 | val_loss: 1.1213
Epoch 587/1000 | train_loss: 0.7259 | miou: 0.4366 | f1_macro: 0.5740 | pixel_accuracy: 0.7276 | val_loss: 1.1538
Epoch 588/1000 | train_loss: 0.7485 | miou: 0.4291 | f1_macro: 0.5697 | pixel_accuracy: 0.7200 | val_loss: 1.1081
Epoch 589/1000 | train_loss: 0.7226 | miou: 0.4200 | f1_macro: 0.5608 | pixel_accuracy: 0.7115 | val_loss: 1.2392
Epoch 590/1000 | train_loss: 0.7408 | miou: 0.4186 | f1_macro: 0.5596 | pixel_accuracy: 0.7096 | val_loss: 1.2490
Epoch 591/1000 | train_loss: 0.7171 | miou: 0.4226 | f1_macro: 0.5652 | pixel_accuracy: 0.7133 | val_loss: 1.1967
Epoch 592/1000 | train_loss: 0.7324 | miou: 0.4300 | f1_macro: 0.5715 | pixel_accuracy: 0.7197 | val_loss: 1.2992
Epoch 593/1000 | train_loss: 0.7288 | miou: 0.4273 | f1_macro: 0.5696 | pixel_accuracy: 0.7185 | val_loss: 1.3592
Epoch 594/1000 | train_loss: 0.7219 | miou: 0.4332 | f1_macro: 0.5769 | pixel_accuracy: 0.7162 | val_loss: 1.4379
Epoch 595/1000 | train_loss: 0.7175 | miou: 0.4218 | f1_macro: 0.5648 | pixel_accuracy: 0.7094 | val_loss: 1.4163
Epoch 596/1000 | train_loss: 0.7094 | miou: 0.4242 | f1_macro: 0.5629 | pixel_accuracy: 0.7135 | val_loss: 1.6292
Epoch 597/1000 | train_loss: 0.7530 | miou: 0.4276 | f1_macro: 0.5686 | pixel_accuracy: 0.7185 | val_loss: 1.5649
Epoch 598/1000 | train_loss: 0.7430 | miou: 0.4233 | f1_macro: 0.5658 | pixel_accuracy: 0.7131 | val_loss: 1.4781
Epoch 599/1000 | train_loss: 0.7195 | miou: 0.4378 | f1_macro: 0.5820 | pixel_accuracy: 0.7226 | val_loss: 1.5100
Epoch 600/1000 | train_loss: 0.7203 | miou: 0.4380 | f1_macro: 0.5790 | pixel_accuracy: 0.7268 | val_loss: 1.5449
Epoch 601/1000 | train_loss: 0.7108 | miou: 0.4623 | f1_macro: 0.6019 | pixel_accuracy: 0.7583 | val_loss: 1.5975
Epoch 602/1000 | train_loss: 0.7224 | miou: 0.4586 | f1_macro: 0.5978 | pixel_accuracy: 0.7565 | val_loss: 1.8103
Epoch 603/1000 | train_loss: 0.7190 | miou: 0.4348 | f1_macro: 0.5833 | pixel_accuracy: 0.7106 | val_loss: 1.6459
Epoch 604/1000 | train_loss: 0.7123 | miou: 0.4132 | f1_macro: 0.5574 | pixel_accuracy: 0.6940 | val_loss: 1.7265
Epoch 605/1000 | train_loss: 0.7351 | miou: 0.4209 | f1_macro: 0.5595 | pixel_accuracy: 0.7021 | val_loss: 2.0121
Epoch 606/1000 | train_loss: 0.7138 | miou: 0.4176 | f1_macro: 0.5614 | pixel_accuracy: 0.6983 | val_loss: 1.7256
Epoch 607/1000 | train_loss: 0.7509 | miou: 0.4298 | f1_macro: 0.5734 | pixel_accuracy: 0.7084 | val_loss: 1.6936
Epoch 608/1000 | train_loss: 0.6990 | miou: 0.4156 | f1_macro: 0.5603 | pixel_accuracy: 0.7019 | val_loss: 1.7741
Epoch 609/1000 | train_loss: 0.7360 | miou: 0.4243 | f1_macro: 0.5680 | pixel_accuracy: 0.7059 | val_loss: 1.8245
Epoch 610/1000 | train_loss: 0.7062 | miou: 0.4331 | f1_macro: 0.5716 | pixel_accuracy: 0.7184 | val_loss: 1.8854
Epoch 611/1000 | train_loss: 0.7166 | miou: 0.4263 | f1_macro: 0.5671 | pixel_accuracy: 0.7194 | val_loss: 1.6440
Epoch 612/1000 | train_loss: 0.7142 | miou: 0.4442 | f1_macro: 0.5811 | pixel_accuracy: 0.7431 | val_loss: 1.7474
Epoch 613/1000 | train_loss: 0.7379 | miou: 0.4442 | f1_macro: 0.5786 | pixel_accuracy: 0.7466 | val_loss: 1.9294
Epoch 614/1000 | train_loss: 0.7024 | miou: 0.4436 | f1_macro: 0.5794 | pixel_accuracy: 0.7495 | val_loss: 1.7728
Epoch 615/1000 | train_loss: 0.7021 | miou: 0.4539 | f1_macro: 0.5914 | pixel_accuracy: 0.7508 | val_loss: 1.9073
Epoch 616/1000 | train_loss: 0.6988 | miou: 0.4460 | f1_macro: 0.5851 | pixel_accuracy: 0.7454 | val_loss: 1.8948
Epoch 617/1000 | train_loss: 0.7033 | miou: 0.4524 | f1_macro: 0.5930 | pixel_accuracy: 0.7425 | val_loss: 2.0371
Epoch 618/1000 | train_loss: 0.7370 | miou: 0.4224 | f1_macro: 0.5584 | pixel_accuracy: 0.7361 | val_loss: 2.2422
Epoch 619/1000 | train_loss: 0.7448 | miou: 0.4450 | f1_macro: 0.5840 | pixel_accuracy: 0.7414 | val_loss: 2.0769
Epoch 620/1000 | train_loss: 0.7091 | miou: 0.4283 | f1_macro: 0.5746 | pixel_accuracy: 0.7033 | val_loss: 1.9706
Epoch 621/1000 | train_loss: 0.7144 | miou: 0.4255 | f1_macro: 0.5701 | pixel_accuracy: 0.7035 | val_loss: 1.9545
Epoch 622/1000 | train_loss: 0.7196 | miou: 0.4299 | f1_macro: 0.5717 | pixel_accuracy: 0.7099 | val_loss: 2.1787
Epoch 623/1000 | train_loss: 0.7067 | miou: 0.4392 | f1_macro: 0.5858 | pixel_accuracy: 0.7089 | val_loss: 1.9924
Epoch 624/1000 | train_loss: 0.7500 | miou: 0.4452 | f1_macro: 0.5855 | pixel_accuracy: 0.7302 | val_loss: 1.6645
Epoch 625/1000 | train_loss: 0.8211 | miou: 0.4233 | f1_macro: 0.5675 | pixel_accuracy: 0.7230 | val_loss: 1.8668
Epoch 626/1000 | train_loss: 0.8091 | miou: 0.4243 | f1_macro: 0.5661 | pixel_accuracy: 0.7022 | val_loss: 1.6225
Epoch 627/1000 | train_loss: 0.7722 | miou: 0.4012 | f1_macro: 0.5353 | pixel_accuracy: 0.7101 | val_loss: 1.2364
Epoch 628/1000 | train_loss: 0.9006 | miou: 0.4137 | f1_macro: 0.5506 | pixel_accuracy: 0.6966 | val_loss: 1.3754
Epoch 629/1000 | train_loss: 0.9679 | miou: 0.3887 | f1_macro: 0.5293 | pixel_accuracy: 0.6689 | val_loss: 1.1814
Epoch 630/1000 | train_loss: 0.8963 | miou: 0.3881 | f1_macro: 0.5331 | pixel_accuracy: 0.6759 | val_loss: 1.2068
Epoch 631/1000 | train_loss: 0.8139 | miou: 0.3441 | f1_macro: 0.4866 | pixel_accuracy: 0.6549 | val_loss: 1.0595
Epoch 632/1000 | train_loss: 0.8686 | miou: 0.3633 | f1_macro: 0.4930 | pixel_accuracy: 0.6674 | val_loss: 1.3293
Epoch 633/1000 | train_loss: 0.7975 | miou: 0.3741 | f1_macro: 0.5079 | pixel_accuracy: 0.6605 | val_loss: 1.2620
Epoch 634/1000 | train_loss: 0.7783 | miou: 0.3799 | f1_macro: 0.5128 | pixel_accuracy: 0.6669 | val_loss: 1.0660
Epoch 635/1000 | train_loss: 0.7783 | miou: 0.4057 | f1_macro: 0.5339 | pixel_accuracy: 0.7227 | val_loss: 0.9599
Epoch 636/1000 | train_loss: 0.7367 | miou: 0.4071 | f1_macro: 0.5374 | pixel_accuracy: 0.7185 | val_loss: 0.9987
Epoch 637/1000 | train_loss: 0.7521 | miou: 0.4019 | f1_macro: 0.5320 | pixel_accuracy: 0.7123 | val_loss: 1.0741
Epoch 638/1000 | train_loss: 0.7168 | miou: 0.4076 | f1_macro: 0.5379 | pixel_accuracy: 0.7224 | val_loss: 1.0916
Epoch 639/1000 | train_loss: 0.7181 | miou: 0.4044 | f1_macro: 0.5375 | pixel_accuracy: 0.7106 | val_loss: 1.1135
Epoch 640/1000 | train_loss: 0.7340 | miou: 0.4138 | f1_macro: 0.5454 | pixel_accuracy: 0.7198 | val_loss: 1.1492
Epoch 641/1000 | train_loss: 0.7314 | miou: 0.4185 | f1_macro: 0.5488 | pixel_accuracy: 0.7275 | val_loss: 1.1834
Epoch 642/1000 | train_loss: 0.7284 | miou: 0.4149 | f1_macro: 0.5440 | pixel_accuracy: 0.7279 | val_loss: 1.1858
Epoch 643/1000 | train_loss: 0.7186 | miou: 0.4141 | f1_macro: 0.5436 | pixel_accuracy: 0.7233 | val_loss: 1.1852
Epoch 644/1000 | train_loss: 0.7237 | miou: 0.4150 | f1_macro: 0.5444 | pixel_accuracy: 0.7215 | val_loss: 1.2397
Epoch 645/1000 | train_loss: 0.7133 | miou: 0.4173 | f1_macro: 0.5460 | pixel_accuracy: 0.7249 | val_loss: 1.3198
Epoch 646/1000 | train_loss: 0.6989 | miou: 0.4152 | f1_macro: 0.5445 | pixel_accuracy: 0.7206 | val_loss: 1.3655
Epoch 647/1000 | train_loss: 0.7337 | miou: 0.4149 | f1_macro: 0.5446 | pixel_accuracy: 0.7214 | val_loss: 1.4265
Epoch 648/1000 | train_loss: 0.7267 | miou: 0.4161 | f1_macro: 0.5473 | pixel_accuracy: 0.7172 | val_loss: 1.3706
Epoch 649/1000 | train_loss: 0.7055 | miou: 0.4159 | f1_macro: 0.5473 | pixel_accuracy: 0.7175 | val_loss: 1.3482
Epoch 650/1000 | train_loss: 0.7251 | miou: 0.4193 | f1_macro: 0.5514 | pixel_accuracy: 0.7169 | val_loss: 1.3477
Epoch 651/1000 | train_loss: 0.6949 | miou: 0.4139 | f1_macro: 0.5446 | pixel_accuracy: 0.7130 | val_loss: 1.4132
Epoch 652/1000 | train_loss: 0.7034 | miou: 0.4187 | f1_macro: 0.5533 | pixel_accuracy: 0.7124 | val_loss: 1.3524
Epoch 653/1000 | train_loss: 0.7029 | miou: 0.4236 | f1_macro: 0.5582 | pixel_accuracy: 0.7220 | val_loss: 1.3076
Epoch 654/1000 | train_loss: 0.7144 | miou: 0.4306 | f1_macro: 0.5655 | pixel_accuracy: 0.7268 | val_loss: 1.2983
Epoch 655/1000 | train_loss: 0.7022 | miou: 0.4233 | f1_macro: 0.5563 | pixel_accuracy: 0.7189 | val_loss: 1.3153
Epoch 656/1000 | train_loss: 0.6990 | miou: 0.4202 | f1_macro: 0.5529 | pixel_accuracy: 0.7146 | val_loss: 1.3591
Epoch 657/1000 | train_loss: 0.7166 | miou: 0.4205 | f1_macro: 0.5544 | pixel_accuracy: 0.7186 | val_loss: 1.4013
Epoch 658/1000 | train_loss: 0.6902 | miou: 0.4229 | f1_macro: 0.5562 | pixel_accuracy: 0.7222 | val_loss: 1.3960
Epoch 659/1000 | train_loss: 0.7061 | miou: 0.4214 | f1_macro: 0.5554 | pixel_accuracy: 0.7193 | val_loss: 1.3929
Epoch 660/1000 | train_loss: 0.7122 | miou: 0.4199 | f1_macro: 0.5513 | pixel_accuracy: 0.7178 | val_loss: 1.4399
Epoch 661/1000 | train_loss: 0.7071 | miou: 0.4311 | f1_macro: 0.5663 | pixel_accuracy: 0.7223 | val_loss: 1.3936
Epoch 662/1000 | train_loss: 0.7128 | miou: 0.4227 | f1_macro: 0.5549 | pixel_accuracy: 0.7232 | val_loss: 1.4544
Epoch 663/1000 | train_loss: 0.7052 | miou: 0.4223 | f1_macro: 0.5550 | pixel_accuracy: 0.7211 | val_loss: 1.4382
Epoch 664/1000 | train_loss: 0.7254 | miou: 0.4301 | f1_macro: 0.5635 | pixel_accuracy: 0.7224 | val_loss: 1.3791
Epoch 665/1000 | train_loss: 0.7046 | miou: 0.4285 | f1_macro: 0.5644 | pixel_accuracy: 0.7197 | val_loss: 1.3449
Epoch 666/1000 | train_loss: 0.7169 | miou: 0.4257 | f1_macro: 0.5606 | pixel_accuracy: 0.7190 | val_loss: 1.4149
Epoch 667/1000 | train_loss: 0.6913 | miou: 0.4247 | f1_macro: 0.5578 | pixel_accuracy: 0.7198 | val_loss: 1.4489
Epoch 668/1000 | train_loss: 0.7139 | miou: 0.4336 | f1_macro: 0.5685 | pixel_accuracy: 0.7226 | val_loss: 1.3714
Epoch 669/1000 | train_loss: 0.7110 | miou: 0.4262 | f1_macro: 0.5609 | pixel_accuracy: 0.7195 | val_loss: 1.4167
Epoch 670/1000 | train_loss: 0.6931 | miou: 0.4274 | f1_macro: 0.5625 | pixel_accuracy: 0.7180 | val_loss: 1.4794
Epoch 671/1000 | train_loss: 0.7018 | miou: 0.4250 | f1_macro: 0.5600 | pixel_accuracy: 0.7146 | val_loss: 1.5201
Epoch 672/1000 | train_loss: 0.7089 | miou: 0.4141 | f1_macro: 0.5523 | pixel_accuracy: 0.7077 | val_loss: 1.5480
Epoch 673/1000 | train_loss: 0.7294 | miou: 0.4235 | f1_macro: 0.5591 | pixel_accuracy: 0.7178 | val_loss: 1.4675
Epoch 674/1000 | train_loss: 0.7385 | miou: 0.4211 | f1_macro: 0.5568 | pixel_accuracy: 0.7171 | val_loss: 1.4680
Epoch 675/1000 | train_loss: 0.7234 | miou: 0.4251 | f1_macro: 0.5608 | pixel_accuracy: 0.7149 | val_loss: 1.4830
Epoch 676/1000 | train_loss: 0.7053 | miou: 0.4056 | f1_macro: 0.5455 | pixel_accuracy: 0.6919 | val_loss: 1.4847
Epoch 677/1000 | train_loss: 0.7001 | miou: 0.4078 | f1_macro: 0.5420 | pixel_accuracy: 0.6933 | val_loss: 1.7316
Epoch 678/1000 | train_loss: 0.7058 | miou: 0.4092 | f1_macro: 0.5471 | pixel_accuracy: 0.6873 | val_loss: 1.5863
Epoch 679/1000 | train_loss: 0.6896 | miou: 0.4169 | f1_macro: 0.5558 | pixel_accuracy: 0.6936 | val_loss: 1.4996
Epoch 680/1000 | train_loss: 0.7373 | miou: 0.4383 | f1_macro: 0.5836 | pixel_accuracy: 0.7098 | val_loss: 1.3695
Epoch 681/1000 | train_loss: 0.7232 | miou: 0.4196 | f1_macro: 0.5585 | pixel_accuracy: 0.7064 | val_loss: 1.5528
Epoch 682/1000 | train_loss: 0.7012 | miou: 0.4317 | f1_macro: 0.5729 | pixel_accuracy: 0.7101 | val_loss: 1.4099
Epoch 683/1000 | train_loss: 0.7297 | miou: 0.4337 | f1_macro: 0.5761 | pixel_accuracy: 0.7076 | val_loss: 1.3662
Epoch 684/1000 | train_loss: 0.6798 | miou: 0.4296 | f1_macro: 0.5699 | pixel_accuracy: 0.7116 | val_loss: 1.4515
Epoch 685/1000 | train_loss: 0.7013 | miou: 0.4240 | f1_macro: 0.5632 | pixel_accuracy: 0.7069 | val_loss: 1.5213
Epoch 686/1000 | train_loss: 0.6848 | miou: 0.4262 | f1_macro: 0.5647 | pixel_accuracy: 0.7081 | val_loss: 1.5136
Epoch 687/1000 | train_loss: 0.6737 | miou: 0.4198 | f1_macro: 0.5573 | pixel_accuracy: 0.7057 | val_loss: 1.5993
Epoch 688/1000 | train_loss: 0.6825 | miou: 0.4203 | f1_macro: 0.5606 | pixel_accuracy: 0.6999 | val_loss: 1.6353
Epoch 689/1000 | train_loss: 0.7379 | miou: 0.4153 | f1_macro: 0.5557 | pixel_accuracy: 0.6920 | val_loss: 1.6872
Epoch 690/1000 | train_loss: 0.6788 | miou: 0.4200 | f1_macro: 0.5601 | pixel_accuracy: 0.6976 | val_loss: 1.6811
Epoch 691/1000 | train_loss: 0.7216 | miou: 0.4225 | f1_macro: 0.5597 | pixel_accuracy: 0.7066 | val_loss: 1.6733
Epoch 692/1000 | train_loss: 0.6843 | miou: 0.4357 | f1_macro: 0.5740 | pixel_accuracy: 0.7119 | val_loss: 1.6297
Epoch 693/1000 | train_loss: 0.6945 | miou: 0.4247 | f1_macro: 0.5631 | pixel_accuracy: 0.7045 | val_loss: 1.6621
Epoch 694/1000 | train_loss: 0.7152 | miou: 0.4197 | f1_macro: 0.5591 | pixel_accuracy: 0.6966 | val_loss: 1.6778
Epoch 695/1000 | train_loss: 0.7604 | miou: 0.4324 | f1_macro: 0.5770 | pixel_accuracy: 0.7049 | val_loss: 1.5591
Epoch 696/1000 | train_loss: 0.7809 | miou: 0.3602 | f1_macro: 0.4946 | pixel_accuracy: 0.6775 | val_loss: 1.3385
Epoch 697/1000 | train_loss: 0.7786 | miou: 0.4059 | f1_macro: 0.5366 | pixel_accuracy: 0.6959 | val_loss: 1.2934
Epoch 698/1000 | train_loss: 0.8320 | miou: 0.3728 | f1_macro: 0.5042 | pixel_accuracy: 0.6896 | val_loss: 1.4331
Epoch 699/1000 | train_loss: 0.7718 | miou: 0.4105 | f1_macro: 0.5464 | pixel_accuracy: 0.7130 | val_loss: 1.2401
Epoch 700/1000 | train_loss: 0.7193 | miou: 0.4052 | f1_macro: 0.5416 | pixel_accuracy: 0.7071 | val_loss: 1.3585
Epoch 701/1000 | train_loss: 0.7179 | miou: 0.4151 | f1_macro: 0.5516 | pixel_accuracy: 0.7017 | val_loss: 1.4041
Epoch 702/1000 | train_loss: 0.7218 | miou: 0.4367 | f1_macro: 0.5786 | pixel_accuracy: 0.7193 | val_loss: 1.2871
Epoch 703/1000 | train_loss: 0.7069 | miou: 0.4286 | f1_macro: 0.5658 | pixel_accuracy: 0.7270 | val_loss: 1.3499
Epoch 704/1000 | train_loss: 0.7314 | miou: 0.4260 | f1_macro: 0.5610 | pixel_accuracy: 0.7158 | val_loss: 1.3869
Epoch 705/1000 | train_loss: 0.7214 | miou: 0.4315 | f1_macro: 0.5720 | pixel_accuracy: 0.7167 | val_loss: 1.2947
Epoch 706/1000 | train_loss: 0.7113 | miou: 0.4338 | f1_macro: 0.5736 | pixel_accuracy: 0.7212 | val_loss: 1.3133
Epoch 707/1000 | train_loss: 0.7001 | miou: 0.4376 | f1_macro: 0.5765 | pixel_accuracy: 0.7267 | val_loss: 1.3831
Epoch 708/1000 | train_loss: 0.7035 | miou: 0.4272 | f1_macro: 0.5676 | pixel_accuracy: 0.7098 | val_loss: 1.5186
Epoch 709/1000 | train_loss: 0.7192 | miou: 0.4314 | f1_macro: 0.5740 | pixel_accuracy: 0.7065 | val_loss: 1.5864
Epoch 710/1000 | train_loss: 0.6749 | miou: 0.4299 | f1_macro: 0.5731 | pixel_accuracy: 0.7051 | val_loss: 1.6318
Epoch 711/1000 | train_loss: 0.6710 | miou: 0.4193 | f1_macro: 0.5573 | pixel_accuracy: 0.7017 | val_loss: 1.7223
Epoch 712/1000 | train_loss: 0.7273 | miou: 0.4186 | f1_macro: 0.5553 | pixel_accuracy: 0.7010 | val_loss: 1.6812
Epoch 713/1000 | train_loss: 0.6964 | miou: 0.4151 | f1_macro: 0.5518 | pixel_accuracy: 0.7000 | val_loss: 1.6960
Epoch 714/1000 | train_loss: 0.6979 | miou: 0.4265 | f1_macro: 0.5681 | pixel_accuracy: 0.7057 | val_loss: 1.6500
Epoch 715/1000 | train_loss: 0.6869 | miou: 0.4322 | f1_macro: 0.5744 | pixel_accuracy: 0.7079 | val_loss: 1.6666
Epoch 716/1000 | train_loss: 0.6839 | miou: 0.4286 | f1_macro: 0.5685 | pixel_accuracy: 0.7074 | val_loss: 1.7099
Epoch 717/1000 | train_loss: 0.6649 | miou: 0.4218 | f1_macro: 0.5600 | pixel_accuracy: 0.7020 | val_loss: 1.7731
Epoch 718/1000 | train_loss: 0.7228 | miou: 0.4301 | f1_macro: 0.5692 | pixel_accuracy: 0.7047 | val_loss: 1.7418
Epoch 719/1000 | train_loss: 0.7139 | miou: 0.4231 | f1_macro: 0.5631 | pixel_accuracy: 0.6985 | val_loss: 1.7277
Epoch 720/1000 | train_loss: 0.7039 | miou: 0.4283 | f1_macro: 0.5665 | pixel_accuracy: 0.7075 | val_loss: 1.6934
Epoch 721/1000 | train_loss: 0.6944 | miou: 0.4289 | f1_macro: 0.5687 | pixel_accuracy: 0.7092 | val_loss: 1.6730
Epoch 722/1000 | train_loss: 0.6973 | miou: 0.4331 | f1_macro: 0.5719 | pixel_accuracy: 0.7161 | val_loss: 1.6130
Epoch 723/1000 | train_loss: 0.7019 | miou: 0.4317 | f1_macro: 0.5726 | pixel_accuracy: 0.7139 | val_loss: 1.6264
Epoch 724/1000 | train_loss: 0.6978 | miou: 0.4340 | f1_macro: 0.5743 | pixel_accuracy: 0.7123 | val_loss: 1.6569
Epoch 725/1000 | train_loss: 0.6860 | miou: 0.4311 | f1_macro: 0.5721 | pixel_accuracy: 0.7090 | val_loss: 1.6627
Epoch 726/1000 | train_loss: 0.6750 | miou: 0.4324 | f1_macro: 0.5735 | pixel_accuracy: 0.7089 | val_loss: 1.6873
Epoch 727/1000 | train_loss: 0.6829 | miou: 0.4303 | f1_macro: 0.5700 | pixel_accuracy: 0.7045 | val_loss: 1.7845
Epoch 728/1000 | train_loss: 0.6930 | miou: 0.4324 | f1_macro: 0.5740 | pixel_accuracy: 0.7070 | val_loss: 1.7208
Epoch 729/1000 | train_loss: 0.6863 | miou: 0.4311 | f1_macro: 0.5706 | pixel_accuracy: 0.7100 | val_loss: 1.7541
Epoch 730/1000 | train_loss: 0.7198 | miou: 0.4252 | f1_macro: 0.5635 | pixel_accuracy: 0.7073 | val_loss: 1.8019
Epoch 731/1000 | train_loss: 0.6873 | miou: 0.4330 | f1_macro: 0.5774 | pixel_accuracy: 0.7083 | val_loss: 1.7959
Epoch 732/1000 | train_loss: 0.6890 | miou: 0.4360 | f1_macro: 0.5788 | pixel_accuracy: 0.7086 | val_loss: 1.8057
Epoch 733/1000 | train_loss: 0.7070 | miou: 0.4288 | f1_macro: 0.5647 | pixel_accuracy: 0.7068 | val_loss: 1.8322
Epoch 734/1000 | train_loss: 0.6765 | miou: 0.4333 | f1_macro: 0.5772 | pixel_accuracy: 0.7057 | val_loss: 1.7450
Epoch 735/1000 | train_loss: 0.7106 | miou: 0.4370 | f1_macro: 0.5799 | pixel_accuracy: 0.7093 | val_loss: 1.7834
Epoch 736/1000 | train_loss: 0.6770 | miou: 0.4360 | f1_macro: 0.5796 | pixel_accuracy: 0.7098 | val_loss: 1.7698
Epoch 737/1000 | train_loss: 0.6780 | miou: 0.4346 | f1_macro: 0.5768 | pixel_accuracy: 0.7095 | val_loss: 1.8037
Epoch 738/1000 | train_loss: 0.6973 | miou: 0.4275 | f1_macro: 0.5666 | pixel_accuracy: 0.7067 | val_loss: 1.8745
Epoch 739/1000 | train_loss: 0.6990 | miou: 0.4353 | f1_macro: 0.5805 | pixel_accuracy: 0.7065 | val_loss: 1.7484
Epoch 740/1000 | train_loss: 0.6886 | miou: 0.4339 | f1_macro: 0.5770 | pixel_accuracy: 0.7061 | val_loss: 1.7966
Epoch 741/1000 | train_loss: 0.6752 | miou: 0.4341 | f1_macro: 0.5766 | pixel_accuracy: 0.7069 | val_loss: 1.7671
Epoch 742/1000 | train_loss: 0.6858 | miou: 0.4340 | f1_macro: 0.5770 | pixel_accuracy: 0.7066 | val_loss: 1.7547
Epoch 743/1000 | train_loss: 0.6928 | miou: 0.4297 | f1_macro: 0.5693 | pixel_accuracy: 0.7084 | val_loss: 1.8490
Epoch 744/1000 | train_loss: 0.6921 | miou: 0.4343 | f1_macro: 0.5778 | pixel_accuracy: 0.7086 | val_loss: 1.7688
Epoch 745/1000 | train_loss: 0.7038 | miou: 0.4458 | f1_macro: 0.5895 | pixel_accuracy: 0.7150 | val_loss: 1.7427
Epoch 746/1000 | train_loss: 0.6868 | miou: 0.4470 | f1_macro: 0.5922 | pixel_accuracy: 0.7174 | val_loss: 1.6951
Epoch 747/1000 | train_loss: 0.6983 | miou: 0.4342 | f1_macro: 0.5727 | pixel_accuracy: 0.7102 | val_loss: 1.7992
Epoch 748/1000 | train_loss: 0.6908 | miou: 0.4288 | f1_macro: 0.5671 | pixel_accuracy: 0.7032 | val_loss: 1.8709
Epoch 749/1000 | train_loss: 0.6850 | miou: 0.4198 | f1_macro: 0.5570 | pixel_accuracy: 0.6966 | val_loss: 1.8689
Epoch 750/1000 | train_loss: 0.7029 | miou: 0.4200 | f1_macro: 0.5560 | pixel_accuracy: 0.6992 | val_loss: 1.8407
Epoch 751/1000 | train_loss: 0.6882 | miou: 0.4247 | f1_macro: 0.5609 | pixel_accuracy: 0.7039 | val_loss: 1.8560
Epoch 752/1000 | train_loss: 0.6874 | miou: 0.4260 | f1_macro: 0.5629 | pixel_accuracy: 0.7069 | val_loss: 1.8186
Epoch 753/1000 | train_loss: 0.6938 | miou: 0.4194 | f1_macro: 0.5571 | pixel_accuracy: 0.6984 | val_loss: 1.9094
Epoch 754/1000 | train_loss: 0.6709 | miou: 0.4338 | f1_macro: 0.5780 | pixel_accuracy: 0.7054 | val_loss: 1.8345
Epoch 755/1000 | train_loss: 0.6750 | miou: 0.4286 | f1_macro: 0.5715 | pixel_accuracy: 0.7025 | val_loss: 1.9080
Epoch 756/1000 | train_loss: 0.6718 | miou: 0.4297 | f1_macro: 0.5711 | pixel_accuracy: 0.7037 | val_loss: 1.8888
Epoch 757/1000 | train_loss: 0.6609 | miou: 0.4109 | f1_macro: 0.5532 | pixel_accuracy: 0.6970 | val_loss: 1.9973
Epoch 758/1000 | train_loss: 0.6773 | miou: 0.4222 | f1_macro: 0.5643 | pixel_accuracy: 0.7005 | val_loss: 1.8924
Epoch 759/1000 | train_loss: 0.6915 | miou: 0.4364 | f1_macro: 0.5788 | pixel_accuracy: 0.7130 | val_loss: 1.8494
Epoch 760/1000 | train_loss: 0.6829 | miou: 0.4424 | f1_macro: 0.5872 | pixel_accuracy: 0.7143 | val_loss: 1.8175
Epoch 761/1000 | train_loss: 0.7057 | miou: 0.4355 | f1_macro: 0.5748 | pixel_accuracy: 0.7139 | val_loss: 1.7283
Epoch 762/1000 | train_loss: 0.6892 | miou: 0.4365 | f1_macro: 0.5778 | pixel_accuracy: 0.7067 | val_loss: 1.6867
Epoch 763/1000 | train_loss: 0.6750 | miou: 0.4267 | f1_macro: 0.5703 | pixel_accuracy: 0.7022 | val_loss: 1.7446
Epoch 764/1000 | train_loss: 0.7157 | miou: 0.4238 | f1_macro: 0.5640 | pixel_accuracy: 0.7065 | val_loss: 1.8439
Epoch 765/1000 | train_loss: 0.6837 | miou: 0.4490 | f1_macro: 0.5876 | pixel_accuracy: 0.7339 | val_loss: 1.5816
