==========================================
Job ID: 3160290
Node: gput063
GPU: 0
Experiment: configs/experiment/deeplabv3.yaml
Run Name: deeplabv3-merged-1000ep
==========================================
Sun Feb 22 12:37:53 2026       
+-----------------------------------------------------------------------------------------+
| NVIDIA-SMI 570.158.01             Driver Version: 570.158.01     CUDA Version: 12.8     |
|-----------------------------------------+------------------------+----------------------+
| GPU  Name                 Persistence-M | Bus-Id          Disp.A | Volatile Uncorr. ECC |
| Fan  Temp   Perf          Pwr:Usage/Cap |           Memory-Usage | GPU-Util  Compute M. |
|                                         |                        |               MIG M. |
|=========================================+========================+======================|
|   0  NVIDIA L40S                    On  |   00000000:E1:00.0 Off |                    0 |
| N/A   25C    P8             31W /  350W |       0MiB /  46068MiB |      0%      Default |
|                                         |                        |                  N/A |
+-----------------------------------------+------------------------+----------------------+
                                                                                         
+-----------------------------------------------------------------------------------------+
| Processes:                                                                              |
|  GPU   GI   CI              PID   Type   Process name                        GPU Memory |
|        ID   ID                                                               Usage      |
|=========================================================================================|
|  No running processes found                                                             |
+-----------------------------------------------------------------------------------------+
Split: 110 train / 20 val (from 130 total)
Model: deeplabv3
Trainable parameters: 39,635,014
Epoch 1/1000 | train_loss: 1.1854 | miou: 0.4341 | f1_macro: 0.5431 | pixel_accuracy: 0.7679 | val_loss: 0.7594
Epoch 2/1000 | train_loss: 0.8897 | miou: 0.4100 | f1_macro: 0.5346 | pixel_accuracy: 0.7214 | val_loss: 0.8614
Epoch 3/1000 | train_loss: 0.7661 | miou: 0.4658 | f1_macro: 0.6115 | pixel_accuracy: 0.7323 | val_loss: 0.7773
Epoch 4/1000 | train_loss: 0.7653 | miou: 0.6557 | f1_macro: 0.7667 | pixel_accuracy: 0.8927 | val_loss: 0.3954
