==========================================
Job ID: 3160942
Node: gput074
GPU: 0
Experiment: configs/experiment/deeplabv3_dataset116.yaml
Run Name: deeplabv3-d116
==========================================
Sun Feb 22 16:04:24 2026       
+-----------------------------------------------------------------------------------------+
| NVIDIA-SMI 570.158.01             Driver Version: 570.158.01     CUDA Version: 12.8     |
|-----------------------------------------+------------------------+----------------------+
| GPU  Name                 Persistence-M | Bus-Id          Disp.A | Volatile Uncorr. ECC |
| Fan  Temp   Perf          Pwr:Usage/Cap |           Memory-Usage | GPU-Util  Compute M. |
|                                         |                        |               MIG M. |
|=========================================+========================+======================|
|   0  NVIDIA GeForce RTX 4090        On  |   00000000:4A:00.0 Off |                  Off |
| 32%   27C    P8             19W /  450W |       1MiB /  24564MiB |      0%      Default |
|                                         |                        |                  N/A |
+-----------------------------------------+------------------------+----------------------+
                                                                                         
+-----------------------------------------------------------------------------------------+
| Processes:                                                                              |
|  GPU   GI   CI              PID   Type   Process name                        GPU Memory |
|        ID   ID                                                               Usage      |
|=========================================================================================|
|  No running processes found                                                             |
+-----------------------------------------------------------------------------------------+
Split: 98 train / 18 val (from 116 total)
Model: deeplabv3
Trainable parameters: 39,635,014
Epoch 1/1000 | train_loss: 1.3207 | miou: 0.4426 | f1_macro: 0.5491 | pixel_accuracy: 0.7621 | val_loss: 0.8742
Epoch 2/1000 | train_loss: 0.9913 | miou: 0.5067 | f1_macro: 0.6161 | pixel_accuracy: 0.7822 | val_loss: 0.7455
Epoch 3/1000 | train_loss: 0.8671 | miou: 0.5403 | f1_macro: 0.6434 | pixel_accuracy: 0.8184 | val_loss: 0.6239
Epoch 4/1000 | train_loss: 0.7933 | miou: 0.5961 | f1_macro: 0.7145 | pixel_accuracy: 0.8354 | val_loss: 0.5794
Epoch 5/1000 | train_loss: 0.7321 | miou: 0.5887 | f1_macro: 0.7099 | pixel_accuracy: 0.8291 | val_loss: 0.5681
Epoch 6/1000 | train_loss: 0.6918 | miou: 0.6054 | f1_macro: 0.7161 | pixel_accuracy: 0.8408 | val_loss: 0.5150
Epoch 7/1000 | train_loss: 0.6668 | miou: 0.6181 | f1_macro: 0.7278 | pixel_accuracy: 0.8541 | val_loss: 0.5241
Epoch 8/1000 | train_loss: 0.6411 | miou: 0.6357 | f1_macro: 0.7552 | pixel_accuracy: 0.8507 | val_loss: 0.5055
Epoch 9/1000 | train_loss: 0.6405 | miou: 0.6092 | f1_macro: 0.7140 | pixel_accuracy: 0.8522 | val_loss: 0.4910
Epoch 10/1000 | train_loss: 0.5944 | miou: 0.5943 | f1_macro: 0.6991 | pixel_accuracy: 0.8450 | val_loss: 0.5348
Epoch 11/1000 | train_loss: 0.5860 | miou: 0.6259 | f1_macro: 0.7428 | pixel_accuracy: 0.8494 | val_loss: 0.4919
Epoch 12/1000 | train_loss: 0.5521 | miou: 0.6342 | f1_macro: 0.7428 | pixel_accuracy: 0.8605 | val_loss: 0.4449
Epoch 13/1000 | train_loss: 0.5544 | miou: 0.6270 | f1_macro: 0.7475 | pixel_accuracy: 0.8452 | val_loss: 0.5161
Epoch 14/1000 | train_loss: 0.5712 | miou: 0.6424 | f1_macro: 0.7517 | pixel_accuracy: 0.8637 | val_loss: 0.4526
Epoch 15/1000 | train_loss: 0.5474 | miou: 0.6293 | f1_macro: 0.7414 | pixel_accuracy: 0.8500 | val_loss: 0.4671
Epoch 16/1000 | train_loss: 0.5322 | miou: 0.6346 | f1_macro: 0.7474 | pixel_accuracy: 0.8638 | val_loss: 0.4634
Epoch 17/1000 | train_loss: 0.5402 | miou: 0.6501 | f1_macro: 0.7682 | pixel_accuracy: 0.8595 | val_loss: 0.4739
Epoch 18/1000 | train_loss: 0.5335 | miou: 0.6424 | f1_macro: 0.7586 | pixel_accuracy: 0.8619 | val_loss: 0.4796
Epoch 19/1000 | train_loss: 0.5019 | miou: 0.6503 | f1_macro: 0.7678 | pixel_accuracy: 0.8601 | val_loss: 0.4673
Epoch 20/1000 | train_loss: 0.5131 | miou: 0.6589 | f1_macro: 0.7701 | pixel_accuracy: 0.8727 | val_loss: 0.4277
Epoch 21/1000 | train_loss: 0.5111 | miou: 0.6531 | f1_macro: 0.7659 | pixel_accuracy: 0.8677 | val_loss: 0.4406
Epoch 22/1000 | train_loss: 0.5116 | miou: 0.6734 | f1_macro: 0.7883 | pixel_accuracy: 0.8717 | val_loss: 0.4253
Epoch 23/1000 | train_loss: 0.4871 | miou: 0.6545 | f1_macro: 0.7677 | pixel_accuracy: 0.8670 | val_loss: 0.4436
Epoch 24/1000 | train_loss: 0.5084 | miou: 0.6689 | f1_macro: 0.7815 | pixel_accuracy: 0.8714 | val_loss: 0.4223
Epoch 25/1000 | train_loss: 0.5018 | miou: 0.6363 | f1_macro: 0.7529 | pixel_accuracy: 0.8500 | val_loss: 0.4696
Epoch 26/1000 | train_loss: 0.5448 | miou: 0.6560 | f1_macro: 0.7658 | pixel_accuracy: 0.8679 | val_loss: 0.4329
Epoch 27/1000 | train_loss: 0.5135 | miou: 0.6557 | f1_macro: 0.7628 | pixel_accuracy: 0.8721 | val_loss: 0.4407
Epoch 28/1000 | train_loss: 0.5112 | miou: 0.6521 | f1_macro: 0.7629 | pixel_accuracy: 0.8680 | val_loss: 0.4492
Epoch 29/1000 | train_loss: 0.4871 | miou: 0.6682 | f1_macro: 0.7817 | pixel_accuracy: 0.8675 | val_loss: 0.4654
Epoch 30/1000 | train_loss: 0.4559 | miou: 0.6760 | f1_macro: 0.7839 | pixel_accuracy: 0.8776 | val_loss: 0.4331
Epoch 31/1000 | train_loss: 0.4870 | miou: 0.6549 | f1_macro: 0.7699 | pixel_accuracy: 0.8503 | val_loss: 0.4879
Epoch 32/1000 | train_loss: 0.4868 | miou: 0.6825 | f1_macro: 0.7884 | pixel_accuracy: 0.8848 | val_loss: 0.4387
Epoch 33/1000 | train_loss: 0.4757 | miou: 0.6681 | f1_macro: 0.7707 | pixel_accuracy: 0.8808 | val_loss: 0.4336
Epoch 34/1000 | train_loss: 0.4681 | miou: 0.6712 | f1_macro: 0.7822 | pixel_accuracy: 0.8725 | val_loss: 0.4231
Epoch 35/1000 | train_loss: 0.4408 | miou: 0.6783 | f1_macro: 0.7895 | pixel_accuracy: 0.8761 | val_loss: 0.4195
Epoch 36/1000 | train_loss: 0.4816 | miou: 0.6598 | f1_macro: 0.7743 | pixel_accuracy: 0.8684 | val_loss: 0.4699
Epoch 37/1000 | train_loss: 0.4672 | miou: 0.6541 | f1_macro: 0.7663 | pixel_accuracy: 0.8605 | val_loss: 0.4189
Epoch 38/1000 | train_loss: 0.4596 | miou: 0.6588 | f1_macro: 0.7756 | pixel_accuracy: 0.8578 | val_loss: 0.4576
Epoch 39/1000 | train_loss: 0.4453 | miou: 0.6805 | f1_macro: 0.7864 | pixel_accuracy: 0.8831 | val_loss: 0.3974
Epoch 40/1000 | train_loss: 0.4340 | miou: 0.6687 | f1_macro: 0.7808 | pixel_accuracy: 0.8737 | val_loss: 0.4508
Epoch 41/1000 | train_loss: 0.4618 | miou: 0.6791 | f1_macro: 0.7873 | pixel_accuracy: 0.8761 | val_loss: 0.4163
Epoch 42/1000 | train_loss: 0.4586 | miou: 0.6831 | f1_macro: 0.7965 | pixel_accuracy: 0.8745 | val_loss: 0.4251
Epoch 43/1000 | train_loss: 0.4479 | miou: 0.6979 | f1_macro: 0.8044 | pixel_accuracy: 0.8887 | val_loss: 0.4000
Epoch 44/1000 | train_loss: 0.4302 | miou: 0.6757 | f1_macro: 0.7906 | pixel_accuracy: 0.8703 | val_loss: 0.4428
Epoch 45/1000 | train_loss: 0.4453 | miou: 0.6941 | f1_macro: 0.8017 | pixel_accuracy: 0.8833 | val_loss: 0.4114
Epoch 46/1000 | train_loss: 0.4511 | miou: 0.6740 | f1_macro: 0.7873 | pixel_accuracy: 0.8706 | val_loss: 0.4433
Epoch 47/1000 | train_loss: 0.4472 | miou: 0.6809 | f1_macro: 0.7907 | pixel_accuracy: 0.8785 | val_loss: 0.4451
Epoch 48/1000 | train_loss: 0.4414 | miou: 0.6970 | f1_macro: 0.8028 | pixel_accuracy: 0.8863 | val_loss: 0.3954
Epoch 49/1000 | train_loss: 0.4468 | miou: 0.6649 | f1_macro: 0.7800 | pixel_accuracy: 0.8673 | val_loss: 0.4437
Epoch 50/1000 | train_loss: 0.4418 | miou: 0.6721 | f1_macro: 0.7831 | pixel_accuracy: 0.8780 | val_loss: 0.4725
Epoch 51/1000 | train_loss: 0.4390 | miou: 0.6852 | f1_macro: 0.7989 | pixel_accuracy: 0.8720 | val_loss: 0.4445
Epoch 52/1000 | train_loss: 0.4401 | miou: 0.6942 | f1_macro: 0.8001 | pixel_accuracy: 0.8847 | val_loss: 0.3979
Epoch 53/1000 | train_loss: 0.4388 | miou: 0.6893 | f1_macro: 0.7979 | pixel_accuracy: 0.8822 | val_loss: 0.4168
Epoch 54/1000 | train_loss: 0.4544 | miou: 0.6882 | f1_macro: 0.7991 | pixel_accuracy: 0.8754 | val_loss: 0.4340
Epoch 55/1000 | train_loss: 0.4279 | miou: 0.6830 | f1_macro: 0.7916 | pixel_accuracy: 0.8827 | val_loss: 0.4363
Epoch 56/1000 | train_loss: 0.4217 | miou: 0.6795 | f1_macro: 0.7949 | pixel_accuracy: 0.8700 | val_loss: 0.4344
Epoch 57/1000 | train_loss: 0.4437 | miou: 0.6925 | f1_macro: 0.8025 | pixel_accuracy: 0.8821 | val_loss: 0.4244
Epoch 58/1000 | train_loss: 0.4141 | miou: 0.7069 | f1_macro: 0.8131 | pixel_accuracy: 0.8916 | val_loss: 0.3944
Epoch 59/1000 | train_loss: 0.4320 | miou: 0.6792 | f1_macro: 0.7886 | pixel_accuracy: 0.8769 | val_loss: 0.4334
Epoch 60/1000 | train_loss: 0.4182 | miou: 0.6739 | f1_macro: 0.7867 | pixel_accuracy: 0.8732 | val_loss: 0.4621
Epoch 61/1000 | train_loss: 0.4229 | miou: 0.6299 | f1_macro: 0.7545 | pixel_accuracy: 0.8375 | val_loss: 0.5869
Epoch 62/1000 | train_loss: 0.4238 | miou: 0.6865 | f1_macro: 0.8016 | pixel_accuracy: 0.8682 | val_loss: 0.4509
Epoch 63/1000 | train_loss: 0.4178 | miou: 0.6742 | f1_macro: 0.7898 | pixel_accuracy: 0.8683 | val_loss: 0.4390
Epoch 64/1000 | train_loss: 0.4190 | miou: 0.7029 | f1_macro: 0.8091 | pixel_accuracy: 0.8899 | val_loss: 0.3985
Epoch 65/1000 | train_loss: 0.4208 | miou: 0.7008 | f1_macro: 0.8079 | pixel_accuracy: 0.8914 | val_loss: 0.4184
Epoch 66/1000 | train_loss: 0.4152 | miou: 0.6998 | f1_macro: 0.8050 | pixel_accuracy: 0.8880 | val_loss: 0.4105
Epoch 67/1000 | train_loss: 0.4198 | miou: 0.6793 | f1_macro: 0.7918 | pixel_accuracy: 0.8735 | val_loss: 0.4719
Epoch 68/1000 | train_loss: 0.4137 | miou: 0.6969 | f1_macro: 0.8069 | pixel_accuracy: 0.8793 | val_loss: 0.3990
Epoch 69/1000 | train_loss: 0.4254 | miou: 0.6454 | f1_macro: 0.7658 | pixel_accuracy: 0.8555 | val_loss: 0.5550
Epoch 70/1000 | train_loss: 0.4021 | miou: 0.6968 | f1_macro: 0.8058 | pixel_accuracy: 0.8821 | val_loss: 0.4280
Epoch 71/1000 | train_loss: 0.4113 | miou: 0.6963 | f1_macro: 0.8063 | pixel_accuracy: 0.8812 | val_loss: 0.4358
Epoch 72/1000 | train_loss: 0.4139 | miou: 0.6568 | f1_macro: 0.7755 | pixel_accuracy: 0.8592 | val_loss: 0.5096
Epoch 73/1000 | train_loss: 0.3987 | miou: 0.7015 | f1_macro: 0.8099 | pixel_accuracy: 0.8841 | val_loss: 0.4048
Epoch 74/1000 | train_loss: 0.4074 | miou: 0.6798 | f1_macro: 0.7968 | pixel_accuracy: 0.8679 | val_loss: 0.4632
Epoch 75/1000 | train_loss: 0.3984 | miou: 0.6934 | f1_macro: 0.8034 | pixel_accuracy: 0.8832 | val_loss: 0.4513
Epoch 76/1000 | train_loss: 0.4167 | miou: 0.7110 | f1_macro: 0.8151 | pixel_accuracy: 0.8957 | val_loss: 0.3803
Epoch 77/1000 | train_loss: 0.4007 | miou: 0.7087 | f1_macro: 0.8135 | pixel_accuracy: 0.8941 | val_loss: 0.4040
Epoch 78/1000 | train_loss: 0.4183 | miou: 0.7151 | f1_macro: 0.8197 | pixel_accuracy: 0.8942 | val_loss: 0.3879
Epoch 79/1000 | train_loss: 0.4127 | miou: 0.6944 | f1_macro: 0.8071 | pixel_accuracy: 0.8750 | val_loss: 0.4619
Epoch 80/1000 | train_loss: 0.4003 | miou: 0.6728 | f1_macro: 0.7950 | pixel_accuracy: 0.8519 | val_loss: 0.5505
Epoch 81/1000 | train_loss: 0.4045 | miou: 0.6872 | f1_macro: 0.8037 | pixel_accuracy: 0.8730 | val_loss: 0.4525
Epoch 82/1000 | train_loss: 0.4134 | miou: 0.7112 | f1_macro: 0.8170 | pixel_accuracy: 0.8945 | val_loss: 0.4276
Epoch 83/1000 | train_loss: 0.4013 | miou: 0.6857 | f1_macro: 0.7987 | pixel_accuracy: 0.8753 | val_loss: 0.4696
Epoch 84/1000 | train_loss: 0.4054 | miou: 0.6909 | f1_macro: 0.7998 | pixel_accuracy: 0.8820 | val_loss: 0.4579
Epoch 85/1000 | train_loss: 0.4036 | miou: 0.6890 | f1_macro: 0.8021 | pixel_accuracy: 0.8769 | val_loss: 0.4351
Epoch 86/1000 | train_loss: 0.4048 | miou: 0.7028 | f1_macro: 0.8109 | pixel_accuracy: 0.8871 | val_loss: 0.4224
Epoch 87/1000 | train_loss: 0.4169 | miou: 0.6954 | f1_macro: 0.8047 | pixel_accuracy: 0.8853 | val_loss: 0.4406
Epoch 88/1000 | train_loss: 0.4134 | miou: 0.6885 | f1_macro: 0.7932 | pixel_accuracy: 0.8910 | val_loss: 0.4472
Epoch 89/1000 | train_loss: 0.4065 | miou: 0.6995 | f1_macro: 0.8088 | pixel_accuracy: 0.8863 | val_loss: 0.4086
Epoch 90/1000 | train_loss: 0.3928 | miou: 0.6903 | f1_macro: 0.8063 | pixel_accuracy: 0.8690 | val_loss: 0.4598
Epoch 91/1000 | train_loss: 0.4130 | miou: 0.6625 | f1_macro: 0.7787 | pixel_accuracy: 0.8664 | val_loss: 0.5007
Epoch 92/1000 | train_loss: 0.4031 | miou: 0.6771 | f1_macro: 0.7923 | pixel_accuracy: 0.8713 | val_loss: 0.4962
Epoch 93/1000 | train_loss: 0.4057 | miou: 0.6986 | f1_macro: 0.8074 | pixel_accuracy: 0.8866 | val_loss: 0.4116
Epoch 94/1000 | train_loss: 0.4004 | miou: 0.6713 | f1_macro: 0.7892 | pixel_accuracy: 0.8687 | val_loss: 0.5335
Epoch 95/1000 | train_loss: 0.4090 | miou: 0.6945 | f1_macro: 0.8016 | pixel_accuracy: 0.8865 | val_loss: 0.4210
Epoch 96/1000 | train_loss: 0.3930 | miou: 0.6654 | f1_macro: 0.7843 | pixel_accuracy: 0.8581 | val_loss: 0.5474
Epoch 97/1000 | train_loss: 0.3795 | miou: 0.6967 | f1_macro: 0.8065 | pixel_accuracy: 0.8848 | val_loss: 0.4501
Epoch 98/1000 | train_loss: 0.3673 | miou: 0.6683 | f1_macro: 0.7865 | pixel_accuracy: 0.8660 | val_loss: 0.5301
Epoch 99/1000 | train_loss: 0.3990 | miou: 0.6740 | f1_macro: 0.7948 | pixel_accuracy: 0.8583 | val_loss: 0.5630
Epoch 100/1000 | train_loss: 0.3909 | miou: 0.6770 | f1_macro: 0.7944 | pixel_accuracy: 0.8683 | val_loss: 0.5116
Epoch 101/1000 | train_loss: 0.3869 | miou: 0.6897 | f1_macro: 0.8023 | pixel_accuracy: 0.8750 | val_loss: 0.4721
Epoch 102/1000 | train_loss: 0.3948 | miou: 0.6882 | f1_macro: 0.7993 | pixel_accuracy: 0.8813 | val_loss: 0.4720
Epoch 103/1000 | train_loss: 0.4063 | miou: 0.6804 | f1_macro: 0.7931 | pixel_accuracy: 0.8763 | val_loss: 0.4579
Epoch 104/1000 | train_loss: 0.3981 | miou: 0.6632 | f1_macro: 0.7854 | pixel_accuracy: 0.8550 | val_loss: 0.5187
Epoch 105/1000 | train_loss: 0.4034 | miou: 0.6798 | f1_macro: 0.7935 | pixel_accuracy: 0.8740 | val_loss: 0.4751
Epoch 106/1000 | train_loss: 0.3991 | miou: 0.6838 | f1_macro: 0.8009 | pixel_accuracy: 0.8675 | val_loss: 0.5016
Epoch 107/1000 | train_loss: 0.3654 | miou: 0.6815 | f1_macro: 0.7958 | pixel_accuracy: 0.8752 | val_loss: 0.4907
Epoch 108/1000 | train_loss: 0.3687 | miou: 0.6877 | f1_macro: 0.7985 | pixel_accuracy: 0.8800 | val_loss: 0.4835
Epoch 109/1000 | train_loss: 0.3779 | miou: 0.6959 | f1_macro: 0.8075 | pixel_accuracy: 0.8819 | val_loss: 0.4513
Epoch 110/1000 | train_loss: 0.3950 | miou: 0.7049 | f1_macro: 0.8108 | pixel_accuracy: 0.8945 | val_loss: 0.4512
Epoch 111/1000 | train_loss: 0.4056 | miou: 0.6806 | f1_macro: 0.7981 | pixel_accuracy: 0.8655 | val_loss: 0.5320
Epoch 112/1000 | train_loss: 0.4127 | miou: 0.6862 | f1_macro: 0.7991 | pixel_accuracy: 0.8808 | val_loss: 0.4672
Epoch 113/1000 | train_loss: 0.3995 | miou: 0.6986 | f1_macro: 0.8070 | pixel_accuracy: 0.8831 | val_loss: 0.4654
Epoch 114/1000 | train_loss: 0.3983 | miou: 0.7132 | f1_macro: 0.8172 | pixel_accuracy: 0.8961 | val_loss: 0.4128
Epoch 115/1000 | train_loss: 0.3748 | miou: 0.6987 | f1_macro: 0.8079 | pixel_accuracy: 0.8861 | val_loss: 0.4546
Epoch 116/1000 | train_loss: 0.3693 | miou: 0.7084 | f1_macro: 0.8141 | pixel_accuracy: 0.8953 | val_loss: 0.4583
Epoch 117/1000 | train_loss: 0.3846 | miou: 0.6766 | f1_macro: 0.7895 | pixel_accuracy: 0.8738 | val_loss: 0.4800
Epoch 118/1000 | train_loss: 0.3562 | miou: 0.6984 | f1_macro: 0.8067 | pixel_accuracy: 0.8836 | val_loss: 0.4425
Epoch 119/1000 | train_loss: 0.3902 | miou: 0.7026 | f1_macro: 0.8081 | pixel_accuracy: 0.8934 | val_loss: 0.4413
Epoch 120/1000 | train_loss: 0.3758 | miou: 0.7106 | f1_macro: 0.8154 | pixel_accuracy: 0.8947 | val_loss: 0.4403
Epoch 121/1000 | train_loss: 0.3894 | miou: 0.7052 | f1_macro: 0.8109 | pixel_accuracy: 0.8900 | val_loss: 0.3984
Epoch 122/1000 | train_loss: 0.3741 | miou: 0.7178 | f1_macro: 0.8218 | pixel_accuracy: 0.8984 | val_loss: 0.4202
Epoch 123/1000 | train_loss: 0.3712 | miou: 0.7210 | f1_macro: 0.8249 | pixel_accuracy: 0.8972 | val_loss: 0.4058
Epoch 124/1000 | train_loss: 0.3809 | miou: 0.7180 | f1_macro: 0.8209 | pixel_accuracy: 0.8985 | val_loss: 0.4004
Epoch 125/1000 | train_loss: 0.3671 | miou: 0.7235 | f1_macro: 0.8269 | pixel_accuracy: 0.8986 | val_loss: 0.4001
Epoch 126/1000 | train_loss: 0.3780 | miou: 0.7090 | f1_macro: 0.8132 | pixel_accuracy: 0.8960 | val_loss: 0.4306
Epoch 127/1000 | train_loss: 0.3807 | miou: 0.7138 | f1_macro: 0.8201 | pixel_accuracy: 0.8930 | val_loss: 0.4303
Epoch 128/1000 | train_loss: 0.3642 | miou: 0.7172 | f1_macro: 0.8229 | pixel_accuracy: 0.8957 | val_loss: 0.4255
Epoch 129/1000 | train_loss: 0.3909 | miou: 0.6907 | f1_macro: 0.7994 | pixel_accuracy: 0.8875 | val_loss: 0.4966
Epoch 130/1000 | train_loss: 0.4047 | miou: 0.7192 | f1_macro: 0.8238 | pixel_accuracy: 0.8953 | val_loss: 0.4005
Epoch 131/1000 | train_loss: 0.3972 | miou: 0.7077 | f1_macro: 0.8141 | pixel_accuracy: 0.8918 | val_loss: 0.4331
Epoch 132/1000 | train_loss: 0.3853 | miou: 0.6928 | f1_macro: 0.8046 | pixel_accuracy: 0.8808 | val_loss: 0.4777
Epoch 133/1000 | train_loss: 0.3823 | miou: 0.7002 | f1_macro: 0.8059 | pixel_accuracy: 0.8907 | val_loss: 0.4592
Epoch 134/1000 | train_loss: 0.4098 | miou: 0.6908 | f1_macro: 0.8055 | pixel_accuracy: 0.8760 | val_loss: 0.5010
Epoch 135/1000 | train_loss: 0.3752 | miou: 0.6869 | f1_macro: 0.7985 | pixel_accuracy: 0.8775 | val_loss: 0.4810
Epoch 136/1000 | train_loss: 0.3674 | miou: 0.7124 | f1_macro: 0.8176 | pixel_accuracy: 0.8953 | val_loss: 0.4377
Epoch 137/1000 | train_loss: 0.3617 | miou: 0.7198 | f1_macro: 0.8235 | pixel_accuracy: 0.8975 | val_loss: 0.4101
Epoch 138/1000 | train_loss: 0.3663 | miou: 0.7018 | f1_macro: 0.8123 | pixel_accuracy: 0.8831 | val_loss: 0.4716
Epoch 139/1000 | train_loss: 0.3585 | miou: 0.7270 | f1_macro: 0.8295 | pixel_accuracy: 0.8997 | val_loss: 0.4069
Epoch 140/1000 | train_loss: 0.3809 | miou: 0.7088 | f1_macro: 0.8166 | pixel_accuracy: 0.8875 | val_loss: 0.4824
Epoch 141/1000 | train_loss: 0.3800 | miou: 0.7154 | f1_macro: 0.8213 | pixel_accuracy: 0.8935 | val_loss: 0.4548
Epoch 142/1000 | train_loss: 0.3683 | miou: 0.7223 | f1_macro: 0.8238 | pixel_accuracy: 0.8997 | val_loss: 0.3983
Epoch 143/1000 | train_loss: 0.3807 | miou: 0.7129 | f1_macro: 0.8175 | pixel_accuracy: 0.8942 | val_loss: 0.4435
Epoch 144/1000 | train_loss: 0.3726 | miou: 0.7058 | f1_macro: 0.8124 | pixel_accuracy: 0.8892 | val_loss: 0.4337
Epoch 145/1000 | train_loss: 0.3735 | miou: 0.7143 | f1_macro: 0.8212 | pixel_accuracy: 0.8902 | val_loss: 0.4407
Epoch 146/1000 | train_loss: 0.3730 | miou: 0.6994 | f1_macro: 0.8061 | pixel_accuracy: 0.8894 | val_loss: 0.4712
Epoch 147/1000 | train_loss: 0.3878 | miou: 0.6999 | f1_macro: 0.8112 | pixel_accuracy: 0.8825 | val_loss: 0.4657
Epoch 148/1000 | train_loss: 0.3800 | miou: 0.6869 | f1_macro: 0.7977 | pixel_accuracy: 0.8760 | val_loss: 0.5029
Epoch 149/1000 | train_loss: 0.3790 | miou: 0.7032 | f1_macro: 0.8117 | pixel_accuracy: 0.8853 | val_loss: 0.4666
Epoch 150/1000 | train_loss: 0.3759 | miou: 0.6902 | f1_macro: 0.8044 | pixel_accuracy: 0.8753 | val_loss: 0.5099
Epoch 151/1000 | train_loss: 0.3797 | miou: 0.6915 | f1_macro: 0.8019 | pixel_accuracy: 0.8833 | val_loss: 0.5114
Epoch 152/1000 | train_loss: 0.3607 | miou: 0.6812 | f1_macro: 0.7996 | pixel_accuracy: 0.8655 | val_loss: 0.5718
Epoch 153/1000 | train_loss: 0.3636 | miou: 0.6730 | f1_macro: 0.7860 | pixel_accuracy: 0.8706 | val_loss: 0.5321
Epoch 154/1000 | train_loss: 0.3812 | miou: 0.6876 | f1_macro: 0.8029 | pixel_accuracy: 0.8691 | val_loss: 0.4793
Epoch 155/1000 | train_loss: 0.3689 | miou: 0.7092 | f1_macro: 0.8166 | pixel_accuracy: 0.8889 | val_loss: 0.4464
Epoch 156/1000 | train_loss: 0.3759 | miou: 0.7043 | f1_macro: 0.8077 | pixel_accuracy: 0.8958 | val_loss: 0.4446
Epoch 157/1000 | train_loss: 0.3869 | miou: 0.7150 | f1_macro: 0.8191 | pixel_accuracy: 0.8956 | val_loss: 0.4289
Epoch 158/1000 | train_loss: 0.3810 | miou: 0.7120 | f1_macro: 0.8183 | pixel_accuracy: 0.8929 | val_loss: 0.4898
Epoch 159/1000 | train_loss: 0.3518 | miou: 0.7061 | f1_macro: 0.8134 | pixel_accuracy: 0.8890 | val_loss: 0.4514
Epoch 160/1000 | train_loss: 0.3623 | miou: 0.7105 | f1_macro: 0.8127 | pixel_accuracy: 0.8981 | val_loss: 0.4715
Epoch 161/1000 | train_loss: 0.3772 | miou: 0.7221 | f1_macro: 0.8244 | pixel_accuracy: 0.8992 | val_loss: 0.4217
Epoch 162/1000 | train_loss: 0.3766 | miou: 0.7135 | f1_macro: 0.8162 | pixel_accuracy: 0.8962 | val_loss: 0.4512
Epoch 163/1000 | train_loss: 0.3643 | miou: 0.7112 | f1_macro: 0.8146 | pixel_accuracy: 0.8969 | val_loss: 0.4522
Epoch 164/1000 | train_loss: 0.3725 | miou: 0.7143 | f1_macro: 0.8176 | pixel_accuracy: 0.8964 | val_loss: 0.4393
Epoch 165/1000 | train_loss: 0.3718 | miou: 0.7205 | f1_macro: 0.8222 | pixel_accuracy: 0.9009 | val_loss: 0.4447
Epoch 166/1000 | train_loss: 0.3537 | miou: 0.7102 | f1_macro: 0.8112 | pixel_accuracy: 0.9002 | val_loss: 0.4661
Epoch 167/1000 | train_loss: 0.3724 | miou: 0.7155 | f1_macro: 0.8196 | pixel_accuracy: 0.8946 | val_loss: 0.4686
Epoch 168/1000 | train_loss: 0.3573 | miou: 0.7149 | f1_macro: 0.8172 | pixel_accuracy: 0.8997 | val_loss: 0.4799
Epoch 169/1000 | train_loss: 0.3685 | miou: 0.7132 | f1_macro: 0.8168 | pixel_accuracy: 0.8960 | val_loss: 0.4713
Epoch 170/1000 | train_loss: 0.3515 | miou: 0.7142 | f1_macro: 0.8172 | pixel_accuracy: 0.8979 | val_loss: 0.4541
Epoch 171/1000 | train_loss: 0.3778 | miou: 0.7118 | f1_macro: 0.8172 | pixel_accuracy: 0.8921 | val_loss: 0.4729
Epoch 172/1000 | train_loss: 0.3638 | miou: 0.7240 | f1_macro: 0.8265 | pixel_accuracy: 0.9008 | val_loss: 0.4317
Epoch 173/1000 | train_loss: 0.3651 | miou: 0.7063 | f1_macro: 0.8139 | pixel_accuracy: 0.8885 | val_loss: 0.5097
Epoch 174/1000 | train_loss: 0.3680 | miou: 0.7157 | f1_macro: 0.8204 | pixel_accuracy: 0.8941 | val_loss: 0.4547
Epoch 175/1000 | train_loss: 0.3779 | miou: 0.7171 | f1_macro: 0.8228 | pixel_accuracy: 0.8927 | val_loss: 0.4305
Epoch 176/1000 | train_loss: 0.3874 | miou: 0.7040 | f1_macro: 0.8084 | pixel_accuracy: 0.8950 | val_loss: 0.4697
Epoch 177/1000 | train_loss: 0.3646 | miou: 0.6978 | f1_macro: 0.8071 | pixel_accuracy: 0.8862 | val_loss: 0.4771
Epoch 178/1000 | train_loss: 0.3784 | miou: 0.7090 | f1_macro: 0.8165 | pixel_accuracy: 0.8868 | val_loss: 0.4673
Epoch 179/1000 | train_loss: 0.3749 | miou: 0.7095 | f1_macro: 0.8155 | pixel_accuracy: 0.8898 | val_loss: 0.4647
Epoch 180/1000 | train_loss: 0.3593 | miou: 0.7225 | f1_macro: 0.8253 | pixel_accuracy: 0.8993 | val_loss: 0.4577
Epoch 181/1000 | train_loss: 0.3681 | miou: 0.7181 | f1_macro: 0.8232 | pixel_accuracy: 0.8951 | val_loss: 0.4813
Epoch 182/1000 | train_loss: 0.3823 | miou: 0.7199 | f1_macro: 0.8228 | pixel_accuracy: 0.8986 | val_loss: 0.4581
Epoch 183/1000 | train_loss: 0.3558 | miou: 0.7207 | f1_macro: 0.8247 | pixel_accuracy: 0.8968 | val_loss: 0.4496
Epoch 184/1000 | train_loss: 0.3530 | miou: 0.7047 | f1_macro: 0.8116 | pixel_accuracy: 0.8893 | val_loss: 0.4896
Epoch 185/1000 | train_loss: 0.3653 | miou: 0.7012 | f1_macro: 0.8108 | pixel_accuracy: 0.8829 | val_loss: 0.5072
Epoch 186/1000 | train_loss: 0.3655 | miou: 0.7135 | f1_macro: 0.8182 | pixel_accuracy: 0.8922 | val_loss: 0.4659
Epoch 187/1000 | train_loss: 0.3643 | miou: 0.7168 | f1_macro: 0.8214 | pixel_accuracy: 0.8955 | val_loss: 0.4617
Epoch 188/1000 | train_loss: 0.3775 | miou: 0.7033 | f1_macro: 0.8132 | pixel_accuracy: 0.8833 | val_loss: 0.4808
Epoch 189/1000 | train_loss: 0.3525 | miou: 0.7019 | f1_macro: 0.8124 | pixel_accuracy: 0.8840 | val_loss: 0.5180
Epoch 190/1000 | train_loss: 0.3662 | miou: 0.7112 | f1_macro: 0.8180 | pixel_accuracy: 0.8924 | val_loss: 0.4674
Epoch 191/1000 | train_loss: 0.3706 | miou: 0.7095 | f1_macro: 0.8172 | pixel_accuracy: 0.8908 | val_loss: 0.4893
Epoch 192/1000 | train_loss: 0.3620 | miou: 0.7256 | f1_macro: 0.8273 | pixel_accuracy: 0.9004 | val_loss: 0.4343
Epoch 193/1000 | train_loss: 0.3536 | miou: 0.7091 | f1_macro: 0.8155 | pixel_accuracy: 0.8912 | val_loss: 0.5096
Epoch 194/1000 | train_loss: 0.3539 | miou: 0.7170 | f1_macro: 0.8227 | pixel_accuracy: 0.8931 | val_loss: 0.4851
Epoch 195/1000 | train_loss: 0.3856 | miou: 0.7089 | f1_macro: 0.8187 | pixel_accuracy: 0.8844 | val_loss: 0.5024
Epoch 196/1000 | train_loss: 0.3589 | miou: 0.7072 | f1_macro: 0.8154 | pixel_accuracy: 0.8862 | val_loss: 0.4829
Epoch 197/1000 | train_loss: 0.3426 | miou: 0.7031 | f1_macro: 0.8114 | pixel_accuracy: 0.8859 | val_loss: 0.4746
Epoch 198/1000 | train_loss: 0.3564 | miou: 0.7115 | f1_macro: 0.8204 | pixel_accuracy: 0.8867 | val_loss: 0.5064
Epoch 199/1000 | train_loss: 0.3588 | miou: 0.7096 | f1_macro: 0.8161 | pixel_accuracy: 0.8916 | val_loss: 0.5119
Epoch 200/1000 | train_loss: 0.3509 | miou: 0.7238 | f1_macro: 0.8247 | pixel_accuracy: 0.9027 | val_loss: 0.4622
Epoch 201/1000 | train_loss: 0.3703 | miou: 0.6968 | f1_macro: 0.8077 | pixel_accuracy: 0.8822 | val_loss: 0.5493
Epoch 202/1000 | train_loss: 0.3520 | miou: 0.6924 | f1_macro: 0.8043 | pixel_accuracy: 0.8801 | val_loss: 0.5328
Epoch 203/1000 | train_loss: 0.3572 | miou: 0.7295 | f1_macro: 0.8319 | pixel_accuracy: 0.9017 | val_loss: 0.4386
Epoch 204/1000 | train_loss: 0.3752 | miou: 0.7263 | f1_macro: 0.8311 | pixel_accuracy: 0.8958 | val_loss: 0.4476
Epoch 205/1000 | train_loss: 0.3390 | miou: 0.6994 | f1_macro: 0.8116 | pixel_accuracy: 0.8797 | val_loss: 0.4887
Epoch 206/1000 | train_loss: 0.3478 | miou: 0.7283 | f1_macro: 0.8303 | pixel_accuracy: 0.8992 | val_loss: 0.4486
Epoch 207/1000 | train_loss: 0.3796 | miou: 0.7268 | f1_macro: 0.8287 | pixel_accuracy: 0.9014 | val_loss: 0.4507
Epoch 208/1000 | train_loss: 0.3469 | miou: 0.7165 | f1_macro: 0.8198 | pixel_accuracy: 0.8992 | val_loss: 0.4647
Epoch 209/1000 | train_loss: 0.3581 | miou: 0.7117 | f1_macro: 0.8160 | pixel_accuracy: 0.8969 | val_loss: 0.4928
Epoch 210/1000 | train_loss: 0.3467 | miou: 0.7119 | f1_macro: 0.8189 | pixel_accuracy: 0.8919 | val_loss: 0.4992
Epoch 211/1000 | train_loss: 0.3350 | miou: 0.7353 | f1_macro: 0.8362 | pixel_accuracy: 0.9041 | val_loss: 0.4101
Epoch 212/1000 | train_loss: 0.3586 | miou: 0.7191 | f1_macro: 0.8252 | pixel_accuracy: 0.8935 | val_loss: 0.4538
Epoch 213/1000 | train_loss: 0.3751 | miou: 0.5545 | f1_macro: 0.6945 | pixel_accuracy: 0.7351 | val_loss: 1.1487
Epoch 214/1000 | train_loss: 0.3921 | miou: 0.6470 | f1_macro: 0.7674 | pixel_accuracy: 0.8540 | val_loss: 0.6641
Epoch 215/1000 | train_loss: 0.4007 | miou: 0.6990 | f1_macro: 0.8114 | pixel_accuracy: 0.8831 | val_loss: 0.4711
Epoch 216/1000 | train_loss: 0.4150 | miou: 0.6357 | f1_macro: 0.7651 | pixel_accuracy: 0.8354 | val_loss: 0.5980
Epoch 217/1000 | train_loss: 0.3708 | miou: 0.6976 | f1_macro: 0.8079 | pixel_accuracy: 0.8837 | val_loss: 0.5280
Epoch 218/1000 | train_loss: 0.3487 | miou: 0.6788 | f1_macro: 0.7873 | pixel_accuracy: 0.8811 | val_loss: 0.5290
Epoch 219/1000 | train_loss: 0.3621 | miou: 0.6827 | f1_macro: 0.7951 | pixel_accuracy: 0.8749 | val_loss: 0.5473
Epoch 220/1000 | train_loss: 0.3591 | miou: 0.7059 | f1_macro: 0.8119 | pixel_accuracy: 0.8910 | val_loss: 0.4649
Epoch 221/1000 | train_loss: 0.3511 | miou: 0.7144 | f1_macro: 0.8171 | pixel_accuracy: 0.8970 | val_loss: 0.4622
Epoch 222/1000 | train_loss: 0.3559 | miou: 0.7199 | f1_macro: 0.8230 | pixel_accuracy: 0.8983 | val_loss: 0.4651
Epoch 223/1000 | train_loss: 0.3470 | miou: 0.7304 | f1_macro: 0.8308 | pixel_accuracy: 0.9044 | val_loss: 0.4332
Epoch 224/1000 | train_loss: 0.3430 | miou: 0.7107 | f1_macro: 0.8153 | pixel_accuracy: 0.8981 | val_loss: 0.4686
Epoch 225/1000 | train_loss: 0.3766 | miou: 0.7232 | f1_macro: 0.8256 | pixel_accuracy: 0.9000 | val_loss: 0.4542
Epoch 226/1000 | train_loss: 0.3400 | miou: 0.7303 | f1_macro: 0.8321 | pixel_accuracy: 0.9025 | val_loss: 0.4364
Epoch 227/1000 | train_loss: 0.3523 | miou: 0.7220 | f1_macro: 0.8250 | pixel_accuracy: 0.8995 | val_loss: 0.4393
Epoch 228/1000 | train_loss: 0.3497 | miou: 0.7181 | f1_macro: 0.8208 | pixel_accuracy: 0.8999 | val_loss: 0.4686
Epoch 229/1000 | train_loss: 0.3421 | miou: 0.7196 | f1_macro: 0.8229 | pixel_accuracy: 0.8996 | val_loss: 0.4568
Epoch 230/1000 | train_loss: 0.3453 | miou: 0.7291 | f1_macro: 0.8306 | pixel_accuracy: 0.9010 | val_loss: 0.4588
Epoch 231/1000 | train_loss: 0.3586 | miou: 0.7141 | f1_macro: 0.8170 | pixel_accuracy: 0.8980 | val_loss: 0.4757
Epoch 232/1000 | train_loss: 0.3359 | miou: 0.7288 | f1_macro: 0.8315 | pixel_accuracy: 0.9000 | val_loss: 0.4412
Epoch 233/1000 | train_loss: 0.3427 | miou: 0.7322 | f1_macro: 0.8325 | pixel_accuracy: 0.9042 | val_loss: 0.4490
Epoch 234/1000 | train_loss: 0.3618 | miou: 0.7242 | f1_macro: 0.8256 | pixel_accuracy: 0.9032 | val_loss: 0.4415
Epoch 235/1000 | train_loss: 0.3860 | miou: 0.7295 | f1_macro: 0.8288 | pixel_accuracy: 0.9058 | val_loss: 0.4376
Epoch 236/1000 | train_loss: 0.3468 | miou: 0.7235 | f1_macro: 0.8294 | pixel_accuracy: 0.8936 | val_loss: 0.4438
Epoch 237/1000 | train_loss: 0.3616 | miou: 0.7184 | f1_macro: 0.8251 | pixel_accuracy: 0.8918 | val_loss: 0.4420
Epoch 238/1000 | train_loss: 0.3401 | miou: 0.7206 | f1_macro: 0.8258 | pixel_accuracy: 0.8965 | val_loss: 0.4417
Epoch 239/1000 | train_loss: 0.3412 | miou: 0.7259 | f1_macro: 0.8308 | pixel_accuracy: 0.8975 | val_loss: 0.4521
Epoch 240/1000 | train_loss: 0.3594 | miou: 0.6993 | f1_macro: 0.8089 | pixel_accuracy: 0.8843 | val_loss: 0.4802
Epoch 241/1000 | train_loss: 0.3387 | miou: 0.7062 | f1_macro: 0.8153 | pixel_accuracy: 0.8894 | val_loss: 0.4811
Epoch 242/1000 | train_loss: 0.3633 | miou: 0.7238 | f1_macro: 0.8262 | pixel_accuracy: 0.9020 | val_loss: 0.4553
Epoch 243/1000 | train_loss: 0.3481 | miou: 0.7214 | f1_macro: 0.8256 | pixel_accuracy: 0.8980 | val_loss: 0.4581
Epoch 244/1000 | train_loss: 0.3469 | miou: 0.7129 | f1_macro: 0.8202 | pixel_accuracy: 0.8926 | val_loss: 0.4943
Epoch 245/1000 | train_loss: 0.3367 | miou: 0.7325 | f1_macro: 0.8334 | pixel_accuracy: 0.9043 | val_loss: 0.4369
Epoch 246/1000 | train_loss: 0.3549 | miou: 0.7264 | f1_macro: 0.8286 | pixel_accuracy: 0.9018 | val_loss: 0.4607
Epoch 247/1000 | train_loss: 0.3632 | miou: 0.7208 | f1_macro: 0.8242 | pixel_accuracy: 0.9008 | val_loss: 0.4672
Epoch 248/1000 | train_loss: 0.3441 | miou: 0.7316 | f1_macro: 0.8321 | pixel_accuracy: 0.9046 | val_loss: 0.5157
Epoch 249/1000 | train_loss: 0.3589 | miou: 0.7350 | f1_macro: 0.8348 | pixel_accuracy: 0.9070 | val_loss: 0.4236
Epoch 250/1000 | train_loss: 0.3287 | miou: 0.7275 | f1_macro: 0.8292 | pixel_accuracy: 0.9026 | val_loss: 0.4373
Epoch 251/1000 | train_loss: 0.3333 | miou: 0.7269 | f1_macro: 0.8282 | pixel_accuracy: 0.9017 | val_loss: 0.4410
Epoch 252/1000 | train_loss: 0.3565 | miou: 0.7273 | f1_macro: 0.8290 | pixel_accuracy: 0.9036 | val_loss: 0.4701
Epoch 253/1000 | train_loss: 0.3366 | miou: 0.6885 | f1_macro: 0.8003 | pixel_accuracy: 0.8807 | val_loss: 0.5498
Epoch 254/1000 | train_loss: 0.3850 | miou: 0.6869 | f1_macro: 0.7966 | pixel_accuracy: 0.8816 | val_loss: 0.6171
Epoch 255/1000 | train_loss: 0.3618 | miou: 0.6638 | f1_macro: 0.7823 | pixel_accuracy: 0.8638 | val_loss: 0.6035
Epoch 256/1000 | train_loss: 0.3589 | miou: 0.6819 | f1_macro: 0.7939 | pixel_accuracy: 0.8802 | val_loss: 0.6061
Epoch 257/1000 | train_loss: 0.3738 | miou: 0.6890 | f1_macro: 0.8031 | pixel_accuracy: 0.8777 | val_loss: 0.4964
Epoch 258/1000 | train_loss: 0.3509 | miou: 0.7107 | f1_macro: 0.8206 | pixel_accuracy: 0.8843 | val_loss: 0.4821
Epoch 259/1000 | train_loss: 0.3507 | miou: 0.7302 | f1_macro: 0.8314 | pixel_accuracy: 0.9027 | val_loss: 0.4372
Epoch 260/1000 | train_loss: 0.3671 | miou: 0.7178 | f1_macro: 0.8229 | pixel_accuracy: 0.8952 | val_loss: 0.4802
Epoch 261/1000 | train_loss: 0.3472 | miou: 0.7190 | f1_macro: 0.8251 | pixel_accuracy: 0.8928 | val_loss: 0.4939
Epoch 262/1000 | train_loss: 0.3475 | miou: 0.7291 | f1_macro: 0.8323 | pixel_accuracy: 0.8999 | val_loss: 0.4607
Epoch 263/1000 | train_loss: 0.3612 | miou: 0.7281 | f1_macro: 0.8326 | pixel_accuracy: 0.8966 | val_loss: 0.4745
Epoch 264/1000 | train_loss: 0.3540 | miou: 0.7228 | f1_macro: 0.8277 | pixel_accuracy: 0.8962 | val_loss: 0.5013
Epoch 265/1000 | train_loss: 0.3558 | miou: 0.7266 | f1_macro: 0.8310 | pixel_accuracy: 0.8976 | val_loss: 0.4750
Epoch 266/1000 | train_loss: 0.3483 | miou: 0.7293 | f1_macro: 0.8320 | pixel_accuracy: 0.9007 | val_loss: 0.4281
Epoch 267/1000 | train_loss: 0.3502 | miou: 0.7350 | f1_macro: 0.8359 | pixel_accuracy: 0.9045 | val_loss: 0.4654
Epoch 268/1000 | train_loss: 0.3482 | miou: 0.7271 | f1_macro: 0.8303 | pixel_accuracy: 0.8991 | val_loss: 0.4804
Epoch 269/1000 | train_loss: 0.3597 | miou: 0.7295 | f1_macro: 0.8316 | pixel_accuracy: 0.9025 | val_loss: 0.4805
Epoch 270/1000 | train_loss: 0.3465 | miou: 0.7297 | f1_macro: 0.8318 | pixel_accuracy: 0.9022 | val_loss: 0.4749
Epoch 271/1000 | train_loss: 0.3428 | miou: 0.7266 | f1_macro: 0.8304 | pixel_accuracy: 0.8982 | val_loss: 0.4880
Epoch 272/1000 | train_loss: 0.3345 | miou: 0.7314 | f1_macro: 0.8343 | pixel_accuracy: 0.8995 | val_loss: 0.4827
Epoch 273/1000 | train_loss: 0.3354 | miou: 0.7330 | f1_macro: 0.8338 | pixel_accuracy: 0.9037 | val_loss: 0.4735
Epoch 274/1000 | train_loss: 0.3445 | miou: 0.7178 | f1_macro: 0.8234 | pixel_accuracy: 0.8952 | val_loss: 0.5103
Epoch 275/1000 | train_loss: 0.3491 | miou: 0.7212 | f1_macro: 0.8246 | pixel_accuracy: 0.9000 | val_loss: 0.5271
Epoch 276/1000 | train_loss: 0.3414 | miou: 0.7252 | f1_macro: 0.8303 | pixel_accuracy: 0.8964 | val_loss: 0.4746
Epoch 277/1000 | train_loss: 0.3412 | miou: 0.7317 | f1_macro: 0.8340 | pixel_accuracy: 0.9006 | val_loss: 0.4759
Epoch 278/1000 | train_loss: 0.3577 | miou: 0.7170 | f1_macro: 0.8231 | pixel_accuracy: 0.8950 | val_loss: 0.5117
Epoch 279/1000 | train_loss: 0.3379 | miou: 0.7072 | f1_macro: 0.8160 | pixel_accuracy: 0.8887 | val_loss: 0.5427
Epoch 280/1000 | train_loss: 0.3464 | miou: 0.7307 | f1_macro: 0.8324 | pixel_accuracy: 0.9025 | val_loss: 0.4662
Epoch 281/1000 | train_loss: 0.3424 | miou: 0.7269 | f1_macro: 0.8296 | pixel_accuracy: 0.9000 | val_loss: 0.4536
Epoch 282/1000 | train_loss: 0.3425 | miou: 0.7115 | f1_macro: 0.8165 | pixel_accuracy: 0.8960 | val_loss: 0.5235
Epoch 283/1000 | train_loss: 0.3507 | miou: 0.7303 | f1_macro: 0.8323 | pixel_accuracy: 0.9017 | val_loss: 0.4730
Epoch 284/1000 | train_loss: 0.3519 | miou: 0.7300 | f1_macro: 0.8313 | pixel_accuracy: 0.9025 | val_loss: 0.4586
Epoch 285/1000 | train_loss: 0.3547 | miou: 0.7184 | f1_macro: 0.8235 | pixel_accuracy: 0.8962 | val_loss: 0.5025
Epoch 286/1000 | train_loss: 0.3310 | miou: 0.7227 | f1_macro: 0.8278 | pixel_accuracy: 0.8968 | val_loss: 0.4642
Epoch 287/1000 | train_loss: 0.3291 | miou: 0.7305 | f1_macro: 0.8327 | pixel_accuracy: 0.9022 | val_loss: 0.4874
Epoch 288/1000 | train_loss: 0.3588 | miou: 0.7149 | f1_macro: 0.8221 | pixel_accuracy: 0.8910 | val_loss: 0.5028
Epoch 289/1000 | train_loss: 0.3440 | miou: 0.7167 | f1_macro: 0.8219 | pixel_accuracy: 0.8957 | val_loss: 0.4762
Epoch 290/1000 | train_loss: 0.3430 | miou: 0.7268 | f1_macro: 0.8309 | pixel_accuracy: 0.8984 | val_loss: 0.4769
Epoch 291/1000 | train_loss: 0.3244 | miou: 0.7129 | f1_macro: 0.8188 | pixel_accuracy: 0.8933 | val_loss: 0.5196
Epoch 292/1000 | train_loss: 0.3502 | miou: 0.7291 | f1_macro: 0.8310 | pixel_accuracy: 0.9014 | val_loss: 0.4746
Epoch 293/1000 | train_loss: 0.3511 | miou: 0.7163 | f1_macro: 0.8211 | pixel_accuracy: 0.8961 | val_loss: 0.4566
Epoch 294/1000 | train_loss: 0.3441 | miou: 0.7223 | f1_macro: 0.8254 | pixel_accuracy: 0.8990 | val_loss: 0.5310
Epoch 295/1000 | train_loss: 0.3503 | miou: 0.7110 | f1_macro: 0.8192 | pixel_accuracy: 0.8898 | val_loss: 0.5345
Epoch 296/1000 | train_loss: 0.3397 | miou: 0.7224 | f1_macro: 0.8266 | pixel_accuracy: 0.8992 | val_loss: 0.4841
Epoch 297/1000 | train_loss: 0.3264 | miou: 0.7158 | f1_macro: 0.8225 | pixel_accuracy: 0.8927 | val_loss: 0.5145
Epoch 298/1000 | train_loss: 0.3316 | miou: 0.7350 | f1_macro: 0.8366 | pixel_accuracy: 0.9013 | val_loss: 0.4582
Epoch 299/1000 | train_loss: 0.3494 | miou: 0.7079 | f1_macro: 0.8150 | pixel_accuracy: 0.8916 | val_loss: 0.5390
Epoch 300/1000 | train_loss: 0.3305 | miou: 0.7306 | f1_macro: 0.8334 | pixel_accuracy: 0.9001 | val_loss: 0.4621
Epoch 301/1000 | train_loss: 0.3262 | miou: 0.7264 | f1_macro: 0.8299 | pixel_accuracy: 0.8979 | val_loss: 0.4405
Epoch 302/1000 | train_loss: 0.3232 | miou: 0.7211 | f1_macro: 0.8267 | pixel_accuracy: 0.8947 | val_loss: 0.5098
Epoch 303/1000 | train_loss: 0.3532 | miou: 0.7185 | f1_macro: 0.8236 | pixel_accuracy: 0.8971 | val_loss: 0.5036
Epoch 304/1000 | train_loss: 0.3470 | miou: 0.7337 | f1_macro: 0.8357 | pixel_accuracy: 0.9021 | val_loss: 0.4833
Epoch 305/1000 | train_loss: 0.3243 | miou: 0.7311 | f1_macro: 0.8338 | pixel_accuracy: 0.8998 | val_loss: 0.4390
Epoch 306/1000 | train_loss: 0.3354 | miou: 0.7092 | f1_macro: 0.8163 | pixel_accuracy: 0.8931 | val_loss: 0.5573
Epoch 307/1000 | train_loss: 0.3489 | miou: 0.7107 | f1_macro: 0.8181 | pixel_accuracy: 0.8898 | val_loss: 0.5161
Epoch 308/1000 | train_loss: 0.3521 | miou: 0.7204 | f1_macro: 0.8262 | pixel_accuracy: 0.8956 | val_loss: 0.4908
Epoch 309/1000 | train_loss: 0.3581 | miou: 0.7257 | f1_macro: 0.8287 | pixel_accuracy: 0.8978 | val_loss: 0.4620
Epoch 310/1000 | train_loss: 0.3501 | miou: 0.7229 | f1_macro: 0.8266 | pixel_accuracy: 0.8978 | val_loss: 0.5177
Epoch 311/1000 | train_loss: 0.3492 | miou: 0.7334 | f1_macro: 0.8338 | pixel_accuracy: 0.9031 | val_loss: 0.4795
Epoch 312/1000 | train_loss: 0.3250 | miou: 0.7270 | f1_macro: 0.8293 | pixel_accuracy: 0.8996 | val_loss: 0.5007
Epoch 313/1000 | train_loss: 0.3407 | miou: 0.7244 | f1_macro: 0.8281 | pixel_accuracy: 0.8993 | val_loss: 0.5143
Epoch 314/1000 | train_loss: 0.3306 | miou: 0.7261 | f1_macro: 0.8303 | pixel_accuracy: 0.8970 | val_loss: 0.4961
Epoch 315/1000 | train_loss: 0.3216 | miou: 0.7328 | f1_macro: 0.8342 | pixel_accuracy: 0.9026 | val_loss: 0.4492
Epoch 316/1000 | train_loss: 0.3487 | miou: 0.7232 | f1_macro: 0.8270 | pixel_accuracy: 0.8995 | val_loss: 0.5293
Epoch 317/1000 | train_loss: 0.3298 | miou: 0.7436 | f1_macro: 0.8431 | pixel_accuracy: 0.9064 | val_loss: 0.4502
Epoch 318/1000 | train_loss: 0.3348 | miou: 0.7222 | f1_macro: 0.8258 | pixel_accuracy: 0.8999 | val_loss: 0.4788
Epoch 319/1000 | train_loss: 0.3221 | miou: 0.7390 | f1_macro: 0.8376 | pixel_accuracy: 0.9077 | val_loss: 0.4457
Epoch 320/1000 | train_loss: 0.3434 | miou: 0.7444 | f1_macro: 0.8424 | pixel_accuracy: 0.9095 | val_loss: 0.4660
Epoch 321/1000 | train_loss: 0.3563 | miou: 0.7291 | f1_macro: 0.8302 | pixel_accuracy: 0.9055 | val_loss: 0.4979
Epoch 322/1000 | train_loss: 0.3407 | miou: 0.7350 | f1_macro: 0.8351 | pixel_accuracy: 0.9056 | val_loss: 0.4704
Epoch 323/1000 | train_loss: 0.3436 | miou: 0.7321 | f1_macro: 0.8346 | pixel_accuracy: 0.9023 | val_loss: 0.4856
Epoch 324/1000 | train_loss: 0.3203 | miou: 0.7206 | f1_macro: 0.8232 | pixel_accuracy: 0.8996 | val_loss: 0.5011
Epoch 325/1000 | train_loss: 0.3424 | miou: 0.7259 | f1_macro: 0.8285 | pixel_accuracy: 0.9022 | val_loss: 0.5086
Epoch 326/1000 | train_loss: 0.3264 | miou: 0.7383 | f1_macro: 0.8384 | pixel_accuracy: 0.9056 | val_loss: 0.4736
Epoch 327/1000 | train_loss: 0.3373 | miou: 0.7385 | f1_macro: 0.8393 | pixel_accuracy: 0.9036 | val_loss: 0.4581
Epoch 328/1000 | train_loss: 0.3286 | miou: 0.7436 | f1_macro: 0.8428 | pixel_accuracy: 0.9072 | val_loss: 0.4731
Epoch 329/1000 | train_loss: 0.3256 | miou: 0.7409 | f1_macro: 0.8402 | pixel_accuracy: 0.9072 | val_loss: 0.4894
Epoch 330/1000 | train_loss: 0.3349 | miou: 0.7293 | f1_macro: 0.8302 | pixel_accuracy: 0.9044 | val_loss: 0.5072
Epoch 331/1000 | train_loss: 0.3461 | miou: 0.7342 | f1_macro: 0.8359 | pixel_accuracy: 0.9036 | val_loss: 0.5029
Epoch 332/1000 | train_loss: 0.3535 | miou: 0.7361 | f1_macro: 0.8367 | pixel_accuracy: 0.9035 | val_loss: 0.4534
Epoch 333/1000 | train_loss: 0.3577 | miou: 0.7464 | f1_macro: 0.8446 | pixel_accuracy: 0.9092 | val_loss: 0.4549
Epoch 334/1000 | train_loss: 0.3519 | miou: 0.7374 | f1_macro: 0.8372 | pixel_accuracy: 0.9060 | val_loss: 0.4469
Epoch 335/1000 | train_loss: 0.3386 | miou: 0.7364 | f1_macro: 0.8363 | pixel_accuracy: 0.9057 | val_loss: 0.4959
Epoch 336/1000 | train_loss: 0.3366 | miou: 0.7266 | f1_macro: 0.8278 | pixel_accuracy: 0.9035 | val_loss: 0.5338
Epoch 337/1000 | train_loss: 0.3425 | miou: 0.7302 | f1_macro: 0.8324 | pixel_accuracy: 0.9012 | val_loss: 0.4969
Epoch 338/1000 | train_loss: 0.3260 | miou: 0.7256 | f1_macro: 0.8279 | pixel_accuracy: 0.9002 | val_loss: 0.5082
Epoch 339/1000 | train_loss: 0.3365 | miou: 0.7252 | f1_macro: 0.8254 | pixel_accuracy: 0.9036 | val_loss: 0.4986
Epoch 340/1000 | train_loss: 0.3575 | miou: 0.7342 | f1_macro: 0.8342 | pixel_accuracy: 0.9041 | val_loss: 0.4799
Epoch 341/1000 | train_loss: 0.3477 | miou: 0.7465 | f1_macro: 0.8440 | pixel_accuracy: 0.9095 | val_loss: 0.4459
Epoch 342/1000 | train_loss: 0.3116 | miou: 0.7402 | f1_macro: 0.8378 | pixel_accuracy: 0.9090 | val_loss: 0.4726
Epoch 343/1000 | train_loss: 0.3332 | miou: 0.7325 | f1_macro: 0.8337 | pixel_accuracy: 0.9042 | val_loss: 0.4716
Epoch 344/1000 | train_loss: 0.3351 | miou: 0.7336 | f1_macro: 0.8340 | pixel_accuracy: 0.9050 | val_loss: 0.4760
Epoch 345/1000 | train_loss: 0.3287 | miou: 0.7421 | f1_macro: 0.8399 | pixel_accuracy: 0.9092 | val_loss: 0.4633
Epoch 346/1000 | train_loss: 0.3239 | miou: 0.7329 | f1_macro: 0.8344 | pixel_accuracy: 0.9025 | val_loss: 0.4748
Epoch 347/1000 | train_loss: 0.3291 | miou: 0.7260 | f1_macro: 0.8260 | pixel_accuracy: 0.9042 | val_loss: 0.4877
Epoch 348/1000 | train_loss: 0.3337 | miou: 0.7441 | f1_macro: 0.8413 | pixel_accuracy: 0.9108 | val_loss: 0.4276
Epoch 349/1000 | train_loss: 0.3305 | miou: 0.7313 | f1_macro: 0.8318 | pixel_accuracy: 0.9039 | val_loss: 0.4741
Epoch 350/1000 | train_loss: 0.3431 | miou: 0.7368 | f1_macro: 0.8360 | pixel_accuracy: 0.9068 | val_loss: 0.4604
Epoch 351/1000 | train_loss: 0.3344 | miou: 0.7380 | f1_macro: 0.8374 | pixel_accuracy: 0.9071 | val_loss: 0.4555
Epoch 352/1000 | train_loss: 0.3331 | miou: 0.7399 | f1_macro: 0.8390 | pixel_accuracy: 0.9070 | val_loss: 0.4566
Epoch 353/1000 | train_loss: 0.3301 | miou: 0.7356 | f1_macro: 0.8354 | pixel_accuracy: 0.9062 | val_loss: 0.4792
Epoch 354/1000 | train_loss: 0.3573 | miou: 0.7123 | f1_macro: 0.8208 | pixel_accuracy: 0.8867 | val_loss: 0.5400
Epoch 355/1000 | train_loss: 0.3313 | miou: 0.7223 | f1_macro: 0.8261 | pixel_accuracy: 0.8963 | val_loss: 0.5089
Epoch 356/1000 | train_loss: 0.3305 | miou: 0.7320 | f1_macro: 0.8330 | pixel_accuracy: 0.9032 | val_loss: 0.4711
Epoch 357/1000 | train_loss: 0.3372 | miou: 0.7279 | f1_macro: 0.8307 | pixel_accuracy: 0.9000 | val_loss: 0.4816
Epoch 358/1000 | train_loss: 0.3531 | miou: 0.7102 | f1_macro: 0.8190 | pixel_accuracy: 0.8892 | val_loss: 0.4983
Epoch 359/1000 | train_loss: 0.3923 | miou: 0.6892 | f1_macro: 0.7980 | pixel_accuracy: 0.8832 | val_loss: 0.6180
Epoch 360/1000 | train_loss: 0.3826 | miou: 0.6959 | f1_macro: 0.8016 | pixel_accuracy: 0.8921 | val_loss: 0.6040
Epoch 361/1000 | train_loss: 0.3279 | miou: 0.7030 | f1_macro: 0.8086 | pixel_accuracy: 0.8940 | val_loss: 0.5085
Epoch 362/1000 | train_loss: 0.3302 | miou: 0.6949 | f1_macro: 0.8014 | pixel_accuracy: 0.8878 | val_loss: 0.5245
Epoch 363/1000 | train_loss: 0.3408 | miou: 0.7118 | f1_macro: 0.8171 | pixel_accuracy: 0.8945 | val_loss: 0.4579
Epoch 364/1000 | train_loss: 0.3626 | miou: 0.7131 | f1_macro: 0.8175 | pixel_accuracy: 0.8975 | val_loss: 0.5030
Epoch 365/1000 | train_loss: 0.3482 | miou: 0.7198 | f1_macro: 0.8221 | pixel_accuracy: 0.9017 | val_loss: 0.4795
Epoch 366/1000 | train_loss: 0.3295 | miou: 0.7146 | f1_macro: 0.8176 | pixel_accuracy: 0.8994 | val_loss: 0.5067
Epoch 367/1000 | train_loss: 0.3385 | miou: 0.7299 | f1_macro: 0.8301 | pixel_accuracy: 0.9044 | val_loss: 0.4668
Epoch 368/1000 | train_loss: 0.3469 | miou: 0.7365 | f1_macro: 0.8362 | pixel_accuracy: 0.9054 | val_loss: 0.4147
Epoch 369/1000 | train_loss: 0.3331 | miou: 0.7359 | f1_macro: 0.8354 | pixel_accuracy: 0.9067 | val_loss: 0.4448
Epoch 370/1000 | train_loss: 0.3387 | miou: 0.7219 | f1_macro: 0.8244 | pixel_accuracy: 0.9012 | val_loss: 0.5034
