==========================================
Job ID: 3160938
Node: dgxt001
GPU: 0
Experiment: configs/experiment/unet_dataset83.yaml
Run Name: unet-d83
==========================================
Sun Feb 22 16:04:16 2026       
+-----------------------------------------------------------------------------------------+
| NVIDIA-SMI 570.158.01             Driver Version: 570.158.01     CUDA Version: 12.8     |
|-----------------------------------------+------------------------+----------------------+
| GPU  Name                 Persistence-M | Bus-Id          Disp.A | Volatile Uncorr. ECC |
| Fan  Temp   Perf          Pwr:Usage/Cap |           Memory-Usage | GPU-Util  Compute M. |
|                                         |                        |               MIG M. |
|=========================================+========================+======================|
|   0  NVIDIA A100-SXM4-40GB          On  |   00000000:90:00.0 Off |                    0 |
| N/A   44C    P0             57W /  400W |       0MiB /  40960MiB |      0%      Default |
|                                         |                        |             Disabled |
+-----------------------------------------+------------------------+----------------------+
                                                                                         
+-----------------------------------------------------------------------------------------+
| Processes:                                                                              |
|  GPU   GI   CI              PID   Type   Process name                        GPU Memory |
|        ID   ID                                                               Usage      |
|=========================================================================================|
|  No running processes found                                                             |
+-----------------------------------------------------------------------------------------+
Split: 11 train / 3 val (from 14 total)
Model: unet
Trainable parameters: 31,030,918
Epoch 1/1000 | train_loss: 1.8029 | miou: 0.0639 | f1_macro: 0.0967 | pixel_accuracy: 0.1703 | val_loss: 1.7915
Epoch 2/1000 | train_loss: 1.7850 | miou: 0.0554 | f1_macro: 0.0874 | pixel_accuracy: 0.2448 | val_loss: 1.7703
Epoch 3/1000 | train_loss: 1.7569 | miou: 0.0311 | f1_macro: 0.0553 | pixel_accuracy: 0.1574 | val_loss: 1.7109
Epoch 4/1000 | train_loss: 1.6629 | miou: 0.0734 | f1_macro: 0.1057 | pixel_accuracy: 0.3868 | val_loss: 1.5676
Epoch 5/1000 | train_loss: 1.6774 | miou: 0.0670 | f1_macro: 0.0959 | pixel_accuracy: 0.3995 | val_loss: 1.6029
Epoch 6/1000 | train_loss: 1.6323 | miou: 0.0665 | f1_macro: 0.0951 | pixel_accuracy: 0.3987 | val_loss: 1.5153
Epoch 7/1000 | train_loss: 1.6234 | miou: 0.1750 | f1_macro: 0.2368 | pixel_accuracy: 0.5821 | val_loss: 1.5086
Epoch 8/1000 | train_loss: 1.5977 | miou: 0.1818 | f1_macro: 0.2502 | pixel_accuracy: 0.5746 | val_loss: 1.4495
Epoch 9/1000 | train_loss: 1.6060 | miou: 0.1812 | f1_macro: 0.2491 | pixel_accuracy: 0.5802 | val_loss: 1.4374
Epoch 10/1000 | train_loss: 1.5834 | miou: 0.1827 | f1_macro: 0.2512 | pixel_accuracy: 0.5803 | val_loss: 1.4003
Epoch 11/1000 | train_loss: 1.5556 | miou: 0.1903 | f1_macro: 0.2647 | pixel_accuracy: 0.5876 | val_loss: 1.3647
Epoch 12/1000 | train_loss: 1.5620 | miou: 0.1941 | f1_macro: 0.2687 | pixel_accuracy: 0.5837 | val_loss: 1.3775
Epoch 13/1000 | train_loss: 1.5346 | miou: 0.1941 | f1_macro: 0.2686 | pixel_accuracy: 0.5861 | val_loss: 1.3578
Epoch 14/1000 | train_loss: 1.5358 | miou: 0.2024 | f1_macro: 0.2797 | pixel_accuracy: 0.5899 | val_loss: 1.3492
Epoch 15/1000 | train_loss: 1.5152 | miou: 0.2018 | f1_macro: 0.2786 | pixel_accuracy: 0.5905 | val_loss: 1.3182
Epoch 16/1000 | train_loss: 1.5110 | miou: 0.2264 | f1_macro: 0.3095 | pixel_accuracy: 0.6189 | val_loss: 1.3234
Epoch 17/1000 | train_loss: 1.5311 | miou: 0.1997 | f1_macro: 0.2754 | pixel_accuracy: 0.5838 | val_loss: 1.3202
Epoch 18/1000 | train_loss: 1.5128 | miou: 0.1909 | f1_macro: 0.2623 | pixel_accuracy: 0.5855 | val_loss: 1.3179
Epoch 19/1000 | train_loss: 1.5037 | miou: 0.1957 | f1_macro: 0.2683 | pixel_accuracy: 0.5856 | val_loss: 1.2737
Epoch 20/1000 | train_loss: 1.4951 | miou: 0.2226 | f1_macro: 0.3051 | pixel_accuracy: 0.6146 | val_loss: 1.3054
Epoch 21/1000 | train_loss: 1.4936 | miou: 0.2246 | f1_macro: 0.3058 | pixel_accuracy: 0.6134 | val_loss: 1.2711
Epoch 22/1000 | train_loss: 1.4900 | miou: 0.1998 | f1_macro: 0.2754 | pixel_accuracy: 0.5905 | val_loss: 1.2881
Epoch 23/1000 | train_loss: 1.4480 | miou: 0.1998 | f1_macro: 0.2746 | pixel_accuracy: 0.5876 | val_loss: 1.2671
Epoch 24/1000 | train_loss: 1.4301 | miou: 0.2561 | f1_macro: 0.3382 | pixel_accuracy: 0.6517 | val_loss: 1.2700
Epoch 25/1000 | train_loss: 1.4054 | miou: 0.2323 | f1_macro: 0.3147 | pixel_accuracy: 0.6241 | val_loss: 1.2538
Epoch 26/1000 | train_loss: 1.4931 | miou: 0.2010 | f1_macro: 0.2765 | pixel_accuracy: 0.5901 | val_loss: 1.2753
Epoch 27/1000 | train_loss: 1.4821 | miou: 0.2203 | f1_macro: 0.3012 | pixel_accuracy: 0.6099 | val_loss: 1.2791
Epoch 28/1000 | train_loss: 1.3731 | miou: 0.2218 | f1_macro: 0.3053 | pixel_accuracy: 0.6036 | val_loss: 1.2722
Epoch 29/1000 | train_loss: 1.3854 | miou: 0.2535 | f1_macro: 0.3359 | pixel_accuracy: 0.6484 | val_loss: 1.2453
Epoch 30/1000 | train_loss: 1.4528 | miou: 0.2192 | f1_macro: 0.2999 | pixel_accuracy: 0.6091 | val_loss: 1.2440
Epoch 31/1000 | train_loss: 1.4861 | miou: 0.2338 | f1_macro: 0.3164 | pixel_accuracy: 0.6250 | val_loss: 1.2402
Epoch 32/1000 | train_loss: 1.4344 | miou: 0.2371 | f1_macro: 0.3197 | pixel_accuracy: 0.6295 | val_loss: 1.2337
Epoch 33/1000 | train_loss: 1.3982 | miou: 0.2565 | f1_macro: 0.3386 | pixel_accuracy: 0.6522 | val_loss: 1.2083
Epoch 34/1000 | train_loss: 1.3649 | miou: 0.2599 | f1_macro: 0.3417 | pixel_accuracy: 0.6565 | val_loss: 1.1995
Epoch 35/1000 | train_loss: 1.3174 | miou: 0.2267 | f1_macro: 0.3086 | pixel_accuracy: 0.6184 | val_loss: 1.1982
Epoch 36/1000 | train_loss: 1.3511 | miou: 0.2546 | f1_macro: 0.3369 | pixel_accuracy: 0.6499 | val_loss: 1.2194
Epoch 37/1000 | train_loss: 1.3731 | miou: 0.2532 | f1_macro: 0.3356 | pixel_accuracy: 0.6484 | val_loss: 1.2271
Epoch 38/1000 | train_loss: 1.3381 | miou: 0.2485 | f1_macro: 0.3312 | pixel_accuracy: 0.6431 | val_loss: 1.2243
Epoch 39/1000 | train_loss: 1.3432 | miou: 0.2431 | f1_macro: 0.3266 | pixel_accuracy: 0.6336 | val_loss: 1.2579
Epoch 40/1000 | train_loss: 1.3113 | miou: 0.2407 | f1_macro: 0.3235 | pixel_accuracy: 0.6343 | val_loss: 1.2267
Epoch 41/1000 | train_loss: 1.4513 | miou: 0.2057 | f1_macro: 0.2836 | pixel_accuracy: 0.5989 | val_loss: 1.2276
Epoch 42/1000 | train_loss: 1.3743 | miou: 0.2427 | f1_macro: 0.3255 | pixel_accuracy: 0.6369 | val_loss: 1.2131
Epoch 43/1000 | train_loss: 1.4742 | miou: 0.2461 | f1_macro: 0.3290 | pixel_accuracy: 0.6409 | val_loss: 1.1812
Epoch 44/1000 | train_loss: 1.3489 | miou: 0.2519 | f1_macro: 0.3341 | pixel_accuracy: 0.6478 | val_loss: 1.1970
Epoch 45/1000 | train_loss: 1.4561 | miou: 0.2518 | f1_macro: 0.3344 | pixel_accuracy: 0.6469 | val_loss: 1.1903
Epoch 46/1000 | train_loss: 1.3369 | miou: 0.2523 | f1_macro: 0.3347 | pixel_accuracy: 0.6478 | val_loss: 1.1732
Epoch 47/1000 | train_loss: 1.3608 | miou: 0.2650 | f1_macro: 0.3462 | pixel_accuracy: 0.6634 | val_loss: 1.1544
Epoch 48/1000 | train_loss: 1.4568 | miou: 0.2509 | f1_macro: 0.3338 | pixel_accuracy: 0.6455 | val_loss: 1.1655
Epoch 49/1000 | train_loss: 1.4445 | miou: 0.1996 | f1_macro: 0.2769 | pixel_accuracy: 0.5969 | val_loss: 1.1920
Epoch 50/1000 | train_loss: 1.3289 | miou: 0.2312 | f1_macro: 0.3133 | pixel_accuracy: 0.6245 | val_loss: 1.1687
Epoch 51/1000 | train_loss: 1.3154 | miou: 0.2425 | f1_macro: 0.3259 | pixel_accuracy: 0.6336 | val_loss: 1.1937
Epoch 52/1000 | train_loss: 1.2698 | miou: 0.2369 | f1_macro: 0.3198 | pixel_accuracy: 0.6308 | val_loss: 1.2188
Epoch 53/1000 | train_loss: 1.3610 | miou: 0.2543 | f1_macro: 0.3365 | pixel_accuracy: 0.6505 | val_loss: 1.1290
Epoch 54/1000 | train_loss: 1.3223 | miou: 0.2617 | f1_macro: 0.3432 | pixel_accuracy: 0.6594 | val_loss: 1.1414
Epoch 55/1000 | train_loss: 1.2952 | miou: 0.2457 | f1_macro: 0.3299 | pixel_accuracy: 0.6373 | val_loss: 1.1322
Epoch 56/1000 | train_loss: 1.2751 | miou: 0.2491 | f1_macro: 0.3318 | pixel_accuracy: 0.6443 | val_loss: 1.1296
Epoch 57/1000 | train_loss: 1.2909 | miou: 0.2646 | f1_macro: 0.3460 | pixel_accuracy: 0.6606 | val_loss: 1.1192
Epoch 58/1000 | train_loss: 1.4626 | miou: 0.2351 | f1_macro: 0.3186 | pixel_accuracy: 0.6287 | val_loss: 1.1471
Epoch 59/1000 | train_loss: 1.3887 | miou: 0.2280 | f1_macro: 0.3113 | pixel_accuracy: 0.6220 | val_loss: 1.1599
Epoch 60/1000 | train_loss: 1.2817 | miou: 0.2598 | f1_macro: 0.3415 | pixel_accuracy: 0.6574 | val_loss: 1.1259
Epoch 61/1000 | train_loss: 1.4754 | miou: 0.2562 | f1_macro: 0.3383 | pixel_accuracy: 0.6532 | val_loss: 1.1253
Epoch 62/1000 | train_loss: 1.2903 | miou: 0.2121 | f1_macro: 0.2936 | pixel_accuracy: 0.6063 | val_loss: 1.1837
Epoch 63/1000 | train_loss: 1.3420 | miou: 0.2456 | f1_macro: 0.3286 | pixel_accuracy: 0.6409 | val_loss: 1.1071
Epoch 64/1000 | train_loss: 1.4188 | miou: 0.2647 | f1_macro: 0.3460 | pixel_accuracy: 0.6622 | val_loss: 1.0556
Epoch 65/1000 | train_loss: 1.3929 | miou: 0.2536 | f1_macro: 0.3359 | pixel_accuracy: 0.6568 | val_loss: 1.0412
Epoch 66/1000 | train_loss: 1.3431 | miou: 0.2356 | f1_macro: 0.3192 | pixel_accuracy: 0.6261 | val_loss: 1.1561
Epoch 67/1000 | train_loss: 1.3566 | miou: 0.2638 | f1_macro: 0.3452 | pixel_accuracy: 0.6611 | val_loss: 1.1413
Epoch 68/1000 | train_loss: 1.3289 | miou: 0.2648 | f1_macro: 0.3461 | pixel_accuracy: 0.6611 | val_loss: 1.1247
Epoch 69/1000 | train_loss: 1.4066 | miou: 0.2468 | f1_macro: 0.3300 | pixel_accuracy: 0.6401 | val_loss: 1.1354
Epoch 70/1000 | train_loss: 1.3160 | miou: 0.2402 | f1_macro: 0.3236 | pixel_accuracy: 0.6336 | val_loss: 1.1306
Epoch 71/1000 | train_loss: 1.4261 | miou: 0.2435 | f1_macro: 0.3265 | pixel_accuracy: 0.6380 | val_loss: 1.1219
Epoch 72/1000 | train_loss: 1.2690 | miou: 0.2566 | f1_macro: 0.3388 | pixel_accuracy: 0.6525 | val_loss: 1.1070
Epoch 73/1000 | train_loss: 1.2956 | miou: 0.2702 | f1_macro: 0.3553 | pixel_accuracy: 0.6627 | val_loss: 1.0900
Epoch 74/1000 | train_loss: 1.4061 | miou: 0.2569 | f1_macro: 0.3393 | pixel_accuracy: 0.6455 | val_loss: 1.1085
Epoch 75/1000 | train_loss: 1.4322 | miou: 0.2421 | f1_macro: 0.3254 | pixel_accuracy: 0.6365 | val_loss: 1.1173
Epoch 76/1000 | train_loss: 1.3475 | miou: 0.2505 | f1_macro: 0.3329 | pixel_accuracy: 0.6469 | val_loss: 1.1192
Epoch 77/1000 | train_loss: 1.3008 | miou: 0.2663 | f1_macro: 0.3473 | pixel_accuracy: 0.6641 | val_loss: 1.0751
Epoch 78/1000 | train_loss: 1.3099 | miou: 0.2692 | f1_macro: 0.3498 | pixel_accuracy: 0.6650 | val_loss: 1.0776
Epoch 79/1000 | train_loss: 1.4575 | miou: 0.2548 | f1_macro: 0.3375 | pixel_accuracy: 0.6474 | val_loss: 1.0909
Epoch 80/1000 | train_loss: 1.3698 | miou: 0.2521 | f1_macro: 0.3350 | pixel_accuracy: 0.6469 | val_loss: 1.0918
Epoch 81/1000 | train_loss: 1.3615 | miou: 0.2514 | f1_macro: 0.3344 | pixel_accuracy: 0.6461 | val_loss: 1.0843
Epoch 82/1000 | train_loss: 1.3374 | miou: 0.2706 | f1_macro: 0.3510 | pixel_accuracy: 0.6667 | val_loss: 1.0461
Epoch 83/1000 | train_loss: 1.2991 | miou: 0.2726 | f1_macro: 0.3526 | pixel_accuracy: 0.6669 | val_loss: 1.0595
Epoch 84/1000 | train_loss: 1.3746 | miou: 0.2573 | f1_macro: 0.3398 | pixel_accuracy: 0.6529 | val_loss: 1.0645
Epoch 85/1000 | train_loss: 1.4266 | miou: 0.2210 | f1_macro: 0.3044 | pixel_accuracy: 0.6143 | val_loss: 1.1049
Epoch 86/1000 | train_loss: 1.3833 | miou: 0.2538 | f1_macro: 0.3358 | pixel_accuracy: 0.6530 | val_loss: 1.1291
Epoch 87/1000 | train_loss: 1.3356 | miou: 0.2660 | f1_macro: 0.3470 | pixel_accuracy: 0.6661 | val_loss: 1.0885
Epoch 88/1000 | train_loss: 1.3316 | miou: 0.2695 | f1_macro: 0.3501 | pixel_accuracy: 0.6681 | val_loss: 1.0726
Epoch 89/1000 | train_loss: 1.2646 | miou: 0.2644 | f1_macro: 0.3457 | pixel_accuracy: 0.6593 | val_loss: 1.1001
Epoch 90/1000 | train_loss: 1.3854 | miou: 0.2519 | f1_macro: 0.3346 | pixel_accuracy: 0.6479 | val_loss: 1.0852
Epoch 91/1000 | train_loss: 1.3200 | miou: 0.2543 | f1_macro: 0.3367 | pixel_accuracy: 0.6519 | val_loss: 1.0867
Epoch 92/1000 | train_loss: 1.2563 | miou: 0.2669 | f1_macro: 0.3480 | pixel_accuracy: 0.6656 | val_loss: 1.0644
Epoch 93/1000 | train_loss: 1.2936 | miou: 0.2725 | f1_macro: 0.3526 | pixel_accuracy: 0.6696 | val_loss: 1.0692
Epoch 94/1000 | train_loss: 1.4523 | miou: 0.2760 | f1_macro: 0.3554 | pixel_accuracy: 0.6714 | val_loss: 1.0655
Epoch 95/1000 | train_loss: 1.3414 | miou: 0.2686 | f1_macro: 0.3494 | pixel_accuracy: 0.6658 | val_loss: 1.0534
Epoch 96/1000 | train_loss: 1.3637 | miou: 0.2669 | f1_macro: 0.3479 | pixel_accuracy: 0.6710 | val_loss: 1.0239
Epoch 97/1000 | train_loss: 1.3207 | miou: 0.2698 | f1_macro: 0.3550 | pixel_accuracy: 0.6669 | val_loss: 1.0163
Epoch 98/1000 | train_loss: 1.4067 | miou: 0.2466 | f1_macro: 0.3361 | pixel_accuracy: 0.6307 | val_loss: 1.0653
Epoch 99/1000 | train_loss: 1.3727 | miou: 0.2457 | f1_macro: 0.3315 | pixel_accuracy: 0.6414 | val_loss: 1.0481
Epoch 100/1000 | train_loss: 1.2968 | miou: 0.2406 | f1_macro: 0.3271 | pixel_accuracy: 0.6271 | val_loss: 1.1146
Epoch 101/1000 | train_loss: 1.3228 | miou: 0.2402 | f1_macro: 0.3279 | pixel_accuracy: 0.6235 | val_loss: 1.0880
Epoch 102/1000 | train_loss: 1.3326 | miou: 0.2704 | f1_macro: 0.3516 | pixel_accuracy: 0.6643 | val_loss: 1.0613
Epoch 103/1000 | train_loss: 1.2564 | miou: 0.2747 | f1_macro: 0.3542 | pixel_accuracy: 0.6675 | val_loss: 1.0571
Epoch 104/1000 | train_loss: 1.3530 | miou: 0.2603 | f1_macro: 0.3423 | pixel_accuracy: 0.6514 | val_loss: 1.0789
Epoch 105/1000 | train_loss: 1.3733 | miou: 0.2620 | f1_macro: 0.3437 | pixel_accuracy: 0.6597 | val_loss: 1.0703
Epoch 106/1000 | train_loss: 1.3352 | miou: 0.2753 | f1_macro: 0.3551 | pixel_accuracy: 0.6768 | val_loss: 1.0475
Epoch 107/1000 | train_loss: 1.4116 | miou: 0.2869 | f1_macro: 0.3754 | pixel_accuracy: 0.6741 | val_loss: 1.0393
Epoch 108/1000 | train_loss: 1.3397 | miou: 0.2585 | f1_macro: 0.3434 | pixel_accuracy: 0.6543 | val_loss: 1.0441
Epoch 109/1000 | train_loss: 1.2938 | miou: 0.2561 | f1_macro: 0.3433 | pixel_accuracy: 0.6509 | val_loss: 0.9991
Epoch 110/1000 | train_loss: 1.2164 | miou: 0.2485 | f1_macro: 0.3351 | pixel_accuracy: 0.6440 | val_loss: 0.9853
Epoch 111/1000 | train_loss: 1.2395 | miou: 0.2584 | f1_macro: 0.3457 | pixel_accuracy: 0.6545 | val_loss: 0.9947
Epoch 112/1000 | train_loss: 1.3517 | miou: 0.2864 | f1_macro: 0.3679 | pixel_accuracy: 0.6783 | val_loss: 0.9658
Epoch 113/1000 | train_loss: 1.3748 | miou: 0.2849 | f1_macro: 0.3665 | pixel_accuracy: 0.6828 | val_loss: 1.0325
Epoch 114/1000 | train_loss: 1.3053 | miou: 0.2788 | f1_macro: 0.3681 | pixel_accuracy: 0.6654 | val_loss: 1.0239
Epoch 115/1000 | train_loss: 1.2708 | miou: 0.2647 | f1_macro: 0.3578 | pixel_accuracy: 0.6527 | val_loss: 0.9815
Epoch 116/1000 | train_loss: 1.2382 | miou: 0.2330 | f1_macro: 0.3133 | pixel_accuracy: 0.6341 | val_loss: 0.9697
Epoch 117/1000 | train_loss: 1.3167 | miou: 0.2292 | f1_macro: 0.3142 | pixel_accuracy: 0.6255 | val_loss: 1.0263
Epoch 118/1000 | train_loss: 1.3196 | miou: 0.2698 | f1_macro: 0.3517 | pixel_accuracy: 0.6664 | val_loss: 1.0356
Epoch 119/1000 | train_loss: 1.3532 | miou: 0.2749 | f1_macro: 0.3586 | pixel_accuracy: 0.6718 | val_loss: 1.0267
Epoch 120/1000 | train_loss: 1.3644 | miou: 0.2774 | f1_macro: 0.3623 | pixel_accuracy: 0.6692 | val_loss: 0.9834
Epoch 121/1000 | train_loss: 1.3616 | miou: 0.2886 | f1_macro: 0.3740 | pixel_accuracy: 0.6905 | val_loss: 0.9986
Epoch 122/1000 | train_loss: 1.2492 | miou: 0.2798 | f1_macro: 0.3669 | pixel_accuracy: 0.6795 | val_loss: 1.0128
Epoch 123/1000 | train_loss: 1.3078 | miou: 0.2996 | f1_macro: 0.3775 | pixel_accuracy: 0.7300 | val_loss: 0.9725
Epoch 124/1000 | train_loss: 1.2711 | miou: 0.2847 | f1_macro: 0.3670 | pixel_accuracy: 0.6818 | val_loss: 0.9554
Epoch 125/1000 | train_loss: 1.2255 | miou: 0.2963 | f1_macro: 0.3809 | pixel_accuracy: 0.6921 | val_loss: 0.9668
Epoch 126/1000 | train_loss: 1.3184 | miou: 0.2790 | f1_macro: 0.3635 | pixel_accuracy: 0.6813 | val_loss: 1.0065
Epoch 127/1000 | train_loss: 1.3562 | miou: 0.2606 | f1_macro: 0.3454 | pixel_accuracy: 0.6714 | val_loss: 1.0859
Epoch 128/1000 | train_loss: 1.3138 | miou: 0.2587 | f1_macro: 0.3439 | pixel_accuracy: 0.6701 | val_loss: 1.1151
Epoch 129/1000 | train_loss: 1.2397 | miou: 0.2644 | f1_macro: 0.3513 | pixel_accuracy: 0.6746 | val_loss: 1.2069
Epoch 130/1000 | train_loss: 1.3316 | miou: 0.2761 | f1_macro: 0.3676 | pixel_accuracy: 0.6762 | val_loss: 1.0531
Epoch 131/1000 | train_loss: 1.2088 | miou: 0.2889 | f1_macro: 0.3723 | pixel_accuracy: 0.6952 | val_loss: 1.0408
Epoch 132/1000 | train_loss: 1.2742 | miou: 0.3138 | f1_macro: 0.4084 | pixel_accuracy: 0.7192 | val_loss: 0.9205
Epoch 133/1000 | train_loss: 1.3130 | miou: 0.2691 | f1_macro: 0.3575 | pixel_accuracy: 0.6714 | val_loss: 1.0081
Epoch 134/1000 | train_loss: 1.3451 | miou: 0.2322 | f1_macro: 0.3170 | pixel_accuracy: 0.6218 | val_loss: 1.1753
Epoch 135/1000 | train_loss: 1.3698 | miou: 0.2655 | f1_macro: 0.3563 | pixel_accuracy: 0.6589 | val_loss: 1.1514
Epoch 136/1000 | train_loss: 1.2563 | miou: 0.2659 | f1_macro: 0.3445 | pixel_accuracy: 0.6942 | val_loss: 0.9660
Epoch 137/1000 | train_loss: 1.2116 | miou: 0.2878 | f1_macro: 0.3692 | pixel_accuracy: 0.7022 | val_loss: 0.9824
Epoch 138/1000 | train_loss: 1.2696 | miou: 0.2869 | f1_macro: 0.3771 | pixel_accuracy: 0.6900 | val_loss: 0.9983
Epoch 139/1000 | train_loss: 1.3359 | miou: 0.3029 | f1_macro: 0.3996 | pixel_accuracy: 0.6933 | val_loss: 1.0187
Epoch 140/1000 | train_loss: 1.2370 | miou: 0.2833 | f1_macro: 0.3759 | pixel_accuracy: 0.6821 | val_loss: 0.9898
Epoch 141/1000 | train_loss: 1.2887 | miou: 0.3032 | f1_macro: 0.3967 | pixel_accuracy: 0.6991 | val_loss: 0.9874
Epoch 142/1000 | train_loss: 1.2238 | miou: 0.2907 | f1_macro: 0.3855 | pixel_accuracy: 0.6832 | val_loss: 0.9943
Epoch 143/1000 | train_loss: 1.2133 | miou: 0.2829 | f1_macro: 0.3730 | pixel_accuracy: 0.6850 | val_loss: 0.9826
Epoch 144/1000 | train_loss: 1.2841 | miou: 0.2737 | f1_macro: 0.3613 | pixel_accuracy: 0.6816 | val_loss: 1.0050
Epoch 145/1000 | train_loss: 1.2871 | miou: 0.2842 | f1_macro: 0.3768 | pixel_accuracy: 0.6768 | val_loss: 1.0238
Epoch 146/1000 | train_loss: 1.2347 | miou: 0.2801 | f1_macro: 0.3635 | pixel_accuracy: 0.6817 | val_loss: 1.0343
Epoch 147/1000 | train_loss: 1.1667 | miou: 0.2672 | f1_macro: 0.3482 | pixel_accuracy: 0.6698 | val_loss: 1.0815
Epoch 148/1000 | train_loss: 1.1526 | miou: 0.2779 | f1_macro: 0.3688 | pixel_accuracy: 0.6747 | val_loss: 1.0436
Epoch 149/1000 | train_loss: 1.2808 | miou: 0.2765 | f1_macro: 0.3662 | pixel_accuracy: 0.6813 | val_loss: 1.0240
Epoch 150/1000 | train_loss: 1.2706 | miou: 0.2315 | f1_macro: 0.3260 | pixel_accuracy: 0.5980 | val_loss: 1.2105
Epoch 151/1000 | train_loss: 1.2843 | miou: 0.2149 | f1_macro: 0.3003 | pixel_accuracy: 0.5731 | val_loss: 1.2749
Epoch 152/1000 | train_loss: 1.2592 | miou: 0.2219 | f1_macro: 0.3067 | pixel_accuracy: 0.6037 | val_loss: 1.1914
Epoch 153/1000 | train_loss: 1.2657 | miou: 0.2221 | f1_macro: 0.3069 | pixel_accuracy: 0.6103 | val_loss: 1.1908
Epoch 154/1000 | train_loss: 1.2349 | miou: 0.2351 | f1_macro: 0.3206 | pixel_accuracy: 0.6161 | val_loss: 1.1394
Epoch 155/1000 | train_loss: 1.1960 | miou: 0.2566 | f1_macro: 0.3396 | pixel_accuracy: 0.6344 | val_loss: 1.1031
Epoch 156/1000 | train_loss: 1.2460 | miou: 0.2676 | f1_macro: 0.3581 | pixel_accuracy: 0.6453 | val_loss: 1.0738
Epoch 157/1000 | train_loss: 1.2283 | miou: 0.2864 | f1_macro: 0.3782 | pixel_accuracy: 0.6706 | val_loss: 1.0179
Epoch 158/1000 | train_loss: 1.2195 | miou: 0.2914 | f1_macro: 0.3762 | pixel_accuracy: 0.6857 | val_loss: 1.0287
Epoch 159/1000 | train_loss: 1.1644 | miou: 0.2752 | f1_macro: 0.3550 | pixel_accuracy: 0.6682 | val_loss: 1.0516
Epoch 160/1000 | train_loss: 1.2032 | miou: 0.2717 | f1_macro: 0.3520 | pixel_accuracy: 0.6607 | val_loss: 1.0613
Epoch 161/1000 | train_loss: 1.2033 | miou: 0.2622 | f1_macro: 0.3454 | pixel_accuracy: 0.6432 | val_loss: 1.0684
Epoch 162/1000 | train_loss: 1.1887 | miou: 0.2535 | f1_macro: 0.3438 | pixel_accuracy: 0.6240 | val_loss: 1.1991
Epoch 163/1000 | train_loss: 1.1615 | miou: 0.2296 | f1_macro: 0.3194 | pixel_accuracy: 0.6016 | val_loss: 1.2195
Epoch 164/1000 | train_loss: 1.1894 | miou: 0.2443 | f1_macro: 0.3330 | pixel_accuracy: 0.6193 | val_loss: 1.1666
Epoch 165/1000 | train_loss: 1.1659 | miou: 0.2616 | f1_macro: 0.3426 | pixel_accuracy: 0.6374 | val_loss: 1.1066
Epoch 166/1000 | train_loss: 1.1854 | miou: 0.2584 | f1_macro: 0.3397 | pixel_accuracy: 0.6290 | val_loss: 1.1150
Epoch 167/1000 | train_loss: 1.1642 | miou: 0.2577 | f1_macro: 0.3395 | pixel_accuracy: 0.6294 | val_loss: 1.1261
Epoch 168/1000 | train_loss: 1.2717 | miou: 0.2614 | f1_macro: 0.3520 | pixel_accuracy: 0.6329 | val_loss: 1.0838
Epoch 169/1000 | train_loss: 1.2412 | miou: 0.2823 | f1_macro: 0.3667 | pixel_accuracy: 0.6799 | val_loss: 1.0323
Epoch 170/1000 | train_loss: 1.1794 | miou: 0.2807 | f1_macro: 0.3601 | pixel_accuracy: 0.6879 | val_loss: 1.0441
Epoch 171/1000 | train_loss: 1.1535 | miou: 0.2765 | f1_macro: 0.3585 | pixel_accuracy: 0.6747 | val_loss: 1.0576
Epoch 172/1000 | train_loss: 1.2163 | miou: 0.2912 | f1_macro: 0.3782 | pixel_accuracy: 0.6861 | val_loss: 1.0057
Epoch 173/1000 | train_loss: 1.1555 | miou: 0.2921 | f1_macro: 0.3807 | pixel_accuracy: 0.6853 | val_loss: 1.0172
Epoch 174/1000 | train_loss: 1.1547 | miou: 0.2780 | f1_macro: 0.3676 | pixel_accuracy: 0.6585 | val_loss: 1.0653
Epoch 175/1000 | train_loss: 1.1437 | miou: 0.2713 | f1_macro: 0.3579 | pixel_accuracy: 0.6510 | val_loss: 1.0600
Epoch 176/1000 | train_loss: 1.2437 | miou: 0.2710 | f1_macro: 0.3571 | pixel_accuracy: 0.6531 | val_loss: 1.0775
Epoch 177/1000 | train_loss: 1.2151 | miou: 0.2765 | f1_macro: 0.3658 | pixel_accuracy: 0.6538 | val_loss: 1.0728
Epoch 178/1000 | train_loss: 1.1337 | miou: 0.2713 | f1_macro: 0.3633 | pixel_accuracy: 0.6501 | val_loss: 1.0809
Epoch 179/1000 | train_loss: 1.1447 | miou: 0.2850 | f1_macro: 0.3736 | pixel_accuracy: 0.6673 | val_loss: 1.0387
Epoch 180/1000 | train_loss: 1.2157 | miou: 0.2816 | f1_macro: 0.3639 | pixel_accuracy: 0.6698 | val_loss: 1.0652
Epoch 181/1000 | train_loss: 1.1955 | miou: 0.2817 | f1_macro: 0.3608 | pixel_accuracy: 0.6768 | val_loss: 1.0175
Epoch 182/1000 | train_loss: 1.1788 | miou: 0.2759 | f1_macro: 0.3598 | pixel_accuracy: 0.6583 | val_loss: 1.0470
Epoch 183/1000 | train_loss: 1.2006 | miou: 0.2849 | f1_macro: 0.3787 | pixel_accuracy: 0.6539 | val_loss: 1.0417
Epoch 184/1000 | train_loss: 1.1256 | miou: 0.2848 | f1_macro: 0.3751 | pixel_accuracy: 0.6610 | val_loss: 1.0673
Epoch 185/1000 | train_loss: 1.1674 | miou: 0.2790 | f1_macro: 0.3727 | pixel_accuracy: 0.6580 | val_loss: 1.0077
Epoch 186/1000 | train_loss: 1.1877 | miou: 0.2609 | f1_macro: 0.3571 | pixel_accuracy: 0.6113 | val_loss: 1.1557
Epoch 187/1000 | train_loss: 1.1882 | miou: 0.2751 | f1_macro: 0.3707 | pixel_accuracy: 0.6374 | val_loss: 1.0782
Epoch 188/1000 | train_loss: 1.1847 | miou: 0.2689 | f1_macro: 0.3714 | pixel_accuracy: 0.6279 | val_loss: 1.1890
Epoch 189/1000 | train_loss: 1.2549 | miou: 0.2776 | f1_macro: 0.3753 | pixel_accuracy: 0.6277 | val_loss: 1.1922
Epoch 190/1000 | train_loss: 1.1636 | miou: 0.2865 | f1_macro: 0.3831 | pixel_accuracy: 0.6485 | val_loss: 1.0721
Epoch 191/1000 | train_loss: 1.1621 | miou: 0.2843 | f1_macro: 0.3851 | pixel_accuracy: 0.6391 | val_loss: 1.0893
Epoch 192/1000 | train_loss: 1.1166 | miou: 0.2734 | f1_macro: 0.3780 | pixel_accuracy: 0.6223 | val_loss: 1.1763
Epoch 193/1000 | train_loss: 1.1508 | miou: 0.2784 | f1_macro: 0.3822 | pixel_accuracy: 0.6329 | val_loss: 1.1160
Epoch 194/1000 | train_loss: 1.0696 | miou: 0.3045 | f1_macro: 0.4128 | pixel_accuracy: 0.6622 | val_loss: 1.0631
Epoch 195/1000 | train_loss: 1.2241 | miou: 0.2958 | f1_macro: 0.4107 | pixel_accuracy: 0.6549 | val_loss: 1.0887
Epoch 196/1000 | train_loss: 1.1410 | miou: 0.2769 | f1_macro: 0.3802 | pixel_accuracy: 0.6415 | val_loss: 1.0893
Epoch 197/1000 | train_loss: 1.1012 | miou: 0.2792 | f1_macro: 0.3905 | pixel_accuracy: 0.6413 | val_loss: 1.0600
Epoch 198/1000 | train_loss: 1.1355 | miou: 0.2754 | f1_macro: 0.3845 | pixel_accuracy: 0.6164 | val_loss: 1.1572
Epoch 199/1000 | train_loss: 1.0993 | miou: 0.2830 | f1_macro: 0.3957 | pixel_accuracy: 0.6175 | val_loss: 1.0997
Epoch 200/1000 | train_loss: 1.0976 | miou: 0.2901 | f1_macro: 0.4102 | pixel_accuracy: 0.6100 | val_loss: 1.1630
Epoch 201/1000 | train_loss: 1.1281 | miou: 0.2785 | f1_macro: 0.3951 | pixel_accuracy: 0.5974 | val_loss: 1.1817
Epoch 202/1000 | train_loss: 1.0839 | miou: 0.2700 | f1_macro: 0.3798 | pixel_accuracy: 0.6059 | val_loss: 1.1619
Epoch 203/1000 | train_loss: 1.1770 | miou: 0.2364 | f1_macro: 0.3418 | pixel_accuracy: 0.5075 | val_loss: 1.3812
Epoch 204/1000 | train_loss: 1.0937 | miou: 0.2623 | f1_macro: 0.3734 | pixel_accuracy: 0.5919 | val_loss: 1.2405
Epoch 205/1000 | train_loss: 1.1443 | miou: 0.2928 | f1_macro: 0.4135 | pixel_accuracy: 0.6303 | val_loss: 1.1275
Epoch 206/1000 | train_loss: 1.1682 | miou: 0.2972 | f1_macro: 0.4217 | pixel_accuracy: 0.6218 | val_loss: 1.1641
Epoch 207/1000 | train_loss: 1.0988 | miou: 0.3138 | f1_macro: 0.4405 | pixel_accuracy: 0.6285 | val_loss: 1.1541
Epoch 208/1000 | train_loss: 1.1388 | miou: 0.3460 | f1_macro: 0.4769 | pixel_accuracy: 0.6523 | val_loss: 1.0698
Epoch 209/1000 | train_loss: 1.0894 | miou: 0.3275 | f1_macro: 0.4592 | pixel_accuracy: 0.6131 | val_loss: 1.2224
Epoch 210/1000 | train_loss: 1.1087 | miou: 0.2877 | f1_macro: 0.4148 | pixel_accuracy: 0.5838 | val_loss: 1.2886
Epoch 211/1000 | train_loss: 1.1492 | miou: 0.2922 | f1_macro: 0.4194 | pixel_accuracy: 0.6134 | val_loss: 1.0944
Epoch 212/1000 | train_loss: 1.1667 | miou: 0.3122 | f1_macro: 0.4449 | pixel_accuracy: 0.6138 | val_loss: 1.1175
Epoch 213/1000 | train_loss: 1.1000 | miou: 0.3251 | f1_macro: 0.4554 | pixel_accuracy: 0.6391 | val_loss: 1.1100
Epoch 214/1000 | train_loss: 1.1797 | miou: 0.3452 | f1_macro: 0.4762 | pixel_accuracy: 0.6694 | val_loss: 1.0607
Epoch 215/1000 | train_loss: 1.0605 | miou: 0.3417 | f1_macro: 0.4693 | pixel_accuracy: 0.6555 | val_loss: 1.0805
Epoch 216/1000 | train_loss: 1.1254 | miou: 0.3324 | f1_macro: 0.4658 | pixel_accuracy: 0.6347 | val_loss: 1.1441
Epoch 217/1000 | train_loss: 1.1395 | miou: 0.2957 | f1_macro: 0.4258 | pixel_accuracy: 0.6135 | val_loss: 1.1066
Epoch 218/1000 | train_loss: 1.1051 | miou: 0.2796 | f1_macro: 0.4075 | pixel_accuracy: 0.5962 | val_loss: 1.1405
Epoch 219/1000 | train_loss: 1.0599 | miou: 0.3112 | f1_macro: 0.4422 | pixel_accuracy: 0.6317 | val_loss: 1.0412
Epoch 220/1000 | train_loss: 1.0361 | miou: 0.3114 | f1_macro: 0.4406 | pixel_accuracy: 0.6370 | val_loss: 1.0462
Epoch 221/1000 | train_loss: 1.1131 | miou: 0.2752 | f1_macro: 0.3982 | pixel_accuracy: 0.6099 | val_loss: 1.0554
Epoch 222/1000 | train_loss: 1.0289 | miou: 0.3040 | f1_macro: 0.4359 | pixel_accuracy: 0.6197 | val_loss: 1.1111
Epoch 223/1000 | train_loss: 1.1200 | miou: 0.2935 | f1_macro: 0.4253 | pixel_accuracy: 0.6039 | val_loss: 1.1430
Epoch 224/1000 | train_loss: 1.0847 | miou: 0.2959 | f1_macro: 0.4279 | pixel_accuracy: 0.6018 | val_loss: 1.1314
Epoch 225/1000 | train_loss: 1.1031 | miou: 0.2929 | f1_macro: 0.4242 | pixel_accuracy: 0.6033 | val_loss: 1.1237
Epoch 226/1000 | train_loss: 1.0520 | miou: 0.3347 | f1_macro: 0.4699 | pixel_accuracy: 0.6411 | val_loss: 1.0652
Epoch 227/1000 | train_loss: 1.1233 | miou: 0.3252 | f1_macro: 0.4611 | pixel_accuracy: 0.6248 | val_loss: 1.1184
Epoch 228/1000 | train_loss: 1.0466 | miou: 0.3205 | f1_macro: 0.4556 | pixel_accuracy: 0.6227 | val_loss: 1.1215
Epoch 229/1000 | train_loss: 1.1196 | miou: 0.3345 | f1_macro: 0.4708 | pixel_accuracy: 0.6318 | val_loss: 1.1061
Epoch 230/1000 | train_loss: 1.0474 | miou: 0.3392 | f1_macro: 0.4756 | pixel_accuracy: 0.6311 | val_loss: 1.1119
Epoch 231/1000 | train_loss: 1.0156 | miou: 0.3161 | f1_macro: 0.4499 | pixel_accuracy: 0.6165 | val_loss: 1.1521
Epoch 232/1000 | train_loss: 1.0964 | miou: 0.3327 | f1_macro: 0.4680 | pixel_accuracy: 0.6307 | val_loss: 1.1238
Epoch 233/1000 | train_loss: 1.0972 | miou: 0.3619 | f1_macro: 0.4976 | pixel_accuracy: 0.6606 | val_loss: 1.0599
Epoch 234/1000 | train_loss: 1.0357 | miou: 0.3489 | f1_macro: 0.4832 | pixel_accuracy: 0.6604 | val_loss: 1.0597
Epoch 235/1000 | train_loss: 1.0642 | miou: 0.3509 | f1_macro: 0.4855 | pixel_accuracy: 0.6572 | val_loss: 1.0955
Epoch 236/1000 | train_loss: 1.0913 | miou: 0.3652 | f1_macro: 0.5014 | pixel_accuracy: 0.6525 | val_loss: 1.1301
Epoch 237/1000 | train_loss: 1.0361 | miou: 0.3621 | f1_macro: 0.4980 | pixel_accuracy: 0.6470 | val_loss: 1.1322
Epoch 238/1000 | train_loss: 1.1073 | miou: 0.3583 | f1_macro: 0.4945 | pixel_accuracy: 0.6395 | val_loss: 1.1856
Epoch 239/1000 | train_loss: 1.1110 | miou: 0.3862 | f1_macro: 0.5225 | pixel_accuracy: 0.6684 | val_loss: 1.0987
Epoch 240/1000 | train_loss: 1.0583 | miou: 0.3369 | f1_macro: 0.4737 | pixel_accuracy: 0.6276 | val_loss: 1.2478
Epoch 241/1000 | train_loss: 1.1413 | miou: 0.3755 | f1_macro: 0.5121 | pixel_accuracy: 0.6475 | val_loss: 1.1632
Epoch 242/1000 | train_loss: 1.0768 | miou: 0.3358 | f1_macro: 0.4678 | pixel_accuracy: 0.6341 | val_loss: 1.1773
Epoch 243/1000 | train_loss: 1.0625 | miou: 0.3079 | f1_macro: 0.4353 | pixel_accuracy: 0.5756 | val_loss: 1.3141
Epoch 244/1000 | train_loss: 1.0856 | miou: 0.3454 | f1_macro: 0.4794 | pixel_accuracy: 0.6480 | val_loss: 1.1272
Epoch 245/1000 | train_loss: 1.0702 | miou: 0.3228 | f1_macro: 0.4565 | pixel_accuracy: 0.6335 | val_loss: 1.1129
Epoch 246/1000 | train_loss: 1.0547 | miou: 0.3394 | f1_macro: 0.4757 | pixel_accuracy: 0.6286 | val_loss: 1.2029
Epoch 247/1000 | train_loss: 1.1157 | miou: 0.3368 | f1_macro: 0.4739 | pixel_accuracy: 0.6216 | val_loss: 1.1731
Epoch 248/1000 | train_loss: 1.1307 | miou: 0.3202 | f1_macro: 0.4545 | pixel_accuracy: 0.6240 | val_loss: 1.1827
Epoch 249/1000 | train_loss: 1.0343 | miou: 0.3516 | f1_macro: 0.4878 | pixel_accuracy: 0.6559 | val_loss: 1.0707
Epoch 250/1000 | train_loss: 1.0944 | miou: 0.3559 | f1_macro: 0.4931 | pixel_accuracy: 0.6430 | val_loss: 1.1469
Epoch 251/1000 | train_loss: 1.0843 | miou: 0.3565 | f1_macro: 0.4938 | pixel_accuracy: 0.6361 | val_loss: 1.1531
Epoch 252/1000 | train_loss: 1.0696 | miou: 0.3539 | f1_macro: 0.4905 | pixel_accuracy: 0.6365 | val_loss: 1.1875
Epoch 253/1000 | train_loss: 1.1135 | miou: 0.3440 | f1_macro: 0.4813 | pixel_accuracy: 0.6291 | val_loss: 1.1630
Epoch 254/1000 | train_loss: 1.0714 | miou: 0.3433 | f1_macro: 0.4805 | pixel_accuracy: 0.6392 | val_loss: 1.1139
Epoch 255/1000 | train_loss: 1.0231 | miou: 0.3424 | f1_macro: 0.4785 | pixel_accuracy: 0.6431 | val_loss: 1.1087
Epoch 256/1000 | train_loss: 1.0088 | miou: 0.3355 | f1_macro: 0.4723 | pixel_accuracy: 0.6289 | val_loss: 1.1483
Epoch 257/1000 | train_loss: 1.0142 | miou: 0.3300 | f1_macro: 0.4675 | pixel_accuracy: 0.6108 | val_loss: 1.2292
Epoch 258/1000 | train_loss: 1.0460 | miou: 0.3172 | f1_macro: 0.4546 | pixel_accuracy: 0.6007 | val_loss: 1.2401
Epoch 259/1000 | train_loss: 1.0939 | miou: 0.3242 | f1_macro: 0.4616 | pixel_accuracy: 0.6141 | val_loss: 1.1680
Epoch 260/1000 | train_loss: 1.0318 | miou: 0.3256 | f1_macro: 0.4602 | pixel_accuracy: 0.6328 | val_loss: 1.1139
Epoch 261/1000 | train_loss: 1.0521 | miou: 0.3043 | f1_macro: 0.4363 | pixel_accuracy: 0.6038 | val_loss: 1.2307
Epoch 262/1000 | train_loss: 1.0135 | miou: 0.2652 | f1_macro: 0.3933 | pixel_accuracy: 0.5518 | val_loss: 1.3418
Epoch 263/1000 | train_loss: 1.0935 | miou: 0.2757 | f1_macro: 0.4041 | pixel_accuracy: 0.5809 | val_loss: 1.2511
Epoch 264/1000 | train_loss: 1.0879 | miou: 0.3407 | f1_macro: 0.4790 | pixel_accuracy: 0.6373 | val_loss: 1.1483
Epoch 265/1000 | train_loss: 1.0689 | miou: 0.3677 | f1_macro: 0.5049 | pixel_accuracy: 0.6501 | val_loss: 1.1629
Epoch 266/1000 | train_loss: 1.0010 | miou: 0.3609 | f1_macro: 0.4965 | pixel_accuracy: 0.6451 | val_loss: 1.1808
Epoch 267/1000 | train_loss: 1.0430 | miou: 0.3398 | f1_macro: 0.4762 | pixel_accuracy: 0.6369 | val_loss: 1.1566
Epoch 268/1000 | train_loss: 1.0501 | miou: 0.3465 | f1_macro: 0.4822 | pixel_accuracy: 0.6484 | val_loss: 1.1190
Epoch 269/1000 | train_loss: 1.0193 | miou: 0.3090 | f1_macro: 0.4437 | pixel_accuracy: 0.6155 | val_loss: 1.1655
Epoch 270/1000 | train_loss: 0.9799 | miou: 0.3032 | f1_macro: 0.4371 | pixel_accuracy: 0.6072 | val_loss: 1.2298
Epoch 271/1000 | train_loss: 1.0678 | miou: 0.3147 | f1_macro: 0.4512 | pixel_accuracy: 0.6102 | val_loss: 1.2412
Epoch 272/1000 | train_loss: 1.0390 | miou: 0.3177 | f1_macro: 0.4544 | pixel_accuracy: 0.6125 | val_loss: 1.2563
Epoch 273/1000 | train_loss: 1.0375 | miou: 0.2715 | f1_macro: 0.4012 | pixel_accuracy: 0.5725 | val_loss: 1.2550
Epoch 274/1000 | train_loss: 1.0711 | miou: 0.3093 | f1_macro: 0.4431 | pixel_accuracy: 0.6183 | val_loss: 1.1903
Epoch 275/1000 | train_loss: 1.0007 | miou: 0.2905 | f1_macro: 0.4192 | pixel_accuracy: 0.5968 | val_loss: 1.2635
Epoch 276/1000 | train_loss: 1.0031 | miou: 0.3233 | f1_macro: 0.4589 | pixel_accuracy: 0.6265 | val_loss: 1.2356
Epoch 277/1000 | train_loss: 0.9982 | miou: 0.3257 | f1_macro: 0.4602 | pixel_accuracy: 0.6361 | val_loss: 1.1777
Epoch 278/1000 | train_loss: 1.0324 | miou: 0.3292 | f1_macro: 0.4628 | pixel_accuracy: 0.6428 | val_loss: 1.1527
Epoch 279/1000 | train_loss: 0.9991 | miou: 0.3089 | f1_macro: 0.4382 | pixel_accuracy: 0.6298 | val_loss: 1.1705
Epoch 280/1000 | train_loss: 1.0634 | miou: 0.3299 | f1_macro: 0.4649 | pixel_accuracy: 0.6390 | val_loss: 1.1917
Epoch 281/1000 | train_loss: 1.0296 | miou: 0.2988 | f1_macro: 0.4316 | pixel_accuracy: 0.6048 | val_loss: 1.2682
Epoch 282/1000 | train_loss: 1.1077 | miou: 0.2693 | f1_macro: 0.3973 | pixel_accuracy: 0.5337 | val_loss: 1.4179
Epoch 283/1000 | train_loss: 1.1477 | miou: 0.2749 | f1_macro: 0.3971 | pixel_accuracy: 0.6062 | val_loss: 1.2009
Epoch 284/1000 | train_loss: 1.0482 | miou: 0.2806 | f1_macro: 0.4020 | pixel_accuracy: 0.6063 | val_loss: 1.1920
Epoch 285/1000 | train_loss: 1.0675 | miou: 0.3089 | f1_macro: 0.4349 | pixel_accuracy: 0.6327 | val_loss: 1.1742
Epoch 286/1000 | train_loss: 1.0466 | miou: 0.3620 | f1_macro: 0.4994 | pixel_accuracy: 0.6649 | val_loss: 1.1258
Epoch 287/1000 | train_loss: 1.0297 | miou: 0.3335 | f1_macro: 0.4695 | pixel_accuracy: 0.6330 | val_loss: 1.2439
Epoch 288/1000 | train_loss: 1.0281 | miou: 0.3263 | f1_macro: 0.4604 | pixel_accuracy: 0.6313 | val_loss: 1.2090
Epoch 289/1000 | train_loss: 1.0227 | miou: 0.3464 | f1_macro: 0.4776 | pixel_accuracy: 0.6547 | val_loss: 1.1548
Epoch 290/1000 | train_loss: 1.0255 | miou: 0.3445 | f1_macro: 0.4766 | pixel_accuracy: 0.6526 | val_loss: 1.1736
Epoch 291/1000 | train_loss: 1.0241 | miou: 0.3159 | f1_macro: 0.4515 | pixel_accuracy: 0.6142 | val_loss: 1.3464
Epoch 292/1000 | train_loss: 1.0797 | miou: 0.3362 | f1_macro: 0.4735 | pixel_accuracy: 0.6339 | val_loss: 1.2679
Epoch 293/1000 | train_loss: 1.0390 | miou: 0.3431 | f1_macro: 0.4793 | pixel_accuracy: 0.6472 | val_loss: 1.2078
Epoch 294/1000 | train_loss: 1.0501 | miou: 0.3568 | f1_macro: 0.4933 | pixel_accuracy: 0.6535 | val_loss: 1.1959
Epoch 295/1000 | train_loss: 1.0333 | miou: 0.3439 | f1_macro: 0.4778 | pixel_accuracy: 0.6494 | val_loss: 1.2313
Epoch 296/1000 | train_loss: 1.0222 | miou: 0.3581 | f1_macro: 0.4947 | pixel_accuracy: 0.6570 | val_loss: 1.1994
Epoch 297/1000 | train_loss: 1.0576 | miou: 0.3619 | f1_macro: 0.5000 | pixel_accuracy: 0.6315 | val_loss: 1.3371
Epoch 298/1000 | train_loss: 1.0306 | miou: 0.3399 | f1_macro: 0.4771 | pixel_accuracy: 0.6330 | val_loss: 1.3217
Epoch 299/1000 | train_loss: 1.0342 | miou: 0.3668 | f1_macro: 0.5052 | pixel_accuracy: 0.6581 | val_loss: 1.2027
Epoch 300/1000 | train_loss: 1.0705 | miou: 0.3577 | f1_macro: 0.4917 | pixel_accuracy: 0.6573 | val_loss: 1.3193
Epoch 301/1000 | train_loss: 1.0581 | miou: 0.3354 | f1_macro: 0.4707 | pixel_accuracy: 0.6428 | val_loss: 1.2821
Epoch 302/1000 | train_loss: 1.0475 | miou: 0.3395 | f1_macro: 0.4722 | pixel_accuracy: 0.6600 | val_loss: 1.1978
Epoch 303/1000 | train_loss: 1.1144 | miou: 0.3567 | f1_macro: 0.4908 | pixel_accuracy: 0.6396 | val_loss: 1.2187
Epoch 304/1000 | train_loss: 1.0596 | miou: 0.3452 | f1_macro: 0.4788 | pixel_accuracy: 0.6554 | val_loss: 1.1926
Epoch 305/1000 | train_loss: 1.0330 | miou: 0.3429 | f1_macro: 0.4776 | pixel_accuracy: 0.6500 | val_loss: 1.2039
Epoch 306/1000 | train_loss: 0.9892 | miou: 0.3206 | f1_macro: 0.4492 | pixel_accuracy: 0.6291 | val_loss: 1.2738
Epoch 307/1000 | train_loss: 0.9837 | miou: 0.3274 | f1_macro: 0.4559 | pixel_accuracy: 0.6357 | val_loss: 1.2447
Epoch 308/1000 | train_loss: 0.9820 | miou: 0.3661 | f1_macro: 0.5026 | pixel_accuracy: 0.6613 | val_loss: 1.1747
Epoch 309/1000 | train_loss: 1.0486 | miou: 0.3410 | f1_macro: 0.4745 | pixel_accuracy: 0.6351 | val_loss: 1.3079
Epoch 310/1000 | train_loss: 1.0454 | miou: 0.3540 | f1_macro: 0.4910 | pixel_accuracy: 0.6531 | val_loss: 1.2187
Epoch 311/1000 | train_loss: 1.0453 | miou: 0.3326 | f1_macro: 0.4687 | pixel_accuracy: 0.6146 | val_loss: 1.3746
Epoch 312/1000 | train_loss: 1.0559 | miou: 0.3104 | f1_macro: 0.4446 | pixel_accuracy: 0.5900 | val_loss: 1.4063
Epoch 313/1000 | train_loss: 1.0158 | miou: 0.2768 | f1_macro: 0.4078 | pixel_accuracy: 0.5667 | val_loss: 1.3964
Epoch 314/1000 | train_loss: 1.0261 | miou: 0.2996 | f1_macro: 0.4340 | pixel_accuracy: 0.5985 | val_loss: 1.2987
Epoch 315/1000 | train_loss: 0.9940 | miou: 0.3296 | f1_macro: 0.4654 | pixel_accuracy: 0.6341 | val_loss: 1.2068
Epoch 316/1000 | train_loss: 0.9704 | miou: 0.3216 | f1_macro: 0.4562 | pixel_accuracy: 0.6306 | val_loss: 1.2363
Epoch 317/1000 | train_loss: 1.0222 | miou: 0.3409 | f1_macro: 0.4765 | pixel_accuracy: 0.6395 | val_loss: 1.2570
Epoch 318/1000 | train_loss: 0.9955 | miou: 0.3285 | f1_macro: 0.4611 | pixel_accuracy: 0.6376 | val_loss: 1.2373
Epoch 319/1000 | train_loss: 0.9955 | miou: 0.3509 | f1_macro: 0.4865 | pixel_accuracy: 0.6538 | val_loss: 1.2461
Epoch 320/1000 | train_loss: 1.0137 | miou: 0.3483 | f1_macro: 0.4815 | pixel_accuracy: 0.6541 | val_loss: 1.2261
Epoch 321/1000 | train_loss: 1.0514 | miou: 0.3471 | f1_macro: 0.4764 | pixel_accuracy: 0.6503 | val_loss: 1.2720
Epoch 322/1000 | train_loss: 1.0488 | miou: 0.3449 | f1_macro: 0.4827 | pixel_accuracy: 0.6463 | val_loss: 1.2225
Epoch 323/1000 | train_loss: 1.0647 | miou: 0.3313 | f1_macro: 0.4649 | pixel_accuracy: 0.6210 | val_loss: 1.2276
Epoch 324/1000 | train_loss: 1.0916 | miou: 0.2966 | f1_macro: 0.4230 | pixel_accuracy: 0.6065 | val_loss: 1.2745
Epoch 325/1000 | train_loss: 1.0803 | miou: 0.3034 | f1_macro: 0.4347 | pixel_accuracy: 0.6116 | val_loss: 1.1994
Epoch 326/1000 | train_loss: 1.0130 | miou: 0.3061 | f1_macro: 0.4414 | pixel_accuracy: 0.5985 | val_loss: 1.3362
Epoch 327/1000 | train_loss: 1.0438 | miou: 0.3584 | f1_macro: 0.4967 | pixel_accuracy: 0.6473 | val_loss: 1.2013
Epoch 328/1000 | train_loss: 0.9926 | miou: 0.3767 | f1_macro: 0.5128 | pixel_accuracy: 0.6653 | val_loss: 1.1512
Epoch 329/1000 | train_loss: 0.9772 | miou: 0.3493 | f1_macro: 0.4854 | pixel_accuracy: 0.6389 | val_loss: 1.2456
Epoch 330/1000 | train_loss: 0.9507 | miou: 0.3373 | f1_macro: 0.4744 | pixel_accuracy: 0.6332 | val_loss: 1.2653
Epoch 331/1000 | train_loss: 0.9683 | miou: 0.3397 | f1_macro: 0.4778 | pixel_accuracy: 0.6296 | val_loss: 1.3002
Epoch 332/1000 | train_loss: 0.9354 | miou: 0.3653 | f1_macro: 0.5026 | pixel_accuracy: 0.6443 | val_loss: 1.2654
Epoch 333/1000 | train_loss: 1.0369 | miou: 0.3458 | f1_macro: 0.4794 | pixel_accuracy: 0.6264 | val_loss: 1.2896
Epoch 334/1000 | train_loss: 0.9701 | miou: 0.3379 | f1_macro: 0.4737 | pixel_accuracy: 0.6310 | val_loss: 1.2355
Epoch 335/1000 | train_loss: 0.9699 | miou: 0.3396 | f1_macro: 0.4728 | pixel_accuracy: 0.6346 | val_loss: 1.2619
Epoch 336/1000 | train_loss: 1.0003 | miou: 0.3700 | f1_macro: 0.5053 | pixel_accuracy: 0.6538 | val_loss: 1.2266
Epoch 337/1000 | train_loss: 0.9762 | miou: 0.3523 | f1_macro: 0.4844 | pixel_accuracy: 0.6510 | val_loss: 1.2341
Epoch 338/1000 | train_loss: 0.9728 | miou: 0.3256 | f1_macro: 0.4567 | pixel_accuracy: 0.6133 | val_loss: 1.3577
Epoch 339/1000 | train_loss: 0.9898 | miou: 0.3391 | f1_macro: 0.4727 | pixel_accuracy: 0.6230 | val_loss: 1.3285
Epoch 340/1000 | train_loss: 0.9640 | miou: 0.3133 | f1_macro: 0.4490 | pixel_accuracy: 0.5873 | val_loss: 1.4284
Epoch 341/1000 | train_loss: 1.0127 | miou: 0.3565 | f1_macro: 0.4922 | pixel_accuracy: 0.6419 | val_loss: 1.2264
Epoch 342/1000 | train_loss: 0.9878 | miou: 0.3456 | f1_macro: 0.4801 | pixel_accuracy: 0.6634 | val_loss: 1.1431
Epoch 343/1000 | train_loss: 1.0415 | miou: 0.3465 | f1_macro: 0.4840 | pixel_accuracy: 0.6410 | val_loss: 1.2979
Epoch 344/1000 | train_loss: 0.9734 | miou: 0.3596 | f1_macro: 0.4978 | pixel_accuracy: 0.6436 | val_loss: 1.3380
Epoch 345/1000 | train_loss: 0.9963 | miou: 0.3674 | f1_macro: 0.5052 | pixel_accuracy: 0.6475 | val_loss: 1.2554
Epoch 346/1000 | train_loss: 0.9687 | miou: 0.3512 | f1_macro: 0.4888 | pixel_accuracy: 0.6429 | val_loss: 1.2441
Epoch 347/1000 | train_loss: 0.9878 | miou: 0.3484 | f1_macro: 0.4853 | pixel_accuracy: 0.6449 | val_loss: 1.2412
Epoch 348/1000 | train_loss: 0.9720 | miou: 0.3169 | f1_macro: 0.4433 | pixel_accuracy: 0.6369 | val_loss: 1.2834
Epoch 349/1000 | train_loss: 0.9827 | miou: 0.3477 | f1_macro: 0.4824 | pixel_accuracy: 0.6473 | val_loss: 1.2536
Epoch 350/1000 | train_loss: 0.9485 | miou: 0.3411 | f1_macro: 0.4722 | pixel_accuracy: 0.6596 | val_loss: 1.2342
Epoch 351/1000 | train_loss: 0.9848 | miou: 0.3594 | f1_macro: 0.4954 | pixel_accuracy: 0.6602 | val_loss: 1.2251
Epoch 352/1000 | train_loss: 0.9601 | miou: 0.3472 | f1_macro: 0.4766 | pixel_accuracy: 0.6573 | val_loss: 1.2553
Epoch 353/1000 | train_loss: 0.9603 | miou: 0.3139 | f1_macro: 0.4430 | pixel_accuracy: 0.6143 | val_loss: 1.3999
Epoch 354/1000 | train_loss: 0.9180 | miou: 0.3362 | f1_macro: 0.4685 | pixel_accuracy: 0.6250 | val_loss: 1.3374
Epoch 355/1000 | train_loss: 0.9636 | miou: 0.3558 | f1_macro: 0.4898 | pixel_accuracy: 0.6453 | val_loss: 1.3756
Epoch 356/1000 | train_loss: 1.0205 | miou: 0.3052 | f1_macro: 0.4402 | pixel_accuracy: 0.5949 | val_loss: 1.5664
Epoch 357/1000 | train_loss: 1.0233 | miou: 0.3219 | f1_macro: 0.4534 | pixel_accuracy: 0.6149 | val_loss: 1.4448
Epoch 358/1000 | train_loss: 1.0251 | miou: 0.3415 | f1_macro: 0.4777 | pixel_accuracy: 0.6272 | val_loss: 1.3924
Epoch 359/1000 | train_loss: 0.9611 | miou: 0.3198 | f1_macro: 0.4576 | pixel_accuracy: 0.6024 | val_loss: 1.4329
Epoch 360/1000 | train_loss: 0.9620 | miou: 0.3531 | f1_macro: 0.4908 | pixel_accuracy: 0.6286 | val_loss: 1.3669
Epoch 361/1000 | train_loss: 0.9923 | miou: 0.3365 | f1_macro: 0.4709 | pixel_accuracy: 0.6170 | val_loss: 1.4241
Epoch 362/1000 | train_loss: 0.9804 | miou: 0.3338 | f1_macro: 0.4668 | pixel_accuracy: 0.6317 | val_loss: 1.3627
Epoch 363/1000 | train_loss: 0.9519 | miou: 0.3229 | f1_macro: 0.4522 | pixel_accuracy: 0.6322 | val_loss: 1.3169
Epoch 364/1000 | train_loss: 0.9671 | miou: 0.3345 | f1_macro: 0.4616 | pixel_accuracy: 0.6401 | val_loss: 1.3175
Epoch 365/1000 | train_loss: 0.9539 | miou: 0.3542 | f1_macro: 0.4832 | pixel_accuracy: 0.6627 | val_loss: 1.2651
Epoch 366/1000 | train_loss: 0.9499 | miou: 0.3582 | f1_macro: 0.4881 | pixel_accuracy: 0.6723 | val_loss: 1.2647
Epoch 367/1000 | train_loss: 0.9234 | miou: 0.3486 | f1_macro: 0.4813 | pixel_accuracy: 0.6514 | val_loss: 1.3463
Epoch 368/1000 | train_loss: 0.9639 | miou: 0.3408 | f1_macro: 0.4639 | pixel_accuracy: 0.6726 | val_loss: 1.2627
Epoch 369/1000 | train_loss: 0.9381 | miou: 0.3617 | f1_macro: 0.4929 | pixel_accuracy: 0.6803 | val_loss: 1.2201
Epoch 370/1000 | train_loss: 0.9181 | miou: 0.3465 | f1_macro: 0.4724 | pixel_accuracy: 0.6529 | val_loss: 1.2963
Epoch 371/1000 | train_loss: 1.0012 | miou: 0.3450 | f1_macro: 0.4737 | pixel_accuracy: 0.6483 | val_loss: 1.3186
Epoch 372/1000 | train_loss: 0.9834 | miou: 0.3549 | f1_macro: 0.4842 | pixel_accuracy: 0.6726 | val_loss: 1.2406
Epoch 373/1000 | train_loss: 0.9702 | miou: 0.3376 | f1_macro: 0.4694 | pixel_accuracy: 0.6450 | val_loss: 1.3610
Epoch 374/1000 | train_loss: 0.9840 | miou: 0.3320 | f1_macro: 0.4576 | pixel_accuracy: 0.6454 | val_loss: 1.3396
Epoch 375/1000 | train_loss: 0.9110 | miou: 0.3542 | f1_macro: 0.4853 | pixel_accuracy: 0.6665 | val_loss: 1.2778
Epoch 376/1000 | train_loss: 0.8991 | miou: 0.3551 | f1_macro: 0.4844 | pixel_accuracy: 0.6661 | val_loss: 1.2898
Epoch 377/1000 | train_loss: 0.9260 | miou: 0.3534 | f1_macro: 0.4835 | pixel_accuracy: 0.6623 | val_loss: 1.3013
Epoch 378/1000 | train_loss: 0.9401 | miou: 0.3456 | f1_macro: 0.4731 | pixel_accuracy: 0.6547 | val_loss: 1.3670
Epoch 379/1000 | train_loss: 0.9338 | miou: 0.3540 | f1_macro: 0.4833 | pixel_accuracy: 0.6681 | val_loss: 1.3154
Epoch 380/1000 | train_loss: 0.9332 | miou: 0.3452 | f1_macro: 0.4736 | pixel_accuracy: 0.6537 | val_loss: 1.3562
Epoch 381/1000 | train_loss: 0.9351 | miou: 0.3724 | f1_macro: 0.5078 | pixel_accuracy: 0.6681 | val_loss: 1.4180
Epoch 382/1000 | train_loss: 0.9527 | miou: 0.2882 | f1_macro: 0.4127 | pixel_accuracy: 0.5288 | val_loss: 1.7689
Epoch 383/1000 | train_loss: 1.0539 | miou: 0.3483 | f1_macro: 0.4831 | pixel_accuracy: 0.6573 | val_loss: 1.2610
Epoch 384/1000 | train_loss: 0.9813 | miou: 0.3643 | f1_macro: 0.4966 | pixel_accuracy: 0.6873 | val_loss: 1.1626
Epoch 385/1000 | train_loss: 0.9485 | miou: 0.3264 | f1_macro: 0.4528 | pixel_accuracy: 0.6376 | val_loss: 1.3721
Epoch 386/1000 | train_loss: 0.9406 | miou: 0.3974 | f1_macro: 0.5294 | pixel_accuracy: 0.7101 | val_loss: 1.1999
Epoch 387/1000 | train_loss: 0.9400 | miou: 0.3874 | f1_macro: 0.5163 | pixel_accuracy: 0.7145 | val_loss: 1.1781
Epoch 388/1000 | train_loss: 0.9591 | miou: 0.3468 | f1_macro: 0.4778 | pixel_accuracy: 0.6639 | val_loss: 1.2564
Epoch 389/1000 | train_loss: 0.9381 | miou: 0.3379 | f1_macro: 0.4648 | pixel_accuracy: 0.6525 | val_loss: 1.2547
Epoch 390/1000 | train_loss: 0.9404 | miou: 0.3596 | f1_macro: 0.4872 | pixel_accuracy: 0.6871 | val_loss: 1.1723
Epoch 391/1000 | train_loss: 0.9719 | miou: 0.3462 | f1_macro: 0.4682 | pixel_accuracy: 0.6783 | val_loss: 1.2177
Epoch 392/1000 | train_loss: 0.9434 | miou: 0.3580 | f1_macro: 0.4890 | pixel_accuracy: 0.6777 | val_loss: 1.1963
Epoch 393/1000 | train_loss: 0.9925 | miou: 0.3433 | f1_macro: 0.4727 | pixel_accuracy: 0.6587 | val_loss: 1.2464
Epoch 394/1000 | train_loss: 0.9550 | miou: 0.3277 | f1_macro: 0.4533 | pixel_accuracy: 0.6460 | val_loss: 1.2923
Epoch 395/1000 | train_loss: 0.9398 | miou: 0.3344 | f1_macro: 0.4629 | pixel_accuracy: 0.6547 | val_loss: 1.2624
Epoch 396/1000 | train_loss: 0.9673 | miou: 0.3355 | f1_macro: 0.4605 | pixel_accuracy: 0.6620 | val_loss: 1.2653
Epoch 397/1000 | train_loss: 0.9290 | miou: 0.3525 | f1_macro: 0.4812 | pixel_accuracy: 0.6761 | val_loss: 1.2381
Epoch 398/1000 | train_loss: 0.9712 | miou: 0.3269 | f1_macro: 0.4480 | pixel_accuracy: 0.6548 | val_loss: 1.3125
Epoch 399/1000 | train_loss: 0.9467 | miou: 0.3001 | f1_macro: 0.4271 | pixel_accuracy: 0.5881 | val_loss: 1.4785
Epoch 400/1000 | train_loss: 1.0529 | miou: 0.3314 | f1_macro: 0.4605 | pixel_accuracy: 0.6383 | val_loss: 1.3180
Epoch 401/1000 | train_loss: 0.9620 | miou: 0.3384 | f1_macro: 0.4633 | pixel_accuracy: 0.6561 | val_loss: 1.2639
Epoch 402/1000 | train_loss: 0.9408 | miou: 0.3398 | f1_macro: 0.4717 | pixel_accuracy: 0.6483 | val_loss: 1.3273
Epoch 403/1000 | train_loss: 0.9751 | miou: 0.3456 | f1_macro: 0.4722 | pixel_accuracy: 0.6601 | val_loss: 1.2725
Epoch 404/1000 | train_loss: 0.9279 | miou: 0.3512 | f1_macro: 0.4802 | pixel_accuracy: 0.6691 | val_loss: 1.2332
Epoch 405/1000 | train_loss: 0.9204 | miou: 0.3320 | f1_macro: 0.4581 | pixel_accuracy: 0.6500 | val_loss: 1.3229
Epoch 406/1000 | train_loss: 0.9493 | miou: 0.3547 | f1_macro: 0.4849 | pixel_accuracy: 0.6629 | val_loss: 1.3065
Epoch 407/1000 | train_loss: 0.9215 | miou: 0.3560 | f1_macro: 0.4833 | pixel_accuracy: 0.6638 | val_loss: 1.2919
Epoch 408/1000 | train_loss: 0.9268 | miou: 0.3618 | f1_macro: 0.4887 | pixel_accuracy: 0.6771 | val_loss: 1.2346
Epoch 409/1000 | train_loss: 0.9227 | miou: 0.3537 | f1_macro: 0.4802 | pixel_accuracy: 0.6632 | val_loss: 1.2594
Epoch 410/1000 | train_loss: 0.8966 | miou: 0.3641 | f1_macro: 0.4903 | pixel_accuracy: 0.6889 | val_loss: 1.2247
Epoch 411/1000 | train_loss: 0.9186 | miou: 0.3720 | f1_macro: 0.5056 | pixel_accuracy: 0.6752 | val_loss: 1.3652
Epoch 412/1000 | train_loss: 0.8861 | miou: 0.3530 | f1_macro: 0.4856 | pixel_accuracy: 0.6651 | val_loss: 1.3482
Epoch 413/1000 | train_loss: 0.8975 | miou: 0.3485 | f1_macro: 0.4762 | pixel_accuracy: 0.6586 | val_loss: 1.3318
Epoch 414/1000 | train_loss: 0.8818 | miou: 0.3349 | f1_macro: 0.4589 | pixel_accuracy: 0.6379 | val_loss: 1.4116
Epoch 415/1000 | train_loss: 0.8844 | miou: 0.3555 | f1_macro: 0.4850 | pixel_accuracy: 0.6723 | val_loss: 1.3472
Epoch 416/1000 | train_loss: 0.8766 | miou: 0.3274 | f1_macro: 0.4510 | pixel_accuracy: 0.6317 | val_loss: 1.4523
Epoch 417/1000 | train_loss: 0.8855 | miou: 0.3557 | f1_macro: 0.4901 | pixel_accuracy: 0.6685 | val_loss: 1.4100
Epoch 418/1000 | train_loss: 0.8709 | miou: 0.2999 | f1_macro: 0.4262 | pixel_accuracy: 0.5591 | val_loss: 1.7770
Epoch 419/1000 | train_loss: 0.9113 | miou: 0.3598 | f1_macro: 0.4924 | pixel_accuracy: 0.6750 | val_loss: 1.3520
Epoch 420/1000 | train_loss: 0.8929 | miou: 0.3034 | f1_macro: 0.4343 | pixel_accuracy: 0.5662 | val_loss: 1.7828
Epoch 421/1000 | train_loss: 0.9695 | miou: 0.3562 | f1_macro: 0.4920 | pixel_accuracy: 0.6644 | val_loss: 1.3140
Epoch 422/1000 | train_loss: 0.9873 | miou: 0.3525 | f1_macro: 0.4834 | pixel_accuracy: 0.6757 | val_loss: 1.2460
Epoch 423/1000 | train_loss: 0.9399 | miou: 0.3462 | f1_macro: 0.4712 | pixel_accuracy: 0.6702 | val_loss: 1.2752
Epoch 424/1000 | train_loss: 0.9247 | miou: 0.3371 | f1_macro: 0.4635 | pixel_accuracy: 0.6579 | val_loss: 1.3589
Epoch 425/1000 | train_loss: 0.9349 | miou: 0.3444 | f1_macro: 0.4759 | pixel_accuracy: 0.6488 | val_loss: 1.3403
Epoch 426/1000 | train_loss: 0.9392 | miou: 0.3722 | f1_macro: 0.5045 | pixel_accuracy: 0.6921 | val_loss: 1.2249
Epoch 427/1000 | train_loss: 0.9377 | miou: 0.3939 | f1_macro: 0.5271 | pixel_accuracy: 0.7069 | val_loss: 1.1737
Epoch 428/1000 | train_loss: 0.9670 | miou: 0.3379 | f1_macro: 0.4612 | pixel_accuracy: 0.6749 | val_loss: 1.2732
Epoch 429/1000 | train_loss: 0.9321 | miou: 0.3479 | f1_macro: 0.4727 | pixel_accuracy: 0.6707 | val_loss: 1.2373
Epoch 430/1000 | train_loss: 0.8916 | miou: 0.3408 | f1_macro: 0.4665 | pixel_accuracy: 0.6506 | val_loss: 1.3244
Epoch 431/1000 | train_loss: 0.9039 | miou: 0.3464 | f1_macro: 0.4751 | pixel_accuracy: 0.6557 | val_loss: 1.3204
Epoch 432/1000 | train_loss: 0.8767 | miou: 0.3582 | f1_macro: 0.4852 | pixel_accuracy: 0.6743 | val_loss: 1.2877
Epoch 433/1000 | train_loss: 0.9230 | miou: 0.3610 | f1_macro: 0.4896 | pixel_accuracy: 0.6801 | val_loss: 1.2563
Epoch 434/1000 | train_loss: 0.9070 | miou: 0.3475 | f1_macro: 0.4735 | pixel_accuracy: 0.6691 | val_loss: 1.2961
Epoch 435/1000 | train_loss: 0.9200 | miou: 0.3642 | f1_macro: 0.4929 | pixel_accuracy: 0.6849 | val_loss: 1.2637
Epoch 436/1000 | train_loss: 0.9427 | miou: 0.3435 | f1_macro: 0.4660 | pixel_accuracy: 0.6658 | val_loss: 1.3195
Epoch 437/1000 | train_loss: 0.9496 | miou: 0.3404 | f1_macro: 0.4669 | pixel_accuracy: 0.6402 | val_loss: 1.3572
Epoch 438/1000 | train_loss: 0.9348 | miou: 0.3514 | f1_macro: 0.4760 | pixel_accuracy: 0.6655 | val_loss: 1.2939
Epoch 439/1000 | train_loss: 0.8908 | miou: 0.3492 | f1_macro: 0.4709 | pixel_accuracy: 0.6809 | val_loss: 1.2512
Epoch 440/1000 | train_loss: 0.8778 | miou: 0.3570 | f1_macro: 0.4827 | pixel_accuracy: 0.6796 | val_loss: 1.2693
Epoch 441/1000 | train_loss: 0.9058 | miou: 0.3389 | f1_macro: 0.4634 | pixel_accuracy: 0.6497 | val_loss: 1.3404
Epoch 442/1000 | train_loss: 0.8564 | miou: 0.3283 | f1_macro: 0.4547 | pixel_accuracy: 0.6263 | val_loss: 1.3892
Epoch 443/1000 | train_loss: 0.8482 | miou: 0.3366 | f1_macro: 0.4621 | pixel_accuracy: 0.6339 | val_loss: 1.4038
Epoch 444/1000 | train_loss: 0.8972 | miou: 0.3571 | f1_macro: 0.4836 | pixel_accuracy: 0.6749 | val_loss: 1.3148
Epoch 445/1000 | train_loss: 0.8664 | miou: 0.3410 | f1_macro: 0.4661 | pixel_accuracy: 0.6408 | val_loss: 1.3814
Epoch 446/1000 | train_loss: 0.8701 | miou: 0.3427 | f1_macro: 0.4696 | pixel_accuracy: 0.6398 | val_loss: 1.3633
Epoch 447/1000 | train_loss: 0.8387 | miou: 0.3595 | f1_macro: 0.4871 | pixel_accuracy: 0.6747 | val_loss: 1.3207
Epoch 448/1000 | train_loss: 0.8452 | miou: 0.3572 | f1_macro: 0.4838 | pixel_accuracy: 0.6690 | val_loss: 1.3686
Epoch 449/1000 | train_loss: 0.8583 | miou: 0.3338 | f1_macro: 0.4500 | pixel_accuracy: 0.6505 | val_loss: 1.3825
Epoch 450/1000 | train_loss: 0.8550 | miou: 0.3292 | f1_macro: 0.4541 | pixel_accuracy: 0.6549 | val_loss: 1.3901
Epoch 451/1000 | train_loss: 0.8771 | miou: 0.3187 | f1_macro: 0.4471 | pixel_accuracy: 0.6290 | val_loss: 1.5101
Epoch 452/1000 | train_loss: 0.9597 | miou: 0.3472 | f1_macro: 0.4792 | pixel_accuracy: 0.6673 | val_loss: 1.3879
Epoch 453/1000 | train_loss: 0.8997 | miou: 0.3285 | f1_macro: 0.4607 | pixel_accuracy: 0.6332 | val_loss: 1.4712
Epoch 454/1000 | train_loss: 0.9023 | miou: 0.3220 | f1_macro: 0.4560 | pixel_accuracy: 0.6209 | val_loss: 1.5839
Epoch 455/1000 | train_loss: 0.8738 | miou: 0.3440 | f1_macro: 0.4733 | pixel_accuracy: 0.6449 | val_loss: 1.4744
Epoch 456/1000 | train_loss: 0.8503 | miou: 0.3500 | f1_macro: 0.4734 | pixel_accuracy: 0.6756 | val_loss: 1.3973
Epoch 457/1000 | train_loss: 0.8645 | miou: 0.3539 | f1_macro: 0.4825 | pixel_accuracy: 0.6550 | val_loss: 1.4249
Epoch 458/1000 | train_loss: 0.8631 | miou: 0.3379 | f1_macro: 0.4674 | pixel_accuracy: 0.6515 | val_loss: 1.4174
Epoch 459/1000 | train_loss: 0.8629 | miou: 0.3592 | f1_macro: 0.4855 | pixel_accuracy: 0.6644 | val_loss: 1.3837
Epoch 460/1000 | train_loss: 0.8559 | miou: 0.3141 | f1_macro: 0.4361 | pixel_accuracy: 0.6416 | val_loss: 1.3940
Epoch 461/1000 | train_loss: 0.8805 | miou: 0.3674 | f1_macro: 0.5021 | pixel_accuracy: 0.6811 | val_loss: 1.4362
Epoch 462/1000 | train_loss: 0.8740 | miou: 0.3111 | f1_macro: 0.4392 | pixel_accuracy: 0.6270 | val_loss: 1.5943
Epoch 463/1000 | train_loss: 0.9235 | miou: 0.3330 | f1_macro: 0.4649 | pixel_accuracy: 0.6399 | val_loss: 1.5261
Epoch 464/1000 | train_loss: 0.8972 | miou: 0.3262 | f1_macro: 0.4579 | pixel_accuracy: 0.6391 | val_loss: 1.5074
Epoch 465/1000 | train_loss: 0.9249 | miou: 0.3395 | f1_macro: 0.4701 | pixel_accuracy: 0.6651 | val_loss: 1.4111
Epoch 466/1000 | train_loss: 1.0430 | miou: 0.2803 | f1_macro: 0.4146 | pixel_accuracy: 0.5374 | val_loss: 1.8375
Epoch 467/1000 | train_loss: 0.9631 | miou: 0.3109 | f1_macro: 0.4388 | pixel_accuracy: 0.6246 | val_loss: 1.4963
Epoch 468/1000 | train_loss: 0.9725 | miou: 0.3696 | f1_macro: 0.4958 | pixel_accuracy: 0.7070 | val_loss: 1.2808
Epoch 469/1000 | train_loss: 0.9550 | miou: 0.3285 | f1_macro: 0.4593 | pixel_accuracy: 0.6210 | val_loss: 1.3980
Epoch 470/1000 | train_loss: 0.9311 | miou: 0.3648 | f1_macro: 0.5019 | pixel_accuracy: 0.6647 | val_loss: 1.2639
Epoch 471/1000 | train_loss: 0.9644 | miou: 0.3594 | f1_macro: 0.4949 | pixel_accuracy: 0.6677 | val_loss: 1.2289
Epoch 472/1000 | train_loss: 0.8809 | miou: 0.3347 | f1_macro: 0.4596 | pixel_accuracy: 0.6343 | val_loss: 1.3174
Epoch 473/1000 | train_loss: 0.9294 | miou: 0.3611 | f1_macro: 0.4846 | pixel_accuracy: 0.6985 | val_loss: 1.2814
Epoch 474/1000 | train_loss: 0.9191 | miou: 0.3571 | f1_macro: 0.4803 | pixel_accuracy: 0.6718 | val_loss: 1.2557
Epoch 475/1000 | train_loss: 0.9000 | miou: 0.3495 | f1_macro: 0.4773 | pixel_accuracy: 0.6430 | val_loss: 1.3395
Epoch 476/1000 | train_loss: 0.8983 | miou: 0.3356 | f1_macro: 0.4654 | pixel_accuracy: 0.6388 | val_loss: 1.3933
Epoch 477/1000 | train_loss: 0.8959 | miou: 0.3471 | f1_macro: 0.4794 | pixel_accuracy: 0.6525 | val_loss: 1.3703
Epoch 478/1000 | train_loss: 0.8712 | miou: 0.3303 | f1_macro: 0.4621 | pixel_accuracy: 0.6367 | val_loss: 1.4399
Epoch 479/1000 | train_loss: 0.8848 | miou: 0.3363 | f1_macro: 0.4691 | pixel_accuracy: 0.6343 | val_loss: 1.4400
Epoch 480/1000 | train_loss: 0.9008 | miou: 0.3286 | f1_macro: 0.4564 | pixel_accuracy: 0.6456 | val_loss: 1.4090
Epoch 481/1000 | train_loss: 0.8682 | miou: 0.3621 | f1_macro: 0.4892 | pixel_accuracy: 0.6643 | val_loss: 1.2990
Epoch 482/1000 | train_loss: 0.8788 | miou: 0.3346 | f1_macro: 0.4611 | pixel_accuracy: 0.6486 | val_loss: 1.3680
Early stopping at epoch 482 (patience=350)
Restored best weights from epoch 132 (miou: 0.3138 | f1_macro: 0.4084 | pixel_accuracy: 0.7192 | val_loss: 0.9205)
Training complete. Best val_loss: 0.9205
Training complete for unet-d83
