==========================================
Job ID: 3160358
Node: gput074
GPU: 0
Experiment: configs/experiment/baseline_merged.yaml
Run Name: unet-merged
==========================================
Sun Feb 22 13:10:24 2026       
+-----------------------------------------------------------------------------------------+
| NVIDIA-SMI 570.158.01             Driver Version: 570.158.01     CUDA Version: 12.8     |
|-----------------------------------------+------------------------+----------------------+
| GPU  Name                 Persistence-M | Bus-Id          Disp.A | Volatile Uncorr. ECC |
| Fan  Temp   Perf          Pwr:Usage/Cap |           Memory-Usage | GPU-Util  Compute M. |
|                                         |                        |               MIG M. |
|=========================================+========================+======================|
|   0  NVIDIA GeForce RTX 4090        On  |   00000000:CA:00.0 Off |                  Off |
| 32%   25C    P8             21W /  450W |       1MiB /  24564MiB |      0%      Default |
|                                         |                        |                  N/A |
+-----------------------------------------+------------------------+----------------------+
                                                                                         
+-----------------------------------------------------------------------------------------+
| Processes:                                                                              |
|  GPU   GI   CI              PID   Type   Process name                        GPU Memory |
|        ID   ID                                                               Usage      |
|=========================================================================================|
|  No running processes found                                                             |
+-----------------------------------------------------------------------------------------+
Split: 110 train / 20 val (from 130 total)
Model: unet
Trainable parameters: 31,030,918
Epoch 1/1000 | train_loss: 1.6337 | miou: 0.1687 | f1_macro: 0.2472 | pixel_accuracy: 0.4784 | val_loss: 1.4556
Epoch 2/1000 | train_loss: 1.4546 | miou: 0.2511 | f1_macro: 0.3328 | pixel_accuracy: 0.6071 | val_loss: 1.3942
Epoch 3/1000 | train_loss: 1.4273 | miou: 0.2395 | f1_macro: 0.3220 | pixel_accuracy: 0.5894 | val_loss: 1.3453
Epoch 4/1000 | train_loss: 1.3886 | miou: 0.2438 | f1_macro: 0.3260 | pixel_accuracy: 0.5963 | val_loss: 1.2982
Epoch 5/1000 | train_loss: 1.3310 | miou: 0.2569 | f1_macro: 0.3366 | pixel_accuracy: 0.6109 | val_loss: 1.2233
Epoch 6/1000 | train_loss: 1.2824 | miou: 0.2513 | f1_macro: 0.3321 | pixel_accuracy: 0.6042 | val_loss: 1.2578
Epoch 7/1000 | train_loss: 1.3065 | miou: 0.2511 | f1_macro: 0.3321 | pixel_accuracy: 0.6052 | val_loss: 1.2014
Epoch 8/1000 | train_loss: 1.2738 | miou: 0.2578 | f1_macro: 0.3374 | pixel_accuracy: 0.6124 | val_loss: 1.1926
Epoch 9/1000 | train_loss: 1.2848 | miou: 0.2724 | f1_macro: 0.3486 | pixel_accuracy: 0.6307 | val_loss: 1.1651
Epoch 10/1000 | train_loss: 1.2792 | miou: 0.2423 | f1_macro: 0.3229 | pixel_accuracy: 0.5852 | val_loss: 1.2144
Epoch 11/1000 | train_loss: 1.2661 | miou: 0.2551 | f1_macro: 0.3348 | pixel_accuracy: 0.6068 | val_loss: 1.1980
Epoch 12/1000 | train_loss: 1.2531 | miou: 0.2660 | f1_macro: 0.3441 | pixel_accuracy: 0.6228 | val_loss: 1.1506
Epoch 13/1000 | train_loss: 1.2147 | miou: 0.2624 | f1_macro: 0.3416 | pixel_accuracy: 0.6202 | val_loss: 1.1610
Epoch 14/1000 | train_loss: 1.2636 | miou: 0.2684 | f1_macro: 0.3464 | pixel_accuracy: 0.6276 | val_loss: 1.1199
Epoch 15/1000 | train_loss: 1.1997 | miou: 0.2707 | f1_macro: 0.3572 | pixel_accuracy: 0.6157 | val_loss: 1.1161
Epoch 16/1000 | train_loss: 1.2072 | miou: 0.2841 | f1_macro: 0.3777 | pixel_accuracy: 0.6303 | val_loss: 1.1119
Epoch 17/1000 | train_loss: 1.1889 | miou: 0.3426 | f1_macro: 0.4473 | pixel_accuracy: 0.6835 | val_loss: 1.0134
Epoch 18/1000 | train_loss: 1.1873 | miou: 0.3488 | f1_macro: 0.4516 | pixel_accuracy: 0.6866 | val_loss: 0.9889
Epoch 19/1000 | train_loss: 1.1707 | miou: 0.3691 | f1_macro: 0.4813 | pixel_accuracy: 0.7022 | val_loss: 0.9381
Epoch 20/1000 | train_loss: 1.1514 | miou: 0.3576 | f1_macro: 0.4716 | pixel_accuracy: 0.6807 | val_loss: 0.9395
Epoch 21/1000 | train_loss: 1.1215 | miou: 0.3508 | f1_macro: 0.4542 | pixel_accuracy: 0.6906 | val_loss: 0.9277
Epoch 22/1000 | train_loss: 1.0751 | miou: 0.3507 | f1_macro: 0.4540 | pixel_accuracy: 0.6926 | val_loss: 0.9239
Epoch 23/1000 | train_loss: 1.0736 | miou: 0.3383 | f1_macro: 0.4523 | pixel_accuracy: 0.6581 | val_loss: 1.0698
Epoch 24/1000 | train_loss: 1.0573 | miou: 0.3585 | f1_macro: 0.4569 | pixel_accuracy: 0.7236 | val_loss: 0.9409
Epoch 25/1000 | train_loss: 1.0346 | miou: 0.3932 | f1_macro: 0.5012 | pixel_accuracy: 0.7367 | val_loss: 0.9222
Epoch 26/1000 | train_loss: 1.0724 | miou: 0.3763 | f1_macro: 0.4891 | pixel_accuracy: 0.7095 | val_loss: 0.8853
Epoch 27/1000 | train_loss: 1.0377 | miou: 0.3991 | f1_macro: 0.4994 | pixel_accuracy: 0.7443 | val_loss: 0.8276
Epoch 28/1000 | train_loss: 1.0437 | miou: 0.3911 | f1_macro: 0.4994 | pixel_accuracy: 0.7324 | val_loss: 0.8635
Epoch 29/1000 | train_loss: 1.0391 | miou: 0.3836 | f1_macro: 0.4977 | pixel_accuracy: 0.7245 | val_loss: 0.9261
Epoch 30/1000 | train_loss: 1.0088 | miou: 0.4208 | f1_macro: 0.5261 | pixel_accuracy: 0.7642 | val_loss: 0.7910
Epoch 31/1000 | train_loss: 1.0237 | miou: 0.4123 | f1_macro: 0.5176 | pixel_accuracy: 0.7574 | val_loss: 0.8266
Epoch 32/1000 | train_loss: 1.0099 | miou: 0.4402 | f1_macro: 0.5532 | pixel_accuracy: 0.7717 | val_loss: 0.7651
Epoch 33/1000 | train_loss: 0.9924 | miou: 0.4298 | f1_macro: 0.5314 | pixel_accuracy: 0.7754 | val_loss: 0.7674
Epoch 34/1000 | train_loss: 1.1590 | miou: 0.4284 | f1_macro: 0.5418 | pixel_accuracy: 0.7634 | val_loss: 0.8185
Epoch 35/1000 | train_loss: 0.9882 | miou: 0.4221 | f1_macro: 0.5273 | pixel_accuracy: 0.7642 | val_loss: 0.7619
Epoch 36/1000 | train_loss: 0.9815 | miou: 0.4381 | f1_macro: 0.5438 | pixel_accuracy: 0.7836 | val_loss: 0.7607
Epoch 37/1000 | train_loss: 0.9864 | miou: 0.4490 | f1_macro: 0.5673 | pixel_accuracy: 0.7712 | val_loss: 0.7706
Epoch 38/1000 | train_loss: 0.9788 | miou: 0.4684 | f1_macro: 0.5895 | pixel_accuracy: 0.7795 | val_loss: 0.7405
Epoch 39/1000 | train_loss: 0.9783 | miou: 0.4669 | f1_macro: 0.5835 | pixel_accuracy: 0.7891 | val_loss: 0.7127
Epoch 40/1000 | train_loss: 0.9388 | miou: 0.4645 | f1_macro: 0.5796 | pixel_accuracy: 0.7923 | val_loss: 0.7027
Epoch 41/1000 | train_loss: 0.9537 | miou: 0.4612 | f1_macro: 0.5785 | pixel_accuracy: 0.7870 | val_loss: 0.7387
Epoch 42/1000 | train_loss: 0.9420 | miou: 0.4865 | f1_macro: 0.6043 | pixel_accuracy: 0.8013 | val_loss: 0.6765
Epoch 43/1000 | train_loss: 0.9327 | miou: 0.4576 | f1_macro: 0.5633 | pixel_accuracy: 0.7995 | val_loss: 0.7140
Epoch 44/1000 | train_loss: 0.9472 | miou: 0.4761 | f1_macro: 0.5906 | pixel_accuracy: 0.8020 | val_loss: 0.7046
Epoch 45/1000 | train_loss: 0.9124 | miou: 0.4738 | f1_macro: 0.5840 | pixel_accuracy: 0.8044 | val_loss: 0.7192
Epoch 46/1000 | train_loss: 0.9121 | miou: 0.4962 | f1_macro: 0.6173 | pixel_accuracy: 0.8034 | val_loss: 0.6611
Epoch 47/1000 | train_loss: 0.9253 | miou: 0.4952 | f1_macro: 0.6141 | pixel_accuracy: 0.8083 | val_loss: 0.6728
Epoch 48/1000 | train_loss: 0.9221 | miou: 0.4903 | f1_macro: 0.6113 | pixel_accuracy: 0.8061 | val_loss: 0.6827
Epoch 49/1000 | train_loss: 0.9239 | miou: 0.5126 | f1_macro: 0.6364 | pixel_accuracy: 0.8167 | val_loss: 0.6535
Epoch 50/1000 | train_loss: 0.9096 | miou: 0.5187 | f1_macro: 0.6450 | pixel_accuracy: 0.8153 | val_loss: 0.6856
Epoch 51/1000 | train_loss: 0.9171 | miou: 0.5318 | f1_macro: 0.6563 | pixel_accuracy: 0.8197 | val_loss: 0.6153
Epoch 52/1000 | train_loss: 0.9205 | miou: 0.5078 | f1_macro: 0.6310 | pixel_accuracy: 0.8116 | val_loss: 0.6348
Epoch 53/1000 | train_loss: 0.9018 | miou: 0.4902 | f1_macro: 0.6099 | pixel_accuracy: 0.8068 | val_loss: 0.6491
Epoch 54/1000 | train_loss: 0.9030 | miou: 0.5275 | f1_macro: 0.6528 | pixel_accuracy: 0.8226 | val_loss: 0.6026
Epoch 55/1000 | train_loss: 0.8910 | miou: 0.5361 | f1_macro: 0.6608 | pixel_accuracy: 0.8256 | val_loss: 0.5918
Epoch 56/1000 | train_loss: 0.9043 | miou: 0.5401 | f1_macro: 0.6647 | pixel_accuracy: 0.8317 | val_loss: 0.5869
Epoch 57/1000 | train_loss: 0.8611 | miou: 0.5063 | f1_macro: 0.6193 | pixel_accuracy: 0.8241 | val_loss: 0.6028
Epoch 58/1000 | train_loss: 0.8889 | miou: 0.5159 | f1_macro: 0.6347 | pixel_accuracy: 0.8239 | val_loss: 0.5993
Epoch 59/1000 | train_loss: 0.8706 | miou: 0.5056 | f1_macro: 0.6274 | pixel_accuracy: 0.8142 | val_loss: 0.6502
Epoch 60/1000 | train_loss: 0.8872 | miou: 0.5445 | f1_macro: 0.6706 | pixel_accuracy: 0.8302 | val_loss: 0.5625
Epoch 61/1000 | train_loss: 0.9034 | miou: 0.5356 | f1_macro: 0.6566 | pixel_accuracy: 0.8312 | val_loss: 0.5768
Epoch 62/1000 | train_loss: 0.8771 | miou: 0.5178 | f1_macro: 0.6362 | pixel_accuracy: 0.8261 | val_loss: 0.6015
Epoch 63/1000 | train_loss: 0.8412 | miou: 0.5330 | f1_macro: 0.6518 | pixel_accuracy: 0.8314 | val_loss: 0.6172
Epoch 64/1000 | train_loss: 0.8857 | miou: 0.5408 | f1_macro: 0.6653 | pixel_accuracy: 0.8310 | val_loss: 0.5623
Epoch 65/1000 | train_loss: 0.8642 | miou: 0.5034 | f1_macro: 0.6254 | pixel_accuracy: 0.8105 | val_loss: 0.6569
Epoch 66/1000 | train_loss: 0.8738 | miou: 0.5431 | f1_macro: 0.6667 | pixel_accuracy: 0.8322 | val_loss: 0.6159
Epoch 67/1000 | train_loss: 0.8639 | miou: 0.5402 | f1_macro: 0.6652 | pixel_accuracy: 0.8302 | val_loss: 0.6117
Epoch 68/1000 | train_loss: 0.8540 | miou: 0.4891 | f1_macro: 0.6034 | pixel_accuracy: 0.8134 | val_loss: 0.6596
Epoch 69/1000 | train_loss: 0.8585 | miou: 0.5171 | f1_macro: 0.6409 | pixel_accuracy: 0.8180 | val_loss: 0.6095
Epoch 70/1000 | train_loss: 0.8700 | miou: 0.5299 | f1_macro: 0.6546 | pixel_accuracy: 0.8258 | val_loss: 0.6142
Epoch 71/1000 | train_loss: 0.8583 | miou: 0.5471 | f1_macro: 0.6722 | pixel_accuracy: 0.8236 | val_loss: 0.5650
Epoch 72/1000 | train_loss: 0.8492 | miou: 0.5558 | f1_macro: 0.6793 | pixel_accuracy: 0.8381 | val_loss: 0.5532
Epoch 73/1000 | train_loss: 0.8544 | miou: 0.5090 | f1_macro: 0.6247 | pixel_accuracy: 0.8215 | val_loss: 0.6546
Epoch 74/1000 | train_loss: 0.8540 | miou: 0.5562 | f1_macro: 0.6800 | pixel_accuracy: 0.8372 | val_loss: 0.5701
Epoch 75/1000 | train_loss: 0.8407 | miou: 0.5657 | f1_macro: 0.6905 | pixel_accuracy: 0.8410 | val_loss: 0.5303
Epoch 76/1000 | train_loss: 0.8371 | miou: 0.5090 | f1_macro: 0.6234 | pixel_accuracy: 0.8252 | val_loss: 0.6007
Epoch 77/1000 | train_loss: 0.8419 | miou: 0.5553 | f1_macro: 0.6800 | pixel_accuracy: 0.8364 | val_loss: 0.6028
Epoch 78/1000 | train_loss: 0.8449 | miou: 0.5676 | f1_macro: 0.6934 | pixel_accuracy: 0.8404 | val_loss: 0.5662
Epoch 79/1000 | train_loss: 0.8566 | miou: 0.5621 | f1_macro: 0.6855 | pixel_accuracy: 0.8405 | val_loss: 0.5580
Epoch 80/1000 | train_loss: 0.8357 | miou: 0.5394 | f1_macro: 0.6646 | pixel_accuracy: 0.8288 | val_loss: 0.5784
Epoch 81/1000 | train_loss: 0.8311 | miou: 0.5516 | f1_macro: 0.6756 | pixel_accuracy: 0.8350 | val_loss: 0.5784
Epoch 82/1000 | train_loss: 0.8399 | miou: 0.5760 | f1_macro: 0.7009 | pixel_accuracy: 0.8447 | val_loss: 0.5419
Epoch 83/1000 | train_loss: 0.8372 | miou: 0.5755 | f1_macro: 0.6949 | pixel_accuracy: 0.8521 | val_loss: 0.5041
Epoch 84/1000 | train_loss: 0.8215 | miou: 0.5650 | f1_macro: 0.6887 | pixel_accuracy: 0.8435 | val_loss: 0.5443
Epoch 85/1000 | train_loss: 0.8223 | miou: 0.5730 | f1_macro: 0.6993 | pixel_accuracy: 0.8361 | val_loss: 0.5663
Epoch 86/1000 | train_loss: 0.8338 | miou: 0.5713 | f1_macro: 0.6924 | pixel_accuracy: 0.8471 | val_loss: 0.5288
Epoch 87/1000 | train_loss: 0.8367 | miou: 0.5579 | f1_macro: 0.6832 | pixel_accuracy: 0.8360 | val_loss: 0.5605
Epoch 88/1000 | train_loss: 0.8293 | miou: 0.5669 | f1_macro: 0.6902 | pixel_accuracy: 0.8415 | val_loss: 0.5562
Epoch 89/1000 | train_loss: 0.8154 | miou: 0.5746 | f1_macro: 0.6950 | pixel_accuracy: 0.8464 | val_loss: 0.5156
Epoch 90/1000 | train_loss: 0.8116 | miou: 0.5780 | f1_macro: 0.7043 | pixel_accuracy: 0.8440 | val_loss: 0.5198
Epoch 91/1000 | train_loss: 0.8344 | miou: 0.5614 | f1_macro: 0.6831 | pixel_accuracy: 0.8441 | val_loss: 0.5394
Epoch 92/1000 | train_loss: 0.8388 | miou: 0.5744 | f1_macro: 0.6946 | pixel_accuracy: 0.8490 | val_loss: 0.5122
Epoch 93/1000 | train_loss: 0.8309 | miou: 0.5695 | f1_macro: 0.6928 | pixel_accuracy: 0.8456 | val_loss: 0.5296
Epoch 94/1000 | train_loss: 0.8262 | miou: 0.5607 | f1_macro: 0.6842 | pixel_accuracy: 0.8413 | val_loss: 0.5376
Epoch 95/1000 | train_loss: 0.8206 | miou: 0.5898 | f1_macro: 0.7132 | pixel_accuracy: 0.8550 | val_loss: 0.4776
Epoch 96/1000 | train_loss: 0.8060 | miou: 0.5647 | f1_macro: 0.6924 | pixel_accuracy: 0.8324 | val_loss: 0.5373
Epoch 97/1000 | train_loss: 0.8285 | miou: 0.5541 | f1_macro: 0.6801 | pixel_accuracy: 0.8364 | val_loss: 0.5473
Epoch 98/1000 | train_loss: 0.8253 | miou: 0.5919 | f1_macro: 0.7147 | pixel_accuracy: 0.8546 | val_loss: 0.5056
Epoch 99/1000 | train_loss: 0.8075 | miou: 0.5840 | f1_macro: 0.7048 | pixel_accuracy: 0.8513 | val_loss: 0.4869
Epoch 100/1000 | train_loss: 0.8009 | miou: 0.5736 | f1_macro: 0.6956 | pixel_accuracy: 0.8464 | val_loss: 0.5328
Epoch 101/1000 | train_loss: 0.8016 | miou: 0.5778 | f1_macro: 0.7003 | pixel_accuracy: 0.8536 | val_loss: 0.4960
Epoch 102/1000 | train_loss: 0.8091 | miou: 0.5775 | f1_macro: 0.6990 | pixel_accuracy: 0.8550 | val_loss: 0.5031
Epoch 103/1000 | train_loss: 0.7792 | miou: 0.5777 | f1_macro: 0.7029 | pixel_accuracy: 0.8457 | val_loss: 0.5402
Epoch 104/1000 | train_loss: 0.7785 | miou: 0.6059 | f1_macro: 0.7281 | pixel_accuracy: 0.8611 | val_loss: 0.4667
Epoch 105/1000 | train_loss: 0.7996 | miou: 0.6007 | f1_macro: 0.7226 | pixel_accuracy: 0.8589 | val_loss: 0.4736
Epoch 106/1000 | train_loss: 0.7933 | miou: 0.5936 | f1_macro: 0.7158 | pixel_accuracy: 0.8562 | val_loss: 0.4941
Epoch 107/1000 | train_loss: 0.7720 | miou: 0.5909 | f1_macro: 0.7122 | pixel_accuracy: 0.8570 | val_loss: 0.4843
Epoch 108/1000 | train_loss: 0.7839 | miou: 0.5931 | f1_macro: 0.7123 | pixel_accuracy: 0.8586 | val_loss: 0.4797
Epoch 109/1000 | train_loss: 0.7961 | miou: 0.5813 | f1_macro: 0.7023 | pixel_accuracy: 0.8522 | val_loss: 0.5250
Epoch 110/1000 | train_loss: 0.8053 | miou: 0.5710 | f1_macro: 0.6953 | pixel_accuracy: 0.8426 | val_loss: 0.5402
Epoch 111/1000 | train_loss: 0.7736 | miou: 0.5792 | f1_macro: 0.6967 | pixel_accuracy: 0.8559 | val_loss: 0.5335
Epoch 112/1000 | train_loss: 0.7843 | miou: 0.6066 | f1_macro: 0.7291 | pixel_accuracy: 0.8609 | val_loss: 0.4706
Epoch 113/1000 | train_loss: 0.7804 | miou: 0.6046 | f1_macro: 0.7233 | pixel_accuracy: 0.8639 | val_loss: 0.4496
Epoch 114/1000 | train_loss: 0.7627 | miou: 0.6005 | f1_macro: 0.7223 | pixel_accuracy: 0.8620 | val_loss: 0.4555
Epoch 115/1000 | train_loss: 0.8378 | miou: 0.5851 | f1_macro: 0.7046 | pixel_accuracy: 0.8606 | val_loss: 0.4799
Epoch 116/1000 | train_loss: 0.7804 | miou: 0.6015 | f1_macro: 0.7266 | pixel_accuracy: 0.8552 | val_loss: 0.4832
Epoch 117/1000 | train_loss: 0.7890 | miou: 0.5825 | f1_macro: 0.7047 | pixel_accuracy: 0.8503 | val_loss: 0.5223
Epoch 118/1000 | train_loss: 0.7647 | miou: 0.5854 | f1_macro: 0.7127 | pixel_accuracy: 0.8442 | val_loss: 0.5411
Epoch 119/1000 | train_loss: 0.7792 | miou: 0.6096 | f1_macro: 0.7293 | pixel_accuracy: 0.8671 | val_loss: 0.4513
Epoch 120/1000 | train_loss: 0.7723 | miou: 0.6124 | f1_macro: 0.7328 | pixel_accuracy: 0.8655 | val_loss: 0.4505
Epoch 121/1000 | train_loss: 0.7688 | miou: 0.5996 | f1_macro: 0.7183 | pixel_accuracy: 0.8647 | val_loss: 0.4525
Epoch 122/1000 | train_loss: 0.7515 | miou: 0.6018 | f1_macro: 0.7228 | pixel_accuracy: 0.8584 | val_loss: 0.4887
Epoch 123/1000 | train_loss: 0.7845 | miou: 0.6000 | f1_macro: 0.7214 | pixel_accuracy: 0.8613 | val_loss: 0.4647
Epoch 124/1000 | train_loss: 0.7756 | miou: 0.5861 | f1_macro: 0.7091 | pixel_accuracy: 0.8540 | val_loss: 0.5145
Epoch 125/1000 | train_loss: 0.7875 | miou: 0.6143 | f1_macro: 0.7380 | pixel_accuracy: 0.8594 | val_loss: 0.4580
Epoch 126/1000 | train_loss: 0.7880 | miou: 0.6171 | f1_macro: 0.7363 | pixel_accuracy: 0.8699 | val_loss: 0.4434
Epoch 127/1000 | train_loss: 0.7545 | miou: 0.6160 | f1_macro: 0.7365 | pixel_accuracy: 0.8688 | val_loss: 0.4501
Epoch 128/1000 | train_loss: 0.7618 | miou: 0.6296 | f1_macro: 0.7482 | pixel_accuracy: 0.8729 | val_loss: 0.4582
Epoch 129/1000 | train_loss: 0.7552 | miou: 0.6151 | f1_macro: 0.7334 | pixel_accuracy: 0.8710 | val_loss: 0.4388
Epoch 130/1000 | train_loss: 0.7453 | miou: 0.6201 | f1_macro: 0.7430 | pixel_accuracy: 0.8640 | val_loss: 0.4696
Epoch 131/1000 | train_loss: 0.7603 | miou: 0.6051 | f1_macro: 0.7275 | pixel_accuracy: 0.8607 | val_loss: 0.4795
Epoch 132/1000 | train_loss: 0.7519 | miou: 0.6013 | f1_macro: 0.7174 | pixel_accuracy: 0.8669 | val_loss: 0.4782
Epoch 133/1000 | train_loss: 0.7781 | miou: 0.5892 | f1_macro: 0.7097 | pixel_accuracy: 0.8567 | val_loss: 0.5160
Epoch 134/1000 | train_loss: 0.7562 | miou: 0.6282 | f1_macro: 0.7472 | pixel_accuracy: 0.8735 | val_loss: 0.4249
Epoch 135/1000 | train_loss: 0.7695 | miou: 0.6263 | f1_macro: 0.7448 | pixel_accuracy: 0.8737 | val_loss: 0.4173
Epoch 136/1000 | train_loss: 0.7457 | miou: 0.6002 | f1_macro: 0.7176 | pixel_accuracy: 0.8686 | val_loss: 0.4758
Epoch 137/1000 | train_loss: 0.7548 | miou: 0.6278 | f1_macro: 0.7463 | pixel_accuracy: 0.8755 | val_loss: 0.4366
Epoch 138/1000 | train_loss: 0.7721 | miou: 0.6364 | f1_macro: 0.7545 | pixel_accuracy: 0.8790 | val_loss: 0.4152
Epoch 139/1000 | train_loss: 0.7510 | miou: 0.6160 | f1_macro: 0.7363 | pixel_accuracy: 0.8675 | val_loss: 0.4956
Epoch 140/1000 | train_loss: 0.7462 | miou: 0.6177 | f1_macro: 0.7347 | pixel_accuracy: 0.8758 | val_loss: 0.4421
Epoch 141/1000 | train_loss: 0.7515 | miou: 0.6372 | f1_macro: 0.7540 | pixel_accuracy: 0.8804 | val_loss: 0.4099
Epoch 142/1000 | train_loss: 0.7288 | miou: 0.6405 | f1_macro: 0.7578 | pixel_accuracy: 0.8826 | val_loss: 0.4057
Epoch 143/1000 | train_loss: 0.7421 | miou: 0.6187 | f1_macro: 0.7367 | pixel_accuracy: 0.8731 | val_loss: 0.4683
Epoch 144/1000 | train_loss: 0.7353 | miou: 0.6321 | f1_macro: 0.7486 | pixel_accuracy: 0.8770 | val_loss: 0.4399
Epoch 145/1000 | train_loss: 0.7724 | miou: 0.6332 | f1_macro: 0.7518 | pixel_accuracy: 0.8755 | val_loss: 0.4141
Epoch 146/1000 | train_loss: 0.7416 | miou: 0.6363 | f1_macro: 0.7533 | pixel_accuracy: 0.8791 | val_loss: 0.4247
Epoch 147/1000 | train_loss: 0.7406 | miou: 0.6255 | f1_macro: 0.7461 | pixel_accuracy: 0.8683 | val_loss: 0.4312
Epoch 148/1000 | train_loss: 0.7825 | miou: 0.6364 | f1_macro: 0.7520 | pixel_accuracy: 0.8809 | val_loss: 0.4053
Epoch 149/1000 | train_loss: 0.7372 | miou: 0.6201 | f1_macro: 0.7367 | pixel_accuracy: 0.8759 | val_loss: 0.4403
Epoch 150/1000 | train_loss: 0.7258 | miou: 0.6352 | f1_macro: 0.7513 | pixel_accuracy: 0.8806 | val_loss: 0.4165
Epoch 151/1000 | train_loss: 0.7303 | miou: 0.6309 | f1_macro: 0.7483 | pixel_accuracy: 0.8763 | val_loss: 0.4440
Epoch 152/1000 | train_loss: 0.7107 | miou: 0.6423 | f1_macro: 0.7589 | pixel_accuracy: 0.8803 | val_loss: 0.4344
Epoch 153/1000 | train_loss: 0.7434 | miou: 0.6250 | f1_macro: 0.7419 | pixel_accuracy: 0.8738 | val_loss: 0.4471
Epoch 154/1000 | train_loss: 0.7350 | miou: 0.6188 | f1_macro: 0.7349 | pixel_accuracy: 0.8757 | val_loss: 0.4575
Epoch 155/1000 | train_loss: 0.7285 | miou: 0.6179 | f1_macro: 0.7382 | pixel_accuracy: 0.8673 | val_loss: 0.4918
Epoch 156/1000 | train_loss: 0.7272 | miou: 0.6491 | f1_macro: 0.7661 | pixel_accuracy: 0.8838 | val_loss: 0.3959
Epoch 157/1000 | train_loss: 0.7303 | miou: 0.6281 | f1_macro: 0.7450 | pixel_accuracy: 0.8767 | val_loss: 0.4340
Epoch 158/1000 | train_loss: 0.7368 | miou: 0.6547 | f1_macro: 0.7705 | pixel_accuracy: 0.8853 | val_loss: 0.4070
Epoch 159/1000 | train_loss: 0.7206 | miou: 0.6367 | f1_macro: 0.7534 | pixel_accuracy: 0.8789 | val_loss: 0.4123
Epoch 160/1000 | train_loss: 0.7198 | miou: 0.6287 | f1_macro: 0.7461 | pixel_accuracy: 0.8731 | val_loss: 0.4441
Epoch 161/1000 | train_loss: 0.7194 | miou: 0.6410 | f1_macro: 0.7570 | pixel_accuracy: 0.8820 | val_loss: 0.4132
Epoch 162/1000 | train_loss: 0.7195 | miou: 0.6368 | f1_macro: 0.7549 | pixel_accuracy: 0.8787 | val_loss: 0.4197
Epoch 163/1000 | train_loss: 0.7066 | miou: 0.6580 | f1_macro: 0.7728 | pixel_accuracy: 0.8906 | val_loss: 0.4008
Epoch 164/1000 | train_loss: 0.7196 | miou: 0.6516 | f1_macro: 0.7695 | pixel_accuracy: 0.8815 | val_loss: 0.4180
Epoch 165/1000 | train_loss: 0.7200 | miou: 0.6424 | f1_macro: 0.7595 | pixel_accuracy: 0.8793 | val_loss: 0.4374
Epoch 166/1000 | train_loss: 0.7105 | miou: 0.6460 | f1_macro: 0.7618 | pixel_accuracy: 0.8838 | val_loss: 0.4346
Epoch 167/1000 | train_loss: 0.7289 | miou: 0.6244 | f1_macro: 0.7433 | pixel_accuracy: 0.8712 | val_loss: 0.4593
Epoch 168/1000 | train_loss: 0.7125 | miou: 0.6535 | f1_macro: 0.7703 | pixel_accuracy: 0.8830 | val_loss: 0.4060
Epoch 169/1000 | train_loss: 0.7228 | miou: 0.6409 | f1_macro: 0.7575 | pixel_accuracy: 0.8832 | val_loss: 0.4234
Epoch 170/1000 | train_loss: 0.7115 | miou: 0.6280 | f1_macro: 0.7464 | pixel_accuracy: 0.8718 | val_loss: 0.4411
Epoch 171/1000 | train_loss: 0.7280 | miou: 0.6243 | f1_macro: 0.7465 | pixel_accuracy: 0.8690 | val_loss: 0.4455
Epoch 172/1000 | train_loss: 0.7559 | miou: 0.6412 | f1_macro: 0.7605 | pixel_accuracy: 0.8784 | val_loss: 0.4115
Epoch 173/1000 | train_loss: 0.7323 | miou: 0.6256 | f1_macro: 0.7415 | pixel_accuracy: 0.8756 | val_loss: 0.4655
Epoch 174/1000 | train_loss: 0.7182 | miou: 0.6519 | f1_macro: 0.7683 | pixel_accuracy: 0.8839 | val_loss: 0.4256
Epoch 175/1000 | train_loss: 0.6992 | miou: 0.6459 | f1_macro: 0.7650 | pixel_accuracy: 0.8784 | val_loss: 0.4246
Epoch 176/1000 | train_loss: 0.7036 | miou: 0.6448 | f1_macro: 0.7641 | pixel_accuracy: 0.8800 | val_loss: 0.4365
Epoch 177/1000 | train_loss: 0.7138 | miou: 0.6684 | f1_macro: 0.7832 | pixel_accuracy: 0.8898 | val_loss: 0.3935
Epoch 178/1000 | train_loss: 0.6879 | miou: 0.6518 | f1_macro: 0.7678 | pixel_accuracy: 0.8879 | val_loss: 0.4005
Epoch 179/1000 | train_loss: 0.6789 | miou: 0.6597 | f1_macro: 0.7741 | pixel_accuracy: 0.8921 | val_loss: 0.4111
Epoch 180/1000 | train_loss: 0.6906 | miou: 0.6373 | f1_macro: 0.7571 | pixel_accuracy: 0.8726 | val_loss: 0.4725
Epoch 181/1000 | train_loss: 0.6994 | miou: 0.6554 | f1_macro: 0.7720 | pixel_accuracy: 0.8851 | val_loss: 0.4008
Epoch 182/1000 | train_loss: 0.6931 | miou: 0.6410 | f1_macro: 0.7561 | pixel_accuracy: 0.8847 | val_loss: 0.4327
Epoch 183/1000 | train_loss: 0.7009 | miou: 0.6433 | f1_macro: 0.7584 | pixel_accuracy: 0.8851 | val_loss: 0.4448
Epoch 184/1000 | train_loss: 0.7022 | miou: 0.6381 | f1_macro: 0.7536 | pixel_accuracy: 0.8819 | val_loss: 0.4755
Epoch 185/1000 | train_loss: 0.7114 | miou: 0.6391 | f1_macro: 0.7544 | pixel_accuracy: 0.8852 | val_loss: 0.4049
Epoch 186/1000 | train_loss: 0.6926 | miou: 0.6673 | f1_macro: 0.7813 | pixel_accuracy: 0.8918 | val_loss: 0.3896
Epoch 187/1000 | train_loss: 0.6936 | miou: 0.6420 | f1_macro: 0.7588 | pixel_accuracy: 0.8810 | val_loss: 0.4451
Epoch 188/1000 | train_loss: 0.6939 | miou: 0.6670 | f1_macro: 0.7821 | pixel_accuracy: 0.8907 | val_loss: 0.3760
Epoch 189/1000 | train_loss: 0.6937 | miou: 0.6607 | f1_macro: 0.7754 | pixel_accuracy: 0.8896 | val_loss: 0.3997
Epoch 190/1000 | train_loss: 0.6765 | miou: 0.6550 | f1_macro: 0.7709 | pixel_accuracy: 0.8829 | val_loss: 0.4190
Epoch 191/1000 | train_loss: 0.7118 | miou: 0.6655 | f1_macro: 0.7806 | pixel_accuracy: 0.8890 | val_loss: 0.3847
Epoch 192/1000 | train_loss: 0.6943 | miou: 0.6490 | f1_macro: 0.7641 | pixel_accuracy: 0.8869 | val_loss: 0.4150
Epoch 193/1000 | train_loss: 0.6837 | miou: 0.6546 | f1_macro: 0.7686 | pixel_accuracy: 0.8895 | val_loss: 0.4188
Epoch 194/1000 | train_loss: 0.6887 | miou: 0.6603 | f1_macro: 0.7745 | pixel_accuracy: 0.8855 | val_loss: 0.3946
Epoch 195/1000 | train_loss: 0.6687 | miou: 0.6634 | f1_macro: 0.7768 | pixel_accuracy: 0.8920 | val_loss: 0.3940
Epoch 196/1000 | train_loss: 0.6869 | miou: 0.6698 | f1_macro: 0.7830 | pixel_accuracy: 0.8942 | val_loss: 0.3927
Epoch 197/1000 | train_loss: 0.6849 | miou: 0.6699 | f1_macro: 0.7818 | pixel_accuracy: 0.8961 | val_loss: 0.3682
Epoch 198/1000 | train_loss: 0.6600 | miou: 0.6686 | f1_macro: 0.7824 | pixel_accuracy: 0.8927 | val_loss: 0.3915
Epoch 199/1000 | train_loss: 0.6858 | miou: 0.6583 | f1_macro: 0.7730 | pixel_accuracy: 0.8897 | val_loss: 0.3936
Epoch 200/1000 | train_loss: 0.6944 | miou: 0.6377 | f1_macro: 0.7542 | pixel_accuracy: 0.8821 | val_loss: 0.4363
Epoch 201/1000 | train_loss: 0.6811 | miou: 0.6690 | f1_macro: 0.7830 | pixel_accuracy: 0.8930 | val_loss: 0.3895
Epoch 202/1000 | train_loss: 0.6727 | miou: 0.6709 | f1_macro: 0.7834 | pixel_accuracy: 0.8958 | val_loss: 0.3920
Epoch 203/1000 | train_loss: 0.6912 | miou: 0.6654 | f1_macro: 0.7802 | pixel_accuracy: 0.8888 | val_loss: 0.3941
Epoch 204/1000 | train_loss: 0.6977 | miou: 0.6615 | f1_macro: 0.7747 | pixel_accuracy: 0.8937 | val_loss: 0.4020
Epoch 205/1000 | train_loss: 0.6874 | miou: 0.6748 | f1_macro: 0.7884 | pixel_accuracy: 0.8941 | val_loss: 0.3946
Epoch 206/1000 | train_loss: 0.6888 | miou: 0.6666 | f1_macro: 0.7813 | pixel_accuracy: 0.8905 | val_loss: 0.3807
Epoch 207/1000 | train_loss: 0.6847 | miou: 0.6398 | f1_macro: 0.7573 | pixel_accuracy: 0.8811 | val_loss: 0.4628
Epoch 208/1000 | train_loss: 0.6713 | miou: 0.6651 | f1_macro: 0.7826 | pixel_accuracy: 0.8838 | val_loss: 0.4186
Epoch 209/1000 | train_loss: 0.6790 | miou: 0.6678 | f1_macro: 0.7814 | pixel_accuracy: 0.8929 | val_loss: 0.4097
Epoch 210/1000 | train_loss: 0.6648 | miou: 0.6815 | f1_macro: 0.7942 | pixel_accuracy: 0.8966 | val_loss: 0.3786
Epoch 211/1000 | train_loss: 0.6580 | miou: 0.6840 | f1_macro: 0.7960 | pixel_accuracy: 0.8978 | val_loss: 0.3779
Epoch 212/1000 | train_loss: 0.6679 | miou: 0.6704 | f1_macro: 0.7839 | pixel_accuracy: 0.8956 | val_loss: 0.3929
Epoch 213/1000 | train_loss: 0.6854 | miou: 0.6612 | f1_macro: 0.7761 | pixel_accuracy: 0.8897 | val_loss: 0.3869
Epoch 214/1000 | train_loss: 0.7123 | miou: 0.6739 | f1_macro: 0.7886 | pixel_accuracy: 0.8924 | val_loss: 0.3799
Epoch 215/1000 | train_loss: 0.6798 | miou: 0.6106 | f1_macro: 0.7283 | pixel_accuracy: 0.8704 | val_loss: 0.5111
Epoch 216/1000 | train_loss: 0.6880 | miou: 0.6719 | f1_macro: 0.7845 | pixel_accuracy: 0.8953 | val_loss: 0.3844
Epoch 217/1000 | train_loss: 0.6766 | miou: 0.6772 | f1_macro: 0.7901 | pixel_accuracy: 0.8964 | val_loss: 0.3822
Epoch 218/1000 | train_loss: 0.6606 | miou: 0.6936 | f1_macro: 0.8027 | pixel_accuracy: 0.9046 | val_loss: 0.3409
Epoch 219/1000 | train_loss: 0.6671 | miou: 0.6677 | f1_macro: 0.7830 | pixel_accuracy: 0.8896 | val_loss: 0.4020
Epoch 220/1000 | train_loss: 0.6645 | miou: 0.6697 | f1_macro: 0.7861 | pixel_accuracy: 0.8868 | val_loss: 0.4296
Epoch 221/1000 | train_loss: 0.6643 | miou: 0.6854 | f1_macro: 0.7968 | pixel_accuracy: 0.8990 | val_loss: 0.3723
Epoch 222/1000 | train_loss: 0.6600 | miou: 0.6860 | f1_macro: 0.7973 | pixel_accuracy: 0.8987 | val_loss: 0.3643
Epoch 223/1000 | train_loss: 0.6574 | miou: 0.6732 | f1_macro: 0.7863 | pixel_accuracy: 0.8953 | val_loss: 0.4147
Epoch 224/1000 | train_loss: 0.6681 | miou: 0.6568 | f1_macro: 0.7720 | pixel_accuracy: 0.8865 | val_loss: 0.3923
Epoch 225/1000 | train_loss: 0.7443 | miou: 0.6440 | f1_macro: 0.7589 | pixel_accuracy: 0.8847 | val_loss: 0.4097
Epoch 226/1000 | train_loss: 0.6817 | miou: 0.6613 | f1_macro: 0.7747 | pixel_accuracy: 0.8910 | val_loss: 0.3923
Epoch 227/1000 | train_loss: 0.6787 | miou: 0.6835 | f1_macro: 0.7938 | pixel_accuracy: 0.8999 | val_loss: 0.3625
Epoch 228/1000 | train_loss: 0.6426 | miou: 0.6938 | f1_macro: 0.8032 | pixel_accuracy: 0.9035 | val_loss: 0.3711
Epoch 229/1000 | train_loss: 0.6434 | miou: 0.6777 | f1_macro: 0.7911 | pixel_accuracy: 0.8939 | val_loss: 0.4236
Epoch 230/1000 | train_loss: 0.6522 | miou: 0.6843 | f1_macro: 0.7956 | pixel_accuracy: 0.8990 | val_loss: 0.3853
Epoch 231/1000 | train_loss: 0.6532 | miou: 0.6695 | f1_macro: 0.7809 | pixel_accuracy: 0.8978 | val_loss: 0.4099
Epoch 232/1000 | train_loss: 0.6341 | miou: 0.6808 | f1_macro: 0.7905 | pixel_accuracy: 0.9016 | val_loss: 0.3781
Epoch 233/1000 | train_loss: 0.6489 | miou: 0.6924 | f1_macro: 0.8017 | pixel_accuracy: 0.9038 | val_loss: 0.3875
Epoch 234/1000 | train_loss: 0.6680 | miou: 0.6607 | f1_macro: 0.7757 | pixel_accuracy: 0.8874 | val_loss: 0.4393
Epoch 235/1000 | train_loss: 0.6928 | miou: 0.6829 | f1_macro: 0.7966 | pixel_accuracy: 0.8943 | val_loss: 0.3739
Epoch 236/1000 | train_loss: 0.6502 | miou: 0.6817 | f1_macro: 0.7919 | pixel_accuracy: 0.8998 | val_loss: 0.3865
Epoch 237/1000 | train_loss: 0.6437 | miou: 0.6910 | f1_macro: 0.7993 | pixel_accuracy: 0.9053 | val_loss: 0.3912
Epoch 238/1000 | train_loss: 0.6416 | miou: 0.6922 | f1_macro: 0.8019 | pixel_accuracy: 0.9025 | val_loss: 0.3863
Epoch 239/1000 | train_loss: 0.6516 | miou: 0.6877 | f1_macro: 0.7970 | pixel_accuracy: 0.9013 | val_loss: 0.3817
Epoch 240/1000 | train_loss: 0.6454 | miou: 0.6898 | f1_macro: 0.7991 | pixel_accuracy: 0.9028 | val_loss: 0.3812
Epoch 241/1000 | train_loss: 0.6390 | miou: 0.6899 | f1_macro: 0.7993 | pixel_accuracy: 0.9037 | val_loss: 0.3833
Epoch 242/1000 | train_loss: 0.6593 | miou: 0.6896 | f1_macro: 0.8000 | pixel_accuracy: 0.9000 | val_loss: 0.3704
Epoch 243/1000 | train_loss: 0.6554 | miou: 0.6729 | f1_macro: 0.7855 | pixel_accuracy: 0.8962 | val_loss: 0.4076
Epoch 244/1000 | train_loss: 0.6572 | miou: 0.6851 | f1_macro: 0.7956 | pixel_accuracy: 0.9012 | val_loss: 0.3914
Epoch 245/1000 | train_loss: 0.6347 | miou: 0.6854 | f1_macro: 0.7971 | pixel_accuracy: 0.8979 | val_loss: 0.3804
Epoch 246/1000 | train_loss: 0.6365 | miou: 0.6970 | f1_macro: 0.8060 | pixel_accuracy: 0.9042 | val_loss: 0.3801
Epoch 247/1000 | train_loss: 0.6478 | miou: 0.6464 | f1_macro: 0.7651 | pixel_accuracy: 0.8806 | val_loss: 0.4801
Epoch 248/1000 | train_loss: 0.6923 | miou: 0.6814 | f1_macro: 0.7939 | pixel_accuracy: 0.8980 | val_loss: 0.3653
Epoch 249/1000 | train_loss: 0.6366 | miou: 0.6824 | f1_macro: 0.7940 | pixel_accuracy: 0.8987 | val_loss: 0.4030
Epoch 250/1000 | train_loss: 0.6376 | miou: 0.6823 | f1_macro: 0.7931 | pixel_accuracy: 0.9010 | val_loss: 0.3719
Epoch 251/1000 | train_loss: 0.6611 | miou: 0.6878 | f1_macro: 0.7984 | pixel_accuracy: 0.9018 | val_loss: 0.3666
Epoch 252/1000 | train_loss: 0.6320 | miou: 0.6966 | f1_macro: 0.8058 | pixel_accuracy: 0.9037 | val_loss: 0.3854
Epoch 253/1000 | train_loss: 0.6673 | miou: 0.6627 | f1_macro: 0.7777 | pixel_accuracy: 0.8914 | val_loss: 0.4337
Epoch 254/1000 | train_loss: 0.6478 | miou: 0.6897 | f1_macro: 0.7995 | pixel_accuracy: 0.9016 | val_loss: 0.3757
Epoch 255/1000 | train_loss: 0.6226 | miou: 0.6878 | f1_macro: 0.7987 | pixel_accuracy: 0.9000 | val_loss: 0.3935
Epoch 256/1000 | train_loss: 0.6197 | miou: 0.7086 | f1_macro: 0.8149 | pixel_accuracy: 0.9104 | val_loss: 0.3609
Epoch 257/1000 | train_loss: 0.6160 | miou: 0.6939 | f1_macro: 0.8019 | pixel_accuracy: 0.9061 | val_loss: 0.3928
Epoch 258/1000 | train_loss: 0.6417 | miou: 0.6763 | f1_macro: 0.7863 | pixel_accuracy: 0.8982 | val_loss: 0.4032
Epoch 259/1000 | train_loss: 0.6487 | miou: 0.6914 | f1_macro: 0.8024 | pixel_accuracy: 0.9003 | val_loss: 0.3849
Epoch 260/1000 | train_loss: 0.6226 | miou: 0.6972 | f1_macro: 0.8061 | pixel_accuracy: 0.9042 | val_loss: 0.3893
Epoch 261/1000 | train_loss: 0.6215 | miou: 0.7136 | f1_macro: 0.8191 | pixel_accuracy: 0.9111 | val_loss: 0.3743
Epoch 262/1000 | train_loss: 0.6152 | miou: 0.7070 | f1_macro: 0.8141 | pixel_accuracy: 0.9093 | val_loss: 0.3549
Epoch 263/1000 | train_loss: 0.6369 | miou: 0.6847 | f1_macro: 0.7952 | pixel_accuracy: 0.9015 | val_loss: 0.3980
Epoch 264/1000 | train_loss: 0.6246 | miou: 0.6964 | f1_macro: 0.8045 | pixel_accuracy: 0.9074 | val_loss: 0.3688
Epoch 265/1000 | train_loss: 0.6330 | miou: 0.6968 | f1_macro: 0.8052 | pixel_accuracy: 0.9054 | val_loss: 0.3775
Epoch 266/1000 | train_loss: 0.6267 | miou: 0.7018 | f1_macro: 0.8100 | pixel_accuracy: 0.9069 | val_loss: 0.3626
Epoch 267/1000 | train_loss: 0.6215 | miou: 0.7006 | f1_macro: 0.8089 | pixel_accuracy: 0.9056 | val_loss: 0.3675
Epoch 268/1000 | train_loss: 0.6383 | miou: 0.6903 | f1_macro: 0.7997 | pixel_accuracy: 0.9043 | val_loss: 0.3835
Epoch 269/1000 | train_loss: 0.6248 | miou: 0.7054 | f1_macro: 0.8120 | pixel_accuracy: 0.9091 | val_loss: 0.3647
Epoch 270/1000 | train_loss: 0.6240 | miou: 0.6959 | f1_macro: 0.8058 | pixel_accuracy: 0.9030 | val_loss: 0.3865
Epoch 271/1000 | train_loss: 0.6294 | miou: 0.6983 | f1_macro: 0.8069 | pixel_accuracy: 0.9063 | val_loss: 0.3868
Epoch 272/1000 | train_loss: 0.6209 | miou: 0.6960 | f1_macro: 0.8049 | pixel_accuracy: 0.9044 | val_loss: 0.4042
Epoch 273/1000 | train_loss: 0.6384 | miou: 0.6925 | f1_macro: 0.8025 | pixel_accuracy: 0.9009 | val_loss: 0.3629
Epoch 274/1000 | train_loss: 0.6224 | miou: 0.6977 | f1_macro: 0.8063 | pixel_accuracy: 0.9063 | val_loss: 0.3882
Epoch 275/1000 | train_loss: 0.6229 | miou: 0.7058 | f1_macro: 0.8133 | pixel_accuracy: 0.9072 | val_loss: 0.3616
Epoch 276/1000 | train_loss: 0.6149 | miou: 0.6838 | f1_macro: 0.7984 | pixel_accuracy: 0.8914 | val_loss: 0.4277
Epoch 277/1000 | train_loss: 0.6517 | miou: 0.6894 | f1_macro: 0.7999 | pixel_accuracy: 0.9025 | val_loss: 0.3845
Epoch 278/1000 | train_loss: 0.6241 | miou: 0.7008 | f1_macro: 0.8101 | pixel_accuracy: 0.9042 | val_loss: 0.3691
Epoch 279/1000 | train_loss: 0.6323 | miou: 0.6874 | f1_macro: 0.7974 | pixel_accuracy: 0.9024 | val_loss: 0.4129
Epoch 280/1000 | train_loss: 0.6802 | miou: 0.6789 | f1_macro: 0.7920 | pixel_accuracy: 0.8921 | val_loss: 0.4143
Epoch 281/1000 | train_loss: 0.6312 | miou: 0.7007 | f1_macro: 0.8086 | pixel_accuracy: 0.9051 | val_loss: 0.3612
Epoch 282/1000 | train_loss: 0.6265 | miou: 0.7048 | f1_macro: 0.8126 | pixel_accuracy: 0.9067 | val_loss: 0.3684
Epoch 283/1000 | train_loss: 0.6126 | miou: 0.7064 | f1_macro: 0.8138 | pixel_accuracy: 0.9076 | val_loss: 0.3716
Epoch 284/1000 | train_loss: 0.6263 | miou: 0.6650 | f1_macro: 0.7847 | pixel_accuracy: 0.8788 | val_loss: 0.4729
Epoch 285/1000 | train_loss: 0.6758 | miou: 0.6814 | f1_macro: 0.7947 | pixel_accuracy: 0.8966 | val_loss: 0.3976
Epoch 286/1000 | train_loss: 0.6438 | miou: 0.6885 | f1_macro: 0.7977 | pixel_accuracy: 0.9031 | val_loss: 0.3913
Epoch 287/1000 | train_loss: 0.6267 | miou: 0.7063 | f1_macro: 0.8135 | pixel_accuracy: 0.9074 | val_loss: 0.3755
Epoch 288/1000 | train_loss: 0.6367 | miou: 0.7054 | f1_macro: 0.8126 | pixel_accuracy: 0.9081 | val_loss: 0.3737
Epoch 289/1000 | train_loss: 0.6133 | miou: 0.7058 | f1_macro: 0.8129 | pixel_accuracy: 0.9082 | val_loss: 0.3683
Epoch 290/1000 | train_loss: 0.6255 | miou: 0.7134 | f1_macro: 0.8188 | pixel_accuracy: 0.9110 | val_loss: 0.3524
Epoch 291/1000 | train_loss: 0.5979 | miou: 0.7115 | f1_macro: 0.8179 | pixel_accuracy: 0.9093 | val_loss: 0.3486
Epoch 292/1000 | train_loss: 0.6138 | miou: 0.7096 | f1_macro: 0.8161 | pixel_accuracy: 0.9090 | val_loss: 0.3563
Epoch 293/1000 | train_loss: 0.6133 | miou: 0.7146 | f1_macro: 0.8202 | pixel_accuracy: 0.9114 | val_loss: 0.3514
Epoch 294/1000 | train_loss: 0.6156 | miou: 0.7050 | f1_macro: 0.8124 | pixel_accuracy: 0.9075 | val_loss: 0.3736
Epoch 295/1000 | train_loss: 0.6130 | miou: 0.7046 | f1_macro: 0.8118 | pixel_accuracy: 0.9072 | val_loss: 0.3618
Epoch 296/1000 | train_loss: 0.6149 | miou: 0.7169 | f1_macro: 0.8219 | pixel_accuracy: 0.9113 | val_loss: 0.3544
Epoch 297/1000 | train_loss: 0.6029 | miou: 0.7135 | f1_macro: 0.8194 | pixel_accuracy: 0.9114 | val_loss: 0.3741
Epoch 298/1000 | train_loss: 0.6154 | miou: 0.6951 | f1_macro: 0.8023 | pixel_accuracy: 0.9069 | val_loss: 0.4087
Epoch 299/1000 | train_loss: 0.6172 | miou: 0.7127 | f1_macro: 0.8198 | pixel_accuracy: 0.9073 | val_loss: 0.3665
Epoch 300/1000 | train_loss: 0.6166 | miou: 0.7104 | f1_macro: 0.8171 | pixel_accuracy: 0.9091 | val_loss: 0.3591
Epoch 301/1000 | train_loss: 0.6690 | miou: 0.6913 | f1_macro: 0.8026 | pixel_accuracy: 0.8976 | val_loss: 0.4051
Epoch 302/1000 | train_loss: 0.6356 | miou: 0.7100 | f1_macro: 0.8166 | pixel_accuracy: 0.9096 | val_loss: 0.3739
Epoch 303/1000 | train_loss: 0.6030 | miou: 0.7115 | f1_macro: 0.8185 | pixel_accuracy: 0.9094 | val_loss: 0.3854
Epoch 304/1000 | train_loss: 0.5990 | miou: 0.7121 | f1_macro: 0.8173 | pixel_accuracy: 0.9125 | val_loss: 0.4084
Epoch 305/1000 | train_loss: 0.6169 | miou: 0.7105 | f1_macro: 0.8170 | pixel_accuracy: 0.9091 | val_loss: 0.3776
Epoch 306/1000 | train_loss: 0.6396 | miou: 0.6854 | f1_macro: 0.7960 | pixel_accuracy: 0.8998 | val_loss: 0.4216
Epoch 307/1000 | train_loss: 0.6335 | miou: 0.7061 | f1_macro: 0.8119 | pixel_accuracy: 0.9104 | val_loss: 0.3981
Epoch 308/1000 | train_loss: 0.6009 | miou: 0.7088 | f1_macro: 0.8153 | pixel_accuracy: 0.9099 | val_loss: 0.3858
Epoch 309/1000 | train_loss: 0.6041 | miou: 0.7137 | f1_macro: 0.8194 | pixel_accuracy: 0.9111 | val_loss: 0.3762
Epoch 310/1000 | train_loss: 0.5995 | miou: 0.7040 | f1_macro: 0.8123 | pixel_accuracy: 0.9039 | val_loss: 0.3965
Epoch 311/1000 | train_loss: 0.5916 | miou: 0.6990 | f1_macro: 0.8066 | pixel_accuracy: 0.9085 | val_loss: 0.3806
Epoch 312/1000 | train_loss: 0.6080 | miou: 0.7149 | f1_macro: 0.8203 | pixel_accuracy: 0.9107 | val_loss: 0.3786
Epoch 313/1000 | train_loss: 0.6013 | miou: 0.7100 | f1_macro: 0.8164 | pixel_accuracy: 0.9096 | val_loss: 0.3989
Epoch 314/1000 | train_loss: 0.6072 | miou: 0.7046 | f1_macro: 0.8118 | pixel_accuracy: 0.9069 | val_loss: 0.4230
Epoch 315/1000 | train_loss: 0.6148 | miou: 0.7030 | f1_macro: 0.8106 | pixel_accuracy: 0.9074 | val_loss: 0.3878
Epoch 316/1000 | train_loss: 0.6152 | miou: 0.7136 | f1_macro: 0.8200 | pixel_accuracy: 0.9097 | val_loss: 0.3898
Epoch 317/1000 | train_loss: 0.5920 | miou: 0.7099 | f1_macro: 0.8165 | pixel_accuracy: 0.9106 | val_loss: 0.4219
Epoch 318/1000 | train_loss: 0.5969 | miou: 0.7103 | f1_macro: 0.8164 | pixel_accuracy: 0.9103 | val_loss: 0.4156
Epoch 319/1000 | train_loss: 0.5988 | miou: 0.7088 | f1_macro: 0.8149 | pixel_accuracy: 0.9110 | val_loss: 0.3970
Epoch 320/1000 | train_loss: 0.5990 | miou: 0.7076 | f1_macro: 0.8135 | pixel_accuracy: 0.9112 | val_loss: 0.4192
Epoch 321/1000 | train_loss: 0.6656 | miou: 0.6435 | f1_macro: 0.7691 | pixel_accuracy: 0.8657 | val_loss: 0.5057
Epoch 322/1000 | train_loss: 0.6386 | miou: 0.6997 | f1_macro: 0.8108 | pixel_accuracy: 0.8992 | val_loss: 0.4370
Epoch 323/1000 | train_loss: 0.6092 | miou: 0.7150 | f1_macro: 0.8202 | pixel_accuracy: 0.9123 | val_loss: 0.3710
Epoch 324/1000 | train_loss: 0.5994 | miou: 0.7072 | f1_macro: 0.8138 | pixel_accuracy: 0.9095 | val_loss: 0.3829
Epoch 325/1000 | train_loss: 0.5997 | miou: 0.7128 | f1_macro: 0.8187 | pixel_accuracy: 0.9114 | val_loss: 0.3673
Epoch 326/1000 | train_loss: 0.6067 | miou: 0.7132 | f1_macro: 0.8189 | pixel_accuracy: 0.9106 | val_loss: 0.3928
Epoch 327/1000 | train_loss: 0.6004 | miou: 0.7227 | f1_macro: 0.8259 | pixel_accuracy: 0.9151 | val_loss: 0.3449
Epoch 328/1000 | train_loss: 0.6000 | miou: 0.7082 | f1_macro: 0.8142 | pixel_accuracy: 0.9094 | val_loss: 0.3815
Epoch 329/1000 | train_loss: 0.6209 | miou: 0.7187 | f1_macro: 0.8234 | pixel_accuracy: 0.9124 | val_loss: 0.3398
Epoch 330/1000 | train_loss: 0.5848 | miou: 0.7188 | f1_macro: 0.8233 | pixel_accuracy: 0.9136 | val_loss: 0.3471
Epoch 331/1000 | train_loss: 0.5905 | miou: 0.7144 | f1_macro: 0.8201 | pixel_accuracy: 0.9115 | val_loss: 0.3820
Epoch 332/1000 | train_loss: 0.5820 | miou: 0.7194 | f1_macro: 0.8232 | pixel_accuracy: 0.9151 | val_loss: 0.3667
Epoch 333/1000 | train_loss: 0.5805 | miou: 0.7139 | f1_macro: 0.8185 | pixel_accuracy: 0.9131 | val_loss: 0.3846
Epoch 334/1000 | train_loss: 0.6078 | miou: 0.7074 | f1_macro: 0.8150 | pixel_accuracy: 0.9077 | val_loss: 0.3710
Epoch 335/1000 | train_loss: 0.5987 | miou: 0.7099 | f1_macro: 0.8154 | pixel_accuracy: 0.9112 | val_loss: 0.3832
Epoch 336/1000 | train_loss: 0.6010 | miou: 0.7101 | f1_macro: 0.8168 | pixel_accuracy: 0.9092 | val_loss: 0.3858
Epoch 337/1000 | train_loss: 0.5910 | miou: 0.7134 | f1_macro: 0.8184 | pixel_accuracy: 0.9123 | val_loss: 0.3882
Epoch 338/1000 | train_loss: 0.6110 | miou: 0.7030 | f1_macro: 0.8108 | pixel_accuracy: 0.9069 | val_loss: 0.4165
Epoch 339/1000 | train_loss: 0.6010 | miou: 0.7100 | f1_macro: 0.8160 | pixel_accuracy: 0.9098 | val_loss: 0.3965
Epoch 340/1000 | train_loss: 0.5892 | miou: 0.7144 | f1_macro: 0.8202 | pixel_accuracy: 0.9113 | val_loss: 0.3891
Epoch 341/1000 | train_loss: 0.5944 | miou: 0.6152 | f1_macro: 0.7469 | pixel_accuracy: 0.8467 | val_loss: 0.7465
Epoch 342/1000 | train_loss: 0.6934 | miou: 0.6726 | f1_macro: 0.7850 | pixel_accuracy: 0.8936 | val_loss: 0.4275
Epoch 343/1000 | train_loss: 0.6304 | miou: 0.7128 | f1_macro: 0.8192 | pixel_accuracy: 0.9101 | val_loss: 0.3651
Epoch 344/1000 | train_loss: 0.6073 | miou: 0.7157 | f1_macro: 0.8216 | pixel_accuracy: 0.9102 | val_loss: 0.3590
Epoch 345/1000 | train_loss: 0.5985 | miou: 0.7045 | f1_macro: 0.8130 | pixel_accuracy: 0.9023 | val_loss: 0.3868
Epoch 346/1000 | train_loss: 0.6301 | miou: 0.7095 | f1_macro: 0.8174 | pixel_accuracy: 0.9067 | val_loss: 0.3667
Epoch 347/1000 | train_loss: 0.5917 | miou: 0.7136 | f1_macro: 0.8188 | pixel_accuracy: 0.9128 | val_loss: 0.4055
Epoch 348/1000 | train_loss: 0.5920 | miou: 0.7186 | f1_macro: 0.8223 | pixel_accuracy: 0.9147 | val_loss: 0.3769
Epoch 349/1000 | train_loss: 0.5886 | miou: 0.7209 | f1_macro: 0.8244 | pixel_accuracy: 0.9150 | val_loss: 0.3834
Epoch 350/1000 | train_loss: 0.5785 | miou: 0.7181 | f1_macro: 0.8227 | pixel_accuracy: 0.9118 | val_loss: 0.3995
Epoch 351/1000 | train_loss: 0.5719 | miou: 0.7088 | f1_macro: 0.8138 | pixel_accuracy: 0.9123 | val_loss: 0.3915
Epoch 352/1000 | train_loss: 0.5969 | miou: 0.7218 | f1_macro: 0.8248 | pixel_accuracy: 0.9161 | val_loss: 0.3746
Epoch 353/1000 | train_loss: 0.5707 | miou: 0.7210 | f1_macro: 0.8245 | pixel_accuracy: 0.9154 | val_loss: 0.4046
Epoch 354/1000 | train_loss: 0.5894 | miou: 0.7239 | f1_macro: 0.8273 | pixel_accuracy: 0.9153 | val_loss: 0.3681
Epoch 355/1000 | train_loss: 0.5736 | miou: 0.7246 | f1_macro: 0.8281 | pixel_accuracy: 0.9140 | val_loss: 0.3683
Epoch 356/1000 | train_loss: 0.5818 | miou: 0.7117 | f1_macro: 0.8177 | pixel_accuracy: 0.9108 | val_loss: 0.3981
Epoch 357/1000 | train_loss: 0.5912 | miou: 0.7226 | f1_macro: 0.8262 | pixel_accuracy: 0.9147 | val_loss: 0.3650
Epoch 358/1000 | train_loss: 0.5851 | miou: 0.7166 | f1_macro: 0.8216 | pixel_accuracy: 0.9122 | val_loss: 0.4035
Epoch 359/1000 | train_loss: 0.5806 | miou: 0.7265 | f1_macro: 0.8287 | pixel_accuracy: 0.9175 | val_loss: 0.3764
Epoch 360/1000 | train_loss: 0.5943 | miou: 0.7051 | f1_macro: 0.8125 | pixel_accuracy: 0.9090 | val_loss: 0.3947
Epoch 361/1000 | train_loss: 0.5812 | miou: 0.7048 | f1_macro: 0.8116 | pixel_accuracy: 0.9090 | val_loss: 0.3972
Epoch 362/1000 | train_loss: 0.5883 | miou: 0.7137 | f1_macro: 0.8179 | pixel_accuracy: 0.9134 | val_loss: 0.4211
Epoch 363/1000 | train_loss: 0.5858 | miou: 0.7143 | f1_macro: 0.8193 | pixel_accuracy: 0.9130 | val_loss: 0.3662
Epoch 364/1000 | train_loss: 0.5736 | miou: 0.7249 | f1_macro: 0.8277 | pixel_accuracy: 0.9158 | val_loss: 0.3794
Epoch 365/1000 | train_loss: 0.5816 | miou: 0.7146 | f1_macro: 0.8191 | pixel_accuracy: 0.9140 | val_loss: 0.3935
Epoch 366/1000 | train_loss: 0.5709 | miou: 0.7191 | f1_macro: 0.8234 | pixel_accuracy: 0.9147 | val_loss: 0.4099
Epoch 367/1000 | train_loss: 0.5800 | miou: 0.7194 | f1_macro: 0.8228 | pixel_accuracy: 0.9154 | val_loss: 0.4008
Epoch 368/1000 | train_loss: 0.6034 | miou: 0.6867 | f1_macro: 0.7954 | pixel_accuracy: 0.9049 | val_loss: 0.3940
Epoch 369/1000 | train_loss: 0.5822 | miou: 0.7201 | f1_macro: 0.8234 | pixel_accuracy: 0.9146 | val_loss: 0.3822
Epoch 370/1000 | train_loss: 0.6001 | miou: 0.7205 | f1_macro: 0.8263 | pixel_accuracy: 0.9096 | val_loss: 0.3993
Epoch 371/1000 | train_loss: 0.6086 | miou: 0.6605 | f1_macro: 0.7761 | pixel_accuracy: 0.8855 | val_loss: 0.4645
Epoch 372/1000 | train_loss: 0.5957 | miou: 0.7157 | f1_macro: 0.8205 | pixel_accuracy: 0.9130 | val_loss: 0.4252
Epoch 373/1000 | train_loss: 0.5921 | miou: 0.7082 | f1_macro: 0.8149 | pixel_accuracy: 0.9077 | val_loss: 0.4127
Epoch 374/1000 | train_loss: 0.5925 | miou: 0.7183 | f1_macro: 0.8222 | pixel_accuracy: 0.9140 | val_loss: 0.4074
Epoch 375/1000 | train_loss: 0.5747 | miou: 0.7202 | f1_macro: 0.8243 | pixel_accuracy: 0.9136 | val_loss: 0.4118
Epoch 376/1000 | train_loss: 0.5799 | miou: 0.7280 | f1_macro: 0.8306 | pixel_accuracy: 0.9167 | val_loss: 0.3966
Epoch 377/1000 | train_loss: 0.6537 | miou: 0.6602 | f1_macro: 0.7778 | pixel_accuracy: 0.8792 | val_loss: 0.4365
Epoch 378/1000 | train_loss: 0.6949 | miou: 0.6958 | f1_macro: 0.8073 | pixel_accuracy: 0.8986 | val_loss: 0.3757
Epoch 379/1000 | train_loss: 0.6217 | miou: 0.6984 | f1_macro: 0.8090 | pixel_accuracy: 0.8993 | val_loss: 0.3784
Epoch 380/1000 | train_loss: 0.5941 | miou: 0.7095 | f1_macro: 0.8167 | pixel_accuracy: 0.9083 | val_loss: 0.3849
Epoch 381/1000 | train_loss: 0.5795 | miou: 0.7184 | f1_macro: 0.8238 | pixel_accuracy: 0.9111 | val_loss: 0.3633
Epoch 382/1000 | train_loss: 0.5855 | miou: 0.7226 | f1_macro: 0.8255 | pixel_accuracy: 0.9160 | val_loss: 0.3812
Epoch 383/1000 | train_loss: 0.5750 | miou: 0.7230 | f1_macro: 0.8270 | pixel_accuracy: 0.9129 | val_loss: 0.3815
Epoch 384/1000 | train_loss: 0.5681 | miou: 0.7235 | f1_macro: 0.8271 | pixel_accuracy: 0.9146 | val_loss: 0.3952
Epoch 385/1000 | train_loss: 0.5684 | miou: 0.7203 | f1_macro: 0.8240 | pixel_accuracy: 0.9140 | val_loss: 0.3794
Epoch 386/1000 | train_loss: 0.5818 | miou: 0.7212 | f1_macro: 0.8247 | pixel_accuracy: 0.9151 | val_loss: 0.4028
Epoch 387/1000 | train_loss: 0.5940 | miou: 0.7209 | f1_macro: 0.8244 | pixel_accuracy: 0.9140 | val_loss: 0.3976
Epoch 388/1000 | train_loss: 0.5757 | miou: 0.7284 | f1_macro: 0.8299 | pixel_accuracy: 0.9188 | val_loss: 0.3882
Epoch 389/1000 | train_loss: 0.5721 | miou: 0.7137 | f1_macro: 0.8183 | pixel_accuracy: 0.9126 | val_loss: 0.4222
Epoch 390/1000 | train_loss: 0.5771 | miou: 0.7168 | f1_macro: 0.8207 | pixel_accuracy: 0.9135 | val_loss: 0.3986
Epoch 391/1000 | train_loss: 0.5813 | miou: 0.7178 | f1_macro: 0.8227 | pixel_accuracy: 0.9128 | val_loss: 0.3901
Epoch 392/1000 | train_loss: 0.5801 | miou: 0.7346 | f1_macro: 0.8358 | pixel_accuracy: 0.9183 | val_loss: 0.3974
Epoch 393/1000 | train_loss: 0.5710 | miou: 0.7285 | f1_macro: 0.8300 | pixel_accuracy: 0.9190 | val_loss: 0.3915
Epoch 394/1000 | train_loss: 0.5823 | miou: 0.7270 | f1_macro: 0.8291 | pixel_accuracy: 0.9174 | val_loss: 0.3706
Epoch 395/1000 | train_loss: 0.5799 | miou: 0.7256 | f1_macro: 0.8284 | pixel_accuracy: 0.9165 | val_loss: 0.4208
Epoch 396/1000 | train_loss: 0.6085 | miou: 0.5945 | f1_macro: 0.7291 | pixel_accuracy: 0.8358 | val_loss: 0.6637
Epoch 397/1000 | train_loss: 0.6279 | miou: 0.7036 | f1_macro: 0.8122 | pixel_accuracy: 0.9058 | val_loss: 0.4074
Epoch 398/1000 | train_loss: 0.5893 | miou: 0.7132 | f1_macro: 0.8198 | pixel_accuracy: 0.9099 | val_loss: 0.4194
Epoch 399/1000 | train_loss: 0.5838 | miou: 0.7091 | f1_macro: 0.8158 | pixel_accuracy: 0.9093 | val_loss: 0.3820
Epoch 400/1000 | train_loss: 0.5684 | miou: 0.7205 | f1_macro: 0.8245 | pixel_accuracy: 0.9150 | val_loss: 0.4290
Epoch 401/1000 | train_loss: 0.5865 | miou: 0.7226 | f1_macro: 0.8259 | pixel_accuracy: 0.9157 | val_loss: 0.3837
Epoch 402/1000 | train_loss: 0.5766 | miou: 0.7227 | f1_macro: 0.8264 | pixel_accuracy: 0.9145 | val_loss: 0.3969
Epoch 403/1000 | train_loss: 0.5825 | miou: 0.7104 | f1_macro: 0.8172 | pixel_accuracy: 0.9093 | val_loss: 0.4065
Epoch 404/1000 | train_loss: 0.5797 | miou: 0.7205 | f1_macro: 0.8237 | pixel_accuracy: 0.9165 | val_loss: 0.3843
Epoch 405/1000 | train_loss: 0.5842 | miou: 0.7207 | f1_macro: 0.8260 | pixel_accuracy: 0.9111 | val_loss: 0.3906
Epoch 406/1000 | train_loss: 0.5835 | miou: 0.7173 | f1_macro: 0.8209 | pixel_accuracy: 0.9147 | val_loss: 0.4020
Epoch 407/1000 | train_loss: 0.5806 | miou: 0.7169 | f1_macro: 0.8220 | pixel_accuracy: 0.9118 | val_loss: 0.4113
Epoch 408/1000 | train_loss: 0.5739 | miou: 0.7220 | f1_macro: 0.8260 | pixel_accuracy: 0.9132 | val_loss: 0.3958
Epoch 409/1000 | train_loss: 0.5738 | miou: 0.7238 | f1_macro: 0.8270 | pixel_accuracy: 0.9144 | val_loss: 0.4189
Epoch 410/1000 | train_loss: 0.5623 | miou: 0.7260 | f1_macro: 0.8289 | pixel_accuracy: 0.9156 | val_loss: 0.3729
Epoch 411/1000 | train_loss: 0.6037 | miou: 0.7128 | f1_macro: 0.8204 | pixel_accuracy: 0.9059 | val_loss: 0.4217
Epoch 412/1000 | train_loss: 0.5692 | miou: 0.7261 | f1_macro: 0.8301 | pixel_accuracy: 0.9132 | val_loss: 0.4144
Epoch 413/1000 | train_loss: 0.5770 | miou: 0.7223 | f1_macro: 0.8261 | pixel_accuracy: 0.9137 | val_loss: 0.4238
Epoch 414/1000 | train_loss: 0.5726 | miou: 0.7260 | f1_macro: 0.8280 | pixel_accuracy: 0.9178 | val_loss: 0.4105
Epoch 415/1000 | train_loss: 0.5825 | miou: 0.7186 | f1_macro: 0.8230 | pixel_accuracy: 0.9132 | val_loss: 0.4010
Epoch 416/1000 | train_loss: 0.5678 | miou: 0.7270 | f1_macro: 0.8304 | pixel_accuracy: 0.9151 | val_loss: 0.4054
Epoch 417/1000 | train_loss: 0.5902 | miou: 0.7154 | f1_macro: 0.8216 | pixel_accuracy: 0.9099 | val_loss: 0.3878
Epoch 418/1000 | train_loss: 0.5804 | miou: 0.7288 | f1_macro: 0.8316 | pixel_accuracy: 0.9158 | val_loss: 0.4068
Epoch 419/1000 | train_loss: 0.5737 | miou: 0.7220 | f1_macro: 0.8258 | pixel_accuracy: 0.9152 | val_loss: 0.3697
Epoch 420/1000 | train_loss: 0.5597 | miou: 0.7291 | f1_macro: 0.8313 | pixel_accuracy: 0.9174 | val_loss: 0.3894
Epoch 421/1000 | train_loss: 0.5698 | miou: 0.7178 | f1_macro: 0.8224 | pixel_accuracy: 0.9135 | val_loss: 0.4105
Epoch 422/1000 | train_loss: 0.5725 | miou: 0.7215 | f1_macro: 0.8253 | pixel_accuracy: 0.9144 | val_loss: 0.4161
Epoch 423/1000 | train_loss: 0.5908 | miou: 0.7279 | f1_macro: 0.8306 | pixel_accuracy: 0.9156 | val_loss: 0.3741
Epoch 424/1000 | train_loss: 0.5934 | miou: 0.7010 | f1_macro: 0.8089 | pixel_accuracy: 0.9053 | val_loss: 0.3908
Epoch 425/1000 | train_loss: 0.5813 | miou: 0.7279 | f1_macro: 0.8307 | pixel_accuracy: 0.9161 | val_loss: 0.4114
Epoch 426/1000 | train_loss: 0.5653 | miou: 0.7254 | f1_macro: 0.8282 | pixel_accuracy: 0.9159 | val_loss: 0.4132
Epoch 427/1000 | train_loss: 0.5653 | miou: 0.7339 | f1_macro: 0.8350 | pixel_accuracy: 0.9179 | val_loss: 0.3985
Epoch 428/1000 | train_loss: 0.5698 | miou: 0.7307 | f1_macro: 0.8319 | pixel_accuracy: 0.9189 | val_loss: 0.4049
Epoch 429/1000 | train_loss: 0.5690 | miou: 0.7216 | f1_macro: 0.8254 | pixel_accuracy: 0.9146 | val_loss: 0.4114
Epoch 430/1000 | train_loss: 0.6019 | miou: 0.6785 | f1_macro: 0.7906 | pixel_accuracy: 0.8974 | val_loss: 0.4942
Epoch 431/1000 | train_loss: 0.6200 | miou: 0.7115 | f1_macro: 0.8189 | pixel_accuracy: 0.9064 | val_loss: 0.3973
Epoch 432/1000 | train_loss: 0.5882 | miou: 0.7278 | f1_macro: 0.8302 | pixel_accuracy: 0.9167 | val_loss: 0.3758
Epoch 433/1000 | train_loss: 0.5796 | miou: 0.7337 | f1_macro: 0.8343 | pixel_accuracy: 0.9197 | val_loss: 0.3744
Epoch 434/1000 | train_loss: 0.5654 | miou: 0.7340 | f1_macro: 0.8347 | pixel_accuracy: 0.9203 | val_loss: 0.3780
Epoch 435/1000 | train_loss: 0.5646 | miou: 0.7367 | f1_macro: 0.8366 | pixel_accuracy: 0.9209 | val_loss: 0.3851
Epoch 436/1000 | train_loss: 0.5484 | miou: 0.7303 | f1_macro: 0.8321 | pixel_accuracy: 0.9182 | val_loss: 0.3949
Epoch 437/1000 | train_loss: 0.5647 | miou: 0.7270 | f1_macro: 0.8305 | pixel_accuracy: 0.9148 | val_loss: 0.3885
Epoch 438/1000 | train_loss: 0.5693 | miou: 0.7272 | f1_macro: 0.8309 | pixel_accuracy: 0.9143 | val_loss: 0.3926
Epoch 439/1000 | train_loss: 0.5829 | miou: 0.7357 | f1_macro: 0.8366 | pixel_accuracy: 0.9186 | val_loss: 0.3744
Epoch 440/1000 | train_loss: 0.5667 | miou: 0.7328 | f1_macro: 0.8339 | pixel_accuracy: 0.9189 | val_loss: 0.3984
Epoch 441/1000 | train_loss: 0.5652 | miou: 0.7250 | f1_macro: 0.8280 | pixel_accuracy: 0.9162 | val_loss: 0.4223
Epoch 442/1000 | train_loss: 0.5526 | miou: 0.7315 | f1_macro: 0.8330 | pixel_accuracy: 0.9180 | val_loss: 0.4092
Epoch 443/1000 | train_loss: 0.5609 | miou: 0.7300 | f1_macro: 0.8311 | pixel_accuracy: 0.9194 | val_loss: 0.4124
Epoch 444/1000 | train_loss: 0.5662 | miou: 0.7256 | f1_macro: 0.8280 | pixel_accuracy: 0.9176 | val_loss: 0.4133
Epoch 445/1000 | train_loss: 0.5749 | miou: 0.7264 | f1_macro: 0.8282 | pixel_accuracy: 0.9191 | val_loss: 0.4273
Epoch 446/1000 | train_loss: 0.5607 | miou: 0.7262 | f1_macro: 0.8290 | pixel_accuracy: 0.9164 | val_loss: 0.4216
Epoch 447/1000 | train_loss: 0.5641 | miou: 0.7311 | f1_macro: 0.8328 | pixel_accuracy: 0.9165 | val_loss: 0.3982
Epoch 448/1000 | train_loss: 0.5593 | miou: 0.7320 | f1_macro: 0.8330 | pixel_accuracy: 0.9192 | val_loss: 0.4067
Epoch 449/1000 | train_loss: 0.5870 | miou: 0.7250 | f1_macro: 0.8272 | pixel_accuracy: 0.9167 | val_loss: 0.4069
Epoch 450/1000 | train_loss: 0.5617 | miou: 0.7249 | f1_macro: 0.8276 | pixel_accuracy: 0.9158 | val_loss: 0.3728
Epoch 451/1000 | train_loss: 0.5722 | miou: 0.7278 | f1_macro: 0.8296 | pixel_accuracy: 0.9172 | val_loss: 0.4151
Epoch 452/1000 | train_loss: 0.5551 | miou: 0.7297 | f1_macro: 0.8306 | pixel_accuracy: 0.9195 | val_loss: 0.4272
Epoch 453/1000 | train_loss: 0.5491 | miou: 0.7280 | f1_macro: 0.8299 | pixel_accuracy: 0.9177 | val_loss: 0.4192
Epoch 454/1000 | train_loss: 0.5651 | miou: 0.7038 | f1_macro: 0.8139 | pixel_accuracy: 0.9024 | val_loss: 0.5011
Epoch 455/1000 | train_loss: 0.5852 | miou: 0.7308 | f1_macro: 0.8333 | pixel_accuracy: 0.9159 | val_loss: 0.4093
Epoch 456/1000 | train_loss: 0.5680 | miou: 0.7090 | f1_macro: 0.8172 | pixel_accuracy: 0.9060 | val_loss: 0.4995
Epoch 457/1000 | train_loss: 0.6104 | miou: 0.7176 | f1_macro: 0.8229 | pixel_accuracy: 0.9104 | val_loss: 0.3867
Epoch 458/1000 | train_loss: 0.5894 | miou: 0.7269 | f1_macro: 0.8289 | pixel_accuracy: 0.9179 | val_loss: 0.3415
Epoch 459/1000 | train_loss: 0.5705 | miou: 0.7142 | f1_macro: 0.8192 | pixel_accuracy: 0.9116 | val_loss: 0.4078
Epoch 460/1000 | train_loss: 0.5864 | miou: 0.7253 | f1_macro: 0.8287 | pixel_accuracy: 0.9147 | val_loss: 0.3975
Epoch 461/1000 | train_loss: 0.5648 | miou: 0.7294 | f1_macro: 0.8319 | pixel_accuracy: 0.9168 | val_loss: 0.3987
Epoch 462/1000 | train_loss: 0.5675 | miou: 0.7206 | f1_macro: 0.8247 | pixel_accuracy: 0.9130 | val_loss: 0.4196
Epoch 463/1000 | train_loss: 0.5718 | miou: 0.7353 | f1_macro: 0.8363 | pixel_accuracy: 0.9190 | val_loss: 0.4016
Epoch 464/1000 | train_loss: 0.5573 | miou: 0.7367 | f1_macro: 0.8370 | pixel_accuracy: 0.9205 | val_loss: 0.4243
Epoch 465/1000 | train_loss: 0.5537 | miou: 0.7336 | f1_macro: 0.8350 | pixel_accuracy: 0.9179 | val_loss: 0.4345
Epoch 466/1000 | train_loss: 0.5562 | miou: 0.7312 | f1_macro: 0.8324 | pixel_accuracy: 0.9196 | val_loss: 0.4304
Epoch 467/1000 | train_loss: 0.5683 | miou: 0.7306 | f1_macro: 0.8319 | pixel_accuracy: 0.9186 | val_loss: 0.4080
Epoch 468/1000 | train_loss: 0.5607 | miou: 0.7335 | f1_macro: 0.8340 | pixel_accuracy: 0.9202 | val_loss: 0.4219
Epoch 469/1000 | train_loss: 0.5663 | miou: 0.7194 | f1_macro: 0.8237 | pixel_accuracy: 0.9143 | val_loss: 0.4317
Epoch 470/1000 | train_loss: 0.5799 | miou: 0.7202 | f1_macro: 0.8242 | pixel_accuracy: 0.9143 | val_loss: 0.4342
Epoch 471/1000 | train_loss: 0.5665 | miou: 0.7199 | f1_macro: 0.8239 | pixel_accuracy: 0.9133 | val_loss: 0.4156
Epoch 472/1000 | train_loss: 0.5668 | miou: 0.7290 | f1_macro: 0.8317 | pixel_accuracy: 0.9162 | val_loss: 0.4061
Epoch 473/1000 | train_loss: 0.5659 | miou: 0.7292 | f1_macro: 0.8314 | pixel_accuracy: 0.9171 | val_loss: 0.4192
Epoch 474/1000 | train_loss: 0.6132 | miou: 0.6985 | f1_macro: 0.8089 | pixel_accuracy: 0.9017 | val_loss: 0.4506
Epoch 475/1000 | train_loss: 0.5835 | miou: 0.7099 | f1_macro: 0.8174 | pixel_accuracy: 0.9069 | val_loss: 0.4553
Epoch 476/1000 | train_loss: 0.5787 | miou: 0.7026 | f1_macro: 0.8122 | pixel_accuracy: 0.9029 | val_loss: 0.4537
Epoch 477/1000 | train_loss: 0.6026 | miou: 0.7177 | f1_macro: 0.8230 | pixel_accuracy: 0.9119 | val_loss: 0.4177
Epoch 478/1000 | train_loss: 0.5741 | miou: 0.7152 | f1_macro: 0.8207 | pixel_accuracy: 0.9081 | val_loss: 0.3944
Epoch 479/1000 | train_loss: 0.5963 | miou: 0.7159 | f1_macro: 0.8209 | pixel_accuracy: 0.9123 | val_loss: 0.4029
Epoch 480/1000 | train_loss: 0.5613 | miou: 0.7213 | f1_macro: 0.8249 | pixel_accuracy: 0.9152 | val_loss: 0.4284
Epoch 481/1000 | train_loss: 0.5591 | miou: 0.7236 | f1_macro: 0.8271 | pixel_accuracy: 0.9148 | val_loss: 0.4406
Epoch 482/1000 | train_loss: 0.5562 | miou: 0.7255 | f1_macro: 0.8290 | pixel_accuracy: 0.9155 | val_loss: 0.4276
Epoch 483/1000 | train_loss: 0.5457 | miou: 0.7255 | f1_macro: 0.8286 | pixel_accuracy: 0.9157 | val_loss: 0.4670
Epoch 484/1000 | train_loss: 0.5768 | miou: 0.7325 | f1_macro: 0.8342 | pixel_accuracy: 0.9182 | val_loss: 0.3827
Epoch 485/1000 | train_loss: 0.5699 | miou: 0.7305 | f1_macro: 0.8323 | pixel_accuracy: 0.9178 | val_loss: 0.4203
Epoch 486/1000 | train_loss: 0.5615 | miou: 0.7372 | f1_macro: 0.8373 | pixel_accuracy: 0.9204 | val_loss: 0.4342
Epoch 487/1000 | train_loss: 0.5497 | miou: 0.7329 | f1_macro: 0.8339 | pixel_accuracy: 0.9192 | val_loss: 0.4293
Epoch 488/1000 | train_loss: 0.5593 | miou: 0.7344 | f1_macro: 0.8353 | pixel_accuracy: 0.9195 | val_loss: 0.4266
Epoch 489/1000 | train_loss: 0.5575 | miou: 0.7377 | f1_macro: 0.8378 | pixel_accuracy: 0.9205 | val_loss: 0.4168
Epoch 490/1000 | train_loss: 0.5418 | miou: 0.7344 | f1_macro: 0.8354 | pixel_accuracy: 0.9190 | val_loss: 0.4221
Epoch 491/1000 | train_loss: 0.5560 | miou: 0.7264 | f1_macro: 0.8290 | pixel_accuracy: 0.9159 | val_loss: 0.4390
Epoch 492/1000 | train_loss: 0.5590 | miou: 0.7243 | f1_macro: 0.8276 | pixel_accuracy: 0.9155 | val_loss: 0.4576
Epoch 493/1000 | train_loss: 0.5683 | miou: 0.7298 | f1_macro: 0.8316 | pixel_accuracy: 0.9174 | val_loss: 0.4767
Epoch 494/1000 | train_loss: 0.5606 | miou: 0.7334 | f1_macro: 0.8345 | pixel_accuracy: 0.9191 | val_loss: 0.4709
Epoch 495/1000 | train_loss: 0.5523 | miou: 0.7346 | f1_macro: 0.8358 | pixel_accuracy: 0.9185 | val_loss: 0.4464
Epoch 496/1000 | train_loss: 0.5495 | miou: 0.7369 | f1_macro: 0.8372 | pixel_accuracy: 0.9194 | val_loss: 0.4297
Epoch 497/1000 | train_loss: 0.5549 | miou: 0.7365 | f1_macro: 0.8367 | pixel_accuracy: 0.9207 | val_loss: 0.4485
Epoch 498/1000 | train_loss: 0.5690 | miou: 0.6998 | f1_macro: 0.8093 | pixel_accuracy: 0.9033 | val_loss: 0.5267
Epoch 499/1000 | train_loss: 0.6128 | miou: 0.7010 | f1_macro: 0.8086 | pixel_accuracy: 0.9056 | val_loss: 0.4461
Epoch 500/1000 | train_loss: 0.5747 | miou: 0.7226 | f1_macro: 0.8271 | pixel_accuracy: 0.9128 | val_loss: 0.4299
Epoch 501/1000 | train_loss: 0.5684 | miou: 0.7369 | f1_macro: 0.8368 | pixel_accuracy: 0.9205 | val_loss: 0.3838
Epoch 502/1000 | train_loss: 0.5676 | miou: 0.7269 | f1_macro: 0.8301 | pixel_accuracy: 0.9149 | val_loss: 0.4167
Epoch 503/1000 | train_loss: 0.5486 | miou: 0.7324 | f1_macro: 0.8334 | pixel_accuracy: 0.9197 | val_loss: 0.4253
Epoch 504/1000 | train_loss: 0.5574 | miou: 0.7176 | f1_macro: 0.8243 | pixel_accuracy: 0.9085 | val_loss: 0.4172
Epoch 505/1000 | train_loss: 0.5583 | miou: 0.7262 | f1_macro: 0.8287 | pixel_accuracy: 0.9170 | val_loss: 0.4390
Epoch 506/1000 | train_loss: 0.5619 | miou: 0.7312 | f1_macro: 0.8321 | pixel_accuracy: 0.9194 | val_loss: 0.4387
Epoch 507/1000 | train_loss: 0.5552 | miou: 0.7333 | f1_macro: 0.8338 | pixel_accuracy: 0.9200 | val_loss: 0.4463
Epoch 508/1000 | train_loss: 0.5557 | miou: 0.7377 | f1_macro: 0.8376 | pixel_accuracy: 0.9211 | val_loss: 0.4254
Epoch 509/1000 | train_loss: 0.5502 | miou: 0.7304 | f1_macro: 0.8315 | pixel_accuracy: 0.9186 | val_loss: 0.4663
Epoch 510/1000 | train_loss: 0.5634 | miou: 0.7329 | f1_macro: 0.8337 | pixel_accuracy: 0.9194 | val_loss: 0.4395
Epoch 511/1000 | train_loss: 0.5525 | miou: 0.7308 | f1_macro: 0.8321 | pixel_accuracy: 0.9182 | val_loss: 0.4406
Epoch 512/1000 | train_loss: 0.5471 | miou: 0.7310 | f1_macro: 0.8315 | pixel_accuracy: 0.9185 | val_loss: 0.4531
Epoch 513/1000 | train_loss: 0.5855 | miou: 0.7149 | f1_macro: 0.8196 | pixel_accuracy: 0.9124 | val_loss: 0.3798
Epoch 514/1000 | train_loss: 0.5841 | miou: 0.7258 | f1_macro: 0.8282 | pixel_accuracy: 0.9177 | val_loss: 0.4179
Epoch 515/1000 | train_loss: 0.5447 | miou: 0.7317 | f1_macro: 0.8332 | pixel_accuracy: 0.9178 | val_loss: 0.4254
Epoch 516/1000 | train_loss: 0.5538 | miou: 0.7313 | f1_macro: 0.8324 | pixel_accuracy: 0.9193 | val_loss: 0.4548
Epoch 517/1000 | train_loss: 0.5603 | miou: 0.7293 | f1_macro: 0.8307 | pixel_accuracy: 0.9188 | val_loss: 0.3999
Epoch 518/1000 | train_loss: 0.5541 | miou: 0.7303 | f1_macro: 0.8326 | pixel_accuracy: 0.9165 | val_loss: 0.4401
Epoch 519/1000 | train_loss: 0.5429 | miou: 0.7283 | f1_macro: 0.8300 | pixel_accuracy: 0.9187 | val_loss: 0.4620
Epoch 520/1000 | train_loss: 0.5434 | miou: 0.7316 | f1_macro: 0.8322 | pixel_accuracy: 0.9206 | val_loss: 0.4236
Epoch 521/1000 | train_loss: 0.5578 | miou: 0.7366 | f1_macro: 0.8366 | pixel_accuracy: 0.9209 | val_loss: 0.4379
Epoch 522/1000 | train_loss: 0.5511 | miou: 0.7319 | f1_macro: 0.8331 | pixel_accuracy: 0.9189 | val_loss: 0.4233
Epoch 523/1000 | train_loss: 0.5534 | miou: 0.7374 | f1_macro: 0.8371 | pixel_accuracy: 0.9218 | val_loss: 0.4192
Epoch 524/1000 | train_loss: 0.5458 | miou: 0.7382 | f1_macro: 0.8376 | pixel_accuracy: 0.9219 | val_loss: 0.4313
Epoch 525/1000 | train_loss: 0.5682 | miou: 0.7293 | f1_macro: 0.8319 | pixel_accuracy: 0.9163 | val_loss: 0.3923
Epoch 526/1000 | train_loss: 0.5644 | miou: 0.7110 | f1_macro: 0.8182 | pixel_accuracy: 0.9055 | val_loss: 0.4445
Epoch 527/1000 | train_loss: 0.5882 | miou: 0.7245 | f1_macro: 0.8277 | pixel_accuracy: 0.9154 | val_loss: 0.4013
Epoch 528/1000 | train_loss: 0.5643 | miou: 0.7415 | f1_macro: 0.8400 | pixel_accuracy: 0.9235 | val_loss: 0.4045
Epoch 529/1000 | train_loss: 0.5552 | miou: 0.7350 | f1_macro: 0.8352 | pixel_accuracy: 0.9206 | val_loss: 0.3865
Epoch 530/1000 | train_loss: 0.5582 | miou: 0.7336 | f1_macro: 0.8342 | pixel_accuracy: 0.9206 | val_loss: 0.4227
Epoch 531/1000 | train_loss: 0.5511 | miou: 0.7318 | f1_macro: 0.8330 | pixel_accuracy: 0.9193 | val_loss: 0.4672
Epoch 532/1000 | train_loss: 0.5542 | miou: 0.7308 | f1_macro: 0.8325 | pixel_accuracy: 0.9186 | val_loss: 0.4236
Epoch 533/1000 | train_loss: 0.5491 | miou: 0.7253 | f1_macro: 0.8273 | pixel_accuracy: 0.9178 | val_loss: 0.4592
Epoch 534/1000 | train_loss: 0.5694 | miou: 0.7322 | f1_macro: 0.8335 | pixel_accuracy: 0.9184 | val_loss: 0.4405
Epoch 535/1000 | train_loss: 0.6285 | miou: 0.6745 | f1_macro: 0.7940 | pixel_accuracy: 0.8795 | val_loss: 0.5178
Epoch 536/1000 | train_loss: 0.6017 | miou: 0.7172 | f1_macro: 0.8223 | pixel_accuracy: 0.9123 | val_loss: 0.4103
Epoch 537/1000 | train_loss: 0.5717 | miou: 0.7300 | f1_macro: 0.8319 | pixel_accuracy: 0.9183 | val_loss: 0.4266
Epoch 538/1000 | train_loss: 0.5536 | miou: 0.7324 | f1_macro: 0.8340 | pixel_accuracy: 0.9179 | val_loss: 0.4292
Epoch 539/1000 | train_loss: 0.5514 | miou: 0.7359 | f1_macro: 0.8364 | pixel_accuracy: 0.9199 | val_loss: 0.3906
Epoch 540/1000 | train_loss: 0.5518 | miou: 0.7346 | f1_macro: 0.8356 | pixel_accuracy: 0.9193 | val_loss: 0.4216
Epoch 541/1000 | train_loss: 0.5583 | miou: 0.7293 | f1_macro: 0.8315 | pixel_accuracy: 0.9178 | val_loss: 0.4482
Epoch 542/1000 | train_loss: 0.5480 | miou: 0.7397 | f1_macro: 0.8390 | pixel_accuracy: 0.9216 | val_loss: 0.4141
Epoch 543/1000 | train_loss: 0.5579 | miou: 0.7289 | f1_macro: 0.8323 | pixel_accuracy: 0.9145 | val_loss: 0.4288
Epoch 544/1000 | train_loss: 0.5441 | miou: 0.7354 | f1_macro: 0.8356 | pixel_accuracy: 0.9207 | val_loss: 0.4349
Epoch 545/1000 | train_loss: 0.5607 | miou: 0.7428 | f1_macro: 0.8416 | pixel_accuracy: 0.9231 | val_loss: 0.4154
Epoch 546/1000 | train_loss: 0.5382 | miou: 0.7430 | f1_macro: 0.8416 | pixel_accuracy: 0.9224 | val_loss: 0.4488
Epoch 547/1000 | train_loss: 0.5536 | miou: 0.7336 | f1_macro: 0.8343 | pixel_accuracy: 0.9191 | val_loss: 0.4467
Epoch 548/1000 | train_loss: 0.5563 | miou: 0.7359 | f1_macro: 0.8359 | pixel_accuracy: 0.9214 | val_loss: 0.4653
Epoch 549/1000 | train_loss: 0.5483 | miou: 0.7344 | f1_macro: 0.8346 | pixel_accuracy: 0.9213 | val_loss: 0.4717
Epoch 550/1000 | train_loss: 0.5666 | miou: 0.7302 | f1_macro: 0.8315 | pixel_accuracy: 0.9188 | val_loss: 0.4893
Epoch 551/1000 | train_loss: 0.5465 | miou: 0.7355 | f1_macro: 0.8356 | pixel_accuracy: 0.9217 | val_loss: 0.4776
Epoch 552/1000 | train_loss: 0.5860 | miou: 0.6904 | f1_macro: 0.8010 | pixel_accuracy: 0.8991 | val_loss: 0.4492
Epoch 553/1000 | train_loss: 0.6068 | miou: 0.7225 | f1_macro: 0.8254 | pixel_accuracy: 0.9159 | val_loss: 0.4175
Epoch 554/1000 | train_loss: 0.5574 | miou: 0.7362 | f1_macro: 0.8359 | pixel_accuracy: 0.9213 | val_loss: 0.4208
Epoch 555/1000 | train_loss: 0.5459 | miou: 0.7395 | f1_macro: 0.8386 | pixel_accuracy: 0.9228 | val_loss: 0.4643
Epoch 556/1000 | train_loss: 0.5519 | miou: 0.7398 | f1_macro: 0.8386 | pixel_accuracy: 0.9232 | val_loss: 0.4533
Epoch 557/1000 | train_loss: 0.5416 | miou: 0.7360 | f1_macro: 0.8364 | pixel_accuracy: 0.9202 | val_loss: 0.4443
Epoch 558/1000 | train_loss: 0.5537 | miou: 0.7407 | f1_macro: 0.8398 | pixel_accuracy: 0.9227 | val_loss: 0.4053
Epoch 559/1000 | train_loss: 0.5439 | miou: 0.7387 | f1_macro: 0.8381 | pixel_accuracy: 0.9220 | val_loss: 0.4495
Epoch 560/1000 | train_loss: 0.5487 | miou: 0.7368 | f1_macro: 0.8365 | pixel_accuracy: 0.9215 | val_loss: 0.4749
Epoch 561/1000 | train_loss: 0.5544 | miou: 0.7374 | f1_macro: 0.8373 | pixel_accuracy: 0.9204 | val_loss: 0.4529
Epoch 562/1000 | train_loss: 0.5545 | miou: 0.7353 | f1_macro: 0.8354 | pixel_accuracy: 0.9211 | val_loss: 0.5007
Epoch 563/1000 | train_loss: 0.5434 | miou: 0.7300 | f1_macro: 0.8313 | pixel_accuracy: 0.9188 | val_loss: 0.4452
Epoch 564/1000 | train_loss: 0.5409 | miou: 0.7337 | f1_macro: 0.8342 | pixel_accuracy: 0.9205 | val_loss: 0.4688
Epoch 565/1000 | train_loss: 0.5447 | miou: 0.7355 | f1_macro: 0.8357 | pixel_accuracy: 0.9210 | val_loss: 0.4347
Epoch 566/1000 | train_loss: 0.5496 | miou: 0.7309 | f1_macro: 0.8324 | pixel_accuracy: 0.9182 | val_loss: 0.4487
Epoch 567/1000 | train_loss: 0.5545 | miou: 0.7162 | f1_macro: 0.8228 | pixel_accuracy: 0.9086 | val_loss: 0.4847
Epoch 568/1000 | train_loss: 0.5410 | miou: 0.7269 | f1_macro: 0.8298 | pixel_accuracy: 0.9157 | val_loss: 0.4705
Epoch 569/1000 | train_loss: 0.5522 | miou: 0.7348 | f1_macro: 0.8349 | pixel_accuracy: 0.9213 | val_loss: 0.4746
Epoch 570/1000 | train_loss: 0.5574 | miou: 0.7268 | f1_macro: 0.8294 | pixel_accuracy: 0.9167 | val_loss: 0.4426
Epoch 571/1000 | train_loss: 0.5492 | miou: 0.7413 | f1_macro: 0.8400 | pixel_accuracy: 0.9233 | val_loss: 0.4535
Epoch 572/1000 | train_loss: 0.5369 | miou: 0.7263 | f1_macro: 0.8294 | pixel_accuracy: 0.9155 | val_loss: 0.4936
Epoch 573/1000 | train_loss: 0.5425 | miou: 0.7361 | f1_macro: 0.8361 | pixel_accuracy: 0.9211 | val_loss: 0.4905
Epoch 574/1000 | train_loss: 0.5415 | miou: 0.7289 | f1_macro: 0.8310 | pixel_accuracy: 0.9177 | val_loss: 0.5051
Epoch 575/1000 | train_loss: 0.5410 | miou: 0.7385 | f1_macro: 0.8383 | pixel_accuracy: 0.9209 | val_loss: 0.4746
Epoch 576/1000 | train_loss: 0.5513 | miou: 0.7395 | f1_macro: 0.8389 | pixel_accuracy: 0.9220 | val_loss: 0.4475
Epoch 577/1000 | train_loss: 0.5423 | miou: 0.7395 | f1_macro: 0.8384 | pixel_accuracy: 0.9228 | val_loss: 0.4861
Epoch 578/1000 | train_loss: 0.5566 | miou: 0.7166 | f1_macro: 0.8211 | pixel_accuracy: 0.9128 | val_loss: 0.4869
Epoch 579/1000 | train_loss: 0.5615 | miou: 0.7345 | f1_macro: 0.8349 | pixel_accuracy: 0.9199 | val_loss: 0.4360
Epoch 580/1000 | train_loss: 0.5524 | miou: 0.7360 | f1_macro: 0.8357 | pixel_accuracy: 0.9212 | val_loss: 0.4642
Epoch 581/1000 | train_loss: 0.5645 | miou: 0.7091 | f1_macro: 0.8152 | pixel_accuracy: 0.9112 | val_loss: 0.4378
Epoch 582/1000 | train_loss: 0.5800 | miou: 0.7172 | f1_macro: 0.8203 | pixel_accuracy: 0.9152 | val_loss: 0.4484
Epoch 583/1000 | train_loss: 0.5491 | miou: 0.7317 | f1_macro: 0.8328 | pixel_accuracy: 0.9194 | val_loss: 0.4540
Epoch 584/1000 | train_loss: 0.5502 | miou: 0.7321 | f1_macro: 0.8333 | pixel_accuracy: 0.9197 | val_loss: 0.4873
Epoch 585/1000 | train_loss: 0.5513 | miou: 0.7316 | f1_macro: 0.8330 | pixel_accuracy: 0.9187 | val_loss: 0.4758
Epoch 586/1000 | train_loss: 0.5398 | miou: 0.7313 | f1_macro: 0.8321 | pixel_accuracy: 0.9195 | val_loss: 0.4979
Epoch 587/1000 | train_loss: 0.5598 | miou: 0.7394 | f1_macro: 0.8384 | pixel_accuracy: 0.9229 | val_loss: 0.4769
Epoch 588/1000 | train_loss: 0.5379 | miou: 0.7389 | f1_macro: 0.8381 | pixel_accuracy: 0.9222 | val_loss: 0.4687
Epoch 589/1000 | train_loss: 0.5478 | miou: 0.7421 | f1_macro: 0.8409 | pixel_accuracy: 0.9224 | val_loss: 0.4386
Epoch 590/1000 | train_loss: 0.5379 | miou: 0.7395 | f1_macro: 0.8387 | pixel_accuracy: 0.9222 | val_loss: 0.5046
Epoch 591/1000 | train_loss: 0.5662 | miou: 0.7045 | f1_macro: 0.8120 | pixel_accuracy: 0.9068 | val_loss: 0.5081
Epoch 592/1000 | train_loss: 0.5598 | miou: 0.7321 | f1_macro: 0.8329 | pixel_accuracy: 0.9199 | val_loss: 0.4507
Epoch 593/1000 | train_loss: 0.5329 | miou: 0.7373 | f1_macro: 0.8367 | pixel_accuracy: 0.9223 | val_loss: 0.4728
Epoch 594/1000 | train_loss: 0.5495 | miou: 0.7351 | f1_macro: 0.8351 | pixel_accuracy: 0.9216 | val_loss: 0.4568
Epoch 595/1000 | train_loss: 0.5493 | miou: 0.7377 | f1_macro: 0.8370 | pixel_accuracy: 0.9227 | val_loss: 0.4544
Epoch 596/1000 | train_loss: 0.5510 | miou: 0.7435 | f1_macro: 0.8416 | pixel_accuracy: 0.9242 | val_loss: 0.4350
Epoch 597/1000 | train_loss: 0.5462 | miou: 0.7418 | f1_macro: 0.8404 | pixel_accuracy: 0.9232 | val_loss: 0.4465
Epoch 598/1000 | train_loss: 0.5419 | miou: 0.7416 | f1_macro: 0.8406 | pixel_accuracy: 0.9222 | val_loss: 0.4572
Epoch 599/1000 | train_loss: 0.5424 | miou: 0.7388 | f1_macro: 0.8381 | pixel_accuracy: 0.9226 | val_loss: 0.4282
Epoch 600/1000 | train_loss: 0.5492 | miou: 0.7371 | f1_macro: 0.8373 | pixel_accuracy: 0.9200 | val_loss: 0.4541
Epoch 601/1000 | train_loss: 0.5445 | miou: 0.7417 | f1_macro: 0.8403 | pixel_accuracy: 0.9238 | val_loss: 0.4783
Epoch 602/1000 | train_loss: 0.5472 | miou: 0.7362 | f1_macro: 0.8359 | pixel_accuracy: 0.9220 | val_loss: 0.4626
Epoch 603/1000 | train_loss: 0.6501 | miou: 0.6960 | f1_macro: 0.8064 | pixel_accuracy: 0.8984 | val_loss: 0.4326
Epoch 604/1000 | train_loss: 0.6095 | miou: 0.7171 | f1_macro: 0.8220 | pixel_accuracy: 0.9123 | val_loss: 0.4718
Epoch 605/1000 | train_loss: 0.5777 | miou: 0.7153 | f1_macro: 0.8221 | pixel_accuracy: 0.9087 | val_loss: 0.4410
Epoch 606/1000 | train_loss: 0.5619 | miou: 0.7357 | f1_macro: 0.8364 | pixel_accuracy: 0.9193 | val_loss: 0.4376
Epoch 607/1000 | train_loss: 0.5516 | miou: 0.7367 | f1_macro: 0.8368 | pixel_accuracy: 0.9211 | val_loss: 0.4348
Epoch 608/1000 | train_loss: 0.5583 | miou: 0.7360 | f1_macro: 0.8367 | pixel_accuracy: 0.9195 | val_loss: 0.4424
Epoch 609/1000 | train_loss: 0.5320 | miou: 0.7376 | f1_macro: 0.8378 | pixel_accuracy: 0.9206 | val_loss: 0.5004
Epoch 610/1000 | train_loss: 0.5475 | miou: 0.7333 | f1_macro: 0.8348 | pixel_accuracy: 0.9180 | val_loss: 0.4461
Epoch 611/1000 | train_loss: 0.5417 | miou: 0.7377 | f1_macro: 0.8375 | pixel_accuracy: 0.9205 | val_loss: 0.4671
Epoch 612/1000 | train_loss: 0.5341 | miou: 0.7355 | f1_macro: 0.8356 | pixel_accuracy: 0.9207 | val_loss: 0.4736
Epoch 613/1000 | train_loss: 0.5408 | miou: 0.7401 | f1_macro: 0.8392 | pixel_accuracy: 0.9223 | val_loss: 0.4727
Epoch 614/1000 | train_loss: 0.5318 | miou: 0.7347 | f1_macro: 0.8351 | pixel_accuracy: 0.9204 | val_loss: 0.4563
Epoch 615/1000 | train_loss: 0.5443 | miou: 0.7390 | f1_macro: 0.8382 | pixel_accuracy: 0.9222 | val_loss: 0.4933
Epoch 616/1000 | train_loss: 0.5398 | miou: 0.7265 | f1_macro: 0.8294 | pixel_accuracy: 0.9159 | val_loss: 0.4625
Epoch 617/1000 | train_loss: 0.5601 | miou: 0.7245 | f1_macro: 0.8287 | pixel_accuracy: 0.9132 | val_loss: 0.4086
Epoch 618/1000 | train_loss: 0.5727 | miou: 0.7038 | f1_macro: 0.8137 | pixel_accuracy: 0.9028 | val_loss: 0.5074
Epoch 619/1000 | train_loss: 0.5659 | miou: 0.7245 | f1_macro: 0.8295 | pixel_accuracy: 0.9112 | val_loss: 0.4276
Epoch 620/1000 | train_loss: 0.5454 | miou: 0.7349 | f1_macro: 0.8365 | pixel_accuracy: 0.9176 | val_loss: 0.4103
Epoch 621/1000 | train_loss: 0.5482 | miou: 0.7246 | f1_macro: 0.8283 | pixel_accuracy: 0.9141 | val_loss: 0.4858
Epoch 622/1000 | train_loss: 0.5400 | miou: 0.7315 | f1_macro: 0.8330 | pixel_accuracy: 0.9180 | val_loss: 0.4564
Epoch 623/1000 | train_loss: 0.5422 | miou: 0.7381 | f1_macro: 0.8380 | pixel_accuracy: 0.9208 | val_loss: 0.4542
Epoch 624/1000 | train_loss: 0.5389 | miou: 0.7395 | f1_macro: 0.8391 | pixel_accuracy: 0.9213 | val_loss: 0.4501
Epoch 625/1000 | train_loss: 0.5459 | miou: 0.7279 | f1_macro: 0.8305 | pixel_accuracy: 0.9164 | val_loss: 0.4708
Epoch 626/1000 | train_loss: 0.5634 | miou: 0.7328 | f1_macro: 0.8339 | pixel_accuracy: 0.9192 | val_loss: 0.4585
Epoch 627/1000 | train_loss: 0.5417 | miou: 0.7409 | f1_macro: 0.8403 | pixel_accuracy: 0.9217 | val_loss: 0.4694
Epoch 628/1000 | train_loss: 0.5433 | miou: 0.7326 | f1_macro: 0.8341 | pixel_accuracy: 0.9181 | val_loss: 0.4773
Epoch 629/1000 | train_loss: 0.5426 | miou: 0.7350 | f1_macro: 0.8356 | pixel_accuracy: 0.9201 | val_loss: 0.4763
Early stopping at epoch 629 (patience=300)
Training complete. Best val_loss: 0.3398
Training complete for unet-merged
