==========================================
Job ID: 3160945
Node: gput063
GPU: 0
Experiment: configs/experiment/deeplabv3_merged.yaml
Run Name: deeplabv3-merged
==========================================
Sun Feb 22 16:04:20 2026       
+-----------------------------------------------------------------------------------------+
| NVIDIA-SMI 570.158.01             Driver Version: 570.158.01     CUDA Version: 12.8     |
|-----------------------------------------+------------------------+----------------------+
| GPU  Name                 Persistence-M | Bus-Id          Disp.A | Volatile Uncorr. ECC |
| Fan  Temp   Perf          Pwr:Usage/Cap |           Memory-Usage | GPU-Util  Compute M. |
|                                         |                        |               MIG M. |
|=========================================+========================+======================|
|   0  NVIDIA L40S                    On  |   00000000:E1:00.0 Off |                    0 |
| N/A   25C    P8             31W /  350W |       0MiB /  46068MiB |      0%      Default |
|                                         |                        |                  N/A |
+-----------------------------------------+------------------------+----------------------+
                                                                                         
+-----------------------------------------------------------------------------------------+
| Processes:                                                                              |
|  GPU   GI   CI              PID   Type   Process name                        GPU Memory |
|        ID   ID                                                               Usage      |
|=========================================================================================|
|  No running processes found                                                             |
+-----------------------------------------------------------------------------------------+
Split: 110 train / 20 val (from 130 total)
Model: deeplabv3
Trainable parameters: 39,635,014
Epoch 1/1000 | train_loss: 1.2793 | miou: 0.2564 | f1_macro: 0.3586 | pixel_accuracy: 0.5465 | val_loss: 1.6861
Epoch 2/1000 | train_loss: 1.0068 | miou: 0.5049 | f1_macro: 0.6040 | pixel_accuracy: 0.8324 | val_loss: 0.5793
Epoch 3/1000 | train_loss: 0.8971 | miou: 0.4556 | f1_macro: 0.5738 | pixel_accuracy: 0.7680 | val_loss: 0.7399
Epoch 4/1000 | train_loss: 0.8392 | miou: 0.4955 | f1_macro: 0.6110 | pixel_accuracy: 0.7938 | val_loss: 0.6721
Epoch 5/1000 | train_loss: 0.8141 | miou: 0.4947 | f1_macro: 0.6203 | pixel_accuracy: 0.7897 | val_loss: 0.6764
Epoch 6/1000 | train_loss: 0.7319 | miou: 0.4682 | f1_macro: 0.6037 | pixel_accuracy: 0.7546 | val_loss: 0.7537
Epoch 7/1000 | train_loss: 0.7379 | miou: 0.3907 | f1_macro: 0.5285 | pixel_accuracy: 0.6750 | val_loss: 1.1009
Epoch 8/1000 | train_loss: 0.7009 | miou: 0.4772 | f1_macro: 0.6161 | pixel_accuracy: 0.7530 | val_loss: 0.7131
Epoch 9/1000 | train_loss: 0.6998 | miou: 0.5067 | f1_macro: 0.6481 | pixel_accuracy: 0.7721 | val_loss: 0.7118
Epoch 10/1000 | train_loss: 0.6748 | miou: 0.3544 | f1_macro: 0.5063 | pixel_accuracy: 0.5949 | val_loss: 1.2260
Epoch 11/1000 | train_loss: 0.6448 | miou: 0.5311 | f1_macro: 0.6691 | pixel_accuracy: 0.8039 | val_loss: 0.6309
Epoch 12/1000 | train_loss: 0.6090 | miou: 0.4584 | f1_macro: 0.6034 | pixel_accuracy: 0.7413 | val_loss: 0.8521
Epoch 13/1000 | train_loss: 0.6242 | miou: 0.5717 | f1_macro: 0.7118 | pixel_accuracy: 0.8153 | val_loss: 0.5755
Epoch 14/1000 | train_loss: 0.6214 | miou: 0.5529 | f1_macro: 0.6964 | pixel_accuracy: 0.7986 | val_loss: 0.6341
Epoch 15/1000 | train_loss: 0.5836 | miou: 0.4295 | f1_macro: 0.5832 | pixel_accuracy: 0.6840 | val_loss: 0.9391
Epoch 16/1000 | train_loss: 0.6086 | miou: 0.5433 | f1_macro: 0.6743 | pixel_accuracy: 0.8226 | val_loss: 0.5987
Epoch 17/1000 | train_loss: 0.6241 | miou: 0.6078 | f1_macro: 0.7376 | pixel_accuracy: 0.8523 | val_loss: 0.4983
Epoch 18/1000 | train_loss: 0.6276 | miou: 0.5667 | f1_macro: 0.7094 | pixel_accuracy: 0.8034 | val_loss: 0.6265
Epoch 19/1000 | train_loss: 0.5874 | miou: 0.5593 | f1_macro: 0.6995 | pixel_accuracy: 0.8077 | val_loss: 0.5932
Epoch 20/1000 | train_loss: 0.5972 | miou: 0.6029 | f1_macro: 0.7375 | pixel_accuracy: 0.8329 | val_loss: 0.5506
Epoch 21/1000 | train_loss: 0.5914 | miou: 0.5589 | f1_macro: 0.6969 | pixel_accuracy: 0.8193 | val_loss: 0.6292
Epoch 22/1000 | train_loss: 0.5700 | miou: 0.5345 | f1_macro: 0.6642 | pixel_accuracy: 0.8148 | val_loss: 0.6201
Epoch 23/1000 | train_loss: 0.5890 | miou: 0.5651 | f1_macro: 0.7026 | pixel_accuracy: 0.8186 | val_loss: 0.5969
Epoch 24/1000 | train_loss: 0.5795 | miou: 0.5116 | f1_macro: 0.6525 | pixel_accuracy: 0.7806 | val_loss: 0.7323
Epoch 25/1000 | train_loss: 0.5629 | miou: 0.5380 | f1_macro: 0.6808 | pixel_accuracy: 0.7924 | val_loss: 0.6606
Epoch 26/1000 | train_loss: 0.5661 | miou: 0.5908 | f1_macro: 0.7282 | pixel_accuracy: 0.8255 | val_loss: 0.5691
Epoch 27/1000 | train_loss: 0.5326 | miou: 0.5812 | f1_macro: 0.7163 | pixel_accuracy: 0.8242 | val_loss: 0.5751
Epoch 28/1000 | train_loss: 0.5390 | miou: 0.6059 | f1_macro: 0.7392 | pixel_accuracy: 0.8347 | val_loss: 0.5406
Epoch 29/1000 | train_loss: 0.5817 | miou: 0.5974 | f1_macro: 0.7220 | pixel_accuracy: 0.8605 | val_loss: 0.5064
Epoch 30/1000 | train_loss: 0.5570 | miou: 0.5995 | f1_macro: 0.7343 | pixel_accuracy: 0.8342 | val_loss: 0.5586
Epoch 31/1000 | train_loss: 0.5382 | miou: 0.5834 | f1_macro: 0.7217 | pixel_accuracy: 0.8228 | val_loss: 0.6209
Epoch 32/1000 | train_loss: 0.5365 | miou: 0.5609 | f1_macro: 0.6863 | pixel_accuracy: 0.8413 | val_loss: 0.5749
Epoch 33/1000 | train_loss: 0.5347 | miou: 0.6385 | f1_macro: 0.7604 | pixel_accuracy: 0.8689 | val_loss: 0.4515
Epoch 34/1000 | train_loss: 0.5177 | miou: 0.6274 | f1_macro: 0.7601 | pixel_accuracy: 0.8400 | val_loss: 0.4964
Epoch 35/1000 | train_loss: 0.5417 | miou: 0.6288 | f1_macro: 0.7611 | pixel_accuracy: 0.8441 | val_loss: 0.4883
Epoch 36/1000 | train_loss: 0.5296 | miou: 0.5893 | f1_macro: 0.7291 | pixel_accuracy: 0.8199 | val_loss: 0.5576
Epoch 37/1000 | train_loss: 0.5236 | miou: 0.5638 | f1_macro: 0.7034 | pixel_accuracy: 0.8176 | val_loss: 0.5837
Epoch 38/1000 | train_loss: 0.5229 | miou: 0.5312 | f1_macro: 0.6806 | pixel_accuracy: 0.7679 | val_loss: 0.7110
Epoch 39/1000 | train_loss: 0.5185 | miou: 0.5768 | f1_macro: 0.7180 | pixel_accuracy: 0.8124 | val_loss: 0.6093
Epoch 40/1000 | train_loss: 0.5187 | miou: 0.6044 | f1_macro: 0.7396 | pixel_accuracy: 0.8349 | val_loss: 0.5202
Epoch 41/1000 | train_loss: 0.5071 | miou: 0.5723 | f1_macro: 0.7095 | pixel_accuracy: 0.8248 | val_loss: 0.5766
Epoch 42/1000 | train_loss: 0.5086 | miou: 0.5922 | f1_macro: 0.7302 | pixel_accuracy: 0.8257 | val_loss: 0.5732
Epoch 43/1000 | train_loss: 0.5182 | miou: 0.6492 | f1_macro: 0.7697 | pixel_accuracy: 0.8726 | val_loss: 0.4328
Epoch 44/1000 | train_loss: 0.5137 | miou: 0.6663 | f1_macro: 0.7872 | pixel_accuracy: 0.8750 | val_loss: 0.4286
Epoch 45/1000 | train_loss: 0.5224 | miou: 0.5682 | f1_macro: 0.7007 | pixel_accuracy: 0.8309 | val_loss: 0.5944
Epoch 46/1000 | train_loss: 0.4859 | miou: 0.5967 | f1_macro: 0.7329 | pixel_accuracy: 0.8305 | val_loss: 0.5551
Epoch 47/1000 | train_loss: 0.4962 | miou: 0.5679 | f1_macro: 0.7121 | pixel_accuracy: 0.8021 | val_loss: 0.6604
Epoch 48/1000 | train_loss: 0.5234 | miou: 0.6241 | f1_macro: 0.7570 | pixel_accuracy: 0.8390 | val_loss: 0.5129
Epoch 49/1000 | train_loss: 0.5279 | miou: 0.6122 | f1_macro: 0.7467 | pixel_accuracy: 0.8390 | val_loss: 0.5377
Epoch 50/1000 | train_loss: 0.5457 | miou: 0.5788 | f1_macro: 0.7070 | pixel_accuracy: 0.8388 | val_loss: 0.5578
Epoch 51/1000 | train_loss: 0.5053 | miou: 0.5731 | f1_macro: 0.7133 | pixel_accuracy: 0.8115 | val_loss: 0.7466
Epoch 52/1000 | train_loss: 0.5083 | miou: 0.5740 | f1_macro: 0.7127 | pixel_accuracy: 0.8197 | val_loss: 0.6581
Epoch 53/1000 | train_loss: 0.4848 | miou: 0.5745 | f1_macro: 0.7066 | pixel_accuracy: 0.8244 | val_loss: 0.6309
Epoch 54/1000 | train_loss: 0.4915 | miou: 0.5895 | f1_macro: 0.7335 | pixel_accuracy: 0.7996 | val_loss: 0.6991
Epoch 55/1000 | train_loss: 0.4842 | miou: 0.5779 | f1_macro: 0.7219 | pixel_accuracy: 0.8024 | val_loss: 0.7237
Epoch 56/1000 | train_loss: 0.4820 | miou: 0.6207 | f1_macro: 0.7508 | pixel_accuracy: 0.8498 | val_loss: 0.5662
Epoch 57/1000 | train_loss: 0.5072 | miou: 0.4761 | f1_macro: 0.6151 | pixel_accuracy: 0.7639 | val_loss: 0.8868
Epoch 58/1000 | train_loss: 0.4893 | miou: 0.5822 | f1_macro: 0.7245 | pixel_accuracy: 0.8095 | val_loss: 0.6834
Epoch 59/1000 | train_loss: 0.5066 | miou: 0.6176 | f1_macro: 0.7488 | pixel_accuracy: 0.8479 | val_loss: 0.5252
Epoch 60/1000 | train_loss: 0.5072 | miou: 0.6029 | f1_macro: 0.7381 | pixel_accuracy: 0.8351 | val_loss: 0.5633
Epoch 61/1000 | train_loss: 0.4769 | miou: 0.6021 | f1_macro: 0.7329 | pixel_accuracy: 0.8460 | val_loss: 0.5597
Epoch 62/1000 | train_loss: 0.4942 | miou: 0.5869 | f1_macro: 0.7223 | pixel_accuracy: 0.8265 | val_loss: 0.6545
Epoch 63/1000 | train_loss: 0.4840 | miou: 0.5946 | f1_macro: 0.7359 | pixel_accuracy: 0.8078 | val_loss: 0.7167
Epoch 64/1000 | train_loss: 0.4766 | miou: 0.5470 | f1_macro: 0.6987 | pixel_accuracy: 0.7658 | val_loss: 0.8672
Epoch 65/1000 | train_loss: 0.4666 | miou: 0.4982 | f1_macro: 0.6516 | pixel_accuracy: 0.7526 | val_loss: 0.9632
Epoch 66/1000 | train_loss: 0.5064 | miou: 0.5459 | f1_macro: 0.6882 | pixel_accuracy: 0.7939 | val_loss: 0.8740
Epoch 67/1000 | train_loss: 0.4942 | miou: 0.5834 | f1_macro: 0.7253 | pixel_accuracy: 0.8052 | val_loss: 0.7063
Epoch 68/1000 | train_loss: 0.4945 | miou: 0.5266 | f1_macro: 0.6807 | pixel_accuracy: 0.7512 | val_loss: 1.0092
Epoch 69/1000 | train_loss: 0.4655 | miou: 0.5595 | f1_macro: 0.7087 | pixel_accuracy: 0.7848 | val_loss: 0.8641
Epoch 70/1000 | train_loss: 0.4963 | miou: 0.5923 | f1_macro: 0.7321 | pixel_accuracy: 0.8130 | val_loss: 0.7109
Epoch 71/1000 | train_loss: 0.5023 | miou: 0.5692 | f1_macro: 0.7119 | pixel_accuracy: 0.8028 | val_loss: 0.6881
Epoch 72/1000 | train_loss: 0.4553 | miou: 0.5822 | f1_macro: 0.7226 | pixel_accuracy: 0.8142 | val_loss: 0.7516
Epoch 73/1000 | train_loss: 0.4746 | miou: 0.5988 | f1_macro: 0.7414 | pixel_accuracy: 0.8110 | val_loss: 0.6854
Epoch 74/1000 | train_loss: 0.4773 | miou: 0.5605 | f1_macro: 0.7039 | pixel_accuracy: 0.7982 | val_loss: 0.7841
Epoch 75/1000 | train_loss: 0.4607 | miou: 0.4924 | f1_macro: 0.6452 | pixel_accuracy: 0.7328 | val_loss: 1.0859
Epoch 76/1000 | train_loss: 0.4839 | miou: 0.5697 | f1_macro: 0.7104 | pixel_accuracy: 0.8076 | val_loss: 0.7696
Epoch 77/1000 | train_loss: 0.4599 | miou: 0.6093 | f1_macro: 0.7450 | pixel_accuracy: 0.8326 | val_loss: 0.6322
Epoch 78/1000 | train_loss: 0.4788 | miou: 0.5807 | f1_macro: 0.7238 | pixel_accuracy: 0.8080 | val_loss: 0.7518
Epoch 79/1000 | train_loss: 0.4788 | miou: 0.5198 | f1_macro: 0.6744 | pixel_accuracy: 0.7375 | val_loss: 0.9546
Epoch 80/1000 | train_loss: 0.4540 | miou: 0.5565 | f1_macro: 0.7086 | pixel_accuracy: 0.7703 | val_loss: 0.9365
Epoch 81/1000 | train_loss: 0.4564 | miou: 0.5905 | f1_macro: 0.7309 | pixel_accuracy: 0.8094 | val_loss: 0.7965
Epoch 82/1000 | train_loss: 0.4851 | miou: 0.5464 | f1_macro: 0.6978 | pixel_accuracy: 0.7744 | val_loss: 0.9120
Epoch 83/1000 | train_loss: 0.4697 | miou: 0.5304 | f1_macro: 0.6814 | pixel_accuracy: 0.7615 | val_loss: 0.9645
Epoch 84/1000 | train_loss: 0.4622 | miou: 0.6054 | f1_macro: 0.7445 | pixel_accuracy: 0.8237 | val_loss: 0.7052
Epoch 85/1000 | train_loss: 0.4771 | miou: 0.5896 | f1_macro: 0.7311 | pixel_accuracy: 0.8136 | val_loss: 0.8571
Epoch 86/1000 | train_loss: 0.4940 | miou: 0.6205 | f1_macro: 0.7581 | pixel_accuracy: 0.8286 | val_loss: 0.6531
Epoch 87/1000 | train_loss: 0.4784 | miou: 0.5954 | f1_macro: 0.7407 | pixel_accuracy: 0.7964 | val_loss: 0.7836
Epoch 88/1000 | train_loss: 0.4766 | miou: 0.5472 | f1_macro: 0.6927 | pixel_accuracy: 0.7943 | val_loss: 0.9055
Epoch 89/1000 | train_loss: 0.4664 | miou: 0.5645 | f1_macro: 0.7131 | pixel_accuracy: 0.7823 | val_loss: 0.8320
Epoch 90/1000 | train_loss: 0.4715 | miou: 0.6140 | f1_macro: 0.7467 | pixel_accuracy: 0.8460 | val_loss: 0.5965
Epoch 91/1000 | train_loss: 0.4549 | miou: 0.6148 | f1_macro: 0.7381 | pixel_accuracy: 0.8580 | val_loss: 0.5071
Epoch 92/1000 | train_loss: 0.4750 | miou: 0.5668 | f1_macro: 0.7098 | pixel_accuracy: 0.8005 | val_loss: 0.7460
Epoch 93/1000 | train_loss: 0.4747 | miou: 0.5894 | f1_macro: 0.7262 | pixel_accuracy: 0.8256 | val_loss: 0.6617
Epoch 94/1000 | train_loss: 0.4608 | miou: 0.6111 | f1_macro: 0.7479 | pixel_accuracy: 0.8290 | val_loss: 0.6784
Epoch 95/1000 | train_loss: 0.4894 | miou: 0.6162 | f1_macro: 0.7535 | pixel_accuracy: 0.8288 | val_loss: 0.6633
Epoch 96/1000 | train_loss: 0.4674 | miou: 0.6190 | f1_macro: 0.7534 | pixel_accuracy: 0.8371 | val_loss: 0.6036
Epoch 97/1000 | train_loss: 0.4542 | miou: 0.5349 | f1_macro: 0.6869 | pixel_accuracy: 0.7659 | val_loss: 0.9849
Epoch 98/1000 | train_loss: 0.4554 | miou: 0.6060 | f1_macro: 0.7422 | pixel_accuracy: 0.8243 | val_loss: 0.6849
Epoch 99/1000 | train_loss: 0.4586 | miou: 0.5387 | f1_macro: 0.6924 | pixel_accuracy: 0.7582 | val_loss: 0.9585
Epoch 100/1000 | train_loss: 0.4459 | miou: 0.5235 | f1_macro: 0.6749 | pixel_accuracy: 0.7597 | val_loss: 0.9827
Epoch 101/1000 | train_loss: 0.4658 | miou: 0.5723 | f1_macro: 0.7213 | pixel_accuracy: 0.7864 | val_loss: 0.8337
Epoch 102/1000 | train_loss: 0.4481 | miou: 0.5482 | f1_macro: 0.7007 | pixel_accuracy: 0.7717 | val_loss: 0.9442
Epoch 103/1000 | train_loss: 0.4636 | miou: 0.5505 | f1_macro: 0.7003 | pixel_accuracy: 0.7817 | val_loss: 0.9250
Epoch 104/1000 | train_loss: 0.4650 | miou: 0.5743 | f1_macro: 0.7153 | pixel_accuracy: 0.8120 | val_loss: 0.8083
Epoch 105/1000 | train_loss: 0.4430 | miou: 0.5811 | f1_macro: 0.7222 | pixel_accuracy: 0.8115 | val_loss: 0.8033
Epoch 106/1000 | train_loss: 0.4661 | miou: 0.6248 | f1_macro: 0.7616 | pixel_accuracy: 0.8301 | val_loss: 0.6256
Epoch 107/1000 | train_loss: 0.4293 | miou: 0.6050 | f1_macro: 0.7457 | pixel_accuracy: 0.8153 | val_loss: 0.7476
Epoch 108/1000 | train_loss: 0.4490 | miou: 0.6190 | f1_macro: 0.7554 | pixel_accuracy: 0.8319 | val_loss: 0.6962
Epoch 109/1000 | train_loss: 0.4413 | miou: 0.6359 | f1_macro: 0.7608 | pixel_accuracy: 0.8582 | val_loss: 0.5171
Epoch 110/1000 | train_loss: 0.4485 | miou: 0.6156 | f1_macro: 0.7484 | pixel_accuracy: 0.8387 | val_loss: 0.6304
Epoch 111/1000 | train_loss: 0.4558 | miou: 0.5759 | f1_macro: 0.7200 | pixel_accuracy: 0.8033 | val_loss: 0.8495
Epoch 112/1000 | train_loss: 0.4360 | miou: 0.6051 | f1_macro: 0.7404 | pixel_accuracy: 0.8373 | val_loss: 0.6870
Epoch 113/1000 | train_loss: 0.4369 | miou: 0.5636 | f1_macro: 0.7054 | pixel_accuracy: 0.8046 | val_loss: 0.7885
Epoch 114/1000 | train_loss: 0.4953 | miou: 0.4877 | f1_macro: 0.6371 | pixel_accuracy: 0.7464 | val_loss: 1.0260
Epoch 115/1000 | train_loss: 0.4305 | miou: 0.5122 | f1_macro: 0.6689 | pixel_accuracy: 0.7424 | val_loss: 1.1563
Epoch 116/1000 | train_loss: 0.4693 | miou: 0.6015 | f1_macro: 0.7392 | pixel_accuracy: 0.8259 | val_loss: 0.6632
Epoch 117/1000 | train_loss: 0.4660 | miou: 0.5500 | f1_macro: 0.7033 | pixel_accuracy: 0.7608 | val_loss: 0.9407
Epoch 118/1000 | train_loss: 0.4440 | miou: 0.6218 | f1_macro: 0.7541 | pixel_accuracy: 0.8371 | val_loss: 0.6193
Epoch 119/1000 | train_loss: 0.4561 | miou: 0.6339 | f1_macro: 0.7680 | pixel_accuracy: 0.8388 | val_loss: 0.6126
Epoch 120/1000 | train_loss: 0.4500 | miou: 0.6398 | f1_macro: 0.7709 | pixel_accuracy: 0.8498 | val_loss: 0.5911
Epoch 121/1000 | train_loss: 0.4402 | miou: 0.6309 | f1_macro: 0.7627 | pixel_accuracy: 0.8412 | val_loss: 0.5990
Epoch 122/1000 | train_loss: 0.4448 | miou: 0.6267 | f1_macro: 0.7553 | pixel_accuracy: 0.8555 | val_loss: 0.5785
Epoch 123/1000 | train_loss: 0.4572 | miou: 0.6176 | f1_macro: 0.7491 | pixel_accuracy: 0.8423 | val_loss: 0.6022
Epoch 124/1000 | train_loss: 0.4434 | miou: 0.6047 | f1_macro: 0.7398 | pixel_accuracy: 0.8373 | val_loss: 0.5922
Epoch 125/1000 | train_loss: 0.4300 | miou: 0.6238 | f1_macro: 0.7577 | pixel_accuracy: 0.8355 | val_loss: 0.5928
Epoch 126/1000 | train_loss: 0.4579 | miou: 0.5258 | f1_macro: 0.6787 | pixel_accuracy: 0.7550 | val_loss: 1.0532
Epoch 127/1000 | train_loss: 0.4453 | miou: 0.6455 | f1_macro: 0.7747 | pixel_accuracy: 0.8505 | val_loss: 0.6219
Epoch 128/1000 | train_loss: 0.4430 | miou: 0.6465 | f1_macro: 0.7768 | pixel_accuracy: 0.8478 | val_loss: 0.6081
Epoch 129/1000 | train_loss: 0.4603 | miou: 0.6442 | f1_macro: 0.7683 | pixel_accuracy: 0.8656 | val_loss: 0.5816
Epoch 130/1000 | train_loss: 0.4555 | miou: 0.6102 | f1_macro: 0.7462 | pixel_accuracy: 0.8270 | val_loss: 0.7166
Epoch 131/1000 | train_loss: 0.4455 | miou: 0.5858 | f1_macro: 0.7256 | pixel_accuracy: 0.8109 | val_loss: 0.7601
Epoch 132/1000 | train_loss: 0.4526 | miou: 0.5920 | f1_macro: 0.7362 | pixel_accuracy: 0.7961 | val_loss: 0.8165
Epoch 133/1000 | train_loss: 0.4484 | miou: 0.6061 | f1_macro: 0.7437 | pixel_accuracy: 0.8264 | val_loss: 0.6667
Epoch 134/1000 | train_loss: 0.4404 | miou: 0.6031 | f1_macro: 0.7403 | pixel_accuracy: 0.8249 | val_loss: 0.6603
Epoch 135/1000 | train_loss: 0.4396 | miou: 0.6257 | f1_macro: 0.7573 | pixel_accuracy: 0.8423 | val_loss: 0.6449
Epoch 136/1000 | train_loss: 0.4411 | miou: 0.5970 | f1_macro: 0.7382 | pixel_accuracy: 0.8162 | val_loss: 0.7701
Epoch 137/1000 | train_loss: 0.4315 | miou: 0.6211 | f1_macro: 0.7546 | pixel_accuracy: 0.8369 | val_loss: 0.5607
Epoch 138/1000 | train_loss: 0.4504 | miou: 0.5869 | f1_macro: 0.7317 | pixel_accuracy: 0.7930 | val_loss: 0.7329
Epoch 139/1000 | train_loss: 0.4522 | miou: 0.6659 | f1_macro: 0.7891 | pixel_accuracy: 0.8699 | val_loss: 0.4837
Epoch 140/1000 | train_loss: 0.4401 | miou: 0.5851 | f1_macro: 0.7286 | pixel_accuracy: 0.8048 | val_loss: 0.7895
Epoch 141/1000 | train_loss: 0.4418 | miou: 0.6359 | f1_macro: 0.7663 | pixel_accuracy: 0.8481 | val_loss: 0.5467
Epoch 142/1000 | train_loss: 0.4398 | miou: 0.5899 | f1_macro: 0.7305 | pixel_accuracy: 0.8181 | val_loss: 0.6370
Epoch 143/1000 | train_loss: 0.4421 | miou: 0.6089 | f1_macro: 0.7418 | pixel_accuracy: 0.8367 | val_loss: 0.7064
Epoch 144/1000 | train_loss: 0.4329 | miou: 0.5965 | f1_macro: 0.7342 | pixel_accuracy: 0.8235 | val_loss: 0.5989
Epoch 145/1000 | train_loss: 0.4555 | miou: 0.6219 | f1_macro: 0.7496 | pixel_accuracy: 0.8556 | val_loss: 0.5545
Epoch 146/1000 | train_loss: 0.4411 | miou: 0.5905 | f1_macro: 0.7252 | pixel_accuracy: 0.8218 | val_loss: 0.6910
Epoch 147/1000 | train_loss: 0.4476 | miou: 0.6193 | f1_macro: 0.7571 | pixel_accuracy: 0.8220 | val_loss: 0.6826
Epoch 148/1000 | train_loss: 0.4424 | miou: 0.6039 | f1_macro: 0.7442 | pixel_accuracy: 0.8118 | val_loss: 0.7229
Epoch 149/1000 | train_loss: 0.4220 | miou: 0.6196 | f1_macro: 0.7573 | pixel_accuracy: 0.8207 | val_loss: 0.6573
Epoch 150/1000 | train_loss: 0.4373 | miou: 0.6047 | f1_macro: 0.7452 | pixel_accuracy: 0.8140 | val_loss: 0.7357
Epoch 151/1000 | train_loss: 0.4304 | miou: 0.5748 | f1_macro: 0.7171 | pixel_accuracy: 0.8128 | val_loss: 0.7655
Epoch 152/1000 | train_loss: 0.4251 | miou: 0.5801 | f1_macro: 0.7218 | pixel_accuracy: 0.8127 | val_loss: 0.7435
Epoch 153/1000 | train_loss: 0.4431 | miou: 0.6230 | f1_macro: 0.7595 | pixel_accuracy: 0.8294 | val_loss: 0.6390
Epoch 154/1000 | train_loss: 0.4267 | miou: 0.6289 | f1_macro: 0.7614 | pixel_accuracy: 0.8399 | val_loss: 0.5518
Epoch 155/1000 | train_loss: 0.4231 | miou: 0.5720 | f1_macro: 0.7187 | pixel_accuracy: 0.7878 | val_loss: 0.7829
Epoch 156/1000 | train_loss: 0.4349 | miou: 0.6042 | f1_macro: 0.7420 | pixel_accuracy: 0.8229 | val_loss: 0.6541
Epoch 157/1000 | train_loss: 0.4256 | miou: 0.5800 | f1_macro: 0.7229 | pixel_accuracy: 0.8017 | val_loss: 0.7288
Epoch 158/1000 | train_loss: 0.4463 | miou: 0.6267 | f1_macro: 0.7615 | pixel_accuracy: 0.8334 | val_loss: 0.6048
Epoch 159/1000 | train_loss: 0.4459 | miou: 0.6239 | f1_macro: 0.7570 | pixel_accuracy: 0.8387 | val_loss: 0.5950
Epoch 160/1000 | train_loss: 0.4545 | miou: 0.6305 | f1_macro: 0.7634 | pixel_accuracy: 0.8412 | val_loss: 0.5506
Epoch 161/1000 | train_loss: 0.4194 | miou: 0.6130 | f1_macro: 0.7504 | pixel_accuracy: 0.8235 | val_loss: 0.6334
Epoch 162/1000 | train_loss: 0.4490 | miou: 0.6461 | f1_macro: 0.7731 | pixel_accuracy: 0.8536 | val_loss: 0.4946
Epoch 163/1000 | train_loss: 0.4538 | miou: 0.6609 | f1_macro: 0.7876 | pixel_accuracy: 0.8565 | val_loss: 0.4748
Epoch 164/1000 | train_loss: 0.4282 | miou: 0.6474 | f1_macro: 0.7749 | pixel_accuracy: 0.8560 | val_loss: 0.5557
Epoch 165/1000 | train_loss: 0.4335 | miou: 0.6495 | f1_macro: 0.7800 | pixel_accuracy: 0.8479 | val_loss: 0.5667
Epoch 166/1000 | train_loss: 0.4219 | miou: 0.6238 | f1_macro: 0.7598 | pixel_accuracy: 0.8286 | val_loss: 0.6325
Epoch 167/1000 | train_loss: 0.4214 | miou: 0.6449 | f1_macro: 0.7699 | pixel_accuracy: 0.8566 | val_loss: 0.5617
Epoch 168/1000 | train_loss: 0.4337 | miou: 0.6491 | f1_macro: 0.7747 | pixel_accuracy: 0.8658 | val_loss: 0.4777
Epoch 169/1000 | train_loss: 0.4476 | miou: 0.6556 | f1_macro: 0.7816 | pixel_accuracy: 0.8613 | val_loss: 0.4816
Epoch 170/1000 | train_loss: 0.4148 | miou: 0.6317 | f1_macro: 0.7615 | pixel_accuracy: 0.8494 | val_loss: 0.5484
Epoch 171/1000 | train_loss: 0.4099 | miou: 0.6615 | f1_macro: 0.7856 | pixel_accuracy: 0.8665 | val_loss: 0.5151
Epoch 172/1000 | train_loss: 0.4145 | miou: 0.6263 | f1_macro: 0.7587 | pixel_accuracy: 0.8416 | val_loss: 0.6687
Epoch 173/1000 | train_loss: 0.4605 | miou: 0.5657 | f1_macro: 0.7075 | pixel_accuracy: 0.8046 | val_loss: 0.7290
Epoch 174/1000 | train_loss: 0.4295 | miou: 0.6236 | f1_macro: 0.7604 | pixel_accuracy: 0.8267 | val_loss: 0.6206
Epoch 175/1000 | train_loss: 0.4248 | miou: 0.6192 | f1_macro: 0.7565 | pixel_accuracy: 0.8242 | val_loss: 0.6829
Epoch 176/1000 | train_loss: 0.4431 | miou: 0.5717 | f1_macro: 0.7193 | pixel_accuracy: 0.7821 | val_loss: 0.8023
Epoch 177/1000 | train_loss: 0.4308 | miou: 0.5802 | f1_macro: 0.7247 | pixel_accuracy: 0.8027 | val_loss: 0.8023
Epoch 178/1000 | train_loss: 0.4301 | miou: 0.6055 | f1_macro: 0.7413 | pixel_accuracy: 0.8273 | val_loss: 0.6257
Epoch 179/1000 | train_loss: 0.4345 | miou: 0.6091 | f1_macro: 0.7469 | pixel_accuracy: 0.8226 | val_loss: 0.6611
Epoch 180/1000 | train_loss: 0.4176 | miou: 0.6118 | f1_macro: 0.7514 | pixel_accuracy: 0.8149 | val_loss: 0.6310
Epoch 181/1000 | train_loss: 0.4428 | miou: 0.6239 | f1_macro: 0.7593 | pixel_accuracy: 0.8316 | val_loss: 0.6717
Epoch 182/1000 | train_loss: 0.4355 | miou: 0.6272 | f1_macro: 0.7587 | pixel_accuracy: 0.8386 | val_loss: 0.5755
Epoch 183/1000 | train_loss: 0.4073 | miou: 0.5850 | f1_macro: 0.7190 | pixel_accuracy: 0.8243 | val_loss: 0.6659
Epoch 184/1000 | train_loss: 0.4168 | miou: 0.6437 | f1_macro: 0.7749 | pixel_accuracy: 0.8430 | val_loss: 0.6164
Epoch 185/1000 | train_loss: 0.4229 | miou: 0.6605 | f1_macro: 0.7878 | pixel_accuracy: 0.8548 | val_loss: 0.5766
Epoch 186/1000 | train_loss: 0.4311 | miou: 0.6212 | f1_macro: 0.7595 | pixel_accuracy: 0.8205 | val_loss: 0.7654
Epoch 187/1000 | train_loss: 0.4364 | miou: 0.6366 | f1_macro: 0.7679 | pixel_accuracy: 0.8449 | val_loss: 0.7042
Epoch 188/1000 | train_loss: 0.4101 | miou: 0.6118 | f1_macro: 0.7418 | pixel_accuracy: 0.8402 | val_loss: 0.6864
Epoch 189/1000 | train_loss: 0.4327 | miou: 0.6531 | f1_macro: 0.7798 | pixel_accuracy: 0.8581 | val_loss: 0.5092
Epoch 190/1000 | train_loss: 0.4011 | miou: 0.6333 | f1_macro: 0.7667 | pixel_accuracy: 0.8420 | val_loss: 0.6680
Epoch 191/1000 | train_loss: 0.4349 | miou: 0.6367 | f1_macro: 0.7715 | pixel_accuracy: 0.8300 | val_loss: 0.6877
Epoch 192/1000 | train_loss: 0.4152 | miou: 0.6591 | f1_macro: 0.7857 | pixel_accuracy: 0.8573 | val_loss: 0.5825
Epoch 193/1000 | train_loss: 0.4173 | miou: 0.6515 | f1_macro: 0.7780 | pixel_accuracy: 0.8610 | val_loss: 0.5873
Epoch 194/1000 | train_loss: 0.4381 | miou: 0.6505 | f1_macro: 0.7744 | pixel_accuracy: 0.8677 | val_loss: 0.4587
Epoch 195/1000 | train_loss: 0.4025 | miou: 0.6300 | f1_macro: 0.7618 | pixel_accuracy: 0.8422 | val_loss: 0.5965
Epoch 196/1000 | train_loss: 0.4126 | miou: 0.6438 | f1_macro: 0.7760 | pixel_accuracy: 0.8414 | val_loss: 0.5313
Epoch 197/1000 | train_loss: 0.4195 | miou: 0.6384 | f1_macro: 0.7707 | pixel_accuracy: 0.8390 | val_loss: 0.5903
Epoch 198/1000 | train_loss: 0.4242 | miou: 0.5716 | f1_macro: 0.7151 | pixel_accuracy: 0.7826 | val_loss: 0.7738
Epoch 199/1000 | train_loss: 0.4550 | miou: 0.6223 | f1_macro: 0.7584 | pixel_accuracy: 0.8323 | val_loss: 0.6133
Epoch 200/1000 | train_loss: 0.4607 | miou: 0.5348 | f1_macro: 0.6853 | pixel_accuracy: 0.7580 | val_loss: 0.9685
Epoch 201/1000 | train_loss: 0.4675 | miou: 0.4883 | f1_macro: 0.6311 | pixel_accuracy: 0.7679 | val_loss: 0.9244
Epoch 202/1000 | train_loss: 0.4394 | miou: 0.5555 | f1_macro: 0.6941 | pixel_accuracy: 0.8094 | val_loss: 0.6386
Epoch 203/1000 | train_loss: 0.4485 | miou: 0.5659 | f1_macro: 0.7132 | pixel_accuracy: 0.7905 | val_loss: 0.7862
Epoch 204/1000 | train_loss: 0.4308 | miou: 0.5745 | f1_macro: 0.7244 | pixel_accuracy: 0.7791 | val_loss: 0.9180
Epoch 205/1000 | train_loss: 0.4196 | miou: 0.5466 | f1_macro: 0.7006 | pixel_accuracy: 0.7644 | val_loss: 1.0637
Epoch 206/1000 | train_loss: 0.4182 | miou: 0.6059 | f1_macro: 0.7430 | pixel_accuracy: 0.8239 | val_loss: 0.6666
Epoch 207/1000 | train_loss: 0.4361 | miou: 0.5997 | f1_macro: 0.7380 | pixel_accuracy: 0.8182 | val_loss: 0.7164
Epoch 208/1000 | train_loss: 0.4061 | miou: 0.6046 | f1_macro: 0.7463 | pixel_accuracy: 0.8071 | val_loss: 0.7215
Epoch 209/1000 | train_loss: 0.4146 | miou: 0.6297 | f1_macro: 0.7651 | pixel_accuracy: 0.8313 | val_loss: 0.6621
Epoch 210/1000 | train_loss: 0.4169 | miou: 0.6267 | f1_macro: 0.7618 | pixel_accuracy: 0.8339 | val_loss: 0.6180
Epoch 211/1000 | train_loss: 0.4262 | miou: 0.6227 | f1_macro: 0.7572 | pixel_accuracy: 0.8322 | val_loss: 0.6546
Epoch 212/1000 | train_loss: 0.3939 | miou: 0.5871 | f1_macro: 0.7306 | pixel_accuracy: 0.8049 | val_loss: 0.8083
Epoch 213/1000 | train_loss: 0.4074 | miou: 0.6358 | f1_macro: 0.7714 | pixel_accuracy: 0.8279 | val_loss: 0.7189
Epoch 214/1000 | train_loss: 0.4137 | miou: 0.5865 | f1_macro: 0.7323 | pixel_accuracy: 0.7939 | val_loss: 0.8726
Epoch 215/1000 | train_loss: 0.4306 | miou: 0.6226 | f1_macro: 0.7598 | pixel_accuracy: 0.8273 | val_loss: 0.6727
Epoch 216/1000 | train_loss: 0.4224 | miou: 0.6434 | f1_macro: 0.7760 | pixel_accuracy: 0.8384 | val_loss: 0.6433
Epoch 217/1000 | train_loss: 0.4059 | miou: 0.5834 | f1_macro: 0.7279 | pixel_accuracy: 0.8026 | val_loss: 0.7670
Epoch 218/1000 | train_loss: 0.4142 | miou: 0.6027 | f1_macro: 0.7400 | pixel_accuracy: 0.8183 | val_loss: 0.6636
Epoch 219/1000 | train_loss: 0.4148 | miou: 0.6072 | f1_macro: 0.7477 | pixel_accuracy: 0.8116 | val_loss: 0.7126
Epoch 220/1000 | train_loss: 0.4110 | miou: 0.6194 | f1_macro: 0.7557 | pixel_accuracy: 0.8249 | val_loss: 0.6487
Epoch 221/1000 | train_loss: 0.4269 | miou: 0.6288 | f1_macro: 0.7630 | pixel_accuracy: 0.8340 | val_loss: 0.6764
Epoch 222/1000 | train_loss: 0.4182 | miou: 0.6182 | f1_macro: 0.7550 | pixel_accuracy: 0.8292 | val_loss: 0.6602
Epoch 223/1000 | train_loss: 0.4246 | miou: 0.5763 | f1_macro: 0.7225 | pixel_accuracy: 0.7917 | val_loss: 0.8911
Epoch 224/1000 | train_loss: 0.4146 | miou: 0.6304 | f1_macro: 0.7633 | pixel_accuracy: 0.8391 | val_loss: 0.5156
Epoch 225/1000 | train_loss: 0.4185 | miou: 0.5996 | f1_macro: 0.7391 | pixel_accuracy: 0.8130 | val_loss: 0.7231
Epoch 226/1000 | train_loss: 0.4218 | miou: 0.6282 | f1_macro: 0.7624 | pixel_accuracy: 0.8342 | val_loss: 0.5659
Epoch 227/1000 | train_loss: 0.4183 | miou: 0.6045 | f1_macro: 0.7436 | pixel_accuracy: 0.8200 | val_loss: 0.6941
Epoch 228/1000 | train_loss: 0.3925 | miou: 0.6445 | f1_macro: 0.7750 | pixel_accuracy: 0.8466 | val_loss: 0.5325
Epoch 229/1000 | train_loss: 0.4208 | miou: 0.6229 | f1_macro: 0.7605 | pixel_accuracy: 0.8216 | val_loss: 0.6877
Epoch 230/1000 | train_loss: 0.4250 | miou: 0.6084 | f1_macro: 0.7448 | pixel_accuracy: 0.8263 | val_loss: 0.6978
Epoch 231/1000 | train_loss: 0.4375 | miou: 0.6276 | f1_macro: 0.7592 | pixel_accuracy: 0.8425 | val_loss: 0.6141
Epoch 232/1000 | train_loss: 0.4192 | miou: 0.5990 | f1_macro: 0.7366 | pixel_accuracy: 0.8215 | val_loss: 0.6680
Epoch 233/1000 | train_loss: 0.4434 | miou: 0.6253 | f1_macro: 0.7582 | pixel_accuracy: 0.8407 | val_loss: 0.6040
Epoch 234/1000 | train_loss: 0.4226 | miou: 0.5803 | f1_macro: 0.7252 | pixel_accuracy: 0.7935 | val_loss: 0.8207
Epoch 235/1000 | train_loss: 0.4184 | miou: 0.6314 | f1_macro: 0.7673 | pixel_accuracy: 0.8266 | val_loss: 0.6369
Epoch 236/1000 | train_loss: 0.4381 | miou: 0.6187 | f1_macro: 0.7551 | pixel_accuracy: 0.8226 | val_loss: 0.6396
Epoch 237/1000 | train_loss: 0.4146 | miou: 0.6458 | f1_macro: 0.7772 | pixel_accuracy: 0.8439 | val_loss: 0.6254
Epoch 238/1000 | train_loss: 0.4050 | miou: 0.6187 | f1_macro: 0.7562 | pixel_accuracy: 0.8235 | val_loss: 0.7061
Epoch 239/1000 | train_loss: 0.4287 | miou: 0.6230 | f1_macro: 0.7558 | pixel_accuracy: 0.8429 | val_loss: 0.6447
Epoch 240/1000 | train_loss: 0.4260 | miou: 0.6579 | f1_macro: 0.7833 | pixel_accuracy: 0.8583 | val_loss: 0.4947
Epoch 241/1000 | train_loss: 0.4152 | miou: 0.6439 | f1_macro: 0.7717 | pixel_accuracy: 0.8566 | val_loss: 0.4844
Epoch 242/1000 | train_loss: 0.3944 | miou: 0.6402 | f1_macro: 0.7708 | pixel_accuracy: 0.8451 | val_loss: 0.6057
Epoch 243/1000 | train_loss: 0.4419 | miou: 0.6289 | f1_macro: 0.7595 | pixel_accuracy: 0.8424 | val_loss: 0.5703
Epoch 244/1000 | train_loss: 0.4384 | miou: 0.6696 | f1_macro: 0.7916 | pixel_accuracy: 0.8696 | val_loss: 0.4666
Epoch 245/1000 | train_loss: 0.4300 | miou: 0.6352 | f1_macro: 0.7647 | pixel_accuracy: 0.8488 | val_loss: 0.5639
Epoch 246/1000 | train_loss: 0.4259 | miou: 0.6341 | f1_macro: 0.7649 | pixel_accuracy: 0.8459 | val_loss: 0.5484
Epoch 247/1000 | train_loss: 0.4131 | miou: 0.6329 | f1_macro: 0.7664 | pixel_accuracy: 0.8393 | val_loss: 0.5877
Epoch 248/1000 | train_loss: 0.4222 | miou: 0.6440 | f1_macro: 0.7752 | pixel_accuracy: 0.8481 | val_loss: 0.4931
Epoch 249/1000 | train_loss: 0.4226 | miou: 0.6483 | f1_macro: 0.7777 | pixel_accuracy: 0.8509 | val_loss: 0.4895
Epoch 250/1000 | train_loss: 0.4122 | miou: 0.6496 | f1_macro: 0.7794 | pixel_accuracy: 0.8487 | val_loss: 0.4861
Epoch 251/1000 | train_loss: 0.4094 | miou: 0.6483 | f1_macro: 0.7785 | pixel_accuracy: 0.8467 | val_loss: 0.5209
Epoch 252/1000 | train_loss: 0.4162 | miou: 0.6468 | f1_macro: 0.7774 | pixel_accuracy: 0.8477 | val_loss: 0.5125
Epoch 253/1000 | train_loss: 0.3983 | miou: 0.6120 | f1_macro: 0.7515 | pixel_accuracy: 0.8195 | val_loss: 0.6500
Epoch 254/1000 | train_loss: 0.3895 | miou: 0.6512 | f1_macro: 0.7790 | pixel_accuracy: 0.8557 | val_loss: 0.5281
Epoch 255/1000 | train_loss: 0.4147 | miou: 0.6548 | f1_macro: 0.7795 | pixel_accuracy: 0.8660 | val_loss: 0.4889
Epoch 256/1000 | train_loss: 0.4159 | miou: 0.6770 | f1_macro: 0.7973 | pixel_accuracy: 0.8755 | val_loss: 0.4271
Epoch 257/1000 | train_loss: 0.4284 | miou: 0.6612 | f1_macro: 0.7873 | pixel_accuracy: 0.8592 | val_loss: 0.5036
Epoch 258/1000 | train_loss: 0.4021 | miou: 0.6065 | f1_macro: 0.7421 | pixel_accuracy: 0.8321 | val_loss: 0.7265
Epoch 259/1000 | train_loss: 0.3960 | miou: 0.6072 | f1_macro: 0.7432 | pixel_accuracy: 0.8297 | val_loss: 0.7245
Epoch 260/1000 | train_loss: 0.4091 | miou: 0.6384 | f1_macro: 0.7686 | pixel_accuracy: 0.8499 | val_loss: 0.6037
Epoch 261/1000 | train_loss: 0.4145 | miou: 0.6523 | f1_macro: 0.7764 | pixel_accuracy: 0.8664 | val_loss: 0.4895
Epoch 262/1000 | train_loss: 0.3990 | miou: 0.6201 | f1_macro: 0.7572 | pixel_accuracy: 0.8306 | val_loss: 0.6873
Epoch 263/1000 | train_loss: 0.4390 | miou: 0.6348 | f1_macro: 0.7682 | pixel_accuracy: 0.8384 | val_loss: 0.6703
Epoch 264/1000 | train_loss: 0.3981 | miou: 0.6385 | f1_macro: 0.7675 | pixel_accuracy: 0.8510 | val_loss: 0.4873
Epoch 265/1000 | train_loss: 0.4101 | miou: 0.6146 | f1_macro: 0.7483 | pixel_accuracy: 0.8433 | val_loss: 0.5724
Epoch 266/1000 | train_loss: 0.4009 | miou: 0.6397 | f1_macro: 0.7723 | pixel_accuracy: 0.8432 | val_loss: 0.5763
Epoch 267/1000 | train_loss: 0.4124 | miou: 0.6524 | f1_macro: 0.7793 | pixel_accuracy: 0.8555 | val_loss: 0.5027
Epoch 268/1000 | train_loss: 0.4440 | miou: 0.6156 | f1_macro: 0.7482 | pixel_accuracy: 0.8430 | val_loss: 0.5631
Epoch 269/1000 | train_loss: 0.4362 | miou: 0.6328 | f1_macro: 0.7653 | pixel_accuracy: 0.8424 | val_loss: 0.5840
Epoch 270/1000 | train_loss: 0.4285 | miou: 0.6226 | f1_macro: 0.7596 | pixel_accuracy: 0.8293 | val_loss: 0.6401
Epoch 271/1000 | train_loss: 0.4196 | miou: 0.6109 | f1_macro: 0.7480 | pixel_accuracy: 0.8300 | val_loss: 0.6707
Epoch 272/1000 | train_loss: 0.4067 | miou: 0.6088 | f1_macro: 0.7465 | pixel_accuracy: 0.8265 | val_loss: 0.8227
Epoch 273/1000 | train_loss: 0.3827 | miou: 0.6089 | f1_macro: 0.7472 | pixel_accuracy: 0.8211 | val_loss: 0.7316
Epoch 274/1000 | train_loss: 0.3980 | miou: 0.6485 | f1_macro: 0.7743 | pixel_accuracy: 0.8571 | val_loss: 0.5307
Epoch 275/1000 | train_loss: 0.3966 | miou: 0.6419 | f1_macro: 0.7737 | pixel_accuracy: 0.8439 | val_loss: 0.6208
Epoch 276/1000 | train_loss: 0.4067 | miou: 0.6709 | f1_macro: 0.7953 | pixel_accuracy: 0.8627 | val_loss: 0.5443
Epoch 277/1000 | train_loss: 0.3919 | miou: 0.6499 | f1_macro: 0.7786 | pixel_accuracy: 0.8523 | val_loss: 0.5199
Epoch 278/1000 | train_loss: 0.4017 | miou: 0.6872 | f1_macro: 0.8041 | pixel_accuracy: 0.8842 | val_loss: 0.5263
Epoch 279/1000 | train_loss: 0.4137 | miou: 0.6390 | f1_macro: 0.7650 | pixel_accuracy: 0.8587 | val_loss: 0.6487
Epoch 280/1000 | train_loss: 0.4034 | miou: 0.6913 | f1_macro: 0.8085 | pixel_accuracy: 0.8796 | val_loss: 0.4975
Epoch 281/1000 | train_loss: 0.4075 | miou: 0.6359 | f1_macro: 0.7638 | pixel_accuracy: 0.8559 | val_loss: 0.5272
Epoch 282/1000 | train_loss: 0.4116 | miou: 0.6616 | f1_macro: 0.7870 | pixel_accuracy: 0.8604 | val_loss: 0.5030
Epoch 283/1000 | train_loss: 0.3904 | miou: 0.6318 | f1_macro: 0.7635 | pixel_accuracy: 0.8441 | val_loss: 0.5854
Epoch 284/1000 | train_loss: 0.4090 | miou: 0.6346 | f1_macro: 0.7664 | pixel_accuracy: 0.8447 | val_loss: 0.7081
Epoch 285/1000 | train_loss: 0.4086 | miou: 0.6612 | f1_macro: 0.7866 | pixel_accuracy: 0.8604 | val_loss: 0.6318
Epoch 286/1000 | train_loss: 0.4235 | miou: 0.6844 | f1_macro: 0.8036 | pixel_accuracy: 0.8770 | val_loss: 0.5136
Epoch 287/1000 | train_loss: 0.3742 | miou: 0.6412 | f1_macro: 0.7700 | pixel_accuracy: 0.8508 | val_loss: 0.6224
Epoch 288/1000 | train_loss: 0.3896 | miou: 0.6700 | f1_macro: 0.7928 | pixel_accuracy: 0.8666 | val_loss: 0.5845
Epoch 289/1000 | train_loss: 0.3963 | miou: 0.6442 | f1_macro: 0.7739 | pixel_accuracy: 0.8486 | val_loss: 0.5940
Epoch 290/1000 | train_loss: 0.4103 | miou: 0.6834 | f1_macro: 0.8009 | pixel_accuracy: 0.8815 | val_loss: 0.4870
Epoch 291/1000 | train_loss: 0.4029 | miou: 0.6867 | f1_macro: 0.8042 | pixel_accuracy: 0.8822 | val_loss: 0.4711
Epoch 292/1000 | train_loss: 0.3942 | miou: 0.6754 | f1_macro: 0.7961 | pixel_accuracy: 0.8735 | val_loss: 0.5145
Epoch 293/1000 | train_loss: 0.4206 | miou: 0.6375 | f1_macro: 0.7699 | pixel_accuracy: 0.8404 | val_loss: 0.5964
Epoch 294/1000 | train_loss: 0.3798 | miou: 0.6350 | f1_macro: 0.7659 | pixel_accuracy: 0.8442 | val_loss: 0.6653
Epoch 295/1000 | train_loss: 0.4028 | miou: 0.6663 | f1_macro: 0.7916 | pixel_accuracy: 0.8604 | val_loss: 0.5573
Epoch 296/1000 | train_loss: 0.3970 | miou: 0.6383 | f1_macro: 0.7715 | pixel_accuracy: 0.8377 | val_loss: 0.6742
Epoch 297/1000 | train_loss: 0.3995 | miou: 0.6207 | f1_macro: 0.7574 | pixel_accuracy: 0.8273 | val_loss: 0.7498
Epoch 298/1000 | train_loss: 0.3836 | miou: 0.6394 | f1_macro: 0.7690 | pixel_accuracy: 0.8502 | val_loss: 0.6005
Epoch 299/1000 | train_loss: 0.4108 | miou: 0.5518 | f1_macro: 0.7043 | pixel_accuracy: 0.7555 | val_loss: 0.9799
Epoch 300/1000 | train_loss: 0.4273 | miou: 0.6725 | f1_macro: 0.7947 | pixel_accuracy: 0.8687 | val_loss: 0.4392
Epoch 301/1000 | train_loss: 0.3945 | miou: 0.5863 | f1_macro: 0.7305 | pixel_accuracy: 0.8027 | val_loss: 0.7461
Epoch 302/1000 | train_loss: 0.4153 | miou: 0.6562 | f1_macro: 0.7846 | pixel_accuracy: 0.8537 | val_loss: 0.5940
Epoch 303/1000 | train_loss: 0.3901 | miou: 0.6151 | f1_macro: 0.7510 | pixel_accuracy: 0.8302 | val_loss: 0.7455
Epoch 304/1000 | train_loss: 0.3963 | miou: 0.6415 | f1_macro: 0.7731 | pixel_accuracy: 0.8444 | val_loss: 0.6810
Epoch 305/1000 | train_loss: 0.3968 | miou: 0.5873 | f1_macro: 0.7336 | pixel_accuracy: 0.7940 | val_loss: 0.8366
Epoch 306/1000 | train_loss: 0.3892 | miou: 0.6194 | f1_macro: 0.7559 | pixel_accuracy: 0.8255 | val_loss: 0.7350
Epoch 307/1000 | train_loss: 0.3728 | miou: 0.6443 | f1_macro: 0.7751 | pixel_accuracy: 0.8464 | val_loss: 0.6221
Epoch 308/1000 | train_loss: 0.4004 | miou: 0.6450 | f1_macro: 0.7743 | pixel_accuracy: 0.8512 | val_loss: 0.5895
Epoch 309/1000 | train_loss: 0.4017 | miou: 0.6379 | f1_macro: 0.7676 | pixel_accuracy: 0.8503 | val_loss: 0.6006
Epoch 310/1000 | train_loss: 0.4064 | miou: 0.6647 | f1_macro: 0.7894 | pixel_accuracy: 0.8630 | val_loss: 0.5456
Epoch 311/1000 | train_loss: 0.3983 | miou: 0.6357 | f1_macro: 0.7677 | pixel_accuracy: 0.8429 | val_loss: 0.6720
Epoch 312/1000 | train_loss: 0.4069 | miou: 0.6408 | f1_macro: 0.7705 | pixel_accuracy: 0.8479 | val_loss: 0.5814
Epoch 313/1000 | train_loss: 0.3688 | miou: 0.6260 | f1_macro: 0.7636 | pixel_accuracy: 0.8241 | val_loss: 0.7936
Epoch 314/1000 | train_loss: 0.4153 | miou: 0.6594 | f1_macro: 0.7870 | pixel_accuracy: 0.8545 | val_loss: 0.6024
Epoch 315/1000 | train_loss: 0.3990 | miou: 0.6444 | f1_macro: 0.7756 | pixel_accuracy: 0.8450 | val_loss: 0.6049
Epoch 316/1000 | train_loss: 0.4014 | miou: 0.6306 | f1_macro: 0.7633 | pixel_accuracy: 0.8379 | val_loss: 0.6516
Epoch 317/1000 | train_loss: 0.4049 | miou: 0.6650 | f1_macro: 0.7862 | pixel_accuracy: 0.8697 | val_loss: 0.4897
Epoch 318/1000 | train_loss: 0.4149 | miou: 0.6085 | f1_macro: 0.7453 | pixel_accuracy: 0.8246 | val_loss: 0.6115
Epoch 319/1000 | train_loss: 0.4125 | miou: 0.6756 | f1_macro: 0.7969 | pixel_accuracy: 0.8719 | val_loss: 0.5661
Epoch 320/1000 | train_loss: 0.4001 | miou: 0.6573 | f1_macro: 0.7851 | pixel_accuracy: 0.8559 | val_loss: 0.6100
Epoch 321/1000 | train_loss: 0.4183 | miou: 0.6577 | f1_macro: 0.7864 | pixel_accuracy: 0.8491 | val_loss: 0.6174
Epoch 322/1000 | train_loss: 0.3881 | miou: 0.6324 | f1_macro: 0.7666 | pixel_accuracy: 0.8352 | val_loss: 0.6890
Epoch 323/1000 | train_loss: 0.4016 | miou: 0.6460 | f1_macro: 0.7747 | pixel_accuracy: 0.8512 | val_loss: 0.5539
Epoch 324/1000 | train_loss: 0.4057 | miou: 0.6374 | f1_macro: 0.7702 | pixel_accuracy: 0.8363 | val_loss: 0.5742
Epoch 325/1000 | train_loss: 0.4076 | miou: 0.6056 | f1_macro: 0.7360 | pixel_accuracy: 0.8423 | val_loss: 0.5797
Epoch 326/1000 | train_loss: 0.4450 | miou: 0.5964 | f1_macro: 0.7313 | pixel_accuracy: 0.8216 | val_loss: 0.8432
Epoch 327/1000 | train_loss: 0.4117 | miou: 0.5846 | f1_macro: 0.7206 | pixel_accuracy: 0.8250 | val_loss: 0.7298
Epoch 328/1000 | train_loss: 0.4246 | miou: 0.6152 | f1_macro: 0.7471 | pixel_accuracy: 0.8458 | val_loss: 0.5911
Epoch 329/1000 | train_loss: 0.4280 | miou: 0.5794 | f1_macro: 0.7153 | pixel_accuracy: 0.8180 | val_loss: 0.6037
Epoch 330/1000 | train_loss: 0.4200 | miou: 0.6222 | f1_macro: 0.7538 | pixel_accuracy: 0.8486 | val_loss: 0.6121
Epoch 331/1000 | train_loss: 0.4034 | miou: 0.6148 | f1_macro: 0.7443 | pixel_accuracy: 0.8504 | val_loss: 0.6048
Epoch 332/1000 | train_loss: 0.3861 | miou: 0.6360 | f1_macro: 0.7652 | pixel_accuracy: 0.8500 | val_loss: 0.7286
Epoch 333/1000 | train_loss: 0.4196 | miou: 0.6492 | f1_macro: 0.7749 | pixel_accuracy: 0.8578 | val_loss: 0.6185
Epoch 334/1000 | train_loss: 0.4056 | miou: 0.6692 | f1_macro: 0.7886 | pixel_accuracy: 0.8780 | val_loss: 0.4559
Epoch 335/1000 | train_loss: 0.3866 | miou: 0.6315 | f1_macro: 0.7553 | pixel_accuracy: 0.8652 | val_loss: 0.4985
Epoch 336/1000 | train_loss: 0.3970 | miou: 0.6920 | f1_macro: 0.8060 | pixel_accuracy: 0.8926 | val_loss: 0.4093
Epoch 337/1000 | train_loss: 0.4037 | miou: 0.6068 | f1_macro: 0.7452 | pixel_accuracy: 0.8181 | val_loss: 0.6689
Epoch 338/1000 | train_loss: 0.4075 | miou: 0.6478 | f1_macro: 0.7743 | pixel_accuracy: 0.8584 | val_loss: 0.5247
Epoch 339/1000 | train_loss: 0.3816 | miou: 0.6239 | f1_macro: 0.7575 | pixel_accuracy: 0.8397 | val_loss: 0.6640
Epoch 340/1000 | train_loss: 0.4018 | miou: 0.6200 | f1_macro: 0.7540 | pixel_accuracy: 0.8386 | val_loss: 0.5722
Epoch 341/1000 | train_loss: 0.3835 | miou: 0.6338 | f1_macro: 0.7674 | pixel_accuracy: 0.8385 | val_loss: 0.7300
Epoch 342/1000 | train_loss: 0.4048 | miou: 0.6068 | f1_macro: 0.7433 | pixel_accuracy: 0.8293 | val_loss: 0.8253
Epoch 343/1000 | train_loss: 0.4029 | miou: 0.6399 | f1_macro: 0.7702 | pixel_accuracy: 0.8471 | val_loss: 0.6343
Epoch 344/1000 | train_loss: 0.3924 | miou: 0.5954 | f1_macro: 0.7354 | pixel_accuracy: 0.8148 | val_loss: 0.8300
Epoch 345/1000 | train_loss: 0.3756 | miou: 0.6312 | f1_macro: 0.7619 | pixel_accuracy: 0.8464 | val_loss: 0.7171
Epoch 346/1000 | train_loss: 0.3931 | miou: 0.6341 | f1_macro: 0.7667 | pixel_accuracy: 0.8419 | val_loss: 0.8086
Epoch 347/1000 | train_loss: 0.4029 | miou: 0.6105 | f1_macro: 0.7455 | pixel_accuracy: 0.8326 | val_loss: 0.7807
Epoch 348/1000 | train_loss: 0.4051 | miou: 0.6761 | f1_macro: 0.7963 | pixel_accuracy: 0.8759 | val_loss: 0.5799
Epoch 349/1000 | train_loss: 0.3917 | miou: 0.6561 | f1_macro: 0.7834 | pixel_accuracy: 0.8568 | val_loss: 0.6571
Epoch 350/1000 | train_loss: 0.3958 | miou: 0.6467 | f1_macro: 0.7756 | pixel_accuracy: 0.8518 | val_loss: 0.6457
Epoch 351/1000 | train_loss: 0.3976 | miou: 0.6139 | f1_macro: 0.7508 | pixel_accuracy: 0.8239 | val_loss: 0.7712
Epoch 352/1000 | train_loss: 0.3976 | miou: 0.6136 | f1_macro: 0.7531 | pixel_accuracy: 0.8132 | val_loss: 0.8690
Epoch 353/1000 | train_loss: 0.4212 | miou: 0.6308 | f1_macro: 0.7655 | pixel_accuracy: 0.8326 | val_loss: 0.7690
Epoch 354/1000 | train_loss: 0.3997 | miou: 0.6318 | f1_macro: 0.7652 | pixel_accuracy: 0.8355 | val_loss: 0.7878
Epoch 355/1000 | train_loss: 0.3826 | miou: 0.6313 | f1_macro: 0.7635 | pixel_accuracy: 0.8452 | val_loss: 0.6684
Epoch 356/1000 | train_loss: 0.4137 | miou: 0.6233 | f1_macro: 0.7614 | pixel_accuracy: 0.8216 | val_loss: 0.9651
Epoch 357/1000 | train_loss: 0.3928 | miou: 0.6531 | f1_macro: 0.7825 | pixel_accuracy: 0.8483 | val_loss: 0.6835
Epoch 358/1000 | train_loss: 0.3958 | miou: 0.5962 | f1_macro: 0.7394 | pixel_accuracy: 0.8078 | val_loss: 0.8819
Epoch 359/1000 | train_loss: 0.3888 | miou: 0.6382 | f1_macro: 0.7725 | pixel_accuracy: 0.8341 | val_loss: 0.6891
Epoch 360/1000 | train_loss: 0.3742 | miou: 0.6398 | f1_macro: 0.7710 | pixel_accuracy: 0.8462 | val_loss: 0.6408
Epoch 361/1000 | train_loss: 0.4024 | miou: 0.6341 | f1_macro: 0.7679 | pixel_accuracy: 0.8383 | val_loss: 0.6600
Epoch 362/1000 | train_loss: 0.4004 | miou: 0.6180 | f1_macro: 0.7553 | pixel_accuracy: 0.8225 | val_loss: 0.7905
Epoch 363/1000 | train_loss: 0.4077 | miou: 0.6166 | f1_macro: 0.7544 | pixel_accuracy: 0.8243 | val_loss: 0.7692
Epoch 364/1000 | train_loss: 0.3871 | miou: 0.6083 | f1_macro: 0.7455 | pixel_accuracy: 0.8307 | val_loss: 0.6661
Epoch 365/1000 | train_loss: 0.3941 | miou: 0.6038 | f1_macro: 0.7440 | pixel_accuracy: 0.8173 | val_loss: 0.9393
Epoch 366/1000 | train_loss: 0.3851 | miou: 0.5975 | f1_macro: 0.7393 | pixel_accuracy: 0.8109 | val_loss: 0.9108
Epoch 367/1000 | train_loss: 0.4069 | miou: 0.6245 | f1_macro: 0.7609 | pixel_accuracy: 0.8290 | val_loss: 0.7783
Epoch 368/1000 | train_loss: 0.4217 | miou: 0.6225 | f1_macro: 0.7582 | pixel_accuracy: 0.8315 | val_loss: 0.7120
Epoch 369/1000 | train_loss: 0.4161 | miou: 0.5853 | f1_macro: 0.7294 | pixel_accuracy: 0.8032 | val_loss: 1.0774
Epoch 370/1000 | train_loss: 0.3891 | miou: 0.6113 | f1_macro: 0.7485 | pixel_accuracy: 0.8313 | val_loss: 0.8534
Epoch 371/1000 | train_loss: 0.3918 | miou: 0.6217 | f1_macro: 0.7569 | pixel_accuracy: 0.8352 | val_loss: 0.7984
Epoch 372/1000 | train_loss: 0.3857 | miou: 0.6434 | f1_macro: 0.7739 | pixel_accuracy: 0.8491 | val_loss: 0.7352
Epoch 373/1000 | train_loss: 0.3776 | miou: 0.5921 | f1_macro: 0.7357 | pixel_accuracy: 0.8059 | val_loss: 0.6680
Epoch 374/1000 | train_loss: 0.4036 | miou: 0.6253 | f1_macro: 0.7595 | pixel_accuracy: 0.8393 | val_loss: 0.7733
Epoch 375/1000 | train_loss: 0.3892 | miou: 0.6545 | f1_macro: 0.7833 | pixel_accuracy: 0.8521 | val_loss: 0.6292
Epoch 376/1000 | train_loss: 0.3953 | miou: 0.6649 | f1_macro: 0.7877 | pixel_accuracy: 0.8695 | val_loss: 0.5659
Epoch 377/1000 | train_loss: 0.3761 | miou: 0.6454 | f1_macro: 0.7764 | pixel_accuracy: 0.8456 | val_loss: 0.7830
Epoch 378/1000 | train_loss: 0.3696 | miou: 0.6503 | f1_macro: 0.7807 | pixel_accuracy: 0.8467 | val_loss: 0.7632
Epoch 379/1000 | train_loss: 0.3676 | miou: 0.6512 | f1_macro: 0.7769 | pixel_accuracy: 0.8571 | val_loss: 0.5571
Epoch 380/1000 | train_loss: 0.3996 | miou: 0.6463 | f1_macro: 0.7746 | pixel_accuracy: 0.8566 | val_loss: 0.5114
Epoch 381/1000 | train_loss: 0.3925 | miou: 0.6503 | f1_macro: 0.7794 | pixel_accuracy: 0.8492 | val_loss: 0.5428
Epoch 382/1000 | train_loss: 0.3864 | miou: 0.6305 | f1_macro: 0.7655 | pixel_accuracy: 0.8263 | val_loss: 0.6335
Epoch 383/1000 | train_loss: 0.4025 | miou: 0.6433 | f1_macro: 0.7760 | pixel_accuracy: 0.8396 | val_loss: 0.6509
Epoch 384/1000 | train_loss: 0.3784 | miou: 0.6593 | f1_macro: 0.7877 | pixel_accuracy: 0.8512 | val_loss: 0.6280
Epoch 385/1000 | train_loss: 0.3868 | miou: 0.6276 | f1_macro: 0.7626 | pixel_accuracy: 0.8339 | val_loss: 0.8609
Epoch 386/1000 | train_loss: 0.4072 | miou: 0.6294 | f1_macro: 0.7625 | pixel_accuracy: 0.8389 | val_loss: 0.6999
Epoch 387/1000 | train_loss: 0.3963 | miou: 0.6344 | f1_macro: 0.7692 | pixel_accuracy: 0.8336 | val_loss: 0.8228
Epoch 388/1000 | train_loss: 0.3796 | miou: 0.6680 | f1_macro: 0.7936 | pixel_accuracy: 0.8608 | val_loss: 0.5990
Epoch 389/1000 | train_loss: 0.4102 | miou: 0.6317 | f1_macro: 0.7661 | pixel_accuracy: 0.8363 | val_loss: 0.7003
Epoch 390/1000 | train_loss: 0.3964 | miou: 0.6207 | f1_macro: 0.7560 | pixel_accuracy: 0.8335 | val_loss: 0.8673
Epoch 391/1000 | train_loss: 0.3694 | miou: 0.5752 | f1_macro: 0.7231 | pixel_accuracy: 0.7738 | val_loss: 1.1699
Epoch 392/1000 | train_loss: 0.3673 | miou: 0.6465 | f1_macro: 0.7785 | pixel_accuracy: 0.8411 | val_loss: 0.7360
Epoch 393/1000 | train_loss: 0.4157 | miou: 0.6310 | f1_macro: 0.7664 | pixel_accuracy: 0.8283 | val_loss: 0.8187
Epoch 394/1000 | train_loss: 0.3907 | miou: 0.6636 | f1_macro: 0.7894 | pixel_accuracy: 0.8592 | val_loss: 0.5500
Epoch 395/1000 | train_loss: 0.3725 | miou: 0.6236 | f1_macro: 0.7616 | pixel_accuracy: 0.8198 | val_loss: 1.0312
Epoch 396/1000 | train_loss: 0.4104 | miou: 0.6099 | f1_macro: 0.7506 | pixel_accuracy: 0.8106 | val_loss: 1.0578
Epoch 397/1000 | train_loss: 0.3759 | miou: 0.6104 | f1_macro: 0.7489 | pixel_accuracy: 0.8222 | val_loss: 0.8678
Epoch 398/1000 | train_loss: 0.3841 | miou: 0.6183 | f1_macro: 0.7578 | pixel_accuracy: 0.8185 | val_loss: 0.7876
Epoch 399/1000 | train_loss: 0.3935 | miou: 0.6523 | f1_macro: 0.7779 | pixel_accuracy: 0.8613 | val_loss: 0.5201
Epoch 400/1000 | train_loss: 0.3829 | miou: 0.6406 | f1_macro: 0.7709 | pixel_accuracy: 0.8523 | val_loss: 0.6214
Epoch 401/1000 | train_loss: 0.3819 | miou: 0.5929 | f1_macro: 0.7381 | pixel_accuracy: 0.8001 | val_loss: 1.0044
Epoch 402/1000 | train_loss: 0.3963 | miou: 0.6210 | f1_macro: 0.7570 | pixel_accuracy: 0.8332 | val_loss: 0.9490
Epoch 403/1000 | train_loss: 0.3647 | miou: 0.6564 | f1_macro: 0.7861 | pixel_accuracy: 0.8459 | val_loss: 0.6194
Epoch 404/1000 | train_loss: 0.4014 | miou: 0.6336 | f1_macro: 0.7662 | pixel_accuracy: 0.8424 | val_loss: 0.7222
Epoch 405/1000 | train_loss: 0.3936 | miou: 0.6328 | f1_macro: 0.7684 | pixel_accuracy: 0.8328 | val_loss: 0.7858
Epoch 406/1000 | train_loss: 0.3697 | miou: 0.5940 | f1_macro: 0.7360 | pixel_accuracy: 0.8108 | val_loss: 0.9606
Epoch 407/1000 | train_loss: 0.3935 | miou: 0.6587 | f1_macro: 0.7872 | pixel_accuracy: 0.8497 | val_loss: 0.5520
Epoch 408/1000 | train_loss: 0.3781 | miou: 0.5945 | f1_macro: 0.7351 | pixel_accuracy: 0.8203 | val_loss: 0.8577
Epoch 409/1000 | train_loss: 0.3945 | miou: 0.5927 | f1_macro: 0.7391 | pixel_accuracy: 0.7875 | val_loss: 1.0544
Epoch 410/1000 | train_loss: 0.3984 | miou: 0.5882 | f1_macro: 0.7295 | pixel_accuracy: 0.8113 | val_loss: 0.6715
Epoch 411/1000 | train_loss: 0.3844 | miou: 0.5955 | f1_macro: 0.7415 | pixel_accuracy: 0.7900 | val_loss: 0.9518
Epoch 412/1000 | train_loss: 0.3813 | miou: 0.6423 | f1_macro: 0.7759 | pixel_accuracy: 0.8342 | val_loss: 0.6365
Epoch 413/1000 | train_loss: 0.4040 | miou: 0.6289 | f1_macro: 0.7660 | pixel_accuracy: 0.8243 | val_loss: 0.7536
Epoch 414/1000 | train_loss: 0.3913 | miou: 0.5667 | f1_macro: 0.7145 | pixel_accuracy: 0.7842 | val_loss: 1.1272
Epoch 415/1000 | train_loss: 0.3779 | miou: 0.5957 | f1_macro: 0.7386 | pixel_accuracy: 0.8051 | val_loss: 0.8294
Epoch 416/1000 | train_loss: 0.3666 | miou: 0.6180 | f1_macro: 0.7563 | pixel_accuracy: 0.8181 | val_loss: 0.7087
Epoch 417/1000 | train_loss: 0.3744 | miou: 0.6312 | f1_macro: 0.7653 | pixel_accuracy: 0.8344 | val_loss: 0.6260
Epoch 418/1000 | train_loss: 0.3722 | miou: 0.6234 | f1_macro: 0.7629 | pixel_accuracy: 0.8165 | val_loss: 0.8766
Epoch 419/1000 | train_loss: 0.3840 | miou: 0.6487 | f1_macro: 0.7806 | pixel_accuracy: 0.8413 | val_loss: 0.7116
Epoch 420/1000 | train_loss: 0.3762 | miou: 0.6167 | f1_macro: 0.7562 | pixel_accuracy: 0.8127 | val_loss: 0.7398
Epoch 421/1000 | train_loss: 0.4018 | miou: 0.6398 | f1_macro: 0.7721 | pixel_accuracy: 0.8376 | val_loss: 0.6260
Epoch 422/1000 | train_loss: 0.3812 | miou: 0.6673 | f1_macro: 0.7910 | pixel_accuracy: 0.8647 | val_loss: 0.5225
Epoch 423/1000 | train_loss: 0.3803 | miou: 0.6487 | f1_macro: 0.7756 | pixel_accuracy: 0.8554 | val_loss: 0.5850
Epoch 424/1000 | train_loss: 0.3761 | miou: 0.6433 | f1_macro: 0.7742 | pixel_accuracy: 0.8436 | val_loss: 0.6172
Epoch 425/1000 | train_loss: 0.3681 | miou: 0.6175 | f1_macro: 0.7541 | pixel_accuracy: 0.8310 | val_loss: 0.7881
Epoch 426/1000 | train_loss: 0.3625 | miou: 0.6060 | f1_macro: 0.7480 | pixel_accuracy: 0.8120 | val_loss: 1.0205
Epoch 427/1000 | train_loss: 0.3730 | miou: 0.6377 | f1_macro: 0.7697 | pixel_accuracy: 0.8431 | val_loss: 0.7062
Epoch 428/1000 | train_loss: 0.3903 | miou: 0.6203 | f1_macro: 0.7580 | pixel_accuracy: 0.8227 | val_loss: 0.6767
Epoch 429/1000 | train_loss: 0.3678 | miou: 0.6529 | f1_macro: 0.7838 | pixel_accuracy: 0.8437 | val_loss: 0.6852
Epoch 430/1000 | train_loss: 0.4125 | miou: 0.6522 | f1_macro: 0.7817 | pixel_accuracy: 0.8473 | val_loss: 0.5558
Epoch 431/1000 | train_loss: 0.3914 | miou: 0.6148 | f1_macro: 0.7509 | pixel_accuracy: 0.8250 | val_loss: 0.5719
Epoch 432/1000 | train_loss: 0.3921 | miou: 0.6502 | f1_macro: 0.7799 | pixel_accuracy: 0.8477 | val_loss: 0.5856
Epoch 433/1000 | train_loss: 0.3953 | miou: 0.6214 | f1_macro: 0.7573 | pixel_accuracy: 0.8240 | val_loss: 0.7084
Epoch 434/1000 | train_loss: 0.4023 | miou: 0.6374 | f1_macro: 0.7701 | pixel_accuracy: 0.8338 | val_loss: 0.6988
Epoch 435/1000 | train_loss: 0.3959 | miou: 0.6380 | f1_macro: 0.7706 | pixel_accuracy: 0.8352 | val_loss: 0.5586
Epoch 436/1000 | train_loss: 0.3672 | miou: 0.6125 | f1_macro: 0.7481 | pixel_accuracy: 0.8179 | val_loss: 0.5781
Epoch 437/1000 | train_loss: 0.3806 | miou: 0.5656 | f1_macro: 0.7075 | pixel_accuracy: 0.7826 | val_loss: 0.8477
Epoch 438/1000 | train_loss: 0.3782 | miou: 0.5474 | f1_macro: 0.6996 | pixel_accuracy: 0.7651 | val_loss: 1.3555
Epoch 439/1000 | train_loss: 0.4115 | miou: 0.5312 | f1_macro: 0.6817 | pixel_accuracy: 0.7693 | val_loss: 0.9372
Epoch 440/1000 | train_loss: 0.3965 | miou: 0.5438 | f1_macro: 0.6989 | pixel_accuracy: 0.7535 | val_loss: 0.8495
Epoch 441/1000 | train_loss: 0.4196 | miou: 0.5879 | f1_macro: 0.7314 | pixel_accuracy: 0.7988 | val_loss: 0.7198
Epoch 442/1000 | train_loss: 0.4061 | miou: 0.6071 | f1_macro: 0.7481 | pixel_accuracy: 0.8085 | val_loss: 0.5937
Epoch 443/1000 | train_loss: 0.4087 | miou: 0.6258 | f1_macro: 0.7608 | pixel_accuracy: 0.8335 | val_loss: 0.5605
Epoch 444/1000 | train_loss: 0.3816 | miou: 0.6354 | f1_macro: 0.7632 | pixel_accuracy: 0.8592 | val_loss: 0.6047
Epoch 445/1000 | train_loss: 0.3926 | miou: 0.6660 | f1_macro: 0.7883 | pixel_accuracy: 0.8720 | val_loss: 0.5554
