==========================================
Job ID: 3161764
Node: gput048
GPU: 0
Experiment: configs/experiment/unet_dataset83.yaml
Run Name: unet-d83
==========================================
Sun Feb 22 21:29:07 2026       
+-----------------------------------------------------------------------------------------+
| NVIDIA-SMI 570.158.01             Driver Version: 570.158.01     CUDA Version: 12.8     |
|-----------------------------------------+------------------------+----------------------+
| GPU  Name                 Persistence-M | Bus-Id          Disp.A | Volatile Uncorr. ECC |
| Fan  Temp   Perf          Pwr:Usage/Cap |           Memory-Usage | GPU-Util  Compute M. |
|                                         |                        |               MIG M. |
|=========================================+========================+======================|
|   0  NVIDIA GeForce RTX 2080 Ti     On  |   00000000:81:00.0 Off |                  N/A |
| 33%   42C    P8              1W /  250W |       1MiB /  11264MiB |      0%      Default |
|                                         |                        |                  N/A |
+-----------------------------------------+------------------------+----------------------+
                                                                                         
+-----------------------------------------------------------------------------------------+
| Processes:                                                                              |
|  GPU   GI   CI              PID   Type   Process name                        GPU Memory |
|        ID   ID                                                               Usage      |
|=========================================================================================|
|  No running processes found                                                             |
+-----------------------------------------------------------------------------------------+
Split: 70 train / 13 val (from 83 total)
Model: unet
Trainable parameters: 47,388,550
Epoch 1/1000 | train_loss: 1.6942 | miou: 0.0413 | f1_macro: 0.0662 | pixel_accuracy: 0.2471 | val_loss: 1.5704
Epoch 2/1000 | train_loss: 1.5237 | miou: 0.1266 | f1_macro: 0.1805 | pixel_accuracy: 0.4298 | val_loss: 1.6171
Epoch 3/1000 | train_loss: 1.5169 | miou: 0.2249 | f1_macro: 0.3100 | pixel_accuracy: 0.5696 | val_loss: 1.5148
Epoch 4/1000 | train_loss: 1.5389 | miou: 0.1346 | f1_macro: 0.1937 | pixel_accuracy: 0.4603 | val_loss: 1.4804
Epoch 5/1000 | train_loss: 1.5306 | miou: 0.1439 | f1_macro: 0.2082 | pixel_accuracy: 0.4716 | val_loss: 1.4618
Epoch 6/1000 | train_loss: 1.4853 | miou: 0.1663 | f1_macro: 0.2432 | pixel_accuracy: 0.4953 | val_loss: 1.4854
Epoch 7/1000 | train_loss: 1.4653 | miou: 0.2139 | f1_macro: 0.2984 | pixel_accuracy: 0.5532 | val_loss: 1.4125
Epoch 8/1000 | train_loss: 1.4433 | miou: 0.2007 | f1_macro: 0.2749 | pixel_accuracy: 0.5392 | val_loss: 1.3655
Epoch 9/1000 | train_loss: 1.4548 | miou: 0.2028 | f1_macro: 0.2823 | pixel_accuracy: 0.5414 | val_loss: 1.3917
Epoch 10/1000 | train_loss: 1.4554 | miou: 0.2549 | f1_macro: 0.3338 | pixel_accuracy: 0.6010 | val_loss: 1.3054
Epoch 11/1000 | train_loss: 1.4337 | miou: 0.2382 | f1_macro: 0.3212 | pixel_accuracy: 0.5794 | val_loss: 1.3010
Epoch 12/1000 | train_loss: 1.4470 | miou: 0.2425 | f1_macro: 0.3254 | pixel_accuracy: 0.5858 | val_loss: 1.2756
Epoch 13/1000 | train_loss: 1.4259 | miou: 0.2770 | f1_macro: 0.3557 | pixel_accuracy: 0.6392 | val_loss: 1.2605
Epoch 14/1000 | train_loss: 1.4422 | miou: 0.2613 | f1_macro: 0.3420 | pixel_accuracy: 0.6101 | val_loss: 1.2479
Epoch 15/1000 | train_loss: 1.4140 | miou: 0.2734 | f1_macro: 0.3528 | pixel_accuracy: 0.6338 | val_loss: 1.2340
Epoch 16/1000 | train_loss: 1.4197 | miou: 0.2563 | f1_macro: 0.3386 | pixel_accuracy: 0.6119 | val_loss: 1.2658
Epoch 17/1000 | train_loss: 1.4390 | miou: 0.2908 | f1_macro: 0.3666 | pixel_accuracy: 0.6583 | val_loss: 1.2186
Epoch 18/1000 | train_loss: 1.4149 | miou: 0.3002 | f1_macro: 0.3737 | pixel_accuracy: 0.6697 | val_loss: 1.2174
Epoch 19/1000 | train_loss: 1.4317 | miou: 0.2866 | f1_macro: 0.3632 | pixel_accuracy: 0.6501 | val_loss: 1.2255
Epoch 20/1000 | train_loss: 1.4229 | miou: 0.2653 | f1_macro: 0.3457 | pixel_accuracy: 0.6175 | val_loss: 1.2140
Epoch 21/1000 | train_loss: 1.4200 | miou: 0.2714 | f1_macro: 0.3514 | pixel_accuracy: 0.6333 | val_loss: 1.2215
Epoch 22/1000 | train_loss: 1.4113 | miou: 0.2653 | f1_macro: 0.3463 | pixel_accuracy: 0.6264 | val_loss: 1.2363
Epoch 23/1000 | train_loss: 1.3941 | miou: 0.2810 | f1_macro: 0.3591 | pixel_accuracy: 0.6473 | val_loss: 1.2194
Epoch 24/1000 | train_loss: 1.3947 | miou: 0.2848 | f1_macro: 0.3620 | pixel_accuracy: 0.6524 | val_loss: 1.2068
Epoch 25/1000 | train_loss: 1.4155 | miou: 0.3008 | f1_macro: 0.3744 | pixel_accuracy: 0.6738 | val_loss: 1.2080
Epoch 26/1000 | train_loss: 1.3678 | miou: 0.2655 | f1_macro: 0.3466 | pixel_accuracy: 0.6282 | val_loss: 1.2295
Epoch 27/1000 | train_loss: 1.4435 | miou: 0.2767 | f1_macro: 0.3553 | pixel_accuracy: 0.6351 | val_loss: 1.1834
Epoch 28/1000 | train_loss: 1.4006 | miou: 0.2791 | f1_macro: 0.3575 | pixel_accuracy: 0.6427 | val_loss: 1.1855
Epoch 29/1000 | train_loss: 1.3835 | miou: 0.2972 | f1_macro: 0.3715 | pixel_accuracy: 0.6658 | val_loss: 1.1653
Epoch 30/1000 | train_loss: 1.4449 | miou: 0.2956 | f1_macro: 0.3706 | pixel_accuracy: 0.6670 | val_loss: 1.1775
Epoch 31/1000 | train_loss: 1.4109 | miou: 0.2765 | f1_macro: 0.3555 | pixel_accuracy: 0.6402 | val_loss: 1.1842
Epoch 32/1000 | train_loss: 1.3906 | miou: 0.2664 | f1_macro: 0.3473 | pixel_accuracy: 0.6296 | val_loss: 1.2112
Epoch 33/1000 | train_loss: 1.4032 | miou: 0.2804 | f1_macro: 0.3586 | pixel_accuracy: 0.6462 | val_loss: 1.1462
Epoch 34/1000 | train_loss: 1.3816 | miou: 0.2781 | f1_macro: 0.3568 | pixel_accuracy: 0.6442 | val_loss: 1.2436
Epoch 35/1000 | train_loss: 1.4008 | miou: 0.2805 | f1_macro: 0.3587 | pixel_accuracy: 0.6470 | val_loss: 1.1979
Epoch 36/1000 | train_loss: 1.3886 | miou: 0.2774 | f1_macro: 0.3563 | pixel_accuracy: 0.6427 | val_loss: 1.1957
Epoch 37/1000 | train_loss: 1.3902 | miou: 0.2762 | f1_macro: 0.3554 | pixel_accuracy: 0.6425 | val_loss: 1.2051
Epoch 38/1000 | train_loss: 1.4053 | miou: 0.2811 | f1_macro: 0.3591 | pixel_accuracy: 0.6454 | val_loss: 1.1804
Epoch 39/1000 | train_loss: 1.3943 | miou: 0.2645 | f1_macro: 0.3457 | pixel_accuracy: 0.6262 | val_loss: 1.2140
Epoch 40/1000 | train_loss: 1.4182 | miou: 0.2811 | f1_macro: 0.3591 | pixel_accuracy: 0.6457 | val_loss: 1.1707
Epoch 41/1000 | train_loss: 1.4044 | miou: 0.2768 | f1_macro: 0.3557 | pixel_accuracy: 0.6407 | val_loss: 1.1748
Epoch 42/1000 | train_loss: 1.4063 | miou: 0.2807 | f1_macro: 0.3586 | pixel_accuracy: 0.6427 | val_loss: 1.1719
Epoch 43/1000 | train_loss: 1.4288 | miou: 0.2633 | f1_macro: 0.3437 | pixel_accuracy: 0.6121 | val_loss: 1.2080
Epoch 44/1000 | train_loss: 1.4055 | miou: 0.2783 | f1_macro: 0.3571 | pixel_accuracy: 0.6452 | val_loss: 1.1987
Epoch 45/1000 | train_loss: 1.3942 | miou: 0.2760 | f1_macro: 0.3548 | pixel_accuracy: 0.6342 | val_loss: 1.1656
Epoch 46/1000 | train_loss: 1.4060 | miou: 0.2801 | f1_macro: 0.3582 | pixel_accuracy: 0.6425 | val_loss: 1.1718
Epoch 47/1000 | train_loss: 1.3792 | miou: 0.2817 | f1_macro: 0.3604 | pixel_accuracy: 0.6453 | val_loss: 1.1436
Epoch 48/1000 | train_loss: 1.3064 | miou: 0.2917 | f1_macro: 0.3731 | pixel_accuracy: 0.6532 | val_loss: 1.1174
Epoch 49/1000 | train_loss: 1.3012 | miou: 0.2904 | f1_macro: 0.3696 | pixel_accuracy: 0.6585 | val_loss: 1.1186
Epoch 50/1000 | train_loss: 1.3274 | miou: 0.2962 | f1_macro: 0.3783 | pixel_accuracy: 0.6601 | val_loss: 1.0845
Epoch 51/1000 | train_loss: 1.2776 | miou: 0.3076 | f1_macro: 0.3960 | pixel_accuracy: 0.6657 | val_loss: 1.0965
Epoch 52/1000 | train_loss: 1.3088 | miou: 0.3025 | f1_macro: 0.3844 | pixel_accuracy: 0.6651 | val_loss: 1.0919
Epoch 53/1000 | train_loss: 1.2679 | miou: 0.2842 | f1_macro: 0.3712 | pixel_accuracy: 0.6400 | val_loss: 1.0993
Epoch 54/1000 | train_loss: 1.2666 | miou: 0.2892 | f1_macro: 0.3764 | pixel_accuracy: 0.6485 | val_loss: 1.1248
Epoch 55/1000 | train_loss: 1.2660 | miou: 0.2940 | f1_macro: 0.3789 | pixel_accuracy: 0.6545 | val_loss: 1.0928
Epoch 56/1000 | train_loss: 1.2704 | miou: 0.3057 | f1_macro: 0.3905 | pixel_accuracy: 0.6644 | val_loss: 1.0687
Epoch 57/1000 | train_loss: 1.2877 | miou: 0.3367 | f1_macro: 0.4384 | pixel_accuracy: 0.6779 | val_loss: 1.0637
Epoch 58/1000 | train_loss: 1.2465 | miou: 0.3432 | f1_macro: 0.4487 | pixel_accuracy: 0.6767 | val_loss: 1.0544
Epoch 59/1000 | train_loss: 1.2774 | miou: 0.3460 | f1_macro: 0.4543 | pixel_accuracy: 0.6752 | val_loss: 1.0377
Epoch 60/1000 | train_loss: 1.2719 | miou: 0.3319 | f1_macro: 0.4399 | pixel_accuracy: 0.6626 | val_loss: 1.0834
Epoch 61/1000 | train_loss: 1.2717 | miou: 0.3452 | f1_macro: 0.4526 | pixel_accuracy: 0.6763 | val_loss: 1.0954
Epoch 62/1000 | train_loss: 1.2459 | miou: 0.3335 | f1_macro: 0.4440 | pixel_accuracy: 0.6554 | val_loss: 1.0510
Epoch 63/1000 | train_loss: 1.2387 | miou: 0.3226 | f1_macro: 0.4309 | pixel_accuracy: 0.6480 | val_loss: 1.0599
Epoch 64/1000 | train_loss: 1.2203 | miou: 0.3533 | f1_macro: 0.4666 | pixel_accuracy: 0.6725 | val_loss: 1.0997
Epoch 65/1000 | train_loss: 1.2558 | miou: 0.3605 | f1_macro: 0.4692 | pixel_accuracy: 0.6842 | val_loss: 1.0350
Epoch 66/1000 | train_loss: 1.2699 | miou: 0.3551 | f1_macro: 0.4683 | pixel_accuracy: 0.6778 | val_loss: 1.0452
Epoch 67/1000 | train_loss: 1.2474 | miou: 0.3482 | f1_macro: 0.4619 | pixel_accuracy: 0.6590 | val_loss: 1.0639
Epoch 68/1000 | train_loss: 1.2730 | miou: 0.3455 | f1_macro: 0.4527 | pixel_accuracy: 0.6707 | val_loss: 1.0881
Epoch 69/1000 | train_loss: 1.2304 | miou: 0.3547 | f1_macro: 0.4726 | pixel_accuracy: 0.6678 | val_loss: 1.0764
Epoch 70/1000 | train_loss: 1.2302 | miou: 0.3461 | f1_macro: 0.4536 | pixel_accuracy: 0.6766 | val_loss: 1.0538
Epoch 71/1000 | train_loss: 1.2082 | miou: 0.3478 | f1_macro: 0.4593 | pixel_accuracy: 0.6707 | val_loss: 1.0348
Epoch 72/1000 | train_loss: 1.2254 | miou: 0.3801 | f1_macro: 0.4992 | pixel_accuracy: 0.6885 | val_loss: 1.0052
Epoch 73/1000 | train_loss: 1.2669 | miou: 0.3447 | f1_macro: 0.4573 | pixel_accuracy: 0.6629 | val_loss: 1.0373
Epoch 74/1000 | train_loss: 1.2349 | miou: 0.3485 | f1_macro: 0.4625 | pixel_accuracy: 0.6681 | val_loss: 1.0380
Epoch 75/1000 | train_loss: 1.2472 | miou: 0.3397 | f1_macro: 0.4546 | pixel_accuracy: 0.6428 | val_loss: 1.0677
Epoch 76/1000 | train_loss: 1.2611 | miou: 0.3401 | f1_macro: 0.4501 | pixel_accuracy: 0.6605 | val_loss: 1.0444
Epoch 77/1000 | train_loss: 1.2621 | miou: 0.3684 | f1_macro: 0.4826 | pixel_accuracy: 0.6902 | val_loss: 1.0058
Epoch 78/1000 | train_loss: 1.1831 | miou: 0.3439 | f1_macro: 0.4557 | pixel_accuracy: 0.6697 | val_loss: 1.0480
Epoch 79/1000 | train_loss: 1.2542 | miou: 0.3367 | f1_macro: 0.4521 | pixel_accuracy: 0.6469 | val_loss: 1.0114
Epoch 80/1000 | train_loss: 1.2859 | miou: 0.3765 | f1_macro: 0.4917 | pixel_accuracy: 0.6941 | val_loss: 0.9993
Epoch 81/1000 | train_loss: 1.2218 | miou: 0.3837 | f1_macro: 0.4976 | pixel_accuracy: 0.7025 | val_loss: 0.9728
Epoch 82/1000 | train_loss: 1.2055 | miou: 0.3598 | f1_macro: 0.4752 | pixel_accuracy: 0.6791 | val_loss: 1.0099
Epoch 83/1000 | train_loss: 1.2385 | miou: 0.3823 | f1_macro: 0.4991 | pixel_accuracy: 0.6974 | val_loss: 0.9725
Epoch 84/1000 | train_loss: 1.2624 | miou: 0.3710 | f1_macro: 0.4802 | pixel_accuracy: 0.7010 | val_loss: 0.9926
Epoch 85/1000 | train_loss: 1.2398 | miou: 0.3828 | f1_macro: 0.4924 | pixel_accuracy: 0.7054 | val_loss: 0.9688
Epoch 86/1000 | train_loss: 1.2310 | miou: 0.3821 | f1_macro: 0.4961 | pixel_accuracy: 0.7043 | val_loss: 0.9697
Epoch 87/1000 | train_loss: 1.1988 | miou: 0.3904 | f1_macro: 0.4999 | pixel_accuracy: 0.7164 | val_loss: 0.9582
Epoch 88/1000 | train_loss: 1.1989 | miou: 0.3922 | f1_macro: 0.5046 | pixel_accuracy: 0.7132 | val_loss: 0.9459
Epoch 89/1000 | train_loss: 1.1663 | miou: 0.3961 | f1_macro: 0.5077 | pixel_accuracy: 0.7177 | val_loss: 0.9558
Epoch 90/1000 | train_loss: 1.2122 | miou: 0.3745 | f1_macro: 0.4892 | pixel_accuracy: 0.6946 | val_loss: 0.9499
Epoch 91/1000 | train_loss: 1.1921 | miou: 0.3944 | f1_macro: 0.5061 | pixel_accuracy: 0.7174 | val_loss: 0.9182
Epoch 92/1000 | train_loss: 1.1709 | miou: 0.3910 | f1_macro: 0.5007 | pixel_accuracy: 0.7155 | val_loss: 0.9378
Epoch 93/1000 | train_loss: 1.2286 | miou: 0.3689 | f1_macro: 0.4779 | pixel_accuracy: 0.6970 | val_loss: 0.9765
Epoch 94/1000 | train_loss: 1.1870 | miou: 0.4121 | f1_macro: 0.5297 | pixel_accuracy: 0.7247 | val_loss: 0.9119
Epoch 95/1000 | train_loss: 1.2025 | miou: 0.4195 | f1_macro: 0.5391 | pixel_accuracy: 0.7267 | val_loss: 0.9012
Epoch 96/1000 | train_loss: 1.1700 | miou: 0.3949 | f1_macro: 0.5029 | pixel_accuracy: 0.7226 | val_loss: 0.9414
Epoch 97/1000 | train_loss: 1.1804 | miou: 0.4213 | f1_macro: 0.5350 | pixel_accuracy: 0.7377 | val_loss: 0.8711
Epoch 98/1000 | train_loss: 1.1670 | miou: 0.4159 | f1_macro: 0.5341 | pixel_accuracy: 0.7290 | val_loss: 0.9126
Epoch 99/1000 | train_loss: 1.2085 | miou: 0.4143 | f1_macro: 0.5324 | pixel_accuracy: 0.7301 | val_loss: 0.9120
Epoch 100/1000 | train_loss: 1.1564 | miou: 0.3805 | f1_macro: 0.4851 | pixel_accuracy: 0.7125 | val_loss: 0.9367
Epoch 101/1000 | train_loss: 1.1513 | miou: 0.4258 | f1_macro: 0.5442 | pixel_accuracy: 0.7371 | val_loss: 0.9074
Epoch 102/1000 | train_loss: 1.1888 | miou: 0.3929 | f1_macro: 0.5153 | pixel_accuracy: 0.7021 | val_loss: 0.9282
Epoch 103/1000 | train_loss: 1.2073 | miou: 0.4026 | f1_macro: 0.5132 | pixel_accuracy: 0.7274 | val_loss: 0.9063
Epoch 104/1000 | train_loss: 1.1756 | miou: 0.4176 | f1_macro: 0.5298 | pixel_accuracy: 0.7367 | val_loss: 0.8921
Epoch 105/1000 | train_loss: 1.1590 | miou: 0.4184 | f1_macro: 0.5307 | pixel_accuracy: 0.7408 | val_loss: 0.9666
Epoch 106/1000 | train_loss: 1.1484 | miou: 0.4115 | f1_macro: 0.5246 | pixel_accuracy: 0.7307 | val_loss: 0.9008
Epoch 107/1000 | train_loss: 1.1672 | miou: 0.4065 | f1_macro: 0.5101 | pixel_accuracy: 0.7402 | val_loss: 1.1043
Epoch 108/1000 | train_loss: 1.1964 | miou: 0.4172 | f1_macro: 0.5319 | pixel_accuracy: 0.7316 | val_loss: 0.8811
Epoch 109/1000 | train_loss: 1.1711 | miou: 0.4195 | f1_macro: 0.5362 | pixel_accuracy: 0.7375 | val_loss: 0.9251
Epoch 110/1000 | train_loss: 1.1747 | miou: 0.4365 | f1_macro: 0.5557 | pixel_accuracy: 0.7439 | val_loss: 0.8624
Epoch 111/1000 | train_loss: 1.1688 | miou: 0.4236 | f1_macro: 0.5342 | pixel_accuracy: 0.7461 | val_loss: 0.9283
Epoch 112/1000 | train_loss: 1.1390 | miou: 0.4421 | f1_macro: 0.5584 | pixel_accuracy: 0.7530 | val_loss: 0.8721
Epoch 113/1000 | train_loss: 1.1528 | miou: 0.4301 | f1_macro: 0.5478 | pixel_accuracy: 0.7399 | val_loss: 0.8499
Epoch 114/1000 | train_loss: 1.1438 | miou: 0.4166 | f1_macro: 0.5311 | pixel_accuracy: 0.7339 | val_loss: 0.8807
Epoch 115/1000 | train_loss: 1.1808 | miou: 0.4143 | f1_macro: 0.5320 | pixel_accuracy: 0.7268 | val_loss: 0.8865
Epoch 116/1000 | train_loss: 1.1520 | miou: 0.4353 | f1_macro: 0.5541 | pixel_accuracy: 0.7422 | val_loss: 0.8730
Epoch 117/1000 | train_loss: 1.1555 | miou: 0.4150 | f1_macro: 0.5239 | pixel_accuracy: 0.7384 | val_loss: 0.8848
Epoch 118/1000 | train_loss: 1.1242 | miou: 0.4278 | f1_macro: 0.5433 | pixel_accuracy: 0.7426 | val_loss: 0.8429
Epoch 119/1000 | train_loss: 1.1461 | miou: 0.4035 | f1_macro: 0.5097 | pixel_accuracy: 0.7324 | val_loss: 0.9101
Epoch 120/1000 | train_loss: 1.0927 | miou: 0.4301 | f1_macro: 0.5509 | pixel_accuracy: 0.7392 | val_loss: 0.8627
Epoch 121/1000 | train_loss: 1.1757 | miou: 0.3874 | f1_macro: 0.4875 | pixel_accuracy: 0.7248 | val_loss: 0.9764
Epoch 122/1000 | train_loss: 1.1670 | miou: 0.4200 | f1_macro: 0.5331 | pixel_accuracy: 0.7391 | val_loss: 0.8942
Epoch 123/1000 | train_loss: 1.1264 | miou: 0.4331 | f1_macro: 0.5502 | pixel_accuracy: 0.7453 | val_loss: 0.9033
Epoch 124/1000 | train_loss: 1.1164 | miou: 0.4207 | f1_macro: 0.5262 | pixel_accuracy: 0.7498 | val_loss: 0.8884
Epoch 125/1000 | train_loss: 1.1452 | miou: 0.4401 | f1_macro: 0.5565 | pixel_accuracy: 0.7520 | val_loss: 0.8980
Epoch 126/1000 | train_loss: 1.1347 | miou: 0.4357 | f1_macro: 0.5543 | pixel_accuracy: 0.7447 | val_loss: 0.9120
Epoch 127/1000 | train_loss: 1.1248 | miou: 0.4505 | f1_macro: 0.5694 | pixel_accuracy: 0.7563 | val_loss: 0.8346
Epoch 128/1000 | train_loss: 1.1377 | miou: 0.4493 | f1_macro: 0.5658 | pixel_accuracy: 0.7589 | val_loss: 0.8280
Epoch 129/1000 | train_loss: 1.1197 | miou: 0.4445 | f1_macro: 0.5609 | pixel_accuracy: 0.7573 | val_loss: 0.8440
Epoch 130/1000 | train_loss: 1.1338 | miou: 0.4404 | f1_macro: 0.5550 | pixel_accuracy: 0.7537 | val_loss: 0.7984
Epoch 131/1000 | train_loss: 1.1120 | miou: 0.4446 | f1_macro: 0.5644 | pixel_accuracy: 0.7480 | val_loss: 0.8148
Epoch 132/1000 | train_loss: 1.1214 | miou: 0.4410 | f1_macro: 0.5533 | pixel_accuracy: 0.7568 | val_loss: 0.8075
Epoch 133/1000 | train_loss: 1.1086 | miou: 0.4500 | f1_macro: 0.5691 | pixel_accuracy: 0.7564 | val_loss: 0.8349
Epoch 134/1000 | train_loss: 1.1228 | miou: 0.4339 | f1_macro: 0.5539 | pixel_accuracy: 0.7395 | val_loss: 0.8659
Epoch 135/1000 | train_loss: 1.1439 | miou: 0.4275 | f1_macro: 0.5428 | pixel_accuracy: 0.7444 | val_loss: 0.8460
Epoch 136/1000 | train_loss: 1.1473 | miou: 0.4415 | f1_macro: 0.5569 | pixel_accuracy: 0.7537 | val_loss: 0.8337
Epoch 137/1000 | train_loss: 1.1124 | miou: 0.4514 | f1_macro: 0.5690 | pixel_accuracy: 0.7607 | val_loss: 0.8778
Epoch 138/1000 | train_loss: 1.1455 | miou: 0.4275 | f1_macro: 0.5355 | pixel_accuracy: 0.7558 | val_loss: 0.8596
Epoch 139/1000 | train_loss: 1.1059 | miou: 0.4433 | f1_macro: 0.5587 | pixel_accuracy: 0.7548 | val_loss: 0.8630
Epoch 140/1000 | train_loss: 1.1097 | miou: 0.4422 | f1_macro: 0.5583 | pixel_accuracy: 0.7523 | val_loss: 0.8035
Epoch 141/1000 | train_loss: 1.1055 | miou: 0.4378 | f1_macro: 0.5594 | pixel_accuracy: 0.7469 | val_loss: 0.8873
Epoch 142/1000 | train_loss: 1.1047 | miou: 0.4467 | f1_macro: 0.5678 | pixel_accuracy: 0.7506 | val_loss: 0.8205
Epoch 143/1000 | train_loss: 1.1074 | miou: 0.4521 | f1_macro: 0.5669 | pixel_accuracy: 0.7614 | val_loss: 0.8083
Epoch 144/1000 | train_loss: 1.1318 | miou: 0.4489 | f1_macro: 0.5608 | pixel_accuracy: 0.7676 | val_loss: 0.8265
Epoch 145/1000 | train_loss: 1.1247 | miou: 0.4197 | f1_macro: 0.5226 | pixel_accuracy: 0.7543 | val_loss: 0.8469
Epoch 146/1000 | train_loss: 1.1343 | miou: 0.4499 | f1_macro: 0.5651 | pixel_accuracy: 0.7574 | val_loss: 0.8381
Epoch 147/1000 | train_loss: 1.1341 | miou: 0.4320 | f1_macro: 0.5407 | pixel_accuracy: 0.7571 | val_loss: 0.8888
Epoch 148/1000 | train_loss: 1.1194 | miou: 0.4564 | f1_macro: 0.5745 | pixel_accuracy: 0.7621 | val_loss: 0.8092
Epoch 149/1000 | train_loss: 1.1221 | miou: 0.4575 | f1_macro: 0.5732 | pixel_accuracy: 0.7651 | val_loss: 0.7901
Epoch 150/1000 | train_loss: 1.1254 | miou: 0.4659 | f1_macro: 0.5810 | pixel_accuracy: 0.7760 | val_loss: 0.8101
Epoch 151/1000 | train_loss: 1.1324 | miou: 0.4619 | f1_macro: 0.5788 | pixel_accuracy: 0.7690 | val_loss: 0.8236
Epoch 152/1000 | train_loss: 1.0921 | miou: 0.4539 | f1_macro: 0.5679 | pixel_accuracy: 0.7679 | val_loss: 0.8386
Epoch 153/1000 | train_loss: 1.0915 | miou: 0.4539 | f1_macro: 0.5651 | pixel_accuracy: 0.7689 | val_loss: 0.7968
Epoch 154/1000 | train_loss: 1.1078 | miou: 0.4488 | f1_macro: 0.5608 | pixel_accuracy: 0.7648 | val_loss: 0.8302
Epoch 155/1000 | train_loss: 1.0805 | miou: 0.4729 | f1_macro: 0.5883 | pixel_accuracy: 0.7745 | val_loss: 0.7674
Epoch 156/1000 | train_loss: 1.0929 | miou: 0.4512 | f1_macro: 0.5683 | pixel_accuracy: 0.7630 | val_loss: 0.8463
Epoch 157/1000 | train_loss: 1.0962 | miou: 0.4700 | f1_macro: 0.5865 | pixel_accuracy: 0.7722 | val_loss: 0.7601
Epoch 158/1000 | train_loss: 1.0861 | miou: 0.4748 | f1_macro: 0.5908 | pixel_accuracy: 0.7747 | val_loss: 0.7808
Epoch 159/1000 | train_loss: 1.1076 | miou: 0.4648 | f1_macro: 0.5817 | pixel_accuracy: 0.7669 | val_loss: 0.7825
Epoch 160/1000 | train_loss: 1.1058 | miou: 0.4717 | f1_macro: 0.5901 | pixel_accuracy: 0.7703 | val_loss: 0.8110
Epoch 161/1000 | train_loss: 1.1116 | miou: 0.4656 | f1_macro: 0.5835 | pixel_accuracy: 0.7673 | val_loss: 0.7806
Epoch 162/1000 | train_loss: 1.1032 | miou: 0.4688 | f1_macro: 0.5836 | pixel_accuracy: 0.7734 | val_loss: 0.7542
Epoch 163/1000 | train_loss: 1.1064 | miou: 0.4735 | f1_macro: 0.5932 | pixel_accuracy: 0.7705 | val_loss: 0.7737
Epoch 164/1000 | train_loss: 1.1104 | miou: 0.4694 | f1_macro: 0.5879 | pixel_accuracy: 0.7735 | val_loss: 0.7933
Epoch 165/1000 | train_loss: 1.0822 | miou: 0.4633 | f1_macro: 0.5833 | pixel_accuracy: 0.7664 | val_loss: 0.7692
Epoch 166/1000 | train_loss: 1.0725 | miou: 0.4642 | f1_macro: 0.5838 | pixel_accuracy: 0.7684 | val_loss: 0.7744
Epoch 167/1000 | train_loss: 1.0883 | miou: 0.4889 | f1_macro: 0.6115 | pixel_accuracy: 0.7793 | val_loss: 0.7548
Epoch 168/1000 | train_loss: 1.0900 | miou: 0.4807 | f1_macro: 0.6025 | pixel_accuracy: 0.7743 | val_loss: 0.7961
Epoch 169/1000 | train_loss: 1.0865 | miou: 0.4778 | f1_macro: 0.6029 | pixel_accuracy: 0.7737 | val_loss: 0.7947
Epoch 170/1000 | train_loss: 1.0624 | miou: 0.4957 | f1_macro: 0.6269 | pixel_accuracy: 0.7776 | val_loss: 0.7448
Epoch 171/1000 | train_loss: 1.0798 | miou: 0.4937 | f1_macro: 0.6227 | pixel_accuracy: 0.7817 | val_loss: 0.7363
Epoch 172/1000 | train_loss: 1.0666 | miou: 0.5027 | f1_macro: 0.6314 | pixel_accuracy: 0.7864 | val_loss: 0.7387
Epoch 173/1000 | train_loss: 1.0728 | miou: 0.4830 | f1_macro: 0.6010 | pixel_accuracy: 0.7812 | val_loss: 0.7363
Epoch 174/1000 | train_loss: 1.0645 | miou: 0.4922 | f1_macro: 0.6131 | pixel_accuracy: 0.7869 | val_loss: 0.7467
Epoch 175/1000 | train_loss: 1.1220 | miou: 0.4912 | f1_macro: 0.6129 | pixel_accuracy: 0.7834 | val_loss: 0.7350
Epoch 176/1000 | train_loss: 1.0926 | miou: 0.4842 | f1_macro: 0.6103 | pixel_accuracy: 0.7766 | val_loss: 0.7500
Epoch 177/1000 | train_loss: 1.0964 | miou: 0.4739 | f1_macro: 0.5911 | pixel_accuracy: 0.7817 | val_loss: 0.7411
Epoch 178/1000 | train_loss: 1.0902 | miou: 0.4862 | f1_macro: 0.6076 | pixel_accuracy: 0.7828 | val_loss: 0.7329
Epoch 179/1000 | train_loss: 1.0730 | miou: 0.4678 | f1_macro: 0.5838 | pixel_accuracy: 0.7805 | val_loss: 0.7374
Epoch 180/1000 | train_loss: 1.0744 | miou: 0.4965 | f1_macro: 0.6238 | pixel_accuracy: 0.7843 | val_loss: 0.7195
Epoch 181/1000 | train_loss: 1.0933 | miou: 0.5099 | f1_macro: 0.6367 | pixel_accuracy: 0.7942 | val_loss: 0.7165
Epoch 182/1000 | train_loss: 1.0666 | miou: 0.4980 | f1_macro: 0.6183 | pixel_accuracy: 0.7922 | val_loss: 0.7201
Epoch 183/1000 | train_loss: 1.0741 | miou: 0.4821 | f1_macro: 0.6002 | pixel_accuracy: 0.7883 | val_loss: 0.7353
Epoch 184/1000 | train_loss: 1.0702 | miou: 0.4991 | f1_macro: 0.6266 | pixel_accuracy: 0.7837 | val_loss: 0.7342
Epoch 185/1000 | train_loss: 1.0926 | miou: 0.4856 | f1_macro: 0.6072 | pixel_accuracy: 0.7855 | val_loss: 0.7304
Epoch 186/1000 | train_loss: 1.1079 | miou: 0.4801 | f1_macro: 0.6000 | pixel_accuracy: 0.7835 | val_loss: 0.7348
Epoch 187/1000 | train_loss: 1.0742 | miou: 0.5078 | f1_macro: 0.6277 | pixel_accuracy: 0.7965 | val_loss: 0.7342
Epoch 188/1000 | train_loss: 1.0555 | miou: 0.5010 | f1_macro: 0.6226 | pixel_accuracy: 0.7900 | val_loss: 0.7420
Epoch 189/1000 | train_loss: 1.0488 | miou: 0.5039 | f1_macro: 0.6334 | pixel_accuracy: 0.7875 | val_loss: 0.7598
Epoch 190/1000 | train_loss: 1.0881 | miou: 0.4503 | f1_macro: 0.5673 | pixel_accuracy: 0.7678 | val_loss: 0.7981
Epoch 191/1000 | train_loss: 1.0677 | miou: 0.5169 | f1_macro: 0.6408 | pixel_accuracy: 0.8015 | val_loss: 0.6843
Epoch 192/1000 | train_loss: 1.0629 | miou: 0.5161 | f1_macro: 0.6421 | pixel_accuracy: 0.7968 | val_loss: 0.7058
Epoch 193/1000 | train_loss: 1.0876 | miou: 0.4752 | f1_macro: 0.6004 | pixel_accuracy: 0.7751 | val_loss: 0.7675
Epoch 194/1000 | train_loss: 1.0775 | miou: 0.5074 | f1_macro: 0.6352 | pixel_accuracy: 0.7895 | val_loss: 0.7051
Epoch 195/1000 | train_loss: 1.0487 | miou: 0.5125 | f1_macro: 0.6374 | pixel_accuracy: 0.7957 | val_loss: 0.7008
Epoch 196/1000 | train_loss: 1.0581 | miou: 0.5226 | f1_macro: 0.6448 | pixel_accuracy: 0.8033 | val_loss: 0.6834
Epoch 197/1000 | train_loss: 1.0691 | miou: 0.5085 | f1_macro: 0.6346 | pixel_accuracy: 0.7946 | val_loss: 0.7102
Epoch 198/1000 | train_loss: 1.0533 | miou: 0.5102 | f1_macro: 0.6335 | pixel_accuracy: 0.7957 | val_loss: 0.7069
Epoch 199/1000 | train_loss: 1.0645 | miou: 0.4929 | f1_macro: 0.6117 | pixel_accuracy: 0.7841 | val_loss: 0.6983
Epoch 200/1000 | train_loss: 1.0787 | miou: 0.5138 | f1_macro: 0.6404 | pixel_accuracy: 0.7952 | val_loss: 0.6887
Epoch 201/1000 | train_loss: 1.0791 | miou: 0.5186 | f1_macro: 0.6403 | pixel_accuracy: 0.8045 | val_loss: 0.6697
Epoch 202/1000 | train_loss: 1.0362 | miou: 0.5286 | f1_macro: 0.6541 | pixel_accuracy: 0.8063 | val_loss: 0.6891
Epoch 203/1000 | train_loss: 1.0765 | miou: 0.5013 | f1_macro: 0.6225 | pixel_accuracy: 0.7923 | val_loss: 0.7452
Epoch 204/1000 | train_loss: 1.0447 | miou: 0.5358 | f1_macro: 0.6693 | pixel_accuracy: 0.8037 | val_loss: 0.7137
Epoch 205/1000 | train_loss: 1.0510 | miou: 0.5301 | f1_macro: 0.6605 | pixel_accuracy: 0.8027 | val_loss: 0.7372
Epoch 206/1000 | train_loss: 1.0298 | miou: 0.4924 | f1_macro: 0.6226 | pixel_accuracy: 0.7808 | val_loss: 0.7460
Epoch 207/1000 | train_loss: 1.0497 | miou: 0.5302 | f1_macro: 0.6550 | pixel_accuracy: 0.8082 | val_loss: 0.6658
Epoch 208/1000 | train_loss: 1.0720 | miou: 0.5277 | f1_macro: 0.6451 | pixel_accuracy: 0.8091 | val_loss: 0.6654
Epoch 209/1000 | train_loss: 1.0544 | miou: 0.5215 | f1_macro: 0.6440 | pixel_accuracy: 0.8043 | val_loss: 0.6867
Epoch 210/1000 | train_loss: 1.0366 | miou: 0.5213 | f1_macro: 0.6393 | pixel_accuracy: 0.8056 | val_loss: 0.6777
Epoch 211/1000 | train_loss: 1.0575 | miou: 0.5116 | f1_macro: 0.6306 | pixel_accuracy: 0.7976 | val_loss: 0.6745
Epoch 212/1000 | train_loss: 1.0508 | miou: 0.5091 | f1_macro: 0.6269 | pixel_accuracy: 0.7963 | val_loss: 0.6819
Epoch 213/1000 | train_loss: 1.0491 | miou: 0.4851 | f1_macro: 0.6161 | pixel_accuracy: 0.7762 | val_loss: 0.7837
Epoch 214/1000 | train_loss: 1.0484 | miou: 0.5284 | f1_macro: 0.6508 | pixel_accuracy: 0.8073 | val_loss: 0.6730
Epoch 215/1000 | train_loss: 1.0784 | miou: 0.5177 | f1_macro: 0.6383 | pixel_accuracy: 0.8001 | val_loss: 0.6775
Epoch 216/1000 | train_loss: 1.0525 | miou: 0.5124 | f1_macro: 0.6321 | pixel_accuracy: 0.7973 | val_loss: 0.6768
Epoch 217/1000 | train_loss: 1.0750 | miou: 0.5415 | f1_macro: 0.6700 | pixel_accuracy: 0.8122 | val_loss: 0.6662
Epoch 218/1000 | train_loss: 1.0407 | miou: 0.5139 | f1_macro: 0.6489 | pixel_accuracy: 0.7869 | val_loss: 0.7611
Epoch 219/1000 | train_loss: 1.0675 | miou: 0.5243 | f1_macro: 0.6485 | pixel_accuracy: 0.8056 | val_loss: 0.7005
Epoch 220/1000 | train_loss: 1.0697 | miou: 0.5269 | f1_macro: 0.6523 | pixel_accuracy: 0.8064 | val_loss: 0.6974
Epoch 221/1000 | train_loss: 1.0403 | miou: 0.5167 | f1_macro: 0.6484 | pixel_accuracy: 0.7906 | val_loss: 0.7158
Epoch 222/1000 | train_loss: 1.0297 | miou: 0.5415 | f1_macro: 0.6725 | pixel_accuracy: 0.8055 | val_loss: 0.6641
Epoch 223/1000 | train_loss: 1.0228 | miou: 0.5363 | f1_macro: 0.6590 | pixel_accuracy: 0.8099 | val_loss: 0.6448
Epoch 224/1000 | train_loss: 1.0560 | miou: 0.5199 | f1_macro: 0.6417 | pixel_accuracy: 0.8043 | val_loss: 0.6910
Epoch 225/1000 | train_loss: 1.0320 | miou: 0.5236 | f1_macro: 0.6474 | pixel_accuracy: 0.8044 | val_loss: 0.6902
Epoch 226/1000 | train_loss: 1.0508 | miou: 0.5199 | f1_macro: 0.6480 | pixel_accuracy: 0.7972 | val_loss: 0.6970
Epoch 227/1000 | train_loss: 1.0352 | miou: 0.5090 | f1_macro: 0.6303 | pixel_accuracy: 0.7933 | val_loss: 0.7152
Epoch 228/1000 | train_loss: 1.0514 | miou: 0.5331 | f1_macro: 0.6539 | pixel_accuracy: 0.8104 | val_loss: 0.6646
Epoch 229/1000 | train_loss: 1.0426 | miou: 0.5288 | f1_macro: 0.6545 | pixel_accuracy: 0.8055 | val_loss: 0.7045
Epoch 230/1000 | train_loss: 1.0449 | miou: 0.5462 | f1_macro: 0.6743 | pixel_accuracy: 0.8127 | val_loss: 0.6522
Epoch 231/1000 | train_loss: 1.0236 | miou: 0.5479 | f1_macro: 0.6725 | pixel_accuracy: 0.8153 | val_loss: 0.6522
Epoch 232/1000 | train_loss: 1.0388 | miou: 0.5418 | f1_macro: 0.6697 | pixel_accuracy: 0.8100 | val_loss: 0.6767
Epoch 233/1000 | train_loss: 1.0417 | miou: 0.5323 | f1_macro: 0.6573 | pixel_accuracy: 0.8090 | val_loss: 0.6729
Epoch 234/1000 | train_loss: 1.0435 | miou: 0.5420 | f1_macro: 0.6727 | pixel_accuracy: 0.8083 | val_loss: 0.6683
Epoch 235/1000 | train_loss: 1.0433 | miou: 0.5411 | f1_macro: 0.6696 | pixel_accuracy: 0.8063 | val_loss: 0.6484
Epoch 236/1000 | train_loss: 1.0380 | miou: 0.5385 | f1_macro: 0.6635 | pixel_accuracy: 0.8093 | val_loss: 0.6555
Epoch 237/1000 | train_loss: 1.0497 | miou: 0.5366 | f1_macro: 0.6608 | pixel_accuracy: 0.8083 | val_loss: 0.6515
Epoch 238/1000 | train_loss: 1.0505 | miou: 0.5365 | f1_macro: 0.6578 | pixel_accuracy: 0.8112 | val_loss: 0.6483
Epoch 239/1000 | train_loss: 1.0303 | miou: 0.5273 | f1_macro: 0.6526 | pixel_accuracy: 0.8041 | val_loss: 0.6986
Epoch 240/1000 | train_loss: 1.0596 | miou: 0.5069 | f1_macro: 0.6451 | pixel_accuracy: 0.7809 | val_loss: 0.7797
Epoch 241/1000 | train_loss: 1.0228 | miou: 0.5331 | f1_macro: 0.6555 | pixel_accuracy: 0.8072 | val_loss: 0.6704
Epoch 242/1000 | train_loss: 1.0112 | miou: 0.5528 | f1_macro: 0.6751 | pixel_accuracy: 0.8202 | val_loss: 0.6295
Epoch 243/1000 | train_loss: 1.0266 | miou: 0.5503 | f1_macro: 0.6709 | pixel_accuracy: 0.8203 | val_loss: 0.6364
Epoch 244/1000 | train_loss: 1.0279 | miou: 0.5501 | f1_macro: 0.6715 | pixel_accuracy: 0.8183 | val_loss: 0.6235
Epoch 245/1000 | train_loss: 1.0086 | miou: 0.5538 | f1_macro: 0.6737 | pixel_accuracy: 0.8230 | val_loss: 0.5960
Epoch 246/1000 | train_loss: 1.0330 | miou: 0.5593 | f1_macro: 0.6862 | pixel_accuracy: 0.8204 | val_loss: 0.6455
Epoch 247/1000 | train_loss: 1.0037 | miou: 0.5555 | f1_macro: 0.6896 | pixel_accuracy: 0.8099 | val_loss: 0.6536
Epoch 248/1000 | train_loss: 1.0338 | miou: 0.5506 | f1_macro: 0.6832 | pixel_accuracy: 0.8115 | val_loss: 0.6550
Epoch 249/1000 | train_loss: 1.0166 | miou: 0.5467 | f1_macro: 0.6730 | pixel_accuracy: 0.8151 | val_loss: 0.6396
Epoch 250/1000 | train_loss: 1.0144 | miou: 0.5571 | f1_macro: 0.6830 | pixel_accuracy: 0.8207 | val_loss: 0.6496
Epoch 251/1000 | train_loss: 1.0055 | miou: 0.5757 | f1_macro: 0.7033 | pixel_accuracy: 0.8269 | val_loss: 0.5900
Epoch 252/1000 | train_loss: 1.0136 | miou: 0.5506 | f1_macro: 0.6741 | pixel_accuracy: 0.8168 | val_loss: 0.6227
Epoch 253/1000 | train_loss: 1.0369 | miou: 0.5320 | f1_macro: 0.6624 | pixel_accuracy: 0.7993 | val_loss: 0.6635
Epoch 254/1000 | train_loss: 1.0182 | miou: 0.5565 | f1_macro: 0.6749 | pixel_accuracy: 0.8239 | val_loss: 0.6013
Epoch 255/1000 | train_loss: 1.0432 | miou: 0.5371 | f1_macro: 0.6649 | pixel_accuracy: 0.8120 | val_loss: 0.6233
Epoch 256/1000 | train_loss: 1.0266 | miou: 0.5327 | f1_macro: 0.6599 | pixel_accuracy: 0.8057 | val_loss: 0.6504
Epoch 257/1000 | train_loss: 1.0074 | miou: 0.5600 | f1_macro: 0.6843 | pixel_accuracy: 0.8206 | val_loss: 0.5841
Epoch 258/1000 | train_loss: 1.0010 | miou: 0.5599 | f1_macro: 0.6852 | pixel_accuracy: 0.8202 | val_loss: 0.6316
Epoch 259/1000 | train_loss: 1.0199 | miou: 0.5618 | f1_macro: 0.6831 | pixel_accuracy: 0.8274 | val_loss: 0.6291
Epoch 260/1000 | train_loss: 1.0434 | miou: 0.5403 | f1_macro: 0.6623 | pixel_accuracy: 0.8108 | val_loss: 0.6254
Epoch 261/1000 | train_loss: 1.0329 | miou: 0.5491 | f1_macro: 0.6742 | pixel_accuracy: 0.8151 | val_loss: 0.6401
Epoch 262/1000 | train_loss: 1.0235 | miou: 0.5547 | f1_macro: 0.6795 | pixel_accuracy: 0.8170 | val_loss: 0.6372
Epoch 263/1000 | train_loss: 1.0129 | miou: 0.5454 | f1_macro: 0.6697 | pixel_accuracy: 0.8123 | val_loss: 0.6670
Epoch 264/1000 | train_loss: 0.9979 | miou: 0.5590 | f1_macro: 0.6825 | pixel_accuracy: 0.8199 | val_loss: 0.6516
Epoch 265/1000 | train_loss: 0.9976 | miou: 0.5565 | f1_macro: 0.6785 | pixel_accuracy: 0.8199 | val_loss: 0.6046
Epoch 266/1000 | train_loss: 1.0060 | miou: 0.5496 | f1_macro: 0.6693 | pixel_accuracy: 0.8186 | val_loss: 0.5845
Epoch 267/1000 | train_loss: 1.0186 | miou: 0.5586 | f1_macro: 0.6834 | pixel_accuracy: 0.8224 | val_loss: 0.6454
Epoch 268/1000 | train_loss: 0.9927 | miou: 0.5517 | f1_macro: 0.6682 | pixel_accuracy: 0.8244 | val_loss: 0.6614
Epoch 269/1000 | train_loss: 1.0133 | miou: 0.5382 | f1_macro: 0.6653 | pixel_accuracy: 0.8086 | val_loss: 0.6656
Epoch 270/1000 | train_loss: 0.9932 | miou: 0.5459 | f1_macro: 0.6648 | pixel_accuracy: 0.8211 | val_loss: 0.6906
Epoch 271/1000 | train_loss: 0.9923 | miou: 0.5666 | f1_macro: 0.6931 | pixel_accuracy: 0.8224 | val_loss: 0.6307
Epoch 272/1000 | train_loss: 0.9923 | miou: 0.5411 | f1_macro: 0.6630 | pixel_accuracy: 0.8104 | val_loss: 0.6929
Epoch 273/1000 | train_loss: 1.0026 | miou: 0.5492 | f1_macro: 0.6617 | pixel_accuracy: 0.8222 | val_loss: 0.6160
Epoch 274/1000 | train_loss: 1.0079 | miou: 0.5437 | f1_macro: 0.6699 | pixel_accuracy: 0.8129 | val_loss: 0.7062
Epoch 275/1000 | train_loss: 0.9915 | miou: 0.5571 | f1_macro: 0.6832 | pixel_accuracy: 0.8226 | val_loss: 0.7580
Epoch 276/1000 | train_loss: 1.0023 | miou: 0.5629 | f1_macro: 0.6836 | pixel_accuracy: 0.8260 | val_loss: 0.5823
Epoch 277/1000 | train_loss: 0.9822 | miou: 0.5695 | f1_macro: 0.6947 | pixel_accuracy: 0.8276 | val_loss: 0.5845
Epoch 278/1000 | train_loss: 0.9927 | miou: 0.5542 | f1_macro: 0.6773 | pixel_accuracy: 0.8253 | val_loss: 0.6175
Epoch 279/1000 | train_loss: 1.0046 | miou: 0.5502 | f1_macro: 0.6685 | pixel_accuracy: 0.8223 | val_loss: 0.6495
Epoch 280/1000 | train_loss: 1.0078 | miou: 0.5410 | f1_macro: 0.6618 | pixel_accuracy: 0.8122 | val_loss: 0.7075
Epoch 281/1000 | train_loss: 1.0074 | miou: 0.5732 | f1_macro: 0.6964 | pixel_accuracy: 0.8284 | val_loss: 0.6525
Epoch 282/1000 | train_loss: 1.0315 | miou: 0.5653 | f1_macro: 0.6848 | pixel_accuracy: 0.8276 | val_loss: 0.6336
Epoch 283/1000 | train_loss: 1.0007 | miou: 0.5641 | f1_macro: 0.6841 | pixel_accuracy: 0.8265 | val_loss: 0.6507
Epoch 284/1000 | train_loss: 0.9791 | miou: 0.5787 | f1_macro: 0.6995 | pixel_accuracy: 0.8315 | val_loss: 0.5569
Epoch 285/1000 | train_loss: 0.9722 | miou: 0.5592 | f1_macro: 0.6782 | pixel_accuracy: 0.8236 | val_loss: 0.6306
Epoch 286/1000 | train_loss: 0.9852 | miou: 0.5876 | f1_macro: 0.7135 | pixel_accuracy: 0.8342 | val_loss: 0.5848
Epoch 287/1000 | train_loss: 1.0098 | miou: 0.5811 | f1_macro: 0.7122 | pixel_accuracy: 0.8248 | val_loss: 0.6453
Epoch 288/1000 | train_loss: 0.9942 | miou: 0.5741 | f1_macro: 0.6944 | pixel_accuracy: 0.8303 | val_loss: 0.6516
Epoch 289/1000 | train_loss: 1.0124 | miou: 0.5869 | f1_macro: 0.7133 | pixel_accuracy: 0.8317 | val_loss: 0.5986
Epoch 290/1000 | train_loss: 1.0025 | miou: 0.5836 | f1_macro: 0.7069 | pixel_accuracy: 0.8360 | val_loss: 0.6331
Epoch 291/1000 | train_loss: 0.9961 | miou: 0.5777 | f1_macro: 0.7018 | pixel_accuracy: 0.8317 | val_loss: 0.6109
Epoch 292/1000 | train_loss: 1.0091 | miou: 0.5795 | f1_macro: 0.7056 | pixel_accuracy: 0.8296 | val_loss: 0.6530
Epoch 293/1000 | train_loss: 0.9968 | miou: 0.5756 | f1_macro: 0.7005 | pixel_accuracy: 0.8297 | val_loss: 0.6287
Epoch 294/1000 | train_loss: 1.0205 | miou: 0.5653 | f1_macro: 0.6909 | pixel_accuracy: 0.8263 | val_loss: 0.6359
Epoch 295/1000 | train_loss: 1.0047 | miou: 0.5689 | f1_macro: 0.6957 | pixel_accuracy: 0.8249 | val_loss: 0.5948
Epoch 296/1000 | train_loss: 0.9801 | miou: 0.5715 | f1_macro: 0.6961 | pixel_accuracy: 0.8304 | val_loss: 0.6022
Epoch 297/1000 | train_loss: 0.9828 | miou: 0.5862 | f1_macro: 0.7161 | pixel_accuracy: 0.8297 | val_loss: 0.5874
Epoch 298/1000 | train_loss: 0.9993 | miou: 0.5784 | f1_macro: 0.7069 | pixel_accuracy: 0.8284 | val_loss: 0.6610
Epoch 299/1000 | train_loss: 1.0058 | miou: 0.5827 | f1_macro: 0.7084 | pixel_accuracy: 0.8287 | val_loss: 0.5886
Epoch 300/1000 | train_loss: 1.0026 | miou: 0.5709 | f1_macro: 0.6947 | pixel_accuracy: 0.8268 | val_loss: 0.6228
Epoch 301/1000 | train_loss: 0.9773 | miou: 0.5909 | f1_macro: 0.7169 | pixel_accuracy: 0.8354 | val_loss: 0.6587
Epoch 302/1000 | train_loss: 0.9770 | miou: 0.5859 | f1_macro: 0.7111 | pixel_accuracy: 0.8331 | val_loss: 0.5935
Epoch 303/1000 | train_loss: 0.9921 | miou: 0.6007 | f1_macro: 0.7254 | pixel_accuracy: 0.8387 | val_loss: 0.5610
Epoch 304/1000 | train_loss: 0.9979 | miou: 0.5800 | f1_macro: 0.7007 | pixel_accuracy: 0.8330 | val_loss: 0.5985
Epoch 305/1000 | train_loss: 0.9802 | miou: 0.5704 | f1_macro: 0.6909 | pixel_accuracy: 0.8270 | val_loss: 0.6225
Epoch 306/1000 | train_loss: 0.9878 | miou: 0.5781 | f1_macro: 0.7003 | pixel_accuracy: 0.8321 | val_loss: 0.6416
Epoch 307/1000 | train_loss: 0.9760 | miou: 0.5685 | f1_macro: 0.6856 | pixel_accuracy: 0.8304 | val_loss: 0.6464
Epoch 308/1000 | train_loss: 0.9736 | miou: 0.6007 | f1_macro: 0.7243 | pixel_accuracy: 0.8443 | val_loss: 0.5964
Epoch 309/1000 | train_loss: 0.9703 | miou: 0.5897 | f1_macro: 0.7177 | pixel_accuracy: 0.8340 | val_loss: 0.6124
Epoch 310/1000 | train_loss: 0.9724 | miou: 0.5959 | f1_macro: 0.7187 | pixel_accuracy: 0.8406 | val_loss: 0.6031
Epoch 311/1000 | train_loss: 0.9832 | miou: 0.5804 | f1_macro: 0.7006 | pixel_accuracy: 0.8331 | val_loss: 0.5957
Epoch 312/1000 | train_loss: 0.9886 | miou: 0.5477 | f1_macro: 0.6737 | pixel_accuracy: 0.8167 | val_loss: 0.6634
Epoch 313/1000 | train_loss: 0.9884 | miou: 0.5806 | f1_macro: 0.7023 | pixel_accuracy: 0.8323 | val_loss: 0.5927
Epoch 314/1000 | train_loss: 1.0143 | miou: 0.5661 | f1_macro: 0.6879 | pixel_accuracy: 0.8232 | val_loss: 0.5676
Epoch 315/1000 | train_loss: 1.0047 | miou: 0.5935 | f1_macro: 0.7138 | pixel_accuracy: 0.8392 | val_loss: 0.5472
Epoch 316/1000 | train_loss: 0.9700 | miou: 0.5858 | f1_macro: 0.7092 | pixel_accuracy: 0.8340 | val_loss: 0.5719
Epoch 317/1000 | train_loss: 0.9943 | miou: 0.5930 | f1_macro: 0.7204 | pixel_accuracy: 0.8382 | val_loss: 0.5704
Epoch 318/1000 | train_loss: 0.9893 | miou: 0.5853 | f1_macro: 0.7081 | pixel_accuracy: 0.8373 | val_loss: 0.5742
Epoch 319/1000 | train_loss: 0.9897 | miou: 0.6037 | f1_macro: 0.7274 | pixel_accuracy: 0.8437 | val_loss: 0.5889
Epoch 320/1000 | train_loss: 0.9901 | miou: 0.6020 | f1_macro: 0.7252 | pixel_accuracy: 0.8424 | val_loss: 0.5396
Epoch 321/1000 | train_loss: 0.9693 | miou: 0.5804 | f1_macro: 0.7043 | pixel_accuracy: 0.8339 | val_loss: 0.5538
Epoch 322/1000 | train_loss: 0.9649 | miou: 0.6037 | f1_macro: 0.7263 | pixel_accuracy: 0.8445 | val_loss: 0.5587
Epoch 323/1000 | train_loss: 0.9901 | miou: 0.5906 | f1_macro: 0.7128 | pixel_accuracy: 0.8365 | val_loss: 0.5671
Epoch 324/1000 | train_loss: 0.9976 | miou: 0.5678 | f1_macro: 0.6927 | pixel_accuracy: 0.8282 | val_loss: 0.6405
Epoch 325/1000 | train_loss: 0.9705 | miou: 0.5958 | f1_macro: 0.7202 | pixel_accuracy: 0.8381 | val_loss: 0.5890
Epoch 326/1000 | train_loss: 0.9686 | miou: 0.5782 | f1_macro: 0.7018 | pixel_accuracy: 0.8344 | val_loss: 0.6297
Epoch 327/1000 | train_loss: 0.9675 | miou: 0.5912 | f1_macro: 0.7190 | pixel_accuracy: 0.8353 | val_loss: 0.6496
Epoch 328/1000 | train_loss: 0.9592 | miou: 0.5822 | f1_macro: 0.7032 | pixel_accuracy: 0.8331 | val_loss: 0.6172
Epoch 329/1000 | train_loss: 0.9605 | miou: 0.5854 | f1_macro: 0.7107 | pixel_accuracy: 0.8349 | val_loss: 0.5903
Epoch 330/1000 | train_loss: 0.9986 | miou: 0.5862 | f1_macro: 0.7173 | pixel_accuracy: 0.8254 | val_loss: 0.6717
Epoch 331/1000 | train_loss: 0.9848 | miou: 0.5824 | f1_macro: 0.7109 | pixel_accuracy: 0.8256 | val_loss: 0.5976
Epoch 332/1000 | train_loss: 0.9691 | miou: 0.5746 | f1_macro: 0.6997 | pixel_accuracy: 0.8265 | val_loss: 0.6518
Epoch 333/1000 | train_loss: 0.9735 | miou: 0.5966 | f1_macro: 0.7243 | pixel_accuracy: 0.8349 | val_loss: 0.5934
Epoch 334/1000 | train_loss: 0.9702 | miou: 0.5807 | f1_macro: 0.7023 | pixel_accuracy: 0.8312 | val_loss: 0.6110
Epoch 335/1000 | train_loss: 0.9732 | miou: 0.6011 | f1_macro: 0.7261 | pixel_accuracy: 0.8403 | val_loss: 0.6222
Epoch 336/1000 | train_loss: 0.9635 | miou: 0.6070 | f1_macro: 0.7341 | pixel_accuracy: 0.8407 | val_loss: 0.5982
Epoch 337/1000 | train_loss: 1.0098 | miou: 0.5767 | f1_macro: 0.7020 | pixel_accuracy: 0.8267 | val_loss: 0.6612
Epoch 338/1000 | train_loss: 0.9930 | miou: 0.5683 | f1_macro: 0.6821 | pixel_accuracy: 0.8293 | val_loss: 0.5956
Epoch 339/1000 | train_loss: 0.9863 | miou: 0.5812 | f1_macro: 0.7030 | pixel_accuracy: 0.8309 | val_loss: 0.5994
Epoch 340/1000 | train_loss: 0.9581 | miou: 0.5957 | f1_macro: 0.7216 | pixel_accuracy: 0.8364 | val_loss: 0.5798
Epoch 341/1000 | train_loss: 0.9558 | miou: 0.5975 | f1_macro: 0.7237 | pixel_accuracy: 0.8392 | val_loss: 0.6629
Epoch 342/1000 | train_loss: 0.9560 | miou: 0.5995 | f1_macro: 0.7270 | pixel_accuracy: 0.8372 | val_loss: 0.5930
Epoch 343/1000 | train_loss: 0.9542 | miou: 0.6073 | f1_macro: 0.7334 | pixel_accuracy: 0.8404 | val_loss: 0.6104
Epoch 344/1000 | train_loss: 0.9568 | miou: 0.6003 | f1_macro: 0.7249 | pixel_accuracy: 0.8383 | val_loss: 0.5764
Epoch 345/1000 | train_loss: 0.9514 | miou: 0.5882 | f1_macro: 0.7137 | pixel_accuracy: 0.8337 | val_loss: 0.5856
Epoch 346/1000 | train_loss: 0.9769 | miou: 0.6017 | f1_macro: 0.7275 | pixel_accuracy: 0.8381 | val_loss: 0.6098
Epoch 347/1000 | train_loss: 0.9750 | miou: 0.5875 | f1_macro: 0.7132 | pixel_accuracy: 0.8363 | val_loss: 0.6504
Epoch 348/1000 | train_loss: 0.9678 | miou: 0.5962 | f1_macro: 0.7240 | pixel_accuracy: 0.8286 | val_loss: 0.5926
Epoch 349/1000 | train_loss: 0.9736 | miou: 0.6161 | f1_macro: 0.7395 | pixel_accuracy: 0.8482 | val_loss: 0.5701
Epoch 350/1000 | train_loss: 0.9672 | miou: 0.5874 | f1_macro: 0.7033 | pixel_accuracy: 0.8377 | val_loss: 0.5816
Epoch 351/1000 | train_loss: 0.9619 | miou: 0.6022 | f1_macro: 0.7243 | pixel_accuracy: 0.8400 | val_loss: 0.5518
Epoch 352/1000 | train_loss: 0.9787 | miou: 0.5913 | f1_macro: 0.7148 | pixel_accuracy: 0.8368 | val_loss: 0.5908
Epoch 353/1000 | train_loss: 0.9643 | miou: 0.5918 | f1_macro: 0.7115 | pixel_accuracy: 0.8379 | val_loss: 0.5556
Epoch 354/1000 | train_loss: 0.9614 | miou: 0.5977 | f1_macro: 0.7166 | pixel_accuracy: 0.8427 | val_loss: 0.5708
Epoch 355/1000 | train_loss: 0.9618 | miou: 0.6122 | f1_macro: 0.7396 | pixel_accuracy: 0.8412 | val_loss: 0.5518
Epoch 356/1000 | train_loss: 0.9773 | miou: 0.5887 | f1_macro: 0.7117 | pixel_accuracy: 0.8324 | val_loss: 0.5793
Epoch 357/1000 | train_loss: 0.9581 | miou: 0.5897 | f1_macro: 0.7099 | pixel_accuracy: 0.8390 | val_loss: 0.6102
Epoch 358/1000 | train_loss: 0.9596 | miou: 0.5988 | f1_macro: 0.7218 | pixel_accuracy: 0.8389 | val_loss: 0.6315
Epoch 359/1000 | train_loss: 0.9578 | miou: 0.5970 | f1_macro: 0.7231 | pixel_accuracy: 0.8353 | val_loss: 0.6121
Epoch 360/1000 | train_loss: 0.9580 | miou: 0.6113 | f1_macro: 0.7368 | pixel_accuracy: 0.8440 | val_loss: 0.5829
Epoch 361/1000 | train_loss: 0.9634 | miou: 0.6095 | f1_macro: 0.7337 | pixel_accuracy: 0.8442 | val_loss: 0.6303
Epoch 362/1000 | train_loss: 0.9649 | miou: 0.6185 | f1_macro: 0.7446 | pixel_accuracy: 0.8427 | val_loss: 0.5334
Epoch 363/1000 | train_loss: 0.9770 | miou: 0.5961 | f1_macro: 0.7249 | pixel_accuracy: 0.8271 | val_loss: 0.5668
Epoch 364/1000 | train_loss: 0.9815 | miou: 0.5855 | f1_macro: 0.7073 | pixel_accuracy: 0.8360 | val_loss: 0.6011
Epoch 365/1000 | train_loss: 0.9633 | miou: 0.6055 | f1_macro: 0.7281 | pixel_accuracy: 0.8448 | val_loss: 0.6186
Epoch 366/1000 | train_loss: 0.9652 | miou: 0.6094 | f1_macro: 0.7292 | pixel_accuracy: 0.8456 | val_loss: 0.5709
Epoch 367/1000 | train_loss: 0.9845 | miou: 0.5864 | f1_macro: 0.7042 | pixel_accuracy: 0.8363 | val_loss: 0.6417
Epoch 368/1000 | train_loss: 0.9448 | miou: 0.6064 | f1_macro: 0.7296 | pixel_accuracy: 0.8444 | val_loss: 0.6332
Epoch 369/1000 | train_loss: 0.9560 | miou: 0.5942 | f1_macro: 0.7149 | pixel_accuracy: 0.8399 | val_loss: 0.6763
Epoch 370/1000 | train_loss: 0.9470 | miou: 0.5997 | f1_macro: 0.7181 | pixel_accuracy: 0.8440 | val_loss: 0.5740
Epoch 371/1000 | train_loss: 0.9741 | miou: 0.5999 | f1_macro: 0.7203 | pixel_accuracy: 0.8423 | val_loss: 0.6105
Epoch 372/1000 | train_loss: 0.9664 | miou: 0.6125 | f1_macro: 0.7327 | pixel_accuracy: 0.8476 | val_loss: 0.5324
Epoch 373/1000 | train_loss: 0.9526 | miou: 0.6220 | f1_macro: 0.7468 | pixel_accuracy: 0.8472 | val_loss: 0.5945
Epoch 374/1000 | train_loss: 0.9588 | miou: 0.6175 | f1_macro: 0.7376 | pixel_accuracy: 0.8516 | val_loss: 0.5714
Epoch 375/1000 | train_loss: 0.9467 | miou: 0.6035 | f1_macro: 0.7255 | pixel_accuracy: 0.8448 | val_loss: 0.6232
Epoch 376/1000 | train_loss: 0.9387 | miou: 0.6229 | f1_macro: 0.7469 | pixel_accuracy: 0.8492 | val_loss: 0.5593
Epoch 377/1000 | train_loss: 0.9524 | miou: 0.6156 | f1_macro: 0.7392 | pixel_accuracy: 0.8476 | val_loss: 0.5788
Epoch 378/1000 | train_loss: 0.9653 | miou: 0.5856 | f1_macro: 0.7073 | pixel_accuracy: 0.8347 | val_loss: 0.5822
Epoch 379/1000 | train_loss: 0.9615 | miou: 0.5767 | f1_macro: 0.7048 | pixel_accuracy: 0.8156 | val_loss: 0.6591
Epoch 380/1000 | train_loss: 0.9688 | miou: 0.6055 | f1_macro: 0.7316 | pixel_accuracy: 0.8402 | val_loss: 0.6801
Epoch 381/1000 | train_loss: 0.9751 | miou: 0.6007 | f1_macro: 0.7252 | pixel_accuracy: 0.8404 | val_loss: 0.6185
Epoch 382/1000 | train_loss: 0.9501 | miou: 0.5995 | f1_macro: 0.7208 | pixel_accuracy: 0.8425 | val_loss: 0.5767
Epoch 383/1000 | train_loss: 0.9394 | miou: 0.6188 | f1_macro: 0.7415 | pixel_accuracy: 0.8463 | val_loss: 0.5461
Epoch 384/1000 | train_loss: 0.9555 | miou: 0.6222 | f1_macro: 0.7455 | pixel_accuracy: 0.8482 | val_loss: 0.5782
Epoch 385/1000 | train_loss: 0.9305 | miou: 0.6412 | f1_macro: 0.7638 | pixel_accuracy: 0.8588 | val_loss: 0.5225
Epoch 386/1000 | train_loss: 0.9456 | miou: 0.6237 | f1_macro: 0.7473 | pixel_accuracy: 0.8488 | val_loss: 0.5593
Epoch 387/1000 | train_loss: 0.9402 | miou: 0.6373 | f1_macro: 0.7609 | pixel_accuracy: 0.8553 | val_loss: 0.5652
Epoch 388/1000 | train_loss: 0.9418 | miou: 0.6292 | f1_macro: 0.7549 | pixel_accuracy: 0.8486 | val_loss: 0.6037
Epoch 389/1000 | train_loss: 0.9623 | miou: 0.5956 | f1_macro: 0.7245 | pixel_accuracy: 0.8330 | val_loss: 0.6920
Epoch 390/1000 | train_loss: 0.9682 | miou: 0.6016 | f1_macro: 0.7281 | pixel_accuracy: 0.8353 | val_loss: 0.6671
Epoch 391/1000 | train_loss: 0.9808 | miou: 0.5967 | f1_macro: 0.7219 | pixel_accuracy: 0.8354 | val_loss: 0.6275
Epoch 392/1000 | train_loss: 0.9595 | miou: 0.6021 | f1_macro: 0.7187 | pixel_accuracy: 0.8452 | val_loss: 0.5916
Epoch 393/1000 | train_loss: 0.9487 | miou: 0.6181 | f1_macro: 0.7396 | pixel_accuracy: 0.8478 | val_loss: 0.6263
Epoch 394/1000 | train_loss: 0.9581 | miou: 0.6050 | f1_macro: 0.7220 | pixel_accuracy: 0.8470 | val_loss: 0.6563
Epoch 395/1000 | train_loss: 0.9483 | miou: 0.6026 | f1_macro: 0.7209 | pixel_accuracy: 0.8442 | val_loss: 0.5965
Epoch 396/1000 | train_loss: 0.9327 | miou: 0.6273 | f1_macro: 0.7499 | pixel_accuracy: 0.8507 | val_loss: 0.5815
Epoch 397/1000 | train_loss: 0.9511 | miou: 0.6206 | f1_macro: 0.7433 | pixel_accuracy: 0.8466 | val_loss: 0.6106
Epoch 398/1000 | train_loss: 0.9389 | miou: 0.6180 | f1_macro: 0.7405 | pixel_accuracy: 0.8483 | val_loss: 0.5910
Epoch 399/1000 | train_loss: 0.9474 | miou: 0.6289 | f1_macro: 0.7498 | pixel_accuracy: 0.8539 | val_loss: 0.5847
Epoch 400/1000 | train_loss: 0.9548 | miou: 0.6097 | f1_macro: 0.7349 | pixel_accuracy: 0.8452 | val_loss: 0.6564
Epoch 401/1000 | train_loss: 0.9542 | miou: 0.6214 | f1_macro: 0.7425 | pixel_accuracy: 0.8517 | val_loss: 0.5750
Epoch 402/1000 | train_loss: 0.9416 | miou: 0.6110 | f1_macro: 0.7330 | pixel_accuracy: 0.8473 | val_loss: 0.5953
Epoch 403/1000 | train_loss: 0.9272 | miou: 0.6360 | f1_macro: 0.7587 | pixel_accuracy: 0.8557 | val_loss: 0.5786
Epoch 404/1000 | train_loss: 0.9367 | miou: 0.6414 | f1_macro: 0.7635 | pixel_accuracy: 0.8578 | val_loss: 0.5135
Epoch 405/1000 | train_loss: 0.9650 | miou: 0.6289 | f1_macro: 0.7512 | pixel_accuracy: 0.8516 | val_loss: 0.6007
Epoch 406/1000 | train_loss: 0.9436 | miou: 0.6173 | f1_macro: 0.7378 | pixel_accuracy: 0.8516 | val_loss: 0.5467
Epoch 407/1000 | train_loss: 0.9252 | miou: 0.6224 | f1_macro: 0.7418 | pixel_accuracy: 0.8515 | val_loss: 0.5893
Epoch 408/1000 | train_loss: 0.9382 | miou: 0.6167 | f1_macro: 0.7427 | pixel_accuracy: 0.8470 | val_loss: 0.5754
Epoch 409/1000 | train_loss: 0.9659 | miou: 0.6110 | f1_macro: 0.7327 | pixel_accuracy: 0.8477 | val_loss: 0.5669
Epoch 410/1000 | train_loss: 0.9690 | miou: 0.6038 | f1_macro: 0.7309 | pixel_accuracy: 0.8351 | val_loss: 0.6497
Epoch 411/1000 | train_loss: 0.9969 | miou: 0.5815 | f1_macro: 0.7100 | pixel_accuracy: 0.8260 | val_loss: 0.6828
Epoch 412/1000 | train_loss: 1.0092 | miou: 0.5791 | f1_macro: 0.7002 | pixel_accuracy: 0.8269 | val_loss: 0.6172
Epoch 413/1000 | train_loss: 0.9646 | miou: 0.6217 | f1_macro: 0.7453 | pixel_accuracy: 0.8488 | val_loss: 0.5821
Epoch 414/1000 | train_loss: 0.9435 | miou: 0.6315 | f1_macro: 0.7541 | pixel_accuracy: 0.8525 | val_loss: 0.5657
Epoch 415/1000 | train_loss: 0.9499 | miou: 0.6321 | f1_macro: 0.7522 | pixel_accuracy: 0.8558 | val_loss: 0.5859
Epoch 416/1000 | train_loss: 0.9457 | miou: 0.6279 | f1_macro: 0.7501 | pixel_accuracy: 0.8523 | val_loss: 0.5838
Epoch 417/1000 | train_loss: 0.9454 | miou: 0.6123 | f1_macro: 0.7330 | pixel_accuracy: 0.8486 | val_loss: 0.6023
Epoch 418/1000 | train_loss: 0.9524 | miou: 0.6118 | f1_macro: 0.7333 | pixel_accuracy: 0.8447 | val_loss: 0.6614
Epoch 419/1000 | train_loss: 0.9380 | miou: 0.6308 | f1_macro: 0.7548 | pixel_accuracy: 0.8525 | val_loss: 0.5955
Epoch 420/1000 | train_loss: 0.9385 | miou: 0.6181 | f1_macro: 0.7416 | pixel_accuracy: 0.8452 | val_loss: 0.6354
Epoch 421/1000 | train_loss: 0.9261 | miou: 0.6310 | f1_macro: 0.7570 | pixel_accuracy: 0.8492 | val_loss: 0.5935
Epoch 422/1000 | train_loss: 0.9269 | miou: 0.6343 | f1_macro: 0.7584 | pixel_accuracy: 0.8519 | val_loss: 0.5689
Epoch 423/1000 | train_loss: 0.9323 | miou: 0.6369 | f1_macro: 0.7608 | pixel_accuracy: 0.8525 | val_loss: 0.5767
Epoch 424/1000 | train_loss: 0.9334 | miou: 0.6311 | f1_macro: 0.7528 | pixel_accuracy: 0.8524 | val_loss: 0.5333
Epoch 425/1000 | train_loss: 0.9454 | miou: 0.6450 | f1_macro: 0.7659 | pixel_accuracy: 0.8599 | val_loss: 0.5994
Epoch 426/1000 | train_loss: 0.9335 | miou: 0.6328 | f1_macro: 0.7533 | pixel_accuracy: 0.8551 | val_loss: 0.6114
Epoch 427/1000 | train_loss: 0.9373 | miou: 0.6408 | f1_macro: 0.7624 | pixel_accuracy: 0.8572 | val_loss: 0.5722
Epoch 428/1000 | train_loss: 0.9450 | miou: 0.6223 | f1_macro: 0.7471 | pixel_accuracy: 0.8482 | val_loss: 0.6112
Epoch 429/1000 | train_loss: 0.9334 | miou: 0.6254 | f1_macro: 0.7477 | pixel_accuracy: 0.8510 | val_loss: 0.6101
Epoch 430/1000 | train_loss: 0.9457 | miou: 0.6227 | f1_macro: 0.7454 | pixel_accuracy: 0.8485 | val_loss: 0.5783
Epoch 431/1000 | train_loss: 0.9347 | miou: 0.6113 | f1_macro: 0.7367 | pixel_accuracy: 0.8399 | val_loss: 0.5979
Epoch 432/1000 | train_loss: 0.9327 | miou: 0.6275 | f1_macro: 0.7475 | pixel_accuracy: 0.8530 | val_loss: 0.6100
Epoch 433/1000 | train_loss: 0.9270 | miou: 0.6187 | f1_macro: 0.7419 | pixel_accuracy: 0.8479 | val_loss: 0.6411
Epoch 434/1000 | train_loss: 0.9447 | miou: 0.6181 | f1_macro: 0.7403 | pixel_accuracy: 0.8483 | val_loss: 0.6528
Epoch 435/1000 | train_loss: 0.9408 | miou: 0.6367 | f1_macro: 0.7600 | pixel_accuracy: 0.8537 | val_loss: 0.5810
Epoch 436/1000 | train_loss: 0.9292 | miou: 0.6367 | f1_macro: 0.7602 | pixel_accuracy: 0.8539 | val_loss: 0.5844
Epoch 437/1000 | train_loss: 0.9327 | miou: 0.6400 | f1_macro: 0.7617 | pixel_accuracy: 0.8571 | val_loss: 0.5928
Epoch 438/1000 | train_loss: 0.9184 | miou: 0.6463 | f1_macro: 0.7695 | pixel_accuracy: 0.8556 | val_loss: 0.5389
Epoch 439/1000 | train_loss: 0.9368 | miou: 0.6112 | f1_macro: 0.7367 | pixel_accuracy: 0.8393 | val_loss: 0.6259
Epoch 440/1000 | train_loss: 0.9360 | miou: 0.6330 | f1_macro: 0.7558 | pixel_accuracy: 0.8559 | val_loss: 0.6115
Epoch 441/1000 | train_loss: 0.9410 | miou: 0.6121 | f1_macro: 0.7344 | pixel_accuracy: 0.8448 | val_loss: 0.6488
Epoch 442/1000 | train_loss: 0.9361 | miou: 0.6453 | f1_macro: 0.7668 | pixel_accuracy: 0.8577 | val_loss: 0.5944
Epoch 443/1000 | train_loss: 0.9088 | miou: 0.6558 | f1_macro: 0.7766 | pixel_accuracy: 0.8631 | val_loss: 0.5477
Epoch 444/1000 | train_loss: 0.9509 | miou: 0.6313 | f1_macro: 0.7543 | pixel_accuracy: 0.8539 | val_loss: 0.5343
Epoch 445/1000 | train_loss: 0.9498 | miou: 0.6335 | f1_macro: 0.7583 | pixel_accuracy: 0.8511 | val_loss: 0.6135
Epoch 446/1000 | train_loss: 0.9399 | miou: 0.6314 | f1_macro: 0.7523 | pixel_accuracy: 0.8550 | val_loss: 0.5840
Epoch 447/1000 | train_loss: 0.9297 | miou: 0.6531 | f1_macro: 0.7725 | pixel_accuracy: 0.8634 | val_loss: 0.5737
Epoch 448/1000 | train_loss: 0.9246 | miou: 0.6496 | f1_macro: 0.7708 | pixel_accuracy: 0.8603 | val_loss: 0.5918
Epoch 449/1000 | train_loss: 0.9265 | miou: 0.6313 | f1_macro: 0.7530 | pixel_accuracy: 0.8534 | val_loss: 0.6142
Epoch 450/1000 | train_loss: 0.9269 | miou: 0.6382 | f1_macro: 0.7612 | pixel_accuracy: 0.8548 | val_loss: 0.5497
Epoch 451/1000 | train_loss: 0.9233 | miou: 0.6296 | f1_macro: 0.7538 | pixel_accuracy: 0.8492 | val_loss: 0.5815
Epoch 452/1000 | train_loss: 0.9175 | miou: 0.6443 | f1_macro: 0.7675 | pixel_accuracy: 0.8551 | val_loss: 0.5893
Epoch 453/1000 | train_loss: 0.9215 | miou: 0.6439 | f1_macro: 0.7645 | pixel_accuracy: 0.8581 | val_loss: 0.5608
Epoch 454/1000 | train_loss: 0.9291 | miou: 0.5774 | f1_macro: 0.7043 | pixel_accuracy: 0.8318 | val_loss: 0.7330
Epoch 455/1000 | train_loss: 0.9247 | miou: 0.6433 | f1_macro: 0.7665 | pixel_accuracy: 0.8559 | val_loss: 0.5472
Epoch 456/1000 | train_loss: 0.9428 | miou: 0.6682 | f1_macro: 0.7870 | pixel_accuracy: 0.8693 | val_loss: 0.5243
Epoch 457/1000 | train_loss: 0.9356 | miou: 0.6440 | f1_macro: 0.7684 | pixel_accuracy: 0.8537 | val_loss: 0.5360
Epoch 458/1000 | train_loss: 0.9229 | miou: 0.6483 | f1_macro: 0.7698 | pixel_accuracy: 0.8603 | val_loss: 0.5257
Epoch 459/1000 | train_loss: 0.9557 | miou: 0.6549 | f1_macro: 0.7753 | pixel_accuracy: 0.8628 | val_loss: 0.5361
Epoch 460/1000 | train_loss: 0.9032 | miou: 0.6561 | f1_macro: 0.7777 | pixel_accuracy: 0.8631 | val_loss: 0.5565
Epoch 461/1000 | train_loss: 0.9249 | miou: 0.6552 | f1_macro: 0.7771 | pixel_accuracy: 0.8612 | val_loss: 0.5688
Epoch 462/1000 | train_loss: 0.9290 | miou: 0.6534 | f1_macro: 0.7754 | pixel_accuracy: 0.8595 | val_loss: 0.5575
Epoch 463/1000 | train_loss: 0.9162 | miou: 0.6605 | f1_macro: 0.7788 | pixel_accuracy: 0.8681 | val_loss: 0.5507
Epoch 464/1000 | train_loss: 0.9415 | miou: 0.6514 | f1_macro: 0.7734 | pixel_accuracy: 0.8606 | val_loss: 0.6024
Epoch 465/1000 | train_loss: 0.9222 | miou: 0.6566 | f1_macro: 0.7779 | pixel_accuracy: 0.8628 | val_loss: 0.5535
Epoch 466/1000 | train_loss: 0.9074 | miou: 0.6620 | f1_macro: 0.7815 | pixel_accuracy: 0.8680 | val_loss: 0.5620
Epoch 467/1000 | train_loss: 0.9194 | miou: 0.6426 | f1_macro: 0.7619 | pixel_accuracy: 0.8631 | val_loss: 0.5833
Epoch 468/1000 | train_loss: 0.9509 | miou: 0.6328 | f1_macro: 0.7557 | pixel_accuracy: 0.8546 | val_loss: 0.5491
Epoch 469/1000 | train_loss: 0.9585 | miou: 0.6243 | f1_macro: 0.7450 | pixel_accuracy: 0.8531 | val_loss: 0.5599
Epoch 470/1000 | train_loss: 0.9382 | miou: 0.6377 | f1_macro: 0.7585 | pixel_accuracy: 0.8561 | val_loss: 0.5759
Epoch 471/1000 | train_loss: 0.9320 | miou: 0.6508 | f1_macro: 0.7732 | pixel_accuracy: 0.8605 | val_loss: 0.5681
Epoch 472/1000 | train_loss: 0.9286 | miou: 0.6536 | f1_macro: 0.7752 | pixel_accuracy: 0.8628 | val_loss: 0.5746
Epoch 473/1000 | train_loss: 0.9109 | miou: 0.6510 | f1_macro: 0.7718 | pixel_accuracy: 0.8618 | val_loss: 0.6169
Epoch 474/1000 | train_loss: 0.9264 | miou: 0.6437 | f1_macro: 0.7638 | pixel_accuracy: 0.8617 | val_loss: 0.6361
Epoch 475/1000 | train_loss: 0.9193 | miou: 0.6324 | f1_macro: 0.7512 | pixel_accuracy: 0.8598 | val_loss: 0.6701
Epoch 476/1000 | train_loss: 0.9777 | miou: 0.6330 | f1_macro: 0.7567 | pixel_accuracy: 0.8546 | val_loss: 0.5458
Epoch 477/1000 | train_loss: 0.9289 | miou: 0.6459 | f1_macro: 0.7677 | pixel_accuracy: 0.8615 | val_loss: 0.5327
Epoch 478/1000 | train_loss: 0.9221 | miou: 0.6543 | f1_macro: 0.7750 | pixel_accuracy: 0.8630 | val_loss: 0.5218
Epoch 479/1000 | train_loss: 0.9098 | miou: 0.6628 | f1_macro: 0.7819 | pixel_accuracy: 0.8673 | val_loss: 0.5307
Epoch 480/1000 | train_loss: 0.9296 | miou: 0.6656 | f1_macro: 0.7837 | pixel_accuracy: 0.8686 | val_loss: 0.5138
Epoch 481/1000 | train_loss: 0.9217 | miou: 0.6494 | f1_macro: 0.7716 | pixel_accuracy: 0.8583 | val_loss: 0.6087
Epoch 482/1000 | train_loss: 0.9063 | miou: 0.6582 | f1_macro: 0.7777 | pixel_accuracy: 0.8643 | val_loss: 0.6004
Epoch 483/1000 | train_loss: 0.9067 | miou: 0.6613 | f1_macro: 0.7805 | pixel_accuracy: 0.8659 | val_loss: 0.5978
Epoch 484/1000 | train_loss: 0.9111 | miou: 0.6552 | f1_macro: 0.7751 | pixel_accuracy: 0.8640 | val_loss: 0.6687
Epoch 485/1000 | train_loss: 0.9093 | miou: 0.6534 | f1_macro: 0.7736 | pixel_accuracy: 0.8618 | val_loss: 0.6562
Epoch 486/1000 | train_loss: 0.9119 | miou: 0.6501 | f1_macro: 0.7698 | pixel_accuracy: 0.8616 | val_loss: 0.6470
Epoch 487/1000 | train_loss: 0.9268 | miou: 0.6506 | f1_macro: 0.7716 | pixel_accuracy: 0.8616 | val_loss: 0.6665
Epoch 488/1000 | train_loss: 0.9160 | miou: 0.6562 | f1_macro: 0.7754 | pixel_accuracy: 0.8661 | val_loss: 0.6601
Epoch 489/1000 | train_loss: 0.9168 | miou: 0.6504 | f1_macro: 0.7706 | pixel_accuracy: 0.8649 | val_loss: 0.7252
Epoch 490/1000 | train_loss: 0.9119 | miou: 0.6566 | f1_macro: 0.7773 | pixel_accuracy: 0.8631 | val_loss: 0.6272
Epoch 491/1000 | train_loss: 0.9281 | miou: 0.6578 | f1_macro: 0.7795 | pixel_accuracy: 0.8589 | val_loss: 0.4968
Epoch 492/1000 | train_loss: 0.9219 | miou: 0.6541 | f1_macro: 0.7736 | pixel_accuracy: 0.8631 | val_loss: 0.6392
Epoch 493/1000 | train_loss: 0.9189 | miou: 0.6547 | f1_macro: 0.7732 | pixel_accuracy: 0.8649 | val_loss: 0.6025
Epoch 494/1000 | train_loss: 0.9127 | miou: 0.6510 | f1_macro: 0.7700 | pixel_accuracy: 0.8631 | val_loss: 0.6070
Epoch 495/1000 | train_loss: 0.9155 | miou: 0.6508 | f1_macro: 0.7681 | pixel_accuracy: 0.8644 | val_loss: 0.5633
Epoch 496/1000 | train_loss: 0.9080 | miou: 0.6505 | f1_macro: 0.7698 | pixel_accuracy: 0.8654 | val_loss: 0.7177
Epoch 497/1000 | train_loss: 0.9145 | miou: 0.6523 | f1_macro: 0.7719 | pixel_accuracy: 0.8649 | val_loss: 0.5870
Epoch 498/1000 | train_loss: 0.8993 | miou: 0.6728 | f1_macro: 0.7907 | pixel_accuracy: 0.8713 | val_loss: 0.5834
Epoch 499/1000 | train_loss: 0.9332 | miou: 0.6450 | f1_macro: 0.7676 | pixel_accuracy: 0.8568 | val_loss: 0.5617
Epoch 500/1000 | train_loss: 0.9053 | miou: 0.6588 | f1_macro: 0.7768 | pixel_accuracy: 0.8663 | val_loss: 0.5384
Epoch 501/1000 | train_loss: 0.9162 | miou: 0.6690 | f1_macro: 0.7885 | pixel_accuracy: 0.8706 | val_loss: 0.5438
Epoch 502/1000 | train_loss: 0.9092 | miou: 0.6727 | f1_macro: 0.7915 | pixel_accuracy: 0.8728 | val_loss: 0.5716
Epoch 503/1000 | train_loss: 0.8968 | miou: 0.6695 | f1_macro: 0.7876 | pixel_accuracy: 0.8707 | val_loss: 0.5648
Epoch 504/1000 | train_loss: 0.9037 | miou: 0.6653 | f1_macro: 0.7861 | pixel_accuracy: 0.8654 | val_loss: 0.6119
Epoch 505/1000 | train_loss: 0.9109 | miou: 0.6364 | f1_macro: 0.7584 | pixel_accuracy: 0.8573 | val_loss: 0.6747
Epoch 506/1000 | train_loss: 0.9145 | miou: 0.6517 | f1_macro: 0.7737 | pixel_accuracy: 0.8611 | val_loss: 0.6108
Epoch 507/1000 | train_loss: 0.9459 | miou: 0.6516 | f1_macro: 0.7723 | pixel_accuracy: 0.8653 | val_loss: 0.5947
Epoch 508/1000 | train_loss: 0.9097 | miou: 0.6737 | f1_macro: 0.7934 | pixel_accuracy: 0.8689 | val_loss: 0.5481
Epoch 509/1000 | train_loss: 0.9288 | miou: 0.6504 | f1_macro: 0.7730 | pixel_accuracy: 0.8600 | val_loss: 0.6472
Epoch 510/1000 | train_loss: 0.9169 | miou: 0.6555 | f1_macro: 0.7782 | pixel_accuracy: 0.8619 | val_loss: 0.5964
Epoch 511/1000 | train_loss: 0.8962 | miou: 0.6567 | f1_macro: 0.7776 | pixel_accuracy: 0.8636 | val_loss: 0.6030
Epoch 512/1000 | train_loss: 0.9239 | miou: 0.6539 | f1_macro: 0.7757 | pixel_accuracy: 0.8605 | val_loss: 0.6462
Epoch 513/1000 | train_loss: 0.9239 | miou: 0.6603 | f1_macro: 0.7813 | pixel_accuracy: 0.8645 | val_loss: 0.5486
Epoch 514/1000 | train_loss: 0.9216 | miou: 0.6443 | f1_macro: 0.7622 | pixel_accuracy: 0.8651 | val_loss: 0.6171
Epoch 515/1000 | train_loss: 0.9365 | miou: 0.6046 | f1_macro: 0.7280 | pixel_accuracy: 0.8516 | val_loss: 0.6335
Epoch 516/1000 | train_loss: 0.9372 | miou: 0.6383 | f1_macro: 0.7599 | pixel_accuracy: 0.8554 | val_loss: 0.6492
Epoch 517/1000 | train_loss: 0.9189 | miou: 0.6576 | f1_macro: 0.7778 | pixel_accuracy: 0.8641 | val_loss: 0.5852
Epoch 518/1000 | train_loss: 0.9198 | miou: 0.6522 | f1_macro: 0.7727 | pixel_accuracy: 0.8630 | val_loss: 0.6109
Epoch 519/1000 | train_loss: 0.9037 | miou: 0.6612 | f1_macro: 0.7798 | pixel_accuracy: 0.8688 | val_loss: 0.6029
Epoch 520/1000 | train_loss: 0.9170 | miou: 0.6640 | f1_macro: 0.7839 | pixel_accuracy: 0.8671 | val_loss: 0.5844
Epoch 521/1000 | train_loss: 0.9150 | miou: 0.6730 | f1_macro: 0.7931 | pixel_accuracy: 0.8677 | val_loss: 0.5848
Epoch 522/1000 | train_loss: 0.8975 | miou: 0.6551 | f1_macro: 0.7754 | pixel_accuracy: 0.8642 | val_loss: 0.6574
Epoch 523/1000 | train_loss: 0.9050 | miou: 0.6740 | f1_macro: 0.7937 | pixel_accuracy: 0.8714 | val_loss: 0.6549
Epoch 524/1000 | train_loss: 0.9064 | miou: 0.6669 | f1_macro: 0.7879 | pixel_accuracy: 0.8669 | val_loss: 0.6511
Epoch 525/1000 | train_loss: 0.8944 | miou: 0.6651 | f1_macro: 0.7853 | pixel_accuracy: 0.8681 | val_loss: 0.6436
Epoch 526/1000 | train_loss: 0.8988 | miou: 0.6703 | f1_macro: 0.7887 | pixel_accuracy: 0.8703 | val_loss: 0.6573
Epoch 527/1000 | train_loss: 0.8974 | miou: 0.6669 | f1_macro: 0.7868 | pixel_accuracy: 0.8682 | val_loss: 0.6633
Epoch 528/1000 | train_loss: 0.9035 | miou: 0.6579 | f1_macro: 0.7781 | pixel_accuracy: 0.8628 | val_loss: 0.6656
Epoch 529/1000 | train_loss: 0.8982 | miou: 0.6673 | f1_macro: 0.7875 | pixel_accuracy: 0.8674 | val_loss: 0.5954
Epoch 530/1000 | train_loss: 0.9102 | miou: 0.6450 | f1_macro: 0.7674 | pixel_accuracy: 0.8579 | val_loss: 0.6913
Epoch 531/1000 | train_loss: 0.8990 | miou: 0.6688 | f1_macro: 0.7884 | pixel_accuracy: 0.8677 | val_loss: 0.6296
Epoch 532/1000 | train_loss: 0.8972 | miou: 0.6721 | f1_macro: 0.7914 | pixel_accuracy: 0.8691 | val_loss: 0.6283
Epoch 533/1000 | train_loss: 0.8814 | miou: 0.6753 | f1_macro: 0.7931 | pixel_accuracy: 0.8735 | val_loss: 0.5870
Epoch 534/1000 | train_loss: 0.8970 | miou: 0.6637 | f1_macro: 0.7821 | pixel_accuracy: 0.8682 | val_loss: 0.6337
Epoch 535/1000 | train_loss: 0.8954 | miou: 0.6641 | f1_macro: 0.7853 | pixel_accuracy: 0.8659 | val_loss: 0.6828
Epoch 536/1000 | train_loss: 0.9226 | miou: 0.6638 | f1_macro: 0.7870 | pixel_accuracy: 0.8627 | val_loss: 0.6397
Epoch 537/1000 | train_loss: 0.9255 | miou: 0.6429 | f1_macro: 0.7655 | pixel_accuracy: 0.8602 | val_loss: 0.6752
Epoch 538/1000 | train_loss: 0.9081 | miou: 0.6683 | f1_macro: 0.7876 | pixel_accuracy: 0.8680 | val_loss: 0.6558
Epoch 539/1000 | train_loss: 0.9198 | miou: 0.6614 | f1_macro: 0.7830 | pixel_accuracy: 0.8633 | val_loss: 0.6395
Epoch 540/1000 | train_loss: 0.9105 | miou: 0.6648 | f1_macro: 0.7859 | pixel_accuracy: 0.8653 | val_loss: 0.7191
Epoch 541/1000 | train_loss: 0.9034 | miou: 0.6778 | f1_macro: 0.7965 | pixel_accuracy: 0.8740 | val_loss: 0.6684
Epoch 542/1000 | train_loss: 0.8848 | miou: 0.6794 | f1_macro: 0.7970 | pixel_accuracy: 0.8744 | val_loss: 0.5965
Epoch 543/1000 | train_loss: 0.9303 | miou: 0.6542 | f1_macro: 0.7766 | pixel_accuracy: 0.8601 | val_loss: 0.6264
Epoch 544/1000 | train_loss: 0.9109 | miou: 0.6628 | f1_macro: 0.7850 | pixel_accuracy: 0.8626 | val_loss: 0.5769
Epoch 545/1000 | train_loss: 0.9110 | miou: 0.6807 | f1_macro: 0.7983 | pixel_accuracy: 0.8749 | val_loss: 0.5690
Epoch 546/1000 | train_loss: 0.9016 | miou: 0.6660 | f1_macro: 0.7862 | pixel_accuracy: 0.8676 | val_loss: 0.6244
Epoch 547/1000 | train_loss: 0.9230 | miou: 0.6722 | f1_macro: 0.7900 | pixel_accuracy: 0.8733 | val_loss: 0.5869
Epoch 548/1000 | train_loss: 0.8969 | miou: 0.6672 | f1_macro: 0.7866 | pixel_accuracy: 0.8684 | val_loss: 0.6828
Epoch 549/1000 | train_loss: 0.9034 | miou: 0.6725 | f1_macro: 0.7932 | pixel_accuracy: 0.8670 | val_loss: 0.6555
Epoch 550/1000 | train_loss: 0.8913 | miou: 0.6660 | f1_macro: 0.7862 | pixel_accuracy: 0.8669 | val_loss: 0.6491
Epoch 551/1000 | train_loss: 0.8964 | miou: 0.6774 | f1_macro: 0.7954 | pixel_accuracy: 0.8721 | val_loss: 0.6347
Epoch 552/1000 | train_loss: 0.9034 | miou: 0.6671 | f1_macro: 0.7868 | pixel_accuracy: 0.8668 | val_loss: 0.6803
Epoch 553/1000 | train_loss: 0.8813 | miou: 0.6763 | f1_macro: 0.7962 | pixel_accuracy: 0.8688 | val_loss: 0.6619
Epoch 554/1000 | train_loss: 0.9058 | miou: 0.6525 | f1_macro: 0.7744 | pixel_accuracy: 0.8616 | val_loss: 0.6938
Epoch 555/1000 | train_loss: 0.9039 | miou: 0.6617 | f1_macro: 0.7827 | pixel_accuracy: 0.8675 | val_loss: 0.6370
Epoch 556/1000 | train_loss: 0.9223 | miou: 0.6391 | f1_macro: 0.7618 | pixel_accuracy: 0.8608 | val_loss: 0.6825
Epoch 557/1000 | train_loss: 0.9260 | miou: 0.6633 | f1_macro: 0.7827 | pixel_accuracy: 0.8699 | val_loss: 0.6273
Epoch 558/1000 | train_loss: 0.9126 | miou: 0.6804 | f1_macro: 0.7959 | pixel_accuracy: 0.8780 | val_loss: 0.5519
Epoch 559/1000 | train_loss: 0.9033 | miou: 0.6528 | f1_macro: 0.7742 | pixel_accuracy: 0.8603 | val_loss: 0.6512
Epoch 560/1000 | train_loss: 0.8873 | miou: 0.6725 | f1_macro: 0.7891 | pixel_accuracy: 0.8720 | val_loss: 0.6752
Epoch 561/1000 | train_loss: 0.8813 | miou: 0.6829 | f1_macro: 0.7985 | pixel_accuracy: 0.8781 | val_loss: 0.6289
Epoch 562/1000 | train_loss: 0.9221 | miou: 0.6370 | f1_macro: 0.7570 | pixel_accuracy: 0.8572 | val_loss: 0.7764
Epoch 563/1000 | train_loss: 0.9307 | miou: 0.6502 | f1_macro: 0.7707 | pixel_accuracy: 0.8639 | val_loss: 0.7060
Epoch 564/1000 | train_loss: 0.9184 | miou: 0.6630 | f1_macro: 0.7848 | pixel_accuracy: 0.8627 | val_loss: 0.6154
Epoch 565/1000 | train_loss: 0.9083 | miou: 0.6732 | f1_macro: 0.7922 | pixel_accuracy: 0.8691 | val_loss: 0.6182
Epoch 566/1000 | train_loss: 0.8978 | miou: 0.6766 | f1_macro: 0.7941 | pixel_accuracy: 0.8729 | val_loss: 0.5543
Epoch 567/1000 | train_loss: 0.8947 | miou: 0.6828 | f1_macro: 0.8013 | pixel_accuracy: 0.8731 | val_loss: 0.5493
Epoch 568/1000 | train_loss: 0.8885 | miou: 0.6949 | f1_macro: 0.8091 | pixel_accuracy: 0.8834 | val_loss: 0.5513
Epoch 569/1000 | train_loss: 0.8975 | miou: 0.6899 | f1_macro: 0.8053 | pixel_accuracy: 0.8804 | val_loss: 0.5788
Epoch 570/1000 | train_loss: 0.8934 | miou: 0.6904 | f1_macro: 0.8063 | pixel_accuracy: 0.8787 | val_loss: 0.5341
Epoch 571/1000 | train_loss: 0.8877 | miou: 0.6611 | f1_macro: 0.7841 | pixel_accuracy: 0.8601 | val_loss: 0.5813
Epoch 572/1000 | train_loss: 0.8823 | miou: 0.6909 | f1_macro: 0.8051 | pixel_accuracy: 0.8814 | val_loss: 0.5412
Epoch 573/1000 | train_loss: 0.8816 | miou: 0.6904 | f1_macro: 0.8048 | pixel_accuracy: 0.8816 | val_loss: 0.5764
Epoch 574/1000 | train_loss: 0.8952 | miou: 0.6672 | f1_macro: 0.7870 | pixel_accuracy: 0.8717 | val_loss: 0.6275
Epoch 575/1000 | train_loss: 0.8836 | miou: 0.6752 | f1_macro: 0.7935 | pixel_accuracy: 0.8732 | val_loss: 0.6878
Epoch 576/1000 | train_loss: 0.9085 | miou: 0.6642 | f1_macro: 0.7856 | pixel_accuracy: 0.8653 | val_loss: 0.6520
Epoch 577/1000 | train_loss: 0.8824 | miou: 0.6803 | f1_macro: 0.7948 | pixel_accuracy: 0.8805 | val_loss: 0.6521
Epoch 578/1000 | train_loss: 0.9084 | miou: 0.6715 | f1_macro: 0.7895 | pixel_accuracy: 0.8703 | val_loss: 0.6664
Epoch 579/1000 | train_loss: 0.9299 | miou: 0.6123 | f1_macro: 0.7268 | pixel_accuracy: 0.8541 | val_loss: 0.7073
Epoch 580/1000 | train_loss: 0.9716 | miou: 0.6159 | f1_macro: 0.7355 | pixel_accuracy: 0.8482 | val_loss: 0.5559
Epoch 581/1000 | train_loss: 0.9365 | miou: 0.6318 | f1_macro: 0.7568 | pixel_accuracy: 0.8483 | val_loss: 0.6150
Epoch 582/1000 | train_loss: 0.9219 | miou: 0.6466 | f1_macro: 0.7661 | pixel_accuracy: 0.8610 | val_loss: 0.5850
Epoch 583/1000 | train_loss: 0.8937 | miou: 0.6746 | f1_macro: 0.7924 | pixel_accuracy: 0.8720 | val_loss: 0.5420
Epoch 584/1000 | train_loss: 0.8899 | miou: 0.6762 | f1_macro: 0.7949 | pixel_accuracy: 0.8705 | val_loss: 0.5412
Epoch 585/1000 | train_loss: 0.8890 | miou: 0.6855 | f1_macro: 0.7997 | pixel_accuracy: 0.8821 | val_loss: 0.4950
Epoch 586/1000 | train_loss: 0.9126 | miou: 0.6703 | f1_macro: 0.7899 | pixel_accuracy: 0.8697 | val_loss: 0.6208
Epoch 587/1000 | train_loss: 0.9035 | miou: 0.6782 | f1_macro: 0.7945 | pixel_accuracy: 0.8753 | val_loss: 0.5460
Epoch 588/1000 | train_loss: 0.9035 | miou: 0.6815 | f1_macro: 0.7983 | pixel_accuracy: 0.8750 | val_loss: 0.5857
Epoch 589/1000 | train_loss: 0.8846 | miou: 0.6917 | f1_macro: 0.8078 | pixel_accuracy: 0.8773 | val_loss: 0.5760
Epoch 590/1000 | train_loss: 0.8902 | miou: 0.6679 | f1_macro: 0.7882 | pixel_accuracy: 0.8670 | val_loss: 0.6430
Epoch 591/1000 | train_loss: 0.8738 | miou: 0.6838 | f1_macro: 0.8016 | pixel_accuracy: 0.8741 | val_loss: 0.5988
Epoch 592/1000 | train_loss: 0.8777 | miou: 0.6719 | f1_macro: 0.7920 | pixel_accuracy: 0.8690 | val_loss: 0.6400
Epoch 593/1000 | train_loss: 0.9044 | miou: 0.6753 | f1_macro: 0.7939 | pixel_accuracy: 0.8724 | val_loss: 0.6776
Epoch 594/1000 | train_loss: 0.8784 | miou: 0.6813 | f1_macro: 0.7995 | pixel_accuracy: 0.8722 | val_loss: 0.6721
Epoch 595/1000 | train_loss: 0.8873 | miou: 0.6835 | f1_macro: 0.8022 | pixel_accuracy: 0.8705 | val_loss: 0.5802
Epoch 596/1000 | train_loss: 0.8844 | miou: 0.6874 | f1_macro: 0.8036 | pixel_accuracy: 0.8767 | val_loss: 0.6497
Epoch 597/1000 | train_loss: 0.9090 | miou: 0.6787 | f1_macro: 0.7964 | pixel_accuracy: 0.8729 | val_loss: 0.6113
Epoch 598/1000 | train_loss: 0.9170 | miou: 0.6553 | f1_macro: 0.7742 | pixel_accuracy: 0.8647 | val_loss: 0.5824
Epoch 599/1000 | train_loss: 0.8923 | miou: 0.6882 | f1_macro: 0.8049 | pixel_accuracy: 0.8763 | val_loss: 0.5348
Epoch 600/1000 | train_loss: 0.8804 | miou: 0.6853 | f1_macro: 0.8013 | pixel_accuracy: 0.8782 | val_loss: 0.5928
Epoch 601/1000 | train_loss: 0.8997 | miou: 0.6847 | f1_macro: 0.8018 | pixel_accuracy: 0.8770 | val_loss: 0.6119
Epoch 602/1000 | train_loss: 0.8825 | miou: 0.6824 | f1_macro: 0.8018 | pixel_accuracy: 0.8711 | val_loss: 0.6238
Epoch 603/1000 | train_loss: 0.8755 | miou: 0.6851 | f1_macro: 0.8033 | pixel_accuracy: 0.8724 | val_loss: 0.5770
Epoch 604/1000 | train_loss: 0.8984 | miou: 0.6814 | f1_macro: 0.7995 | pixel_accuracy: 0.8743 | val_loss: 0.5841
Epoch 605/1000 | train_loss: 0.8892 | miou: 0.6786 | f1_macro: 0.7961 | pixel_accuracy: 0.8737 | val_loss: 0.5542
Epoch 606/1000 | train_loss: 0.8997 | miou: 0.6675 | f1_macro: 0.7866 | pixel_accuracy: 0.8690 | val_loss: 0.6099
Epoch 607/1000 | train_loss: 0.8920 | miou: 0.6663 | f1_macro: 0.7841 | pixel_accuracy: 0.8696 | val_loss: 0.6240
Epoch 608/1000 | train_loss: 0.8960 | miou: 0.6775 | f1_macro: 0.7940 | pixel_accuracy: 0.8740 | val_loss: 0.6040
Epoch 609/1000 | train_loss: 0.8860 | miou: 0.6614 | f1_macro: 0.7836 | pixel_accuracy: 0.8627 | val_loss: 0.6402
Epoch 610/1000 | train_loss: 0.8811 | miou: 0.6898 | f1_macro: 0.8050 | pixel_accuracy: 0.8790 | val_loss: 0.5967
Epoch 611/1000 | train_loss: 0.8888 | miou: 0.6934 | f1_macro: 0.8084 | pixel_accuracy: 0.8789 | val_loss: 0.5983
Epoch 612/1000 | train_loss: 0.9013 | miou: 0.6961 | f1_macro: 0.8104 | pixel_accuracy: 0.8811 | val_loss: 0.6103
Epoch 613/1000 | train_loss: 0.8891 | miou: 0.6816 | f1_macro: 0.7990 | pixel_accuracy: 0.8746 | val_loss: 0.6484
Epoch 614/1000 | train_loss: 0.8926 | miou: 0.6909 | f1_macro: 0.8062 | pixel_accuracy: 0.8780 | val_loss: 0.6221
Epoch 615/1000 | train_loss: 0.8841 | miou: 0.6966 | f1_macro: 0.8113 | pixel_accuracy: 0.8803 | val_loss: 0.5761
Epoch 616/1000 | train_loss: 0.9044 | miou: 0.7017 | f1_macro: 0.8157 | pixel_accuracy: 0.8831 | val_loss: 0.5881
Epoch 617/1000 | train_loss: 0.8948 | miou: 0.6924 | f1_macro: 0.8062 | pixel_accuracy: 0.8837 | val_loss: 0.5847
Epoch 618/1000 | train_loss: 0.8875 | miou: 0.6981 | f1_macro: 0.8112 | pixel_accuracy: 0.8845 | val_loss: 0.5907
Epoch 619/1000 | train_loss: 0.9079 | miou: 0.6975 | f1_macro: 0.8116 | pixel_accuracy: 0.8817 | val_loss: 0.5813
Epoch 620/1000 | train_loss: 0.9097 | miou: 0.6886 | f1_macro: 0.8059 | pixel_accuracy: 0.8765 | val_loss: 0.6065
Epoch 621/1000 | train_loss: 0.8828 | miou: 0.6852 | f1_macro: 0.8027 | pixel_accuracy: 0.8751 | val_loss: 0.6249
Epoch 622/1000 | train_loss: 0.9088 | miou: 0.6922 | f1_macro: 0.8093 | pixel_accuracy: 0.8750 | val_loss: 0.5665
Epoch 623/1000 | train_loss: 0.9659 | miou: 0.6285 | f1_macro: 0.7519 | pixel_accuracy: 0.8479 | val_loss: 0.5740
Epoch 624/1000 | train_loss: 0.9371 | miou: 0.6574 | f1_macro: 0.7781 | pixel_accuracy: 0.8639 | val_loss: 0.5895
Epoch 625/1000 | train_loss: 1.0707 | miou: 0.6181 | f1_macro: 0.7445 | pixel_accuracy: 0.8450 | val_loss: 0.5685
Epoch 626/1000 | train_loss: 0.9361 | miou: 0.6689 | f1_macro: 0.7916 | pixel_accuracy: 0.8618 | val_loss: 0.5811
Epoch 627/1000 | train_loss: 0.9130 | miou: 0.6669 | f1_macro: 0.7890 | pixel_accuracy: 0.8616 | val_loss: 0.5764
Epoch 628/1000 | train_loss: 0.9193 | miou: 0.6659 | f1_macro: 0.7905 | pixel_accuracy: 0.8544 | val_loss: 0.5547
Epoch 629/1000 | train_loss: 0.8849 | miou: 0.6657 | f1_macro: 0.7896 | pixel_accuracy: 0.8565 | val_loss: 0.5761
Epoch 630/1000 | train_loss: 0.9017 | miou: 0.6647 | f1_macro: 0.7856 | pixel_accuracy: 0.8687 | val_loss: 0.5851
Epoch 631/1000 | train_loss: 0.8980 | miou: 0.6812 | f1_macro: 0.7990 | pixel_accuracy: 0.8720 | val_loss: 0.5717
Epoch 632/1000 | train_loss: 0.8923 | miou: 0.6916 | f1_macro: 0.8071 | pixel_accuracy: 0.8778 | val_loss: 0.5602
Epoch 633/1000 | train_loss: 0.9004 | miou: 0.6739 | f1_macro: 0.7941 | pixel_accuracy: 0.8675 | val_loss: 0.5920
Epoch 634/1000 | train_loss: 0.8905 | miou: 0.6810 | f1_macro: 0.7990 | pixel_accuracy: 0.8750 | val_loss: 0.5887
Epoch 635/1000 | train_loss: 0.8970 | miou: 0.7012 | f1_macro: 0.8149 | pixel_accuracy: 0.8826 | val_loss: 0.5259
Epoch 636/1000 | train_loss: 0.8694 | miou: 0.7045 | f1_macro: 0.8173 | pixel_accuracy: 0.8851 | val_loss: 0.5543
Epoch 637/1000 | train_loss: 0.8749 | miou: 0.6843 | f1_macro: 0.8021 | pixel_accuracy: 0.8721 | val_loss: 0.5898
Epoch 638/1000 | train_loss: 0.9018 | miou: 0.6487 | f1_macro: 0.7749 | pixel_accuracy: 0.8525 | val_loss: 0.7276
Epoch 639/1000 | train_loss: 0.8908 | miou: 0.6894 | f1_macro: 0.8048 | pixel_accuracy: 0.8775 | val_loss: 0.5604
Epoch 640/1000 | train_loss: 0.8852 | miou: 0.6997 | f1_macro: 0.8133 | pixel_accuracy: 0.8816 | val_loss: 0.5382
Epoch 641/1000 | train_loss: 0.8901 | miou: 0.6712 | f1_macro: 0.7898 | pixel_accuracy: 0.8643 | val_loss: 0.6135
Epoch 642/1000 | train_loss: 0.8908 | miou: 0.6794 | f1_macro: 0.7977 | pixel_accuracy: 0.8708 | val_loss: 0.5571
Epoch 643/1000 | train_loss: 0.9070 | miou: 0.6824 | f1_macro: 0.8011 | pixel_accuracy: 0.8714 | val_loss: 0.5338
Epoch 644/1000 | train_loss: 0.8849 | miou: 0.6826 | f1_macro: 0.8000 | pixel_accuracy: 0.8755 | val_loss: 0.5938
Epoch 645/1000 | train_loss: 0.8783 | miou: 0.6921 | f1_macro: 0.8079 | pixel_accuracy: 0.8765 | val_loss: 0.5892
Epoch 646/1000 | train_loss: 0.9120 | miou: 0.6774 | f1_macro: 0.7987 | pixel_accuracy: 0.8646 | val_loss: 0.6082
Epoch 647/1000 | train_loss: 0.9173 | miou: 0.6432 | f1_macro: 0.7686 | pixel_accuracy: 0.8480 | val_loss: 0.6054
Epoch 648/1000 | train_loss: 0.8860 | miou: 0.6752 | f1_macro: 0.7946 | pixel_accuracy: 0.8662 | val_loss: 0.6651
Epoch 649/1000 | train_loss: 0.8948 | miou: 0.6786 | f1_macro: 0.7962 | pixel_accuracy: 0.8718 | val_loss: 0.6033
Epoch 650/1000 | train_loss: 0.8681 | miou: 0.6920 | f1_macro: 0.8077 | pixel_accuracy: 0.8775 | val_loss: 0.5669
Epoch 651/1000 | train_loss: 0.8930 | miou: 0.6884 | f1_macro: 0.8037 | pixel_accuracy: 0.8791 | val_loss: 0.5847
Epoch 652/1000 | train_loss: 0.8961 | miou: 0.6877 | f1_macro: 0.8032 | pixel_accuracy: 0.8778 | val_loss: 0.5750
Epoch 653/1000 | train_loss: 0.8970 | miou: 0.6600 | f1_macro: 0.7833 | pixel_accuracy: 0.8577 | val_loss: 0.6273
Epoch 654/1000 | train_loss: 0.8824 | miou: 0.6868 | f1_macro: 0.8027 | pixel_accuracy: 0.8759 | val_loss: 0.6447
Epoch 655/1000 | train_loss: 0.8862 | miou: 0.6722 | f1_macro: 0.7916 | pixel_accuracy: 0.8688 | val_loss: 0.6802
Epoch 656/1000 | train_loss: 0.9024 | miou: 0.6679 | f1_macro: 0.7924 | pixel_accuracy: 0.8561 | val_loss: 0.6114
Epoch 657/1000 | train_loss: 0.9002 | miou: 0.6794 | f1_macro: 0.8015 | pixel_accuracy: 0.8620 | val_loss: 0.6096
Epoch 658/1000 | train_loss: 0.8951 | miou: 0.6855 | f1_macro: 0.8034 | pixel_accuracy: 0.8715 | val_loss: 0.6306
Epoch 659/1000 | train_loss: 0.8955 | miou: 0.6782 | f1_macro: 0.7956 | pixel_accuracy: 0.8732 | val_loss: 0.6541
Epoch 660/1000 | train_loss: 0.8598 | miou: 0.6940 | f1_macro: 0.8094 | pixel_accuracy: 0.8796 | val_loss: 0.6006
Epoch 661/1000 | train_loss: 0.8843 | miou: 0.7059 | f1_macro: 0.8190 | pixel_accuracy: 0.8832 | val_loss: 0.5890
Epoch 662/1000 | train_loss: 0.9013 | miou: 0.6881 | f1_macro: 0.8033 | pixel_accuracy: 0.8789 | val_loss: 0.5565
Epoch 663/1000 | train_loss: 0.8825 | miou: 0.6751 | f1_macro: 0.7978 | pixel_accuracy: 0.8615 | val_loss: 0.6375
Epoch 664/1000 | train_loss: 0.8777 | miou: 0.6866 | f1_macro: 0.8045 | pixel_accuracy: 0.8717 | val_loss: 0.6066
Epoch 665/1000 | train_loss: 0.9069 | miou: 0.6881 | f1_macro: 0.8045 | pixel_accuracy: 0.8750 | val_loss: 0.5550
Epoch 666/1000 | train_loss: 0.8802 | miou: 0.6845 | f1_macro: 0.8012 | pixel_accuracy: 0.8738 | val_loss: 0.6100
Epoch 667/1000 | train_loss: 0.8803 | miou: 0.6982 | f1_macro: 0.8137 | pixel_accuracy: 0.8782 | val_loss: 0.6287
Epoch 668/1000 | train_loss: 0.8621 | miou: 0.7023 | f1_macro: 0.8167 | pixel_accuracy: 0.8800 | val_loss: 0.6086
Epoch 669/1000 | train_loss: 0.8656 | miou: 0.7003 | f1_macro: 0.8155 | pixel_accuracy: 0.8783 | val_loss: 0.6212
Epoch 670/1000 | train_loss: 0.8816 | miou: 0.6843 | f1_macro: 0.8034 | pixel_accuracy: 0.8718 | val_loss: 0.6432
Epoch 671/1000 | train_loss: 0.8884 | miou: 0.6959 | f1_macro: 0.8124 | pixel_accuracy: 0.8766 | val_loss: 0.6647
Epoch 672/1000 | train_loss: 0.8788 | miou: 0.6931 | f1_macro: 0.8093 | pixel_accuracy: 0.8784 | val_loss: 0.6886
Epoch 673/1000 | train_loss: 0.8839 | miou: 0.6616 | f1_macro: 0.7861 | pixel_accuracy: 0.8591 | val_loss: 0.6473
Epoch 674/1000 | train_loss: 0.8840 | miou: 0.6846 | f1_macro: 0.8011 | pixel_accuracy: 0.8757 | val_loss: 0.5970
Epoch 675/1000 | train_loss: 0.8861 | miou: 0.6825 | f1_macro: 0.8021 | pixel_accuracy: 0.8687 | val_loss: 0.6157
Epoch 676/1000 | train_loss: 0.8801 | miou: 0.6870 | f1_macro: 0.8049 | pixel_accuracy: 0.8726 | val_loss: 0.6021
Epoch 677/1000 | train_loss: 0.8785 | miou: 0.6888 | f1_macro: 0.8074 | pixel_accuracy: 0.8743 | val_loss: 0.6112
Epoch 678/1000 | train_loss: 0.8883 | miou: 0.6773 | f1_macro: 0.7971 | pixel_accuracy: 0.8687 | val_loss: 0.5697
Epoch 679/1000 | train_loss: 0.8895 | miou: 0.7016 | f1_macro: 0.8156 | pixel_accuracy: 0.8802 | val_loss: 0.5726
Epoch 680/1000 | train_loss: 0.8879 | miou: 0.7010 | f1_macro: 0.8145 | pixel_accuracy: 0.8837 | val_loss: 0.5923
Epoch 681/1000 | train_loss: 0.8865 | miou: 0.6999 | f1_macro: 0.8134 | pixel_accuracy: 0.8820 | val_loss: 0.5702
Epoch 682/1000 | train_loss: 0.8852 | miou: 0.6982 | f1_macro: 0.8137 | pixel_accuracy: 0.8787 | val_loss: 0.6071
Epoch 683/1000 | train_loss: 0.8784 | miou: 0.6877 | f1_macro: 0.8056 | pixel_accuracy: 0.8723 | val_loss: 0.6584
Epoch 684/1000 | train_loss: 0.8667 | miou: 0.7071 | f1_macro: 0.8204 | pixel_accuracy: 0.8824 | val_loss: 0.6173
Epoch 685/1000 | train_loss: 0.8863 | miou: 0.6984 | f1_macro: 0.8138 | pixel_accuracy: 0.8775 | val_loss: 0.6137
Epoch 686/1000 | train_loss: 0.8889 | miou: 0.6913 | f1_macro: 0.8092 | pixel_accuracy: 0.8729 | val_loss: 0.6163
Epoch 687/1000 | train_loss: 0.8895 | miou: 0.6899 | f1_macro: 0.8095 | pixel_accuracy: 0.8679 | val_loss: 0.6430
Epoch 688/1000 | train_loss: 0.8828 | miou: 0.7030 | f1_macro: 0.8180 | pixel_accuracy: 0.8790 | val_loss: 0.6023
Epoch 689/1000 | train_loss: 0.8900 | miou: 0.6904 | f1_macro: 0.8083 | pixel_accuracy: 0.8739 | val_loss: 0.6489
Epoch 690/1000 | train_loss: 0.8876 | miou: 0.6382 | f1_macro: 0.7684 | pixel_accuracy: 0.8421 | val_loss: 0.7694
Epoch 691/1000 | train_loss: 0.9197 | miou: 0.6592 | f1_macro: 0.7812 | pixel_accuracy: 0.8606 | val_loss: 0.6803
Epoch 692/1000 | train_loss: 0.9000 | miou: 0.6725 | f1_macro: 0.7912 | pixel_accuracy: 0.8678 | val_loss: 0.6449
Epoch 693/1000 | train_loss: 0.8767 | miou: 0.6923 | f1_macro: 0.8093 | pixel_accuracy: 0.8728 | val_loss: 0.5389
Epoch 694/1000 | train_loss: 0.8778 | miou: 0.6813 | f1_macro: 0.8013 | pixel_accuracy: 0.8664 | val_loss: 0.5615
Epoch 695/1000 | train_loss: 0.8968 | miou: 0.6963 | f1_macro: 0.8125 | pixel_accuracy: 0.8751 | val_loss: 0.5870
Epoch 696/1000 | train_loss: 0.8965 | miou: 0.7040 | f1_macro: 0.8178 | pixel_accuracy: 0.8807 | val_loss: 0.6209
Epoch 697/1000 | train_loss: 0.8746 | miou: 0.6853 | f1_macro: 0.8058 | pixel_accuracy: 0.8656 | val_loss: 0.6424
Epoch 698/1000 | train_loss: 0.8786 | miou: 0.6986 | f1_macro: 0.8133 | pixel_accuracy: 0.8800 | val_loss: 0.5894
Epoch 699/1000 | train_loss: 0.8691 | miou: 0.6900 | f1_macro: 0.8100 | pixel_accuracy: 0.8672 | val_loss: 0.6321
Epoch 700/1000 | train_loss: 0.8856 | miou: 0.7063 | f1_macro: 0.8199 | pixel_accuracy: 0.8814 | val_loss: 0.6250
Epoch 701/1000 | train_loss: 0.8667 | miou: 0.7052 | f1_macro: 0.8192 | pixel_accuracy: 0.8810 | val_loss: 0.6719
Epoch 702/1000 | train_loss: 0.8729 | miou: 0.7133 | f1_macro: 0.8256 | pixel_accuracy: 0.8842 | val_loss: 0.6634
Epoch 703/1000 | train_loss: 0.8887 | miou: 0.6790 | f1_macro: 0.8015 | pixel_accuracy: 0.8609 | val_loss: 0.6487
Epoch 704/1000 | train_loss: 0.8958 | miou: 0.6205 | f1_macro: 0.7549 | pixel_accuracy: 0.8329 | val_loss: 0.6849
Epoch 705/1000 | train_loss: 0.9139 | miou: 0.6802 | f1_macro: 0.7986 | pixel_accuracy: 0.8709 | val_loss: 0.6090
Epoch 706/1000 | train_loss: 0.8893 | miou: 0.6904 | f1_macro: 0.8079 | pixel_accuracy: 0.8739 | val_loss: 0.5631
Epoch 707/1000 | train_loss: 0.8845 | miou: 0.6869 | f1_macro: 0.8059 | pixel_accuracy: 0.8704 | val_loss: 0.6588
Epoch 708/1000 | train_loss: 0.8803 | miou: 0.7038 | f1_macro: 0.8182 | pixel_accuracy: 0.8798 | val_loss: 0.5850
Epoch 709/1000 | train_loss: 0.8750 | miou: 0.6722 | f1_macro: 0.7956 | pixel_accuracy: 0.8617 | val_loss: 0.6670
Epoch 710/1000 | train_loss: 0.8826 | miou: 0.6663 | f1_macro: 0.7918 | pixel_accuracy: 0.8547 | val_loss: 0.6717
Epoch 711/1000 | train_loss: 0.8928 | miou: 0.6901 | f1_macro: 0.8091 | pixel_accuracy: 0.8705 | val_loss: 0.6311
Epoch 712/1000 | train_loss: 0.8524 | miou: 0.6904 | f1_macro: 0.8085 | pixel_accuracy: 0.8713 | val_loss: 0.7178
Epoch 713/1000 | train_loss: 0.8804 | miou: 0.6857 | f1_macro: 0.8065 | pixel_accuracy: 0.8645 | val_loss: 0.7056
Epoch 714/1000 | train_loss: 0.8926 | miou: 0.6915 | f1_macro: 0.8084 | pixel_accuracy: 0.8767 | val_loss: 0.6120
Epoch 715/1000 | train_loss: 0.8872 | miou: 0.6938 | f1_macro: 0.8116 | pixel_accuracy: 0.8743 | val_loss: 0.6386
Epoch 716/1000 | train_loss: 0.8734 | miou: 0.6883 | f1_macro: 0.8037 | pixel_accuracy: 0.8797 | val_loss: 0.6032
Epoch 717/1000 | train_loss: 0.8668 | miou: 0.6545 | f1_macro: 0.7849 | pixel_accuracy: 0.8436 | val_loss: 0.6932
Epoch 718/1000 | train_loss: 0.8909 | miou: 0.6805 | f1_macro: 0.8018 | pixel_accuracy: 0.8647 | val_loss: 0.6603
Epoch 719/1000 | train_loss: 0.8645 | miou: 0.6803 | f1_macro: 0.8038 | pixel_accuracy: 0.8586 | val_loss: 0.7004
Epoch 720/1000 | train_loss: 0.8826 | miou: 0.6976 | f1_macro: 0.8131 | pixel_accuracy: 0.8786 | val_loss: 0.6051
Epoch 721/1000 | train_loss: 0.8733 | miou: 0.7088 | f1_macro: 0.8219 | pixel_accuracy: 0.8838 | val_loss: 0.6473
Epoch 722/1000 | train_loss: 0.8936 | miou: 0.6848 | f1_macro: 0.8033 | pixel_accuracy: 0.8723 | val_loss: 0.5903
Epoch 723/1000 | train_loss: 0.8784 | miou: 0.6822 | f1_macro: 0.7992 | pixel_accuracy: 0.8740 | val_loss: 0.6779
Epoch 724/1000 | train_loss: 0.8690 | miou: 0.6772 | f1_macro: 0.7982 | pixel_accuracy: 0.8656 | val_loss: 0.6893
Epoch 725/1000 | train_loss: 0.9827 | miou: 0.6135 | f1_macro: 0.7421 | pixel_accuracy: 0.8370 | val_loss: 0.6674
Epoch 726/1000 | train_loss: 0.9350 | miou: 0.6650 | f1_macro: 0.7850 | pixel_accuracy: 0.8658 | val_loss: 0.5652
Epoch 727/1000 | train_loss: 0.9136 | miou: 0.6825 | f1_macro: 0.8016 | pixel_accuracy: 0.8723 | val_loss: 0.5261
Epoch 728/1000 | train_loss: 0.8947 | miou: 0.6639 | f1_macro: 0.7896 | pixel_accuracy: 0.8533 | val_loss: 0.5720
Epoch 729/1000 | train_loss: 0.8866 | miou: 0.6799 | f1_macro: 0.8018 | pixel_accuracy: 0.8619 | val_loss: 0.6052
Epoch 730/1000 | train_loss: 0.8850 | miou: 0.6829 | f1_macro: 0.8038 | pixel_accuracy: 0.8679 | val_loss: 0.5955
Epoch 731/1000 | train_loss: 0.8910 | miou: 0.6781 | f1_macro: 0.8004 | pixel_accuracy: 0.8620 | val_loss: 0.6198
Epoch 732/1000 | train_loss: 0.8822 | miou: 0.6809 | f1_macro: 0.8020 | pixel_accuracy: 0.8660 | val_loss: 0.6115
Epoch 733/1000 | train_loss: 0.8726 | miou: 0.6967 | f1_macro: 0.8127 | pixel_accuracy: 0.8783 | val_loss: 0.6026
Epoch 734/1000 | train_loss: 0.8665 | miou: 0.6963 | f1_macro: 0.8141 | pixel_accuracy: 0.8721 | val_loss: 0.6137
Epoch 735/1000 | train_loss: 0.8683 | miou: 0.6964 | f1_macro: 0.8140 | pixel_accuracy: 0.8721 | val_loss: 0.6199
Epoch 736/1000 | train_loss: 0.8869 | miou: 0.6683 | f1_macro: 0.7949 | pixel_accuracy: 0.8508 | val_loss: 0.7208
Epoch 737/1000 | train_loss: 0.8818 | miou: 0.6869 | f1_macro: 0.8075 | pixel_accuracy: 0.8660 | val_loss: 0.6934
Epoch 738/1000 | train_loss: 0.8806 | miou: 0.6876 | f1_macro: 0.8075 | pixel_accuracy: 0.8675 | val_loss: 0.6753
Epoch 739/1000 | train_loss: 0.8735 | miou: 0.6687 | f1_macro: 0.7962 | pixel_accuracy: 0.8475 | val_loss: 0.7342
Epoch 740/1000 | train_loss: 0.8776 | miou: 0.6734 | f1_macro: 0.7968 | pixel_accuracy: 0.8573 | val_loss: 0.7219
Epoch 741/1000 | train_loss: 0.8743 | miou: 0.6638 | f1_macro: 0.7897 | pixel_accuracy: 0.8495 | val_loss: 0.7653
Epoch 742/1000 | train_loss: 0.8685 | miou: 0.6928 | f1_macro: 0.8119 | pixel_accuracy: 0.8681 | val_loss: 0.6775
Epoch 743/1000 | train_loss: 0.8767 | miou: 0.6886 | f1_macro: 0.8100 | pixel_accuracy: 0.8622 | val_loss: 0.6578
Epoch 744/1000 | train_loss: 0.9087 | miou: 0.6672 | f1_macro: 0.7886 | pixel_accuracy: 0.8606 | val_loss: 0.6522
Epoch 745/1000 | train_loss: 0.8677 | miou: 0.6885 | f1_macro: 0.8081 | pixel_accuracy: 0.8683 | val_loss: 0.6674
Epoch 746/1000 | train_loss: 0.8871 | miou: 0.6702 | f1_macro: 0.7945 | pixel_accuracy: 0.8576 | val_loss: 0.7581
Epoch 747/1000 | train_loss: 0.8804 | miou: 0.6729 | f1_macro: 0.7969 | pixel_accuracy: 0.8564 | val_loss: 0.7100
Epoch 748/1000 | train_loss: 0.8588 | miou: 0.6980 | f1_macro: 0.8164 | pixel_accuracy: 0.8694 | val_loss: 0.6955
Epoch 749/1000 | train_loss: 0.8802 | miou: 0.6929 | f1_macro: 0.8113 | pixel_accuracy: 0.8710 | val_loss: 0.7271
Epoch 750/1000 | train_loss: 0.9671 | miou: 0.6810 | f1_macro: 0.8012 | pixel_accuracy: 0.8666 | val_loss: 0.5880
Epoch 751/1000 | train_loss: 0.9640 | miou: 0.6151 | f1_macro: 0.7437 | pixel_accuracy: 0.8365 | val_loss: 0.6521
Epoch 752/1000 | train_loss: 0.9059 | miou: 0.6558 | f1_macro: 0.7800 | pixel_accuracy: 0.8549 | val_loss: 0.6829
Epoch 753/1000 | train_loss: 0.8836 | miou: 0.6862 | f1_macro: 0.8051 | pixel_accuracy: 0.8691 | val_loss: 0.7139
Epoch 754/1000 | train_loss: 0.9047 | miou: 0.6790 | f1_macro: 0.8009 | pixel_accuracy: 0.8617 | val_loss: 0.6318
Epoch 755/1000 | train_loss: 0.8728 | miou: 0.6867 | f1_macro: 0.8060 | pixel_accuracy: 0.8659 | val_loss: 0.6699
Epoch 756/1000 | train_loss: 0.8836 | miou: 0.7009 | f1_macro: 0.8164 | pixel_accuracy: 0.8769 | val_loss: 0.6646
Epoch 757/1000 | train_loss: 0.8897 | miou: 0.6929 | f1_macro: 0.8111 | pixel_accuracy: 0.8706 | val_loss: 0.6665
Epoch 758/1000 | train_loss: 0.8836 | miou: 0.6961 | f1_macro: 0.8113 | pixel_accuracy: 0.8773 | val_loss: 0.6954
Epoch 759/1000 | train_loss: 0.8598 | miou: 0.7057 | f1_macro: 0.8195 | pixel_accuracy: 0.8808 | val_loss: 0.6619
Epoch 760/1000 | train_loss: 0.8833 | miou: 0.6904 | f1_macro: 0.8105 | pixel_accuracy: 0.8665 | val_loss: 0.7288
Epoch 761/1000 | train_loss: 0.8584 | miou: 0.6917 | f1_macro: 0.8111 | pixel_accuracy: 0.8669 | val_loss: 0.7102
Epoch 762/1000 | train_loss: 0.8777 | miou: 0.6925 | f1_macro: 0.8112 | pixel_accuracy: 0.8694 | val_loss: 0.6783
Epoch 763/1000 | train_loss: 0.8699 | miou: 0.6900 | f1_macro: 0.8101 | pixel_accuracy: 0.8650 | val_loss: 0.6611
Epoch 764/1000 | train_loss: 0.8722 | miou: 0.6994 | f1_macro: 0.8166 | pixel_accuracy: 0.8728 | val_loss: 0.6666
Epoch 765/1000 | train_loss: 0.8872 | miou: 0.6611 | f1_macro: 0.7863 | pixel_accuracy: 0.8532 | val_loss: 0.6612
Epoch 766/1000 | train_loss: 0.8822 | miou: 0.7030 | f1_macro: 0.8188 | pixel_accuracy: 0.8762 | val_loss: 0.6258
Epoch 767/1000 | train_loss: 0.8638 | miou: 0.6878 | f1_macro: 0.8079 | pixel_accuracy: 0.8668 | val_loss: 0.6609
Epoch 768/1000 | train_loss: 0.8713 | miou: 0.7034 | f1_macro: 0.8186 | pixel_accuracy: 0.8781 | val_loss: 0.6172
Epoch 769/1000 | train_loss: 0.8626 | miou: 0.7022 | f1_macro: 0.8178 | pixel_accuracy: 0.8767 | val_loss: 0.6422
Epoch 770/1000 | train_loss: 0.8845 | miou: 0.6999 | f1_macro: 0.8138 | pixel_accuracy: 0.8817 | val_loss: 0.6172
Epoch 771/1000 | train_loss: 0.8828 | miou: 0.6976 | f1_macro: 0.8149 | pixel_accuracy: 0.8732 | val_loss: 0.6063
Epoch 772/1000 | train_loss: 0.8481 | miou: 0.6921 | f1_macro: 0.8122 | pixel_accuracy: 0.8658 | val_loss: 0.6672
Epoch 773/1000 | train_loss: 0.8755 | miou: 0.6960 | f1_macro: 0.8133 | pixel_accuracy: 0.8729 | val_loss: 0.6589
Epoch 774/1000 | train_loss: 0.8767 | miou: 0.7053 | f1_macro: 0.8209 | pixel_accuracy: 0.8773 | val_loss: 0.6544
Epoch 775/1000 | train_loss: 0.8811 | miou: 0.7071 | f1_macro: 0.8216 | pixel_accuracy: 0.8795 | val_loss: 0.6538
Epoch 776/1000 | train_loss: 0.8743 | miou: 0.7077 | f1_macro: 0.8215 | pixel_accuracy: 0.8814 | val_loss: 0.6601
Epoch 777/1000 | train_loss: 0.8762 | miou: 0.6931 | f1_macro: 0.8123 | pixel_accuracy: 0.8686 | val_loss: 0.7182
Epoch 778/1000 | train_loss: 0.8733 | miou: 0.7093 | f1_macro: 0.8238 | pixel_accuracy: 0.8791 | val_loss: 0.6388
Epoch 779/1000 | train_loss: 0.8607 | miou: 0.6965 | f1_macro: 0.8147 | pixel_accuracy: 0.8722 | val_loss: 0.6696
Epoch 780/1000 | train_loss: 0.8722 | miou: 0.6944 | f1_macro: 0.8127 | pixel_accuracy: 0.8708 | val_loss: 0.6415
Epoch 781/1000 | train_loss: 0.8752 | miou: 0.6756 | f1_macro: 0.8018 | pixel_accuracy: 0.8481 | val_loss: 0.6935
Epoch 782/1000 | train_loss: 0.8947 | miou: 0.6850 | f1_macro: 0.8030 | pixel_accuracy: 0.8722 | val_loss: 0.6868
Epoch 783/1000 | train_loss: 0.8829 | miou: 0.6645 | f1_macro: 0.7905 | pixel_accuracy: 0.8529 | val_loss: 0.7980
Epoch 784/1000 | train_loss: 0.8704 | miou: 0.6912 | f1_macro: 0.8088 | pixel_accuracy: 0.8749 | val_loss: 0.7233
Epoch 785/1000 | train_loss: 0.8896 | miou: 0.6926 | f1_macro: 0.8112 | pixel_accuracy: 0.8701 | val_loss: 0.7595
Epoch 786/1000 | train_loss: 0.8715 | miou: 0.6949 | f1_macro: 0.8135 | pixel_accuracy: 0.8696 | val_loss: 0.7403
Epoch 787/1000 | train_loss: 0.8629 | miou: 0.6622 | f1_macro: 0.7907 | pixel_accuracy: 0.8485 | val_loss: 0.7450
Epoch 788/1000 | train_loss: 0.8683 | miou: 0.6914 | f1_macro: 0.8092 | pixel_accuracy: 0.8750 | val_loss: 0.6857
Epoch 789/1000 | train_loss: 0.9173 | miou: 0.6617 | f1_macro: 0.7869 | pixel_accuracy: 0.8544 | val_loss: 0.6472
Epoch 790/1000 | train_loss: 0.9064 | miou: 0.6727 | f1_macro: 0.7934 | pixel_accuracy: 0.8635 | val_loss: 0.6725
Epoch 791/1000 | train_loss: 0.8861 | miou: 0.6882 | f1_macro: 0.8042 | pixel_accuracy: 0.8754 | val_loss: 0.6567
Epoch 792/1000 | train_loss: 0.8826 | miou: 0.6966 | f1_macro: 0.8113 | pixel_accuracy: 0.8787 | val_loss: 0.6166
Epoch 793/1000 | train_loss: 0.8637 | miou: 0.6988 | f1_macro: 0.8162 | pixel_accuracy: 0.8720 | val_loss: 0.6608
Epoch 794/1000 | train_loss: 0.8659 | miou: 0.6887 | f1_macro: 0.8096 | pixel_accuracy: 0.8639 | val_loss: 0.6743
Epoch 795/1000 | train_loss: 0.9053 | miou: 0.6767 | f1_macro: 0.8004 | pixel_accuracy: 0.8562 | val_loss: 0.6335
Epoch 796/1000 | train_loss: 0.8899 | miou: 0.6973 | f1_macro: 0.8143 | pixel_accuracy: 0.8738 | val_loss: 0.6437
Epoch 797/1000 | train_loss: 0.8784 | miou: 0.6808 | f1_macro: 0.8009 | pixel_accuracy: 0.8663 | val_loss: 0.6981
Epoch 798/1000 | train_loss: 0.8682 | miou: 0.6946 | f1_macro: 0.8122 | pixel_accuracy: 0.8720 | val_loss: 0.6748
Epoch 799/1000 | train_loss: 0.8566 | miou: 0.6887 | f1_macro: 0.8077 | pixel_accuracy: 0.8683 | val_loss: 0.7101
Epoch 800/1000 | train_loss: 0.8628 | miou: 0.6440 | f1_macro: 0.7702 | pixel_accuracy: 0.8469 | val_loss: 0.7469
Epoch 801/1000 | train_loss: 0.8915 | miou: 0.6713 | f1_macro: 0.7906 | pixel_accuracy: 0.8662 | val_loss: 0.7101
Epoch 802/1000 | train_loss: 0.8779 | miou: 0.6965 | f1_macro: 0.8121 | pixel_accuracy: 0.8766 | val_loss: 0.6312
Epoch 803/1000 | train_loss: 0.8746 | miou: 0.6814 | f1_macro: 0.8015 | pixel_accuracy: 0.8640 | val_loss: 0.7072
Epoch 804/1000 | train_loss: 0.8579 | miou: 0.6977 | f1_macro: 0.8145 | pixel_accuracy: 0.8733 | val_loss: 0.7289
Epoch 805/1000 | train_loss: 0.8693 | miou: 0.6961 | f1_macro: 0.8150 | pixel_accuracy: 0.8680 | val_loss: 0.6928
Epoch 806/1000 | train_loss: 0.8807 | miou: 0.6990 | f1_macro: 0.8170 | pixel_accuracy: 0.8694 | val_loss: 0.6844
Epoch 807/1000 | train_loss: 0.8714 | miou: 0.6950 | f1_macro: 0.8132 | pixel_accuracy: 0.8693 | val_loss: 0.7590
Epoch 808/1000 | train_loss: 0.8650 | miou: 0.6909 | f1_macro: 0.8109 | pixel_accuracy: 0.8655 | val_loss: 0.7324
Epoch 809/1000 | train_loss: 0.8778 | miou: 0.7021 | f1_macro: 0.8163 | pixel_accuracy: 0.8804 | val_loss: 0.6280
Epoch 810/1000 | train_loss: 0.8760 | miou: 0.6811 | f1_macro: 0.7998 | pixel_accuracy: 0.8702 | val_loss: 0.7227
Epoch 811/1000 | train_loss: 0.8814 | miou: 0.6719 | f1_macro: 0.7976 | pixel_accuracy: 0.8514 | val_loss: 0.6782
Epoch 812/1000 | train_loss: 0.8822 | miou: 0.6550 | f1_macro: 0.7810 | pixel_accuracy: 0.8529 | val_loss: 0.7672
Epoch 813/1000 | train_loss: 0.8767 | miou: 0.6802 | f1_macro: 0.8013 | pixel_accuracy: 0.8646 | val_loss: 0.7261
Epoch 814/1000 | train_loss: 0.8598 | miou: 0.6789 | f1_macro: 0.8020 | pixel_accuracy: 0.8599 | val_loss: 0.7172
Epoch 815/1000 | train_loss: 0.8968 | miou: 0.6855 | f1_macro: 0.8062 | pixel_accuracy: 0.8651 | val_loss: 0.6935
Epoch 816/1000 | train_loss: 0.8495 | miou: 0.6818 | f1_macro: 0.8040 | pixel_accuracy: 0.8617 | val_loss: 0.8572
Epoch 817/1000 | train_loss: 0.8606 | miou: 0.6861 | f1_macro: 0.8069 | pixel_accuracy: 0.8645 | val_loss: 0.7471
Epoch 818/1000 | train_loss: 0.8696 | miou: 0.6981 | f1_macro: 0.8154 | pixel_accuracy: 0.8720 | val_loss: 0.7572
Epoch 819/1000 | train_loss: 0.8666 | miou: 0.6871 | f1_macro: 0.8089 | pixel_accuracy: 0.8607 | val_loss: 0.7705
Epoch 820/1000 | train_loss: 0.8683 | miou: 0.6926 | f1_macro: 0.8117 | pixel_accuracy: 0.8698 | val_loss: 0.7649
Epoch 821/1000 | train_loss: 0.8891 | miou: 0.6434 | f1_macro: 0.7669 | pixel_accuracy: 0.8535 | val_loss: 0.7577
Epoch 822/1000 | train_loss: 0.9889 | miou: 0.6249 | f1_macro: 0.7566 | pixel_accuracy: 0.8364 | val_loss: 0.6772
Epoch 823/1000 | train_loss: 0.9233 | miou: 0.6598 | f1_macro: 0.7836 | pixel_accuracy: 0.8525 | val_loss: 0.5834
