==========================================
Job ID: 3161428
Node: gput066
GPU: 0
Experiment: configs/experiment/unet_dataset116.yaml
Run Name: unet-d116
==========================================
Sun Feb 22 19:58:31 2026       
+-----------------------------------------------------------------------------------------+
| NVIDIA-SMI 570.158.01             Driver Version: 570.158.01     CUDA Version: 12.8     |
|-----------------------------------------+------------------------+----------------------+
| GPU  Name                 Persistence-M | Bus-Id          Disp.A | Volatile Uncorr. ECC |
| Fan  Temp   Perf          Pwr:Usage/Cap |           Memory-Usage | GPU-Util  Compute M. |
|                                         |                        |               MIG M. |
|=========================================+========================+======================|
|   0  NVIDIA L40S                    On  |   00000000:4A:00.0 Off |                    0 |
| N/A   25C    P8             33W /  350W |       0MiB /  46068MiB |      0%      Default |
|                                         |                        |                  N/A |
+-----------------------------------------+------------------------+----------------------+
                                                                                         
+-----------------------------------------------------------------------------------------+
| Processes:                                                                              |
|  GPU   GI   CI              PID   Type   Process name                        GPU Memory |
|        ID   ID                                                               Usage      |
|=========================================================================================|
|  No running processes found                                                             |
+-----------------------------------------------------------------------------------------+
Split: 98 train / 18 val (from 116 total)
Model: unet
Trainable parameters: 47,388,550
Epoch 1/1000 | train_loss: 1.6176 | miou: 0.1574 | f1_macro: 0.2118 | pixel_accuracy: 0.4692 | val_loss: 1.5169
Epoch 2/1000 | train_loss: 1.4317 | miou: 0.2039 | f1_macro: 0.2841 | pixel_accuracy: 0.5219 | val_loss: 1.4256
Epoch 3/1000 | train_loss: 1.4073 | miou: 0.2754 | f1_macro: 0.3538 | pixel_accuracy: 0.6321 | val_loss: 1.3957
Epoch 4/1000 | train_loss: 1.3356 | miou: 0.2751 | f1_macro: 0.3540 | pixel_accuracy: 0.6379 | val_loss: 1.3291
Epoch 5/1000 | train_loss: 1.3376 | miou: 0.2809 | f1_macro: 0.3580 | pixel_accuracy: 0.6390 | val_loss: 1.2615
Epoch 6/1000 | train_loss: 1.3006 | miou: 0.2820 | f1_macro: 0.3590 | pixel_accuracy: 0.6404 | val_loss: 1.2782
Epoch 7/1000 | train_loss: 1.3031 | miou: 0.2746 | f1_macro: 0.3534 | pixel_accuracy: 0.6353 | val_loss: 1.2198
Epoch 8/1000 | train_loss: 1.2742 | miou: 0.2763 | f1_macro: 0.3552 | pixel_accuracy: 0.6386 | val_loss: 1.1963
Epoch 9/1000 | train_loss: 1.2826 | miou: 0.2774 | f1_macro: 0.3564 | pixel_accuracy: 0.6427 | val_loss: 1.2071
Epoch 10/1000 | train_loss: 1.2694 | miou: 0.2889 | f1_macro: 0.3651 | pixel_accuracy: 0.6547 | val_loss: 1.1835
Epoch 11/1000 | train_loss: 1.2495 | miou: 0.2840 | f1_macro: 0.3611 | pixel_accuracy: 0.6479 | val_loss: 1.1665
Epoch 12/1000 | train_loss: 1.2557 | miou: 0.2834 | f1_macro: 0.3611 | pixel_accuracy: 0.6494 | val_loss: 1.1707
Epoch 13/1000 | train_loss: 1.2643 | miou: 0.2817 | f1_macro: 0.3594 | pixel_accuracy: 0.6455 | val_loss: 1.1658
Epoch 14/1000 | train_loss: 1.2462 | miou: 0.2882 | f1_macro: 0.3645 | pixel_accuracy: 0.6536 | val_loss: 1.1539
Epoch 15/1000 | train_loss: 1.2870 | miou: 0.2880 | f1_macro: 0.3641 | pixel_accuracy: 0.6523 | val_loss: 1.1500
Epoch 16/1000 | train_loss: 1.2219 | miou: 0.2891 | f1_macro: 0.3653 | pixel_accuracy: 0.6551 | val_loss: 1.1552
Epoch 17/1000 | train_loss: 1.2719 | miou: 0.2887 | f1_macro: 0.3649 | pixel_accuracy: 0.6547 | val_loss: 1.1463
Epoch 18/1000 | train_loss: 1.2512 | miou: 0.2892 | f1_macro: 0.3656 | pixel_accuracy: 0.6563 | val_loss: 1.1271
Epoch 19/1000 | train_loss: 1.2615 | miou: 0.2711 | f1_macro: 0.3509 | pixel_accuracy: 0.6314 | val_loss: 1.1443
Epoch 20/1000 | train_loss: 1.2376 | miou: 0.2733 | f1_macro: 0.3528 | pixel_accuracy: 0.6346 | val_loss: 1.1280
Epoch 21/1000 | train_loss: 1.2409 | miou: 0.2755 | f1_macro: 0.3544 | pixel_accuracy: 0.6366 | val_loss: 1.0890
Epoch 22/1000 | train_loss: 1.2170 | miou: 0.3319 | f1_macro: 0.4372 | pixel_accuracy: 0.6473 | val_loss: 1.1518
Epoch 23/1000 | train_loss: 1.2059 | miou: 0.3564 | f1_macro: 0.4620 | pixel_accuracy: 0.6706 | val_loss: 1.0612
Epoch 24/1000 | train_loss: 1.1978 | miou: 0.3553 | f1_macro: 0.4582 | pixel_accuracy: 0.6778 | val_loss: 1.1065
Epoch 25/1000 | train_loss: 1.1467 | miou: 0.3659 | f1_macro: 0.4692 | pixel_accuracy: 0.6829 | val_loss: 1.0634
Epoch 26/1000 | train_loss: 1.2067 | miou: 0.3640 | f1_macro: 0.4671 | pixel_accuracy: 0.6834 | val_loss: 1.0438
Epoch 27/1000 | train_loss: 1.1674 | miou: 0.3452 | f1_macro: 0.4500 | pixel_accuracy: 0.6646 | val_loss: 1.0374
Epoch 28/1000 | train_loss: 1.1945 | miou: 0.3692 | f1_macro: 0.4741 | pixel_accuracy: 0.6852 | val_loss: 1.0378
Epoch 29/1000 | train_loss: 1.1687 | miou: 0.3663 | f1_macro: 0.4741 | pixel_accuracy: 0.6838 | val_loss: 1.0217
Epoch 30/1000 | train_loss: 1.1447 | miou: 0.3862 | f1_macro: 0.5006 | pixel_accuracy: 0.6922 | val_loss: 1.0235
Epoch 31/1000 | train_loss: 1.1540 | miou: 0.3689 | f1_macro: 0.4912 | pixel_accuracy: 0.6651 | val_loss: 1.0719
Epoch 32/1000 | train_loss: 1.1447 | miou: 0.4005 | f1_macro: 0.5211 | pixel_accuracy: 0.6984 | val_loss: 1.0048
Epoch 33/1000 | train_loss: 1.1721 | miou: 0.3832 | f1_macro: 0.4994 | pixel_accuracy: 0.6867 | val_loss: 0.9738
Epoch 34/1000 | train_loss: 1.1421 | miou: 0.4093 | f1_macro: 0.5347 | pixel_accuracy: 0.7012 | val_loss: 0.9789
Epoch 35/1000 | train_loss: 1.1168 | miou: 0.3760 | f1_macro: 0.5021 | pixel_accuracy: 0.6761 | val_loss: 1.0115
Epoch 36/1000 | train_loss: 1.1367 | miou: 0.3416 | f1_macro: 0.4422 | pixel_accuracy: 0.6797 | val_loss: 1.0256
Epoch 37/1000 | train_loss: 1.1526 | miou: 0.4097 | f1_macro: 0.5344 | pixel_accuracy: 0.6974 | val_loss: 0.9566
Epoch 38/1000 | train_loss: 1.1267 | miou: 0.3949 | f1_macro: 0.5178 | pixel_accuracy: 0.6920 | val_loss: 0.9650
Epoch 39/1000 | train_loss: 1.1029 | miou: 0.3862 | f1_macro: 0.5059 | pixel_accuracy: 0.6863 | val_loss: 0.9445
Epoch 40/1000 | train_loss: 1.0990 | miou: 0.4141 | f1_macro: 0.5399 | pixel_accuracy: 0.6982 | val_loss: 0.9466
Epoch 41/1000 | train_loss: 1.0406 | miou: 0.3588 | f1_macro: 0.4725 | pixel_accuracy: 0.6767 | val_loss: 0.9934
Epoch 42/1000 | train_loss: 1.0844 | miou: 0.4251 | f1_macro: 0.5530 | pixel_accuracy: 0.7072 | val_loss: 0.9325
Epoch 43/1000 | train_loss: 1.1176 | miou: 0.3949 | f1_macro: 0.5112 | pixel_accuracy: 0.7014 | val_loss: 0.9046
Epoch 44/1000 | train_loss: 1.0997 | miou: 0.3589 | f1_macro: 0.4734 | pixel_accuracy: 0.6697 | val_loss: 0.9314
Epoch 45/1000 | train_loss: 1.1053 | miou: 0.3753 | f1_macro: 0.4888 | pixel_accuracy: 0.6931 | val_loss: 0.9511
Epoch 46/1000 | train_loss: 1.0756 | miou: 0.4008 | f1_macro: 0.5204 | pixel_accuracy: 0.7031 | val_loss: 0.8829
Epoch 47/1000 | train_loss: 1.0588 | miou: 0.4135 | f1_macro: 0.5324 | pixel_accuracy: 0.7178 | val_loss: 0.8621
Epoch 48/1000 | train_loss: 1.0332 | miou: 0.4057 | f1_macro: 0.5255 | pixel_accuracy: 0.6837 | val_loss: 0.9691
Epoch 49/1000 | train_loss: 1.0570 | miou: 0.4089 | f1_macro: 0.5265 | pixel_accuracy: 0.7122 | val_loss: 0.8778
Epoch 50/1000 | train_loss: 1.0394 | miou: 0.4224 | f1_macro: 0.5508 | pixel_accuracy: 0.7071 | val_loss: 0.8897
Epoch 51/1000 | train_loss: 1.0005 | miou: 0.4573 | f1_macro: 0.5755 | pixel_accuracy: 0.7494 | val_loss: 0.8478
Epoch 52/1000 | train_loss: 1.0310 | miou: 0.4315 | f1_macro: 0.5473 | pixel_accuracy: 0.7210 | val_loss: 0.8764
Epoch 53/1000 | train_loss: 1.0222 | miou: 0.4610 | f1_macro: 0.5835 | pixel_accuracy: 0.7483 | val_loss: 0.8252
Epoch 54/1000 | train_loss: 1.0277 | miou: 0.4736 | f1_macro: 0.5959 | pixel_accuracy: 0.7565 | val_loss: 0.8379
Epoch 55/1000 | train_loss: 1.0238 | miou: 0.4536 | f1_macro: 0.5795 | pixel_accuracy: 0.7342 | val_loss: 0.8661
Epoch 56/1000 | train_loss: 1.0116 | miou: 0.4123 | f1_macro: 0.5265 | pixel_accuracy: 0.7315 | val_loss: 0.9538
Epoch 57/1000 | train_loss: 1.0167 | miou: 0.4559 | f1_macro: 0.5737 | pixel_accuracy: 0.7577 | val_loss: 0.7806
Epoch 58/1000 | train_loss: 1.0004 | miou: 0.4835 | f1_macro: 0.6041 | pixel_accuracy: 0.7673 | val_loss: 0.7795
Epoch 59/1000 | train_loss: 0.9820 | miou: 0.4876 | f1_macro: 0.6078 | pixel_accuracy: 0.7697 | val_loss: 0.7725
Epoch 60/1000 | train_loss: 0.9750 | miou: 0.4160 | f1_macro: 0.5191 | pixel_accuracy: 0.7444 | val_loss: 0.8431
Epoch 61/1000 | train_loss: 0.9797 | miou: 0.4829 | f1_macro: 0.6081 | pixel_accuracy: 0.7658 | val_loss: 0.7956
Epoch 62/1000 | train_loss: 0.9559 | miou: 0.4195 | f1_macro: 0.5346 | pixel_accuracy: 0.7392 | val_loss: 0.8680
Epoch 63/1000 | train_loss: 0.9788 | miou: 0.4589 | f1_macro: 0.5849 | pixel_accuracy: 0.7505 | val_loss: 0.8135
Epoch 64/1000 | train_loss: 0.9731 | miou: 0.5135 | f1_macro: 0.6424 | pixel_accuracy: 0.7773 | val_loss: 0.7481
Epoch 65/1000 | train_loss: 0.9672 | miou: 0.5234 | f1_macro: 0.6534 | pixel_accuracy: 0.7805 | val_loss: 0.7398
Epoch 66/1000 | train_loss: 0.9584 | miou: 0.5131 | f1_macro: 0.6403 | pixel_accuracy: 0.7756 | val_loss: 0.7388
Epoch 67/1000 | train_loss: 0.9385 | miou: 0.4829 | f1_macro: 0.6131 | pixel_accuracy: 0.7679 | val_loss: 0.7751
Epoch 68/1000 | train_loss: 0.9682 | miou: 0.4262 | f1_macro: 0.5401 | pixel_accuracy: 0.7413 | val_loss: 0.8028
Epoch 69/1000 | train_loss: 0.9592 | miou: 0.5246 | f1_macro: 0.6504 | pixel_accuracy: 0.7857 | val_loss: 0.7508
Epoch 70/1000 | train_loss: 1.1084 | miou: 0.4165 | f1_macro: 0.5334 | pixel_accuracy: 0.7410 | val_loss: 0.9004
Epoch 71/1000 | train_loss: 0.9855 | miou: 0.4892 | f1_macro: 0.6137 | pixel_accuracy: 0.7629 | val_loss: 0.7942
Epoch 72/1000 | train_loss: 0.9728 | miou: 0.4706 | f1_macro: 0.5990 | pixel_accuracy: 0.7655 | val_loss: 0.8013
Epoch 73/1000 | train_loss: 0.9518 | miou: 0.5189 | f1_macro: 0.6461 | pixel_accuracy: 0.7794 | val_loss: 0.7081
Epoch 74/1000 | train_loss: 0.9465 | miou: 0.5137 | f1_macro: 0.6397 | pixel_accuracy: 0.7784 | val_loss: 0.7325
Epoch 75/1000 | train_loss: 0.9217 | miou: 0.5215 | f1_macro: 0.6467 | pixel_accuracy: 0.7834 | val_loss: 0.7302
Epoch 76/1000 | train_loss: 0.9308 | miou: 0.5252 | f1_macro: 0.6528 | pixel_accuracy: 0.7824 | val_loss: 0.6999
Epoch 77/1000 | train_loss: 0.9141 | miou: 0.5126 | f1_macro: 0.6429 | pixel_accuracy: 0.7764 | val_loss: 0.7208
Epoch 78/1000 | train_loss: 0.9182 | miou: 0.5297 | f1_macro: 0.6573 | pixel_accuracy: 0.7891 | val_loss: 0.7064
Epoch 79/1000 | train_loss: 0.8875 | miou: 0.5210 | f1_macro: 0.6533 | pixel_accuracy: 0.7767 | val_loss: 0.7047
Epoch 80/1000 | train_loss: 0.8695 | miou: 0.4949 | f1_macro: 0.6216 | pixel_accuracy: 0.7665 | val_loss: 0.7782
Epoch 81/1000 | train_loss: 0.9110 | miou: 0.5096 | f1_macro: 0.6356 | pixel_accuracy: 0.7759 | val_loss: 0.7050
Epoch 82/1000 | train_loss: 0.8662 | miou: 0.5313 | f1_macro: 0.6580 | pixel_accuracy: 0.7902 | val_loss: 0.6619
Epoch 83/1000 | train_loss: 0.8792 | miou: 0.5347 | f1_macro: 0.6647 | pixel_accuracy: 0.7842 | val_loss: 0.6992
Epoch 84/1000 | train_loss: 0.8558 | miou: 0.5292 | f1_macro: 0.6634 | pixel_accuracy: 0.7849 | val_loss: 0.7294
Epoch 85/1000 | train_loss: 0.8776 | miou: 0.5037 | f1_macro: 0.6279 | pixel_accuracy: 0.7799 | val_loss: 0.7115
Epoch 86/1000 | train_loss: 0.8502 | miou: 0.5300 | f1_macro: 0.6504 | pixel_accuracy: 0.7910 | val_loss: 0.6681
Epoch 87/1000 | train_loss: 0.8730 | miou: 0.5234 | f1_macro: 0.6439 | pixel_accuracy: 0.7886 | val_loss: 0.6672
Epoch 88/1000 | train_loss: 0.8527 | miou: 0.5373 | f1_macro: 0.6689 | pixel_accuracy: 0.7854 | val_loss: 0.6616
Epoch 89/1000 | train_loss: 0.8367 | miou: 0.5336 | f1_macro: 0.6599 | pixel_accuracy: 0.7843 | val_loss: 0.6475
Epoch 90/1000 | train_loss: 0.8626 | miou: 0.4946 | f1_macro: 0.6268 | pixel_accuracy: 0.7725 | val_loss: 0.7879
Epoch 91/1000 | train_loss: 0.8751 | miou: 0.5082 | f1_macro: 0.6362 | pixel_accuracy: 0.7709 | val_loss: 0.7759
Epoch 92/1000 | train_loss: 0.8585 | miou: 0.5392 | f1_macro: 0.6640 | pixel_accuracy: 0.7970 | val_loss: 0.6514
Epoch 93/1000 | train_loss: 0.8360 | miou: 0.5527 | f1_macro: 0.6746 | pixel_accuracy: 0.8045 | val_loss: 0.6220
Epoch 94/1000 | train_loss: 0.8480 | miou: 0.5241 | f1_macro: 0.6580 | pixel_accuracy: 0.7803 | val_loss: 0.6831
Epoch 95/1000 | train_loss: 0.8329 | miou: 0.5481 | f1_macro: 0.6786 | pixel_accuracy: 0.7977 | val_loss: 0.6333
Epoch 96/1000 | train_loss: 0.8487 | miou: 0.5501 | f1_macro: 0.6762 | pixel_accuracy: 0.8058 | val_loss: 0.6102
Epoch 97/1000 | train_loss: 0.8258 | miou: 0.5520 | f1_macro: 0.6786 | pixel_accuracy: 0.7988 | val_loss: 0.6049
Epoch 98/1000 | train_loss: 0.8191 | miou: 0.5743 | f1_macro: 0.6930 | pixel_accuracy: 0.8207 | val_loss: 0.6012
Epoch 99/1000 | train_loss: 0.8043 | miou: 0.5515 | f1_macro: 0.6784 | pixel_accuracy: 0.8067 | val_loss: 0.6345
Epoch 100/1000 | train_loss: 0.8172 | miou: 0.5230 | f1_macro: 0.6501 | pixel_accuracy: 0.7779 | val_loss: 0.6874
Epoch 101/1000 | train_loss: 0.8197 | miou: 0.5614 | f1_macro: 0.6848 | pixel_accuracy: 0.8119 | val_loss: 0.6464
Epoch 102/1000 | train_loss: 0.8009 | miou: 0.5723 | f1_macro: 0.6947 | pixel_accuracy: 0.8189 | val_loss: 0.5930
Epoch 103/1000 | train_loss: 0.8024 | miou: 0.5443 | f1_macro: 0.6574 | pixel_accuracy: 0.8029 | val_loss: 0.6420
Epoch 104/1000 | train_loss: 0.8034 | miou: 0.5624 | f1_macro: 0.6853 | pixel_accuracy: 0.8137 | val_loss: 0.5930
Epoch 105/1000 | train_loss: 0.8323 | miou: 0.5670 | f1_macro: 0.6880 | pixel_accuracy: 0.8163 | val_loss: 0.6250
Epoch 106/1000 | train_loss: 0.8065 | miou: 0.5778 | f1_macro: 0.6945 | pixel_accuracy: 0.8240 | val_loss: 0.6003
Epoch 107/1000 | train_loss: 0.8204 | miou: 0.5862 | f1_macro: 0.7066 | pixel_accuracy: 0.8272 | val_loss: 0.6100
Epoch 108/1000 | train_loss: 0.7807 | miou: 0.5600 | f1_macro: 0.6762 | pixel_accuracy: 0.8199 | val_loss: 0.6731
Epoch 109/1000 | train_loss: 0.7762 | miou: 0.5764 | f1_macro: 0.6944 | pixel_accuracy: 0.8248 | val_loss: 0.6161
Epoch 110/1000 | train_loss: 0.8027 | miou: 0.5691 | f1_macro: 0.6882 | pixel_accuracy: 0.8203 | val_loss: 0.5919
Epoch 111/1000 | train_loss: 0.7924 | miou: 0.5511 | f1_macro: 0.6762 | pixel_accuracy: 0.8102 | val_loss: 0.6657
Epoch 112/1000 | train_loss: 0.7781 | miou: 0.5552 | f1_macro: 0.6694 | pixel_accuracy: 0.8100 | val_loss: 0.6187
Epoch 113/1000 | train_loss: 0.7947 | miou: 0.5783 | f1_macro: 0.6917 | pixel_accuracy: 0.8239 | val_loss: 0.5740
Epoch 114/1000 | train_loss: 0.7926 | miou: 0.5662 | f1_macro: 0.6806 | pixel_accuracy: 0.8205 | val_loss: 0.5777
Epoch 115/1000 | train_loss: 0.7691 | miou: 0.5676 | f1_macro: 0.6860 | pixel_accuracy: 0.8194 | val_loss: 0.6244
Epoch 116/1000 | train_loss: 0.7698 | miou: 0.5866 | f1_macro: 0.7031 | pixel_accuracy: 0.8317 | val_loss: 0.5667
Epoch 117/1000 | train_loss: 0.7571 | miou: 0.5953 | f1_macro: 0.7124 | pixel_accuracy: 0.8341 | val_loss: 0.5567
Epoch 118/1000 | train_loss: 0.7878 | miou: 0.5798 | f1_macro: 0.7006 | pixel_accuracy: 0.8289 | val_loss: 0.6070
Epoch 119/1000 | train_loss: 0.7859 | miou: 0.5650 | f1_macro: 0.6794 | pixel_accuracy: 0.8270 | val_loss: 0.5923
Epoch 120/1000 | train_loss: 0.7552 | miou: 0.5886 | f1_macro: 0.7081 | pixel_accuracy: 0.8309 | val_loss: 0.5791
Epoch 121/1000 | train_loss: 0.7838 | miou: 0.5718 | f1_macro: 0.6866 | pixel_accuracy: 0.8170 | val_loss: 0.5896
Epoch 122/1000 | train_loss: 0.7772 | miou: 0.5867 | f1_macro: 0.7117 | pixel_accuracy: 0.8261 | val_loss: 0.5676
Epoch 123/1000 | train_loss: 0.7624 | miou: 0.5850 | f1_macro: 0.6991 | pixel_accuracy: 0.8314 | val_loss: 0.5838
Epoch 124/1000 | train_loss: 0.7637 | miou: 0.5906 | f1_macro: 0.7064 | pixel_accuracy: 0.8347 | val_loss: 0.5790
Epoch 125/1000 | train_loss: 0.7550 | miou: 0.5799 | f1_macro: 0.6875 | pixel_accuracy: 0.8321 | val_loss: 0.6120
Epoch 126/1000 | train_loss: 0.7685 | miou: 0.5895 | f1_macro: 0.7032 | pixel_accuracy: 0.8340 | val_loss: 0.5680
Epoch 127/1000 | train_loss: 0.7445 | miou: 0.5846 | f1_macro: 0.6978 | pixel_accuracy: 0.8280 | val_loss: 0.5679
Epoch 128/1000 | train_loss: 0.7802 | miou: 0.5737 | f1_macro: 0.6881 | pixel_accuracy: 0.8304 | val_loss: 0.6135
Epoch 129/1000 | train_loss: 0.7834 | miou: 0.5860 | f1_macro: 0.6982 | pixel_accuracy: 0.8367 | val_loss: 0.5727
Epoch 130/1000 | train_loss: 0.7686 | miou: 0.5709 | f1_macro: 0.6908 | pixel_accuracy: 0.8160 | val_loss: 0.5993
Epoch 131/1000 | train_loss: 0.7762 | miou: 0.5949 | f1_macro: 0.7111 | pixel_accuracy: 0.8382 | val_loss: 0.5560
Epoch 132/1000 | train_loss: 0.7454 | miou: 0.5884 | f1_macro: 0.6998 | pixel_accuracy: 0.8324 | val_loss: 0.5467
Epoch 133/1000 | train_loss: 0.7588 | miou: 0.5988 | f1_macro: 0.7179 | pixel_accuracy: 0.8341 | val_loss: 0.5422
Epoch 134/1000 | train_loss: 0.7552 | miou: 0.5732 | f1_macro: 0.6933 | pixel_accuracy: 0.8246 | val_loss: 0.6059
Epoch 135/1000 | train_loss: 0.7880 | miou: 0.5863 | f1_macro: 0.7075 | pixel_accuracy: 0.8293 | val_loss: 0.5769
Epoch 136/1000 | train_loss: 0.7523 | miou: 0.5882 | f1_macro: 0.7049 | pixel_accuracy: 0.8306 | val_loss: 0.6223
Epoch 137/1000 | train_loss: 0.7466 | miou: 0.5688 | f1_macro: 0.6876 | pixel_accuracy: 0.8171 | val_loss: 0.6047
Epoch 138/1000 | train_loss: 0.7629 | miou: 0.5851 | f1_macro: 0.7023 | pixel_accuracy: 0.8256 | val_loss: 0.5691
Epoch 139/1000 | train_loss: 0.7407 | miou: 0.5624 | f1_macro: 0.6837 | pixel_accuracy: 0.8207 | val_loss: 0.6179
Epoch 140/1000 | train_loss: 0.7741 | miou: 0.5886 | f1_macro: 0.7081 | pixel_accuracy: 0.8276 | val_loss: 0.5567
Epoch 141/1000 | train_loss: 0.7644 | miou: 0.5987 | f1_macro: 0.7156 | pixel_accuracy: 0.8405 | val_loss: 0.5818
Epoch 142/1000 | train_loss: 0.7371 | miou: 0.5799 | f1_macro: 0.6978 | pixel_accuracy: 0.8323 | val_loss: 0.6196
Epoch 143/1000 | train_loss: 0.7465 | miou: 0.5921 | f1_macro: 0.7070 | pixel_accuracy: 0.8356 | val_loss: 0.5710
Epoch 144/1000 | train_loss: 0.7375 | miou: 0.5766 | f1_macro: 0.6963 | pixel_accuracy: 0.8289 | val_loss: 0.6035
Epoch 145/1000 | train_loss: 0.7305 | miou: 0.5957 | f1_macro: 0.7023 | pixel_accuracy: 0.8415 | val_loss: 0.5560
Epoch 146/1000 | train_loss: 0.7403 | miou: 0.5971 | f1_macro: 0.7047 | pixel_accuracy: 0.8461 | val_loss: 0.5541
Epoch 147/1000 | train_loss: 0.7260 | miou: 0.5898 | f1_macro: 0.7016 | pixel_accuracy: 0.8354 | val_loss: 0.5502
Epoch 148/1000 | train_loss: 0.7043 | miou: 0.6034 | f1_macro: 0.7115 | pixel_accuracy: 0.8487 | val_loss: 0.5874
Epoch 149/1000 | train_loss: 0.7120 | miou: 0.5798 | f1_macro: 0.6986 | pixel_accuracy: 0.8280 | val_loss: 0.6039
Epoch 150/1000 | train_loss: 0.7387 | miou: 0.5910 | f1_macro: 0.7094 | pixel_accuracy: 0.8360 | val_loss: 0.5996
Epoch 151/1000 | train_loss: 0.7343 | miou: 0.5733 | f1_macro: 0.6906 | pixel_accuracy: 0.8140 | val_loss: 0.5882
Epoch 152/1000 | train_loss: 0.7424 | miou: 0.5763 | f1_macro: 0.6924 | pixel_accuracy: 0.8231 | val_loss: 0.6187
Epoch 153/1000 | train_loss: 0.7370 | miou: 0.5746 | f1_macro: 0.6936 | pixel_accuracy: 0.8293 | val_loss: 0.6086
Epoch 154/1000 | train_loss: 0.7184 | miou: 0.6021 | f1_macro: 0.7209 | pixel_accuracy: 0.8367 | val_loss: 0.5391
Epoch 155/1000 | train_loss: 0.7374 | miou: 0.5852 | f1_macro: 0.7060 | pixel_accuracy: 0.8325 | val_loss: 0.6166
Epoch 156/1000 | train_loss: 0.7096 | miou: 0.6058 | f1_macro: 0.7259 | pixel_accuracy: 0.8420 | val_loss: 0.5600
Epoch 157/1000 | train_loss: 0.7101 | miou: 0.6040 | f1_macro: 0.7158 | pixel_accuracy: 0.8429 | val_loss: 0.5576
Epoch 158/1000 | train_loss: 0.7235 | miou: 0.5871 | f1_macro: 0.7076 | pixel_accuracy: 0.8301 | val_loss: 0.5971
Epoch 159/1000 | train_loss: 0.7223 | miou: 0.5991 | f1_macro: 0.7095 | pixel_accuracy: 0.8425 | val_loss: 0.5369
Epoch 160/1000 | train_loss: 0.7156 | miou: 0.6115 | f1_macro: 0.7263 | pixel_accuracy: 0.8462 | val_loss: 0.5769
Epoch 161/1000 | train_loss: 0.7382 | miou: 0.5832 | f1_macro: 0.7061 | pixel_accuracy: 0.8264 | val_loss: 0.6077
Epoch 162/1000 | train_loss: 0.7223 | miou: 0.6165 | f1_macro: 0.7283 | pixel_accuracy: 0.8512 | val_loss: 0.5278
Epoch 163/1000 | train_loss: 0.7161 | miou: 0.6091 | f1_macro: 0.7262 | pixel_accuracy: 0.8449 | val_loss: 0.5289
Epoch 164/1000 | train_loss: 0.7046 | miou: 0.6056 | f1_macro: 0.7244 | pixel_accuracy: 0.8425 | val_loss: 0.6338
Epoch 165/1000 | train_loss: 0.7043 | miou: 0.5612 | f1_macro: 0.6788 | pixel_accuracy: 0.8284 | val_loss: 0.6226
Epoch 166/1000 | train_loss: 0.7064 | miou: 0.6241 | f1_macro: 0.7388 | pixel_accuracy: 0.8546 | val_loss: 0.5509
Epoch 167/1000 | train_loss: 0.6834 | miou: 0.6001 | f1_macro: 0.7198 | pixel_accuracy: 0.8455 | val_loss: 0.5644
Epoch 168/1000 | train_loss: 0.6928 | miou: 0.6038 | f1_macro: 0.7183 | pixel_accuracy: 0.8460 | val_loss: 0.6205
Epoch 169/1000 | train_loss: 0.7260 | miou: 0.5802 | f1_macro: 0.6951 | pixel_accuracy: 0.8334 | val_loss: 0.5537
Epoch 170/1000 | train_loss: 0.6991 | miou: 0.6015 | f1_macro: 0.7148 | pixel_accuracy: 0.8463 | val_loss: 0.5344
Epoch 171/1000 | train_loss: 0.7138 | miou: 0.6094 | f1_macro: 0.7181 | pixel_accuracy: 0.8517 | val_loss: 0.5526
Epoch 172/1000 | train_loss: 0.6778 | miou: 0.6282 | f1_macro: 0.7430 | pixel_accuracy: 0.8553 | val_loss: 0.5323
Epoch 173/1000 | train_loss: 0.6877 | miou: 0.6033 | f1_macro: 0.7232 | pixel_accuracy: 0.8316 | val_loss: 0.5713
Epoch 174/1000 | train_loss: 0.6954 | miou: 0.6043 | f1_macro: 0.7190 | pixel_accuracy: 0.8456 | val_loss: 0.5763
Epoch 175/1000 | train_loss: 0.7066 | miou: 0.5993 | f1_macro: 0.7106 | pixel_accuracy: 0.8433 | val_loss: 0.5743
Epoch 176/1000 | train_loss: 0.7109 | miou: 0.5984 | f1_macro: 0.7133 | pixel_accuracy: 0.8450 | val_loss: 0.6139
Epoch 177/1000 | train_loss: 0.6950 | miou: 0.6054 | f1_macro: 0.7167 | pixel_accuracy: 0.8496 | val_loss: 0.5737
Epoch 178/1000 | train_loss: 0.6876 | miou: 0.5865 | f1_macro: 0.7051 | pixel_accuracy: 0.8350 | val_loss: 0.6617
Epoch 179/1000 | train_loss: 0.6974 | miou: 0.5946 | f1_macro: 0.7065 | pixel_accuracy: 0.8434 | val_loss: 0.6449
Epoch 180/1000 | train_loss: 0.6984 | miou: 0.6103 | f1_macro: 0.7211 | pixel_accuracy: 0.8494 | val_loss: 0.5569
Epoch 181/1000 | train_loss: 0.6994 | miou: 0.6085 | f1_macro: 0.7131 | pixel_accuracy: 0.8522 | val_loss: 0.5374
Epoch 182/1000 | train_loss: 0.6949 | miou: 0.6021 | f1_macro: 0.7153 | pixel_accuracy: 0.8321 | val_loss: 0.5763
Epoch 183/1000 | train_loss: 0.7009 | miou: 0.5877 | f1_macro: 0.7028 | pixel_accuracy: 0.8366 | val_loss: 0.5843
Epoch 184/1000 | train_loss: 0.6805 | miou: 0.6074 | f1_macro: 0.7173 | pixel_accuracy: 0.8478 | val_loss: 0.5397
Epoch 185/1000 | train_loss: 0.6760 | miou: 0.6247 | f1_macro: 0.7417 | pixel_accuracy: 0.8504 | val_loss: 0.5273
Epoch 186/1000 | train_loss: 0.6598 | miou: 0.6199 | f1_macro: 0.7314 | pixel_accuracy: 0.8573 | val_loss: 0.5622
Epoch 187/1000 | train_loss: 0.6925 | miou: 0.6201 | f1_macro: 0.7367 | pixel_accuracy: 0.8529 | val_loss: 0.5930
Epoch 188/1000 | train_loss: 0.6740 | miou: 0.6235 | f1_macro: 0.7320 | pixel_accuracy: 0.8554 | val_loss: 0.5215
Epoch 189/1000 | train_loss: 0.6684 | miou: 0.5996 | f1_macro: 0.7148 | pixel_accuracy: 0.8357 | val_loss: 0.5593
Epoch 190/1000 | train_loss: 0.6970 | miou: 0.5902 | f1_macro: 0.7079 | pixel_accuracy: 0.8263 | val_loss: 0.5746
Epoch 191/1000 | train_loss: 0.7015 | miou: 0.6223 | f1_macro: 0.7385 | pixel_accuracy: 0.8538 | val_loss: 0.5447
Epoch 192/1000 | train_loss: 0.6775 | miou: 0.6260 | f1_macro: 0.7430 | pixel_accuracy: 0.8518 | val_loss: 0.5502
Epoch 193/1000 | train_loss: 0.6736 | miou: 0.6058 | f1_macro: 0.7172 | pixel_accuracy: 0.8495 | val_loss: 0.5786
Epoch 194/1000 | train_loss: 0.7017 | miou: 0.6133 | f1_macro: 0.7279 | pixel_accuracy: 0.8483 | val_loss: 0.5644
Epoch 195/1000 | train_loss: 0.6666 | miou: 0.6096 | f1_macro: 0.7203 | pixel_accuracy: 0.8495 | val_loss: 0.5448
Epoch 196/1000 | train_loss: 0.6681 | miou: 0.6064 | f1_macro: 0.7167 | pixel_accuracy: 0.8441 | val_loss: 0.5678
Epoch 197/1000 | train_loss: 0.6840 | miou: 0.5888 | f1_macro: 0.6998 | pixel_accuracy: 0.8354 | val_loss: 0.6293
Epoch 198/1000 | train_loss: 0.6880 | miou: 0.5998 | f1_macro: 0.7176 | pixel_accuracy: 0.8430 | val_loss: 0.6130
Epoch 199/1000 | train_loss: 0.6787 | miou: 0.6160 | f1_macro: 0.7287 | pixel_accuracy: 0.8511 | val_loss: 0.6049
Epoch 200/1000 | train_loss: 0.6599 | miou: 0.6062 | f1_macro: 0.7142 | pixel_accuracy: 0.8505 | val_loss: 0.5711
Epoch 201/1000 | train_loss: 0.6818 | miou: 0.6110 | f1_macro: 0.7168 | pixel_accuracy: 0.8531 | val_loss: 0.5778
Epoch 202/1000 | train_loss: 0.6589 | miou: 0.6166 | f1_macro: 0.7307 | pixel_accuracy: 0.8492 | val_loss: 0.6050
Epoch 203/1000 | train_loss: 0.6792 | miou: 0.6074 | f1_macro: 0.7173 | pixel_accuracy: 0.8500 | val_loss: 0.5874
Epoch 204/1000 | train_loss: 0.6738 | miou: 0.5935 | f1_macro: 0.7109 | pixel_accuracy: 0.8371 | val_loss: 0.6257
Epoch 205/1000 | train_loss: 0.7022 | miou: 0.5914 | f1_macro: 0.7050 | pixel_accuracy: 0.8346 | val_loss: 0.5967
Epoch 206/1000 | train_loss: 0.6720 | miou: 0.6177 | f1_macro: 0.7305 | pixel_accuracy: 0.8474 | val_loss: 0.5810
Epoch 207/1000 | train_loss: 0.6583 | miou: 0.6138 | f1_macro: 0.7280 | pixel_accuracy: 0.8559 | val_loss: 0.5742
Epoch 208/1000 | train_loss: 0.6645 | miou: 0.6137 | f1_macro: 0.7323 | pixel_accuracy: 0.8422 | val_loss: 0.5542
Epoch 209/1000 | train_loss: 0.6628 | miou: 0.6269 | f1_macro: 0.7375 | pixel_accuracy: 0.8578 | val_loss: 0.5316
Epoch 210/1000 | train_loss: 0.6660 | miou: 0.6200 | f1_macro: 0.7276 | pixel_accuracy: 0.8579 | val_loss: 0.5656
Epoch 211/1000 | train_loss: 0.6749 | miou: 0.5910 | f1_macro: 0.7048 | pixel_accuracy: 0.8444 | val_loss: 0.6397
Epoch 212/1000 | train_loss: 0.6875 | miou: 0.5726 | f1_macro: 0.6989 | pixel_accuracy: 0.8214 | val_loss: 0.7129
Epoch 213/1000 | train_loss: 0.6582 | miou: 0.6123 | f1_macro: 0.7222 | pixel_accuracy: 0.8509 | val_loss: 0.5968
Epoch 214/1000 | train_loss: 0.6580 | miou: 0.6176 | f1_macro: 0.7231 | pixel_accuracy: 0.8574 | val_loss: 0.5609
Epoch 215/1000 | train_loss: 0.6447 | miou: 0.6145 | f1_macro: 0.7253 | pixel_accuracy: 0.8561 | val_loss: 0.5680
Epoch 216/1000 | train_loss: 0.6344 | miou: 0.6327 | f1_macro: 0.7437 | pixel_accuracy: 0.8616 | val_loss: 0.5856
Epoch 217/1000 | train_loss: 0.6575 | miou: 0.5931 | f1_macro: 0.7155 | pixel_accuracy: 0.8345 | val_loss: 0.6934
Epoch 218/1000 | train_loss: 0.6474 | miou: 0.6226 | f1_macro: 0.7319 | pixel_accuracy: 0.8564 | val_loss: 0.5617
Epoch 219/1000 | train_loss: 0.6538 | miou: 0.6127 | f1_macro: 0.7297 | pixel_accuracy: 0.8474 | val_loss: 0.6378
Epoch 220/1000 | train_loss: 0.6705 | miou: 0.6167 | f1_macro: 0.7307 | pixel_accuracy: 0.8568 | val_loss: 0.5864
Epoch 221/1000 | train_loss: 0.6453 | miou: 0.6037 | f1_macro: 0.7237 | pixel_accuracy: 0.8406 | val_loss: 0.6641
Epoch 222/1000 | train_loss: 0.6461 | miou: 0.6251 | f1_macro: 0.7407 | pixel_accuracy: 0.8551 | val_loss: 0.5383
Epoch 223/1000 | train_loss: 0.6452 | miou: 0.6193 | f1_macro: 0.7330 | pixel_accuracy: 0.8543 | val_loss: 0.6023
Epoch 224/1000 | train_loss: 0.6477 | miou: 0.6262 | f1_macro: 0.7352 | pixel_accuracy: 0.8580 | val_loss: 0.5240
Epoch 225/1000 | train_loss: 0.6451 | miou: 0.6210 | f1_macro: 0.7299 | pixel_accuracy: 0.8566 | val_loss: 0.5977
Epoch 226/1000 | train_loss: 0.6287 | miou: 0.6391 | f1_macro: 0.7514 | pixel_accuracy: 0.8618 | val_loss: 0.6018
Epoch 227/1000 | train_loss: 0.6357 | miou: 0.6262 | f1_macro: 0.7383 | pixel_accuracy: 0.8595 | val_loss: 0.6649
Epoch 228/1000 | train_loss: 0.6429 | miou: 0.5943 | f1_macro: 0.7079 | pixel_accuracy: 0.8386 | val_loss: 0.7150
Epoch 229/1000 | train_loss: 0.6592 | miou: 0.6233 | f1_macro: 0.7318 | pixel_accuracy: 0.8608 | val_loss: 0.5652
Epoch 230/1000 | train_loss: 0.6433 | miou: 0.6125 | f1_macro: 0.7224 | pixel_accuracy: 0.8547 | val_loss: 0.6562
Epoch 231/1000 | train_loss: 0.6362 | miou: 0.6329 | f1_macro: 0.7495 | pixel_accuracy: 0.8533 | val_loss: 0.5699
Epoch 232/1000 | train_loss: 0.6238 | miou: 0.6243 | f1_macro: 0.7432 | pixel_accuracy: 0.8448 | val_loss: 0.5888
Epoch 233/1000 | train_loss: 0.6190 | miou: 0.6437 | f1_macro: 0.7576 | pixel_accuracy: 0.8604 | val_loss: 0.5616
Epoch 234/1000 | train_loss: 0.6323 | miou: 0.6169 | f1_macro: 0.7364 | pixel_accuracy: 0.8394 | val_loss: 0.7930
Epoch 235/1000 | train_loss: 0.6673 | miou: 0.5701 | f1_macro: 0.6907 | pixel_accuracy: 0.8312 | val_loss: 0.7096
Epoch 236/1000 | train_loss: 0.6664 | miou: 0.6246 | f1_macro: 0.7360 | pixel_accuracy: 0.8560 | val_loss: 0.5649
Epoch 237/1000 | train_loss: 0.6313 | miou: 0.6187 | f1_macro: 0.7385 | pixel_accuracy: 0.8500 | val_loss: 0.5952
Epoch 238/1000 | train_loss: 0.6743 | miou: 0.6167 | f1_macro: 0.7259 | pixel_accuracy: 0.8514 | val_loss: 0.5844
Epoch 239/1000 | train_loss: 0.6420 | miou: 0.6193 | f1_macro: 0.7342 | pixel_accuracy: 0.8528 | val_loss: 0.5589
Epoch 240/1000 | train_loss: 0.6162 | miou: 0.6309 | f1_macro: 0.7449 | pixel_accuracy: 0.8550 | val_loss: 0.6071
Epoch 241/1000 | train_loss: 0.6280 | miou: 0.6324 | f1_macro: 0.7488 | pixel_accuracy: 0.8577 | val_loss: 0.6112
Epoch 242/1000 | train_loss: 0.6151 | miou: 0.5998 | f1_macro: 0.7111 | pixel_accuracy: 0.8465 | val_loss: 0.7168
Epoch 243/1000 | train_loss: 0.6428 | miou: 0.6098 | f1_macro: 0.7293 | pixel_accuracy: 0.8377 | val_loss: 0.6208
Epoch 244/1000 | train_loss: 0.6493 | miou: 0.6270 | f1_macro: 0.7347 | pixel_accuracy: 0.8586 | val_loss: 0.6363
Epoch 245/1000 | train_loss: 0.6220 | miou: 0.6480 | f1_macro: 0.7643 | pixel_accuracy: 0.8633 | val_loss: 0.5701
Epoch 246/1000 | train_loss: 0.6258 | miou: 0.6384 | f1_macro: 0.7513 | pixel_accuracy: 0.8582 | val_loss: 0.5795
Epoch 247/1000 | train_loss: 0.6281 | miou: 0.6017 | f1_macro: 0.7167 | pixel_accuracy: 0.8428 | val_loss: 0.6648
Epoch 248/1000 | train_loss: 0.6222 | miou: 0.6322 | f1_macro: 0.7454 | pixel_accuracy: 0.8588 | val_loss: 0.6457
Epoch 249/1000 | train_loss: 0.6418 | miou: 0.5610 | f1_macro: 0.6850 | pixel_accuracy: 0.8276 | val_loss: 0.7048
Epoch 250/1000 | train_loss: 0.6345 | miou: 0.6361 | f1_macro: 0.7491 | pixel_accuracy: 0.8571 | val_loss: 0.5578
Epoch 251/1000 | train_loss: 0.6266 | miou: 0.6295 | f1_macro: 0.7467 | pixel_accuracy: 0.8565 | val_loss: 0.6361
Epoch 252/1000 | train_loss: 0.6193 | miou: 0.6426 | f1_macro: 0.7598 | pixel_accuracy: 0.8576 | val_loss: 0.5835
Epoch 253/1000 | train_loss: 0.6119 | miou: 0.6506 | f1_macro: 0.7629 | pixel_accuracy: 0.8659 | val_loss: 0.5988
Epoch 254/1000 | train_loss: 0.6026 | miou: 0.6546 | f1_macro: 0.7616 | pixel_accuracy: 0.8711 | val_loss: 0.5960
Epoch 255/1000 | train_loss: 0.6075 | miou: 0.6419 | f1_macro: 0.7462 | pixel_accuracy: 0.8685 | val_loss: 0.6092
Epoch 256/1000 | train_loss: 0.6099 | miou: 0.6217 | f1_macro: 0.7353 | pixel_accuracy: 0.8556 | val_loss: 0.7221
Epoch 257/1000 | train_loss: 0.6075 | miou: 0.6287 | f1_macro: 0.7446 | pixel_accuracy: 0.8507 | val_loss: 0.5755
Epoch 258/1000 | train_loss: 0.5971 | miou: 0.6362 | f1_macro: 0.7465 | pixel_accuracy: 0.8667 | val_loss: 0.6891
Epoch 259/1000 | train_loss: 0.6214 | miou: 0.6314 | f1_macro: 0.7450 | pixel_accuracy: 0.8536 | val_loss: 0.5619
Epoch 260/1000 | train_loss: 0.6696 | miou: 0.6094 | f1_macro: 0.7313 | pixel_accuracy: 0.8468 | val_loss: 0.6186
Epoch 261/1000 | train_loss: 0.7325 | miou: 0.6034 | f1_macro: 0.7252 | pixel_accuracy: 0.8380 | val_loss: 0.6492
Epoch 262/1000 | train_loss: 0.6408 | miou: 0.6251 | f1_macro: 0.7331 | pixel_accuracy: 0.8554 | val_loss: 0.6071
Epoch 263/1000 | train_loss: 0.5993 | miou: 0.6445 | f1_macro: 0.7536 | pixel_accuracy: 0.8669 | val_loss: 0.6114
Epoch 264/1000 | train_loss: 0.6142 | miou: 0.6589 | f1_macro: 0.7694 | pixel_accuracy: 0.8694 | val_loss: 0.5664
Epoch 265/1000 | train_loss: 0.6281 | miou: 0.6298 | f1_macro: 0.7496 | pixel_accuracy: 0.8506 | val_loss: 0.5870
Epoch 266/1000 | train_loss: 0.6164 | miou: 0.6343 | f1_macro: 0.7494 | pixel_accuracy: 0.8615 | val_loss: 0.5979
Epoch 267/1000 | train_loss: 0.6145 | miou: 0.6410 | f1_macro: 0.7540 | pixel_accuracy: 0.8644 | val_loss: 0.5995
Epoch 268/1000 | train_loss: 0.6219 | miou: 0.6402 | f1_macro: 0.7504 | pixel_accuracy: 0.8671 | val_loss: 0.6343
Epoch 269/1000 | train_loss: 0.5947 | miou: 0.6426 | f1_macro: 0.7574 | pixel_accuracy: 0.8620 | val_loss: 0.7032
Epoch 270/1000 | train_loss: 0.6044 | miou: 0.6401 | f1_macro: 0.7531 | pixel_accuracy: 0.8618 | val_loss: 0.6467
Epoch 271/1000 | train_loss: 0.6064 | miou: 0.6311 | f1_macro: 0.7386 | pixel_accuracy: 0.8654 | val_loss: 0.6647
Epoch 272/1000 | train_loss: 0.6277 | miou: 0.6369 | f1_macro: 0.7511 | pixel_accuracy: 0.8570 | val_loss: 0.5830
Epoch 273/1000 | train_loss: 0.6088 | miou: 0.6083 | f1_macro: 0.7249 | pixel_accuracy: 0.8413 | val_loss: 0.6742
Epoch 274/1000 | train_loss: 0.6257 | miou: 0.6087 | f1_macro: 0.7233 | pixel_accuracy: 0.8407 | val_loss: 0.6932
Epoch 275/1000 | train_loss: 0.6508 | miou: 0.6377 | f1_macro: 0.7538 | pixel_accuracy: 0.8596 | val_loss: 0.5720
Epoch 276/1000 | train_loss: 0.6029 | miou: 0.6434 | f1_macro: 0.7556 | pixel_accuracy: 0.8647 | val_loss: 0.6276
Epoch 277/1000 | train_loss: 0.6099 | miou: 0.6424 | f1_macro: 0.7519 | pixel_accuracy: 0.8666 | val_loss: 0.5646
Epoch 278/1000 | train_loss: 0.6027 | miou: 0.6251 | f1_macro: 0.7377 | pixel_accuracy: 0.8605 | val_loss: 0.6845
Epoch 279/1000 | train_loss: 0.5917 | miou: 0.6382 | f1_macro: 0.7515 | pixel_accuracy: 0.8599 | val_loss: 0.6115
Epoch 280/1000 | train_loss: 0.5945 | miou: 0.6514 | f1_macro: 0.7627 | pixel_accuracy: 0.8676 | val_loss: 0.6160
Epoch 281/1000 | train_loss: 0.5858 | miou: 0.6579 | f1_macro: 0.7664 | pixel_accuracy: 0.8718 | val_loss: 0.6033
Epoch 282/1000 | train_loss: 0.5818 | miou: 0.6264 | f1_macro: 0.7392 | pixel_accuracy: 0.8552 | val_loss: 0.7277
Epoch 283/1000 | train_loss: 0.5896 | miou: 0.6251 | f1_macro: 0.7453 | pixel_accuracy: 0.8474 | val_loss: 0.7097
Epoch 284/1000 | train_loss: 0.6421 | miou: 0.6259 | f1_macro: 0.7377 | pixel_accuracy: 0.8604 | val_loss: 0.6206
Epoch 285/1000 | train_loss: 0.6029 | miou: 0.6510 | f1_macro: 0.7600 | pixel_accuracy: 0.8714 | val_loss: 0.5591
Epoch 286/1000 | train_loss: 0.5834 | miou: 0.6470 | f1_macro: 0.7636 | pixel_accuracy: 0.8613 | val_loss: 0.6258
Epoch 287/1000 | train_loss: 0.5864 | miou: 0.6312 | f1_macro: 0.7371 | pixel_accuracy: 0.8631 | val_loss: 0.6646
Epoch 288/1000 | train_loss: 0.5856 | miou: 0.6431 | f1_macro: 0.7593 | pixel_accuracy: 0.8615 | val_loss: 0.6101
Epoch 289/1000 | train_loss: 0.5995 | miou: 0.6294 | f1_macro: 0.7441 | pixel_accuracy: 0.8563 | val_loss: 0.6871
Epoch 290/1000 | train_loss: 0.5939 | miou: 0.6544 | f1_macro: 0.7652 | pixel_accuracy: 0.8704 | val_loss: 0.6799
Epoch 291/1000 | train_loss: 0.6031 | miou: 0.6558 | f1_macro: 0.7687 | pixel_accuracy: 0.8686 | val_loss: 0.5466
Epoch 292/1000 | train_loss: 0.6008 | miou: 0.6486 | f1_macro: 0.7640 | pixel_accuracy: 0.8647 | val_loss: 0.6461
Epoch 293/1000 | train_loss: 0.5891 | miou: 0.6373 | f1_macro: 0.7563 | pixel_accuracy: 0.8577 | val_loss: 0.6600
Epoch 294/1000 | train_loss: 0.6190 | miou: 0.6373 | f1_macro: 0.7502 | pixel_accuracy: 0.8626 | val_loss: 0.6563
Epoch 295/1000 | train_loss: 0.5971 | miou: 0.6353 | f1_macro: 0.7533 | pixel_accuracy: 0.8571 | val_loss: 0.6334
