==========================================
Job ID: 3165345
Node: gput048
GPU: 0
Experiment: configs/experiment/unet_dataset83_raw.yaml
Run Name: unet-d83-raw
==========================================
Mon Feb 23 12:40:58 2026       
+-----------------------------------------------------------------------------------------+
| NVIDIA-SMI 570.158.01             Driver Version: 570.158.01     CUDA Version: 12.8     |
|-----------------------------------------+------------------------+----------------------+
| GPU  Name                 Persistence-M | Bus-Id          Disp.A | Volatile Uncorr. ECC |
| Fan  Temp   Perf          Pwr:Usage/Cap |           Memory-Usage | GPU-Util  Compute M. |
|                                         |                        |               MIG M. |
|=========================================+========================+======================|
|   0  NVIDIA GeForce RTX 2080 Ti     On  |   00000000:81:00.0 Off |                  N/A |
| 27%   22C    P8              2W /  250W |       1MiB /  11264MiB |      0%      Default |
|                                         |                        |                  N/A |
+-----------------------------------------+------------------------+----------------------+
                                                                                         
+-----------------------------------------------------------------------------------------+
| Processes:                                                                              |
|  GPU   GI   CI              PID   Type   Process name                        GPU Memory |
|        ID   ID                                                               Usage      |
|=========================================================================================|
|  No running processes found                                                             |
+-----------------------------------------------------------------------------------------+
Split: 70 train / 13 val (from 83 total)
Model: unet
Trainable parameters: 47,388,550
Epoch 1/1000 | train_loss: 1.6461 | miou: 0.1000 | f1_macro: 0.1663 | pixel_accuracy: 0.3006 | img_miou: 0.1004 | img_f1_macro: 0.1635 | img_pixel_accuracy: 0.3006 | val_loss: 1.5703
Epoch 2/1000 | train_loss: 1.4687 | miou: 0.1242 | f1_macro: 0.2018 | pixel_accuracy: 0.3557 | img_miou: 0.1275 | img_f1_macro: 0.2026 | img_pixel_accuracy: 0.3557 | val_loss: 1.4605
Epoch 3/1000 | train_loss: 1.3090 | miou: 0.1493 | f1_macro: 0.2130 | pixel_accuracy: 0.4814 | img_miou: 0.1540 | img_f1_macro: 0.2124 | img_pixel_accuracy: 0.4814 | val_loss: 1.4566
Epoch 4/1000 | train_loss: 1.2032 | miou: 0.2128 | f1_macro: 0.3230 | pixel_accuracy: 0.4736 | img_miou: 0.2175 | img_f1_macro: 0.3162 | img_pixel_accuracy: 0.4736 | val_loss: 1.3031
Epoch 5/1000 | train_loss: 1.1419 | miou: 0.2933 | f1_macro: 0.4066 | pixel_accuracy: 0.6193 | img_miou: 0.2980 | img_f1_macro: 0.4007 | img_pixel_accuracy: 0.6193 | val_loss: 1.2063
Epoch 6/1000 | train_loss: 1.0701 | miou: 0.3189 | f1_macro: 0.4372 | pixel_accuracy: 0.6415 | img_miou: 0.3243 | img_f1_macro: 0.4284 | img_pixel_accuracy: 0.6415 | val_loss: 1.1827
Epoch 7/1000 | train_loss: 1.0694 | miou: 0.2004 | f1_macro: 0.2901 | pixel_accuracy: 0.4952 | img_miou: 0.2065 | img_f1_macro: 0.2858 | img_pixel_accuracy: 0.4952 | val_loss: 1.4867
Epoch 8/1000 | train_loss: 1.0368 | miou: 0.3071 | f1_macro: 0.4218 | pixel_accuracy: 0.6421 | img_miou: 0.3128 | img_f1_macro: 0.4185 | img_pixel_accuracy: 0.6421 | val_loss: 1.1255
Epoch 9/1000 | train_loss: 1.0488 | miou: 0.2668 | f1_macro: 0.3821 | pixel_accuracy: 0.5891 | img_miou: 0.2751 | img_f1_macro: 0.3832 | img_pixel_accuracy: 0.5891 | val_loss: 1.2289
Epoch 10/1000 | train_loss: 1.0032 | miou: 0.2800 | f1_macro: 0.3929 | pixel_accuracy: 0.6107 | img_miou: 0.2839 | img_f1_macro: 0.3903 | img_pixel_accuracy: 0.6107 | val_loss: 1.3071
Epoch 11/1000 | train_loss: 0.9711 | miou: 0.2870 | f1_macro: 0.4058 | pixel_accuracy: 0.5950 | img_miou: 0.2810 | img_f1_macro: 0.3874 | img_pixel_accuracy: 0.5950 | val_loss: 1.1628
Epoch 12/1000 | train_loss: 0.9757 | miou: 0.3069 | f1_macro: 0.4263 | pixel_accuracy: 0.6369 | img_miou: 0.3099 | img_f1_macro: 0.4222 | img_pixel_accuracy: 0.6369 | val_loss: 1.1259
Epoch 13/1000 | train_loss: 0.9754 | miou: 0.3188 | f1_macro: 0.4420 | pixel_accuracy: 0.6284 | img_miou: 0.3225 | img_f1_macro: 0.4303 | img_pixel_accuracy: 0.6284 | val_loss: 1.0557
Epoch 14/1000 | train_loss: 0.9190 | miou: 0.3167 | f1_macro: 0.4254 | pixel_accuracy: 0.6504 | img_miou: 0.3149 | img_f1_macro: 0.4094 | img_pixel_accuracy: 0.6504 | val_loss: 1.2195
Epoch 15/1000 | train_loss: 0.9282 | miou: 0.3579 | f1_macro: 0.4804 | pixel_accuracy: 0.6734 | img_miou: 0.3653 | img_f1_macro: 0.4702 | img_pixel_accuracy: 0.6734 | val_loss: 1.0485
Epoch 16/1000 | train_loss: 0.8632 | miou: 0.3742 | f1_macro: 0.4996 | pixel_accuracy: 0.6845 | img_miou: 0.3817 | img_f1_macro: 0.4882 | img_pixel_accuracy: 0.6845 | val_loss: 1.0049
Epoch 17/1000 | train_loss: 0.8677 | miou: 0.3751 | f1_macro: 0.5002 | pixel_accuracy: 0.6899 | img_miou: 0.3914 | img_f1_macro: 0.4954 | img_pixel_accuracy: 0.6899 | val_loss: 1.0135
Epoch 18/1000 | train_loss: 0.8258 | miou: 0.3844 | f1_macro: 0.5100 | pixel_accuracy: 0.6985 | img_miou: 0.3967 | img_f1_macro: 0.5053 | img_pixel_accuracy: 0.6985 | val_loss: 1.0302
Epoch 19/1000 | train_loss: 0.8288 | miou: 0.2775 | f1_macro: 0.3977 | pixel_accuracy: 0.5839 | img_miou: 0.2813 | img_f1_macro: 0.3908 | img_pixel_accuracy: 0.5839 | val_loss: 1.1284
Epoch 20/1000 | train_loss: 0.8221 | miou: 0.4272 | f1_macro: 0.5475 | pixel_accuracy: 0.7395 | img_miou: 0.4274 | img_f1_macro: 0.5334 | img_pixel_accuracy: 0.7395 | val_loss: 0.9086
Epoch 21/1000 | train_loss: 0.7793 | miou: 0.4047 | f1_macro: 0.5166 | pixel_accuracy: 0.7283 | img_miou: 0.4145 | img_f1_macro: 0.5096 | img_pixel_accuracy: 0.7283 | val_loss: 0.9471
Epoch 22/1000 | train_loss: 0.7655 | miou: 0.3993 | f1_macro: 0.5182 | pixel_accuracy: 0.7117 | img_miou: 0.4150 | img_f1_macro: 0.5137 | img_pixel_accuracy: 0.7117 | val_loss: 0.9355
Epoch 23/1000 | train_loss: 0.7075 | miou: 0.4632 | f1_macro: 0.5882 | pixel_accuracy: 0.7579 | img_miou: 0.4696 | img_f1_macro: 0.5800 | img_pixel_accuracy: 0.7579 | val_loss: 0.8504
Epoch 24/1000 | train_loss: 0.6967 | miou: 0.4531 | f1_macro: 0.5783 | pixel_accuracy: 0.7550 | img_miou: 0.4607 | img_f1_macro: 0.5720 | img_pixel_accuracy: 0.7550 | val_loss: 0.8233
Epoch 25/1000 | train_loss: 0.6732 | miou: 0.4472 | f1_macro: 0.5721 | pixel_accuracy: 0.7521 | img_miou: 0.4538 | img_f1_macro: 0.5662 | img_pixel_accuracy: 0.7521 | val_loss: 0.9253
Epoch 26/1000 | train_loss: 0.6794 | miou: 0.4686 | f1_macro: 0.5906 | pixel_accuracy: 0.7687 | img_miou: 0.4751 | img_f1_macro: 0.5821 | img_pixel_accuracy: 0.7687 | val_loss: 0.7850
Epoch 27/1000 | train_loss: 0.6454 | miou: 0.3971 | f1_macro: 0.5293 | pixel_accuracy: 0.6988 | img_miou: 0.4062 | img_f1_macro: 0.5232 | img_pixel_accuracy: 0.6988 | val_loss: 0.9240
Epoch 28/1000 | train_loss: 0.6430 | miou: 0.5023 | f1_macro: 0.6249 | pixel_accuracy: 0.7842 | img_miou: 0.5003 | img_f1_macro: 0.6129 | img_pixel_accuracy: 0.7842 | val_loss: 0.7369
Epoch 29/1000 | train_loss: 0.6088 | miou: 0.4608 | f1_macro: 0.5868 | pixel_accuracy: 0.7539 | img_miou: 0.4641 | img_f1_macro: 0.5770 | img_pixel_accuracy: 0.7539 | val_loss: 0.8647
Epoch 30/1000 | train_loss: 0.5749 | miou: 0.4783 | f1_macro: 0.6037 | pixel_accuracy: 0.7704 | img_miou: 0.4831 | img_f1_macro: 0.5967 | img_pixel_accuracy: 0.7704 | val_loss: 0.7503
Epoch 31/1000 | train_loss: 0.6008 | miou: 0.4861 | f1_macro: 0.6095 | pixel_accuracy: 0.7727 | img_miou: 0.4914 | img_f1_macro: 0.5978 | img_pixel_accuracy: 0.7727 | val_loss: 0.7533
Epoch 32/1000 | train_loss: 0.6728 | miou: 0.4929 | f1_macro: 0.6166 | pixel_accuracy: 0.7772 | img_miou: 0.5018 | img_f1_macro: 0.6110 | img_pixel_accuracy: 0.7772 | val_loss: 0.8139
Epoch 33/1000 | train_loss: 0.5766 | miou: 0.5129 | f1_macro: 0.6352 | pixel_accuracy: 0.7942 | img_miou: 0.5113 | img_f1_macro: 0.6199 | img_pixel_accuracy: 0.7942 | val_loss: 0.7066
Epoch 34/1000 | train_loss: 0.5232 | miou: 0.5079 | f1_macro: 0.6370 | pixel_accuracy: 0.7849 | img_miou: 0.5192 | img_f1_macro: 0.6312 | img_pixel_accuracy: 0.7849 | val_loss: 0.7509
Epoch 35/1000 | train_loss: 0.5467 | miou: 0.4737 | f1_macro: 0.5981 | pixel_accuracy: 0.7640 | img_miou: 0.4776 | img_f1_macro: 0.5850 | img_pixel_accuracy: 0.7640 | val_loss: 0.8291
Epoch 36/1000 | train_loss: 0.6314 | miou: 0.4964 | f1_macro: 0.6221 | pixel_accuracy: 0.7784 | img_miou: 0.4973 | img_f1_macro: 0.6071 | img_pixel_accuracy: 0.7784 | val_loss: 0.7566
Epoch 37/1000 | train_loss: 0.5453 | miou: 0.5079 | f1_macro: 0.6321 | pixel_accuracy: 0.7877 | img_miou: 0.5055 | img_f1_macro: 0.6179 | img_pixel_accuracy: 0.7877 | val_loss: 0.7603
Epoch 38/1000 | train_loss: 0.5244 | miou: 0.5394 | f1_macro: 0.6551 | pixel_accuracy: 0.8169 | img_miou: 0.5327 | img_f1_macro: 0.6408 | img_pixel_accuracy: 0.8169 | val_loss: 0.6766
Epoch 39/1000 | train_loss: 0.4715 | miou: 0.5388 | f1_macro: 0.6506 | pixel_accuracy: 0.8201 | img_miou: 0.5353 | img_f1_macro: 0.6349 | img_pixel_accuracy: 0.8201 | val_loss: 0.6383
Epoch 40/1000 | train_loss: 0.4536 | miou: 0.5460 | f1_macro: 0.6678 | pixel_accuracy: 0.8150 | img_miou: 0.5484 | img_f1_macro: 0.6578 | img_pixel_accuracy: 0.8150 | val_loss: 0.7060
Epoch 41/1000 | train_loss: 0.5029 | miou: 0.5348 | f1_macro: 0.6522 | pixel_accuracy: 0.8127 | img_miou: 0.5328 | img_f1_macro: 0.6421 | img_pixel_accuracy: 0.8127 | val_loss: 0.7044
Epoch 42/1000 | train_loss: 0.4550 | miou: 0.5569 | f1_macro: 0.6686 | pixel_accuracy: 0.8266 | img_miou: 0.5519 | img_f1_macro: 0.6552 | img_pixel_accuracy: 0.8266 | val_loss: 0.6296
Epoch 43/1000 | train_loss: 0.4547 | miou: 0.5525 | f1_macro: 0.6677 | pixel_accuracy: 0.8230 | img_miou: 0.5526 | img_f1_macro: 0.6568 | img_pixel_accuracy: 0.8230 | val_loss: 0.6058
Epoch 44/1000 | train_loss: 0.4354 | miou: 0.5718 | f1_macro: 0.6881 | pixel_accuracy: 0.8342 | img_miou: 0.5696 | img_f1_macro: 0.6763 | img_pixel_accuracy: 0.8342 | val_loss: 0.6058
Epoch 45/1000 | train_loss: 0.3979 | miou: 0.5720 | f1_macro: 0.6854 | pixel_accuracy: 0.8361 | img_miou: 0.5716 | img_f1_macro: 0.6777 | img_pixel_accuracy: 0.8361 | val_loss: 0.6254
Epoch 46/1000 | train_loss: 0.9549 | miou: 0.4362 | f1_macro: 0.5610 | pixel_accuracy: 0.7331 | img_miou: 0.4408 | img_f1_macro: 0.5419 | img_pixel_accuracy: 0.7331 | val_loss: 0.9118
Epoch 47/1000 | train_loss: 0.6437 | miou: 0.5078 | f1_macro: 0.6281 | pixel_accuracy: 0.7898 | img_miou: 0.5027 | img_f1_macro: 0.6106 | img_pixel_accuracy: 0.7898 | val_loss: 0.6994
Epoch 48/1000 | train_loss: 0.5186 | miou: 0.4888 | f1_macro: 0.6139 | pixel_accuracy: 0.7702 | img_miou: 0.4962 | img_f1_macro: 0.6007 | img_pixel_accuracy: 0.7702 | val_loss: 0.8287
Epoch 49/1000 | train_loss: 0.4793 | miou: 0.5453 | f1_macro: 0.6638 | pixel_accuracy: 0.8143 | img_miou: 0.5394 | img_f1_macro: 0.6461 | img_pixel_accuracy: 0.8143 | val_loss: 0.6958
Epoch 50/1000 | train_loss: 0.4438 | miou: 0.5395 | f1_macro: 0.6628 | pixel_accuracy: 0.8051 | img_miou: 0.5376 | img_f1_macro: 0.6479 | img_pixel_accuracy: 0.8051 | val_loss: 0.6760
Epoch 51/1000 | train_loss: 0.4670 | miou: 0.5528 | f1_macro: 0.6681 | pixel_accuracy: 0.8262 | img_miou: 0.5518 | img_f1_macro: 0.6559 | img_pixel_accuracy: 0.8262 | val_loss: 0.6237
Epoch 52/1000 | train_loss: 0.4319 | miou: 0.5498 | f1_macro: 0.6606 | pixel_accuracy: 0.8246 | img_miou: 0.5444 | img_f1_macro: 0.6450 | img_pixel_accuracy: 0.8246 | val_loss: 0.6203
Epoch 53/1000 | train_loss: 0.4076 | miou: 0.5102 | f1_macro: 0.6345 | pixel_accuracy: 0.7839 | img_miou: 0.5135 | img_f1_macro: 0.6215 | img_pixel_accuracy: 0.7839 | val_loss: 0.7410
Epoch 54/1000 | train_loss: 0.3923 | miou: 0.5677 | f1_macro: 0.6870 | pixel_accuracy: 0.8288 | img_miou: 0.5647 | img_f1_macro: 0.6721 | img_pixel_accuracy: 0.8288 | val_loss: 0.6653
Epoch 55/1000 | train_loss: 0.3824 | miou: 0.5508 | f1_macro: 0.6683 | pixel_accuracy: 0.8266 | img_miou: 0.5522 | img_f1_macro: 0.6625 | img_pixel_accuracy: 0.8266 | val_loss: 0.6715
Epoch 56/1000 | train_loss: 0.3869 | miou: 0.5816 | f1_macro: 0.6991 | pixel_accuracy: 0.8372 | img_miou: 0.5784 | img_f1_macro: 0.6838 | img_pixel_accuracy: 0.8372 | val_loss: 0.5920
Epoch 57/1000 | train_loss: 0.3645 | miou: 0.5785 | f1_macro: 0.6905 | pixel_accuracy: 0.8373 | img_miou: 0.5715 | img_f1_macro: 0.6713 | img_pixel_accuracy: 0.8373 | val_loss: 0.5662
Epoch 58/1000 | train_loss: 0.3470 | miou: 0.5832 | f1_macro: 0.7023 | pixel_accuracy: 0.8408 | img_miou: 0.5854 | img_f1_macro: 0.6958 | img_pixel_accuracy: 0.8408 | val_loss: 0.6105
Epoch 59/1000 | train_loss: 0.3391 | miou: 0.5692 | f1_macro: 0.6953 | pixel_accuracy: 0.8175 | img_miou: 0.5624 | img_f1_macro: 0.6688 | img_pixel_accuracy: 0.8175 | val_loss: 0.6210
Epoch 60/1000 | train_loss: 0.3605 | miou: 0.5748 | f1_macro: 0.6912 | pixel_accuracy: 0.8358 | img_miou: 0.5741 | img_f1_macro: 0.6781 | img_pixel_accuracy: 0.8358 | val_loss: 0.6140
Epoch 61/1000 | train_loss: 0.3646 | miou: 0.5422 | f1_macro: 0.6677 | pixel_accuracy: 0.8004 | img_miou: 0.5434 | img_f1_macro: 0.6487 | img_pixel_accuracy: 0.8004 | val_loss: 0.7324
Epoch 62/1000 | train_loss: 0.3411 | miou: 0.5590 | f1_macro: 0.6877 | pixel_accuracy: 0.8153 | img_miou: 0.5649 | img_f1_macro: 0.6750 | img_pixel_accuracy: 0.8153 | val_loss: 0.7727
Epoch 63/1000 | train_loss: 0.4127 | miou: 0.5448 | f1_macro: 0.6570 | pixel_accuracy: 0.8145 | img_miou: 0.5390 | img_f1_macro: 0.6362 | img_pixel_accuracy: 0.8145 | val_loss: 0.7163
Epoch 64/1000 | train_loss: 0.3641 | miou: 0.5818 | f1_macro: 0.7067 | pixel_accuracy: 0.8303 | img_miou: 0.5830 | img_f1_macro: 0.6926 | img_pixel_accuracy: 0.8303 | val_loss: 0.6880
Epoch 65/1000 | train_loss: 0.3417 | miou: 0.5926 | f1_macro: 0.7158 | pixel_accuracy: 0.8383 | img_miou: 0.5871 | img_f1_macro: 0.6924 | img_pixel_accuracy: 0.8383 | val_loss: 0.6019
Epoch 66/1000 | train_loss: 0.2986 | miou: 0.5831 | f1_macro: 0.7058 | pixel_accuracy: 0.8303 | img_miou: 0.5763 | img_f1_macro: 0.6809 | img_pixel_accuracy: 0.8303 | val_loss: 0.6313
Epoch 67/1000 | train_loss: 0.2976 | miou: 0.5732 | f1_macro: 0.6855 | pixel_accuracy: 0.8380 | img_miou: 0.5736 | img_f1_macro: 0.6730 | img_pixel_accuracy: 0.8380 | val_loss: 0.6616
Epoch 68/1000 | train_loss: 0.3203 | miou: 0.5674 | f1_macro: 0.6828 | pixel_accuracy: 0.8253 | img_miou: 0.5629 | img_f1_macro: 0.6626 | img_pixel_accuracy: 0.8253 | val_loss: 0.6163
Epoch 69/1000 | train_loss: 0.3237 | miou: 0.5994 | f1_macro: 0.7165 | pixel_accuracy: 0.8455 | img_miou: 0.5935 | img_f1_macro: 0.6972 | img_pixel_accuracy: 0.8455 | val_loss: 0.6401
Epoch 70/1000 | train_loss: 0.2936 | miou: 0.5997 | f1_macro: 0.7224 | pixel_accuracy: 0.8409 | img_miou: 0.5950 | img_f1_macro: 0.7010 | img_pixel_accuracy: 0.8409 | val_loss: 0.6427
Epoch 71/1000 | train_loss: 0.2695 | miou: 0.6084 | f1_macro: 0.7324 | pixel_accuracy: 0.8402 | img_miou: 0.5989 | img_f1_macro: 0.7051 | img_pixel_accuracy: 0.8402 | val_loss: 0.6787
Epoch 72/1000 | train_loss: 0.2713 | miou: 0.5790 | f1_macro: 0.7006 | pixel_accuracy: 0.8294 | img_miou: 0.5768 | img_f1_macro: 0.6814 | img_pixel_accuracy: 0.8294 | val_loss: 0.7414
Epoch 73/1000 | train_loss: 0.2421 | miou: 0.6084 | f1_macro: 0.7291 | pixel_accuracy: 0.8460 | img_miou: 0.5983 | img_f1_macro: 0.7029 | img_pixel_accuracy: 0.8460 | val_loss: 0.6499
Epoch 74/1000 | train_loss: 0.3183 | miou: 0.5769 | f1_macro: 0.7039 | pixel_accuracy: 0.8285 | img_miou: 0.5662 | img_f1_macro: 0.6728 | img_pixel_accuracy: 0.8285 | val_loss: 0.6983
Epoch 75/1000 | train_loss: 0.2783 | miou: 0.6119 | f1_macro: 0.7300 | pixel_accuracy: 0.8485 | img_miou: 0.5974 | img_f1_macro: 0.6994 | img_pixel_accuracy: 0.8485 | val_loss: 0.6530
Epoch 76/1000 | train_loss: 0.2670 | miou: 0.5960 | f1_macro: 0.7286 | pixel_accuracy: 0.8251 | img_miou: 0.5806 | img_f1_macro: 0.6885 | img_pixel_accuracy: 0.8251 | val_loss: 0.6837
Epoch 77/1000 | train_loss: 0.3640 | miou: 0.5493 | f1_macro: 0.6659 | pixel_accuracy: 0.8242 | img_miou: 0.5521 | img_f1_macro: 0.6538 | img_pixel_accuracy: 0.8242 | val_loss: 0.6807
Epoch 78/1000 | train_loss: 0.2681 | miou: 0.6146 | f1_macro: 0.7371 | pixel_accuracy: 0.8453 | img_miou: 0.6008 | img_f1_macro: 0.7058 | img_pixel_accuracy: 0.8453 | val_loss: 0.6846
Epoch 79/1000 | train_loss: 0.2421 | miou: 0.5797 | f1_macro: 0.7117 | pixel_accuracy: 0.8198 | img_miou: 0.5743 | img_f1_macro: 0.6852 | img_pixel_accuracy: 0.8198 | val_loss: 0.7452
Epoch 80/1000 | train_loss: 0.2388 | miou: 0.6107 | f1_macro: 0.7335 | pixel_accuracy: 0.8428 | img_miou: 0.5978 | img_f1_macro: 0.7023 | img_pixel_accuracy: 0.8428 | val_loss: 0.6976
Epoch 81/1000 | train_loss: 0.2486 | miou: 0.6035 | f1_macro: 0.7237 | pixel_accuracy: 0.8447 | img_miou: 0.5851 | img_f1_macro: 0.6893 | img_pixel_accuracy: 0.8447 | val_loss: 0.6131
Epoch 82/1000 | train_loss: 0.2192 | miou: 0.6194 | f1_macro: 0.7431 | pixel_accuracy: 0.8490 | img_miou: 0.6096 | img_f1_macro: 0.7140 | img_pixel_accuracy: 0.8490 | val_loss: 0.7255
Epoch 83/1000 | train_loss: 0.2341 | miou: 0.6118 | f1_macro: 0.7365 | pixel_accuracy: 0.8403 | img_miou: 0.5933 | img_f1_macro: 0.7012 | img_pixel_accuracy: 0.8403 | val_loss: 0.6664
Epoch 84/1000 | train_loss: 0.2140 | miou: 0.6276 | f1_macro: 0.7484 | pixel_accuracy: 0.8530 | img_miou: 0.6063 | img_f1_macro: 0.7098 | img_pixel_accuracy: 0.8530 | val_loss: 0.6622
Epoch 85/1000 | train_loss: 0.2182 | miou: 0.6248 | f1_macro: 0.7475 | pixel_accuracy: 0.8506 | img_miou: 0.6074 | img_f1_macro: 0.7153 | img_pixel_accuracy: 0.8506 | val_loss: 0.7286
Epoch 86/1000 | train_loss: 0.2190 | miou: 0.6259 | f1_macro: 0.7450 | pixel_accuracy: 0.8542 | img_miou: 0.6086 | img_f1_macro: 0.7106 | img_pixel_accuracy: 0.8542 | val_loss: 0.6825
Epoch 87/1000 | train_loss: 0.1819 | miou: 0.6248 | f1_macro: 0.7496 | pixel_accuracy: 0.8478 | img_miou: 0.6066 | img_f1_macro: 0.7121 | img_pixel_accuracy: 0.8478 | val_loss: 0.6930
Epoch 88/1000 | train_loss: 0.1932 | miou: 0.6386 | f1_macro: 0.7613 | pixel_accuracy: 0.8562 | img_miou: 0.6176 | img_f1_macro: 0.7210 | img_pixel_accuracy: 0.8562 | val_loss: 0.6688
Epoch 89/1000 | train_loss: 0.1741 | miou: 0.6436 | f1_macro: 0.7644 | pixel_accuracy: 0.8549 | img_miou: 0.6222 | img_f1_macro: 0.7235 | img_pixel_accuracy: 0.8549 | val_loss: 0.7124
Epoch 90/1000 | train_loss: 0.1754 | miou: 0.6368 | f1_macro: 0.7623 | pixel_accuracy: 0.8484 | img_miou: 0.6136 | img_f1_macro: 0.7189 | img_pixel_accuracy: 0.8484 | val_loss: 0.7321
Epoch 91/1000 | train_loss: 0.1773 | miou: 0.6244 | f1_macro: 0.7505 | pixel_accuracy: 0.8490 | img_miou: 0.6092 | img_f1_macro: 0.7168 | img_pixel_accuracy: 0.8490 | val_loss: 0.8471
Epoch 92/1000 | train_loss: 0.1769 | miou: 0.6527 | f1_macro: 0.7739 | pixel_accuracy: 0.8610 | img_miou: 0.6288 | img_f1_macro: 0.7318 | img_pixel_accuracy: 0.8610 | val_loss: 0.7267
Epoch 93/1000 | train_loss: 0.1672 | miou: 0.6256 | f1_macro: 0.7543 | pixel_accuracy: 0.8413 | img_miou: 0.6031 | img_f1_macro: 0.7141 | img_pixel_accuracy: 0.8413 | val_loss: 0.7552
Epoch 94/1000 | train_loss: 0.1664 | miou: 0.6432 | f1_macro: 0.7670 | pixel_accuracy: 0.8573 | img_miou: 0.6200 | img_f1_macro: 0.7245 | img_pixel_accuracy: 0.8573 | val_loss: 0.8028
Epoch 95/1000 | train_loss: 0.1517 | miou: 0.6501 | f1_macro: 0.7739 | pixel_accuracy: 0.8539 | img_miou: 0.6270 | img_f1_macro: 0.7315 | img_pixel_accuracy: 0.8539 | val_loss: 0.7953
Epoch 96/1000 | train_loss: 0.1424 | miou: 0.6407 | f1_macro: 0.7667 | pixel_accuracy: 0.8534 | img_miou: 0.6185 | img_f1_macro: 0.7255 | img_pixel_accuracy: 0.8534 | val_loss: 0.7586
Epoch 97/1000 | train_loss: 0.1820 | miou: 0.6332 | f1_macro: 0.7580 | pixel_accuracy: 0.8513 | img_miou: 0.6158 | img_f1_macro: 0.7216 | img_pixel_accuracy: 0.8513 | val_loss: 0.7580
Epoch 98/1000 | train_loss: 0.1962 | miou: 0.6091 | f1_macro: 0.7303 | pixel_accuracy: 0.8500 | img_miou: 0.5857 | img_f1_macro: 0.6898 | img_pixel_accuracy: 0.8500 | val_loss: 0.7893
Epoch 99/1000 | train_loss: 0.2960 | miou: 0.6004 | f1_macro: 0.7238 | pixel_accuracy: 0.8351 | img_miou: 0.5814 | img_f1_macro: 0.6855 | img_pixel_accuracy: 0.8351 | val_loss: 0.6684
Epoch 100/1000 | train_loss: 0.1785 | miou: 0.6445 | f1_macro: 0.7663 | pixel_accuracy: 0.8574 | img_miou: 0.6198 | img_f1_macro: 0.7225 | img_pixel_accuracy: 0.8574 | val_loss: 0.7261
Epoch 101/1000 | train_loss: 0.1417 | miou: 0.6377 | f1_macro: 0.7623 | pixel_accuracy: 0.8473 | img_miou: 0.6103 | img_f1_macro: 0.7154 | img_pixel_accuracy: 0.8473 | val_loss: 0.7279
Epoch 102/1000 | train_loss: 0.2458 | miou: 0.6045 | f1_macro: 0.7363 | pixel_accuracy: 0.8249 | img_miou: 0.5853 | img_f1_macro: 0.6951 | img_pixel_accuracy: 0.8250 | val_loss: 0.8106
Epoch 103/1000 | train_loss: 0.2655 | miou: 0.5967 | f1_macro: 0.7291 | pixel_accuracy: 0.8210 | img_miou: 0.5794 | img_f1_macro: 0.6919 | img_pixel_accuracy: 0.8210 | val_loss: 0.7663
Epoch 104/1000 | train_loss: 0.2585 | miou: 0.6392 | f1_macro: 0.7598 | pixel_accuracy: 0.8570 | img_miou: 0.6190 | img_f1_macro: 0.7226 | img_pixel_accuracy: 0.8570 | val_loss: 0.6246
Epoch 105/1000 | train_loss: 0.1548 | miou: 0.6387 | f1_macro: 0.7635 | pixel_accuracy: 0.8509 | img_miou: 0.6184 | img_f1_macro: 0.7229 | img_pixel_accuracy: 0.8509 | val_loss: 0.7518
Epoch 106/1000 | train_loss: 0.1422 | miou: 0.6422 | f1_macro: 0.7628 | pixel_accuracy: 0.8559 | img_miou: 0.6193 | img_f1_macro: 0.7221 | img_pixel_accuracy: 0.8559 | val_loss: 0.7207
Epoch 107/1000 | train_loss: 0.1572 | miou: 0.6586 | f1_macro: 0.7776 | pixel_accuracy: 0.8651 | img_miou: 0.6351 | img_f1_macro: 0.7371 | img_pixel_accuracy: 0.8651 | val_loss: 0.7238
Epoch 108/1000 | train_loss: 0.1293 | miou: 0.6557 | f1_macro: 0.7783 | pixel_accuracy: 0.8574 | img_miou: 0.6277 | img_f1_macro: 0.7324 | img_pixel_accuracy: 0.8574 | val_loss: 0.7651
Epoch 109/1000 | train_loss: 0.1128 | miou: 0.6555 | f1_macro: 0.7777 | pixel_accuracy: 0.8573 | img_miou: 0.6268 | img_f1_macro: 0.7305 | img_pixel_accuracy: 0.8573 | val_loss: 0.8323
Epoch 110/1000 | train_loss: 0.1144 | miou: 0.6469 | f1_macro: 0.7715 | pixel_accuracy: 0.8532 | img_miou: 0.6228 | img_f1_macro: 0.7266 | img_pixel_accuracy: 0.8532 | val_loss: 0.8355
Epoch 111/1000 | train_loss: 0.1226 | miou: 0.6562 | f1_macro: 0.7776 | pixel_accuracy: 0.8598 | img_miou: 0.6303 | img_f1_macro: 0.7341 | img_pixel_accuracy: 0.8598 | val_loss: 0.8989
Epoch 112/1000 | train_loss: 0.1207 | miou: 0.6531 | f1_macro: 0.7757 | pixel_accuracy: 0.8606 | img_miou: 0.6282 | img_f1_macro: 0.7312 | img_pixel_accuracy: 0.8606 | val_loss: 0.7974
Epoch 113/1000 | train_loss: 0.1084 | miou: 0.6520 | f1_macro: 0.7746 | pixel_accuracy: 0.8580 | img_miou: 0.6269 | img_f1_macro: 0.7308 | img_pixel_accuracy: 0.8580 | val_loss: 0.8818
Epoch 114/1000 | train_loss: 0.1029 | miou: 0.6503 | f1_macro: 0.7769 | pixel_accuracy: 0.8507 | img_miou: 0.6208 | img_f1_macro: 0.7266 | img_pixel_accuracy: 0.8507 | val_loss: 0.7837
Epoch 115/1000 | train_loss: 0.0959 | miou: 0.6477 | f1_macro: 0.7748 | pixel_accuracy: 0.8508 | img_miou: 0.6234 | img_f1_macro: 0.7287 | img_pixel_accuracy: 0.8508 | val_loss: 0.8302
Epoch 116/1000 | train_loss: 0.1214 | miou: 0.6513 | f1_macro: 0.7749 | pixel_accuracy: 0.8583 | img_miou: 0.6232 | img_f1_macro: 0.7279 | img_pixel_accuracy: 0.8583 | val_loss: 0.7995
Epoch 117/1000 | train_loss: 0.0949 | miou: 0.6620 | f1_macro: 0.7836 | pixel_accuracy: 0.8617 | img_miou: 0.6328 | img_f1_macro: 0.7358 | img_pixel_accuracy: 0.8617 | val_loss: 0.8538
Epoch 118/1000 | train_loss: 0.0917 | miou: 0.6594 | f1_macro: 0.7799 | pixel_accuracy: 0.8627 | img_miou: 0.6317 | img_f1_macro: 0.7336 | img_pixel_accuracy: 0.8627 | val_loss: 0.7685
Epoch 119/1000 | train_loss: 0.1120 | miou: 0.6371 | f1_macro: 0.7633 | pixel_accuracy: 0.8480 | img_miou: 0.6143 | img_f1_macro: 0.7220 | img_pixel_accuracy: 0.8480 | val_loss: 0.8969
Epoch 120/1000 | train_loss: 0.2823 | miou: 0.5605 | f1_macro: 0.6925 | pixel_accuracy: 0.7997 | img_miou: 0.5451 | img_f1_macro: 0.6539 | img_pixel_accuracy: 0.7997 | val_loss: 0.8064
Epoch 121/1000 | train_loss: 0.2862 | miou: 0.6242 | f1_macro: 0.7496 | pixel_accuracy: 0.8409 | img_miou: 0.6060 | img_f1_macro: 0.7143 | img_pixel_accuracy: 0.8409 | val_loss: 0.6753
Epoch 122/1000 | train_loss: 0.1320 | miou: 0.6418 | f1_macro: 0.7683 | pixel_accuracy: 0.8457 | img_miou: 0.6202 | img_f1_macro: 0.7279 | img_pixel_accuracy: 0.8457 | val_loss: 0.6788
Epoch 123/1000 | train_loss: 0.1047 | miou: 0.6512 | f1_macro: 0.7748 | pixel_accuracy: 0.8542 | img_miou: 0.6262 | img_f1_macro: 0.7302 | img_pixel_accuracy: 0.8542 | val_loss: 0.7771
Epoch 124/1000 | train_loss: 0.0983 | miou: 0.6475 | f1_macro: 0.7725 | pixel_accuracy: 0.8506 | img_miou: 0.6253 | img_f1_macro: 0.7310 | img_pixel_accuracy: 0.8506 | val_loss: 0.7955
Epoch 125/1000 | train_loss: 0.1024 | miou: 0.6364 | f1_macro: 0.7642 | pixel_accuracy: 0.8415 | img_miou: 0.6122 | img_f1_macro: 0.7211 | img_pixel_accuracy: 0.8415 | val_loss: 0.7676
Epoch 126/1000 | train_loss: 0.1183 | miou: 0.6414 | f1_macro: 0.7644 | pixel_accuracy: 0.8505 | img_miou: 0.6171 | img_f1_macro: 0.7214 | img_pixel_accuracy: 0.8505 | val_loss: 0.8190
Epoch 127/1000 | train_loss: 0.1069 | miou: 0.5972 | f1_macro: 0.7316 | pixel_accuracy: 0.8209 | img_miou: 0.5734 | img_f1_macro: 0.6849 | img_pixel_accuracy: 0.8209 | val_loss: 0.9707
Epoch 128/1000 | train_loss: 0.1513 | miou: 0.6363 | f1_macro: 0.7645 | pixel_accuracy: 0.8426 | img_miou: 0.6125 | img_f1_macro: 0.7220 | img_pixel_accuracy: 0.8426 | val_loss: 0.7086
Epoch 129/1000 | train_loss: 0.1348 | miou: 0.6503 | f1_macro: 0.7742 | pixel_accuracy: 0.8539 | img_miou: 0.6233 | img_f1_macro: 0.7281 | img_pixel_accuracy: 0.8539 | val_loss: 0.7556
Epoch 130/1000 | train_loss: 0.0913 | miou: 0.6534 | f1_macro: 0.7784 | pixel_accuracy: 0.8514 | img_miou: 0.6287 | img_f1_macro: 0.7345 | img_pixel_accuracy: 0.8514 | val_loss: 0.8053
Epoch 131/1000 | train_loss: 0.0807 | miou: 0.6529 | f1_macro: 0.7778 | pixel_accuracy: 0.8532 | img_miou: 0.6302 | img_f1_macro: 0.7351 | img_pixel_accuracy: 0.8532 | val_loss: 0.8146
Epoch 132/1000 | train_loss: 0.0799 | miou: 0.6494 | f1_macro: 0.7737 | pixel_accuracy: 0.8544 | img_miou: 0.6262 | img_f1_macro: 0.7302 | img_pixel_accuracy: 0.8544 | val_loss: 0.8057
Epoch 133/1000 | train_loss: 0.0808 | miou: 0.6537 | f1_macro: 0.7792 | pixel_accuracy: 0.8525 | img_miou: 0.6258 | img_f1_macro: 0.7301 | img_pixel_accuracy: 0.8525 | val_loss: 0.8368
Epoch 134/1000 | train_loss: 0.0963 | miou: 0.6492 | f1_macro: 0.7757 | pixel_accuracy: 0.8503 | img_miou: 0.6238 | img_f1_macro: 0.7287 | img_pixel_accuracy: 0.8503 | val_loss: 0.8638
Epoch 135/1000 | train_loss: 0.0793 | miou: 0.6527 | f1_macro: 0.7772 | pixel_accuracy: 0.8516 | img_miou: 0.6273 | img_f1_macro: 0.7310 | img_pixel_accuracy: 0.8516 | val_loss: 0.8574
Epoch 136/1000 | train_loss: 0.0755 | miou: 0.6446 | f1_macro: 0.7709 | pixel_accuracy: 0.8485 | img_miou: 0.6207 | img_f1_macro: 0.7261 | img_pixel_accuracy: 0.8485 | val_loss: 0.9905
Epoch 137/1000 | train_loss: 0.0714 | miou: 0.6569 | f1_macro: 0.7801 | pixel_accuracy: 0.8559 | img_miou: 0.6302 | img_f1_macro: 0.7332 | img_pixel_accuracy: 0.8559 | val_loss: 0.8854
Epoch 138/1000 | train_loss: 0.0681 | miou: 0.6496 | f1_macro: 0.7737 | pixel_accuracy: 0.8546 | img_miou: 0.6216 | img_f1_macro: 0.7225 | img_pixel_accuracy: 0.8546 | val_loss: 0.8874
Epoch 139/1000 | train_loss: 0.0833 | miou: 0.6525 | f1_macro: 0.7784 | pixel_accuracy: 0.8520 | img_miou: 0.6284 | img_f1_macro: 0.7318 | img_pixel_accuracy: 0.8520 | val_loss: 0.8249
Epoch 140/1000 | train_loss: 0.0705 | miou: 0.6572 | f1_macro: 0.7815 | pixel_accuracy: 0.8569 | img_miou: 0.6355 | img_f1_macro: 0.7382 | img_pixel_accuracy: 0.8569 | val_loss: 0.8298
Epoch 141/1000 | train_loss: 0.0664 | miou: 0.6569 | f1_macro: 0.7805 | pixel_accuracy: 0.8562 | img_miou: 0.6308 | img_f1_macro: 0.7331 | img_pixel_accuracy: 0.8562 | val_loss: 0.9508
Epoch 142/1000 | train_loss: 0.0639 | miou: 0.6614 | f1_macro: 0.7844 | pixel_accuracy: 0.8590 | img_miou: 0.6357 | img_f1_macro: 0.7380 | img_pixel_accuracy: 0.8590 | val_loss: 1.0026
Epoch 143/1000 | train_loss: 0.0643 | miou: 0.6499 | f1_macro: 0.7745 | pixel_accuracy: 0.8535 | img_miou: 0.6278 | img_f1_macro: 0.7309 | img_pixel_accuracy: 0.8535 | val_loss: 1.0791
Epoch 144/1000 | train_loss: 0.0629 | miou: 0.6595 | f1_macro: 0.7832 | pixel_accuracy: 0.8584 | img_miou: 0.6306 | img_f1_macro: 0.7344 | img_pixel_accuracy: 0.8584 | val_loss: 0.8437
Epoch 145/1000 | train_loss: 0.0942 | miou: 0.6212 | f1_macro: 0.7490 | pixel_accuracy: 0.8383 | img_miou: 0.5980 | img_f1_macro: 0.7086 | img_pixel_accuracy: 0.8383 | val_loss: 1.0237
Epoch 146/1000 | train_loss: 0.1678 | miou: 0.6099 | f1_macro: 0.7447 | pixel_accuracy: 0.8282 | img_miou: 0.5842 | img_f1_macro: 0.6953 | img_pixel_accuracy: 0.8282 | val_loss: 0.8449
Epoch 147/1000 | train_loss: 0.0878 | miou: 0.6606 | f1_macro: 0.7861 | pixel_accuracy: 0.8543 | img_miou: 0.6282 | img_f1_macro: 0.7320 | img_pixel_accuracy: 0.8543 | val_loss: 0.8194
Epoch 148/1000 | train_loss: 0.0716 | miou: 0.6502 | f1_macro: 0.7758 | pixel_accuracy: 0.8523 | img_miou: 0.6267 | img_f1_macro: 0.7308 | img_pixel_accuracy: 0.8523 | val_loss: 0.8341
Epoch 149/1000 | train_loss: 0.0636 | miou: 0.6546 | f1_macro: 0.7789 | pixel_accuracy: 0.8553 | img_miou: 0.6286 | img_f1_macro: 0.7320 | img_pixel_accuracy: 0.8553 | val_loss: 0.8460
Epoch 150/1000 | train_loss: 0.0636 | miou: 0.6657 | f1_macro: 0.7891 | pixel_accuracy: 0.8600 | img_miou: 0.6356 | img_f1_macro: 0.7395 | img_pixel_accuracy: 0.8600 | val_loss: 0.9201
Epoch 151/1000 | train_loss: 0.0604 | miou: 0.6561 | f1_macro: 0.7803 | pixel_accuracy: 0.8552 | img_miou: 0.6310 | img_f1_macro: 0.7340 | img_pixel_accuracy: 0.8552 | val_loss: 0.9772
Epoch 152/1000 | train_loss: 0.0582 | miou: 0.6509 | f1_macro: 0.7736 | pixel_accuracy: 0.8579 | img_miou: 0.6285 | img_f1_macro: 0.7309 | img_pixel_accuracy: 0.8579 | val_loss: 0.8774
