==========================================
Job ID: 3160354
Node: gput074
GPU: 0
Experiment: configs/experiment/unet_dataset116.yaml
Run Name: unet-d116
==========================================
Sun Feb 22 13:08:33 2026       
+-----------------------------------------------------------------------------------------+
| NVIDIA-SMI 570.158.01             Driver Version: 570.158.01     CUDA Version: 12.8     |
|-----------------------------------------+------------------------+----------------------+
| GPU  Name                 Persistence-M | Bus-Id          Disp.A | Volatile Uncorr. ECC |
| Fan  Temp   Perf          Pwr:Usage/Cap |           Memory-Usage | GPU-Util  Compute M. |
|                                         |                        |               MIG M. |
|=========================================+========================+======================|
|   0  NVIDIA GeForce RTX 4090        On  |   00000000:0A:00.0 Off |                  Off |
| 32%   24C    P8             22W /  450W |       1MiB /  24564MiB |      0%      Default |
|                                         |                        |                  N/A |
+-----------------------------------------+------------------------+----------------------+
                                                                                         
+-----------------------------------------------------------------------------------------+
| Processes:                                                                              |
|  GPU   GI   CI              PID   Type   Process name                        GPU Memory |
|        ID   ID                                                               Usage      |
|=========================================================================================|
|  No running processes found                                                             |
+-----------------------------------------------------------------------------------------+
Split: 98 train / 18 val (from 116 total)
Model: unet
Trainable parameters: 31,030,918
Epoch 1/1000 | train_loss: 1.6490 | miou: 0.0766 | f1_macro: 0.1236 | pixel_accuracy: 0.3089 | val_loss: 1.5406
Epoch 2/1000 | train_loss: 1.4910 | miou: 0.1391 | f1_macro: 0.1961 | pixel_accuracy: 0.4512 | val_loss: 1.4777
Epoch 3/1000 | train_loss: 1.4376 | miou: 0.2348 | f1_macro: 0.3165 | pixel_accuracy: 0.5689 | val_loss: 1.4264
Epoch 4/1000 | train_loss: 1.4047 | miou: 0.2468 | f1_macro: 0.3298 | pixel_accuracy: 0.5956 | val_loss: 1.4227
Epoch 5/1000 | train_loss: 1.3790 | miou: 0.2628 | f1_macro: 0.3426 | pixel_accuracy: 0.6092 | val_loss: 1.3319
Epoch 6/1000 | train_loss: 1.3503 | miou: 0.2751 | f1_macro: 0.3529 | pixel_accuracy: 0.6274 | val_loss: 1.3384
Epoch 7/1000 | train_loss: 1.3197 | miou: 0.2756 | f1_macro: 0.3543 | pixel_accuracy: 0.6379 | val_loss: 1.2891
Epoch 8/1000 | train_loss: 1.3442 | miou: 0.2715 | f1_macro: 0.3510 | pixel_accuracy: 0.6316 | val_loss: 1.2750
Epoch 9/1000 | train_loss: 1.3099 | miou: 0.2752 | f1_macro: 0.3543 | pixel_accuracy: 0.6374 | val_loss: 1.2533
Epoch 10/1000 | train_loss: 1.3037 | miou: 0.2866 | f1_macro: 0.3630 | pixel_accuracy: 0.6501 | val_loss: 1.2396
Epoch 11/1000 | train_loss: 1.2978 | miou: 0.2738 | f1_macro: 0.3528 | pixel_accuracy: 0.6350 | val_loss: 1.2394
Epoch 12/1000 | train_loss: 1.2985 | miou: 0.2738 | f1_macro: 0.3530 | pixel_accuracy: 0.6355 | val_loss: 1.2173
Epoch 13/1000 | train_loss: 1.2902 | miou: 0.2879 | f1_macro: 0.3642 | pixel_accuracy: 0.6536 | val_loss: 1.2063
Epoch 14/1000 | train_loss: 1.2520 | miou: 0.2728 | f1_macro: 0.3512 | pixel_accuracy: 0.6246 | val_loss: 1.2383
Epoch 15/1000 | train_loss: 1.2905 | miou: 0.2851 | f1_macro: 0.3620 | pixel_accuracy: 0.6493 | val_loss: 1.1888
Epoch 16/1000 | train_loss: 1.2815 | miou: 0.2871 | f1_macro: 0.3635 | pixel_accuracy: 0.6515 | val_loss: 1.1753
Epoch 17/1000 | train_loss: 1.2812 | miou: 0.2873 | f1_macro: 0.3638 | pixel_accuracy: 0.6522 | val_loss: 1.1748
Epoch 18/1000 | train_loss: 1.2653 | miou: 0.2761 | f1_macro: 0.3551 | pixel_accuracy: 0.6394 | val_loss: 1.1772
Epoch 19/1000 | train_loss: 1.2963 | miou: 0.2884 | f1_macro: 0.3647 | pixel_accuracy: 0.6544 | val_loss: 1.1634
Epoch 20/1000 | train_loss: 1.2658 | miou: 0.2890 | f1_macro: 0.3652 | pixel_accuracy: 0.6557 | val_loss: 1.1560
Epoch 21/1000 | train_loss: 1.2523 | miou: 0.2882 | f1_macro: 0.3646 | pixel_accuracy: 0.6548 | val_loss: 1.1589
Epoch 22/1000 | train_loss: 1.2636 | miou: 0.2874 | f1_macro: 0.3638 | pixel_accuracy: 0.6521 | val_loss: 1.1394
Epoch 23/1000 | train_loss: 1.2347 | miou: 0.2869 | f1_macro: 0.3636 | pixel_accuracy: 0.6534 | val_loss: 1.1499
Epoch 24/1000 | train_loss: 1.2681 | miou: 0.2876 | f1_macro: 0.3640 | pixel_accuracy: 0.6530 | val_loss: 1.1445
Epoch 25/1000 | train_loss: 1.2592 | miou: 0.2866 | f1_macro: 0.3634 | pixel_accuracy: 0.6526 | val_loss: 1.1468
Epoch 26/1000 | train_loss: 1.2508 | miou: 0.2885 | f1_macro: 0.3648 | pixel_accuracy: 0.6545 | val_loss: 1.1319
Epoch 27/1000 | train_loss: 1.2640 | miou: 0.2890 | f1_macro: 0.3651 | pixel_accuracy: 0.6554 | val_loss: 1.1230
Epoch 28/1000 | train_loss: 1.2267 | miou: 0.2788 | f1_macro: 0.3572 | pixel_accuracy: 0.6427 | val_loss: 1.1277
Epoch 29/1000 | train_loss: 1.2466 | miou: 0.2871 | f1_macro: 0.3636 | pixel_accuracy: 0.6520 | val_loss: 1.1127
Epoch 30/1000 | train_loss: 1.2585 | miou: 0.2886 | f1_macro: 0.3649 | pixel_accuracy: 0.6548 | val_loss: 1.1077
Epoch 31/1000 | train_loss: 1.2397 | miou: 0.2885 | f1_macro: 0.3647 | pixel_accuracy: 0.6542 | val_loss: 1.0874
Epoch 32/1000 | train_loss: 1.2353 | miou: 0.2888 | f1_macro: 0.3650 | pixel_accuracy: 0.6547 | val_loss: 1.0897
Epoch 33/1000 | train_loss: 1.2515 | miou: 0.2902 | f1_macro: 0.3662 | pixel_accuracy: 0.6574 | val_loss: 1.0839
Epoch 34/1000 | train_loss: 1.2203 | miou: 0.2879 | f1_macro: 0.3643 | pixel_accuracy: 0.6537 | val_loss: 1.1056
Epoch 35/1000 | train_loss: 1.2510 | miou: 0.2886 | f1_macro: 0.3648 | pixel_accuracy: 0.6545 | val_loss: 1.0799
Epoch 36/1000 | train_loss: 1.2038 | miou: 0.2893 | f1_macro: 0.3654 | pixel_accuracy: 0.6557 | val_loss: 1.0886
Epoch 37/1000 | train_loss: 1.2093 | miou: 0.2895 | f1_macro: 0.3655 | pixel_accuracy: 0.6559 | val_loss: 1.0776
Epoch 38/1000 | train_loss: 1.2484 | miou: 0.2898 | f1_macro: 0.3658 | pixel_accuracy: 0.6569 | val_loss: 1.1096
Epoch 39/1000 | train_loss: 1.1894 | miou: 0.2970 | f1_macro: 0.3718 | pixel_accuracy: 0.6673 | val_loss: 1.0621
Epoch 40/1000 | train_loss: 1.2254 | miou: 0.3026 | f1_macro: 0.3882 | pixel_accuracy: 0.6609 | val_loss: 1.0882
Epoch 41/1000 | train_loss: 1.2229 | miou: 0.3161 | f1_macro: 0.4109 | pixel_accuracy: 0.6648 | val_loss: 1.0292
Epoch 42/1000 | train_loss: 1.1904 | miou: 0.3273 | f1_macro: 0.4188 | pixel_accuracy: 0.6820 | val_loss: 1.0182
Epoch 43/1000 | train_loss: 1.1717 | miou: 0.3362 | f1_macro: 0.4318 | pixel_accuracy: 0.6836 | val_loss: 1.0297
Epoch 44/1000 | train_loss: 1.1944 | miou: 0.3579 | f1_macro: 0.4618 | pixel_accuracy: 0.6948 | val_loss: 1.0155
Epoch 45/1000 | train_loss: 1.1686 | miou: 0.3536 | f1_macro: 0.4537 | pixel_accuracy: 0.6947 | val_loss: 1.0125
Epoch 46/1000 | train_loss: 1.1750 | miou: 0.3623 | f1_macro: 0.4637 | pixel_accuracy: 0.6984 | val_loss: 1.0204
Epoch 47/1000 | train_loss: 1.2102 | miou: 0.3654 | f1_macro: 0.4660 | pixel_accuracy: 0.7046 | val_loss: 1.0116
Epoch 48/1000 | train_loss: 1.1835 | miou: 0.3776 | f1_macro: 0.4806 | pixel_accuracy: 0.7081 | val_loss: 0.9909
Epoch 49/1000 | train_loss: 1.1896 | miou: 0.3818 | f1_macro: 0.4855 | pixel_accuracy: 0.7096 | val_loss: 0.9855
Epoch 50/1000 | train_loss: 1.1674 | miou: 0.3712 | f1_macro: 0.4735 | pixel_accuracy: 0.7060 | val_loss: 0.9975
Epoch 51/1000 | train_loss: 1.1648 | miou: 0.3859 | f1_macro: 0.4896 | pixel_accuracy: 0.7159 | val_loss: 0.9808
Epoch 52/1000 | train_loss: 1.1927 | miou: 0.3691 | f1_macro: 0.4712 | pixel_accuracy: 0.7055 | val_loss: 0.9898
Epoch 53/1000 | train_loss: 1.1439 | miou: 0.3890 | f1_macro: 0.4921 | pixel_accuracy: 0.7114 | val_loss: 0.9630
Epoch 54/1000 | train_loss: 1.1685 | miou: 0.3955 | f1_macro: 0.4998 | pixel_accuracy: 0.7134 | val_loss: 0.9520
Epoch 55/1000 | train_loss: 1.1552 | miou: 0.3755 | f1_macro: 0.4777 | pixel_accuracy: 0.7090 | val_loss: 0.9629
Epoch 56/1000 | train_loss: 1.1772 | miou: 0.3164 | f1_macro: 0.4210 | pixel_accuracy: 0.6022 | val_loss: 1.0975
Epoch 57/1000 | train_loss: 1.1627 | miou: 0.4132 | f1_macro: 0.5145 | pixel_accuracy: 0.7320 | val_loss: 0.9270
Epoch 58/1000 | train_loss: 1.1499 | miou: 0.4080 | f1_macro: 0.5052 | pixel_accuracy: 0.7252 | val_loss: 0.9359
Epoch 59/1000 | train_loss: 1.1562 | miou: 0.3861 | f1_macro: 0.4895 | pixel_accuracy: 0.7016 | val_loss: 0.9739
Epoch 60/1000 | train_loss: 1.1208 | miou: 0.3981 | f1_macro: 0.5046 | pixel_accuracy: 0.7142 | val_loss: 0.9186
Epoch 61/1000 | train_loss: 1.1101 | miou: 0.4079 | f1_macro: 0.5103 | pixel_accuracy: 0.7292 | val_loss: 0.8999
Epoch 62/1000 | train_loss: 1.1160 | miou: 0.3680 | f1_macro: 0.4759 | pixel_accuracy: 0.6862 | val_loss: 0.9950
Epoch 63/1000 | train_loss: 1.1452 | miou: 0.4097 | f1_macro: 0.5139 | pixel_accuracy: 0.7295 | val_loss: 0.8741
Epoch 64/1000 | train_loss: 1.0807 | miou: 0.4119 | f1_macro: 0.5125 | pixel_accuracy: 0.7324 | val_loss: 0.8478
Epoch 65/1000 | train_loss: 1.1076 | miou: 0.4086 | f1_macro: 0.5114 | pixel_accuracy: 0.7235 | val_loss: 0.8814
Epoch 66/1000 | train_loss: 1.0665 | miou: 0.4220 | f1_macro: 0.5274 | pixel_accuracy: 0.7344 | val_loss: 0.8366
Epoch 67/1000 | train_loss: 1.1034 | miou: 0.4061 | f1_macro: 0.5011 | pixel_accuracy: 0.7307 | val_loss: 0.8645
Epoch 68/1000 | train_loss: 1.0883 | miou: 0.4160 | f1_macro: 0.5128 | pixel_accuracy: 0.7426 | val_loss: 0.8258
Epoch 69/1000 | train_loss: 1.0612 | miou: 0.4108 | f1_macro: 0.5051 | pixel_accuracy: 0.7392 | val_loss: 0.8063
Epoch 70/1000 | train_loss: 1.0539 | miou: 0.4346 | f1_macro: 0.5390 | pixel_accuracy: 0.7501 | val_loss: 0.8284
Epoch 71/1000 | train_loss: 1.0831 | miou: 0.4257 | f1_macro: 0.5259 | pixel_accuracy: 0.7436 | val_loss: 0.8122
Epoch 72/1000 | train_loss: 1.0681 | miou: 0.4193 | f1_macro: 0.5165 | pixel_accuracy: 0.7383 | val_loss: 0.8393
Epoch 73/1000 | train_loss: 1.0466 | miou: 0.4298 | f1_macro: 0.5333 | pixel_accuracy: 0.7472 | val_loss: 0.8192
Epoch 74/1000 | train_loss: 1.0650 | miou: 0.4044 | f1_macro: 0.5001 | pixel_accuracy: 0.7236 | val_loss: 0.8606
Epoch 75/1000 | train_loss: 1.0555 | miou: 0.4297 | f1_macro: 0.5332 | pixel_accuracy: 0.7445 | val_loss: 0.7875
Epoch 76/1000 | train_loss: 1.0580 | miou: 0.4328 | f1_macro: 0.5285 | pixel_accuracy: 0.7562 | val_loss: 0.7927
Epoch 77/1000 | train_loss: 1.0659 | miou: 0.4268 | f1_macro: 0.5269 | pixel_accuracy: 0.7513 | val_loss: 0.8000
Epoch 78/1000 | train_loss: 1.0534 | miou: 0.4405 | f1_macro: 0.5435 | pixel_accuracy: 0.7598 | val_loss: 0.7752
Epoch 79/1000 | train_loss: 1.0672 | miou: 0.4254 | f1_macro: 0.5312 | pixel_accuracy: 0.7454 | val_loss: 0.8620
Epoch 80/1000 | train_loss: 1.0372 | miou: 0.4409 | f1_macro: 0.5472 | pixel_accuracy: 0.7450 | val_loss: 0.7969
Epoch 81/1000 | train_loss: 1.0571 | miou: 0.4409 | f1_macro: 0.5359 | pixel_accuracy: 0.7614 | val_loss: 0.7803
Epoch 82/1000 | train_loss: 1.0446 | miou: 0.4486 | f1_macro: 0.5476 | pixel_accuracy: 0.7681 | val_loss: 0.7648
Epoch 83/1000 | train_loss: 1.0166 | miou: 0.4320 | f1_macro: 0.5328 | pixel_accuracy: 0.7477 | val_loss: 0.7942
Epoch 84/1000 | train_loss: 1.0261 | miou: 0.4441 | f1_macro: 0.5423 | pixel_accuracy: 0.7610 | val_loss: 0.7856
Epoch 85/1000 | train_loss: 1.0227 | miou: 0.4505 | f1_macro: 0.5515 | pixel_accuracy: 0.7688 | val_loss: 0.7546
Epoch 86/1000 | train_loss: 1.0279 | miou: 0.4447 | f1_macro: 0.5502 | pixel_accuracy: 0.7544 | val_loss: 0.7637
Epoch 87/1000 | train_loss: 1.0269 | miou: 0.4478 | f1_macro: 0.5501 | pixel_accuracy: 0.7591 | val_loss: 0.7783
Epoch 88/1000 | train_loss: 0.9996 | miou: 0.4331 | f1_macro: 0.5337 | pixel_accuracy: 0.7541 | val_loss: 0.7812
Epoch 89/1000 | train_loss: 0.9772 | miou: 0.4497 | f1_macro: 0.5520 | pixel_accuracy: 0.7644 | val_loss: 0.7478
Epoch 90/1000 | train_loss: 0.9406 | miou: 0.4465 | f1_macro: 0.5498 | pixel_accuracy: 0.7647 | val_loss: 0.7543
Epoch 91/1000 | train_loss: 0.9554 | miou: 0.4460 | f1_macro: 0.5449 | pixel_accuracy: 0.7678 | val_loss: 0.7540
Epoch 92/1000 | train_loss: 0.9293 | miou: 0.4558 | f1_macro: 0.5580 | pixel_accuracy: 0.7722 | val_loss: 0.7386
Epoch 93/1000 | train_loss: 0.9557 | miou: 0.4495 | f1_macro: 0.5481 | pixel_accuracy: 0.7710 | val_loss: 0.7358
Epoch 94/1000 | train_loss: 0.9247 | miou: 0.4579 | f1_macro: 0.5583 | pixel_accuracy: 0.7662 | val_loss: 0.7387
Epoch 95/1000 | train_loss: 0.9456 | miou: 0.4566 | f1_macro: 0.5542 | pixel_accuracy: 0.7747 | val_loss: 0.7357
Epoch 96/1000 | train_loss: 0.9418 | miou: 0.4467 | f1_macro: 0.5430 | pixel_accuracy: 0.7654 | val_loss: 0.7603
Epoch 97/1000 | train_loss: 0.9260 | miou: 0.4291 | f1_macro: 0.5267 | pixel_accuracy: 0.7600 | val_loss: 0.7600
Epoch 98/1000 | train_loss: 0.9354 | miou: 0.4664 | f1_macro: 0.5733 | pixel_accuracy: 0.7747 | val_loss: 0.7282
Epoch 99/1000 | train_loss: 0.9317 | miou: 0.4684 | f1_macro: 0.5757 | pixel_accuracy: 0.7744 | val_loss: 0.7235
Epoch 100/1000 | train_loss: 0.9261 | miou: 0.4480 | f1_macro: 0.5571 | pixel_accuracy: 0.7563 | val_loss: 0.7546
Epoch 101/1000 | train_loss: 0.9296 | miou: 0.4694 | f1_macro: 0.5742 | pixel_accuracy: 0.7728 | val_loss: 0.7316
Epoch 102/1000 | train_loss: 0.9330 | miou: 0.4618 | f1_macro: 0.5689 | pixel_accuracy: 0.7708 | val_loss: 0.7210
Epoch 103/1000 | train_loss: 0.9326 | miou: 0.4763 | f1_macro: 0.5837 | pixel_accuracy: 0.7825 | val_loss: 0.6971
Epoch 104/1000 | train_loss: 0.9247 | miou: 0.4523 | f1_macro: 0.5633 | pixel_accuracy: 0.7591 | val_loss: 0.7621
Epoch 105/1000 | train_loss: 0.9510 | miou: 0.4794 | f1_macro: 0.5852 | pixel_accuracy: 0.7838 | val_loss: 0.6945
Epoch 106/1000 | train_loss: 0.9289 | miou: 0.4860 | f1_macro: 0.5954 | pixel_accuracy: 0.7885 | val_loss: 0.7102
Epoch 107/1000 | train_loss: 0.9124 | miou: 0.4857 | f1_macro: 0.5932 | pixel_accuracy: 0.7815 | val_loss: 0.7028
Epoch 108/1000 | train_loss: 0.9155 | miou: 0.4923 | f1_macro: 0.6007 | pixel_accuracy: 0.7906 | val_loss: 0.6705
Epoch 109/1000 | train_loss: 0.9110 | miou: 0.4946 | f1_macro: 0.6021 | pixel_accuracy: 0.7926 | val_loss: 0.6940
Epoch 110/1000 | train_loss: 0.9126 | miou: 0.4816 | f1_macro: 0.5933 | pixel_accuracy: 0.7744 | val_loss: 0.7180
Epoch 111/1000 | train_loss: 0.9037 | miou: 0.5219 | f1_macro: 0.6353 | pixel_accuracy: 0.8039 | val_loss: 0.6802
Epoch 112/1000 | train_loss: 0.9033 | miou: 0.5040 | f1_macro: 0.6227 | pixel_accuracy: 0.7864 | val_loss: 0.6972
Epoch 113/1000 | train_loss: 0.8860 | miou: 0.5212 | f1_macro: 0.6353 | pixel_accuracy: 0.8016 | val_loss: 0.6637
Epoch 114/1000 | train_loss: 0.8903 | miou: 0.5249 | f1_macro: 0.6403 | pixel_accuracy: 0.8067 | val_loss: 0.6524
Epoch 115/1000 | train_loss: 0.8795 | miou: 0.4891 | f1_macro: 0.6013 | pixel_accuracy: 0.7822 | val_loss: 0.6966
Epoch 116/1000 | train_loss: 0.9038 | miou: 0.4784 | f1_macro: 0.5860 | pixel_accuracy: 0.7850 | val_loss: 0.6816
Epoch 117/1000 | train_loss: 0.8775 | miou: 0.5255 | f1_macro: 0.6460 | pixel_accuracy: 0.8042 | val_loss: 0.6698
Epoch 118/1000 | train_loss: 0.8878 | miou: 0.5296 | f1_macro: 0.6462 | pixel_accuracy: 0.8046 | val_loss: 0.6703
Epoch 119/1000 | train_loss: 0.8887 | miou: 0.5182 | f1_macro: 0.6287 | pixel_accuracy: 0.8062 | val_loss: 0.6518
Epoch 120/1000 | train_loss: 0.8732 | miou: 0.5441 | f1_macro: 0.6542 | pixel_accuracy: 0.8193 | val_loss: 0.6145
Epoch 121/1000 | train_loss: 0.8746 | miou: 0.5144 | f1_macro: 0.6266 | pixel_accuracy: 0.7919 | val_loss: 0.7057
Epoch 122/1000 | train_loss: 0.8786 | miou: 0.5449 | f1_macro: 0.6623 | pixel_accuracy: 0.8139 | val_loss: 0.6438
Epoch 123/1000 | train_loss: 0.8748 | miou: 0.5474 | f1_macro: 0.6701 | pixel_accuracy: 0.8091 | val_loss: 0.6299
Epoch 124/1000 | train_loss: 0.8972 | miou: 0.5280 | f1_macro: 0.6458 | pixel_accuracy: 0.7961 | val_loss: 0.6429
Epoch 125/1000 | train_loss: 0.8651 | miou: 0.5255 | f1_macro: 0.6408 | pixel_accuracy: 0.7998 | val_loss: 0.6822
Epoch 126/1000 | train_loss: 0.8823 | miou: 0.5510 | f1_macro: 0.6640 | pixel_accuracy: 0.8172 | val_loss: 0.6063
Epoch 127/1000 | train_loss: 0.8249 | miou: 0.5625 | f1_macro: 0.6771 | pixel_accuracy: 0.8262 | val_loss: 0.6091
Epoch 128/1000 | train_loss: 0.8575 | miou: 0.5685 | f1_macro: 0.6822 | pixel_accuracy: 0.8283 | val_loss: 0.6078
Epoch 129/1000 | train_loss: 0.8607 | miou: 0.5246 | f1_macro: 0.6324 | pixel_accuracy: 0.8152 | val_loss: 0.6413
Epoch 130/1000 | train_loss: 0.8455 | miou: 0.5463 | f1_macro: 0.6588 | pixel_accuracy: 0.8216 | val_loss: 0.6337
Epoch 131/1000 | train_loss: 0.8586 | miou: 0.5716 | f1_macro: 0.6895 | pixel_accuracy: 0.8278 | val_loss: 0.5967
Epoch 132/1000 | train_loss: 0.8567 | miou: 0.4822 | f1_macro: 0.5958 | pixel_accuracy: 0.7676 | val_loss: 0.7756
Epoch 133/1000 | train_loss: 0.8638 | miou: 0.5556 | f1_macro: 0.6636 | pixel_accuracy: 0.8233 | val_loss: 0.6252
Epoch 134/1000 | train_loss: 0.8422 | miou: 0.5572 | f1_macro: 0.6702 | pixel_accuracy: 0.8215 | val_loss: 0.6048
Epoch 135/1000 | train_loss: 0.8212 | miou: 0.5626 | f1_macro: 0.6770 | pixel_accuracy: 0.8245 | val_loss: 0.6083
Epoch 136/1000 | train_loss: 0.8390 | miou: 0.5710 | f1_macro: 0.6775 | pixel_accuracy: 0.8347 | val_loss: 0.5802
Epoch 137/1000 | train_loss: 0.8457 | miou: 0.5728 | f1_macro: 0.6859 | pixel_accuracy: 0.8284 | val_loss: 0.5794
Epoch 138/1000 | train_loss: 0.8320 | miou: 0.5665 | f1_macro: 0.6782 | pixel_accuracy: 0.8268 | val_loss: 0.5791
Epoch 139/1000 | train_loss: 0.8400 | miou: 0.5498 | f1_macro: 0.6631 | pixel_accuracy: 0.8205 | val_loss: 0.6573
Epoch 140/1000 | train_loss: 0.8337 | miou: 0.5709 | f1_macro: 0.6854 | pixel_accuracy: 0.8289 | val_loss: 0.5788
Epoch 141/1000 | train_loss: 0.8093 | miou: 0.5802 | f1_macro: 0.6911 | pixel_accuracy: 0.8382 | val_loss: 0.5845
Epoch 142/1000 | train_loss: 0.8313 | miou: 0.5330 | f1_macro: 0.6420 | pixel_accuracy: 0.8178 | val_loss: 0.6560
Epoch 143/1000 | train_loss: 0.8390 | miou: 0.5576 | f1_macro: 0.6746 | pixel_accuracy: 0.8150 | val_loss: 0.6149
Epoch 144/1000 | train_loss: 0.8236 | miou: 0.5716 | f1_macro: 0.6857 | pixel_accuracy: 0.8273 | val_loss: 0.5893
Epoch 145/1000 | train_loss: 0.8240 | miou: 0.5666 | f1_macro: 0.6749 | pixel_accuracy: 0.8316 | val_loss: 0.5880
Epoch 146/1000 | train_loss: 0.8191 | miou: 0.5748 | f1_macro: 0.6826 | pixel_accuracy: 0.8372 | val_loss: 0.5573
Epoch 147/1000 | train_loss: 0.8383 | miou: 0.5709 | f1_macro: 0.6843 | pixel_accuracy: 0.8316 | val_loss: 0.5897
Epoch 148/1000 | train_loss: 0.8178 | miou: 0.5831 | f1_macro: 0.6995 | pixel_accuracy: 0.8311 | val_loss: 0.5577
Epoch 149/1000 | train_loss: 0.8116 | miou: 0.5876 | f1_macro: 0.7006 | pixel_accuracy: 0.8374 | val_loss: 0.5575
Epoch 150/1000 | train_loss: 0.8019 | miou: 0.5902 | f1_macro: 0.7041 | pixel_accuracy: 0.8379 | val_loss: 0.5514
Epoch 151/1000 | train_loss: 0.7829 | miou: 0.5994 | f1_macro: 0.7107 | pixel_accuracy: 0.8424 | val_loss: 0.5274
Epoch 152/1000 | train_loss: 0.8142 | miou: 0.5596 | f1_macro: 0.6708 | pixel_accuracy: 0.8291 | val_loss: 0.6308
Epoch 153/1000 | train_loss: 0.8237 | miou: 0.5822 | f1_macro: 0.6918 | pixel_accuracy: 0.8399 | val_loss: 0.5584
Epoch 154/1000 | train_loss: 0.8137 | miou: 0.5558 | f1_macro: 0.6700 | pixel_accuracy: 0.8230 | val_loss: 0.6431
Epoch 155/1000 | train_loss: 0.8425 | miou: 0.5769 | f1_macro: 0.6916 | pixel_accuracy: 0.8267 | val_loss: 0.5634
Epoch 156/1000 | train_loss: 0.7949 | miou: 0.6062 | f1_macro: 0.7204 | pixel_accuracy: 0.8425 | val_loss: 0.5368
Epoch 157/1000 | train_loss: 0.7884 | miou: 0.5580 | f1_macro: 0.6661 | pixel_accuracy: 0.8293 | val_loss: 0.6228
Epoch 158/1000 | train_loss: 0.8180 | miou: 0.5955 | f1_macro: 0.7028 | pixel_accuracy: 0.8436 | val_loss: 0.5744
Epoch 159/1000 | train_loss: 0.8065 | miou: 0.5957 | f1_macro: 0.7024 | pixel_accuracy: 0.8443 | val_loss: 0.5348
Epoch 160/1000 | train_loss: 0.7873 | miou: 0.5687 | f1_macro: 0.6802 | pixel_accuracy: 0.8242 | val_loss: 0.5735
Epoch 161/1000 | train_loss: 0.8011 | miou: 0.5906 | f1_macro: 0.6989 | pixel_accuracy: 0.8400 | val_loss: 0.5971
Epoch 162/1000 | train_loss: 0.7667 | miou: 0.6033 | f1_macro: 0.7134 | pixel_accuracy: 0.8469 | val_loss: 0.5507
Epoch 163/1000 | train_loss: 0.8174 | miou: 0.5691 | f1_macro: 0.6844 | pixel_accuracy: 0.8263 | val_loss: 0.5909
Epoch 164/1000 | train_loss: 0.7861 | miou: 0.6013 | f1_macro: 0.7149 | pixel_accuracy: 0.8445 | val_loss: 0.5281
Epoch 165/1000 | train_loss: 0.7882 | miou: 0.5791 | f1_macro: 0.6890 | pixel_accuracy: 0.8411 | val_loss: 0.5911
Epoch 166/1000 | train_loss: 0.7779 | miou: 0.5933 | f1_macro: 0.7046 | pixel_accuracy: 0.8451 | val_loss: 0.5574
Epoch 167/1000 | train_loss: 0.7856 | miou: 0.6078 | f1_macro: 0.7213 | pixel_accuracy: 0.8456 | val_loss: 0.5241
Epoch 168/1000 | train_loss: 0.7971 | miou: 0.6077 | f1_macro: 0.7170 | pixel_accuracy: 0.8465 | val_loss: 0.5498
Epoch 169/1000 | train_loss: 0.7735 | miou: 0.5814 | f1_macro: 0.6891 | pixel_accuracy: 0.8383 | val_loss: 0.5844
Epoch 170/1000 | train_loss: 0.8036 | miou: 0.5971 | f1_macro: 0.7107 | pixel_accuracy: 0.8395 | val_loss: 0.5262
Epoch 171/1000 | train_loss: 0.7764 | miou: 0.5895 | f1_macro: 0.6992 | pixel_accuracy: 0.8413 | val_loss: 0.5520
Epoch 172/1000 | train_loss: 0.7708 | miou: 0.5974 | f1_macro: 0.7056 | pixel_accuracy: 0.8445 | val_loss: 0.6374
Epoch 173/1000 | train_loss: 0.7991 | miou: 0.6023 | f1_macro: 0.7112 | pixel_accuracy: 0.8431 | val_loss: 0.5203
Epoch 174/1000 | train_loss: 0.8230 | miou: 0.6037 | f1_macro: 0.7173 | pixel_accuracy: 0.8461 | val_loss: 0.5267
Epoch 175/1000 | train_loss: 0.7831 | miou: 0.5950 | f1_macro: 0.7059 | pixel_accuracy: 0.8441 | val_loss: 0.5466
Epoch 176/1000 | train_loss: 0.7868 | miou: 0.5828 | f1_macro: 0.6936 | pixel_accuracy: 0.8397 | val_loss: 0.5585
Epoch 177/1000 | train_loss: 0.7764 | miou: 0.5925 | f1_macro: 0.7044 | pixel_accuracy: 0.8365 | val_loss: 0.5291
Epoch 178/1000 | train_loss: 0.7793 | miou: 0.6140 | f1_macro: 0.7288 | pixel_accuracy: 0.8461 | val_loss: 0.5031
Epoch 179/1000 | train_loss: 0.7917 | miou: 0.5944 | f1_macro: 0.7015 | pixel_accuracy: 0.8421 | val_loss: 0.5402
Epoch 180/1000 | train_loss: 0.7851 | miou: 0.6136 | f1_macro: 0.7265 | pixel_accuracy: 0.8512 | val_loss: 0.5238
Epoch 181/1000 | train_loss: 0.7555 | miou: 0.6047 | f1_macro: 0.7174 | pixel_accuracy: 0.8395 | val_loss: 0.5239
Epoch 182/1000 | train_loss: 0.7752 | miou: 0.5747 | f1_macro: 0.6886 | pixel_accuracy: 0.8333 | val_loss: 0.5752
Epoch 183/1000 | train_loss: 0.7549 | miou: 0.6214 | f1_macro: 0.7345 | pixel_accuracy: 0.8513 | val_loss: 0.5124
Epoch 184/1000 | train_loss: 0.7859 | miou: 0.6017 | f1_macro: 0.7134 | pixel_accuracy: 0.8431 | val_loss: 0.5142
Epoch 185/1000 | train_loss: 0.7652 | miou: 0.6022 | f1_macro: 0.7188 | pixel_accuracy: 0.8423 | val_loss: 0.5335
Epoch 186/1000 | train_loss: 0.7624 | miou: 0.5855 | f1_macro: 0.7034 | pixel_accuracy: 0.8321 | val_loss: 0.5780
Epoch 187/1000 | train_loss: 0.7712 | miou: 0.6026 | f1_macro: 0.7132 | pixel_accuracy: 0.8456 | val_loss: 0.5150
Epoch 188/1000 | train_loss: 0.7550 | miou: 0.6012 | f1_macro: 0.7098 | pixel_accuracy: 0.8476 | val_loss: 0.5850
Epoch 189/1000 | train_loss: 0.7828 | miou: 0.5829 | f1_macro: 0.6970 | pixel_accuracy: 0.8301 | val_loss: 0.5879
Epoch 190/1000 | train_loss: 0.7730 | miou: 0.5983 | f1_macro: 0.7102 | pixel_accuracy: 0.8393 | val_loss: 0.5392
Epoch 191/1000 | train_loss: 0.7958 | miou: 0.5987 | f1_macro: 0.7084 | pixel_accuracy: 0.8408 | val_loss: 0.5479
Epoch 192/1000 | train_loss: 0.7809 | miou: 0.6113 | f1_macro: 0.7204 | pixel_accuracy: 0.8532 | val_loss: 0.5054
Epoch 193/1000 | train_loss: 0.7470 | miou: 0.6147 | f1_macro: 0.7231 | pixel_accuracy: 0.8552 | val_loss: 0.5075
Epoch 194/1000 | train_loss: 0.7638 | miou: 0.6044 | f1_macro: 0.7132 | pixel_accuracy: 0.8472 | val_loss: 0.5345
Epoch 195/1000 | train_loss: 0.7432 | miou: 0.5851 | f1_macro: 0.6989 | pixel_accuracy: 0.8339 | val_loss: 0.5743
Epoch 196/1000 | train_loss: 0.7816 | miou: 0.5965 | f1_macro: 0.7088 | pixel_accuracy: 0.8413 | val_loss: 0.5193
Epoch 197/1000 | train_loss: 0.7590 | miou: 0.6135 | f1_macro: 0.7227 | pixel_accuracy: 0.8540 | val_loss: 0.5180
Epoch 198/1000 | train_loss: 0.7458 | miou: 0.6170 | f1_macro: 0.7236 | pixel_accuracy: 0.8548 | val_loss: 0.5108
Epoch 199/1000 | train_loss: 0.7443 | miou: 0.5921 | f1_macro: 0.7006 | pixel_accuracy: 0.8392 | val_loss: 0.5576
Epoch 200/1000 | train_loss: 0.7848 | miou: 0.5813 | f1_macro: 0.6923 | pixel_accuracy: 0.8333 | val_loss: 0.5663
Epoch 201/1000 | train_loss: 0.7811 | miou: 0.6077 | f1_macro: 0.7187 | pixel_accuracy: 0.8492 | val_loss: 0.5145
Epoch 202/1000 | train_loss: 0.7502 | miou: 0.6128 | f1_macro: 0.7197 | pixel_accuracy: 0.8531 | val_loss: 0.5170
Epoch 203/1000 | train_loss: 0.7396 | miou: 0.6120 | f1_macro: 0.7139 | pixel_accuracy: 0.8575 | val_loss: 0.4980
Epoch 204/1000 | train_loss: 0.7430 | miou: 0.6186 | f1_macro: 0.7290 | pixel_accuracy: 0.8522 | val_loss: 0.5295
Epoch 205/1000 | train_loss: 0.7618 | miou: 0.6190 | f1_macro: 0.7297 | pixel_accuracy: 0.8546 | val_loss: 0.5486
Epoch 206/1000 | train_loss: 0.7481 | miou: 0.6119 | f1_macro: 0.7195 | pixel_accuracy: 0.8537 | val_loss: 0.5440
Epoch 207/1000 | train_loss: 0.7595 | miou: 0.6086 | f1_macro: 0.7140 | pixel_accuracy: 0.8510 | val_loss: 0.5079
Epoch 208/1000 | train_loss: 0.7386 | miou: 0.6191 | f1_macro: 0.7280 | pixel_accuracy: 0.8585 | val_loss: 0.5172
Epoch 209/1000 | train_loss: 0.7479 | miou: 0.6138 | f1_macro: 0.7157 | pixel_accuracy: 0.8561 | val_loss: 0.5126
Epoch 210/1000 | train_loss: 0.7488 | miou: 0.6253 | f1_macro: 0.7361 | pixel_accuracy: 0.8585 | val_loss: 0.4955
Epoch 211/1000 | train_loss: 0.7244 | miou: 0.6256 | f1_macro: 0.7348 | pixel_accuracy: 0.8567 | val_loss: 0.5123
Epoch 212/1000 | train_loss: 0.7246 | miou: 0.6237 | f1_macro: 0.7310 | pixel_accuracy: 0.8564 | val_loss: 0.4849
Epoch 213/1000 | train_loss: 0.7488 | miou: 0.6113 | f1_macro: 0.7172 | pixel_accuracy: 0.8520 | val_loss: 0.5233
Epoch 214/1000 | train_loss: 0.7331 | miou: 0.6323 | f1_macro: 0.7421 | pixel_accuracy: 0.8609 | val_loss: 0.5076
Epoch 215/1000 | train_loss: 0.7474 | miou: 0.6284 | f1_macro: 0.7359 | pixel_accuracy: 0.8610 | val_loss: 0.5095
Epoch 216/1000 | train_loss: 0.7382 | miou: 0.6227 | f1_macro: 0.7298 | pixel_accuracy: 0.8564 | val_loss: 0.5118
Epoch 217/1000 | train_loss: 0.7345 | miou: 0.6000 | f1_macro: 0.7054 | pixel_accuracy: 0.8474 | val_loss: 0.5331
Epoch 218/1000 | train_loss: 0.7246 | miou: 0.6281 | f1_macro: 0.7344 | pixel_accuracy: 0.8629 | val_loss: 0.5140
Epoch 219/1000 | train_loss: 0.7489 | miou: 0.5542 | f1_macro: 0.6654 | pixel_accuracy: 0.8252 | val_loss: 0.6340
Epoch 220/1000 | train_loss: 0.7541 | miou: 0.6057 | f1_macro: 0.7175 | pixel_accuracy: 0.8451 | val_loss: 0.5676
Epoch 221/1000 | train_loss: 0.7581 | miou: 0.6115 | f1_macro: 0.7192 | pixel_accuracy: 0.8524 | val_loss: 0.5069
Epoch 222/1000 | train_loss: 0.7374 | miou: 0.6012 | f1_macro: 0.7087 | pixel_accuracy: 0.8451 | val_loss: 0.5286
Epoch 223/1000 | train_loss: 0.7632 | miou: 0.6087 | f1_macro: 0.7198 | pixel_accuracy: 0.8458 | val_loss: 0.5190
Epoch 224/1000 | train_loss: 0.7541 | miou: 0.6121 | f1_macro: 0.7219 | pixel_accuracy: 0.8489 | val_loss: 0.5100
Epoch 225/1000 | train_loss: 0.7290 | miou: 0.5995 | f1_macro: 0.7063 | pixel_accuracy: 0.8482 | val_loss: 0.5442
Epoch 226/1000 | train_loss: 0.7296 | miou: 0.5980 | f1_macro: 0.7039 | pixel_accuracy: 0.8501 | val_loss: 0.5379
Epoch 227/1000 | train_loss: 0.7186 | miou: 0.6279 | f1_macro: 0.7342 | pixel_accuracy: 0.8596 | val_loss: 0.4887
Epoch 228/1000 | train_loss: 0.7239 | miou: 0.6009 | f1_macro: 0.7090 | pixel_accuracy: 0.8465 | val_loss: 0.5510
Epoch 229/1000 | train_loss: 0.7350 | miou: 0.6279 | f1_macro: 0.7395 | pixel_accuracy: 0.8561 | val_loss: 0.5178
Epoch 230/1000 | train_loss: 0.7297 | miou: 0.5864 | f1_macro: 0.6973 | pixel_accuracy: 0.8355 | val_loss: 0.5897
Epoch 231/1000 | train_loss: 0.7828 | miou: 0.6144 | f1_macro: 0.7229 | pixel_accuracy: 0.8553 | val_loss: 0.5021
Epoch 232/1000 | train_loss: 0.7161 | miou: 0.6118 | f1_macro: 0.7208 | pixel_accuracy: 0.8554 | val_loss: 0.5615
Epoch 233/1000 | train_loss: 0.7141 | miou: 0.6218 | f1_macro: 0.7262 | pixel_accuracy: 0.8592 | val_loss: 0.5275
Epoch 234/1000 | train_loss: 0.7202 | miou: 0.6221 | f1_macro: 0.7309 | pixel_accuracy: 0.8580 | val_loss: 0.5047
Epoch 235/1000 | train_loss: 0.7289 | miou: 0.6267 | f1_macro: 0.7349 | pixel_accuracy: 0.8598 | val_loss: 0.5027
Epoch 236/1000 | train_loss: 0.7350 | miou: 0.6244 | f1_macro: 0.7284 | pixel_accuracy: 0.8593 | val_loss: 0.5029
Epoch 237/1000 | train_loss: 0.7172 | miou: 0.6187 | f1_macro: 0.7225 | pixel_accuracy: 0.8590 | val_loss: 0.5333
Epoch 238/1000 | train_loss: 0.7061 | miou: 0.6127 | f1_macro: 0.7208 | pixel_accuracy: 0.8514 | val_loss: 0.5300
Epoch 239/1000 | train_loss: 0.7214 | miou: 0.6264 | f1_macro: 0.7349 | pixel_accuracy: 0.8595 | val_loss: 0.4942
Epoch 240/1000 | train_loss: 0.7238 | miou: 0.6085 | f1_macro: 0.7246 | pixel_accuracy: 0.8514 | val_loss: 0.5814
Epoch 241/1000 | train_loss: 0.7197 | miou: 0.6245 | f1_macro: 0.7307 | pixel_accuracy: 0.8587 | val_loss: 0.4987
Epoch 242/1000 | train_loss: 0.7025 | miou: 0.6292 | f1_macro: 0.7356 | pixel_accuracy: 0.8626 | val_loss: 0.5186
Epoch 243/1000 | train_loss: 0.7250 | miou: 0.6341 | f1_macro: 0.7433 | pixel_accuracy: 0.8614 | val_loss: 0.4911
Epoch 244/1000 | train_loss: 0.7056 | miou: 0.6301 | f1_macro: 0.7356 | pixel_accuracy: 0.8625 | val_loss: 0.5133
Epoch 245/1000 | train_loss: 0.7152 | miou: 0.5948 | f1_macro: 0.7083 | pixel_accuracy: 0.8440 | val_loss: 0.5626
Epoch 246/1000 | train_loss: 0.7341 | miou: 0.6335 | f1_macro: 0.7445 | pixel_accuracy: 0.8619 | val_loss: 0.4910
Epoch 247/1000 | train_loss: 0.7094 | miou: 0.6348 | f1_macro: 0.7440 | pixel_accuracy: 0.8639 | val_loss: 0.5039
Epoch 248/1000 | train_loss: 0.7081 | miou: 0.6206 | f1_macro: 0.7246 | pixel_accuracy: 0.8569 | val_loss: 0.5408
Epoch 249/1000 | train_loss: 0.7109 | miou: 0.6273 | f1_macro: 0.7418 | pixel_accuracy: 0.8520 | val_loss: 0.5321
Epoch 250/1000 | train_loss: 0.7006 | miou: 0.6434 | f1_macro: 0.7531 | pixel_accuracy: 0.8649 | val_loss: 0.5082
Epoch 251/1000 | train_loss: 0.7037 | miou: 0.6185 | f1_macro: 0.7357 | pixel_accuracy: 0.8462 | val_loss: 0.5441
Epoch 252/1000 | train_loss: 0.7262 | miou: 0.6241 | f1_macro: 0.7327 | pixel_accuracy: 0.8590 | val_loss: 0.5382
Epoch 253/1000 | train_loss: 0.7188 | miou: 0.6201 | f1_macro: 0.7236 | pixel_accuracy: 0.8608 | val_loss: 0.5391
Epoch 254/1000 | train_loss: 0.7062 | miou: 0.6359 | f1_macro: 0.7454 | pixel_accuracy: 0.8631 | val_loss: 0.5214
Epoch 255/1000 | train_loss: 0.7310 | miou: 0.6081 | f1_macro: 0.7208 | pixel_accuracy: 0.8524 | val_loss: 0.5145
Epoch 256/1000 | train_loss: 0.7329 | miou: 0.6259 | f1_macro: 0.7317 | pixel_accuracy: 0.8605 | val_loss: 0.4894
Epoch 257/1000 | train_loss: 0.7122 | miou: 0.6319 | f1_macro: 0.7405 | pixel_accuracy: 0.8645 | val_loss: 0.5176
Epoch 258/1000 | train_loss: 0.6900 | miou: 0.6382 | f1_macro: 0.7485 | pixel_accuracy: 0.8648 | val_loss: 0.5106
Epoch 259/1000 | train_loss: 0.7077 | miou: 0.6391 | f1_macro: 0.7438 | pixel_accuracy: 0.8674 | val_loss: 0.5000
Epoch 260/1000 | train_loss: 0.6965 | miou: 0.6366 | f1_macro: 0.7473 | pixel_accuracy: 0.8631 | val_loss: 0.5349
Epoch 261/1000 | train_loss: 0.7009 | miou: 0.6390 | f1_macro: 0.7440 | pixel_accuracy: 0.8676 | val_loss: 0.5043
Epoch 262/1000 | train_loss: 0.6940 | miou: 0.6306 | f1_macro: 0.7358 | pixel_accuracy: 0.8620 | val_loss: 0.5078
Epoch 263/1000 | train_loss: 0.6959 | miou: 0.6367 | f1_macro: 0.7443 | pixel_accuracy: 0.8666 | val_loss: 0.5088
Epoch 264/1000 | train_loss: 0.7010 | miou: 0.6334 | f1_macro: 0.7436 | pixel_accuracy: 0.8621 | val_loss: 0.5406
Epoch 265/1000 | train_loss: 0.6985 | miou: 0.6404 | f1_macro: 0.7420 | pixel_accuracy: 0.8708 | val_loss: 0.4878
Epoch 266/1000 | train_loss: 0.7103 | miou: 0.6252 | f1_macro: 0.7313 | pixel_accuracy: 0.8614 | val_loss: 0.5636
Epoch 267/1000 | train_loss: 0.7505 | miou: 0.6289 | f1_macro: 0.7380 | pixel_accuracy: 0.8592 | val_loss: 0.4750
Epoch 268/1000 | train_loss: 0.7082 | miou: 0.6326 | f1_macro: 0.7392 | pixel_accuracy: 0.8656 | val_loss: 0.5000
Epoch 269/1000 | train_loss: 0.6997 | miou: 0.6436 | f1_macro: 0.7520 | pixel_accuracy: 0.8678 | val_loss: 0.4959
Epoch 270/1000 | train_loss: 0.6958 | miou: 0.6310 | f1_macro: 0.7393 | pixel_accuracy: 0.8618 | val_loss: 0.5021
Epoch 271/1000 | train_loss: 0.6898 | miou: 0.6377 | f1_macro: 0.7444 | pixel_accuracy: 0.8684 | val_loss: 0.5366
Epoch 272/1000 | train_loss: 0.6852 | miou: 0.6440 | f1_macro: 0.7517 | pixel_accuracy: 0.8672 | val_loss: 0.5011
Epoch 273/1000 | train_loss: 0.7001 | miou: 0.6126 | f1_macro: 0.7224 | pixel_accuracy: 0.8565 | val_loss: 0.5583
Epoch 274/1000 | train_loss: 0.6978 | miou: 0.6283 | f1_macro: 0.7305 | pixel_accuracy: 0.8663 | val_loss: 0.5136
Epoch 275/1000 | train_loss: 0.6884 | miou: 0.6385 | f1_macro: 0.7439 | pixel_accuracy: 0.8678 | val_loss: 0.5184
Epoch 276/1000 | train_loss: 0.6871 | miou: 0.6452 | f1_macro: 0.7515 | pixel_accuracy: 0.8703 | val_loss: 0.4746
Epoch 277/1000 | train_loss: 0.7061 | miou: 0.6152 | f1_macro: 0.7246 | pixel_accuracy: 0.8483 | val_loss: 0.4994
Epoch 278/1000 | train_loss: 0.6986 | miou: 0.6397 | f1_macro: 0.7449 | pixel_accuracy: 0.8675 | val_loss: 0.5084
Epoch 279/1000 | train_loss: 0.6754 | miou: 0.6348 | f1_macro: 0.7406 | pixel_accuracy: 0.8639 | val_loss: 0.5420
Epoch 280/1000 | train_loss: 0.6930 | miou: 0.6377 | f1_macro: 0.7453 | pixel_accuracy: 0.8647 | val_loss: 0.5023
Epoch 281/1000 | train_loss: 0.6819 | miou: 0.6419 | f1_macro: 0.7481 | pixel_accuracy: 0.8693 | val_loss: 0.5020
Epoch 282/1000 | train_loss: 0.6738 | miou: 0.6378 | f1_macro: 0.7430 | pixel_accuracy: 0.8653 | val_loss: 0.5267
Epoch 283/1000 | train_loss: 0.6730 | miou: 0.6330 | f1_macro: 0.7394 | pixel_accuracy: 0.8626 | val_loss: 0.5139
Epoch 284/1000 | train_loss: 0.6808 | miou: 0.6450 | f1_macro: 0.7532 | pixel_accuracy: 0.8691 | val_loss: 0.5092
Epoch 285/1000 | train_loss: 0.6802 | miou: 0.6476 | f1_macro: 0.7549 | pixel_accuracy: 0.8687 | val_loss: 0.5434
Epoch 286/1000 | train_loss: 0.6836 | miou: 0.6452 | f1_macro: 0.7524 | pixel_accuracy: 0.8688 | val_loss: 0.5172
Epoch 287/1000 | train_loss: 0.6902 | miou: 0.6425 | f1_macro: 0.7507 | pixel_accuracy: 0.8658 | val_loss: 0.4816
Epoch 288/1000 | train_loss: 0.6780 | miou: 0.6485 | f1_macro: 0.7619 | pixel_accuracy: 0.8685 | val_loss: 0.4963
Epoch 289/1000 | train_loss: 0.6944 | miou: 0.6451 | f1_macro: 0.7532 | pixel_accuracy: 0.8695 | val_loss: 0.5231
Epoch 290/1000 | train_loss: 0.6733 | miou: 0.6395 | f1_macro: 0.7486 | pixel_accuracy: 0.8665 | val_loss: 0.5199
Epoch 291/1000 | train_loss: 0.6782 | miou: 0.6346 | f1_macro: 0.7430 | pixel_accuracy: 0.8631 | val_loss: 0.5394
Epoch 292/1000 | train_loss: 0.6583 | miou: 0.6618 | f1_macro: 0.7687 | pixel_accuracy: 0.8760 | val_loss: 0.5099
Epoch 293/1000 | train_loss: 0.6823 | miou: 0.6557 | f1_macro: 0.7651 | pixel_accuracy: 0.8726 | val_loss: 0.5474
Epoch 294/1000 | train_loss: 0.6944 | miou: 0.5799 | f1_macro: 0.6931 | pixel_accuracy: 0.8375 | val_loss: 0.7423
Epoch 295/1000 | train_loss: 0.7190 | miou: 0.6261 | f1_macro: 0.7332 | pixel_accuracy: 0.8620 | val_loss: 0.5604
Epoch 296/1000 | train_loss: 0.6860 | miou: 0.6507 | f1_macro: 0.7563 | pixel_accuracy: 0.8709 | val_loss: 0.4893
Epoch 297/1000 | train_loss: 0.6726 | miou: 0.6530 | f1_macro: 0.7581 | pixel_accuracy: 0.8745 | val_loss: 0.5247
Epoch 298/1000 | train_loss: 0.6819 | miou: 0.6462 | f1_macro: 0.7567 | pixel_accuracy: 0.8660 | val_loss: 0.4981
Epoch 299/1000 | train_loss: 0.6800 | miou: 0.6349 | f1_macro: 0.7384 | pixel_accuracy: 0.8667 | val_loss: 0.5653
Epoch 300/1000 | train_loss: 0.6731 | miou: 0.6353 | f1_macro: 0.7437 | pixel_accuracy: 0.8636 | val_loss: 0.5157
Epoch 301/1000 | train_loss: 0.6778 | miou: 0.6352 | f1_macro: 0.7421 | pixel_accuracy: 0.8651 | val_loss: 0.5492
Epoch 302/1000 | train_loss: 0.6909 | miou: 0.6281 | f1_macro: 0.7294 | pixel_accuracy: 0.8633 | val_loss: 0.5807
Epoch 303/1000 | train_loss: 0.6574 | miou: 0.6613 | f1_macro: 0.7681 | pixel_accuracy: 0.8751 | val_loss: 0.5328
Epoch 304/1000 | train_loss: 0.6738 | miou: 0.6442 | f1_macro: 0.7493 | pixel_accuracy: 0.8711 | val_loss: 0.5522
Epoch 305/1000 | train_loss: 0.6683 | miou: 0.6500 | f1_macro: 0.7603 | pixel_accuracy: 0.8678 | val_loss: 0.5341
Epoch 306/1000 | train_loss: 0.6720 | miou: 0.6329 | f1_macro: 0.7419 | pixel_accuracy: 0.8638 | val_loss: 0.5205
Epoch 307/1000 | train_loss: 0.6673 | miou: 0.6430 | f1_macro: 0.7536 | pixel_accuracy: 0.8629 | val_loss: 0.5637
Epoch 308/1000 | train_loss: 0.6635 | miou: 0.6419 | f1_macro: 0.7500 | pixel_accuracy: 0.8648 | val_loss: 0.5628
Epoch 309/1000 | train_loss: 0.6677 | miou: 0.6592 | f1_macro: 0.7684 | pixel_accuracy: 0.8732 | val_loss: 0.5449
Epoch 310/1000 | train_loss: 0.6578 | miou: 0.6593 | f1_macro: 0.7663 | pixel_accuracy: 0.8748 | val_loss: 0.5725
Epoch 311/1000 | train_loss: 0.6539 | miou: 0.6566 | f1_macro: 0.7661 | pixel_accuracy: 0.8715 | val_loss: 0.5167
Epoch 312/1000 | train_loss: 0.6664 | miou: 0.6565 | f1_macro: 0.7615 | pixel_accuracy: 0.8735 | val_loss: 0.4900
Epoch 313/1000 | train_loss: 0.6754 | miou: 0.6604 | f1_macro: 0.7690 | pixel_accuracy: 0.8730 | val_loss: 0.5455
Epoch 314/1000 | train_loss: 0.6482 | miou: 0.6664 | f1_macro: 0.7770 | pixel_accuracy: 0.8735 | val_loss: 0.5321
Epoch 315/1000 | train_loss: 0.6897 | miou: 0.6423 | f1_macro: 0.7460 | pixel_accuracy: 0.8692 | val_loss: 0.5723
Epoch 316/1000 | train_loss: 0.6686 | miou: 0.6542 | f1_macro: 0.7636 | pixel_accuracy: 0.8711 | val_loss: 0.5587
Epoch 317/1000 | train_loss: 0.6537 | miou: 0.6544 | f1_macro: 0.7638 | pixel_accuracy: 0.8720 | val_loss: 0.5416
Epoch 318/1000 | train_loss: 0.6657 | miou: 0.6528 | f1_macro: 0.7605 | pixel_accuracy: 0.8715 | val_loss: 0.5392
Epoch 319/1000 | train_loss: 0.6812 | miou: 0.6415 | f1_macro: 0.7488 | pixel_accuracy: 0.8665 | val_loss: 0.5120
Epoch 320/1000 | train_loss: 0.6539 | miou: 0.6491 | f1_macro: 0.7604 | pixel_accuracy: 0.8672 | val_loss: 0.5397
Epoch 321/1000 | train_loss: 0.6528 | miou: 0.6609 | f1_macro: 0.7695 | pixel_accuracy: 0.8744 | val_loss: 0.5596
Epoch 322/1000 | train_loss: 0.6652 | miou: 0.6498 | f1_macro: 0.7535 | pixel_accuracy: 0.8734 | val_loss: 0.5322
Epoch 323/1000 | train_loss: 0.6648 | miou: 0.6665 | f1_macro: 0.7772 | pixel_accuracy: 0.8740 | val_loss: 0.5509
Epoch 324/1000 | train_loss: 0.6559 | miou: 0.6519 | f1_macro: 0.7598 | pixel_accuracy: 0.8731 | val_loss: 0.6133
Epoch 325/1000 | train_loss: 0.6778 | miou: 0.6534 | f1_macro: 0.7638 | pixel_accuracy: 0.8706 | val_loss: 0.5462
Epoch 326/1000 | train_loss: 0.7008 | miou: 0.6391 | f1_macro: 0.7430 | pixel_accuracy: 0.8693 | val_loss: 0.5409
Epoch 327/1000 | train_loss: 0.6642 | miou: 0.6506 | f1_macro: 0.7630 | pixel_accuracy: 0.8664 | val_loss: 0.5537
Epoch 328/1000 | train_loss: 0.6387 | miou: 0.6581 | f1_macro: 0.7664 | pixel_accuracy: 0.8726 | val_loss: 0.5667
Epoch 329/1000 | train_loss: 0.6392 | miou: 0.6617 | f1_macro: 0.7734 | pixel_accuracy: 0.8699 | val_loss: 0.5578
Epoch 330/1000 | train_loss: 0.6511 | miou: 0.6485 | f1_macro: 0.7543 | pixel_accuracy: 0.8709 | val_loss: 0.5829
Epoch 331/1000 | train_loss: 0.6577 | miou: 0.6496 | f1_macro: 0.7572 | pixel_accuracy: 0.8699 | val_loss: 0.5694
Epoch 332/1000 | train_loss: 0.6584 | miou: 0.6502 | f1_macro: 0.7608 | pixel_accuracy: 0.8647 | val_loss: 0.5767
Epoch 333/1000 | train_loss: 0.7824 | miou: 0.5936 | f1_macro: 0.7102 | pixel_accuracy: 0.8370 | val_loss: 0.5285
Epoch 334/1000 | train_loss: 0.7138 | miou: 0.6368 | f1_macro: 0.7468 | pixel_accuracy: 0.8585 | val_loss: 0.4892
Epoch 335/1000 | train_loss: 0.6767 | miou: 0.6449 | f1_macro: 0.7549 | pixel_accuracy: 0.8664 | val_loss: 0.5834
Epoch 336/1000 | train_loss: 0.6679 | miou: 0.6434 | f1_macro: 0.7563 | pixel_accuracy: 0.8622 | val_loss: 0.5162
Epoch 337/1000 | train_loss: 0.6774 | miou: 0.6540 | f1_macro: 0.7617 | pixel_accuracy: 0.8717 | val_loss: 0.5581
Epoch 338/1000 | train_loss: 0.6804 | miou: 0.6442 | f1_macro: 0.7502 | pixel_accuracy: 0.8682 | val_loss: 0.5551
Epoch 339/1000 | train_loss: 0.6494 | miou: 0.6389 | f1_macro: 0.7458 | pixel_accuracy: 0.8655 | val_loss: 0.5851
Epoch 340/1000 | train_loss: 0.6515 | miou: 0.6666 | f1_macro: 0.7755 | pixel_accuracy: 0.8757 | val_loss: 0.5450
Epoch 341/1000 | train_loss: 0.6397 | miou: 0.6579 | f1_macro: 0.7631 | pixel_accuracy: 0.8756 | val_loss: 0.5345
Epoch 342/1000 | train_loss: 0.6451 | miou: 0.6516 | f1_macro: 0.7572 | pixel_accuracy: 0.8735 | val_loss: 0.5500
Epoch 343/1000 | train_loss: 0.6592 | miou: 0.6070 | f1_macro: 0.7148 | pixel_accuracy: 0.8577 | val_loss: 0.6637
Epoch 344/1000 | train_loss: 0.6475 | miou: 0.6407 | f1_macro: 0.7472 | pixel_accuracy: 0.8665 | val_loss: 0.6079
Epoch 345/1000 | train_loss: 0.6469 | miou: 0.6520 | f1_macro: 0.7628 | pixel_accuracy: 0.8700 | val_loss: 0.5989
Epoch 346/1000 | train_loss: 0.6450 | miou: 0.6552 | f1_macro: 0.7634 | pixel_accuracy: 0.8734 | val_loss: 0.5685
Epoch 347/1000 | train_loss: 0.6799 | miou: 0.6258 | f1_macro: 0.7449 | pixel_accuracy: 0.8450 | val_loss: 0.6776
Epoch 348/1000 | train_loss: 0.7547 | miou: 0.6377 | f1_macro: 0.7443 | pixel_accuracy: 0.8656 | val_loss: 0.5548
Epoch 349/1000 | train_loss: 0.6436 | miou: 0.6642 | f1_macro: 0.7709 | pixel_accuracy: 0.8776 | val_loss: 0.5300
Epoch 350/1000 | train_loss: 0.6525 | miou: 0.6605 | f1_macro: 0.7683 | pixel_accuracy: 0.8738 | val_loss: 0.5425
Epoch 351/1000 | train_loss: 0.6540 | miou: 0.6656 | f1_macro: 0.7740 | pixel_accuracy: 0.8752 | val_loss: 0.5226
Epoch 352/1000 | train_loss: 0.6252 | miou: 0.6560 | f1_macro: 0.7659 | pixel_accuracy: 0.8718 | val_loss: 0.5670
Epoch 353/1000 | train_loss: 0.6494 | miou: 0.6622 | f1_macro: 0.7710 | pixel_accuracy: 0.8742 | val_loss: 0.5388
Epoch 354/1000 | train_loss: 0.6489 | miou: 0.6555 | f1_macro: 0.7638 | pixel_accuracy: 0.8743 | val_loss: 0.5624
Epoch 355/1000 | train_loss: 0.6697 | miou: 0.5946 | f1_macro: 0.7010 | pixel_accuracy: 0.8422 | val_loss: 0.6620
Epoch 356/1000 | train_loss: 0.6710 | miou: 0.6325 | f1_macro: 0.7405 | pixel_accuracy: 0.8635 | val_loss: 0.5835
Epoch 357/1000 | train_loss: 0.6519 | miou: 0.6305 | f1_macro: 0.7455 | pixel_accuracy: 0.8545 | val_loss: 0.5798
Epoch 358/1000 | train_loss: 0.6474 | miou: 0.6381 | f1_macro: 0.7524 | pixel_accuracy: 0.8588 | val_loss: 0.5545
Epoch 359/1000 | train_loss: 0.6466 | miou: 0.6613 | f1_macro: 0.7723 | pixel_accuracy: 0.8739 | val_loss: 0.5825
Epoch 360/1000 | train_loss: 0.6365 | miou: 0.6622 | f1_macro: 0.7699 | pixel_accuracy: 0.8750 | val_loss: 0.5480
Epoch 361/1000 | train_loss: 0.6445 | miou: 0.6258 | f1_macro: 0.7388 | pixel_accuracy: 0.8617 | val_loss: 0.5624
Epoch 362/1000 | train_loss: 0.6582 | miou: 0.6412 | f1_macro: 0.7432 | pixel_accuracy: 0.8688 | val_loss: 0.5295
Epoch 363/1000 | train_loss: 0.6536 | miou: 0.6662 | f1_macro: 0.7740 | pixel_accuracy: 0.8767 | val_loss: 0.5418
Epoch 364/1000 | train_loss: 0.6575 | miou: 0.6499 | f1_macro: 0.7590 | pixel_accuracy: 0.8706 | val_loss: 0.5682
Epoch 365/1000 | train_loss: 0.6306 | miou: 0.6645 | f1_macro: 0.7738 | pixel_accuracy: 0.8747 | val_loss: 0.5681
Epoch 366/1000 | train_loss: 0.6342 | miou: 0.6577 | f1_macro: 0.7667 | pixel_accuracy: 0.8714 | val_loss: 0.5966
Epoch 367/1000 | train_loss: 0.6288 | miou: 0.6612 | f1_macro: 0.7725 | pixel_accuracy: 0.8713 | val_loss: 0.5891
Epoch 368/1000 | train_loss: 0.6269 | miou: 0.6646 | f1_macro: 0.7738 | pixel_accuracy: 0.8746 | val_loss: 0.5677
Epoch 369/1000 | train_loss: 0.6327 | miou: 0.6601 | f1_macro: 0.7691 | pixel_accuracy: 0.8741 | val_loss: 0.6156
Epoch 370/1000 | train_loss: 0.6224 | miou: 0.6713 | f1_macro: 0.7790 | pixel_accuracy: 0.8794 | val_loss: 0.5446
Epoch 371/1000 | train_loss: 0.6326 | miou: 0.6607 | f1_macro: 0.7680 | pixel_accuracy: 0.8753 | val_loss: 0.6379
Epoch 372/1000 | train_loss: 0.6180 | miou: 0.6594 | f1_macro: 0.7687 | pixel_accuracy: 0.8725 | val_loss: 0.5698
Epoch 373/1000 | train_loss: 0.6401 | miou: 0.6507 | f1_macro: 0.7585 | pixel_accuracy: 0.8714 | val_loss: 0.6166
Epoch 374/1000 | train_loss: 0.6800 | miou: 0.6536 | f1_macro: 0.7614 | pixel_accuracy: 0.8722 | val_loss: 0.5275
Epoch 375/1000 | train_loss: 0.6397 | miou: 0.6499 | f1_macro: 0.7604 | pixel_accuracy: 0.8665 | val_loss: 0.5287
Epoch 376/1000 | train_loss: 0.6527 | miou: 0.6422 | f1_macro: 0.7515 | pixel_accuracy: 0.8649 | val_loss: 0.5657
Early stopping at epoch 376 (patience=100)
Training complete. Best val_loss: 0.4746
Training complete for unet-d116
