==========================================
Job ID: 3160939
Node: dgxt001
GPU: 0
Experiment: configs/experiment/deeplabv3_dataset83.yaml
Run Name: deeplabv3-d83
==========================================
Sun Feb 22 16:04:16 2026       
+-----------------------------------------------------------------------------------------+
| NVIDIA-SMI 570.158.01             Driver Version: 570.158.01     CUDA Version: 12.8     |
|-----------------------------------------+------------------------+----------------------+
| GPU  Name                 Persistence-M | Bus-Id          Disp.A | Volatile Uncorr. ECC |
| Fan  Temp   Perf          Pwr:Usage/Cap |           Memory-Usage | GPU-Util  Compute M. |
|                                         |                        |               MIG M. |
|=========================================+========================+======================|
|   0  NVIDIA A100-SXM4-40GB          On  |   00000000:07:00.0 Off |                    0 |
| N/A   26C    P0             52W /  400W |       0MiB /  40960MiB |      0%      Default |
|                                         |                        |             Disabled |
+-----------------------------------------+------------------------+----------------------+
                                                                                         
+-----------------------------------------------------------------------------------------+
| Processes:                                                                              |
|  GPU   GI   CI              PID   Type   Process name                        GPU Memory |
|        ID   ID                                                               Usage      |
|=========================================================================================|
|  No running processes found                                                             |
+-----------------------------------------------------------------------------------------+
Split: 11 train / 3 val (from 14 total)
Model: deeplabv3
Trainable parameters: 39,635,014
Epoch 1/1000 | train_loss: 1.5768 | miou: 0.1394 | f1_macro: 0.2204 | pixel_accuracy: 0.3363 | val_loss: 1.7685
Epoch 2/1000 | train_loss: 1.1511 | miou: 0.2515 | f1_macro: 0.3511 | pixel_accuracy: 0.5868 | val_loss: 1.5584
Epoch 3/1000 | train_loss: 0.8853 | miou: 0.3352 | f1_macro: 0.4493 | pixel_accuracy: 0.6985 | val_loss: 1.2682
Epoch 4/1000 | train_loss: 0.8137 | miou: 0.3971 | f1_macro: 0.5248 | pixel_accuracy: 0.7509 | val_loss: 1.0812
Epoch 5/1000 | train_loss: 0.6828 | miou: 0.4094 | f1_macro: 0.5415 | pixel_accuracy: 0.7575 | val_loss: 0.9703
Epoch 6/1000 | train_loss: 0.5937 | miou: 0.4174 | f1_macro: 0.5416 | pixel_accuracy: 0.7810 | val_loss: 0.8473
Epoch 7/1000 | train_loss: 0.5420 | miou: 0.4280 | f1_macro: 0.5407 | pixel_accuracy: 0.8077 | val_loss: 0.7421
Epoch 8/1000 | train_loss: 0.4918 | miou: 0.4404 | f1_macro: 0.5529 | pixel_accuracy: 0.8177 | val_loss: 0.6989
Epoch 9/1000 | train_loss: 0.4295 | miou: 0.4494 | f1_macro: 0.5600 | pixel_accuracy: 0.8300 | val_loss: 0.6579
Epoch 10/1000 | train_loss: 0.4062 | miou: 0.4710 | f1_macro: 0.5760 | pixel_accuracy: 0.8536 | val_loss: 0.5979
Epoch 11/1000 | train_loss: 0.3593 | miou: 0.4804 | f1_macro: 0.5843 | pixel_accuracy: 0.8608 | val_loss: 0.5802
Epoch 12/1000 | train_loss: 0.3775 | miou: 0.4977 | f1_macro: 0.5998 | pixel_accuracy: 0.8789 | val_loss: 0.5271
Epoch 13/1000 | train_loss: 0.3281 | miou: 0.5264 | f1_macro: 0.6364 | pixel_accuracy: 0.8873 | val_loss: 0.4784
Epoch 14/1000 | train_loss: 0.3064 | miou: 0.5546 | f1_macro: 0.6638 | pixel_accuracy: 0.9010 | val_loss: 0.4330
Epoch 15/1000 | train_loss: 0.3113 | miou: 0.5670 | f1_macro: 0.6728 | pixel_accuracy: 0.9104 | val_loss: 0.3974
Epoch 16/1000 | train_loss: 0.2945 | miou: 0.5847 | f1_macro: 0.6896 | pixel_accuracy: 0.9180 | val_loss: 0.3876
Epoch 17/1000 | train_loss: 0.3046 | miou: 0.5386 | f1_macro: 0.6434 | pixel_accuracy: 0.8997 | val_loss: 0.3957
Epoch 18/1000 | train_loss: 0.2666 | miou: 0.5339 | f1_macro: 0.6401 | pixel_accuracy: 0.8922 | val_loss: 0.4055
Epoch 19/1000 | train_loss: 0.2419 | miou: 0.5587 | f1_macro: 0.6665 | pixel_accuracy: 0.8988 | val_loss: 0.3780
Epoch 20/1000 | train_loss: 0.2444 | miou: 0.5703 | f1_macro: 0.6778 | pixel_accuracy: 0.9062 | val_loss: 0.3609
Epoch 21/1000 | train_loss: 0.2425 | miou: 0.5826 | f1_macro: 0.6911 | pixel_accuracy: 0.9111 | val_loss: 0.3420
Epoch 22/1000 | train_loss: 0.2225 | miou: 0.5810 | f1_macro: 0.6900 | pixel_accuracy: 0.9116 | val_loss: 0.3417
Epoch 23/1000 | train_loss: 0.2214 | miou: 0.6028 | f1_macro: 0.7106 | pixel_accuracy: 0.9183 | val_loss: 0.3431
Epoch 24/1000 | train_loss: 0.2030 | miou: 0.6119 | f1_macro: 0.7177 | pixel_accuracy: 0.9236 | val_loss: 0.3374
Epoch 25/1000 | train_loss: 0.2110 | miou: 0.6051 | f1_macro: 0.7108 | pixel_accuracy: 0.9203 | val_loss: 0.3394
Epoch 26/1000 | train_loss: 0.2018 | miou: 0.6112 | f1_macro: 0.7150 | pixel_accuracy: 0.9257 | val_loss: 0.3316
Epoch 27/1000 | train_loss: 0.1874 | miou: 0.6171 | f1_macro: 0.7196 | pixel_accuracy: 0.9307 | val_loss: 0.3251
Epoch 28/1000 | train_loss: 0.1860 | miou: 0.6219 | f1_macro: 0.7252 | pixel_accuracy: 0.9318 | val_loss: 0.3090
Epoch 29/1000 | train_loss: 0.1847 | miou: 0.6243 | f1_macro: 0.7305 | pixel_accuracy: 0.9263 | val_loss: 0.3127
Epoch 30/1000 | train_loss: 0.1775 | miou: 0.6225 | f1_macro: 0.7275 | pixel_accuracy: 0.9265 | val_loss: 0.3218
Epoch 31/1000 | train_loss: 0.1896 | miou: 0.6212 | f1_macro: 0.7235 | pixel_accuracy: 0.9291 | val_loss: 0.3038
Epoch 32/1000 | train_loss: 0.1732 | miou: 0.6007 | f1_macro: 0.7063 | pixel_accuracy: 0.9189 | val_loss: 0.2939
Epoch 33/1000 | train_loss: 0.1753 | miou: 0.6048 | f1_macro: 0.7127 | pixel_accuracy: 0.9169 | val_loss: 0.3025
Epoch 34/1000 | train_loss: 0.1687 | miou: 0.6196 | f1_macro: 0.7258 | pixel_accuracy: 0.9234 | val_loss: 0.3051
Epoch 35/1000 | train_loss: 0.1597 | miou: 0.6236 | f1_macro: 0.7225 | pixel_accuracy: 0.9336 | val_loss: 0.3004
Epoch 36/1000 | train_loss: 0.1586 | miou: 0.6191 | f1_macro: 0.7198 | pixel_accuracy: 0.9304 | val_loss: 0.3140
Epoch 37/1000 | train_loss: 0.1546 | miou: 0.6079 | f1_macro: 0.7170 | pixel_accuracy: 0.9130 | val_loss: 0.3286
Epoch 38/1000 | train_loss: 0.1657 | miou: 0.6132 | f1_macro: 0.7222 | pixel_accuracy: 0.9127 | val_loss: 0.3319
Epoch 39/1000 | train_loss: 0.1518 | miou: 0.6276 | f1_macro: 0.7238 | pixel_accuracy: 0.9344 | val_loss: 0.2990
Epoch 40/1000 | train_loss: 0.1477 | miou: 0.6076 | f1_macro: 0.6931 | pixel_accuracy: 0.9335 | val_loss: 0.2999
Epoch 41/1000 | train_loss: 0.1428 | miou: 0.6031 | f1_macro: 0.6891 | pixel_accuracy: 0.9298 | val_loss: 0.3140
Epoch 42/1000 | train_loss: 0.1547 | miou: 0.6065 | f1_macro: 0.6974 | pixel_accuracy: 0.9282 | val_loss: 0.3214
Epoch 43/1000 | train_loss: 0.1465 | miou: 0.5942 | f1_macro: 0.6966 | pixel_accuracy: 0.9119 | val_loss: 0.3428
Epoch 44/1000 | train_loss: 0.1439 | miou: 0.6039 | f1_macro: 0.7126 | pixel_accuracy: 0.9075 | val_loss: 0.3331
Epoch 45/1000 | train_loss: 0.1401 | miou: 0.6225 | f1_macro: 0.7286 | pixel_accuracy: 0.9192 | val_loss: 0.3016
Epoch 46/1000 | train_loss: 0.1347 | miou: 0.6280 | f1_macro: 0.7330 | pixel_accuracy: 0.9262 | val_loss: 0.2920
Epoch 47/1000 | train_loss: 0.1282 | miou: 0.6307 | f1_macro: 0.7343 | pixel_accuracy: 0.9262 | val_loss: 0.2946
Epoch 48/1000 | train_loss: 0.1328 | miou: 0.6397 | f1_macro: 0.7429 | pixel_accuracy: 0.9312 | val_loss: 0.2835
Epoch 49/1000 | train_loss: 0.1301 | miou: 0.6322 | f1_macro: 0.7307 | pixel_accuracy: 0.9327 | val_loss: 0.2777
Epoch 50/1000 | train_loss: 0.1272 | miou: 0.6282 | f1_macro: 0.7232 | pixel_accuracy: 0.9349 | val_loss: 0.2739
Epoch 51/1000 | train_loss: 0.1287 | miou: 0.6225 | f1_macro: 0.7205 | pixel_accuracy: 0.9286 | val_loss: 0.2816
Epoch 52/1000 | train_loss: 0.1222 | miou: 0.6159 | f1_macro: 0.7151 | pixel_accuracy: 0.9259 | val_loss: 0.2877
Epoch 53/1000 | train_loss: 0.1230 | miou: 0.6280 | f1_macro: 0.7269 | pixel_accuracy: 0.9312 | val_loss: 0.2701
Epoch 54/1000 | train_loss: 0.1213 | miou: 0.6398 | f1_macro: 0.7394 | pixel_accuracy: 0.9344 | val_loss: 0.2604
Epoch 55/1000 | train_loss: 0.1155 | miou: 0.6383 | f1_macro: 0.7383 | pixel_accuracy: 0.9339 | val_loss: 0.2600
Epoch 56/1000 | train_loss: 0.1182 | miou: 0.6452 | f1_macro: 0.7461 | pixel_accuracy: 0.9361 | val_loss: 0.2612
Epoch 57/1000 | train_loss: 0.1185 | miou: 0.6442 | f1_macro: 0.7454 | pixel_accuracy: 0.9355 | val_loss: 0.2652
Epoch 58/1000 | train_loss: 0.1103 | miou: 0.6466 | f1_macro: 0.7484 | pixel_accuracy: 0.9351 | val_loss: 0.2664
Epoch 59/1000 | train_loss: 0.1138 | miou: 0.6406 | f1_macro: 0.7424 | pixel_accuracy: 0.9328 | val_loss: 0.2748
Epoch 60/1000 | train_loss: 0.1096 | miou: 0.6448 | f1_macro: 0.7466 | pixel_accuracy: 0.9334 | val_loss: 0.2715
Epoch 61/1000 | train_loss: 0.1089 | miou: 0.6380 | f1_macro: 0.7374 | pixel_accuracy: 0.9336 | val_loss: 0.2643
Epoch 62/1000 | train_loss: 0.1116 | miou: 0.6332 | f1_macro: 0.7320 | pixel_accuracy: 0.9324 | val_loss: 0.2706
Epoch 63/1000 | train_loss: 0.1056 | miou: 0.6411 | f1_macro: 0.7390 | pixel_accuracy: 0.9351 | val_loss: 0.2682
Epoch 64/1000 | train_loss: 0.1127 | miou: 0.6464 | f1_macro: 0.7488 | pixel_accuracy: 0.9317 | val_loss: 0.2665
Epoch 65/1000 | train_loss: 0.1071 | miou: 0.6432 | f1_macro: 0.7464 | pixel_accuracy: 0.9296 | val_loss: 0.2764
Epoch 66/1000 | train_loss: 0.1049 | miou: 0.6315 | f1_macro: 0.7343 | pixel_accuracy: 0.9275 | val_loss: 0.2857
Epoch 67/1000 | train_loss: 0.1080 | miou: 0.6454 | f1_macro: 0.7450 | pixel_accuracy: 0.9341 | val_loss: 0.2683
Epoch 68/1000 | train_loss: 0.1023 | miou: 0.6406 | f1_macro: 0.7382 | pixel_accuracy: 0.9349 | val_loss: 0.2629
Epoch 69/1000 | train_loss: 0.1058 | miou: 0.6311 | f1_macro: 0.7285 | pixel_accuracy: 0.9317 | val_loss: 0.2804
Epoch 70/1000 | train_loss: 0.0971 | miou: 0.6320 | f1_macro: 0.7296 | pixel_accuracy: 0.9320 | val_loss: 0.2799
Epoch 71/1000 | train_loss: 0.1011 | miou: 0.6324 | f1_macro: 0.7304 | pixel_accuracy: 0.9299 | val_loss: 0.2807
Epoch 72/1000 | train_loss: 0.0982 | miou: 0.6403 | f1_macro: 0.7375 | pixel_accuracy: 0.9348 | val_loss: 0.2636
Epoch 73/1000 | train_loss: 0.1037 | miou: 0.6462 | f1_macro: 0.7453 | pixel_accuracy: 0.9352 | val_loss: 0.2649
Epoch 74/1000 | train_loss: 0.0976 | miou: 0.6486 | f1_macro: 0.7495 | pixel_accuracy: 0.9339 | val_loss: 0.2601
Epoch 75/1000 | train_loss: 0.0961 | miou: 0.6494 | f1_macro: 0.7501 | pixel_accuracy: 0.9349 | val_loss: 0.2551
Epoch 76/1000 | train_loss: 0.0959 | miou: 0.6439 | f1_macro: 0.7450 | pixel_accuracy: 0.9330 | val_loss: 0.2613
Epoch 77/1000 | train_loss: 0.0935 | miou: 0.6405 | f1_macro: 0.7425 | pixel_accuracy: 0.9302 | val_loss: 0.2631
Epoch 78/1000 | train_loss: 0.0964 | miou: 0.6409 | f1_macro: 0.7433 | pixel_accuracy: 0.9291 | val_loss: 0.2669
Epoch 79/1000 | train_loss: 0.0878 | miou: 0.6337 | f1_macro: 0.7351 | pixel_accuracy: 0.9292 | val_loss: 0.2646
Epoch 80/1000 | train_loss: 0.0934 | miou: 0.6443 | f1_macro: 0.7442 | pixel_accuracy: 0.9339 | val_loss: 0.2558
Epoch 81/1000 | train_loss: 0.0911 | miou: 0.6489 | f1_macro: 0.7475 | pixel_accuracy: 0.9371 | val_loss: 0.2493
Epoch 82/1000 | train_loss: 0.0920 | miou: 0.6449 | f1_macro: 0.7458 | pixel_accuracy: 0.9335 | val_loss: 0.2479
Epoch 83/1000 | train_loss: 0.0881 | miou: 0.6443 | f1_macro: 0.7473 | pixel_accuracy: 0.9292 | val_loss: 0.2519
Epoch 84/1000 | train_loss: 0.0888 | miou: 0.6555 | f1_macro: 0.7550 | pixel_accuracy: 0.9384 | val_loss: 0.2427
Epoch 85/1000 | train_loss: 0.0866 | miou: 0.6549 | f1_macro: 0.7533 | pixel_accuracy: 0.9408 | val_loss: 0.2392
Epoch 86/1000 | train_loss: 0.0883 | miou: 0.6556 | f1_macro: 0.7553 | pixel_accuracy: 0.9385 | val_loss: 0.2410
Epoch 87/1000 | train_loss: 0.0839 | miou: 0.6523 | f1_macro: 0.7527 | pixel_accuracy: 0.9354 | val_loss: 0.2438
Epoch 88/1000 | train_loss: 0.0860 | miou: 0.6539 | f1_macro: 0.7525 | pixel_accuracy: 0.9385 | val_loss: 0.2428
Epoch 89/1000 | train_loss: 0.0856 | miou: 0.6414 | f1_macro: 0.7380 | pixel_accuracy: 0.9383 | val_loss: 0.2503
Epoch 90/1000 | train_loss: 0.0859 | miou: 0.6462 | f1_macro: 0.7424 | pixel_accuracy: 0.9391 | val_loss: 0.2490
Epoch 91/1000 | train_loss: 0.0833 | miou: 0.6393 | f1_macro: 0.7358 | pixel_accuracy: 0.9366 | val_loss: 0.2522
Epoch 92/1000 | train_loss: 0.0824 | miou: 0.6413 | f1_macro: 0.7383 | pixel_accuracy: 0.9363 | val_loss: 0.2529
Epoch 93/1000 | train_loss: 0.0790 | miou: 0.6434 | f1_macro: 0.7391 | pixel_accuracy: 0.9378 | val_loss: 0.2464
Epoch 94/1000 | train_loss: 0.0821 | miou: 0.6438 | f1_macro: 0.7386 | pixel_accuracy: 0.9384 | val_loss: 0.2408
Epoch 95/1000 | train_loss: 0.0809 | miou: 0.6495 | f1_macro: 0.7490 | pixel_accuracy: 0.9356 | val_loss: 0.2504
Epoch 96/1000 | train_loss: 0.0758 | miou: 0.6477 | f1_macro: 0.7479 | pixel_accuracy: 0.9335 | val_loss: 0.2575
Epoch 97/1000 | train_loss: 0.0782 | miou: 0.6557 | f1_macro: 0.7548 | pixel_accuracy: 0.9372 | val_loss: 0.2455
Epoch 98/1000 | train_loss: 0.0796 | miou: 0.6568 | f1_macro: 0.7560 | pixel_accuracy: 0.9370 | val_loss: 0.2466
Epoch 99/1000 | train_loss: 0.0806 | miou: 0.6607 | f1_macro: 0.7605 | pixel_accuracy: 0.9375 | val_loss: 0.2443
Epoch 100/1000 | train_loss: 0.0806 | miou: 0.6574 | f1_macro: 0.7574 | pixel_accuracy: 0.9364 | val_loss: 0.2497
Epoch 101/1000 | train_loss: 0.0728 | miou: 0.6531 | f1_macro: 0.7532 | pixel_accuracy: 0.9351 | val_loss: 0.2494
Epoch 102/1000 | train_loss: 0.0798 | miou: 0.6533 | f1_macro: 0.7533 | pixel_accuracy: 0.9357 | val_loss: 0.2484
Epoch 103/1000 | train_loss: 0.0785 | miou: 0.6467 | f1_macro: 0.7470 | pixel_accuracy: 0.9334 | val_loss: 0.2619
Epoch 104/1000 | train_loss: 0.0781 | miou: 0.6616 | f1_macro: 0.7613 | pixel_accuracy: 0.9373 | val_loss: 0.2507
Epoch 105/1000 | train_loss: 0.0752 | miou: 0.6615 | f1_macro: 0.7591 | pixel_accuracy: 0.9407 | val_loss: 0.2374
Epoch 106/1000 | train_loss: 0.0777 | miou: 0.6661 | f1_macro: 0.7647 | pixel_accuracy: 0.9427 | val_loss: 0.2339
Epoch 107/1000 | train_loss: 0.0752 | miou: 0.6659 | f1_macro: 0.7640 | pixel_accuracy: 0.9415 | val_loss: 0.2414
Epoch 108/1000 | train_loss: 0.0737 | miou: 0.6656 | f1_macro: 0.7637 | pixel_accuracy: 0.9426 | val_loss: 0.2365
Epoch 109/1000 | train_loss: 0.0743 | miou: 0.6667 | f1_macro: 0.7656 | pixel_accuracy: 0.9423 | val_loss: 0.2358
Epoch 110/1000 | train_loss: 0.0713 | miou: 0.6658 | f1_macro: 0.7645 | pixel_accuracy: 0.9422 | val_loss: 0.2338
Epoch 111/1000 | train_loss: 0.0709 | miou: 0.6656 | f1_macro: 0.7637 | pixel_accuracy: 0.9428 | val_loss: 0.2304
Epoch 112/1000 | train_loss: 0.0707 | miou: 0.6585 | f1_macro: 0.7571 | pixel_accuracy: 0.9393 | val_loss: 0.2341
Epoch 113/1000 | train_loss: 0.0703 | miou: 0.6506 | f1_macro: 0.7493 | pixel_accuracy: 0.9359 | val_loss: 0.2402
Epoch 114/1000 | train_loss: 0.0749 | miou: 0.6560 | f1_macro: 0.7535 | pixel_accuracy: 0.9401 | val_loss: 0.2289
Epoch 115/1000 | train_loss: 0.0678 | miou: 0.6613 | f1_macro: 0.7593 | pixel_accuracy: 0.9412 | val_loss: 0.2299
Epoch 116/1000 | train_loss: 0.0712 | miou: 0.6638 | f1_macro: 0.7620 | pixel_accuracy: 0.9411 | val_loss: 0.2295
Epoch 117/1000 | train_loss: 0.0671 | miou: 0.6567 | f1_macro: 0.7553 | pixel_accuracy: 0.9386 | val_loss: 0.2371
Epoch 118/1000 | train_loss: 0.0663 | miou: 0.6509 | f1_macro: 0.7495 | pixel_accuracy: 0.9360 | val_loss: 0.2431
Epoch 119/1000 | train_loss: 0.0706 | miou: 0.6577 | f1_macro: 0.7571 | pixel_accuracy: 0.9379 | val_loss: 0.2308
Epoch 120/1000 | train_loss: 0.0720 | miou: 0.6651 | f1_macro: 0.7633 | pixel_accuracy: 0.9419 | val_loss: 0.2212
Epoch 121/1000 | train_loss: 0.0671 | miou: 0.6668 | f1_macro: 0.7654 | pixel_accuracy: 0.9417 | val_loss: 0.2267
Epoch 122/1000 | train_loss: 0.0687 | miou: 0.6597 | f1_macro: 0.7591 | pixel_accuracy: 0.9367 | val_loss: 0.2409
Epoch 123/1000 | train_loss: 0.0664 | miou: 0.6545 | f1_macro: 0.7534 | pixel_accuracy: 0.9340 | val_loss: 0.2412
Epoch 124/1000 | train_loss: 0.0699 | miou: 0.6631 | f1_macro: 0.7617 | pixel_accuracy: 0.9397 | val_loss: 0.2319
Epoch 125/1000 | train_loss: 0.0709 | miou: 0.6629 | f1_macro: 0.7615 | pixel_accuracy: 0.9391 | val_loss: 0.2374
Epoch 126/1000 | train_loss: 0.0658 | miou: 0.6629 | f1_macro: 0.7617 | pixel_accuracy: 0.9401 | val_loss: 0.2346
Epoch 127/1000 | train_loss: 0.0674 | miou: 0.6671 | f1_macro: 0.7650 | pixel_accuracy: 0.9431 | val_loss: 0.2270
Epoch 128/1000 | train_loss: 0.0653 | miou: 0.6649 | f1_macro: 0.7618 | pixel_accuracy: 0.9435 | val_loss: 0.2257
Epoch 129/1000 | train_loss: 0.0695 | miou: 0.6506 | f1_macro: 0.7470 | pixel_accuracy: 0.9388 | val_loss: 0.2368
Epoch 130/1000 | train_loss: 0.0690 | miou: 0.6502 | f1_macro: 0.7467 | pixel_accuracy: 0.9372 | val_loss: 0.2396
Epoch 131/1000 | train_loss: 0.0652 | miou: 0.6569 | f1_macro: 0.7547 | pixel_accuracy: 0.9385 | val_loss: 0.2436
Epoch 132/1000 | train_loss: 0.0645 | miou: 0.6628 | f1_macro: 0.7615 | pixel_accuracy: 0.9390 | val_loss: 0.2417
Epoch 133/1000 | train_loss: 0.0656 | miou: 0.6681 | f1_macro: 0.7662 | pixel_accuracy: 0.9416 | val_loss: 0.2299
Epoch 134/1000 | train_loss: 0.0651 | miou: 0.6702 | f1_macro: 0.7685 | pixel_accuracy: 0.9434 | val_loss: 0.2233
Epoch 135/1000 | train_loss: 0.0645 | miou: 0.6662 | f1_macro: 0.7651 | pixel_accuracy: 0.9408 | val_loss: 0.2319
Epoch 136/1000 | train_loss: 0.0642 | miou: 0.6652 | f1_macro: 0.7647 | pixel_accuracy: 0.9394 | val_loss: 0.2316
Epoch 137/1000 | train_loss: 0.0649 | miou: 0.6656 | f1_macro: 0.7637 | pixel_accuracy: 0.9426 | val_loss: 0.2252
Epoch 138/1000 | train_loss: 0.0643 | miou: 0.6671 | f1_macro: 0.7651 | pixel_accuracy: 0.9418 | val_loss: 0.2322
Epoch 139/1000 | train_loss: 0.0607 | miou: 0.6628 | f1_macro: 0.7620 | pixel_accuracy: 0.9391 | val_loss: 0.2361
Epoch 140/1000 | train_loss: 0.0662 | miou: 0.6655 | f1_macro: 0.7655 | pixel_accuracy: 0.9382 | val_loss: 0.2373
Epoch 141/1000 | train_loss: 0.0611 | miou: 0.6644 | f1_macro: 0.7633 | pixel_accuracy: 0.9390 | val_loss: 0.2393
Epoch 142/1000 | train_loss: 0.0646 | miou: 0.6644 | f1_macro: 0.7626 | pixel_accuracy: 0.9415 | val_loss: 0.2336
Epoch 143/1000 | train_loss: 0.0653 | miou: 0.6665 | f1_macro: 0.7654 | pixel_accuracy: 0.9399 | val_loss: 0.2339
Epoch 144/1000 | train_loss: 0.0638 | miou: 0.6560 | f1_macro: 0.7559 | pixel_accuracy: 0.9340 | val_loss: 0.2518
Epoch 145/1000 | train_loss: 0.0640 | miou: 0.6585 | f1_macro: 0.7587 | pixel_accuracy: 0.9356 | val_loss: 0.2463
Epoch 146/1000 | train_loss: 0.0653 | miou: 0.6683 | f1_macro: 0.7675 | pixel_accuracy: 0.9395 | val_loss: 0.2333
Epoch 147/1000 | train_loss: 0.0623 | miou: 0.6712 | f1_macro: 0.7700 | pixel_accuracy: 0.9419 | val_loss: 0.2328
Epoch 148/1000 | train_loss: 0.0619 | miou: 0.6740 | f1_macro: 0.7720 | pixel_accuracy: 0.9439 | val_loss: 0.2251
Epoch 149/1000 | train_loss: 0.0600 | miou: 0.6754 | f1_macro: 0.7732 | pixel_accuracy: 0.9450 | val_loss: 0.2204
Epoch 150/1000 | train_loss: 0.0611 | miou: 0.6751 | f1_macro: 0.7731 | pixel_accuracy: 0.9450 | val_loss: 0.2170
Epoch 151/1000 | train_loss: 0.0596 | miou: 0.6686 | f1_macro: 0.7668 | pixel_accuracy: 0.9425 | val_loss: 0.2219
Epoch 152/1000 | train_loss: 0.0582 | miou: 0.6614 | f1_macro: 0.7585 | pixel_accuracy: 0.9409 | val_loss: 0.2358
Epoch 153/1000 | train_loss: 0.0597 | miou: 0.6647 | f1_macro: 0.7619 | pixel_accuracy: 0.9417 | val_loss: 0.2356
Epoch 154/1000 | train_loss: 0.0599 | miou: 0.6696 | f1_macro: 0.7674 | pixel_accuracy: 0.9428 | val_loss: 0.2292
Epoch 155/1000 | train_loss: 0.0626 | miou: 0.6739 | f1_macro: 0.7717 | pixel_accuracy: 0.9433 | val_loss: 0.2289
Epoch 156/1000 | train_loss: 0.0576 | miou: 0.6673 | f1_macro: 0.7661 | pixel_accuracy: 0.9408 | val_loss: 0.2374
Epoch 157/1000 | train_loss: 0.0599 | miou: 0.6768 | f1_macro: 0.7749 | pixel_accuracy: 0.9431 | val_loss: 0.2227
Epoch 158/1000 | train_loss: 0.0606 | miou: 0.6786 | f1_macro: 0.7784 | pixel_accuracy: 0.9412 | val_loss: 0.2182
Epoch 159/1000 | train_loss: 0.0587 | miou: 0.6705 | f1_macro: 0.7701 | pixel_accuracy: 0.9375 | val_loss: 0.2290
Epoch 160/1000 | train_loss: 0.0580 | miou: 0.6737 | f1_macro: 0.7743 | pixel_accuracy: 0.9380 | val_loss: 0.2211
Epoch 161/1000 | train_loss: 0.0557 | miou: 0.6721 | f1_macro: 0.7737 | pixel_accuracy: 0.9366 | val_loss: 0.2234
Epoch 162/1000 | train_loss: 0.0568 | miou: 0.6717 | f1_macro: 0.7710 | pixel_accuracy: 0.9398 | val_loss: 0.2258
Epoch 163/1000 | train_loss: 0.0566 | miou: 0.6659 | f1_macro: 0.7631 | pixel_accuracy: 0.9418 | val_loss: 0.2258
Epoch 164/1000 | train_loss: 0.0599 | miou: 0.6599 | f1_macro: 0.7563 | pixel_accuracy: 0.9409 | val_loss: 0.2349
Epoch 165/1000 | train_loss: 0.0581 | miou: 0.6595 | f1_macro: 0.7575 | pixel_accuracy: 0.9376 | val_loss: 0.2482
Epoch 166/1000 | train_loss: 0.0578 | miou: 0.6761 | f1_macro: 0.7750 | pixel_accuracy: 0.9417 | val_loss: 0.2280
Epoch 167/1000 | train_loss: 0.0565 | miou: 0.6732 | f1_macro: 0.7725 | pixel_accuracy: 0.9416 | val_loss: 0.2281
Epoch 168/1000 | train_loss: 0.0578 | miou: 0.6735 | f1_macro: 0.7728 | pixel_accuracy: 0.9427 | val_loss: 0.2231
Epoch 169/1000 | train_loss: 0.0539 | miou: 0.6693 | f1_macro: 0.7683 | pixel_accuracy: 0.9412 | val_loss: 0.2264
Epoch 170/1000 | train_loss: 0.0571 | miou: 0.6721 | f1_macro: 0.7710 | pixel_accuracy: 0.9417 | val_loss: 0.2291
Epoch 171/1000 | train_loss: 0.0573 | miou: 0.6701 | f1_macro: 0.7680 | pixel_accuracy: 0.9408 | val_loss: 0.2327
Epoch 172/1000 | train_loss: 0.0565 | miou: 0.6758 | f1_macro: 0.7737 | pixel_accuracy: 0.9415 | val_loss: 0.2273
Epoch 173/1000 | train_loss: 0.0540 | miou: 0.6704 | f1_macro: 0.7691 | pixel_accuracy: 0.9399 | val_loss: 0.2371
Epoch 174/1000 | train_loss: 0.0531 | miou: 0.6685 | f1_macro: 0.7669 | pixel_accuracy: 0.9394 | val_loss: 0.2358
Epoch 175/1000 | train_loss: 0.0558 | miou: 0.6663 | f1_macro: 0.7655 | pixel_accuracy: 0.9354 | val_loss: 0.2452
Epoch 176/1000 | train_loss: 0.0546 | miou: 0.6721 | f1_macro: 0.7704 | pixel_accuracy: 0.9396 | val_loss: 0.2283
Epoch 177/1000 | train_loss: 0.0523 | miou: 0.6685 | f1_macro: 0.7669 | pixel_accuracy: 0.9391 | val_loss: 0.2304
Epoch 178/1000 | train_loss: 0.0540 | miou: 0.6633 | f1_macro: 0.7614 | pixel_accuracy: 0.9377 | val_loss: 0.2416
Epoch 179/1000 | train_loss: 0.0553 | miou: 0.6689 | f1_macro: 0.7667 | pixel_accuracy: 0.9399 | val_loss: 0.2298
Epoch 180/1000 | train_loss: 0.0552 | miou: 0.6638 | f1_macro: 0.7606 | pixel_accuracy: 0.9403 | val_loss: 0.2356
Epoch 181/1000 | train_loss: 0.0527 | miou: 0.6653 | f1_macro: 0.7638 | pixel_accuracy: 0.9383 | val_loss: 0.2442
Epoch 182/1000 | train_loss: 0.0542 | miou: 0.6720 | f1_macro: 0.7720 | pixel_accuracy: 0.9392 | val_loss: 0.2383
Epoch 183/1000 | train_loss: 0.0532 | miou: 0.6723 | f1_macro: 0.7714 | pixel_accuracy: 0.9416 | val_loss: 0.2297
Epoch 184/1000 | train_loss: 0.0555 | miou: 0.6758 | f1_macro: 0.7749 | pixel_accuracy: 0.9402 | val_loss: 0.2337
Epoch 185/1000 | train_loss: 0.0513 | miou: 0.6759 | f1_macro: 0.7748 | pixel_accuracy: 0.9418 | val_loss: 0.2235
Epoch 186/1000 | train_loss: 0.0543 | miou: 0.6759 | f1_macro: 0.7742 | pixel_accuracy: 0.9423 | val_loss: 0.2233
Epoch 187/1000 | train_loss: 0.0517 | miou: 0.6756 | f1_macro: 0.7734 | pixel_accuracy: 0.9425 | val_loss: 0.2249
Epoch 188/1000 | train_loss: 0.0512 | miou: 0.6798 | f1_macro: 0.7773 | pixel_accuracy: 0.9446 | val_loss: 0.2178
Epoch 189/1000 | train_loss: 0.0496 | miou: 0.6734 | f1_macro: 0.7710 | pixel_accuracy: 0.9430 | val_loss: 0.2245
Epoch 190/1000 | train_loss: 0.0505 | miou: 0.6770 | f1_macro: 0.7753 | pixel_accuracy: 0.9429 | val_loss: 0.2236
Epoch 191/1000 | train_loss: 0.0522 | miou: 0.6731 | f1_macro: 0.7711 | pixel_accuracy: 0.9427 | val_loss: 0.2257
Epoch 192/1000 | train_loss: 0.0508 | miou: 0.6732 | f1_macro: 0.7710 | pixel_accuracy: 0.9437 | val_loss: 0.2259
Epoch 193/1000 | train_loss: 0.0517 | miou: 0.6806 | f1_macro: 0.7789 | pixel_accuracy: 0.9436 | val_loss: 0.2265
Epoch 194/1000 | train_loss: 0.0511 | miou: 0.6796 | f1_macro: 0.7781 | pixel_accuracy: 0.9418 | val_loss: 0.2310
Epoch 195/1000 | train_loss: 0.0507 | miou: 0.6766 | f1_macro: 0.7750 | pixel_accuracy: 0.9417 | val_loss: 0.2257
Epoch 196/1000 | train_loss: 0.0480 | miou: 0.6723 | f1_macro: 0.7709 | pixel_accuracy: 0.9411 | val_loss: 0.2266
Epoch 197/1000 | train_loss: 0.0496 | miou: 0.6731 | f1_macro: 0.7722 | pixel_accuracy: 0.9406 | val_loss: 0.2298
Epoch 198/1000 | train_loss: 0.0487 | miou: 0.6762 | f1_macro: 0.7749 | pixel_accuracy: 0.9423 | val_loss: 0.2253
Epoch 199/1000 | train_loss: 0.0510 | miou: 0.6779 | f1_macro: 0.7771 | pixel_accuracy: 0.9437 | val_loss: 0.2199
Epoch 200/1000 | train_loss: 0.0485 | miou: 0.6806 | f1_macro: 0.7787 | pixel_accuracy: 0.9432 | val_loss: 0.2237
Epoch 201/1000 | train_loss: 0.0492 | miou: 0.6758 | f1_macro: 0.7737 | pixel_accuracy: 0.9428 | val_loss: 0.2299
Epoch 202/1000 | train_loss: 0.0507 | miou: 0.6768 | f1_macro: 0.7752 | pixel_accuracy: 0.9441 | val_loss: 0.2212
Epoch 203/1000 | train_loss: 0.0512 | miou: 0.6800 | f1_macro: 0.7786 | pixel_accuracy: 0.9421 | val_loss: 0.2209
Epoch 204/1000 | train_loss: 0.0503 | miou: 0.6748 | f1_macro: 0.7724 | pixel_accuracy: 0.9411 | val_loss: 0.2297
Epoch 205/1000 | train_loss: 0.0479 | miou: 0.6758 | f1_macro: 0.7742 | pixel_accuracy: 0.9414 | val_loss: 0.2243
Epoch 206/1000 | train_loss: 0.0470 | miou: 0.6810 | f1_macro: 0.7792 | pixel_accuracy: 0.9436 | val_loss: 0.2167
Epoch 207/1000 | train_loss: 0.0501 | miou: 0.6808 | f1_macro: 0.7786 | pixel_accuracy: 0.9432 | val_loss: 0.2229
Epoch 208/1000 | train_loss: 0.0473 | miou: 0.6772 | f1_macro: 0.7751 | pixel_accuracy: 0.9409 | val_loss: 0.2333
Epoch 209/1000 | train_loss: 0.0493 | miou: 0.6847 | f1_macro: 0.7835 | pixel_accuracy: 0.9429 | val_loss: 0.2235
Epoch 210/1000 | train_loss: 0.0482 | miou: 0.6799 | f1_macro: 0.7772 | pixel_accuracy: 0.9437 | val_loss: 0.2157
Epoch 211/1000 | train_loss: 0.0501 | miou: 0.6679 | f1_macro: 0.7658 | pixel_accuracy: 0.9370 | val_loss: 0.2507
Epoch 212/1000 | train_loss: 0.0473 | miou: 0.6653 | f1_macro: 0.7635 | pixel_accuracy: 0.9352 | val_loss: 0.2541
Epoch 213/1000 | train_loss: 0.0470 | miou: 0.6735 | f1_macro: 0.7716 | pixel_accuracy: 0.9396 | val_loss: 0.2357
Epoch 214/1000 | train_loss: 0.0486 | miou: 0.6765 | f1_macro: 0.7743 | pixel_accuracy: 0.9427 | val_loss: 0.2275
Epoch 215/1000 | train_loss: 0.0481 | miou: 0.6782 | f1_macro: 0.7759 | pixel_accuracy: 0.9429 | val_loss: 0.2274
Epoch 216/1000 | train_loss: 0.0458 | miou: 0.6797 | f1_macro: 0.7778 | pixel_accuracy: 0.9430 | val_loss: 0.2225
Epoch 217/1000 | train_loss: 0.0474 | miou: 0.6803 | f1_macro: 0.7794 | pixel_accuracy: 0.9423 | val_loss: 0.2193
Epoch 218/1000 | train_loss: 0.0455 | miou: 0.6765 | f1_macro: 0.7759 | pixel_accuracy: 0.9411 | val_loss: 0.2278
Epoch 219/1000 | train_loss: 0.0484 | miou: 0.6675 | f1_macro: 0.7665 | pixel_accuracy: 0.9368 | val_loss: 0.2481
Epoch 220/1000 | train_loss: 0.0484 | miou: 0.6712 | f1_macro: 0.7687 | pixel_accuracy: 0.9414 | val_loss: 0.2365
Epoch 221/1000 | train_loss: 0.0467 | miou: 0.6792 | f1_macro: 0.7756 | pixel_accuracy: 0.9449 | val_loss: 0.2223
Epoch 222/1000 | train_loss: 0.0449 | miou: 0.6832 | f1_macro: 0.7809 | pixel_accuracy: 0.9440 | val_loss: 0.2194
Epoch 223/1000 | train_loss: 0.0478 | miou: 0.6801 | f1_macro: 0.7782 | pixel_accuracy: 0.9433 | val_loss: 0.2242
Epoch 224/1000 | train_loss: 0.0471 | miou: 0.6773 | f1_macro: 0.7757 | pixel_accuracy: 0.9435 | val_loss: 0.2296
Epoch 225/1000 | train_loss: 0.0475 | miou: 0.6730 | f1_macro: 0.7715 | pixel_accuracy: 0.9414 | val_loss: 0.2380
Epoch 226/1000 | train_loss: 0.0456 | miou: 0.6701 | f1_macro: 0.7677 | pixel_accuracy: 0.9409 | val_loss: 0.2365
Epoch 227/1000 | train_loss: 0.0463 | miou: 0.6827 | f1_macro: 0.7808 | pixel_accuracy: 0.9442 | val_loss: 0.2250
Epoch 228/1000 | train_loss: 0.0461 | miou: 0.6830 | f1_macro: 0.7816 | pixel_accuracy: 0.9428 | val_loss: 0.2250
Epoch 229/1000 | train_loss: 0.0467 | miou: 0.6846 | f1_macro: 0.7819 | pixel_accuracy: 0.9443 | val_loss: 0.2234
Epoch 230/1000 | train_loss: 0.0454 | miou: 0.6795 | f1_macro: 0.7761 | pixel_accuracy: 0.9434 | val_loss: 0.2307
Epoch 231/1000 | train_loss: 0.0468 | miou: 0.6776 | f1_macro: 0.7736 | pixel_accuracy: 0.9442 | val_loss: 0.2292
Epoch 232/1000 | train_loss: 0.0467 | miou: 0.6752 | f1_macro: 0.7705 | pixel_accuracy: 0.9456 | val_loss: 0.2209
Epoch 233/1000 | train_loss: 0.0477 | miou: 0.6777 | f1_macro: 0.7750 | pixel_accuracy: 0.9441 | val_loss: 0.2257
Epoch 234/1000 | train_loss: 0.0473 | miou: 0.6775 | f1_macro: 0.7771 | pixel_accuracy: 0.9404 | val_loss: 0.2378
Epoch 235/1000 | train_loss: 0.0457 | miou: 0.6752 | f1_macro: 0.7753 | pixel_accuracy: 0.9403 | val_loss: 0.2394
Epoch 236/1000 | train_loss: 0.0455 | miou: 0.6720 | f1_macro: 0.7722 | pixel_accuracy: 0.9363 | val_loss: 0.2496
Epoch 237/1000 | train_loss: 0.0506 | miou: 0.6797 | f1_macro: 0.7787 | pixel_accuracy: 0.9414 | val_loss: 0.2324
Epoch 238/1000 | train_loss: 0.0434 | miou: 0.6728 | f1_macro: 0.7699 | pixel_accuracy: 0.9402 | val_loss: 0.2347
Epoch 239/1000 | train_loss: 0.0432 | miou: 0.6657 | f1_macro: 0.7614 | pixel_accuracy: 0.9395 | val_loss: 0.2376
Epoch 240/1000 | train_loss: 0.0466 | miou: 0.6616 | f1_macro: 0.7567 | pixel_accuracy: 0.9383 | val_loss: 0.2383
Epoch 241/1000 | train_loss: 0.0471 | miou: 0.6849 | f1_macro: 0.7828 | pixel_accuracy: 0.9439 | val_loss: 0.2202
Epoch 242/1000 | train_loss: 0.0429 | miou: 0.6741 | f1_macro: 0.7738 | pixel_accuracy: 0.9399 | val_loss: 0.2428
Epoch 243/1000 | train_loss: 0.0482 | miou: 0.6719 | f1_macro: 0.7715 | pixel_accuracy: 0.9385 | val_loss: 0.2508
Epoch 244/1000 | train_loss: 0.0459 | miou: 0.6838 | f1_macro: 0.7837 | pixel_accuracy: 0.9424 | val_loss: 0.2267
Epoch 245/1000 | train_loss: 0.0453 | miou: 0.6795 | f1_macro: 0.7801 | pixel_accuracy: 0.9392 | val_loss: 0.2387
Epoch 246/1000 | train_loss: 0.0447 | miou: 0.6777 | f1_macro: 0.7761 | pixel_accuracy: 0.9396 | val_loss: 0.2429
Epoch 247/1000 | train_loss: 0.0426 | miou: 0.6765 | f1_macro: 0.7745 | pixel_accuracy: 0.9408 | val_loss: 0.2391
Epoch 248/1000 | train_loss: 0.0438 | miou: 0.6751 | f1_macro: 0.7732 | pixel_accuracy: 0.9400 | val_loss: 0.2383
Epoch 249/1000 | train_loss: 0.0433 | miou: 0.6698 | f1_macro: 0.7704 | pixel_accuracy: 0.9342 | val_loss: 0.2463
Epoch 250/1000 | train_loss: 0.0435 | miou: 0.6717 | f1_macro: 0.7737 | pixel_accuracy: 0.9348 | val_loss: 0.2384
Epoch 251/1000 | train_loss: 0.0441 | miou: 0.6837 | f1_macro: 0.7846 | pixel_accuracy: 0.9392 | val_loss: 0.2271
Epoch 252/1000 | train_loss: 0.0460 | miou: 0.6882 | f1_macro: 0.7877 | pixel_accuracy: 0.9430 | val_loss: 0.2198
Epoch 253/1000 | train_loss: 0.0423 | miou: 0.6898 | f1_macro: 0.7869 | pixel_accuracy: 0.9471 | val_loss: 0.2085
Epoch 254/1000 | train_loss: 0.0441 | miou: 0.6864 | f1_macro: 0.7841 | pixel_accuracy: 0.9457 | val_loss: 0.2115
Epoch 255/1000 | train_loss: 0.0478 | miou: 0.6829 | f1_macro: 0.7816 | pixel_accuracy: 0.9417 | val_loss: 0.2242
Epoch 256/1000 | train_loss: 0.0435 | miou: 0.6773 | f1_macro: 0.7759 | pixel_accuracy: 0.9389 | val_loss: 0.2314
Epoch 257/1000 | train_loss: 0.0448 | miou: 0.6875 | f1_macro: 0.7841 | pixel_accuracy: 0.9469 | val_loss: 0.2134
Epoch 258/1000 | train_loss: 0.0437 | miou: 0.6779 | f1_macro: 0.7739 | pixel_accuracy: 0.9469 | val_loss: 0.2250
Epoch 259/1000 | train_loss: 0.0431 | miou: 0.6762 | f1_macro: 0.7723 | pixel_accuracy: 0.9466 | val_loss: 0.2260
Epoch 260/1000 | train_loss: 0.0441 | miou: 0.6776 | f1_macro: 0.7734 | pixel_accuracy: 0.9472 | val_loss: 0.2197
Epoch 261/1000 | train_loss: 0.0484 | miou: 0.6791 | f1_macro: 0.7764 | pixel_accuracy: 0.9455 | val_loss: 0.2183
Epoch 262/1000 | train_loss: 0.0430 | miou: 0.6804 | f1_macro: 0.7792 | pixel_accuracy: 0.9420 | val_loss: 0.2282
Epoch 263/1000 | train_loss: 0.0413 | miou: 0.6803 | f1_macro: 0.7794 | pixel_accuracy: 0.9410 | val_loss: 0.2307
Epoch 264/1000 | train_loss: 0.0405 | miou: 0.6841 | f1_macro: 0.7822 | pixel_accuracy: 0.9430 | val_loss: 0.2201
Epoch 265/1000 | train_loss: 0.0425 | miou: 0.6885 | f1_macro: 0.7870 | pixel_accuracy: 0.9436 | val_loss: 0.2101
Epoch 266/1000 | train_loss: 0.0418 | miou: 0.6876 | f1_macro: 0.7860 | pixel_accuracy: 0.9444 | val_loss: 0.2114
Epoch 267/1000 | train_loss: 0.0395 | miou: 0.6869 | f1_macro: 0.7846 | pixel_accuracy: 0.9439 | val_loss: 0.2194
Epoch 268/1000 | train_loss: 0.0419 | miou: 0.6814 | f1_macro: 0.7794 | pixel_accuracy: 0.9421 | val_loss: 0.2306
Epoch 269/1000 | train_loss: 0.0426 | miou: 0.6853 | f1_macro: 0.7828 | pixel_accuracy: 0.9434 | val_loss: 0.2254
Epoch 270/1000 | train_loss: 0.0429 | miou: 0.6817 | f1_macro: 0.7785 | pixel_accuracy: 0.9435 | val_loss: 0.2245
Epoch 271/1000 | train_loss: 0.0403 | miou: 0.6799 | f1_macro: 0.7769 | pixel_accuracy: 0.9422 | val_loss: 0.2312
Epoch 272/1000 | train_loss: 0.0404 | miou: 0.6828 | f1_macro: 0.7797 | pixel_accuracy: 0.9440 | val_loss: 0.2218
Epoch 273/1000 | train_loss: 0.0422 | miou: 0.6826 | f1_macro: 0.7790 | pixel_accuracy: 0.9446 | val_loss: 0.2228
Epoch 274/1000 | train_loss: 0.0418 | miou: 0.6921 | f1_macro: 0.7895 | pixel_accuracy: 0.9450 | val_loss: 0.2171
Epoch 275/1000 | train_loss: 0.0397 | miou: 0.6914 | f1_macro: 0.7896 | pixel_accuracy: 0.9442 | val_loss: 0.2174
Epoch 276/1000 | train_loss: 0.0417 | miou: 0.6902 | f1_macro: 0.7881 | pixel_accuracy: 0.9443 | val_loss: 0.2196
Epoch 277/1000 | train_loss: 0.0405 | miou: 0.6887 | f1_macro: 0.7867 | pixel_accuracy: 0.9439 | val_loss: 0.2244
Epoch 278/1000 | train_loss: 0.0404 | miou: 0.6829 | f1_macro: 0.7813 | pixel_accuracy: 0.9421 | val_loss: 0.2325
Epoch 279/1000 | train_loss: 0.0402 | miou: 0.6828 | f1_macro: 0.7803 | pixel_accuracy: 0.9445 | val_loss: 0.2237
Epoch 280/1000 | train_loss: 0.0407 | miou: 0.6804 | f1_macro: 0.7781 | pixel_accuracy: 0.9436 | val_loss: 0.2295
Epoch 281/1000 | train_loss: 0.0428 | miou: 0.6778 | f1_macro: 0.7752 | pixel_accuracy: 0.9438 | val_loss: 0.2259
Epoch 282/1000 | train_loss: 0.0422 | miou: 0.6879 | f1_macro: 0.7854 | pixel_accuracy: 0.9454 | val_loss: 0.2194
Epoch 283/1000 | train_loss: 0.0398 | miou: 0.6887 | f1_macro: 0.7867 | pixel_accuracy: 0.9447 | val_loss: 0.2252
Epoch 284/1000 | train_loss: 0.0409 | miou: 0.6901 | f1_macro: 0.7881 | pixel_accuracy: 0.9461 | val_loss: 0.2202
Epoch 285/1000 | train_loss: 0.0404 | miou: 0.6911 | f1_macro: 0.7894 | pixel_accuracy: 0.9443 | val_loss: 0.2207
Epoch 286/1000 | train_loss: 0.0395 | miou: 0.6857 | f1_macro: 0.7846 | pixel_accuracy: 0.9438 | val_loss: 0.2237
Epoch 287/1000 | train_loss: 0.0381 | miou: 0.6833 | f1_macro: 0.7815 | pixel_accuracy: 0.9439 | val_loss: 0.2244
Epoch 288/1000 | train_loss: 0.0402 | miou: 0.6838 | f1_macro: 0.7822 | pixel_accuracy: 0.9437 | val_loss: 0.2242
Epoch 289/1000 | train_loss: 0.0397 | miou: 0.6836 | f1_macro: 0.7816 | pixel_accuracy: 0.9440 | val_loss: 0.2171
Epoch 290/1000 | train_loss: 0.0395 | miou: 0.6868 | f1_macro: 0.7849 | pixel_accuracy: 0.9442 | val_loss: 0.2171
Epoch 291/1000 | train_loss: 0.0380 | miou: 0.6854 | f1_macro: 0.7831 | pixel_accuracy: 0.9442 | val_loss: 0.2240
Epoch 292/1000 | train_loss: 0.0371 | miou: 0.6865 | f1_macro: 0.7838 | pixel_accuracy: 0.9445 | val_loss: 0.2177
Epoch 293/1000 | train_loss: 0.0377 | miou: 0.6848 | f1_macro: 0.7822 | pixel_accuracy: 0.9443 | val_loss: 0.2186
Epoch 294/1000 | train_loss: 0.0401 | miou: 0.6858 | f1_macro: 0.7832 | pixel_accuracy: 0.9443 | val_loss: 0.2176
Epoch 295/1000 | train_loss: 0.0391 | miou: 0.6822 | f1_macro: 0.7800 | pixel_accuracy: 0.9433 | val_loss: 0.2269
Epoch 296/1000 | train_loss: 0.0374 | miou: 0.6842 | f1_macro: 0.7825 | pixel_accuracy: 0.9436 | val_loss: 0.2251
Epoch 297/1000 | train_loss: 0.0364 | miou: 0.6845 | f1_macro: 0.7825 | pixel_accuracy: 0.9441 | val_loss: 0.2225
Epoch 298/1000 | train_loss: 0.0393 | miou: 0.6820 | f1_macro: 0.7802 | pixel_accuracy: 0.9433 | val_loss: 0.2253
Epoch 299/1000 | train_loss: 0.0380 | miou: 0.6813 | f1_macro: 0.7800 | pixel_accuracy: 0.9414 | val_loss: 0.2294
Epoch 300/1000 | train_loss: 0.0397 | miou: 0.6831 | f1_macro: 0.7826 | pixel_accuracy: 0.9407 | val_loss: 0.2324
Epoch 301/1000 | train_loss: 0.0388 | miou: 0.6806 | f1_macro: 0.7800 | pixel_accuracy: 0.9395 | val_loss: 0.2397
Epoch 302/1000 | train_loss: 0.0403 | miou: 0.6910 | f1_macro: 0.7887 | pixel_accuracy: 0.9451 | val_loss: 0.2176
Epoch 303/1000 | train_loss: 0.0387 | miou: 0.6920 | f1_macro: 0.7898 | pixel_accuracy: 0.9461 | val_loss: 0.2154
Epoch 304/1000 | train_loss: 0.0389 | miou: 0.6869 | f1_macro: 0.7849 | pixel_accuracy: 0.9444 | val_loss: 0.2225
Epoch 305/1000 | train_loss: 0.0375 | miou: 0.6929 | f1_macro: 0.7908 | pixel_accuracy: 0.9460 | val_loss: 0.2162
Epoch 306/1000 | train_loss: 0.0370 | miou: 0.6903 | f1_macro: 0.7883 | pixel_accuracy: 0.9452 | val_loss: 0.2214
Epoch 307/1000 | train_loss: 0.0375 | miou: 0.6866 | f1_macro: 0.7845 | pixel_accuracy: 0.9444 | val_loss: 0.2255
Epoch 308/1000 | train_loss: 0.0391 | miou: 0.6860 | f1_macro: 0.7840 | pixel_accuracy: 0.9441 | val_loss: 0.2277
Epoch 309/1000 | train_loss: 0.0376 | miou: 0.6886 | f1_macro: 0.7863 | pixel_accuracy: 0.9446 | val_loss: 0.2209
Epoch 310/1000 | train_loss: 0.0373 | miou: 0.6893 | f1_macro: 0.7869 | pixel_accuracy: 0.9446 | val_loss: 0.2195
Epoch 311/1000 | train_loss: 0.0362 | miou: 0.6882 | f1_macro: 0.7862 | pixel_accuracy: 0.9444 | val_loss: 0.2228
Epoch 312/1000 | train_loss: 0.0374 | miou: 0.6853 | f1_macro: 0.7837 | pixel_accuracy: 0.9438 | val_loss: 0.2241
Epoch 313/1000 | train_loss: 0.0378 | miou: 0.6901 | f1_macro: 0.7884 | pixel_accuracy: 0.9444 | val_loss: 0.2184
Epoch 314/1000 | train_loss: 0.0378 | miou: 0.6890 | f1_macro: 0.7871 | pixel_accuracy: 0.9448 | val_loss: 0.2197
Epoch 315/1000 | train_loss: 0.0376 | miou: 0.6863 | f1_macro: 0.7841 | pixel_accuracy: 0.9447 | val_loss: 0.2232
Epoch 316/1000 | train_loss: 0.0360 | miou: 0.6863 | f1_macro: 0.7839 | pixel_accuracy: 0.9443 | val_loss: 0.2197
Epoch 317/1000 | train_loss: 0.0365 | miou: 0.6848 | f1_macro: 0.7823 | pixel_accuracy: 0.9446 | val_loss: 0.2196
Epoch 318/1000 | train_loss: 0.0374 | miou: 0.6877 | f1_macro: 0.7852 | pixel_accuracy: 0.9451 | val_loss: 0.2166
Epoch 319/1000 | train_loss: 0.0377 | miou: 0.6857 | f1_macro: 0.7836 | pixel_accuracy: 0.9432 | val_loss: 0.2249
Epoch 320/1000 | train_loss: 0.0376 | miou: 0.6867 | f1_macro: 0.7851 | pixel_accuracy: 0.9438 | val_loss: 0.2228
Epoch 321/1000 | train_loss: 0.0371 | miou: 0.6919 | f1_macro: 0.7895 | pixel_accuracy: 0.9467 | val_loss: 0.2126
Epoch 322/1000 | train_loss: 0.0359 | miou: 0.6897 | f1_macro: 0.7868 | pixel_accuracy: 0.9470 | val_loss: 0.2180
Epoch 323/1000 | train_loss: 0.0372 | miou: 0.6889 | f1_macro: 0.7862 | pixel_accuracy: 0.9458 | val_loss: 0.2236
Epoch 324/1000 | train_loss: 0.0347 | miou: 0.6906 | f1_macro: 0.7879 | pixel_accuracy: 0.9454 | val_loss: 0.2232
Epoch 325/1000 | train_loss: 0.0350 | miou: 0.6907 | f1_macro: 0.7883 | pixel_accuracy: 0.9447 | val_loss: 0.2225
Epoch 326/1000 | train_loss: 0.0364 | miou: 0.6835 | f1_macro: 0.7818 | pixel_accuracy: 0.9412 | val_loss: 0.2378
Epoch 327/1000 | train_loss: 0.0368 | miou: 0.6817 | f1_macro: 0.7797 | pixel_accuracy: 0.9405 | val_loss: 0.2400
Epoch 328/1000 | train_loss: 0.0367 | miou: 0.6825 | f1_macro: 0.7803 | pixel_accuracy: 0.9427 | val_loss: 0.2309
Epoch 329/1000 | train_loss: 0.0362 | miou: 0.6816 | f1_macro: 0.7799 | pixel_accuracy: 0.9418 | val_loss: 0.2344
Epoch 330/1000 | train_loss: 0.0363 | miou: 0.6850 | f1_macro: 0.7831 | pixel_accuracy: 0.9443 | val_loss: 0.2269
Epoch 331/1000 | train_loss: 0.0367 | miou: 0.6826 | f1_macro: 0.7791 | pixel_accuracy: 0.9457 | val_loss: 0.2230
Epoch 332/1000 | train_loss: 0.0354 | miou: 0.6858 | f1_macro: 0.7831 | pixel_accuracy: 0.9446 | val_loss: 0.2283
Epoch 333/1000 | train_loss: 0.0343 | miou: 0.6847 | f1_macro: 0.7829 | pixel_accuracy: 0.9447 | val_loss: 0.2306
Epoch 334/1000 | train_loss: 0.0370 | miou: 0.6871 | f1_macro: 0.7853 | pixel_accuracy: 0.9446 | val_loss: 0.2224
Epoch 335/1000 | train_loss: 0.0367 | miou: 0.6904 | f1_macro: 0.7884 | pixel_accuracy: 0.9458 | val_loss: 0.2157
Epoch 336/1000 | train_loss: 0.0363 | miou: 0.6940 | f1_macro: 0.7916 | pixel_accuracy: 0.9459 | val_loss: 0.2145
Epoch 337/1000 | train_loss: 0.0353 | miou: 0.6918 | f1_macro: 0.7890 | pixel_accuracy: 0.9460 | val_loss: 0.2171
Epoch 338/1000 | train_loss: 0.0361 | miou: 0.6909 | f1_macro: 0.7880 | pixel_accuracy: 0.9462 | val_loss: 0.2211
Epoch 339/1000 | train_loss: 0.0350 | miou: 0.6836 | f1_macro: 0.7815 | pixel_accuracy: 0.9434 | val_loss: 0.2320
Epoch 340/1000 | train_loss: 0.0339 | miou: 0.6849 | f1_macro: 0.7825 | pixel_accuracy: 0.9437 | val_loss: 0.2297
Epoch 341/1000 | train_loss: 0.0357 | miou: 0.6848 | f1_macro: 0.7831 | pixel_accuracy: 0.9435 | val_loss: 0.2279
Epoch 342/1000 | train_loss: 0.0363 | miou: 0.6900 | f1_macro: 0.7882 | pixel_accuracy: 0.9456 | val_loss: 0.2179
Epoch 343/1000 | train_loss: 0.0361 | miou: 0.6851 | f1_macro: 0.7830 | pixel_accuracy: 0.9446 | val_loss: 0.2261
Epoch 344/1000 | train_loss: 0.0363 | miou: 0.6874 | f1_macro: 0.7853 | pixel_accuracy: 0.9455 | val_loss: 0.2246
Epoch 345/1000 | train_loss: 0.0338 | miou: 0.6892 | f1_macro: 0.7868 | pixel_accuracy: 0.9456 | val_loss: 0.2241
Epoch 346/1000 | train_loss: 0.0362 | miou: 0.6947 | f1_macro: 0.7928 | pixel_accuracy: 0.9455 | val_loss: 0.2150
Epoch 347/1000 | train_loss: 0.0354 | miou: 0.6983 | f1_macro: 0.7954 | pixel_accuracy: 0.9473 | val_loss: 0.2071
Epoch 348/1000 | train_loss: 0.0356 | miou: 0.6937 | f1_macro: 0.7908 | pixel_accuracy: 0.9456 | val_loss: 0.2158
Epoch 349/1000 | train_loss: 0.0347 | miou: 0.6876 | f1_macro: 0.7852 | pixel_accuracy: 0.9449 | val_loss: 0.2242
Epoch 350/1000 | train_loss: 0.0359 | miou: 0.6861 | f1_macro: 0.7832 | pixel_accuracy: 0.9433 | val_loss: 0.2306
Epoch 351/1000 | train_loss: 0.0359 | miou: 0.6829 | f1_macro: 0.7810 | pixel_accuracy: 0.9413 | val_loss: 0.2425
Epoch 352/1000 | train_loss: 0.0352 | miou: 0.6848 | f1_macro: 0.7827 | pixel_accuracy: 0.9445 | val_loss: 0.2284
Epoch 353/1000 | train_loss: 0.0359 | miou: 0.6862 | f1_macro: 0.7839 | pixel_accuracy: 0.9454 | val_loss: 0.2236
Epoch 354/1000 | train_loss: 0.0354 | miou: 0.6888 | f1_macro: 0.7863 | pixel_accuracy: 0.9453 | val_loss: 0.2268
Epoch 355/1000 | train_loss: 0.0335 | miou: 0.6886 | f1_macro: 0.7860 | pixel_accuracy: 0.9448 | val_loss: 0.2225
Epoch 356/1000 | train_loss: 0.0350 | miou: 0.6877 | f1_macro: 0.7859 | pixel_accuracy: 0.9445 | val_loss: 0.2236
Epoch 357/1000 | train_loss: 0.0355 | miou: 0.6886 | f1_macro: 0.7873 | pixel_accuracy: 0.9423 | val_loss: 0.2254
Epoch 358/1000 | train_loss: 0.0354 | miou: 0.6892 | f1_macro: 0.7877 | pixel_accuracy: 0.9424 | val_loss: 0.2320
Epoch 359/1000 | train_loss: 0.0351 | miou: 0.6870 | f1_macro: 0.7843 | pixel_accuracy: 0.9438 | val_loss: 0.2227
Epoch 360/1000 | train_loss: 0.0354 | miou: 0.6763 | f1_macro: 0.7723 | pixel_accuracy: 0.9440 | val_loss: 0.2332
Epoch 361/1000 | train_loss: 0.0349 | miou: 0.6745 | f1_macro: 0.7695 | pixel_accuracy: 0.9441 | val_loss: 0.2339
Epoch 362/1000 | train_loss: 0.0347 | miou: 0.6796 | f1_macro: 0.7754 | pixel_accuracy: 0.9441 | val_loss: 0.2347
Epoch 363/1000 | train_loss: 0.0353 | miou: 0.6855 | f1_macro: 0.7836 | pixel_accuracy: 0.9439 | val_loss: 0.2307
Epoch 364/1000 | train_loss: 0.0348 | miou: 0.6904 | f1_macro: 0.7879 | pixel_accuracy: 0.9445 | val_loss: 0.2261
Epoch 365/1000 | train_loss: 0.0348 | miou: 0.6896 | f1_macro: 0.7875 | pixel_accuracy: 0.9439 | val_loss: 0.2279
Epoch 366/1000 | train_loss: 0.0340 | miou: 0.6929 | f1_macro: 0.7898 | pixel_accuracy: 0.9470 | val_loss: 0.2147
Epoch 367/1000 | train_loss: 0.0347 | miou: 0.6901 | f1_macro: 0.7871 | pixel_accuracy: 0.9459 | val_loss: 0.2196
Epoch 368/1000 | train_loss: 0.0326 | miou: 0.6896 | f1_macro: 0.7865 | pixel_accuracy: 0.9458 | val_loss: 0.2226
Epoch 369/1000 | train_loss: 0.0347 | miou: 0.6871 | f1_macro: 0.7842 | pixel_accuracy: 0.9443 | val_loss: 0.2294
Epoch 370/1000 | train_loss: 0.0361 | miou: 0.6870 | f1_macro: 0.7842 | pixel_accuracy: 0.9442 | val_loss: 0.2342
Epoch 371/1000 | train_loss: 0.0351 | miou: 0.6882 | f1_macro: 0.7865 | pixel_accuracy: 0.9431 | val_loss: 0.2342
Epoch 372/1000 | train_loss: 0.0352 | miou: 0.6925 | f1_macro: 0.7900 | pixel_accuracy: 0.9452 | val_loss: 0.2241
Epoch 373/1000 | train_loss: 0.0341 | miou: 0.6862 | f1_macro: 0.7836 | pixel_accuracy: 0.9438 | val_loss: 0.2314
Epoch 374/1000 | train_loss: 0.0337 | miou: 0.6844 | f1_macro: 0.7808 | pixel_accuracy: 0.9446 | val_loss: 0.2289
Epoch 375/1000 | train_loss: 0.0341 | miou: 0.6906 | f1_macro: 0.7875 | pixel_accuracy: 0.9447 | val_loss: 0.2251
Epoch 376/1000 | train_loss: 0.0339 | miou: 0.6886 | f1_macro: 0.7861 | pixel_accuracy: 0.9443 | val_loss: 0.2298
Epoch 377/1000 | train_loss: 0.0339 | miou: 0.6867 | f1_macro: 0.7847 | pixel_accuracy: 0.9436 | val_loss: 0.2333
Epoch 378/1000 | train_loss: 0.0342 | miou: 0.6883 | f1_macro: 0.7861 | pixel_accuracy: 0.9443 | val_loss: 0.2295
Epoch 379/1000 | train_loss: 0.0318 | miou: 0.6907 | f1_macro: 0.7881 | pixel_accuracy: 0.9451 | val_loss: 0.2238
Epoch 380/1000 | train_loss: 0.0313 | miou: 0.6923 | f1_macro: 0.7891 | pixel_accuracy: 0.9459 | val_loss: 0.2215
Epoch 381/1000 | train_loss: 0.0325 | miou: 0.6905 | f1_macro: 0.7876 | pixel_accuracy: 0.9448 | val_loss: 0.2258
Epoch 382/1000 | train_loss: 0.0313 | miou: 0.6899 | f1_macro: 0.7865 | pixel_accuracy: 0.9463 | val_loss: 0.2204
Epoch 383/1000 | train_loss: 0.0327 | miou: 0.6880 | f1_macro: 0.7847 | pixel_accuracy: 0.9454 | val_loss: 0.2223
Epoch 384/1000 | train_loss: 0.0330 | miou: 0.6907 | f1_macro: 0.7871 | pixel_accuracy: 0.9461 | val_loss: 0.2193
Epoch 385/1000 | train_loss: 0.0326 | miou: 0.6889 | f1_macro: 0.7865 | pixel_accuracy: 0.9431 | val_loss: 0.2318
Epoch 386/1000 | train_loss: 0.0332 | miou: 0.6879 | f1_macro: 0.7862 | pixel_accuracy: 0.9440 | val_loss: 0.2272
Epoch 387/1000 | train_loss: 0.0324 | miou: 0.6891 | f1_macro: 0.7869 | pixel_accuracy: 0.9443 | val_loss: 0.2261
Epoch 388/1000 | train_loss: 0.0319 | miou: 0.6870 | f1_macro: 0.7843 | pixel_accuracy: 0.9439 | val_loss: 0.2367
Epoch 389/1000 | train_loss: 0.0316 | miou: 0.6863 | f1_macro: 0.7841 | pixel_accuracy: 0.9436 | val_loss: 0.2373
Epoch 390/1000 | train_loss: 0.0329 | miou: 0.6891 | f1_macro: 0.7869 | pixel_accuracy: 0.9445 | val_loss: 0.2312
Epoch 391/1000 | train_loss: 0.0328 | miou: 0.6893 | f1_macro: 0.7873 | pixel_accuracy: 0.9446 | val_loss: 0.2309
Epoch 392/1000 | train_loss: 0.0327 | miou: 0.6893 | f1_macro: 0.7875 | pixel_accuracy: 0.9440 | val_loss: 0.2355
Epoch 393/1000 | train_loss: 0.0331 | miou: 0.6900 | f1_macro: 0.7878 | pixel_accuracy: 0.9442 | val_loss: 0.2350
Epoch 394/1000 | train_loss: 0.0331 | miou: 0.6892 | f1_macro: 0.7866 | pixel_accuracy: 0.9444 | val_loss: 0.2344
Epoch 395/1000 | train_loss: 0.0308 | miou: 0.6929 | f1_macro: 0.7894 | pixel_accuracy: 0.9460 | val_loss: 0.2244
Epoch 396/1000 | train_loss: 0.0331 | miou: 0.6930 | f1_macro: 0.7897 | pixel_accuracy: 0.9461 | val_loss: 0.2240
Epoch 397/1000 | train_loss: 0.0319 | miou: 0.6904 | f1_macro: 0.7880 | pixel_accuracy: 0.9427 | val_loss: 0.2355
Epoch 398/1000 | train_loss: 0.0325 | miou: 0.6841 | f1_macro: 0.7835 | pixel_accuracy: 0.9413 | val_loss: 0.2435
Epoch 399/1000 | train_loss: 0.0326 | miou: 0.6823 | f1_macro: 0.7808 | pixel_accuracy: 0.9410 | val_loss: 0.2462
Epoch 400/1000 | train_loss: 0.0331 | miou: 0.6847 | f1_macro: 0.7821 | pixel_accuracy: 0.9426 | val_loss: 0.2392
Epoch 401/1000 | train_loss: 0.0317 | miou: 0.6884 | f1_macro: 0.7853 | pixel_accuracy: 0.9459 | val_loss: 0.2274
Epoch 402/1000 | train_loss: 0.0320 | miou: 0.6923 | f1_macro: 0.7878 | pixel_accuracy: 0.9484 | val_loss: 0.2178
Epoch 403/1000 | train_loss: 0.0328 | miou: 0.6936 | f1_macro: 0.7897 | pixel_accuracy: 0.9466 | val_loss: 0.2248
Epoch 404/1000 | train_loss: 0.0312 | miou: 0.6941 | f1_macro: 0.7912 | pixel_accuracy: 0.9455 | val_loss: 0.2256
Epoch 405/1000 | train_loss: 0.0331 | miou: 0.6919 | f1_macro: 0.7886 | pixel_accuracy: 0.9456 | val_loss: 0.2226
Epoch 406/1000 | train_loss: 0.0331 | miou: 0.6941 | f1_macro: 0.7915 | pixel_accuracy: 0.9462 | val_loss: 0.2213
Epoch 407/1000 | train_loss: 0.0329 | miou: 0.6920 | f1_macro: 0.7897 | pixel_accuracy: 0.9435 | val_loss: 0.2301
Epoch 408/1000 | train_loss: 0.0333 | miou: 0.6910 | f1_macro: 0.7890 | pixel_accuracy: 0.9439 | val_loss: 0.2310
Epoch 409/1000 | train_loss: 0.0325 | miou: 0.6925 | f1_macro: 0.7898 | pixel_accuracy: 0.9445 | val_loss: 0.2259
Epoch 410/1000 | train_loss: 0.0326 | miou: 0.6883 | f1_macro: 0.7848 | pixel_accuracy: 0.9454 | val_loss: 0.2289
Epoch 411/1000 | train_loss: 0.0324 | miou: 0.6848 | f1_macro: 0.7830 | pixel_accuracy: 0.9437 | val_loss: 0.2337
Epoch 412/1000 | train_loss: 0.0328 | miou: 0.6830 | f1_macro: 0.7795 | pixel_accuracy: 0.9446 | val_loss: 0.2375
Epoch 413/1000 | train_loss: 0.0318 | miou: 0.6910 | f1_macro: 0.7873 | pixel_accuracy: 0.9475 | val_loss: 0.2251
Epoch 414/1000 | train_loss: 0.0320 | miou: 0.6931 | f1_macro: 0.7896 | pixel_accuracy: 0.9472 | val_loss: 0.2213
Epoch 415/1000 | train_loss: 0.0322 | miou: 0.6919 | f1_macro: 0.7883 | pixel_accuracy: 0.9470 | val_loss: 0.2175
Epoch 416/1000 | train_loss: 0.0321 | miou: 0.6922 | f1_macro: 0.7893 | pixel_accuracy: 0.9471 | val_loss: 0.2217
Epoch 417/1000 | train_loss: 0.0305 | miou: 0.6913 | f1_macro: 0.7888 | pixel_accuracy: 0.9455 | val_loss: 0.2297
Epoch 418/1000 | train_loss: 0.0322 | miou: 0.6901 | f1_macro: 0.7878 | pixel_accuracy: 0.9451 | val_loss: 0.2339
Epoch 419/1000 | train_loss: 0.0305 | miou: 0.6895 | f1_macro: 0.7870 | pixel_accuracy: 0.9448 | val_loss: 0.2368
Epoch 420/1000 | train_loss: 0.0334 | miou: 0.6905 | f1_macro: 0.7874 | pixel_accuracy: 0.9451 | val_loss: 0.2327
Epoch 421/1000 | train_loss: 0.0323 | miou: 0.6880 | f1_macro: 0.7850 | pixel_accuracy: 0.9447 | val_loss: 0.2316
Epoch 422/1000 | train_loss: 0.0325 | miou: 0.6897 | f1_macro: 0.7878 | pixel_accuracy: 0.9427 | val_loss: 0.2353
Epoch 423/1000 | train_loss: 0.0319 | miou: 0.6892 | f1_macro: 0.7873 | pixel_accuracy: 0.9427 | val_loss: 0.2395
Epoch 424/1000 | train_loss: 0.0297 | miou: 0.6868 | f1_macro: 0.7840 | pixel_accuracy: 0.9427 | val_loss: 0.2424
Epoch 425/1000 | train_loss: 0.0321 | miou: 0.6871 | f1_macro: 0.7851 | pixel_accuracy: 0.9424 | val_loss: 0.2448
Epoch 426/1000 | train_loss: 0.0319 | miou: 0.6902 | f1_macro: 0.7878 | pixel_accuracy: 0.9450 | val_loss: 0.2297
Epoch 427/1000 | train_loss: 0.0324 | miou: 0.6952 | f1_macro: 0.7920 | pixel_accuracy: 0.9481 | val_loss: 0.2124
Epoch 428/1000 | train_loss: 0.0323 | miou: 0.6924 | f1_macro: 0.7899 | pixel_accuracy: 0.9469 | val_loss: 0.2196
Epoch 429/1000 | train_loss: 0.0312 | miou: 0.6868 | f1_macro: 0.7855 | pixel_accuracy: 0.9426 | val_loss: 0.2407
Epoch 430/1000 | train_loss: 0.0318 | miou: 0.6835 | f1_macro: 0.7820 | pixel_accuracy: 0.9413 | val_loss: 0.2505
Epoch 431/1000 | train_loss: 0.0304 | miou: 0.6890 | f1_macro: 0.7866 | pixel_accuracy: 0.9439 | val_loss: 0.2359
Epoch 432/1000 | train_loss: 0.0321 | miou: 0.6907 | f1_macro: 0.7887 | pixel_accuracy: 0.9439 | val_loss: 0.2347
Epoch 433/1000 | train_loss: 0.0319 | miou: 0.6868 | f1_macro: 0.7847 | pixel_accuracy: 0.9420 | val_loss: 0.2434
Epoch 434/1000 | train_loss: 0.0310 | miou: 0.6875 | f1_macro: 0.7856 | pixel_accuracy: 0.9423 | val_loss: 0.2420
Epoch 435/1000 | train_loss: 0.0316 | miou: 0.6871 | f1_macro: 0.7849 | pixel_accuracy: 0.9422 | val_loss: 0.2379
Epoch 436/1000 | train_loss: 0.0313 | miou: 0.6920 | f1_macro: 0.7891 | pixel_accuracy: 0.9449 | val_loss: 0.2253
Epoch 437/1000 | train_loss: 0.0298 | miou: 0.6897 | f1_macro: 0.7867 | pixel_accuracy: 0.9452 | val_loss: 0.2277
Epoch 438/1000 | train_loss: 0.0301 | miou: 0.6876 | f1_macro: 0.7846 | pixel_accuracy: 0.9438 | val_loss: 0.2428
Epoch 439/1000 | train_loss: 0.0307 | miou: 0.6911 | f1_macro: 0.7884 | pixel_accuracy: 0.9450 | val_loss: 0.2363
Epoch 440/1000 | train_loss: 0.0316 | miou: 0.6899 | f1_macro: 0.7874 | pixel_accuracy: 0.9445 | val_loss: 0.2353
Epoch 441/1000 | train_loss: 0.0302 | miou: 0.6884 | f1_macro: 0.7861 | pixel_accuracy: 0.9438 | val_loss: 0.2419
Epoch 442/1000 | train_loss: 0.0300 | miou: 0.6870 | f1_macro: 0.7850 | pixel_accuracy: 0.9427 | val_loss: 0.2430
Epoch 443/1000 | train_loss: 0.0317 | miou: 0.6882 | f1_macro: 0.7866 | pixel_accuracy: 0.9424 | val_loss: 0.2413
Epoch 444/1000 | train_loss: 0.0303 | miou: 0.6856 | f1_macro: 0.7836 | pixel_accuracy: 0.9438 | val_loss: 0.2349
Epoch 445/1000 | train_loss: 0.0314 | miou: 0.6868 | f1_macro: 0.7836 | pixel_accuracy: 0.9447 | val_loss: 0.2310
Epoch 446/1000 | train_loss: 0.0320 | miou: 0.6881 | f1_macro: 0.7869 | pixel_accuracy: 0.9410 | val_loss: 0.2428
Epoch 447/1000 | train_loss: 0.0306 | miou: 0.6881 | f1_macro: 0.7862 | pixel_accuracy: 0.9415 | val_loss: 0.2375
Epoch 448/1000 | train_loss: 0.0314 | miou: 0.6945 | f1_macro: 0.7925 | pixel_accuracy: 0.9440 | val_loss: 0.2277
Epoch 449/1000 | train_loss: 0.0303 | miou: 0.6836 | f1_macro: 0.7826 | pixel_accuracy: 0.9409 | val_loss: 0.2548
Epoch 450/1000 | train_loss: 0.0320 | miou: 0.6853 | f1_macro: 0.7834 | pixel_accuracy: 0.9425 | val_loss: 0.2440
Epoch 451/1000 | train_loss: 0.0326 | miou: 0.6827 | f1_macro: 0.7812 | pixel_accuracy: 0.9405 | val_loss: 0.2541
Epoch 452/1000 | train_loss: 0.0295 | miou: 0.6807 | f1_macro: 0.7788 | pixel_accuracy: 0.9395 | val_loss: 0.2616
Epoch 453/1000 | train_loss: 0.0313 | miou: 0.6869 | f1_macro: 0.7855 | pixel_accuracy: 0.9411 | val_loss: 0.2485
Epoch 454/1000 | train_loss: 0.0313 | miou: 0.6852 | f1_macro: 0.7836 | pixel_accuracy: 0.9418 | val_loss: 0.2462
Epoch 455/1000 | train_loss: 0.0299 | miou: 0.6804 | f1_macro: 0.7793 | pixel_accuracy: 0.9397 | val_loss: 0.2598
Epoch 456/1000 | train_loss: 0.0286 | miou: 0.6793 | f1_macro: 0.7762 | pixel_accuracy: 0.9412 | val_loss: 0.2588
Epoch 457/1000 | train_loss: 0.0302 | miou: 0.6815 | f1_macro: 0.7794 | pixel_accuracy: 0.9421 | val_loss: 0.2507
Epoch 458/1000 | train_loss: 0.0310 | miou: 0.6837 | f1_macro: 0.7812 | pixel_accuracy: 0.9429 | val_loss: 0.2468
Epoch 459/1000 | train_loss: 0.0306 | miou: 0.6883 | f1_macro: 0.7862 | pixel_accuracy: 0.9436 | val_loss: 0.2403
Epoch 460/1000 | train_loss: 0.0294 | miou: 0.6905 | f1_macro: 0.7879 | pixel_accuracy: 0.9451 | val_loss: 0.2351
Epoch 461/1000 | train_loss: 0.0283 | miou: 0.6928 | f1_macro: 0.7904 | pixel_accuracy: 0.9454 | val_loss: 0.2282
Epoch 462/1000 | train_loss: 0.0286 | miou: 0.6890 | f1_macro: 0.7872 | pixel_accuracy: 0.9440 | val_loss: 0.2371
Epoch 463/1000 | train_loss: 0.0291 | miou: 0.6867 | f1_macro: 0.7847 | pixel_accuracy: 0.9416 | val_loss: 0.2456
Epoch 464/1000 | train_loss: 0.0289 | miou: 0.6797 | f1_macro: 0.7782 | pixel_accuracy: 0.9407 | val_loss: 0.2576
Epoch 465/1000 | train_loss: 0.0292 | miou: 0.6875 | f1_macro: 0.7851 | pixel_accuracy: 0.9425 | val_loss: 0.2422
Epoch 466/1000 | train_loss: 0.0297 | miou: 0.6878 | f1_macro: 0.7856 | pixel_accuracy: 0.9432 | val_loss: 0.2393
Epoch 467/1000 | train_loss: 0.0302 | miou: 0.6859 | f1_macro: 0.7840 | pixel_accuracy: 0.9408 | val_loss: 0.2497
Epoch 468/1000 | train_loss: 0.0298 | miou: 0.6858 | f1_macro: 0.7839 | pixel_accuracy: 0.9413 | val_loss: 0.2522
Epoch 469/1000 | train_loss: 0.0297 | miou: 0.6874 | f1_macro: 0.7859 | pixel_accuracy: 0.9409 | val_loss: 0.2501
Epoch 470/1000 | train_loss: 0.0281 | miou: 0.6850 | f1_macro: 0.7835 | pixel_accuracy: 0.9410 | val_loss: 0.2518
Epoch 471/1000 | train_loss: 0.0295 | miou: 0.6884 | f1_macro: 0.7860 | pixel_accuracy: 0.9434 | val_loss: 0.2407
Epoch 472/1000 | train_loss: 0.0289 | miou: 0.6896 | f1_macro: 0.7868 | pixel_accuracy: 0.9438 | val_loss: 0.2387
Epoch 473/1000 | train_loss: 0.0297 | miou: 0.6899 | f1_macro: 0.7872 | pixel_accuracy: 0.9449 | val_loss: 0.2346
Epoch 474/1000 | train_loss: 0.0295 | miou: 0.6945 | f1_macro: 0.7918 | pixel_accuracy: 0.9452 | val_loss: 0.2297
Epoch 475/1000 | train_loss: 0.0278 | miou: 0.6903 | f1_macro: 0.7875 | pixel_accuracy: 0.9443 | val_loss: 0.2334
Epoch 476/1000 | train_loss: 0.0297 | miou: 0.6943 | f1_macro: 0.7916 | pixel_accuracy: 0.9450 | val_loss: 0.2273
Epoch 477/1000 | train_loss: 0.0287 | miou: 0.6902 | f1_macro: 0.7873 | pixel_accuracy: 0.9443 | val_loss: 0.2332
Epoch 478/1000 | train_loss: 0.0280 | miou: 0.6946 | f1_macro: 0.7919 | pixel_accuracy: 0.9458 | val_loss: 0.2255
Epoch 479/1000 | train_loss: 0.0281 | miou: 0.6876 | f1_macro: 0.7844 | pixel_accuracy: 0.9456 | val_loss: 0.2286
Epoch 480/1000 | train_loss: 0.0286 | miou: 0.6844 | f1_macro: 0.7809 | pixel_accuracy: 0.9437 | val_loss: 0.2377
Epoch 481/1000 | train_loss: 0.0300 | miou: 0.6865 | f1_macro: 0.7852 | pixel_accuracy: 0.9417 | val_loss: 0.2502
Epoch 482/1000 | train_loss: 0.0282 | miou: 0.6875 | f1_macro: 0.7860 | pixel_accuracy: 0.9408 | val_loss: 0.2553
Epoch 483/1000 | train_loss: 0.0291 | miou: 0.6833 | f1_macro: 0.7809 | pixel_accuracy: 0.9431 | val_loss: 0.2483
Epoch 484/1000 | train_loss: 0.0298 | miou: 0.6835 | f1_macro: 0.7814 | pixel_accuracy: 0.9415 | val_loss: 0.2523
Epoch 485/1000 | train_loss: 0.0278 | miou: 0.6881 | f1_macro: 0.7864 | pixel_accuracy: 0.9422 | val_loss: 0.2431
Epoch 486/1000 | train_loss: 0.0296 | miou: 0.6944 | f1_macro: 0.7921 | pixel_accuracy: 0.9437 | val_loss: 0.2318
Epoch 487/1000 | train_loss: 0.0293 | miou: 0.6973 | f1_macro: 0.7943 | pixel_accuracy: 0.9455 | val_loss: 0.2284
Epoch 488/1000 | train_loss: 0.0291 | miou: 0.6929 | f1_macro: 0.7894 | pixel_accuracy: 0.9462 | val_loss: 0.2328
Epoch 489/1000 | train_loss: 0.0289 | miou: 0.6928 | f1_macro: 0.7893 | pixel_accuracy: 0.9467 | val_loss: 0.2326
Epoch 490/1000 | train_loss: 0.0292 | miou: 0.6924 | f1_macro: 0.7890 | pixel_accuracy: 0.9469 | val_loss: 0.2307
Epoch 491/1000 | train_loss: 0.0286 | miou: 0.6938 | f1_macro: 0.7907 | pixel_accuracy: 0.9460 | val_loss: 0.2312
Epoch 492/1000 | train_loss: 0.0286 | miou: 0.6921 | f1_macro: 0.7899 | pixel_accuracy: 0.9450 | val_loss: 0.2399
Epoch 493/1000 | train_loss: 0.0285 | miou: 0.6902 | f1_macro: 0.7878 | pixel_accuracy: 0.9438 | val_loss: 0.2466
Epoch 494/1000 | train_loss: 0.0295 | miou: 0.6870 | f1_macro: 0.7849 | pixel_accuracy: 0.9447 | val_loss: 0.2435
Epoch 495/1000 | train_loss: 0.0285 | miou: 0.6912 | f1_macro: 0.7896 | pixel_accuracy: 0.9432 | val_loss: 0.2426
Epoch 496/1000 | train_loss: 0.0294 | miou: 0.6868 | f1_macro: 0.7850 | pixel_accuracy: 0.9427 | val_loss: 0.2508
Epoch 497/1000 | train_loss: 0.0282 | miou: 0.6943 | f1_macro: 0.7922 | pixel_accuracy: 0.9447 | val_loss: 0.2328
Epoch 498/1000 | train_loss: 0.0277 | miou: 0.6937 | f1_macro: 0.7914 | pixel_accuracy: 0.9444 | val_loss: 0.2381
Epoch 499/1000 | train_loss: 0.0284 | miou: 0.6928 | f1_macro: 0.7904 | pixel_accuracy: 0.9448 | val_loss: 0.2375
Epoch 500/1000 | train_loss: 0.0293 | miou: 0.6934 | f1_macro: 0.7902 | pixel_accuracy: 0.9454 | val_loss: 0.2395
Epoch 501/1000 | train_loss: 0.0296 | miou: 0.6919 | f1_macro: 0.7889 | pixel_accuracy: 0.9459 | val_loss: 0.2367
Epoch 502/1000 | train_loss: 0.0293 | miou: 0.6913 | f1_macro: 0.7880 | pixel_accuracy: 0.9465 | val_loss: 0.2295
Epoch 503/1000 | train_loss: 0.0287 | miou: 0.6827 | f1_macro: 0.7794 | pixel_accuracy: 0.9426 | val_loss: 0.2508
Epoch 504/1000 | train_loss: 0.0275 | miou: 0.6848 | f1_macro: 0.7818 | pixel_accuracy: 0.9434 | val_loss: 0.2451
Epoch 505/1000 | train_loss: 0.0299 | miou: 0.6978 | f1_macro: 0.7948 | pixel_accuracy: 0.9479 | val_loss: 0.2226
Epoch 506/1000 | train_loss: 0.0270 | miou: 0.6951 | f1_macro: 0.7910 | pixel_accuracy: 0.9488 | val_loss: 0.2262
Epoch 507/1000 | train_loss: 0.0287 | miou: 0.6934 | f1_macro: 0.7895 | pixel_accuracy: 0.9483 | val_loss: 0.2299
Epoch 508/1000 | train_loss: 0.0290 | miou: 0.6910 | f1_macro: 0.7872 | pixel_accuracy: 0.9474 | val_loss: 0.2341
Epoch 509/1000 | train_loss: 0.0277 | miou: 0.6949 | f1_macro: 0.7918 | pixel_accuracy: 0.9461 | val_loss: 0.2303
Epoch 510/1000 | train_loss: 0.0278 | miou: 0.6931 | f1_macro: 0.7904 | pixel_accuracy: 0.9453 | val_loss: 0.2333
Epoch 511/1000 | train_loss: 0.0279 | miou: 0.6932 | f1_macro: 0.7906 | pixel_accuracy: 0.9447 | val_loss: 0.2378
Epoch 512/1000 | train_loss: 0.0278 | miou: 0.6935 | f1_macro: 0.7903 | pixel_accuracy: 0.9464 | val_loss: 0.2342
Epoch 513/1000 | train_loss: 0.0286 | miou: 0.6906 | f1_macro: 0.7872 | pixel_accuracy: 0.9457 | val_loss: 0.2409
Epoch 514/1000 | train_loss: 0.0286 | miou: 0.6895 | f1_macro: 0.7873 | pixel_accuracy: 0.9452 | val_loss: 0.2379
Epoch 515/1000 | train_loss: 0.0288 | miou: 0.6894 | f1_macro: 0.7866 | pixel_accuracy: 0.9445 | val_loss: 0.2420
Epoch 516/1000 | train_loss: 0.0283 | miou: 0.6861 | f1_macro: 0.7833 | pixel_accuracy: 0.9443 | val_loss: 0.2474
Epoch 517/1000 | train_loss: 0.0284 | miou: 0.6946 | f1_macro: 0.7908 | pixel_accuracy: 0.9464 | val_loss: 0.2306
Epoch 518/1000 | train_loss: 0.0279 | miou: 0.6947 | f1_macro: 0.7919 | pixel_accuracy: 0.9470 | val_loss: 0.2277
Epoch 519/1000 | train_loss: 0.0268 | miou: 0.6954 | f1_macro: 0.7919 | pixel_accuracy: 0.9472 | val_loss: 0.2265
Epoch 520/1000 | train_loss: 0.0275 | miou: 0.6927 | f1_macro: 0.7902 | pixel_accuracy: 0.9463 | val_loss: 0.2330
Epoch 521/1000 | train_loss: 0.0281 | miou: 0.6959 | f1_macro: 0.7938 | pixel_accuracy: 0.9464 | val_loss: 0.2300
Epoch 522/1000 | train_loss: 0.0260 | miou: 0.6924 | f1_macro: 0.7895 | pixel_accuracy: 0.9455 | val_loss: 0.2392
Epoch 523/1000 | train_loss: 0.0263 | miou: 0.6906 | f1_macro: 0.7880 | pixel_accuracy: 0.9442 | val_loss: 0.2476
Epoch 524/1000 | train_loss: 0.0283 | miou: 0.6902 | f1_macro: 0.7872 | pixel_accuracy: 0.9452 | val_loss: 0.2444
Epoch 525/1000 | train_loss: 0.0278 | miou: 0.6909 | f1_macro: 0.7882 | pixel_accuracy: 0.9451 | val_loss: 0.2402
Epoch 526/1000 | train_loss: 0.0275 | miou: 0.6923 | f1_macro: 0.7894 | pixel_accuracy: 0.9454 | val_loss: 0.2391
Epoch 527/1000 | train_loss: 0.0277 | miou: 0.6942 | f1_macro: 0.7911 | pixel_accuracy: 0.9443 | val_loss: 0.2398
Epoch 528/1000 | train_loss: 0.0276 | miou: 0.6881 | f1_macro: 0.7858 | pixel_accuracy: 0.9444 | val_loss: 0.2501
Epoch 529/1000 | train_loss: 0.0276 | miou: 0.6948 | f1_macro: 0.7919 | pixel_accuracy: 0.9461 | val_loss: 0.2378
Epoch 530/1000 | train_loss: 0.0262 | miou: 0.6952 | f1_macro: 0.7927 | pixel_accuracy: 0.9475 | val_loss: 0.2337
Epoch 531/1000 | train_loss: 0.0267 | miou: 0.6972 | f1_macro: 0.7941 | pixel_accuracy: 0.9473 | val_loss: 0.2300
Epoch 532/1000 | train_loss: 0.0289 | miou: 0.6956 | f1_macro: 0.7929 | pixel_accuracy: 0.9461 | val_loss: 0.2298
Epoch 533/1000 | train_loss: 0.0277 | miou: 0.6939 | f1_macro: 0.7908 | pixel_accuracy: 0.9467 | val_loss: 0.2302
Epoch 534/1000 | train_loss: 0.0252 | miou: 0.6910 | f1_macro: 0.7874 | pixel_accuracy: 0.9460 | val_loss: 0.2388
Epoch 535/1000 | train_loss: 0.0289 | miou: 0.6899 | f1_macro: 0.7869 | pixel_accuracy: 0.9455 | val_loss: 0.2445
Epoch 536/1000 | train_loss: 0.0272 | miou: 0.6920 | f1_macro: 0.7897 | pixel_accuracy: 0.9450 | val_loss: 0.2437
Epoch 537/1000 | train_loss: 0.0285 | miou: 0.6908 | f1_macro: 0.7877 | pixel_accuracy: 0.9462 | val_loss: 0.2413
Epoch 538/1000 | train_loss: 0.0280 | miou: 0.6924 | f1_macro: 0.7899 | pixel_accuracy: 0.9457 | val_loss: 0.2379
Epoch 539/1000 | train_loss: 0.0273 | miou: 0.6869 | f1_macro: 0.7849 | pixel_accuracy: 0.9439 | val_loss: 0.2460
Epoch 540/1000 | train_loss: 0.0271 | miou: 0.6963 | f1_macro: 0.7939 | pixel_accuracy: 0.9455 | val_loss: 0.2339
Epoch 541/1000 | train_loss: 0.0265 | miou: 0.6924 | f1_macro: 0.7903 | pixel_accuracy: 0.9449 | val_loss: 0.2395
Epoch 542/1000 | train_loss: 0.0261 | miou: 0.6908 | f1_macro: 0.7889 | pixel_accuracy: 0.9438 | val_loss: 0.2443
Epoch 543/1000 | train_loss: 0.0272 | miou: 0.6842 | f1_macro: 0.7814 | pixel_accuracy: 0.9431 | val_loss: 0.2506
Epoch 544/1000 | train_loss: 0.0280 | miou: 0.6943 | f1_macro: 0.7924 | pixel_accuracy: 0.9447 | val_loss: 0.2482
Epoch 545/1000 | train_loss: 0.0272 | miou: 0.6916 | f1_macro: 0.7900 | pixel_accuracy: 0.9448 | val_loss: 0.2492
Epoch 546/1000 | train_loss: 0.0276 | miou: 0.6912 | f1_macro: 0.7893 | pixel_accuracy: 0.9429 | val_loss: 0.2513
Epoch 547/1000 | train_loss: 0.0258 | miou: 0.6865 | f1_macro: 0.7842 | pixel_accuracy: 0.9423 | val_loss: 0.2541
Epoch 548/1000 | train_loss: 0.0258 | miou: 0.6874 | f1_macro: 0.7846 | pixel_accuracy: 0.9427 | val_loss: 0.2518
Epoch 549/1000 | train_loss: 0.0271 | miou: 0.6875 | f1_macro: 0.7848 | pixel_accuracy: 0.9439 | val_loss: 0.2491
Epoch 550/1000 | train_loss: 0.0256 | miou: 0.6876 | f1_macro: 0.7846 | pixel_accuracy: 0.9440 | val_loss: 0.2519
Epoch 551/1000 | train_loss: 0.0269 | miou: 0.6927 | f1_macro: 0.7895 | pixel_accuracy: 0.9463 | val_loss: 0.2394
Epoch 552/1000 | train_loss: 0.0264 | miou: 0.6922 | f1_macro: 0.7890 | pixel_accuracy: 0.9453 | val_loss: 0.2413
Epoch 553/1000 | train_loss: 0.0271 | miou: 0.6922 | f1_macro: 0.7894 | pixel_accuracy: 0.9449 | val_loss: 0.2410
Epoch 554/1000 | train_loss: 0.0268 | miou: 0.6940 | f1_macro: 0.7909 | pixel_accuracy: 0.9461 | val_loss: 0.2327
Epoch 555/1000 | train_loss: 0.0272 | miou: 0.6932 | f1_macro: 0.7905 | pixel_accuracy: 0.9453 | val_loss: 0.2381
Epoch 556/1000 | train_loss: 0.0270 | miou: 0.6916 | f1_macro: 0.7884 | pixel_accuracy: 0.9452 | val_loss: 0.2446
Epoch 557/1000 | train_loss: 0.0267 | miou: 0.6958 | f1_macro: 0.7929 | pixel_accuracy: 0.9469 | val_loss: 0.2394
Epoch 558/1000 | train_loss: 0.0264 | miou: 0.6968 | f1_macro: 0.7943 | pixel_accuracy: 0.9462 | val_loss: 0.2372
Epoch 559/1000 | train_loss: 0.0268 | miou: 0.6979 | f1_macro: 0.7951 | pixel_accuracy: 0.9469 | val_loss: 0.2353
Epoch 560/1000 | train_loss: 0.0256 | miou: 0.6950 | f1_macro: 0.7918 | pixel_accuracy: 0.9471 | val_loss: 0.2363
Epoch 561/1000 | train_loss: 0.0258 | miou: 0.6904 | f1_macro: 0.7880 | pixel_accuracy: 0.9460 | val_loss: 0.2397
Epoch 562/1000 | train_loss: 0.0258 | miou: 0.6945 | f1_macro: 0.7916 | pixel_accuracy: 0.9460 | val_loss: 0.2341
Epoch 563/1000 | train_loss: 0.0277 | miou: 0.6971 | f1_macro: 0.7941 | pixel_accuracy: 0.9456 | val_loss: 0.2302
Epoch 564/1000 | train_loss: 0.0263 | miou: 0.6979 | f1_macro: 0.7951 | pixel_accuracy: 0.9459 | val_loss: 0.2305
Epoch 565/1000 | train_loss: 0.0260 | miou: 0.6962 | f1_macro: 0.7933 | pixel_accuracy: 0.9457 | val_loss: 0.2311
Epoch 566/1000 | train_loss: 0.0269 | miou: 0.6931 | f1_macro: 0.7904 | pixel_accuracy: 0.9447 | val_loss: 0.2419
Epoch 567/1000 | train_loss: 0.0258 | miou: 0.6947 | f1_macro: 0.7920 | pixel_accuracy: 0.9455 | val_loss: 0.2325
Epoch 568/1000 | train_loss: 0.0267 | miou: 0.6903 | f1_macro: 0.7881 | pixel_accuracy: 0.9444 | val_loss: 0.2469
Epoch 569/1000 | train_loss: 0.0263 | miou: 0.6911 | f1_macro: 0.7888 | pixel_accuracy: 0.9443 | val_loss: 0.2480
Epoch 570/1000 | train_loss: 0.0264 | miou: 0.6932 | f1_macro: 0.7909 | pixel_accuracy: 0.9450 | val_loss: 0.2493
Epoch 571/1000 | train_loss: 0.0247 | miou: 0.6948 | f1_macro: 0.7924 | pixel_accuracy: 0.9447 | val_loss: 0.2459
Epoch 572/1000 | train_loss: 0.0272 | miou: 0.6954 | f1_macro: 0.7931 | pixel_accuracy: 0.9447 | val_loss: 0.2413
Epoch 573/1000 | train_loss: 0.0256 | miou: 0.6923 | f1_macro: 0.7901 | pixel_accuracy: 0.9434 | val_loss: 0.2418
Epoch 574/1000 | train_loss: 0.0259 | miou: 0.6906 | f1_macro: 0.7893 | pixel_accuracy: 0.9429 | val_loss: 0.2475
Epoch 575/1000 | train_loss: 0.0260 | miou: 0.6888 | f1_macro: 0.7861 | pixel_accuracy: 0.9437 | val_loss: 0.2472
Epoch 576/1000 | train_loss: 0.0272 | miou: 0.6821 | f1_macro: 0.7779 | pixel_accuracy: 0.9438 | val_loss: 0.2563
Epoch 577/1000 | train_loss: 0.0247 | miou: 0.6810 | f1_macro: 0.7773 | pixel_accuracy: 0.9437 | val_loss: 0.2572
Epoch 578/1000 | train_loss: 0.0257 | miou: 0.6787 | f1_macro: 0.7749 | pixel_accuracy: 0.9428 | val_loss: 0.2587
Epoch 579/1000 | train_loss: 0.0276 | miou: 0.6875 | f1_macro: 0.7856 | pixel_accuracy: 0.9423 | val_loss: 0.2641
Epoch 580/1000 | train_loss: 0.0272 | miou: 0.6884 | f1_macro: 0.7865 | pixel_accuracy: 0.9420 | val_loss: 0.2609
Epoch 581/1000 | train_loss: 0.0275 | miou: 0.6981 | f1_macro: 0.7955 | pixel_accuracy: 0.9459 | val_loss: 0.2320
Epoch 582/1000 | train_loss: 0.0269 | miou: 0.6926 | f1_macro: 0.7905 | pixel_accuracy: 0.9448 | val_loss: 0.2495
Epoch 583/1000 | train_loss: 0.0246 | miou: 0.6930 | f1_macro: 0.7902 | pixel_accuracy: 0.9460 | val_loss: 0.2463
Epoch 584/1000 | train_loss: 0.0275 | miou: 0.6932 | f1_macro: 0.7908 | pixel_accuracy: 0.9455 | val_loss: 0.2388
Epoch 585/1000 | train_loss: 0.0267 | miou: 0.6917 | f1_macro: 0.7890 | pixel_accuracy: 0.9455 | val_loss: 0.2417
Epoch 586/1000 | train_loss: 0.0258 | miou: 0.6933 | f1_macro: 0.7902 | pixel_accuracy: 0.9463 | val_loss: 0.2390
Epoch 587/1000 | train_loss: 0.0246 | miou: 0.6940 | f1_macro: 0.7904 | pixel_accuracy: 0.9471 | val_loss: 0.2334
Epoch 588/1000 | train_loss: 0.0241 | miou: 0.6957 | f1_macro: 0.7918 | pixel_accuracy: 0.9471 | val_loss: 0.2347
Epoch 589/1000 | train_loss: 0.0262 | miou: 0.6928 | f1_macro: 0.7893 | pixel_accuracy: 0.9468 | val_loss: 0.2444
Epoch 590/1000 | train_loss: 0.0247 | miou: 0.6954 | f1_macro: 0.7924 | pixel_accuracy: 0.9469 | val_loss: 0.2393
Epoch 591/1000 | train_loss: 0.0262 | miou: 0.6944 | f1_macro: 0.7917 | pixel_accuracy: 0.9463 | val_loss: 0.2421
Epoch 592/1000 | train_loss: 0.0264 | miou: 0.6963 | f1_macro: 0.7933 | pixel_accuracy: 0.9466 | val_loss: 0.2356
Epoch 593/1000 | train_loss: 0.0260 | miou: 0.6930 | f1_macro: 0.7905 | pixel_accuracy: 0.9455 | val_loss: 0.2433
Epoch 594/1000 | train_loss: 0.0259 | miou: 0.6934 | f1_macro: 0.7907 | pixel_accuracy: 0.9454 | val_loss: 0.2406
Epoch 595/1000 | train_loss: 0.0248 | miou: 0.6920 | f1_macro: 0.7898 | pixel_accuracy: 0.9450 | val_loss: 0.2418
Epoch 596/1000 | train_loss: 0.0246 | miou: 0.6900 | f1_macro: 0.7880 | pixel_accuracy: 0.9444 | val_loss: 0.2439
Epoch 597/1000 | train_loss: 0.0252 | miou: 0.6872 | f1_macro: 0.7844 | pixel_accuracy: 0.9449 | val_loss: 0.2476
Epoch 598/1000 | train_loss: 0.0263 | miou: 0.6860 | f1_macro: 0.7832 | pixel_accuracy: 0.9445 | val_loss: 0.2488
Epoch 599/1000 | train_loss: 0.0266 | miou: 0.6941 | f1_macro: 0.7905 | pixel_accuracy: 0.9474 | val_loss: 0.2362
Epoch 600/1000 | train_loss: 0.0251 | miou: 0.6964 | f1_macro: 0.7927 | pixel_accuracy: 0.9478 | val_loss: 0.2338
Epoch 601/1000 | train_loss: 0.0255 | miou: 0.6951 | f1_macro: 0.7914 | pixel_accuracy: 0.9476 | val_loss: 0.2391
Epoch 602/1000 | train_loss: 0.0260 | miou: 0.6921 | f1_macro: 0.7892 | pixel_accuracy: 0.9458 | val_loss: 0.2466
Epoch 603/1000 | train_loss: 0.0250 | miou: 0.6935 | f1_macro: 0.7905 | pixel_accuracy: 0.9459 | val_loss: 0.2437
Epoch 604/1000 | train_loss: 0.0257 | miou: 0.6972 | f1_macro: 0.7942 | pixel_accuracy: 0.9472 | val_loss: 0.2353
Epoch 605/1000 | train_loss: 0.0258 | miou: 0.7001 | f1_macro: 0.7966 | pixel_accuracy: 0.9478 | val_loss: 0.2252
Epoch 606/1000 | train_loss: 0.0248 | miou: 0.6990 | f1_macro: 0.7958 | pixel_accuracy: 0.9480 | val_loss: 0.2251
Epoch 607/1000 | train_loss: 0.0247 | miou: 0.6935 | f1_macro: 0.7905 | pixel_accuracy: 0.9455 | val_loss: 0.2444
Epoch 608/1000 | train_loss: 0.0261 | miou: 0.6953 | f1_macro: 0.7912 | pixel_accuracy: 0.9471 | val_loss: 0.2413
Epoch 609/1000 | train_loss: 0.0246 | miou: 0.6955 | f1_macro: 0.7919 | pixel_accuracy: 0.9473 | val_loss: 0.2390
Epoch 610/1000 | train_loss: 0.0242 | miou: 0.6965 | f1_macro: 0.7934 | pixel_accuracy: 0.9475 | val_loss: 0.2378
Epoch 611/1000 | train_loss: 0.0240 | miou: 0.6944 | f1_macro: 0.7914 | pixel_accuracy: 0.9460 | val_loss: 0.2420
Epoch 612/1000 | train_loss: 0.0264 | miou: 0.6914 | f1_macro: 0.7889 | pixel_accuracy: 0.9453 | val_loss: 0.2443
Epoch 613/1000 | train_loss: 0.0239 | miou: 0.6903 | f1_macro: 0.7880 | pixel_accuracy: 0.9449 | val_loss: 0.2452
Epoch 614/1000 | train_loss: 0.0253 | miou: 0.6934 | f1_macro: 0.7903 | pixel_accuracy: 0.9455 | val_loss: 0.2429
Epoch 615/1000 | train_loss: 0.0249 | miou: 0.6943 | f1_macro: 0.7913 | pixel_accuracy: 0.9465 | val_loss: 0.2373
Epoch 616/1000 | train_loss: 0.0251 | miou: 0.6962 | f1_macro: 0.7931 | pixel_accuracy: 0.9471 | val_loss: 0.2359
Epoch 617/1000 | train_loss: 0.0243 | miou: 0.6923 | f1_macro: 0.7897 | pixel_accuracy: 0.9460 | val_loss: 0.2488
Epoch 618/1000 | train_loss: 0.0250 | miou: 0.6976 | f1_macro: 0.7945 | pixel_accuracy: 0.9464 | val_loss: 0.2460
Epoch 619/1000 | train_loss: 0.0251 | miou: 0.6929 | f1_macro: 0.7909 | pixel_accuracy: 0.9451 | val_loss: 0.2533
Epoch 620/1000 | train_loss: 0.0258 | miou: 0.6919 | f1_macro: 0.7892 | pixel_accuracy: 0.9453 | val_loss: 0.2483
Epoch 621/1000 | train_loss: 0.0245 | miou: 0.6915 | f1_macro: 0.7891 | pixel_accuracy: 0.9450 | val_loss: 0.2462
Epoch 622/1000 | train_loss: 0.0258 | miou: 0.6864 | f1_macro: 0.7831 | pixel_accuracy: 0.9451 | val_loss: 0.2497
Epoch 623/1000 | train_loss: 0.0261 | miou: 0.6876 | f1_macro: 0.7846 | pixel_accuracy: 0.9456 | val_loss: 0.2461
Epoch 624/1000 | train_loss: 0.0259 | miou: 0.6821 | f1_macro: 0.7805 | pixel_accuracy: 0.9430 | val_loss: 0.2562
Epoch 625/1000 | train_loss: 0.0254 | miou: 0.6963 | f1_macro: 0.7937 | pixel_accuracy: 0.9455 | val_loss: 0.2369
Epoch 626/1000 | train_loss: 0.0257 | miou: 0.6950 | f1_macro: 0.7926 | pixel_accuracy: 0.9442 | val_loss: 0.2479
Epoch 627/1000 | train_loss: 0.0251 | miou: 0.6973 | f1_macro: 0.7943 | pixel_accuracy: 0.9453 | val_loss: 0.2473
Epoch 628/1000 | train_loss: 0.0246 | miou: 0.6922 | f1_macro: 0.7900 | pixel_accuracy: 0.9451 | val_loss: 0.2561
Epoch 629/1000 | train_loss: 0.0247 | miou: 0.6904 | f1_macro: 0.7882 | pixel_accuracy: 0.9447 | val_loss: 0.2585
Epoch 630/1000 | train_loss: 0.0256 | miou: 0.6923 | f1_macro: 0.7909 | pixel_accuracy: 0.9438 | val_loss: 0.2539
Epoch 631/1000 | train_loss: 0.0256 | miou: 0.7006 | f1_macro: 0.7971 | pixel_accuracy: 0.9464 | val_loss: 0.2332
Epoch 632/1000 | train_loss: 0.0239 | miou: 0.7002 | f1_macro: 0.7977 | pixel_accuracy: 0.9464 | val_loss: 0.2300
Epoch 633/1000 | train_loss: 0.0252 | miou: 0.6989 | f1_macro: 0.7960 | pixel_accuracy: 0.9466 | val_loss: 0.2349
Epoch 634/1000 | train_loss: 0.0235 | miou: 0.6964 | f1_macro: 0.7940 | pixel_accuracy: 0.9459 | val_loss: 0.2438
Epoch 635/1000 | train_loss: 0.0259 | miou: 0.6948 | f1_macro: 0.7919 | pixel_accuracy: 0.9453 | val_loss: 0.2469
Epoch 636/1000 | train_loss: 0.0243 | miou: 0.6901 | f1_macro: 0.7875 | pixel_accuracy: 0.9447 | val_loss: 0.2553
Epoch 637/1000 | train_loss: 0.0255 | miou: 0.6898 | f1_macro: 0.7874 | pixel_accuracy: 0.9446 | val_loss: 0.2563
Epoch 638/1000 | train_loss: 0.0256 | miou: 0.6893 | f1_macro: 0.7861 | pixel_accuracy: 0.9439 | val_loss: 0.2593
Epoch 639/1000 | train_loss: 0.0255 | miou: 0.6923 | f1_macro: 0.7897 | pixel_accuracy: 0.9439 | val_loss: 0.2519
Epoch 640/1000 | train_loss: 0.0247 | miou: 0.6929 | f1_macro: 0.7903 | pixel_accuracy: 0.9443 | val_loss: 0.2494
Epoch 641/1000 | train_loss: 0.0243 | miou: 0.6945 | f1_macro: 0.7918 | pixel_accuracy: 0.9454 | val_loss: 0.2445
Epoch 642/1000 | train_loss: 0.0251 | miou: 0.6938 | f1_macro: 0.7923 | pixel_accuracy: 0.9445 | val_loss: 0.2483
Epoch 643/1000 | train_loss: 0.0247 | miou: 0.6943 | f1_macro: 0.7924 | pixel_accuracy: 0.9443 | val_loss: 0.2494
Epoch 644/1000 | train_loss: 0.0248 | miou: 0.6978 | f1_macro: 0.7950 | pixel_accuracy: 0.9476 | val_loss: 0.2386
Epoch 645/1000 | train_loss: 0.0232 | miou: 0.6971 | f1_macro: 0.7935 | pixel_accuracy: 0.9471 | val_loss: 0.2442
Epoch 646/1000 | train_loss: 0.0250 | miou: 0.6941 | f1_macro: 0.7913 | pixel_accuracy: 0.9461 | val_loss: 0.2486
Epoch 647/1000 | train_loss: 0.0246 | miou: 0.6879 | f1_macro: 0.7865 | pixel_accuracy: 0.9438 | val_loss: 0.2578
Epoch 648/1000 | train_loss: 0.0248 | miou: 0.6937 | f1_macro: 0.7911 | pixel_accuracy: 0.9456 | val_loss: 0.2447
Epoch 649/1000 | train_loss: 0.0248 | miou: 0.6931 | f1_macro: 0.7910 | pixel_accuracy: 0.9446 | val_loss: 0.2521
Epoch 650/1000 | train_loss: 0.0248 | miou: 0.6927 | f1_macro: 0.7896 | pixel_accuracy: 0.9449 | val_loss: 0.2556
Epoch 651/1000 | train_loss: 0.0236 | miou: 0.6950 | f1_macro: 0.7918 | pixel_accuracy: 0.9462 | val_loss: 0.2485
Epoch 652/1000 | train_loss: 0.0249 | miou: 0.6939 | f1_macro: 0.7913 | pixel_accuracy: 0.9461 | val_loss: 0.2452
Epoch 653/1000 | train_loss: 0.0251 | miou: 0.6976 | f1_macro: 0.7942 | pixel_accuracy: 0.9475 | val_loss: 0.2333
Epoch 654/1000 | train_loss: 0.0251 | miou: 0.6957 | f1_macro: 0.7925 | pixel_accuracy: 0.9470 | val_loss: 0.2394
Epoch 655/1000 | train_loss: 0.0247 | miou: 0.6909 | f1_macro: 0.7882 | pixel_accuracy: 0.9451 | val_loss: 0.2538
Epoch 656/1000 | train_loss: 0.0256 | miou: 0.6908 | f1_macro: 0.7880 | pixel_accuracy: 0.9451 | val_loss: 0.2565
Epoch 657/1000 | train_loss: 0.0248 | miou: 0.6940 | f1_macro: 0.7922 | pixel_accuracy: 0.9447 | val_loss: 0.2471
Epoch 658/1000 | train_loss: 0.0242 | miou: 0.6939 | f1_macro: 0.7928 | pixel_accuracy: 0.9449 | val_loss: 0.2445
Epoch 659/1000 | train_loss: 0.0249 | miou: 0.6923 | f1_macro: 0.7910 | pixel_accuracy: 0.9446 | val_loss: 0.2524
Epoch 660/1000 | train_loss: 0.0253 | miou: 0.6951 | f1_macro: 0.7926 | pixel_accuracy: 0.9453 | val_loss: 0.2463
Epoch 661/1000 | train_loss: 0.0231 | miou: 0.6951 | f1_macro: 0.7922 | pixel_accuracy: 0.9460 | val_loss: 0.2416
Epoch 662/1000 | train_loss: 0.0248 | miou: 0.6980 | f1_macro: 0.7945 | pixel_accuracy: 0.9467 | val_loss: 0.2390
Epoch 663/1000 | train_loss: 0.0240 | miou: 0.6969 | f1_macro: 0.7936 | pixel_accuracy: 0.9460 | val_loss: 0.2449
Epoch 664/1000 | train_loss: 0.0249 | miou: 0.6939 | f1_macro: 0.7909 | pixel_accuracy: 0.9451 | val_loss: 0.2522
Epoch 665/1000 | train_loss: 0.0249 | miou: 0.6960 | f1_macro: 0.7926 | pixel_accuracy: 0.9466 | val_loss: 0.2445
Epoch 666/1000 | train_loss: 0.0237 | miou: 0.6912 | f1_macro: 0.7884 | pixel_accuracy: 0.9442 | val_loss: 0.2624
Epoch 667/1000 | train_loss: 0.0236 | miou: 0.6916 | f1_macro: 0.7894 | pixel_accuracy: 0.9443 | val_loss: 0.2593
Epoch 668/1000 | train_loss: 0.0232 | miou: 0.6920 | f1_macro: 0.7899 | pixel_accuracy: 0.9432 | val_loss: 0.2569
Epoch 669/1000 | train_loss: 0.0234 | miou: 0.6934 | f1_macro: 0.7908 | pixel_accuracy: 0.9446 | val_loss: 0.2488
Epoch 670/1000 | train_loss: 0.0229 | miou: 0.6930 | f1_macro: 0.7899 | pixel_accuracy: 0.9443 | val_loss: 0.2527
Epoch 671/1000 | train_loss: 0.0231 | miou: 0.6890 | f1_macro: 0.7863 | pixel_accuracy: 0.9437 | val_loss: 0.2620
Epoch 672/1000 | train_loss: 0.0249 | miou: 0.6895 | f1_macro: 0.7869 | pixel_accuracy: 0.9433 | val_loss: 0.2638
Epoch 673/1000 | train_loss: 0.0251 | miou: 0.6954 | f1_macro: 0.7924 | pixel_accuracy: 0.9457 | val_loss: 0.2510
Epoch 674/1000 | train_loss: 0.0250 | miou: 0.6959 | f1_macro: 0.7940 | pixel_accuracy: 0.9452 | val_loss: 0.2432
Epoch 675/1000 | train_loss: 0.0243 | miou: 0.6957 | f1_macro: 0.7938 | pixel_accuracy: 0.9452 | val_loss: 0.2456
Epoch 676/1000 | train_loss: 0.0248 | miou: 0.6925 | f1_macro: 0.7909 | pixel_accuracy: 0.9442 | val_loss: 0.2541
Epoch 677/1000 | train_loss: 0.0245 | miou: 0.6968 | f1_macro: 0.7941 | pixel_accuracy: 0.9452 | val_loss: 0.2451
Epoch 678/1000 | train_loss: 0.0237 | miou: 0.6956 | f1_macro: 0.7935 | pixel_accuracy: 0.9445 | val_loss: 0.2523
Epoch 679/1000 | train_loss: 0.0229 | miou: 0.6951 | f1_macro: 0.7926 | pixel_accuracy: 0.9449 | val_loss: 0.2501
Epoch 680/1000 | train_loss: 0.0240 | miou: 0.6909 | f1_macro: 0.7883 | pixel_accuracy: 0.9442 | val_loss: 0.2516
Epoch 681/1000 | train_loss: 0.0246 | miou: 0.6923 | f1_macro: 0.7896 | pixel_accuracy: 0.9448 | val_loss: 0.2471
Epoch 682/1000 | train_loss: 0.0239 | miou: 0.6914 | f1_macro: 0.7888 | pixel_accuracy: 0.9446 | val_loss: 0.2482
Epoch 683/1000 | train_loss: 0.0236 | miou: 0.6895 | f1_macro: 0.7869 | pixel_accuracy: 0.9445 | val_loss: 0.2508
Epoch 684/1000 | train_loss: 0.0238 | miou: 0.6911 | f1_macro: 0.7881 | pixel_accuracy: 0.9453 | val_loss: 0.2498
Epoch 685/1000 | train_loss: 0.0235 | miou: 0.6927 | f1_macro: 0.7899 | pixel_accuracy: 0.9448 | val_loss: 0.2529
Epoch 686/1000 | train_loss: 0.0239 | miou: 0.6975 | f1_macro: 0.7939 | pixel_accuracy: 0.9464 | val_loss: 0.2477
Epoch 687/1000 | train_loss: 0.0227 | miou: 0.6947 | f1_macro: 0.7913 | pixel_accuracy: 0.9449 | val_loss: 0.2571
Epoch 688/1000 | train_loss: 0.0219 | miou: 0.6956 | f1_macro: 0.7924 | pixel_accuracy: 0.9451 | val_loss: 0.2512
Epoch 689/1000 | train_loss: 0.0234 | miou: 0.6959 | f1_macro: 0.7934 | pixel_accuracy: 0.9452 | val_loss: 0.2467
Epoch 690/1000 | train_loss: 0.0226 | miou: 0.6918 | f1_macro: 0.7899 | pixel_accuracy: 0.9438 | val_loss: 0.2512
Epoch 691/1000 | train_loss: 0.0240 | miou: 0.6924 | f1_macro: 0.7900 | pixel_accuracy: 0.9445 | val_loss: 0.2512
Epoch 692/1000 | train_loss: 0.0232 | miou: 0.6936 | f1_macro: 0.7909 | pixel_accuracy: 0.9458 | val_loss: 0.2486
Epoch 693/1000 | train_loss: 0.0240 | miou: 0.6976 | f1_macro: 0.7940 | pixel_accuracy: 0.9476 | val_loss: 0.2406
Epoch 694/1000 | train_loss: 0.0237 | miou: 0.6965 | f1_macro: 0.7929 | pixel_accuracy: 0.9480 | val_loss: 0.2433
Epoch 695/1000 | train_loss: 0.0234 | miou: 0.7004 | f1_macro: 0.7967 | pixel_accuracy: 0.9485 | val_loss: 0.2319
Epoch 696/1000 | train_loss: 0.0234 | miou: 0.6952 | f1_macro: 0.7916 | pixel_accuracy: 0.9477 | val_loss: 0.2457
Epoch 697/1000 | train_loss: 0.0241 | miou: 0.6939 | f1_macro: 0.7907 | pixel_accuracy: 0.9464 | val_loss: 0.2496
Early stopping at epoch 697 (patience=350)
Restored best weights from epoch 347 (miou: 0.6983 | f1_macro: 0.7954 | pixel_accuracy: 0.9473 | val_loss: 0.2071)
Training complete. Best val_loss: 0.2071
Training complete for deeplabv3-d83
