==========================================
Job ID: 3161212
Node: gput074
GPU: 0
Experiment: configs/experiment/baseline_merged.yaml
Run Name: unet-merged
==========================================
Sun Feb 22 17:01:09 2026       
+-----------------------------------------------------------------------------------------+
| NVIDIA-SMI 570.158.01             Driver Version: 570.158.01     CUDA Version: 12.8     |
|-----------------------------------------+------------------------+----------------------+
| GPU  Name                 Persistence-M | Bus-Id          Disp.A | Volatile Uncorr. ECC |
| Fan  Temp   Perf          Pwr:Usage/Cap |           Memory-Usage | GPU-Util  Compute M. |
|                                         |                        |               MIG M. |
|=========================================+========================+======================|
|   0  NVIDIA GeForce RTX 4090        On  |   00000000:CA:00.0 Off |                  Off |
| 40%   41C    P8             18W /  450W |       1MiB /  24564MiB |      0%      Default |
|                                         |                        |                  N/A |
+-----------------------------------------+------------------------+----------------------+
                                                                                         
+-----------------------------------------------------------------------------------------+
| Processes:                                                                              |
|  GPU   GI   CI              PID   Type   Process name                        GPU Memory |
|        ID   ID                                                               Usage      |
|=========================================================================================|
|  No running processes found                                                             |
+-----------------------------------------------------------------------------------------+
Split: 110 train / 20 val (from 130 total)
Model: unet
Trainable parameters: 31,030,918
Epoch 1/1000 | train_loss: 1.6665 | miou: 0.1192 | f1_macro: 0.1744 | pixel_accuracy: 0.4046 | val_loss: 1.5015
Epoch 2/1000 | train_loss: 1.5219 | miou: 0.1404 | f1_macro: 0.2087 | pixel_accuracy: 0.4317 | val_loss: 1.4670
Epoch 3/1000 | train_loss: 1.5008 | miou: 0.2558 | f1_macro: 0.3373 | pixel_accuracy: 0.6197 | val_loss: 1.3564
Epoch 4/1000 | train_loss: 1.4701 | miou: 0.2423 | f1_macro: 0.3246 | pixel_accuracy: 0.5940 | val_loss: 1.3399
Epoch 5/1000 | train_loss: 1.4289 | miou: 0.2763 | f1_macro: 0.3517 | pixel_accuracy: 0.6363 | val_loss: 1.2519
Epoch 6/1000 | train_loss: 1.3969 | miou: 0.2675 | f1_macro: 0.3459 | pixel_accuracy: 0.6268 | val_loss: 1.2164
Epoch 7/1000 | train_loss: 1.3725 | miou: 0.2532 | f1_macro: 0.3337 | pixel_accuracy: 0.6069 | val_loss: 1.2222
Epoch 8/1000 | train_loss: 1.3614 | miou: 0.2653 | f1_macro: 0.3432 | pixel_accuracy: 0.6199 | val_loss: 1.1992
Epoch 9/1000 | train_loss: 1.3588 | miou: 0.2758 | f1_macro: 0.3510 | pixel_accuracy: 0.6342 | val_loss: 1.1880
Epoch 10/1000 | train_loss: 1.3156 | miou: 0.2564 | f1_macro: 0.3365 | pixel_accuracy: 0.6113 | val_loss: 1.2026
Epoch 11/1000 | train_loss: 1.3378 | miou: 0.2562 | f1_macro: 0.3355 | pixel_accuracy: 0.6073 | val_loss: 1.1989
Epoch 12/1000 | train_loss: 1.3350 | miou: 0.2566 | f1_macro: 0.3361 | pixel_accuracy: 0.6094 | val_loss: 1.1826
Epoch 13/1000 | train_loss: 1.3243 | miou: 0.2488 | f1_macro: 0.3295 | pixel_accuracy: 0.5986 | val_loss: 1.1980
Epoch 14/1000 | train_loss: 1.3125 | miou: 0.2671 | f1_macro: 0.3445 | pixel_accuracy: 0.6214 | val_loss: 1.1693
Epoch 15/1000 | train_loss: 1.3344 | miou: 0.2602 | f1_macro: 0.3380 | pixel_accuracy: 0.6088 | val_loss: 1.1845
Epoch 16/1000 | train_loss: 1.3209 | miou: 0.2674 | f1_macro: 0.3447 | pixel_accuracy: 0.6215 | val_loss: 1.1590
Epoch 17/1000 | train_loss: 1.3095 | miou: 0.2663 | f1_macro: 0.3456 | pixel_accuracy: 0.6298 | val_loss: 1.1564
Epoch 18/1000 | train_loss: 1.3072 | miou: 0.2651 | f1_macro: 0.3426 | pixel_accuracy: 0.6178 | val_loss: 1.1611
Epoch 19/1000 | train_loss: 1.3101 | miou: 0.2543 | f1_macro: 0.3331 | pixel_accuracy: 0.6014 | val_loss: 1.1889
Epoch 20/1000 | train_loss: 1.3132 | miou: 0.2521 | f1_macro: 0.3323 | pixel_accuracy: 0.6032 | val_loss: 1.1988
Epoch 21/1000 | train_loss: 1.3471 | miou: 0.2544 | f1_macro: 0.3334 | pixel_accuracy: 0.6028 | val_loss: 1.1613
Epoch 22/1000 | train_loss: 1.3166 | miou: 0.2436 | f1_macro: 0.3230 | pixel_accuracy: 0.5831 | val_loss: 1.1780
Epoch 23/1000 | train_loss: 1.3445 | miou: 0.2399 | f1_macro: 0.3202 | pixel_accuracy: 0.5795 | val_loss: 1.1946
Epoch 24/1000 | train_loss: 1.3388 | miou: 0.2458 | f1_macro: 0.3261 | pixel_accuracy: 0.5910 | val_loss: 1.1904
Epoch 25/1000 | train_loss: 1.3203 | miou: 0.2585 | f1_macro: 0.3367 | pixel_accuracy: 0.6072 | val_loss: 1.1553
Epoch 26/1000 | train_loss: 1.3284 | miou: 0.2570 | f1_macro: 0.3337 | pixel_accuracy: 0.6022 | val_loss: 1.1822
Epoch 27/1000 | train_loss: 1.3196 | miou: 0.2562 | f1_macro: 0.3356 | pixel_accuracy: 0.6074 | val_loss: 1.1872
Epoch 28/1000 | train_loss: 1.3241 | miou: 0.2626 | f1_macro: 0.3401 | pixel_accuracy: 0.6118 | val_loss: 1.1661
Epoch 29/1000 | train_loss: 1.3169 | miou: 0.2585 | f1_macro: 0.3369 | pixel_accuracy: 0.6084 | val_loss: 1.1821
Epoch 30/1000 | train_loss: 1.2989 | miou: 0.2380 | f1_macro: 0.3186 | pixel_accuracy: 0.5773 | val_loss: 1.2392
Epoch 31/1000 | train_loss: 1.2775 | miou: 0.2604 | f1_macro: 0.3391 | pixel_accuracy: 0.6136 | val_loss: 1.1574
Epoch 32/1000 | train_loss: 1.3107 | miou: 0.2486 | f1_macro: 0.3264 | pixel_accuracy: 0.5856 | val_loss: 1.2247
Epoch 33/1000 | train_loss: 1.2992 | miou: 0.2520 | f1_macro: 0.3305 | pixel_accuracy: 0.5961 | val_loss: 1.1961
Epoch 34/1000 | train_loss: 1.2946 | miou: 0.2537 | f1_macro: 0.3335 | pixel_accuracy: 0.6046 | val_loss: 1.1695
Epoch 35/1000 | train_loss: 1.2855 | miou: 0.2516 | f1_macro: 0.3313 | pixel_accuracy: 0.6000 | val_loss: 1.1788
Epoch 36/1000 | train_loss: 1.3135 | miou: 0.2524 | f1_macro: 0.3324 | pixel_accuracy: 0.6031 | val_loss: 1.1573
Epoch 37/1000 | train_loss: 1.3224 | miou: 0.2677 | f1_macro: 0.3452 | pixel_accuracy: 0.6236 | val_loss: 1.1286
Epoch 38/1000 | train_loss: 1.2974 | miou: 0.2599 | f1_macro: 0.3401 | pixel_accuracy: 0.6083 | val_loss: 1.1607
Epoch 39/1000 | train_loss: 1.2816 | miou: 0.2749 | f1_macro: 0.3610 | pixel_accuracy: 0.6225 | val_loss: 1.1227
Epoch 40/1000 | train_loss: 1.3299 | miou: 0.2543 | f1_macro: 0.3344 | pixel_accuracy: 0.6021 | val_loss: 1.1818
Epoch 41/1000 | train_loss: 1.2524 | miou: 0.2887 | f1_macro: 0.3875 | pixel_accuracy: 0.6227 | val_loss: 1.1543
Epoch 42/1000 | train_loss: 1.2892 | miou: 0.2898 | f1_macro: 0.3846 | pixel_accuracy: 0.6241 | val_loss: 1.1329
Epoch 43/1000 | train_loss: 1.2836 | miou: 0.3211 | f1_macro: 0.4182 | pixel_accuracy: 0.6702 | val_loss: 1.0457
Epoch 44/1000 | train_loss: 1.2983 | miou: 0.3068 | f1_macro: 0.4055 | pixel_accuracy: 0.6476 | val_loss: 1.0520
Epoch 45/1000 | train_loss: 1.2854 | miou: 0.3181 | f1_macro: 0.4199 | pixel_accuracy: 0.6587 | val_loss: 1.0490
Epoch 46/1000 | train_loss: 1.2566 | miou: 0.3339 | f1_macro: 0.4390 | pixel_accuracy: 0.6727 | val_loss: 1.0344
Epoch 47/1000 | train_loss: 1.2730 | miou: 0.3355 | f1_macro: 0.4455 | pixel_accuracy: 0.6680 | val_loss: 1.0470
Epoch 48/1000 | train_loss: 1.3095 | miou: 0.3078 | f1_macro: 0.4211 | pixel_accuracy: 0.6244 | val_loss: 1.1147
Epoch 49/1000 | train_loss: 1.2646 | miou: 0.3513 | f1_macro: 0.4637 | pixel_accuracy: 0.6824 | val_loss: 0.9768
Epoch 50/1000 | train_loss: 1.2728 | miou: 0.3325 | f1_macro: 0.4390 | pixel_accuracy: 0.6765 | val_loss: 1.0046
Epoch 51/1000 | train_loss: 1.2543 | miou: 0.3452 | f1_macro: 0.4618 | pixel_accuracy: 0.6668 | val_loss: 1.0504
Epoch 52/1000 | train_loss: 1.2374 | miou: 0.3463 | f1_macro: 0.4607 | pixel_accuracy: 0.6726 | val_loss: 0.9854
Epoch 53/1000 | train_loss: 1.2510 | miou: 0.3557 | f1_macro: 0.4771 | pixel_accuracy: 0.6751 | val_loss: 0.9780
Epoch 54/1000 | train_loss: 1.2519 | miou: 0.3656 | f1_macro: 0.4849 | pixel_accuracy: 0.6889 | val_loss: 0.9410
Epoch 55/1000 | train_loss: 1.2038 | miou: 0.3478 | f1_macro: 0.4616 | pixel_accuracy: 0.6792 | val_loss: 0.9963
Epoch 56/1000 | train_loss: 1.2229 | miou: 0.3531 | f1_macro: 0.4716 | pixel_accuracy: 0.6763 | val_loss: 0.9711
Epoch 57/1000 | train_loss: 1.2138 | miou: 0.3584 | f1_macro: 0.4747 | pixel_accuracy: 0.6801 | val_loss: 0.9752
Epoch 58/1000 | train_loss: 1.2005 | miou: 0.3713 | f1_macro: 0.4847 | pixel_accuracy: 0.6965 | val_loss: 0.9363
Epoch 59/1000 | train_loss: 1.2034 | miou: 0.3420 | f1_macro: 0.4544 | pixel_accuracy: 0.6773 | val_loss: 0.9917
Epoch 60/1000 | train_loss: 1.1564 | miou: 0.3526 | f1_macro: 0.4658 | pixel_accuracy: 0.6767 | val_loss: 0.9945
Epoch 61/1000 | train_loss: 1.1762 | miou: 0.3734 | f1_macro: 0.4873 | pixel_accuracy: 0.7011 | val_loss: 0.9194
Epoch 62/1000 | train_loss: 1.1631 | miou: 0.3736 | f1_macro: 0.4919 | pixel_accuracy: 0.6924 | val_loss: 0.9313
Epoch 63/1000 | train_loss: 1.1493 | miou: 0.3648 | f1_macro: 0.4821 | pixel_accuracy: 0.6889 | val_loss: 0.9592
Epoch 64/1000 | train_loss: 1.1577 | miou: 0.3479 | f1_macro: 0.4653 | pixel_accuracy: 0.6646 | val_loss: 1.0014
Epoch 65/1000 | train_loss: 1.1498 | miou: 0.3757 | f1_macro: 0.4896 | pixel_accuracy: 0.7019 | val_loss: 0.9222
Epoch 66/1000 | train_loss: 1.1327 | miou: 0.3881 | f1_macro: 0.5069 | pixel_accuracy: 0.7048 | val_loss: 0.9107
Epoch 67/1000 | train_loss: 1.1353 | miou: 0.3679 | f1_macro: 0.4816 | pixel_accuracy: 0.6991 | val_loss: 0.9249
Epoch 68/1000 | train_loss: 1.1065 | miou: 0.3509 | f1_macro: 0.4558 | pixel_accuracy: 0.6965 | val_loss: 0.9539
Epoch 69/1000 | train_loss: 1.1211 | miou: 0.3753 | f1_macro: 0.4871 | pixel_accuracy: 0.7083 | val_loss: 0.9401
Epoch 70/1000 | train_loss: 1.1303 | miou: 0.3835 | f1_macro: 0.5021 | pixel_accuracy: 0.7025 | val_loss: 0.9117
Epoch 71/1000 | train_loss: 1.1227 | miou: 0.4054 | f1_macro: 0.5291 | pixel_accuracy: 0.7160 | val_loss: 0.8742
Epoch 72/1000 | train_loss: 1.1078 | miou: 0.4132 | f1_macro: 0.5346 | pixel_accuracy: 0.7300 | val_loss: 0.8704
Epoch 73/1000 | train_loss: 1.1158 | miou: 0.3512 | f1_macro: 0.4626 | pixel_accuracy: 0.6842 | val_loss: 0.9814
Epoch 74/1000 | train_loss: 1.0836 | miou: 0.4180 | f1_macro: 0.5424 | pixel_accuracy: 0.7250 | val_loss: 0.8125
Epoch 75/1000 | train_loss: 1.1162 | miou: 0.4100 | f1_macro: 0.5350 | pixel_accuracy: 0.7139 | val_loss: 0.8432
Epoch 76/1000 | train_loss: 1.0597 | miou: 0.4084 | f1_macro: 0.5337 | pixel_accuracy: 0.7166 | val_loss: 0.8238
Epoch 77/1000 | train_loss: 1.0776 | miou: 0.4259 | f1_macro: 0.5537 | pixel_accuracy: 0.7271 | val_loss: 0.7980
Epoch 78/1000 | train_loss: 1.0652 | miou: 0.4495 | f1_macro: 0.5703 | pixel_accuracy: 0.7616 | val_loss: 0.7571
Epoch 79/1000 | train_loss: 1.0482 | miou: 0.4481 | f1_macro: 0.5680 | pixel_accuracy: 0.7654 | val_loss: 0.7218
Epoch 80/1000 | train_loss: 1.0718 | miou: 0.3352 | f1_macro: 0.4431 | pixel_accuracy: 0.6745 | val_loss: 1.0064
Epoch 81/1000 | train_loss: 1.0763 | miou: 0.4209 | f1_macro: 0.5365 | pixel_accuracy: 0.7522 | val_loss: 0.7848
Epoch 82/1000 | train_loss: 1.0719 | miou: 0.4328 | f1_macro: 0.5447 | pixel_accuracy: 0.7591 | val_loss: 0.7297
Epoch 83/1000 | train_loss: 1.0620 | miou: 0.4441 | f1_macro: 0.5645 | pixel_accuracy: 0.7619 | val_loss: 0.7591
Epoch 84/1000 | train_loss: 1.0481 | miou: 0.4757 | f1_macro: 0.5847 | pixel_accuracy: 0.8047 | val_loss: 0.6669
Epoch 85/1000 | train_loss: 1.0653 | miou: 0.4276 | f1_macro: 0.5389 | pixel_accuracy: 0.7521 | val_loss: 0.7689
Epoch 86/1000 | train_loss: 1.0213 | miou: 0.4135 | f1_macro: 0.5311 | pixel_accuracy: 0.7522 | val_loss: 0.8453
Epoch 87/1000 | train_loss: 1.0655 | miou: 0.4702 | f1_macro: 0.5845 | pixel_accuracy: 0.7960 | val_loss: 0.6897
Epoch 88/1000 | train_loss: 1.0363 | miou: 0.4926 | f1_macro: 0.6083 | pixel_accuracy: 0.8054 | val_loss: 0.6683
Epoch 89/1000 | train_loss: 1.0318 | miou: 0.4889 | f1_macro: 0.6008 | pixel_accuracy: 0.8112 | val_loss: 0.6691
Epoch 90/1000 | train_loss: 1.0335 | miou: 0.4861 | f1_macro: 0.6040 | pixel_accuracy: 0.8052 | val_loss: 0.6793
Epoch 91/1000 | train_loss: 1.0357 | miou: 0.5060 | f1_macro: 0.6235 | pixel_accuracy: 0.8106 | val_loss: 0.6444
Epoch 92/1000 | train_loss: 1.0201 | miou: 0.4885 | f1_macro: 0.6018 | pixel_accuracy: 0.8084 | val_loss: 0.6567
Epoch 93/1000 | train_loss: 1.0366 | miou: 0.4880 | f1_macro: 0.6021 | pixel_accuracy: 0.8076 | val_loss: 0.6612
Epoch 94/1000 | train_loss: 1.0353 | miou: 0.5075 | f1_macro: 0.6224 | pixel_accuracy: 0.8171 | val_loss: 0.6323
Epoch 95/1000 | train_loss: 1.0087 | miou: 0.4786 | f1_macro: 0.5887 | pixel_accuracy: 0.8016 | val_loss: 0.6440
Epoch 96/1000 | train_loss: 1.0174 | miou: 0.4220 | f1_macro: 0.5481 | pixel_accuracy: 0.7414 | val_loss: 0.8107
Epoch 97/1000 | train_loss: 1.0303 | miou: 0.4980 | f1_macro: 0.6169 | pixel_accuracy: 0.8112 | val_loss: 0.6416
Epoch 98/1000 | train_loss: 1.0038 | miou: 0.5015 | f1_macro: 0.6140 | pixel_accuracy: 0.8190 | val_loss: 0.6051
Epoch 99/1000 | train_loss: 1.0231 | miou: 0.5288 | f1_macro: 0.6482 | pixel_accuracy: 0.8302 | val_loss: 0.5971
Epoch 100/1000 | train_loss: 1.0220 | miou: 0.5090 | f1_macro: 0.6224 | pixel_accuracy: 0.8245 | val_loss: 0.6363
Epoch 101/1000 | train_loss: 1.0188 | miou: 0.4971 | f1_macro: 0.6138 | pixel_accuracy: 0.8085 | val_loss: 0.6559
Epoch 102/1000 | train_loss: 1.0036 | miou: 0.5161 | f1_macro: 0.6300 | pixel_accuracy: 0.8263 | val_loss: 0.6075
Epoch 103/1000 | train_loss: 1.0226 | miou: 0.5253 | f1_macro: 0.6431 | pixel_accuracy: 0.8245 | val_loss: 0.6033
Epoch 104/1000 | train_loss: 1.0146 | miou: 0.5119 | f1_macro: 0.6255 | pixel_accuracy: 0.8247 | val_loss: 0.5974
Epoch 105/1000 | train_loss: 1.0129 | miou: 0.4719 | f1_macro: 0.5848 | pixel_accuracy: 0.8032 | val_loss: 0.6970
Epoch 106/1000 | train_loss: 1.0025 | miou: 0.5237 | f1_macro: 0.6393 | pixel_accuracy: 0.8311 | val_loss: 0.5820
Epoch 107/1000 | train_loss: 1.0006 | miou: 0.5184 | f1_macro: 0.6379 | pixel_accuracy: 0.8223 | val_loss: 0.6172
Epoch 108/1000 | train_loss: 1.0073 | miou: 0.5283 | f1_macro: 0.6410 | pixel_accuracy: 0.8356 | val_loss: 0.5917
Epoch 109/1000 | train_loss: 0.9768 | miou: 0.5246 | f1_macro: 0.6376 | pixel_accuracy: 0.8338 | val_loss: 0.5858
Epoch 110/1000 | train_loss: 1.0188 | miou: 0.5335 | f1_macro: 0.6498 | pixel_accuracy: 0.8315 | val_loss: 0.5756
Epoch 111/1000 | train_loss: 0.9881 | miou: 0.5175 | f1_macro: 0.6387 | pixel_accuracy: 0.8203 | val_loss: 0.6057
Epoch 112/1000 | train_loss: 0.9727 | miou: 0.5223 | f1_macro: 0.6360 | pixel_accuracy: 0.8343 | val_loss: 0.5770
Epoch 113/1000 | train_loss: 0.9739 | miou: 0.5253 | f1_macro: 0.6382 | pixel_accuracy: 0.8306 | val_loss: 0.5812
Epoch 114/1000 | train_loss: 0.9698 | miou: 0.5374 | f1_macro: 0.6492 | pixel_accuracy: 0.8423 | val_loss: 0.5371
Epoch 115/1000 | train_loss: 0.9786 | miou: 0.5318 | f1_macro: 0.6590 | pixel_accuracy: 0.8183 | val_loss: 0.6204
Epoch 116/1000 | train_loss: 0.9828 | miou: 0.5507 | f1_macro: 0.6672 | pixel_accuracy: 0.8448 | val_loss: 0.5522
Epoch 117/1000 | train_loss: 0.9988 | miou: 0.5435 | f1_macro: 0.6564 | pixel_accuracy: 0.8420 | val_loss: 0.5648
Epoch 118/1000 | train_loss: 0.9784 | miou: 0.5353 | f1_macro: 0.6544 | pixel_accuracy: 0.8330 | val_loss: 0.5770
Epoch 119/1000 | train_loss: 0.9921 | miou: 0.5528 | f1_macro: 0.6710 | pixel_accuracy: 0.8437 | val_loss: 0.5455
Epoch 120/1000 | train_loss: 0.9601 | miou: 0.5366 | f1_macro: 0.6546 | pixel_accuracy: 0.8372 | val_loss: 0.5536
Epoch 121/1000 | train_loss: 0.9574 | miou: 0.5266 | f1_macro: 0.6366 | pixel_accuracy: 0.8365 | val_loss: 0.5400
Epoch 122/1000 | train_loss: 0.9636 | miou: 0.5627 | f1_macro: 0.6825 | pixel_accuracy: 0.8447 | val_loss: 0.5398
Epoch 123/1000 | train_loss: 0.9583 | miou: 0.5691 | f1_macro: 0.6885 | pixel_accuracy: 0.8486 | val_loss: 0.5295
Epoch 124/1000 | train_loss: 0.9594 | miou: 0.5818 | f1_macro: 0.7044 | pixel_accuracy: 0.8491 | val_loss: 0.5240
Epoch 125/1000 | train_loss: 0.9740 | miou: 0.5495 | f1_macro: 0.6607 | pixel_accuracy: 0.8501 | val_loss: 0.5272
Epoch 126/1000 | train_loss: 0.9411 | miou: 0.5698 | f1_macro: 0.6866 | pixel_accuracy: 0.8522 | val_loss: 0.5154
Epoch 127/1000 | train_loss: 0.9727 | miou: 0.5157 | f1_macro: 0.6305 | pixel_accuracy: 0.8268 | val_loss: 0.6273
Epoch 128/1000 | train_loss: 0.9731 | miou: 0.5762 | f1_macro: 0.6913 | pixel_accuracy: 0.8575 | val_loss: 0.4913
Epoch 129/1000 | train_loss: 0.9602 | miou: 0.5482 | f1_macro: 0.6671 | pixel_accuracy: 0.8394 | val_loss: 0.5825
Epoch 130/1000 | train_loss: 0.9659 | miou: 0.5756 | f1_macro: 0.6889 | pixel_accuracy: 0.8581 | val_loss: 0.4981
Epoch 131/1000 | train_loss: 0.9418 | miou: 0.5887 | f1_macro: 0.7032 | pixel_accuracy: 0.8618 | val_loss: 0.4899
Epoch 132/1000 | train_loss: 0.9457 | miou: 0.5791 | f1_macro: 0.6980 | pixel_accuracy: 0.8543 | val_loss: 0.5018
Epoch 133/1000 | train_loss: 0.9295 | miou: 0.5736 | f1_macro: 0.6942 | pixel_accuracy: 0.8496 | val_loss: 0.5141
Epoch 134/1000 | train_loss: 0.9291 | miou: 0.5944 | f1_macro: 0.7145 | pixel_accuracy: 0.8544 | val_loss: 0.4671
Epoch 135/1000 | train_loss: 0.9453 | miou: 0.5931 | f1_macro: 0.7098 | pixel_accuracy: 0.8605 | val_loss: 0.4789
Epoch 136/1000 | train_loss: 0.9331 | miou: 0.5737 | f1_macro: 0.6901 | pixel_accuracy: 0.8572 | val_loss: 0.5111
Epoch 137/1000 | train_loss: 0.9808 | miou: 0.5733 | f1_macro: 0.6967 | pixel_accuracy: 0.8434 | val_loss: 0.5638
Epoch 138/1000 | train_loss: 0.9642 | miou: 0.5682 | f1_macro: 0.6802 | pixel_accuracy: 0.8577 | val_loss: 0.4974
Epoch 139/1000 | train_loss: 0.9654 | miou: 0.5841 | f1_macro: 0.7050 | pixel_accuracy: 0.8505 | val_loss: 0.5069
Epoch 140/1000 | train_loss: 0.9667 | miou: 0.5848 | f1_macro: 0.7036 | pixel_accuracy: 0.8552 | val_loss: 0.5211
Epoch 141/1000 | train_loss: 0.9450 | miou: 0.5877 | f1_macro: 0.7051 | pixel_accuracy: 0.8612 | val_loss: 0.4959
Epoch 142/1000 | train_loss: 0.9550 | miou: 0.5953 | f1_macro: 0.7130 | pixel_accuracy: 0.8621 | val_loss: 0.4834
Epoch 143/1000 | train_loss: 0.9307 | miou: 0.5582 | f1_macro: 0.6781 | pixel_accuracy: 0.8444 | val_loss: 0.5565
Epoch 144/1000 | train_loss: 0.9371 | miou: 0.5825 | f1_macro: 0.7008 | pixel_accuracy: 0.8574 | val_loss: 0.4977
Epoch 145/1000 | train_loss: 0.9170 | miou: 0.6146 | f1_macro: 0.7323 | pixel_accuracy: 0.8671 | val_loss: 0.4519
Epoch 146/1000 | train_loss: 0.9452 | miou: 0.5738 | f1_macro: 0.6822 | pixel_accuracy: 0.8635 | val_loss: 0.5292
Epoch 147/1000 | train_loss: 0.9362 | miou: 0.5893 | f1_macro: 0.7022 | pixel_accuracy: 0.8679 | val_loss: 0.4757
Epoch 148/1000 | train_loss: 0.9294 | miou: 0.5896 | f1_macro: 0.7050 | pixel_accuracy: 0.8660 | val_loss: 0.4571
Epoch 149/1000 | train_loss: 0.9523 | miou: 0.5778 | f1_macro: 0.6956 | pixel_accuracy: 0.8564 | val_loss: 0.5118
Epoch 150/1000 | train_loss: 0.9342 | miou: 0.5904 | f1_macro: 0.7008 | pixel_accuracy: 0.8697 | val_loss: 0.4847
Epoch 151/1000 | train_loss: 0.9429 | miou: 0.5986 | f1_macro: 0.7153 | pixel_accuracy: 0.8660 | val_loss: 0.4910
Epoch 152/1000 | train_loss: 0.9173 | miou: 0.6037 | f1_macro: 0.7172 | pixel_accuracy: 0.8708 | val_loss: 0.4648
Epoch 153/1000 | train_loss: 0.9296 | miou: 0.5932 | f1_macro: 0.7085 | pixel_accuracy: 0.8605 | val_loss: 0.4656
Epoch 154/1000 | train_loss: 0.9262 | miou: 0.5955 | f1_macro: 0.7135 | pixel_accuracy: 0.8638 | val_loss: 0.4714
Epoch 155/1000 | train_loss: 0.9263 | miou: 0.6077 | f1_macro: 0.7221 | pixel_accuracy: 0.8739 | val_loss: 0.4487
Epoch 156/1000 | train_loss: 0.9069 | miou: 0.6134 | f1_macro: 0.7295 | pixel_accuracy: 0.8732 | val_loss: 0.4481
Epoch 157/1000 | train_loss: 0.9218 | miou: 0.5953 | f1_macro: 0.7098 | pixel_accuracy: 0.8649 | val_loss: 0.4683
Epoch 158/1000 | train_loss: 0.9248 | miou: 0.5934 | f1_macro: 0.7106 | pixel_accuracy: 0.8633 | val_loss: 0.4746
Epoch 159/1000 | train_loss: 0.9176 | miou: 0.5988 | f1_macro: 0.7154 | pixel_accuracy: 0.8645 | val_loss: 0.4720
Epoch 160/1000 | train_loss: 0.9106 | miou: 0.6104 | f1_macro: 0.7271 | pixel_accuracy: 0.8711 | val_loss: 0.4433
Epoch 161/1000 | train_loss: 0.9239 | miou: 0.5932 | f1_macro: 0.7089 | pixel_accuracy: 0.8628 | val_loss: 0.4690
Epoch 162/1000 | train_loss: 0.9193 | miou: 0.6150 | f1_macro: 0.7331 | pixel_accuracy: 0.8703 | val_loss: 0.4547
Epoch 163/1000 | train_loss: 0.9184 | miou: 0.6207 | f1_macro: 0.7366 | pixel_accuracy: 0.8756 | val_loss: 0.4538
Epoch 164/1000 | train_loss: 0.8904 | miou: 0.5845 | f1_macro: 0.7035 | pixel_accuracy: 0.8556 | val_loss: 0.4943
Epoch 165/1000 | train_loss: 0.9226 | miou: 0.5978 | f1_macro: 0.7180 | pixel_accuracy: 0.8630 | val_loss: 0.4694
Epoch 166/1000 | train_loss: 0.9121 | miou: 0.5997 | f1_macro: 0.7134 | pixel_accuracy: 0.8704 | val_loss: 0.4662
Epoch 167/1000 | train_loss: 0.8884 | miou: 0.6172 | f1_macro: 0.7329 | pixel_accuracy: 0.8729 | val_loss: 0.4248
Epoch 168/1000 | train_loss: 0.9098 | miou: 0.6016 | f1_macro: 0.7121 | pixel_accuracy: 0.8730 | val_loss: 0.4520
Epoch 169/1000 | train_loss: 0.8989 | miou: 0.5909 | f1_macro: 0.7177 | pixel_accuracy: 0.8415 | val_loss: 0.5264
Epoch 170/1000 | train_loss: 0.9255 | miou: 0.5797 | f1_macro: 0.6899 | pixel_accuracy: 0.8641 | val_loss: 0.4772
Epoch 171/1000 | train_loss: 0.9109 | miou: 0.6175 | f1_macro: 0.7334 | pixel_accuracy: 0.8756 | val_loss: 0.4418
Epoch 172/1000 | train_loss: 0.9075 | miou: 0.6113 | f1_macro: 0.7249 | pixel_accuracy: 0.8759 | val_loss: 0.4477
Epoch 173/1000 | train_loss: 0.8991 | miou: 0.6258 | f1_macro: 0.7421 | pixel_accuracy: 0.8762 | val_loss: 0.4365
Epoch 174/1000 | train_loss: 0.9201 | miou: 0.5960 | f1_macro: 0.7080 | pixel_accuracy: 0.8662 | val_loss: 0.4444
Epoch 175/1000 | train_loss: 0.9117 | miou: 0.6119 | f1_macro: 0.7305 | pixel_accuracy: 0.8659 | val_loss: 0.4430
Epoch 176/1000 | train_loss: 0.8944 | miou: 0.5980 | f1_macro: 0.7133 | pixel_accuracy: 0.8655 | val_loss: 0.4441
Epoch 177/1000 | train_loss: 0.8942 | miou: 0.6111 | f1_macro: 0.7265 | pixel_accuracy: 0.8730 | val_loss: 0.4796
Epoch 178/1000 | train_loss: 0.9068 | miou: 0.6296 | f1_macro: 0.7454 | pixel_accuracy: 0.8770 | val_loss: 0.4229
Epoch 179/1000 | train_loss: 0.9061 | miou: 0.6241 | f1_macro: 0.7412 | pixel_accuracy: 0.8751 | val_loss: 0.4379
Epoch 180/1000 | train_loss: 0.8957 | miou: 0.5965 | f1_macro: 0.7049 | pixel_accuracy: 0.8729 | val_loss: 0.4450
Epoch 181/1000 | train_loss: 0.8790 | miou: 0.6247 | f1_macro: 0.7419 | pixel_accuracy: 0.8757 | val_loss: 0.4193
Epoch 182/1000 | train_loss: 0.8865 | miou: 0.6170 | f1_macro: 0.7361 | pixel_accuracy: 0.8668 | val_loss: 0.4617
Epoch 183/1000 | train_loss: 0.9021 | miou: 0.6204 | f1_macro: 0.7327 | pixel_accuracy: 0.8790 | val_loss: 0.4367
Epoch 184/1000 | train_loss: 0.8841 | miou: 0.6115 | f1_macro: 0.7276 | pixel_accuracy: 0.8754 | val_loss: 0.4731
Epoch 185/1000 | train_loss: 0.8739 | miou: 0.5577 | f1_macro: 0.6745 | pixel_accuracy: 0.8495 | val_loss: 0.5117
Epoch 186/1000 | train_loss: 0.9024 | miou: 0.6312 | f1_macro: 0.7457 | pixel_accuracy: 0.8805 | val_loss: 0.4241
Epoch 187/1000 | train_loss: 0.8993 | miou: 0.6311 | f1_macro: 0.7451 | pixel_accuracy: 0.8840 | val_loss: 0.4004
Epoch 188/1000 | train_loss: 0.8870 | miou: 0.6348 | f1_macro: 0.7488 | pixel_accuracy: 0.8814 | val_loss: 0.4120
Epoch 189/1000 | train_loss: 0.9044 | miou: 0.6248 | f1_macro: 0.7371 | pixel_accuracy: 0.8812 | val_loss: 0.4370
Epoch 190/1000 | train_loss: 0.8920 | miou: 0.6485 | f1_macro: 0.7619 | pixel_accuracy: 0.8871 | val_loss: 0.3984
Epoch 191/1000 | train_loss: 0.8890 | miou: 0.6347 | f1_macro: 0.7509 | pixel_accuracy: 0.8770 | val_loss: 0.4190
Epoch 192/1000 | train_loss: 0.8889 | miou: 0.6438 | f1_macro: 0.7569 | pixel_accuracy: 0.8877 | val_loss: 0.3928
Epoch 193/1000 | train_loss: 0.8692 | miou: 0.6235 | f1_macro: 0.7424 | pixel_accuracy: 0.8722 | val_loss: 0.4468
Epoch 194/1000 | train_loss: 0.8856 | miou: 0.6284 | f1_macro: 0.7422 | pixel_accuracy: 0.8796 | val_loss: 0.3935
Epoch 195/1000 | train_loss: 0.8941 | miou: 0.6177 | f1_macro: 0.7324 | pixel_accuracy: 0.8741 | val_loss: 0.4348
Epoch 196/1000 | train_loss: 0.8978 | miou: 0.6318 | f1_macro: 0.7486 | pixel_accuracy: 0.8792 | val_loss: 0.4229
Epoch 197/1000 | train_loss: 0.8873 | miou: 0.6259 | f1_macro: 0.7426 | pixel_accuracy: 0.8756 | val_loss: 0.4600
Epoch 198/1000 | train_loss: 0.8835 | miou: 0.6413 | f1_macro: 0.7564 | pixel_accuracy: 0.8841 | val_loss: 0.4140
Epoch 199/1000 | train_loss: 0.8907 | miou: 0.6293 | f1_macro: 0.7451 | pixel_accuracy: 0.8751 | val_loss: 0.4258
Epoch 200/1000 | train_loss: 0.8899 | miou: 0.6368 | f1_macro: 0.7527 | pixel_accuracy: 0.8825 | val_loss: 0.4183
Epoch 201/1000 | train_loss: 0.8749 | miou: 0.6362 | f1_macro: 0.7516 | pixel_accuracy: 0.8826 | val_loss: 0.4156
Epoch 202/1000 | train_loss: 0.8782 | miou: 0.6391 | f1_macro: 0.7547 | pixel_accuracy: 0.8815 | val_loss: 0.3964
Epoch 203/1000 | train_loss: 0.8682 | miou: 0.6438 | f1_macro: 0.7577 | pixel_accuracy: 0.8877 | val_loss: 0.3965
Epoch 204/1000 | train_loss: 0.8872 | miou: 0.6448 | f1_macro: 0.7587 | pixel_accuracy: 0.8847 | val_loss: 0.4041
Epoch 205/1000 | train_loss: 0.8602 | miou: 0.6300 | f1_macro: 0.7467 | pixel_accuracy: 0.8760 | val_loss: 0.4073
Epoch 206/1000 | train_loss: 0.8725 | miou: 0.6324 | f1_macro: 0.7456 | pixel_accuracy: 0.8824 | val_loss: 0.4223
Epoch 207/1000 | train_loss: 0.8856 | miou: 0.6212 | f1_macro: 0.7345 | pixel_accuracy: 0.8812 | val_loss: 0.4307
Epoch 208/1000 | train_loss: 0.8690 | miou: 0.6558 | f1_macro: 0.7673 | pixel_accuracy: 0.8936 | val_loss: 0.3779
Epoch 209/1000 | train_loss: 0.8546 | miou: 0.6357 | f1_macro: 0.7534 | pixel_accuracy: 0.8773 | val_loss: 0.4249
Epoch 210/1000 | train_loss: 0.8650 | miou: 0.6527 | f1_macro: 0.7672 | pixel_accuracy: 0.8883 | val_loss: 0.3894
Epoch 211/1000 | train_loss: 0.8562 | miou: 0.6501 | f1_macro: 0.7655 | pixel_accuracy: 0.8823 | val_loss: 0.4089
Epoch 212/1000 | train_loss: 0.8661 | miou: 0.6450 | f1_macro: 0.7593 | pixel_accuracy: 0.8839 | val_loss: 0.4008
Epoch 213/1000 | train_loss: 0.8722 | miou: 0.6311 | f1_macro: 0.7490 | pixel_accuracy: 0.8765 | val_loss: 0.4257
Epoch 214/1000 | train_loss: 0.8831 | miou: 0.6611 | f1_macro: 0.7735 | pixel_accuracy: 0.8941 | val_loss: 0.3912
Epoch 215/1000 | train_loss: 0.8545 | miou: 0.6573 | f1_macro: 0.7684 | pixel_accuracy: 0.8935 | val_loss: 0.3773
Epoch 216/1000 | train_loss: 0.8539 | miou: 0.6544 | f1_macro: 0.7695 | pixel_accuracy: 0.8878 | val_loss: 0.3938
Epoch 217/1000 | train_loss: 0.8581 | miou: 0.6407 | f1_macro: 0.7544 | pixel_accuracy: 0.8873 | val_loss: 0.4092
Epoch 218/1000 | train_loss: 0.8592 | miou: 0.6348 | f1_macro: 0.7466 | pixel_accuracy: 0.8845 | val_loss: 0.4318
Epoch 219/1000 | train_loss: 0.8646 | miou: 0.6449 | f1_macro: 0.7573 | pixel_accuracy: 0.8892 | val_loss: 0.3976
Epoch 220/1000 | train_loss: 0.8633 | miou: 0.6608 | f1_macro: 0.7714 | pixel_accuracy: 0.8960 | val_loss: 0.3673
Epoch 221/1000 | train_loss: 0.8442 | miou: 0.6508 | f1_macro: 0.7624 | pixel_accuracy: 0.8907 | val_loss: 0.3742
Epoch 222/1000 | train_loss: 0.8592 | miou: 0.6554 | f1_macro: 0.7681 | pixel_accuracy: 0.8909 | val_loss: 0.3945
Epoch 223/1000 | train_loss: 0.8690 | miou: 0.6391 | f1_macro: 0.7503 | pixel_accuracy: 0.8889 | val_loss: 0.4071
Epoch 224/1000 | train_loss: 0.8717 | miou: 0.6223 | f1_macro: 0.7435 | pixel_accuracy: 0.8669 | val_loss: 0.4662
Epoch 225/1000 | train_loss: 0.8516 | miou: 0.6501 | f1_macro: 0.7642 | pixel_accuracy: 0.8893 | val_loss: 0.3983
Epoch 226/1000 | train_loss: 0.8805 | miou: 0.6548 | f1_macro: 0.7676 | pixel_accuracy: 0.8877 | val_loss: 0.3843
Epoch 227/1000 | train_loss: 0.8410 | miou: 0.6629 | f1_macro: 0.7737 | pixel_accuracy: 0.8961 | val_loss: 0.3969
Epoch 228/1000 | train_loss: 0.8582 | miou: 0.6430 | f1_macro: 0.7550 | pixel_accuracy: 0.8896 | val_loss: 0.4118
Epoch 229/1000 | train_loss: 0.8595 | miou: 0.6563 | f1_macro: 0.7677 | pixel_accuracy: 0.8915 | val_loss: 0.3817
Epoch 230/1000 | train_loss: 0.8458 | miou: 0.6616 | f1_macro: 0.7731 | pixel_accuracy: 0.8922 | val_loss: 0.3879
Epoch 231/1000 | train_loss: 0.8407 | miou: 0.6615 | f1_macro: 0.7745 | pixel_accuracy: 0.8894 | val_loss: 0.3887
Epoch 232/1000 | train_loss: 0.8484 | miou: 0.6768 | f1_macro: 0.7872 | pixel_accuracy: 0.9000 | val_loss: 0.3602
Epoch 233/1000 | train_loss: 0.8475 | miou: 0.6695 | f1_macro: 0.7801 | pixel_accuracy: 0.8969 | val_loss: 0.3738
Epoch 234/1000 | train_loss: 0.8318 | miou: 0.6538 | f1_macro: 0.7682 | pixel_accuracy: 0.8904 | val_loss: 0.4110
Epoch 235/1000 | train_loss: 0.8365 | miou: 0.6505 | f1_macro: 0.7658 | pixel_accuracy: 0.8885 | val_loss: 0.4025
Epoch 236/1000 | train_loss: 0.8356 | miou: 0.6583 | f1_macro: 0.7692 | pixel_accuracy: 0.8948 | val_loss: 0.3989
Epoch 237/1000 | train_loss: 0.8510 | miou: 0.6357 | f1_macro: 0.7540 | pixel_accuracy: 0.8742 | val_loss: 0.4311
Epoch 238/1000 | train_loss: 0.8503 | miou: 0.6547 | f1_macro: 0.7661 | pixel_accuracy: 0.8957 | val_loss: 0.3894
Epoch 239/1000 | train_loss: 0.8649 | miou: 0.6507 | f1_macro: 0.7634 | pixel_accuracy: 0.8892 | val_loss: 0.3819
Epoch 240/1000 | train_loss: 0.8246 | miou: 0.6664 | f1_macro: 0.7785 | pixel_accuracy: 0.8955 | val_loss: 0.3702
Epoch 241/1000 | train_loss: 0.8544 | miou: 0.6516 | f1_macro: 0.7658 | pixel_accuracy: 0.8889 | val_loss: 0.4083
Epoch 242/1000 | train_loss: 0.8456 | miou: 0.6564 | f1_macro: 0.7695 | pixel_accuracy: 0.8874 | val_loss: 0.3925
Epoch 243/1000 | train_loss: 0.8358 | miou: 0.6529 | f1_macro: 0.7646 | pixel_accuracy: 0.8930 | val_loss: 0.4032
Epoch 244/1000 | train_loss: 0.8412 | miou: 0.6709 | f1_macro: 0.7813 | pixel_accuracy: 0.9003 | val_loss: 0.3675
Epoch 245/1000 | train_loss: 0.8333 | miou: 0.6676 | f1_macro: 0.7772 | pixel_accuracy: 0.9003 | val_loss: 0.3686
Epoch 246/1000 | train_loss: 0.8375 | miou: 0.6242 | f1_macro: 0.7495 | pixel_accuracy: 0.8606 | val_loss: 0.4761
Epoch 247/1000 | train_loss: 0.8546 | miou: 0.6733 | f1_macro: 0.7836 | pixel_accuracy: 0.8992 | val_loss: 0.3849
Epoch 248/1000 | train_loss: 0.8496 | miou: 0.6716 | f1_macro: 0.7828 | pixel_accuracy: 0.8961 | val_loss: 0.3638
Epoch 249/1000 | train_loss: 0.8309 | miou: 0.6579 | f1_macro: 0.7699 | pixel_accuracy: 0.8951 | val_loss: 0.4048
Epoch 250/1000 | train_loss: 0.8324 | miou: 0.6635 | f1_macro: 0.7770 | pixel_accuracy: 0.8920 | val_loss: 0.3994
Epoch 251/1000 | train_loss: 0.8199 | miou: 0.6758 | f1_macro: 0.7848 | pixel_accuracy: 0.9026 | val_loss: 0.3511
Epoch 252/1000 | train_loss: 0.8331 | miou: 0.6894 | f1_macro: 0.7978 | pixel_accuracy: 0.9053 | val_loss: 0.3443
Epoch 253/1000 | train_loss: 0.8115 | miou: 0.6764 | f1_macro: 0.7860 | pixel_accuracy: 0.8998 | val_loss: 0.3635
Epoch 254/1000 | train_loss: 0.8552 | miou: 0.6385 | f1_macro: 0.7569 | pixel_accuracy: 0.8786 | val_loss: 0.4404
Epoch 255/1000 | train_loss: 0.8547 | miou: 0.6537 | f1_macro: 0.7690 | pixel_accuracy: 0.8869 | val_loss: 0.4009
Epoch 256/1000 | train_loss: 0.8318 | miou: 0.6595 | f1_macro: 0.7696 | pixel_accuracy: 0.8945 | val_loss: 0.3715
Epoch 257/1000 | train_loss: 0.8295 | miou: 0.6707 | f1_macro: 0.7836 | pixel_accuracy: 0.8943 | val_loss: 0.3767
Epoch 258/1000 | train_loss: 0.8406 | miou: 0.6822 | f1_macro: 0.7919 | pixel_accuracy: 0.9025 | val_loss: 0.3554
Epoch 259/1000 | train_loss: 0.8548 | miou: 0.6690 | f1_macro: 0.7823 | pixel_accuracy: 0.8938 | val_loss: 0.3790
Epoch 260/1000 | train_loss: 0.8502 | miou: 0.6758 | f1_macro: 0.7866 | pixel_accuracy: 0.8994 | val_loss: 0.3674
Epoch 261/1000 | train_loss: 0.8131 | miou: 0.6901 | f1_macro: 0.7987 | pixel_accuracy: 0.9052 | val_loss: 0.3544
Epoch 262/1000 | train_loss: 0.8168 | miou: 0.6831 | f1_macro: 0.7926 | pixel_accuracy: 0.9013 | val_loss: 0.3546
Epoch 263/1000 | train_loss: 0.8310 | miou: 0.6785 | f1_macro: 0.7890 | pixel_accuracy: 0.8998 | val_loss: 0.3613
Epoch 264/1000 | train_loss: 0.8320 | miou: 0.6605 | f1_macro: 0.7714 | pixel_accuracy: 0.8937 | val_loss: 0.3638
Epoch 265/1000 | train_loss: 0.8427 | miou: 0.6612 | f1_macro: 0.7731 | pixel_accuracy: 0.8943 | val_loss: 0.4055
Epoch 266/1000 | train_loss: 0.8342 | miou: 0.6810 | f1_macro: 0.7907 | pixel_accuracy: 0.9021 | val_loss: 0.3654
Epoch 267/1000 | train_loss: 0.8378 | miou: 0.6751 | f1_macro: 0.7877 | pixel_accuracy: 0.8971 | val_loss: 0.3697
Epoch 268/1000 | train_loss: 0.8371 | miou: 0.6692 | f1_macro: 0.7804 | pixel_accuracy: 0.8978 | val_loss: 0.3777
Epoch 269/1000 | train_loss: 0.8249 | miou: 0.6814 | f1_macro: 0.7926 | pixel_accuracy: 0.8990 | val_loss: 0.3715
Epoch 270/1000 | train_loss: 0.8096 | miou: 0.6801 | f1_macro: 0.7904 | pixel_accuracy: 0.8991 | val_loss: 0.3686
Epoch 271/1000 | train_loss: 0.8117 | miou: 0.6829 | f1_macro: 0.7923 | pixel_accuracy: 0.9023 | val_loss: 0.3568
Epoch 272/1000 | train_loss: 0.8341 | miou: 0.6866 | f1_macro: 0.7958 | pixel_accuracy: 0.9019 | val_loss: 0.3400
Epoch 273/1000 | train_loss: 0.8144 | miou: 0.6517 | f1_macro: 0.7635 | pixel_accuracy: 0.8959 | val_loss: 0.4300
Epoch 274/1000 | train_loss: 0.8601 | miou: 0.6845 | f1_macro: 0.7956 | pixel_accuracy: 0.8988 | val_loss: 0.3532
Epoch 275/1000 | train_loss: 0.8377 | miou: 0.6785 | f1_macro: 0.7898 | pixel_accuracy: 0.8980 | val_loss: 0.3696
Epoch 276/1000 | train_loss: 0.8229 | miou: 0.6740 | f1_macro: 0.7855 | pixel_accuracy: 0.8966 | val_loss: 0.3774
Epoch 277/1000 | train_loss: 0.8319 | miou: 0.6898 | f1_macro: 0.7981 | pixel_accuracy: 0.9049 | val_loss: 0.3486
Epoch 278/1000 | train_loss: 0.8169 | miou: 0.6833 | f1_macro: 0.7921 | pixel_accuracy: 0.9034 | val_loss: 0.3520
Epoch 279/1000 | train_loss: 0.8104 | miou: 0.6719 | f1_macro: 0.7867 | pixel_accuracy: 0.8914 | val_loss: 0.4091
Epoch 280/1000 | train_loss: 0.8335 | miou: 0.6715 | f1_macro: 0.7842 | pixel_accuracy: 0.8940 | val_loss: 0.3932
Epoch 281/1000 | train_loss: 0.8276 | miou: 0.6654 | f1_macro: 0.7772 | pixel_accuracy: 0.8940 | val_loss: 0.3736
Epoch 282/1000 | train_loss: 0.8199 | miou: 0.6812 | f1_macro: 0.7908 | pixel_accuracy: 0.9011 | val_loss: 0.3619
Epoch 283/1000 | train_loss: 0.8095 | miou: 0.6777 | f1_macro: 0.7887 | pixel_accuracy: 0.8992 | val_loss: 0.3851
Epoch 284/1000 | train_loss: 0.8138 | miou: 0.6866 | f1_macro: 0.7968 | pixel_accuracy: 0.9013 | val_loss: 0.3672
Epoch 285/1000 | train_loss: 0.8149 | miou: 0.6828 | f1_macro: 0.7928 | pixel_accuracy: 0.9003 | val_loss: 0.3648
Epoch 286/1000 | train_loss: 0.8254 | miou: 0.6933 | f1_macro: 0.8019 | pixel_accuracy: 0.9051 | val_loss: 0.3738
Epoch 287/1000 | train_loss: 0.8229 | miou: 0.6734 | f1_macro: 0.7833 | pixel_accuracy: 0.9002 | val_loss: 0.3907
Epoch 288/1000 | train_loss: 0.8147 | miou: 0.6766 | f1_macro: 0.7876 | pixel_accuracy: 0.8995 | val_loss: 0.3984
Epoch 289/1000 | train_loss: 0.8006 | miou: 0.6640 | f1_macro: 0.7757 | pixel_accuracy: 0.8949 | val_loss: 0.3914
Epoch 290/1000 | train_loss: 0.8146 | miou: 0.6705 | f1_macro: 0.7821 | pixel_accuracy: 0.8940 | val_loss: 0.3927
Epoch 291/1000 | train_loss: 0.8248 | miou: 0.6760 | f1_macro: 0.7866 | pixel_accuracy: 0.8970 | val_loss: 0.3849
Epoch 292/1000 | train_loss: 0.8196 | miou: 0.6507 | f1_macro: 0.7660 | pixel_accuracy: 0.8853 | val_loss: 0.4265
Epoch 293/1000 | train_loss: 0.8491 | miou: 0.6543 | f1_macro: 0.7666 | pixel_accuracy: 0.8909 | val_loss: 0.4130
Epoch 294/1000 | train_loss: 0.8259 | miou: 0.6894 | f1_macro: 0.7971 | pixel_accuracy: 0.9058 | val_loss: 0.3442
Epoch 295/1000 | train_loss: 0.7982 | miou: 0.6881 | f1_macro: 0.7974 | pixel_accuracy: 0.9043 | val_loss: 0.3588
Epoch 296/1000 | train_loss: 0.8109 | miou: 0.6892 | f1_macro: 0.8004 | pixel_accuracy: 0.9001 | val_loss: 0.3773
Epoch 297/1000 | train_loss: 0.7947 | miou: 0.6921 | f1_macro: 0.8005 | pixel_accuracy: 0.9039 | val_loss: 0.3517
Epoch 298/1000 | train_loss: 0.8073 | miou: 0.6763 | f1_macro: 0.7877 | pixel_accuracy: 0.8960 | val_loss: 0.4031
Epoch 299/1000 | train_loss: 0.7939 | miou: 0.6960 | f1_macro: 0.8035 | pixel_accuracy: 0.9088 | val_loss: 0.3575
Epoch 300/1000 | train_loss: 0.7986 | miou: 0.6803 | f1_macro: 0.7913 | pixel_accuracy: 0.8970 | val_loss: 0.3810
Epoch 301/1000 | train_loss: 0.8062 | miou: 0.6990 | f1_macro: 0.8065 | pixel_accuracy: 0.9071 | val_loss: 0.3729
Epoch 302/1000 | train_loss: 0.8066 | miou: 0.7002 | f1_macro: 0.8080 | pixel_accuracy: 0.9065 | val_loss: 0.3616
Epoch 303/1000 | train_loss: 0.8194 | miou: 0.6650 | f1_macro: 0.7757 | pixel_accuracy: 0.8989 | val_loss: 0.3795
Epoch 304/1000 | train_loss: 0.8080 | miou: 0.6789 | f1_macro: 0.7880 | pixel_accuracy: 0.9038 | val_loss: 0.3845
Epoch 305/1000 | train_loss: 0.8158 | miou: 0.6894 | f1_macro: 0.7978 | pixel_accuracy: 0.9035 | val_loss: 0.3664
Epoch 306/1000 | train_loss: 0.8650 | miou: 0.6767 | f1_macro: 0.7881 | pixel_accuracy: 0.8946 | val_loss: 0.3723
Epoch 307/1000 | train_loss: 0.8276 | miou: 0.6920 | f1_macro: 0.8013 | pixel_accuracy: 0.9034 | val_loss: 0.3647
Epoch 308/1000 | train_loss: 0.8040 | miou: 0.6933 | f1_macro: 0.8029 | pixel_accuracy: 0.9027 | val_loss: 0.3739
Epoch 309/1000 | train_loss: 0.8077 | miou: 0.6931 | f1_macro: 0.8013 | pixel_accuracy: 0.9069 | val_loss: 0.3536
Epoch 310/1000 | train_loss: 0.7945 | miou: 0.6894 | f1_macro: 0.7970 | pixel_accuracy: 0.9074 | val_loss: 0.3677
Epoch 311/1000 | train_loss: 0.7978 | miou: 0.6872 | f1_macro: 0.7972 | pixel_accuracy: 0.9006 | val_loss: 0.3729
Epoch 312/1000 | train_loss: 0.7863 | miou: 0.7051 | f1_macro: 0.8103 | pixel_accuracy: 0.9130 | val_loss: 0.3470
Epoch 313/1000 | train_loss: 0.8167 | miou: 0.6955 | f1_macro: 0.8017 | pixel_accuracy: 0.9095 | val_loss: 0.3649
Epoch 314/1000 | train_loss: 0.7982 | miou: 0.6660 | f1_macro: 0.7742 | pixel_accuracy: 0.9001 | val_loss: 0.4453
Epoch 315/1000 | train_loss: 0.8105 | miou: 0.6961 | f1_macro: 0.8050 | pixel_accuracy: 0.9057 | val_loss: 0.3829
Epoch 316/1000 | train_loss: 0.7948 | miou: 0.6993 | f1_macro: 0.8055 | pixel_accuracy: 0.9090 | val_loss: 0.3632
Epoch 317/1000 | train_loss: 0.7907 | miou: 0.6994 | f1_macro: 0.8067 | pixel_accuracy: 0.9087 | val_loss: 0.3713
Epoch 318/1000 | train_loss: 0.7919 | miou: 0.7031 | f1_macro: 0.8099 | pixel_accuracy: 0.9084 | val_loss: 0.3462
Epoch 319/1000 | train_loss: 0.8047 | miou: 0.7007 | f1_macro: 0.8071 | pixel_accuracy: 0.9100 | val_loss: 0.3607
Epoch 320/1000 | train_loss: 0.7936 | miou: 0.6942 | f1_macro: 0.8025 | pixel_accuracy: 0.9053 | val_loss: 0.3717
Epoch 321/1000 | train_loss: 0.7924 | miou: 0.6982 | f1_macro: 0.8053 | pixel_accuracy: 0.9061 | val_loss: 0.3746
Epoch 322/1000 | train_loss: 0.7900 | miou: 0.6816 | f1_macro: 0.7967 | pixel_accuracy: 0.8902 | val_loss: 0.4384
Epoch 323/1000 | train_loss: 0.8092 | miou: 0.6905 | f1_macro: 0.7982 | pixel_accuracy: 0.9068 | val_loss: 0.3821
Epoch 324/1000 | train_loss: 0.8081 | miou: 0.6879 | f1_macro: 0.7956 | pixel_accuracy: 0.9060 | val_loss: 0.3788
Epoch 325/1000 | train_loss: 0.8008 | miou: 0.6837 | f1_macro: 0.7908 | pixel_accuracy: 0.9062 | val_loss: 0.4233
Epoch 326/1000 | train_loss: 0.7877 | miou: 0.6918 | f1_macro: 0.8000 | pixel_accuracy: 0.9056 | val_loss: 0.3645
Epoch 327/1000 | train_loss: 0.8044 | miou: 0.6806 | f1_macro: 0.7898 | pixel_accuracy: 0.9028 | val_loss: 0.3830
Epoch 328/1000 | train_loss: 0.7864 | miou: 0.6988 | f1_macro: 0.8051 | pixel_accuracy: 0.9114 | val_loss: 0.3763
Epoch 329/1000 | train_loss: 0.7768 | miou: 0.7046 | f1_macro: 0.8100 | pixel_accuracy: 0.9128 | val_loss: 0.3730
Epoch 330/1000 | train_loss: 0.7763 | miou: 0.7071 | f1_macro: 0.8131 | pixel_accuracy: 0.9106 | val_loss: 0.3914
Epoch 331/1000 | train_loss: 0.7947 | miou: 0.7064 | f1_macro: 0.8128 | pixel_accuracy: 0.9108 | val_loss: 0.3704
Epoch 332/1000 | train_loss: 0.7910 | miou: 0.6786 | f1_macro: 0.7908 | pixel_accuracy: 0.8923 | val_loss: 0.4096
Epoch 333/1000 | train_loss: 0.7931 | miou: 0.6854 | f1_macro: 0.7947 | pixel_accuracy: 0.8984 | val_loss: 0.3917
Epoch 334/1000 | train_loss: 0.7869 | miou: 0.6751 | f1_macro: 0.7888 | pixel_accuracy: 0.8941 | val_loss: 0.4268
Epoch 335/1000 | train_loss: 0.7854 | miou: 0.6955 | f1_macro: 0.8040 | pixel_accuracy: 0.9050 | val_loss: 0.3738
Epoch 336/1000 | train_loss: 0.7997 | miou: 0.6964 | f1_macro: 0.8039 | pixel_accuracy: 0.9069 | val_loss: 0.3690
Epoch 337/1000 | train_loss: 0.7947 | miou: 0.7007 | f1_macro: 0.8077 | pixel_accuracy: 0.9062 | val_loss: 0.3780
Epoch 338/1000 | train_loss: 0.8056 | miou: 0.6875 | f1_macro: 0.7955 | pixel_accuracy: 0.9064 | val_loss: 0.3808
Epoch 339/1000 | train_loss: 0.7966 | miou: 0.7028 | f1_macro: 0.8091 | pixel_accuracy: 0.9076 | val_loss: 0.3675
Epoch 340/1000 | train_loss: 0.7967 | miou: 0.7152 | f1_macro: 0.8191 | pixel_accuracy: 0.9149 | val_loss: 0.3586
Epoch 341/1000 | train_loss: 0.7912 | miou: 0.7095 | f1_macro: 0.8138 | pixel_accuracy: 0.9141 | val_loss: 0.3652
Epoch 342/1000 | train_loss: 0.7778 | miou: 0.7116 | f1_macro: 0.8162 | pixel_accuracy: 0.9136 | val_loss: 0.3423
Epoch 343/1000 | train_loss: 0.7658 | miou: 0.7075 | f1_macro: 0.8126 | pixel_accuracy: 0.9121 | val_loss: 0.3828
Epoch 344/1000 | train_loss: 0.8014 | miou: 0.7032 | f1_macro: 0.8090 | pixel_accuracy: 0.9102 | val_loss: 0.3613
Epoch 345/1000 | train_loss: 0.7910 | miou: 0.7055 | f1_macro: 0.8117 | pixel_accuracy: 0.9092 | val_loss: 0.3884
Epoch 346/1000 | train_loss: 0.7807 | miou: 0.6874 | f1_macro: 0.7969 | pixel_accuracy: 0.9037 | val_loss: 0.3887
Epoch 347/1000 | train_loss: 0.7750 | miou: 0.6962 | f1_macro: 0.8056 | pixel_accuracy: 0.9027 | val_loss: 0.3620
Epoch 348/1000 | train_loss: 0.7827 | miou: 0.6954 | f1_macro: 0.8019 | pixel_accuracy: 0.9092 | val_loss: 0.3741
Epoch 349/1000 | train_loss: 0.7831 | miou: 0.7117 | f1_macro: 0.8156 | pixel_accuracy: 0.9141 | val_loss: 0.3626
Epoch 350/1000 | train_loss: 0.7783 | miou: 0.7039 | f1_macro: 0.8100 | pixel_accuracy: 0.9108 | val_loss: 0.3828
Epoch 351/1000 | train_loss: 0.7717 | miou: 0.6906 | f1_macro: 0.7979 | pixel_accuracy: 0.9087 | val_loss: 0.3995
Epoch 352/1000 | train_loss: 0.7899 | miou: 0.6847 | f1_macro: 0.7971 | pixel_accuracy: 0.8953 | val_loss: 0.4573
Epoch 353/1000 | train_loss: 0.7974 | miou: 0.6571 | f1_macro: 0.7717 | pixel_accuracy: 0.8846 | val_loss: 0.4279
Epoch 354/1000 | train_loss: 0.8140 | miou: 0.6946 | f1_macro: 0.8030 | pixel_accuracy: 0.9050 | val_loss: 0.3696
Epoch 355/1000 | train_loss: 0.8038 | miou: 0.7069 | f1_macro: 0.8127 | pixel_accuracy: 0.9101 | val_loss: 0.3496
Epoch 356/1000 | train_loss: 0.7779 | miou: 0.7077 | f1_macro: 0.8140 | pixel_accuracy: 0.9088 | val_loss: 0.3793
Epoch 357/1000 | train_loss: 0.7672 | miou: 0.7093 | f1_macro: 0.8143 | pixel_accuracy: 0.9124 | val_loss: 0.3919
Epoch 358/1000 | train_loss: 0.7754 | miou: 0.7092 | f1_macro: 0.8139 | pixel_accuracy: 0.9104 | val_loss: 0.3828
Epoch 359/1000 | train_loss: 0.7695 | miou: 0.7095 | f1_macro: 0.8137 | pixel_accuracy: 0.9138 | val_loss: 0.3884
Epoch 360/1000 | train_loss: 0.7770 | miou: 0.6910 | f1_macro: 0.7986 | pixel_accuracy: 0.9049 | val_loss: 0.4078
Epoch 361/1000 | train_loss: 0.7703 | miou: 0.7074 | f1_macro: 0.8119 | pixel_accuracy: 0.9137 | val_loss: 0.4278
Epoch 362/1000 | train_loss: 0.7635 | miou: 0.7091 | f1_macro: 0.8141 | pixel_accuracy: 0.9117 | val_loss: 0.3821
Epoch 363/1000 | train_loss: 0.7797 | miou: 0.7065 | f1_macro: 0.8126 | pixel_accuracy: 0.9095 | val_loss: 0.3706
Epoch 364/1000 | train_loss: 0.7938 | miou: 0.6669 | f1_macro: 0.7759 | pixel_accuracy: 0.8995 | val_loss: 0.4316
Epoch 365/1000 | train_loss: 0.7783 | miou: 0.7080 | f1_macro: 0.8128 | pixel_accuracy: 0.9123 | val_loss: 0.3873
Epoch 366/1000 | train_loss: 0.7583 | miou: 0.7055 | f1_macro: 0.8101 | pixel_accuracy: 0.9143 | val_loss: 0.3799
Epoch 367/1000 | train_loss: 0.7765 | miou: 0.6908 | f1_macro: 0.7982 | pixel_accuracy: 0.9063 | val_loss: 0.3908
Epoch 368/1000 | train_loss: 0.7763 | miou: 0.7050 | f1_macro: 0.8118 | pixel_accuracy: 0.9084 | val_loss: 0.4082
Epoch 369/1000 | train_loss: 0.7688 | miou: 0.7009 | f1_macro: 0.8076 | pixel_accuracy: 0.9088 | val_loss: 0.4036
Epoch 370/1000 | train_loss: 0.7740 | miou: 0.7100 | f1_macro: 0.8150 | pixel_accuracy: 0.9110 | val_loss: 0.3915
Epoch 371/1000 | train_loss: 0.7730 | miou: 0.7065 | f1_macro: 0.8114 | pixel_accuracy: 0.9132 | val_loss: 0.4425
Epoch 372/1000 | train_loss: 0.7775 | miou: 0.7083 | f1_macro: 0.8124 | pixel_accuracy: 0.9148 | val_loss: 0.4058
Epoch 373/1000 | train_loss: 0.7676 | miou: 0.7060 | f1_macro: 0.8120 | pixel_accuracy: 0.9099 | val_loss: 0.3820
Epoch 374/1000 | train_loss: 0.7907 | miou: 0.6743 | f1_macro: 0.7899 | pixel_accuracy: 0.8904 | val_loss: 0.4429
Epoch 375/1000 | train_loss: 0.7745 | miou: 0.6919 | f1_macro: 0.8018 | pixel_accuracy: 0.9021 | val_loss: 0.4275
Epoch 376/1000 | train_loss: 0.7727 | miou: 0.6957 | f1_macro: 0.8033 | pixel_accuracy: 0.9056 | val_loss: 0.4135
Epoch 377/1000 | train_loss: 0.7762 | miou: 0.6982 | f1_macro: 0.8072 | pixel_accuracy: 0.9032 | val_loss: 0.4027
Epoch 378/1000 | train_loss: 0.7608 | miou: 0.7042 | f1_macro: 0.8112 | pixel_accuracy: 0.9077 | val_loss: 0.3705
Epoch 379/1000 | train_loss: 0.7697 | miou: 0.6728 | f1_macro: 0.7836 | pixel_accuracy: 0.8971 | val_loss: 0.4324
Epoch 380/1000 | train_loss: 0.7870 | miou: 0.6969 | f1_macro: 0.8054 | pixel_accuracy: 0.9043 | val_loss: 0.4037
Epoch 381/1000 | train_loss: 0.7780 | miou: 0.7020 | f1_macro: 0.8079 | pixel_accuracy: 0.9114 | val_loss: 0.3878
Epoch 382/1000 | train_loss: 0.7623 | miou: 0.7101 | f1_macro: 0.8146 | pixel_accuracy: 0.9136 | val_loss: 0.4093
Epoch 383/1000 | train_loss: 0.7661 | miou: 0.7045 | f1_macro: 0.8111 | pixel_accuracy: 0.9090 | val_loss: 0.4170
Epoch 384/1000 | train_loss: 0.7651 | miou: 0.7114 | f1_macro: 0.8167 | pixel_accuracy: 0.9119 | val_loss: 0.3999
Epoch 385/1000 | train_loss: 0.7928 | miou: 0.6664 | f1_macro: 0.7851 | pixel_accuracy: 0.8826 | val_loss: 0.5063
Epoch 386/1000 | train_loss: 0.7670 | miou: 0.6686 | f1_macro: 0.7774 | pixel_accuracy: 0.8981 | val_loss: 0.4072
Epoch 387/1000 | train_loss: 0.7864 | miou: 0.7083 | f1_macro: 0.8132 | pixel_accuracy: 0.9128 | val_loss: 0.3721
Epoch 388/1000 | train_loss: 0.7684 | miou: 0.7084 | f1_macro: 0.8145 | pixel_accuracy: 0.9098 | val_loss: 0.4037
Epoch 389/1000 | train_loss: 0.7635 | miou: 0.7029 | f1_macro: 0.8116 | pixel_accuracy: 0.9031 | val_loss: 0.4217
Epoch 390/1000 | train_loss: 0.7686 | miou: 0.6997 | f1_macro: 0.8056 | pixel_accuracy: 0.9101 | val_loss: 0.3922
Epoch 391/1000 | train_loss: 0.7741 | miou: 0.6984 | f1_macro: 0.8046 | pixel_accuracy: 0.9103 | val_loss: 0.4188
Epoch 392/1000 | train_loss: 0.7697 | miou: 0.7085 | f1_macro: 0.8147 | pixel_accuracy: 0.9103 | val_loss: 0.3837
Epoch 393/1000 | train_loss: 0.7514 | miou: 0.7075 | f1_macro: 0.8128 | pixel_accuracy: 0.9110 | val_loss: 0.3997
Epoch 394/1000 | train_loss: 0.7619 | miou: 0.6996 | f1_macro: 0.8080 | pixel_accuracy: 0.9046 | val_loss: 0.4129
Epoch 395/1000 | train_loss: 0.7480 | miou: 0.7061 | f1_macro: 0.8119 | pixel_accuracy: 0.9113 | val_loss: 0.4208
Epoch 396/1000 | train_loss: 0.7532 | miou: 0.6991 | f1_macro: 0.8061 | pixel_accuracy: 0.9071 | val_loss: 0.4041
Epoch 397/1000 | train_loss: 0.7594 | miou: 0.7125 | f1_macro: 0.8169 | pixel_accuracy: 0.9142 | val_loss: 0.4210
Epoch 398/1000 | train_loss: 0.7628 | miou: 0.7170 | f1_macro: 0.8198 | pixel_accuracy: 0.9169 | val_loss: 0.3965
Epoch 399/1000 | train_loss: 0.7527 | miou: 0.6984 | f1_macro: 0.8069 | pixel_accuracy: 0.9034 | val_loss: 0.3906
Epoch 400/1000 | train_loss: 0.7602 | miou: 0.7183 | f1_macro: 0.8207 | pixel_accuracy: 0.9171 | val_loss: 0.3978
Epoch 401/1000 | train_loss: 0.7631 | miou: 0.6549 | f1_macro: 0.7723 | pixel_accuracy: 0.8840 | val_loss: 0.5927
Epoch 402/1000 | train_loss: 0.8312 | miou: 0.6653 | f1_macro: 0.7814 | pixel_accuracy: 0.8875 | val_loss: 0.4462
Epoch 403/1000 | train_loss: 0.7814 | miou: 0.7034 | f1_macro: 0.8111 | pixel_accuracy: 0.9064 | val_loss: 0.3823
Epoch 404/1000 | train_loss: 0.7583 | miou: 0.7129 | f1_macro: 0.8180 | pixel_accuracy: 0.9122 | val_loss: 0.3637
Epoch 405/1000 | train_loss: 0.7658 | miou: 0.7030 | f1_macro: 0.8092 | pixel_accuracy: 0.9096 | val_loss: 0.3951
Epoch 406/1000 | train_loss: 0.7652 | miou: 0.7043 | f1_macro: 0.8093 | pixel_accuracy: 0.9126 | val_loss: 0.4097
Epoch 407/1000 | train_loss: 0.7564 | miou: 0.7001 | f1_macro: 0.8069 | pixel_accuracy: 0.9084 | val_loss: 0.4070
Epoch 408/1000 | train_loss: 0.7599 | miou: 0.7065 | f1_macro: 0.8126 | pixel_accuracy: 0.9090 | val_loss: 0.4026
Epoch 409/1000 | train_loss: 0.7523 | miou: 0.7226 | f1_macro: 0.8254 | pixel_accuracy: 0.9161 | val_loss: 0.3877
Epoch 410/1000 | train_loss: 0.7426 | miou: 0.7172 | f1_macro: 0.8210 | pixel_accuracy: 0.9144 | val_loss: 0.3821
Epoch 411/1000 | train_loss: 0.7522 | miou: 0.7127 | f1_macro: 0.8170 | pixel_accuracy: 0.9135 | val_loss: 0.4251
Epoch 412/1000 | train_loss: 0.7395 | miou: 0.7183 | f1_macro: 0.8214 | pixel_accuracy: 0.9165 | val_loss: 0.3719
Epoch 413/1000 | train_loss: 0.7389 | miou: 0.7140 | f1_macro: 0.8192 | pixel_accuracy: 0.9117 | val_loss: 0.4204
Epoch 414/1000 | train_loss: 0.7393 | miou: 0.7015 | f1_macro: 0.8099 | pixel_accuracy: 0.9038 | val_loss: 0.4528
Epoch 415/1000 | train_loss: 0.7638 | miou: 0.7087 | f1_macro: 0.8140 | pixel_accuracy: 0.9115 | val_loss: 0.3863
Epoch 416/1000 | train_loss: 0.7618 | miou: 0.7053 | f1_macro: 0.8114 | pixel_accuracy: 0.9098 | val_loss: 0.3806
Epoch 417/1000 | train_loss: 0.7560 | miou: 0.7139 | f1_macro: 0.8185 | pixel_accuracy: 0.9140 | val_loss: 0.4288
Epoch 418/1000 | train_loss: 0.7595 | miou: 0.7097 | f1_macro: 0.8155 | pixel_accuracy: 0.9110 | val_loss: 0.4224
Epoch 419/1000 | train_loss: 0.7485 | miou: 0.6954 | f1_macro: 0.8063 | pixel_accuracy: 0.8988 | val_loss: 0.4773
Epoch 420/1000 | train_loss: 0.9265 | miou: 0.6433 | f1_macro: 0.7549 | pixel_accuracy: 0.8880 | val_loss: 0.5308
Epoch 421/1000 | train_loss: 0.7963 | miou: 0.7043 | f1_macro: 0.8102 | pixel_accuracy: 0.9098 | val_loss: 0.3801
Epoch 422/1000 | train_loss: 0.7717 | miou: 0.6759 | f1_macro: 0.7911 | pixel_accuracy: 0.8890 | val_loss: 0.4344
Epoch 423/1000 | train_loss: 0.7662 | miou: 0.7055 | f1_macro: 0.8115 | pixel_accuracy: 0.9108 | val_loss: 0.3967
Epoch 424/1000 | train_loss: 0.7560 | miou: 0.7122 | f1_macro: 0.8166 | pixel_accuracy: 0.9137 | val_loss: 0.3797
Epoch 425/1000 | train_loss: 0.7771 | miou: 0.7028 | f1_macro: 0.8089 | pixel_accuracy: 0.9110 | val_loss: 0.4060
Epoch 426/1000 | train_loss: 0.7560 | miou: 0.7117 | f1_macro: 0.8167 | pixel_accuracy: 0.9131 | val_loss: 0.3873
Epoch 427/1000 | train_loss: 0.7441 | miou: 0.7060 | f1_macro: 0.8118 | pixel_accuracy: 0.9099 | val_loss: 0.4266
Epoch 428/1000 | train_loss: 0.7480 | miou: 0.7008 | f1_macro: 0.8087 | pixel_accuracy: 0.9055 | val_loss: 0.4127
Epoch 429/1000 | train_loss: 0.7496 | miou: 0.7139 | f1_macro: 0.8186 | pixel_accuracy: 0.9129 | val_loss: 0.3950
Epoch 430/1000 | train_loss: 0.7541 | miou: 0.7175 | f1_macro: 0.8211 | pixel_accuracy: 0.9149 | val_loss: 0.4102
Epoch 431/1000 | train_loss: 0.7438 | miou: 0.7041 | f1_macro: 0.8101 | pixel_accuracy: 0.9101 | val_loss: 0.4411
Epoch 432/1000 | train_loss: 0.7454 | miou: 0.7131 | f1_macro: 0.8173 | pixel_accuracy: 0.9146 | val_loss: 0.4286
Epoch 433/1000 | train_loss: 0.7603 | miou: 0.7198 | f1_macro: 0.8224 | pixel_accuracy: 0.9166 | val_loss: 0.3718
Epoch 434/1000 | train_loss: 0.7558 | miou: 0.7168 | f1_macro: 0.8200 | pixel_accuracy: 0.9168 | val_loss: 0.4121
Epoch 435/1000 | train_loss: 0.7400 | miou: 0.7191 | f1_macro: 0.8218 | pixel_accuracy: 0.9170 | val_loss: 0.4091
Epoch 436/1000 | train_loss: 0.7498 | miou: 0.7032 | f1_macro: 0.8092 | pixel_accuracy: 0.9094 | val_loss: 0.4332
Epoch 437/1000 | train_loss: 0.7489 | miou: 0.7132 | f1_macro: 0.8169 | pixel_accuracy: 0.9149 | val_loss: 0.4112
Epoch 438/1000 | train_loss: 0.7386 | miou: 0.7209 | f1_macro: 0.8236 | pixel_accuracy: 0.9168 | val_loss: 0.3891
Epoch 439/1000 | train_loss: 0.7360 | miou: 0.7162 | f1_macro: 0.8194 | pixel_accuracy: 0.9155 | val_loss: 0.4358
Epoch 440/1000 | train_loss: 0.7530 | miou: 0.7174 | f1_macro: 0.8209 | pixel_accuracy: 0.9155 | val_loss: 0.4139
Epoch 441/1000 | train_loss: 0.7582 | miou: 0.6983 | f1_macro: 0.8059 | pixel_accuracy: 0.9083 | val_loss: 0.4368
Epoch 442/1000 | train_loss: 0.7847 | miou: 0.6935 | f1_macro: 0.8032 | pixel_accuracy: 0.9024 | val_loss: 0.4082
Epoch 443/1000 | train_loss: 0.7833 | miou: 0.6962 | f1_macro: 0.8059 | pixel_accuracy: 0.9018 | val_loss: 0.4459
Epoch 444/1000 | train_loss: 0.7596 | miou: 0.7192 | f1_macro: 0.8232 | pixel_accuracy: 0.9135 | val_loss: 0.3801
Epoch 445/1000 | train_loss: 0.7454 | miou: 0.7102 | f1_macro: 0.8166 | pixel_accuracy: 0.9089 | val_loss: 0.4397
Epoch 446/1000 | train_loss: 0.7488 | miou: 0.7180 | f1_macro: 0.8221 | pixel_accuracy: 0.9144 | val_loss: 0.4154
Epoch 447/1000 | train_loss: 0.7537 | miou: 0.7159 | f1_macro: 0.8211 | pixel_accuracy: 0.9118 | val_loss: 0.4218
Epoch 448/1000 | train_loss: 0.7335 | miou: 0.7158 | f1_macro: 0.8188 | pixel_accuracy: 0.9156 | val_loss: 0.4198
Epoch 449/1000 | train_loss: 0.7410 | miou: 0.7069 | f1_macro: 0.8118 | pixel_accuracy: 0.9139 | val_loss: 0.4094
Epoch 450/1000 | train_loss: 0.7400 | miou: 0.7233 | f1_macro: 0.8257 | pixel_accuracy: 0.9167 | val_loss: 0.4061
Epoch 451/1000 | train_loss: 0.7455 | miou: 0.7253 | f1_macro: 0.8271 | pixel_accuracy: 0.9190 | val_loss: 0.4180
Epoch 452/1000 | train_loss: 0.7414 | miou: 0.7197 | f1_macro: 0.8229 | pixel_accuracy: 0.9169 | val_loss: 0.4460
Epoch 453/1000 | train_loss: 0.7429 | miou: 0.7234 | f1_macro: 0.8256 | pixel_accuracy: 0.9182 | val_loss: 0.4303
Epoch 454/1000 | train_loss: 0.7480 | miou: 0.6967 | f1_macro: 0.8040 | pixel_accuracy: 0.9074 | val_loss: 0.4614
Epoch 455/1000 | train_loss: 0.7452 | miou: 0.7080 | f1_macro: 0.8135 | pixel_accuracy: 0.9126 | val_loss: 0.4501
Epoch 456/1000 | train_loss: 0.7474 | miou: 0.7169 | f1_macro: 0.8210 | pixel_accuracy: 0.9137 | val_loss: 0.4372
Epoch 457/1000 | train_loss: 0.7294 | miou: 0.7240 | f1_macro: 0.8260 | pixel_accuracy: 0.9173 | val_loss: 0.4389
Epoch 458/1000 | train_loss: 0.7592 | miou: 0.6885 | f1_macro: 0.7971 | pixel_accuracy: 0.9008 | val_loss: 0.4644
Epoch 459/1000 | train_loss: 0.7562 | miou: 0.6900 | f1_macro: 0.7979 | pixel_accuracy: 0.9061 | val_loss: 0.4489
Epoch 460/1000 | train_loss: 0.7500 | miou: 0.7112 | f1_macro: 0.8157 | pixel_accuracy: 0.9138 | val_loss: 0.4031
Epoch 461/1000 | train_loss: 0.7621 | miou: 0.6882 | f1_macro: 0.7974 | pixel_accuracy: 0.9014 | val_loss: 0.4435
Epoch 462/1000 | train_loss: 0.7915 | miou: 0.6996 | f1_macro: 0.8060 | pixel_accuracy: 0.9076 | val_loss: 0.4253
Epoch 463/1000 | train_loss: 0.7449 | miou: 0.7078 | f1_macro: 0.8141 | pixel_accuracy: 0.9092 | val_loss: 0.4235
Epoch 464/1000 | train_loss: 0.7379 | miou: 0.7161 | f1_macro: 0.8204 | pixel_accuracy: 0.9132 | val_loss: 0.4584
Epoch 465/1000 | train_loss: 0.7443 | miou: 0.7153 | f1_macro: 0.8192 | pixel_accuracy: 0.9151 | val_loss: 0.4343
Epoch 466/1000 | train_loss: 0.7365 | miou: 0.7203 | f1_macro: 0.8234 | pixel_accuracy: 0.9156 | val_loss: 0.4558
Epoch 467/1000 | train_loss: 0.7348 | miou: 0.7166 | f1_macro: 0.8203 | pixel_accuracy: 0.9146 | val_loss: 0.4116
Epoch 468/1000 | train_loss: 0.7554 | miou: 0.7166 | f1_macro: 0.8208 | pixel_accuracy: 0.9145 | val_loss: 0.4271
Epoch 469/1000 | train_loss: 0.7330 | miou: 0.7153 | f1_macro: 0.8189 | pixel_accuracy: 0.9150 | val_loss: 0.4464
Epoch 470/1000 | train_loss: 0.7432 | miou: 0.7208 | f1_macro: 0.8240 | pixel_accuracy: 0.9154 | val_loss: 0.4153
Epoch 471/1000 | train_loss: 0.7522 | miou: 0.7213 | f1_macro: 0.8235 | pixel_accuracy: 0.9177 | val_loss: 0.4477
Epoch 472/1000 | train_loss: 0.7475 | miou: 0.7156 | f1_macro: 0.8195 | pixel_accuracy: 0.9151 | val_loss: 0.4176
Epoch 473/1000 | train_loss: 0.7426 | miou: 0.7125 | f1_macro: 0.8178 | pixel_accuracy: 0.9117 | val_loss: 0.4270
Epoch 474/1000 | train_loss: 0.7566 | miou: 0.6974 | f1_macro: 0.8072 | pixel_accuracy: 0.9029 | val_loss: 0.4393
Epoch 475/1000 | train_loss: 0.7469 | miou: 0.7104 | f1_macro: 0.8156 | pixel_accuracy: 0.9117 | val_loss: 0.4203
Epoch 476/1000 | train_loss: 0.7357 | miou: 0.7219 | f1_macro: 0.8250 | pixel_accuracy: 0.9160 | val_loss: 0.4749
Epoch 477/1000 | train_loss: 0.7457 | miou: 0.7113 | f1_macro: 0.8156 | pixel_accuracy: 0.9142 | val_loss: 0.4023
Epoch 478/1000 | train_loss: 0.7246 | miou: 0.7176 | f1_macro: 0.8213 | pixel_accuracy: 0.9155 | val_loss: 0.4570
Epoch 479/1000 | train_loss: 0.7427 | miou: 0.7203 | f1_macro: 0.8241 | pixel_accuracy: 0.9148 | val_loss: 0.4359
Epoch 480/1000 | train_loss: 0.7391 | miou: 0.7091 | f1_macro: 0.8142 | pixel_accuracy: 0.9115 | val_loss: 0.4650
Epoch 481/1000 | train_loss: 0.7377 | miou: 0.7159 | f1_macro: 0.8201 | pixel_accuracy: 0.9146 | val_loss: 0.4621
Epoch 482/1000 | train_loss: 0.7509 | miou: 0.7067 | f1_macro: 0.8139 | pixel_accuracy: 0.9083 | val_loss: 0.4237
Epoch 483/1000 | train_loss: 0.7509 | miou: 0.7233 | f1_macro: 0.8257 | pixel_accuracy: 0.9173 | val_loss: 0.4368
Epoch 484/1000 | train_loss: 0.7407 | miou: 0.7142 | f1_macro: 0.8177 | pixel_accuracy: 0.9150 | val_loss: 0.4608
Epoch 485/1000 | train_loss: 0.7322 | miou: 0.7271 | f1_macro: 0.8285 | pixel_accuracy: 0.9186 | val_loss: 0.4218
Epoch 486/1000 | train_loss: 0.7549 | miou: 0.7148 | f1_macro: 0.8191 | pixel_accuracy: 0.9145 | val_loss: 0.4003
Epoch 487/1000 | train_loss: 0.7450 | miou: 0.7192 | f1_macro: 0.8223 | pixel_accuracy: 0.9166 | val_loss: 0.4427
Epoch 488/1000 | train_loss: 0.7431 | miou: 0.7177 | f1_macro: 0.8219 | pixel_accuracy: 0.9136 | val_loss: 0.4509
Epoch 489/1000 | train_loss: 0.7456 | miou: 0.7229 | f1_macro: 0.8258 | pixel_accuracy: 0.9165 | val_loss: 0.4437
Epoch 490/1000 | train_loss: 0.7373 | miou: 0.6918 | f1_macro: 0.8000 | pixel_accuracy: 0.9052 | val_loss: 0.4557
Epoch 491/1000 | train_loss: 0.7666 | miou: 0.6983 | f1_macro: 0.8067 | pixel_accuracy: 0.9052 | val_loss: 0.4421
Epoch 492/1000 | train_loss: 0.7359 | miou: 0.7239 | f1_macro: 0.8262 | pixel_accuracy: 0.9175 | val_loss: 0.4344
Epoch 493/1000 | train_loss: 0.7529 | miou: 0.7214 | f1_macro: 0.8237 | pixel_accuracy: 0.9177 | val_loss: 0.4327
Epoch 494/1000 | train_loss: 0.7359 | miou: 0.7186 | f1_macro: 0.8222 | pixel_accuracy: 0.9149 | val_loss: 0.4714
Epoch 495/1000 | train_loss: 0.7517 | miou: 0.7126 | f1_macro: 0.8187 | pixel_accuracy: 0.9091 | val_loss: 0.4276
Epoch 496/1000 | train_loss: 0.7584 | miou: 0.7094 | f1_macro: 0.8137 | pixel_accuracy: 0.9131 | val_loss: 0.4422
Epoch 497/1000 | train_loss: 0.7445 | miou: 0.7119 | f1_macro: 0.8168 | pixel_accuracy: 0.9106 | val_loss: 0.4737
Epoch 498/1000 | train_loss: 0.7402 | miou: 0.7224 | f1_macro: 0.8255 | pixel_accuracy: 0.9158 | val_loss: 0.4549
Epoch 499/1000 | train_loss: 0.7335 | miou: 0.7210 | f1_macro: 0.8237 | pixel_accuracy: 0.9165 | val_loss: 0.4246
Epoch 500/1000 | train_loss: 0.7221 | miou: 0.7229 | f1_macro: 0.8254 | pixel_accuracy: 0.9172 | val_loss: 0.4759
Epoch 501/1000 | train_loss: 0.7290 | miou: 0.7256 | f1_macro: 0.8276 | pixel_accuracy: 0.9179 | val_loss: 0.4920
Epoch 502/1000 | train_loss: 0.7263 | miou: 0.7164 | f1_macro: 0.8196 | pixel_accuracy: 0.9152 | val_loss: 0.4774
Epoch 503/1000 | train_loss: 0.7264 | miou: 0.7270 | f1_macro: 0.8287 | pixel_accuracy: 0.9192 | val_loss: 0.4458
Epoch 504/1000 | train_loss: 0.7311 | miou: 0.7252 | f1_macro: 0.8269 | pixel_accuracy: 0.9184 | val_loss: 0.4638
Epoch 505/1000 | train_loss: 0.7360 | miou: 0.7143 | f1_macro: 0.8198 | pixel_accuracy: 0.9113 | val_loss: 0.4653
Epoch 506/1000 | train_loss: 0.7293 | miou: 0.7194 | f1_macro: 0.8234 | pixel_accuracy: 0.9137 | val_loss: 0.4632
Epoch 507/1000 | train_loss: 0.7467 | miou: 0.7090 | f1_macro: 0.8151 | pixel_accuracy: 0.9105 | val_loss: 0.5034
Epoch 508/1000 | train_loss: 0.8193 | miou: 0.7091 | f1_macro: 0.8148 | pixel_accuracy: 0.9097 | val_loss: 0.4329
Epoch 509/1000 | train_loss: 0.7602 | miou: 0.7044 | f1_macro: 0.8115 | pixel_accuracy: 0.9061 | val_loss: 0.4319
Epoch 510/1000 | train_loss: 0.7475 | miou: 0.7193 | f1_macro: 0.8224 | pixel_accuracy: 0.9161 | val_loss: 0.4423
Epoch 511/1000 | train_loss: 0.7490 | miou: 0.7162 | f1_macro: 0.8212 | pixel_accuracy: 0.9117 | val_loss: 0.4728
Epoch 512/1000 | train_loss: 0.7236 | miou: 0.7248 | f1_macro: 0.8271 | pixel_accuracy: 0.9169 | val_loss: 0.4502
Epoch 513/1000 | train_loss: 0.7349 | miou: 0.7194 | f1_macro: 0.8230 | pixel_accuracy: 0.9149 | val_loss: 0.4509
Epoch 514/1000 | train_loss: 0.7379 | miou: 0.7180 | f1_macro: 0.8212 | pixel_accuracy: 0.9165 | val_loss: 0.4176
Epoch 515/1000 | train_loss: 0.7331 | miou: 0.7174 | f1_macro: 0.8217 | pixel_accuracy: 0.9136 | val_loss: 0.4446
Epoch 516/1000 | train_loss: 0.7360 | miou: 0.7229 | f1_macro: 0.8256 | pixel_accuracy: 0.9164 | val_loss: 0.4624
Epoch 517/1000 | train_loss: 0.7242 | miou: 0.7203 | f1_macro: 0.8239 | pixel_accuracy: 0.9142 | val_loss: 0.4467
Epoch 518/1000 | train_loss: 0.7166 | miou: 0.7139 | f1_macro: 0.8187 | pixel_accuracy: 0.9105 | val_loss: 0.4613
Epoch 519/1000 | train_loss: 0.7413 | miou: 0.7165 | f1_macro: 0.8202 | pixel_accuracy: 0.9143 | val_loss: 0.4677
Epoch 520/1000 | train_loss: 0.7277 | miou: 0.7224 | f1_macro: 0.8247 | pixel_accuracy: 0.9174 | val_loss: 0.4960
Epoch 521/1000 | train_loss: 0.7390 | miou: 0.7249 | f1_macro: 0.8272 | pixel_accuracy: 0.9174 | val_loss: 0.4887
Epoch 522/1000 | train_loss: 0.7345 | miou: 0.6942 | f1_macro: 0.8018 | pixel_accuracy: 0.9077 | val_loss: 0.4983
Epoch 523/1000 | train_loss: 0.7400 | miou: 0.7200 | f1_macro: 0.8244 | pixel_accuracy: 0.9123 | val_loss: 0.4662
Epoch 524/1000 | train_loss: 0.7314 | miou: 0.7217 | f1_macro: 0.8245 | pixel_accuracy: 0.9174 | val_loss: 0.4904
Epoch 525/1000 | train_loss: 0.7264 | miou: 0.7187 | f1_macro: 0.8225 | pixel_accuracy: 0.9152 | val_loss: 0.4989
Epoch 526/1000 | train_loss: 0.7203 | miou: 0.6969 | f1_macro: 0.8082 | pixel_accuracy: 0.8996 | val_loss: 0.5453
Epoch 527/1000 | train_loss: 0.7407 | miou: 0.7184 | f1_macro: 0.8235 | pixel_accuracy: 0.9110 | val_loss: 0.5150
Epoch 528/1000 | train_loss: 0.7324 | miou: 0.7214 | f1_macro: 0.8246 | pixel_accuracy: 0.9156 | val_loss: 0.5218
Epoch 529/1000 | train_loss: 0.7483 | miou: 0.7190 | f1_macro: 0.8228 | pixel_accuracy: 0.9141 | val_loss: 0.4587
Epoch 530/1000 | train_loss: 0.7327 | miou: 0.7278 | f1_macro: 0.8295 | pixel_accuracy: 0.9181 | val_loss: 0.4723
Epoch 531/1000 | train_loss: 0.7225 | miou: 0.7184 | f1_macro: 0.8225 | pixel_accuracy: 0.9128 | val_loss: 0.4717
Epoch 532/1000 | train_loss: 0.7357 | miou: 0.7173 | f1_macro: 0.8218 | pixel_accuracy: 0.9134 | val_loss: 0.4533
Epoch 533/1000 | train_loss: 0.7193 | miou: 0.7136 | f1_macro: 0.8192 | pixel_accuracy: 0.9113 | val_loss: 0.4824
Epoch 534/1000 | train_loss: 0.7301 | miou: 0.7229 | f1_macro: 0.8250 | pixel_accuracy: 0.9176 | val_loss: 0.4473
Epoch 535/1000 | train_loss: 0.7226 | miou: 0.7165 | f1_macro: 0.8204 | pixel_accuracy: 0.9158 | val_loss: 0.5018
Epoch 536/1000 | train_loss: 0.7144 | miou: 0.7207 | f1_macro: 0.8239 | pixel_accuracy: 0.9159 | val_loss: 0.4829
Epoch 537/1000 | train_loss: 0.7654 | miou: 0.6546 | f1_macro: 0.7775 | pixel_accuracy: 0.8700 | val_loss: 0.5104
Epoch 538/1000 | train_loss: 0.7968 | miou: 0.6750 | f1_macro: 0.7895 | pixel_accuracy: 0.8904 | val_loss: 0.5123
Epoch 539/1000 | train_loss: 0.7556 | miou: 0.7201 | f1_macro: 0.8232 | pixel_accuracy: 0.9167 | val_loss: 0.4578
Epoch 540/1000 | train_loss: 0.7395 | miou: 0.7193 | f1_macro: 0.8225 | pixel_accuracy: 0.9158 | val_loss: 0.4587
Epoch 541/1000 | train_loss: 0.7241 | miou: 0.7279 | f1_macro: 0.8294 | pixel_accuracy: 0.9188 | val_loss: 0.4763
Epoch 542/1000 | train_loss: 0.7273 | miou: 0.7249 | f1_macro: 0.8274 | pixel_accuracy: 0.9171 | val_loss: 0.4679
Epoch 543/1000 | train_loss: 0.7232 | miou: 0.7222 | f1_macro: 0.8260 | pixel_accuracy: 0.9141 | val_loss: 0.5086
Epoch 544/1000 | train_loss: 0.7259 | miou: 0.7250 | f1_macro: 0.8273 | pixel_accuracy: 0.9176 | val_loss: 0.4848
Epoch 545/1000 | train_loss: 0.7282 | miou: 0.7208 | f1_macro: 0.8258 | pixel_accuracy: 0.9109 | val_loss: 0.5177
Epoch 546/1000 | train_loss: 0.7347 | miou: 0.7262 | f1_macro: 0.8286 | pixel_accuracy: 0.9170 | val_loss: 0.5039
Epoch 547/1000 | train_loss: 0.7210 | miou: 0.7089 | f1_macro: 0.8189 | pixel_accuracy: 0.9007 | val_loss: 0.5393
Epoch 548/1000 | train_loss: 0.7270 | miou: 0.7222 | f1_macro: 0.8252 | pixel_accuracy: 0.9153 | val_loss: 0.5175
Epoch 549/1000 | train_loss: 0.7451 | miou: 0.7240 | f1_macro: 0.8269 | pixel_accuracy: 0.9159 | val_loss: 0.4942
Epoch 550/1000 | train_loss: 0.7348 | miou: 0.7186 | f1_macro: 0.8216 | pixel_accuracy: 0.9162 | val_loss: 0.4622
Epoch 551/1000 | train_loss: 0.7478 | miou: 0.7171 | f1_macro: 0.8224 | pixel_accuracy: 0.9101 | val_loss: 0.4609
Epoch 552/1000 | train_loss: 0.7380 | miou: 0.7198 | f1_macro: 0.8227 | pixel_accuracy: 0.9159 | val_loss: 0.4469
Epoch 553/1000 | train_loss: 0.7308 | miou: 0.7218 | f1_macro: 0.8250 | pixel_accuracy: 0.9152 | val_loss: 0.4921
Epoch 554/1000 | train_loss: 0.7251 | miou: 0.7307 | f1_macro: 0.8318 | pixel_accuracy: 0.9201 | val_loss: 0.4756
Epoch 555/1000 | train_loss: 0.7310 | miou: 0.7189 | f1_macro: 0.8243 | pixel_accuracy: 0.9107 | val_loss: 0.5242
Epoch 556/1000 | train_loss: 0.7231 | miou: 0.7135 | f1_macro: 0.8201 | pixel_accuracy: 0.9090 | val_loss: 0.4441
Epoch 557/1000 | train_loss: 0.7263 | miou: 0.7180 | f1_macro: 0.8222 | pixel_accuracy: 0.9136 | val_loss: 0.5064
Epoch 558/1000 | train_loss: 0.7843 | miou: 0.6549 | f1_macro: 0.7745 | pixel_accuracy: 0.8785 | val_loss: 0.4580
Epoch 559/1000 | train_loss: 0.7612 | miou: 0.7152 | f1_macro: 0.8200 | pixel_accuracy: 0.9130 | val_loss: 0.4295
Epoch 560/1000 | train_loss: 0.7321 | miou: 0.6910 | f1_macro: 0.8011 | pixel_accuracy: 0.9008 | val_loss: 0.5114
Epoch 561/1000 | train_loss: 0.7486 | miou: 0.7168 | f1_macro: 0.8210 | pixel_accuracy: 0.9139 | val_loss: 0.4809
Epoch 562/1000 | train_loss: 0.7284 | miou: 0.7146 | f1_macro: 0.8207 | pixel_accuracy: 0.9094 | val_loss: 0.4756
Epoch 563/1000 | train_loss: 0.7362 | miou: 0.7240 | f1_macro: 0.8266 | pixel_accuracy: 0.9170 | val_loss: 0.4865
Epoch 564/1000 | train_loss: 0.7196 | miou: 0.7237 | f1_macro: 0.8263 | pixel_accuracy: 0.9163 | val_loss: 0.4595
Epoch 565/1000 | train_loss: 0.7224 | miou: 0.7226 | f1_macro: 0.8251 | pixel_accuracy: 0.9174 | val_loss: 0.4985
Epoch 566/1000 | train_loss: 0.7208 | miou: 0.7234 | f1_macro: 0.8263 | pixel_accuracy: 0.9162 | val_loss: 0.5125
Epoch 567/1000 | train_loss: 0.7127 | miou: 0.7244 | f1_macro: 0.8264 | pixel_accuracy: 0.9183 | val_loss: 0.5393
Epoch 568/1000 | train_loss: 0.7409 | miou: 0.7136 | f1_macro: 0.8178 | pixel_accuracy: 0.9139 | val_loss: 0.5086
Epoch 569/1000 | train_loss: 0.7263 | miou: 0.7201 | f1_macro: 0.8235 | pixel_accuracy: 0.9145 | val_loss: 0.5211
Epoch 570/1000 | train_loss: 0.7177 | miou: 0.7155 | f1_macro: 0.8206 | pixel_accuracy: 0.9117 | val_loss: 0.4961
Epoch 571/1000 | train_loss: 0.7231 | miou: 0.7121 | f1_macro: 0.8185 | pixel_accuracy: 0.9093 | val_loss: 0.5041
Epoch 572/1000 | train_loss: 0.7296 | miou: 0.7195 | f1_macro: 0.8236 | pixel_accuracy: 0.9136 | val_loss: 0.5317
Epoch 573/1000 | train_loss: 0.7174 | miou: 0.7243 | f1_macro: 0.8268 | pixel_accuracy: 0.9167 | val_loss: 0.5235
Epoch 574/1000 | train_loss: 0.7232 | miou: 0.7177 | f1_macro: 0.8208 | pixel_accuracy: 0.9169 | val_loss: 0.4946
Epoch 575/1000 | train_loss: 0.7107 | miou: 0.7149 | f1_macro: 0.8198 | pixel_accuracy: 0.9131 | val_loss: 0.5100
Epoch 576/1000 | train_loss: 0.7490 | miou: 0.6889 | f1_macro: 0.7988 | pixel_accuracy: 0.8972 | val_loss: 0.4522
Epoch 577/1000 | train_loss: 0.7749 | miou: 0.6718 | f1_macro: 0.7827 | pixel_accuracy: 0.8979 | val_loss: 0.4913
Epoch 578/1000 | train_loss: 0.7416 | miou: 0.7176 | f1_macro: 0.8211 | pixel_accuracy: 0.9152 | val_loss: 0.4649
Epoch 579/1000 | train_loss: 0.7343 | miou: 0.7192 | f1_macro: 0.8222 | pixel_accuracy: 0.9173 | val_loss: 0.5320
Epoch 580/1000 | train_loss: 0.7323 | miou: 0.7174 | f1_macro: 0.8214 | pixel_accuracy: 0.9145 | val_loss: 0.5159
Epoch 581/1000 | train_loss: 0.7221 | miou: 0.7035 | f1_macro: 0.8083 | pixel_accuracy: 0.9117 | val_loss: 0.4507
Epoch 582/1000 | train_loss: 0.7255 | miou: 0.7159 | f1_macro: 0.8197 | pixel_accuracy: 0.9149 | val_loss: 0.4576
Epoch 583/1000 | train_loss: 0.7293 | miou: 0.7169 | f1_macro: 0.8203 | pixel_accuracy: 0.9152 | val_loss: 0.4900
Epoch 584/1000 | train_loss: 0.7165 | miou: 0.7220 | f1_macro: 0.8251 | pixel_accuracy: 0.9152 | val_loss: 0.5156
Epoch 585/1000 | train_loss: 0.7184 | miou: 0.7215 | f1_macro: 0.8240 | pixel_accuracy: 0.9173 | val_loss: 0.4866
Epoch 586/1000 | train_loss: 0.7208 | miou: 0.7213 | f1_macro: 0.8245 | pixel_accuracy: 0.9150 | val_loss: 0.5170
Epoch 587/1000 | train_loss: 0.7163 | miou: 0.7232 | f1_macro: 0.8254 | pixel_accuracy: 0.9172 | val_loss: 0.5191
Epoch 588/1000 | train_loss: 0.7148 | miou: 0.7239 | f1_macro: 0.8259 | pixel_accuracy: 0.9176 | val_loss: 0.4853
Epoch 589/1000 | train_loss: 0.7230 | miou: 0.6957 | f1_macro: 0.8023 | pixel_accuracy: 0.9079 | val_loss: 0.5408
Epoch 590/1000 | train_loss: 0.7262 | miou: 0.7159 | f1_macro: 0.8195 | pixel_accuracy: 0.9154 | val_loss: 0.5106
Epoch 591/1000 | train_loss: 0.7434 | miou: 0.6865 | f1_macro: 0.8018 | pixel_accuracy: 0.8907 | val_loss: 0.4829
Epoch 592/1000 | train_loss: 0.7459 | miou: 0.7248 | f1_macro: 0.8267 | pixel_accuracy: 0.9181 | val_loss: 0.5127
Epoch 593/1000 | train_loss: 0.7256 | miou: 0.7192 | f1_macro: 0.8235 | pixel_accuracy: 0.9137 | val_loss: 0.5773
Epoch 594/1000 | train_loss: 0.7172 | miou: 0.7210 | f1_macro: 0.8248 | pixel_accuracy: 0.9142 | val_loss: 0.5818
Epoch 595/1000 | train_loss: 0.7316 | miou: 0.7209 | f1_macro: 0.8245 | pixel_accuracy: 0.9138 | val_loss: 0.5203
Epoch 596/1000 | train_loss: 0.7189 | miou: 0.7196 | f1_macro: 0.8239 | pixel_accuracy: 0.9125 | val_loss: 0.5217
Epoch 597/1000 | train_loss: 0.7176 | miou: 0.7296 | f1_macro: 0.8302 | pixel_accuracy: 0.9206 | val_loss: 0.5142
Epoch 598/1000 | train_loss: 0.7198 | miou: 0.7268 | f1_macro: 0.8281 | pixel_accuracy: 0.9200 | val_loss: 0.4759
Epoch 599/1000 | train_loss: 0.7200 | miou: 0.7262 | f1_macro: 0.8278 | pixel_accuracy: 0.9189 | val_loss: 0.5391
Epoch 600/1000 | train_loss: 0.7237 | miou: 0.7203 | f1_macro: 0.8243 | pixel_accuracy: 0.9143 | val_loss: 0.4802
Epoch 601/1000 | train_loss: 0.7268 | miou: 0.7259 | f1_macro: 0.8275 | pixel_accuracy: 0.9190 | val_loss: 0.5095
Epoch 602/1000 | train_loss: 0.7236 | miou: 0.7216 | f1_macro: 0.8250 | pixel_accuracy: 0.9153 | val_loss: 0.5431
Epoch 603/1000 | train_loss: 0.7287 | miou: 0.7219 | f1_macro: 0.8247 | pixel_accuracy: 0.9162 | val_loss: 0.5076
Epoch 604/1000 | train_loss: 0.7312 | miou: 0.7062 | f1_macro: 0.8119 | pixel_accuracy: 0.9102 | val_loss: 0.4783
Epoch 605/1000 | train_loss: 0.7750 | miou: 0.6889 | f1_macro: 0.7976 | pixel_accuracy: 0.9044 | val_loss: 0.4485
Epoch 606/1000 | train_loss: 0.7412 | miou: 0.7126 | f1_macro: 0.8187 | pixel_accuracy: 0.9096 | val_loss: 0.5004
Epoch 607/1000 | train_loss: 0.7331 | miou: 0.7254 | f1_macro: 0.8283 | pixel_accuracy: 0.9160 | val_loss: 0.5119
Epoch 608/1000 | train_loss: 0.7213 | miou: 0.7109 | f1_macro: 0.8156 | pixel_accuracy: 0.9118 | val_loss: 0.5170
Epoch 609/1000 | train_loss: 0.7043 | miou: 0.7202 | f1_macro: 0.8243 | pixel_accuracy: 0.9147 | val_loss: 0.5442
Epoch 610/1000 | train_loss: 0.7195 | miou: 0.7268 | f1_macro: 0.8286 | pixel_accuracy: 0.9187 | val_loss: 0.5366
Epoch 611/1000 | train_loss: 0.7288 | miou: 0.7284 | f1_macro: 0.8298 | pixel_accuracy: 0.9190 | val_loss: 0.5130
Epoch 612/1000 | train_loss: 0.7108 | miou: 0.7216 | f1_macro: 0.8249 | pixel_accuracy: 0.9154 | val_loss: 0.5794
Epoch 613/1000 | train_loss: 0.7142 | miou: 0.7219 | f1_macro: 0.8255 | pixel_accuracy: 0.9135 | val_loss: 0.4887
Epoch 614/1000 | train_loss: 0.7256 | miou: 0.7266 | f1_macro: 0.8291 | pixel_accuracy: 0.9162 | val_loss: 0.5682
Epoch 615/1000 | train_loss: 0.7128 | miou: 0.7013 | f1_macro: 0.8108 | pixel_accuracy: 0.9015 | val_loss: 0.5280
Epoch 616/1000 | train_loss: 0.7233 | miou: 0.7193 | f1_macro: 0.8243 | pixel_accuracy: 0.9109 | val_loss: 0.5002
Epoch 617/1000 | train_loss: 0.7198 | miou: 0.7254 | f1_macro: 0.8279 | pixel_accuracy: 0.9168 | val_loss: 0.5234
Epoch 618/1000 | train_loss: 0.7300 | miou: 0.7108 | f1_macro: 0.8176 | pixel_accuracy: 0.9078 | val_loss: 0.5235
Epoch 619/1000 | train_loss: 0.7247 | miou: 0.7185 | f1_macro: 0.8229 | pixel_accuracy: 0.9125 | val_loss: 0.5593
Epoch 620/1000 | train_loss: 0.7118 | miou: 0.7250 | f1_macro: 0.8273 | pixel_accuracy: 0.9171 | val_loss: 0.5317
Epoch 621/1000 | train_loss: 0.7213 | miou: 0.7220 | f1_macro: 0.8250 | pixel_accuracy: 0.9161 | val_loss: 0.5244
Epoch 622/1000 | train_loss: 0.7158 | miou: 0.7243 | f1_macro: 0.8264 | pixel_accuracy: 0.9179 | val_loss: 0.5486
Epoch 623/1000 | train_loss: 0.7234 | miou: 0.7235 | f1_macro: 0.8263 | pixel_accuracy: 0.9160 | val_loss: 0.5097
Epoch 624/1000 | train_loss: 0.7078 | miou: 0.7181 | f1_macro: 0.8229 | pixel_accuracy: 0.9113 | val_loss: 0.5882
Epoch 625/1000 | train_loss: 0.7184 | miou: 0.7246 | f1_macro: 0.8269 | pixel_accuracy: 0.9173 | val_loss: 0.5759
Epoch 626/1000 | train_loss: 0.7189 | miou: 0.7264 | f1_macro: 0.8280 | pixel_accuracy: 0.9192 | val_loss: 0.5338
Epoch 627/1000 | train_loss: 0.7246 | miou: 0.7249 | f1_macro: 0.8275 | pixel_accuracy: 0.9165 | val_loss: 0.5288
Epoch 628/1000 | train_loss: 0.7207 | miou: 0.7163 | f1_macro: 0.8218 | pixel_accuracy: 0.9103 | val_loss: 0.5411
Epoch 629/1000 | train_loss: 0.7346 | miou: 0.7150 | f1_macro: 0.8205 | pixel_accuracy: 0.9113 | val_loss: 0.6312
Epoch 630/1000 | train_loss: 0.7687 | miou: 0.7083 | f1_macro: 0.8151 | pixel_accuracy: 0.9075 | val_loss: 0.4311
Epoch 631/1000 | train_loss: 0.7501 | miou: 0.7083 | f1_macro: 0.8147 | pixel_accuracy: 0.9086 | val_loss: 0.4954
Epoch 632/1000 | train_loss: 0.7399 | miou: 0.7236 | f1_macro: 0.8267 | pixel_accuracy: 0.9164 | val_loss: 0.4801
Epoch 633/1000 | train_loss: 0.7216 | miou: 0.7267 | f1_macro: 0.8278 | pixel_accuracy: 0.9197 | val_loss: 0.4404
Epoch 634/1000 | train_loss: 0.7291 | miou: 0.7109 | f1_macro: 0.8152 | pixel_accuracy: 0.9129 | val_loss: 0.4624
Epoch 635/1000 | train_loss: 0.7188 | miou: 0.7281 | f1_macro: 0.8298 | pixel_accuracy: 0.9183 | val_loss: 0.4577
Epoch 636/1000 | train_loss: 0.7277 | miou: 0.7271 | f1_macro: 0.8291 | pixel_accuracy: 0.9179 | val_loss: 0.5023
Epoch 637/1000 | train_loss: 0.7179 | miou: 0.7188 | f1_macro: 0.8238 | pixel_accuracy: 0.9123 | val_loss: 0.4504
Epoch 638/1000 | train_loss: 0.7242 | miou: 0.7203 | f1_macro: 0.8227 | pixel_accuracy: 0.9188 | val_loss: 0.4406
Epoch 639/1000 | train_loss: 0.7244 | miou: 0.6730 | f1_macro: 0.7879 | pixel_accuracy: 0.8904 | val_loss: 0.5079
Epoch 640/1000 | train_loss: 0.7207 | miou: 0.7203 | f1_macro: 0.8237 | pixel_accuracy: 0.9158 | val_loss: 0.4716
Epoch 641/1000 | train_loss: 0.7081 | miou: 0.7212 | f1_macro: 0.8255 | pixel_accuracy: 0.9133 | val_loss: 0.5093
Epoch 642/1000 | train_loss: 0.7228 | miou: 0.7225 | f1_macro: 0.8254 | pixel_accuracy: 0.9163 | val_loss: 0.5457
Epoch 643/1000 | train_loss: 0.7152 | miou: 0.7232 | f1_macro: 0.8276 | pixel_accuracy: 0.9123 | val_loss: 0.5495
Epoch 644/1000 | train_loss: 0.7228 | miou: 0.7207 | f1_macro: 0.8247 | pixel_accuracy: 0.9138 | val_loss: 0.5131
Epoch 645/1000 | train_loss: 0.7116 | miou: 0.7244 | f1_macro: 0.8277 | pixel_accuracy: 0.9156 | val_loss: 0.5409
Epoch 646/1000 | train_loss: 0.7203 | miou: 0.7220 | f1_macro: 0.8257 | pixel_accuracy: 0.9143 | val_loss: 0.4911
Epoch 647/1000 | train_loss: 0.7241 | miou: 0.7210 | f1_macro: 0.8240 | pixel_accuracy: 0.9167 | val_loss: 0.5596
Epoch 648/1000 | train_loss: 0.7283 | miou: 0.7227 | f1_macro: 0.8268 | pixel_accuracy: 0.9129 | val_loss: 0.5566
Epoch 649/1000 | train_loss: 0.7265 | miou: 0.7258 | f1_macro: 0.8277 | pixel_accuracy: 0.9182 | val_loss: 0.5515
Epoch 650/1000 | train_loss: 0.7279 | miou: 0.7209 | f1_macro: 0.8229 | pixel_accuracy: 0.9185 | val_loss: 0.5292
Epoch 651/1000 | train_loss: 0.7574 | miou: 0.6424 | f1_macro: 0.7617 | pixel_accuracy: 0.8726 | val_loss: 0.5573
Epoch 652/1000 | train_loss: 0.7754 | miou: 0.7068 | f1_macro: 0.8145 | pixel_accuracy: 0.9069 | val_loss: 0.4767
Epoch 653/1000 | train_loss: 0.7186 | miou: 0.7242 | f1_macro: 0.8272 | pixel_accuracy: 0.9161 | val_loss: 0.5165
Epoch 654/1000 | train_loss: 0.7283 | miou: 0.7167 | f1_macro: 0.8220 | pixel_accuracy: 0.9107 | val_loss: 0.4990
Epoch 655/1000 | train_loss: 0.7218 | miou: 0.7280 | f1_macro: 0.8294 | pixel_accuracy: 0.9190 | val_loss: 0.5113
Epoch 656/1000 | train_loss: 0.7201 | miou: 0.7246 | f1_macro: 0.8272 | pixel_accuracy: 0.9161 | val_loss: 0.5087
Epoch 657/1000 | train_loss: 0.7131 | miou: 0.7298 | f1_macro: 0.8308 | pixel_accuracy: 0.9195 | val_loss: 0.5159
Epoch 658/1000 | train_loss: 0.7329 | miou: 0.7203 | f1_macro: 0.8242 | pixel_accuracy: 0.9140 | val_loss: 0.5020
Epoch 659/1000 | train_loss: 0.7051 | miou: 0.7277 | f1_macro: 0.8297 | pixel_accuracy: 0.9173 | val_loss: 0.5513
Epoch 660/1000 | train_loss: 0.7219 | miou: 0.7299 | f1_macro: 0.8309 | pixel_accuracy: 0.9197 | val_loss: 0.5125
Epoch 661/1000 | train_loss: 0.7136 | miou: 0.7280 | f1_macro: 0.8295 | pixel_accuracy: 0.9192 | val_loss: 0.4651
Epoch 662/1000 | train_loss: 0.7118 | miou: 0.7288 | f1_macro: 0.8297 | pixel_accuracy: 0.9197 | val_loss: 0.5206
Epoch 663/1000 | train_loss: 0.7155 | miou: 0.7280 | f1_macro: 0.8294 | pixel_accuracy: 0.9197 | val_loss: 0.4953
Epoch 664/1000 | train_loss: 0.7184 | miou: 0.7268 | f1_macro: 0.8282 | pixel_accuracy: 0.9188 | val_loss: 0.5120
Epoch 665/1000 | train_loss: 0.7082 | miou: 0.7235 | f1_macro: 0.8263 | pixel_accuracy: 0.9161 | val_loss: 0.5404
Epoch 666/1000 | train_loss: 0.7219 | miou: 0.7043 | f1_macro: 0.8117 | pixel_accuracy: 0.9072 | val_loss: 0.5657
Epoch 667/1000 | train_loss: 0.7209 | miou: 0.7200 | f1_macro: 0.8241 | pixel_accuracy: 0.9139 | val_loss: 0.5466
Epoch 668/1000 | train_loss: 0.7185 | miou: 0.7171 | f1_macro: 0.8212 | pixel_accuracy: 0.9136 | val_loss: 0.5569
Epoch 669/1000 | train_loss: 0.7148 | miou: 0.7214 | f1_macro: 0.8239 | pixel_accuracy: 0.9166 | val_loss: 0.5897
Epoch 670/1000 | train_loss: 0.7220 | miou: 0.7265 | f1_macro: 0.8289 | pixel_accuracy: 0.9172 | val_loss: 0.5144
Epoch 671/1000 | train_loss: 0.7068 | miou: 0.7255 | f1_macro: 0.8274 | pixel_accuracy: 0.9179 | val_loss: 0.5704
Epoch 672/1000 | train_loss: 0.7293 | miou: 0.7050 | f1_macro: 0.8111 | pixel_accuracy: 0.9113 | val_loss: 0.4363
Epoch 673/1000 | train_loss: 0.7324 | miou: 0.7164 | f1_macro: 0.8213 | pixel_accuracy: 0.9130 | val_loss: 0.5087
Epoch 674/1000 | train_loss: 0.7333 | miou: 0.7109 | f1_macro: 0.8170 | pixel_accuracy: 0.9094 | val_loss: 0.5115
Epoch 675/1000 | train_loss: 0.7231 | miou: 0.7190 | f1_macro: 0.8229 | pixel_accuracy: 0.9141 | val_loss: 0.5255
Epoch 676/1000 | train_loss: 0.7329 | miou: 0.7164 | f1_macro: 0.8204 | pixel_accuracy: 0.9136 | val_loss: 0.5573
Epoch 677/1000 | train_loss: 0.7252 | miou: 0.7134 | f1_macro: 0.8184 | pixel_accuracy: 0.9114 | val_loss: 0.5091
Epoch 678/1000 | train_loss: 0.7219 | miou: 0.7154 | f1_macro: 0.8200 | pixel_accuracy: 0.9129 | val_loss: 0.5679
Epoch 679/1000 | train_loss: 0.7083 | miou: 0.7225 | f1_macro: 0.8255 | pixel_accuracy: 0.9159 | val_loss: 0.5983
Epoch 680/1000 | train_loss: 0.7126 | miou: 0.7252 | f1_macro: 0.8274 | pixel_accuracy: 0.9178 | val_loss: 0.5931
Epoch 681/1000 | train_loss: 0.7118 | miou: 0.7234 | f1_macro: 0.8265 | pixel_accuracy: 0.9155 | val_loss: 0.5735
Epoch 682/1000 | train_loss: 0.7174 | miou: 0.7262 | f1_macro: 0.8278 | pixel_accuracy: 0.9191 | val_loss: 0.5340
Epoch 683/1000 | train_loss: 0.7120 | miou: 0.6859 | f1_macro: 0.8000 | pixel_accuracy: 0.8931 | val_loss: 0.5206
Epoch 684/1000 | train_loss: 0.7301 | miou: 0.7104 | f1_macro: 0.8179 | pixel_accuracy: 0.9071 | val_loss: 0.5139
Epoch 685/1000 | train_loss: 0.7490 | miou: 0.7035 | f1_macro: 0.8123 | pixel_accuracy: 0.9036 | val_loss: 0.4840
Epoch 686/1000 | train_loss: 0.7198 | miou: 0.7216 | f1_macro: 0.8250 | pixel_accuracy: 0.9150 | val_loss: 0.5276
Epoch 687/1000 | train_loss: 0.7183 | miou: 0.7226 | f1_macro: 0.8263 | pixel_accuracy: 0.9146 | val_loss: 0.5653
Epoch 688/1000 | train_loss: 0.7111 | miou: 0.7228 | f1_macro: 0.8255 | pixel_accuracy: 0.9163 | val_loss: 0.5405
Epoch 689/1000 | train_loss: 0.7212 | miou: 0.7263 | f1_macro: 0.8290 | pixel_accuracy: 0.9164 | val_loss: 0.5830
Epoch 690/1000 | train_loss: 0.7093 | miou: 0.7237 | f1_macro: 0.8276 | pixel_accuracy: 0.9136 | val_loss: 0.5518
Epoch 691/1000 | train_loss: 0.7085 | miou: 0.6998 | f1_macro: 0.8060 | pixel_accuracy: 0.9075 | val_loss: 0.6069
Epoch 692/1000 | train_loss: 0.7002 | miou: 0.7179 | f1_macro: 0.8223 | pixel_accuracy: 0.9134 | val_loss: 0.5407
Epoch 693/1000 | train_loss: 0.7187 | miou: 0.7204 | f1_macro: 0.8243 | pixel_accuracy: 0.9147 | val_loss: 0.5667
Epoch 694/1000 | train_loss: 0.7273 | miou: 0.7174 | f1_macro: 0.8223 | pixel_accuracy: 0.9116 | val_loss: 0.5352
Epoch 695/1000 | train_loss: 0.7178 | miou: 0.7260 | f1_macro: 0.8286 | pixel_accuracy: 0.9170 | val_loss: 0.5636
Epoch 696/1000 | train_loss: 0.7044 | miou: 0.7250 | f1_macro: 0.8277 | pixel_accuracy: 0.9166 | val_loss: 0.5677
Epoch 697/1000 | train_loss: 0.7114 | miou: 0.7284 | f1_macro: 0.8302 | pixel_accuracy: 0.9185 | val_loss: 0.6009
Epoch 698/1000 | train_loss: 0.7063 | miou: 0.7265 | f1_macro: 0.8278 | pixel_accuracy: 0.9207 | val_loss: 0.5888
Epoch 699/1000 | train_loss: 0.7177 | miou: 0.7254 | f1_macro: 0.8272 | pixel_accuracy: 0.9183 | val_loss: 0.6055
Epoch 700/1000 | train_loss: 0.7093 | miou: 0.7174 | f1_macro: 0.8224 | pixel_accuracy: 0.9125 | val_loss: 0.6196
Epoch 701/1000 | train_loss: 0.7363 | miou: 0.7040 | f1_macro: 0.8119 | pixel_accuracy: 0.9075 | val_loss: 0.5303
Epoch 702/1000 | train_loss: 0.7273 | miou: 0.7154 | f1_macro: 0.8196 | pixel_accuracy: 0.9152 | val_loss: 0.5557
Epoch 703/1000 | train_loss: 0.7229 | miou: 0.7168 | f1_macro: 0.8210 | pixel_accuracy: 0.9143 | val_loss: 0.4852
Epoch 704/1000 | train_loss: 0.7109 | miou: 0.7198 | f1_macro: 0.8239 | pixel_accuracy: 0.9143 | val_loss: 0.5686
Epoch 705/1000 | train_loss: 0.7185 | miou: 0.7177 | f1_macro: 0.8226 | pixel_accuracy: 0.9121 | val_loss: 0.6377
Epoch 706/1000 | train_loss: 0.7368 | miou: 0.7100 | f1_macro: 0.8167 | pixel_accuracy: 0.9091 | val_loss: 0.4890
Epoch 707/1000 | train_loss: 0.7132 | miou: 0.7205 | f1_macro: 0.8245 | pixel_accuracy: 0.9139 | val_loss: 0.5442
Epoch 708/1000 | train_loss: 0.7032 | miou: 0.7248 | f1_macro: 0.8280 | pixel_accuracy: 0.9150 | val_loss: 0.5795
Epoch 709/1000 | train_loss: 0.7147 | miou: 0.7196 | f1_macro: 0.8232 | pixel_accuracy: 0.9149 | val_loss: 0.5099
Epoch 710/1000 | train_loss: 0.7192 | miou: 0.7258 | f1_macro: 0.8289 | pixel_accuracy: 0.9153 | val_loss: 0.5726
Epoch 711/1000 | train_loss: 0.7170 | miou: 0.7362 | f1_macro: 0.8356 | pixel_accuracy: 0.9223 | val_loss: 0.5357
Epoch 712/1000 | train_loss: 0.7028 | miou: 0.7273 | f1_macro: 0.8288 | pixel_accuracy: 0.9191 | val_loss: 0.5258
Epoch 713/1000 | train_loss: 0.7280 | miou: 0.7036 | f1_macro: 0.8095 | pixel_accuracy: 0.9091 | val_loss: 0.4735
Epoch 714/1000 | train_loss: 0.7184 | miou: 0.7263 | f1_macro: 0.8283 | pixel_accuracy: 0.9180 | val_loss: 0.5514
Epoch 715/1000 | train_loss: 0.7019 | miou: 0.7246 | f1_macro: 0.8281 | pixel_accuracy: 0.9146 | val_loss: 0.5264
Epoch 716/1000 | train_loss: 0.7093 | miou: 0.7281 | f1_macro: 0.8309 | pixel_accuracy: 0.9160 | val_loss: 0.5835
Epoch 717/1000 | train_loss: 0.7175 | miou: 0.7145 | f1_macro: 0.8207 | pixel_accuracy: 0.9091 | val_loss: 0.6003
Epoch 718/1000 | train_loss: 0.7111 | miou: 0.7174 | f1_macro: 0.8218 | pixel_accuracy: 0.9140 | val_loss: 0.5863
Epoch 719/1000 | train_loss: 0.7532 | miou: 0.7184 | f1_macro: 0.8233 | pixel_accuracy: 0.9124 | val_loss: 0.5009
Epoch 720/1000 | train_loss: 0.7171 | miou: 0.7307 | f1_macro: 0.8319 | pixel_accuracy: 0.9192 | val_loss: 0.5671
Epoch 721/1000 | train_loss: 0.7157 | miou: 0.7264 | f1_macro: 0.8285 | pixel_accuracy: 0.9181 | val_loss: 0.6194
Epoch 722/1000 | train_loss: 0.7154 | miou: 0.7260 | f1_macro: 0.8287 | pixel_accuracy: 0.9163 | val_loss: 0.5905
Epoch 723/1000 | train_loss: 0.7071 | miou: 0.7299 | f1_macro: 0.8309 | pixel_accuracy: 0.9192 | val_loss: 0.5973
Epoch 724/1000 | train_loss: 0.7240 | miou: 0.7314 | f1_macro: 0.8322 | pixel_accuracy: 0.9200 | val_loss: 0.5791
Epoch 725/1000 | train_loss: 0.7083 | miou: 0.7340 | f1_macro: 0.8341 | pixel_accuracy: 0.9211 | val_loss: 0.5720
Epoch 726/1000 | train_loss: 0.7088 | miou: 0.7285 | f1_macro: 0.8303 | pixel_accuracy: 0.9180 | val_loss: 0.5818
Epoch 727/1000 | train_loss: 0.7200 | miou: 0.6953 | f1_macro: 0.8065 | pixel_accuracy: 0.8995 | val_loss: 0.5939
Epoch 728/1000 | train_loss: 0.7305 | miou: 0.7313 | f1_macro: 0.8322 | pixel_accuracy: 0.9196 | val_loss: 0.5358
Epoch 729/1000 | train_loss: 0.7167 | miou: 0.7165 | f1_macro: 0.8197 | pixel_accuracy: 0.9155 | val_loss: 0.4935
Epoch 730/1000 | train_loss: 0.7050 | miou: 0.7243 | f1_macro: 0.8276 | pixel_accuracy: 0.9151 | val_loss: 0.5661
Epoch 731/1000 | train_loss: 0.7166 | miou: 0.7272 | f1_macro: 0.8299 | pixel_accuracy: 0.9160 | val_loss: 0.5837
Epoch 732/1000 | train_loss: 0.7117 | miou: 0.7293 | f1_macro: 0.8306 | pixel_accuracy: 0.9189 | val_loss: 0.5913
Epoch 733/1000 | train_loss: 0.7065 | miou: 0.7312 | f1_macro: 0.8320 | pixel_accuracy: 0.9197 | val_loss: 0.5604
Epoch 734/1000 | train_loss: 0.7159 | miou: 0.7287 | f1_macro: 0.8299 | pixel_accuracy: 0.9195 | val_loss: 0.6154
Epoch 735/1000 | train_loss: 0.7059 | miou: 0.7347 | f1_macro: 0.8343 | pixel_accuracy: 0.9219 | val_loss: 0.5202
Epoch 736/1000 | train_loss: 0.7165 | miou: 0.7187 | f1_macro: 0.8238 | pixel_accuracy: 0.9109 | val_loss: 0.5685
Epoch 737/1000 | train_loss: 0.7280 | miou: 0.7278 | f1_macro: 0.8300 | pixel_accuracy: 0.9171 | val_loss: 0.5623
Epoch 738/1000 | train_loss: 0.7020 | miou: 0.7241 | f1_macro: 0.8272 | pixel_accuracy: 0.9158 | val_loss: 0.5725
Epoch 739/1000 | train_loss: 0.7035 | miou: 0.7219 | f1_macro: 0.8252 | pixel_accuracy: 0.9158 | val_loss: 0.6011
Epoch 740/1000 | train_loss: 0.7184 | miou: 0.7251 | f1_macro: 0.8284 | pixel_accuracy: 0.9147 | val_loss: 0.6023
Epoch 741/1000 | train_loss: 0.7075 | miou: 0.7029 | f1_macro: 0.8114 | pixel_accuracy: 0.9060 | val_loss: 0.5941
Epoch 742/1000 | train_loss: 0.7176 | miou: 0.7153 | f1_macro: 0.8210 | pixel_accuracy: 0.9114 | val_loss: 0.5629
Epoch 743/1000 | train_loss: 0.7043 | miou: 0.7174 | f1_macro: 0.8216 | pixel_accuracy: 0.9135 | val_loss: 0.5708
Epoch 744/1000 | train_loss: 0.7160 | miou: 0.7238 | f1_macro: 0.8259 | pixel_accuracy: 0.9180 | val_loss: 0.5281
Epoch 745/1000 | train_loss: 0.7187 | miou: 0.7249 | f1_macro: 0.8269 | pixel_accuracy: 0.9176 | val_loss: 0.5710
Epoch 746/1000 | train_loss: 0.7115 | miou: 0.7304 | f1_macro: 0.8316 | pixel_accuracy: 0.9190 | val_loss: 0.5768
Epoch 747/1000 | train_loss: 0.7251 | miou: 0.7310 | f1_macro: 0.8318 | pixel_accuracy: 0.9194 | val_loss: 0.5909
Epoch 748/1000 | train_loss: 0.7114 | miou: 0.7304 | f1_macro: 0.8317 | pixel_accuracy: 0.9191 | val_loss: 0.5568
Epoch 749/1000 | train_loss: 0.7090 | miou: 0.7320 | f1_macro: 0.8326 | pixel_accuracy: 0.9203 | val_loss: 0.5427
Epoch 750/1000 | train_loss: 0.7085 | miou: 0.7300 | f1_macro: 0.8309 | pixel_accuracy: 0.9203 | val_loss: 0.5803
Epoch 751/1000 | train_loss: 0.7149 | miou: 0.7326 | f1_macro: 0.8326 | pixel_accuracy: 0.9217 | val_loss: 0.5766
Epoch 752/1000 | train_loss: 0.7056 | miou: 0.7319 | f1_macro: 0.8325 | pixel_accuracy: 0.9202 | val_loss: 0.5898
Epoch 753/1000 | train_loss: 0.7066 | miou: 0.7149 | f1_macro: 0.8213 | pixel_accuracy: 0.9090 | val_loss: 0.5857
Epoch 754/1000 | train_loss: 0.7063 | miou: 0.6826 | f1_macro: 0.8003 | pixel_accuracy: 0.8849 | val_loss: 0.7610
Epoch 755/1000 | train_loss: 0.7608 | miou: 0.6916 | f1_macro: 0.8001 | pixel_accuracy: 0.9048 | val_loss: 0.5698
Epoch 756/1000 | train_loss: 0.7427 | miou: 0.6948 | f1_macro: 0.8082 | pixel_accuracy: 0.8944 | val_loss: 0.4597
Epoch 757/1000 | train_loss: 0.7265 | miou: 0.7186 | f1_macro: 0.8234 | pixel_accuracy: 0.9131 | val_loss: 0.5458
Epoch 758/1000 | train_loss: 0.7223 | miou: 0.6981 | f1_macro: 0.8079 | pixel_accuracy: 0.9034 | val_loss: 0.5389
Epoch 759/1000 | train_loss: 0.7325 | miou: 0.7185 | f1_macro: 0.8236 | pixel_accuracy: 0.9116 | val_loss: 0.5537
Epoch 760/1000 | train_loss: 0.7177 | miou: 0.7223 | f1_macro: 0.8263 | pixel_accuracy: 0.9137 | val_loss: 0.5341
Epoch 761/1000 | train_loss: 0.7030 | miou: 0.7257 | f1_macro: 0.8292 | pixel_accuracy: 0.9142 | val_loss: 0.5513
Epoch 762/1000 | train_loss: 0.7088 | miou: 0.7173 | f1_macro: 0.8227 | pixel_accuracy: 0.9110 | val_loss: 0.6365
Epoch 763/1000 | train_loss: 0.7207 | miou: 0.7302 | f1_macro: 0.8315 | pixel_accuracy: 0.9192 | val_loss: 0.5757
Epoch 764/1000 | train_loss: 0.7077 | miou: 0.7227 | f1_macro: 0.8262 | pixel_accuracy: 0.9151 | val_loss: 0.5201
Epoch 765/1000 | train_loss: 0.7205 | miou: 0.7276 | f1_macro: 0.8296 | pixel_accuracy: 0.9180 | val_loss: 0.5947
Epoch 766/1000 | train_loss: 0.7245 | miou: 0.7297 | f1_macro: 0.8312 | pixel_accuracy: 0.9184 | val_loss: 0.5779
Epoch 767/1000 | train_loss: 0.7000 | miou: 0.7345 | f1_macro: 0.8347 | pixel_accuracy: 0.9208 | val_loss: 0.5817
Epoch 768/1000 | train_loss: 0.7102 | miou: 0.7172 | f1_macro: 0.8227 | pixel_accuracy: 0.9109 | val_loss: 0.5477
Epoch 769/1000 | train_loss: 0.7149 | miou: 0.7266 | f1_macro: 0.8284 | pixel_accuracy: 0.9184 | val_loss: 0.5729
Epoch 770/1000 | train_loss: 0.7135 | miou: 0.7344 | f1_macro: 0.8347 | pixel_accuracy: 0.9207 | val_loss: 0.5251
Epoch 771/1000 | train_loss: 0.7060 | miou: 0.7218 | f1_macro: 0.8263 | pixel_accuracy: 0.9126 | val_loss: 0.6201
Epoch 772/1000 | train_loss: 0.7025 | miou: 0.7224 | f1_macro: 0.8262 | pixel_accuracy: 0.9137 | val_loss: 0.6419
Epoch 773/1000 | train_loss: 0.7068 | miou: 0.7244 | f1_macro: 0.8277 | pixel_accuracy: 0.9156 | val_loss: 0.6008
Epoch 774/1000 | train_loss: 0.7036 | miou: 0.7278 | f1_macro: 0.8298 | pixel_accuracy: 0.9171 | val_loss: 0.5799
Epoch 775/1000 | train_loss: 0.7169 | miou: 0.7303 | f1_macro: 0.8316 | pixel_accuracy: 0.9193 | val_loss: 0.6261
Epoch 776/1000 | train_loss: 0.7089 | miou: 0.7292 | f1_macro: 0.8306 | pixel_accuracy: 0.9190 | val_loss: 0.6638
Epoch 777/1000 | train_loss: 0.7201 | miou: 0.7106 | f1_macro: 0.8173 | pixel_accuracy: 0.9082 | val_loss: 0.6185
Epoch 778/1000 | train_loss: 0.7263 | miou: 0.7203 | f1_macro: 0.8247 | pixel_accuracy: 0.9126 | val_loss: 0.5121
Epoch 779/1000 | train_loss: 0.7099 | miou: 0.7203 | f1_macro: 0.8255 | pixel_accuracy: 0.9109 | val_loss: 0.5116
Epoch 780/1000 | train_loss: 0.7120 | miou: 0.7226 | f1_macro: 0.8261 | pixel_accuracy: 0.9152 | val_loss: 0.5562
Epoch 781/1000 | train_loss: 0.7162 | miou: 0.7274 | f1_macro: 0.8298 | pixel_accuracy: 0.9167 | val_loss: 0.5587
Epoch 782/1000 | train_loss: 0.7146 | miou: 0.7173 | f1_macro: 0.8225 | pixel_accuracy: 0.9116 | val_loss: 0.5702
Epoch 783/1000 | train_loss: 0.7305 | miou: 0.6964 | f1_macro: 0.8046 | pixel_accuracy: 0.9054 | val_loss: 0.5174
Epoch 784/1000 | train_loss: 0.7634 | miou: 0.7023 | f1_macro: 0.8105 | pixel_accuracy: 0.9039 | val_loss: 0.5133
Epoch 785/1000 | train_loss: 0.7299 | miou: 0.7319 | f1_macro: 0.8321 | pixel_accuracy: 0.9212 | val_loss: 0.5373
Epoch 786/1000 | train_loss: 0.7146 | miou: 0.7316 | f1_macro: 0.8323 | pixel_accuracy: 0.9199 | val_loss: 0.5740
Epoch 787/1000 | train_loss: 0.7298 | miou: 0.7297 | f1_macro: 0.8311 | pixel_accuracy: 0.9182 | val_loss: 0.5838
Epoch 788/1000 | train_loss: 0.7177 | miou: 0.7371 | f1_macro: 0.8364 | pixel_accuracy: 0.9225 | val_loss: 0.5164
Epoch 789/1000 | train_loss: 0.7130 | miou: 0.7359 | f1_macro: 0.8359 | pixel_accuracy: 0.9208 | val_loss: 0.4971
Epoch 790/1000 | train_loss: 0.7126 | miou: 0.7337 | f1_macro: 0.8338 | pixel_accuracy: 0.9211 | val_loss: 0.5142
Epoch 791/1000 | train_loss: 0.7167 | miou: 0.7325 | f1_macro: 0.8334 | pixel_accuracy: 0.9200 | val_loss: 0.5338
Epoch 792/1000 | train_loss: 0.7096 | miou: 0.7311 | f1_macro: 0.8327 | pixel_accuracy: 0.9181 | val_loss: 0.5595
Epoch 793/1000 | train_loss: 0.7062 | miou: 0.7313 | f1_macro: 0.8318 | pixel_accuracy: 0.9200 | val_loss: 0.5654
Epoch 794/1000 | train_loss: 0.7039 | miou: 0.7310 | f1_macro: 0.8315 | pixel_accuracy: 0.9203 | val_loss: 0.5725
Epoch 795/1000 | train_loss: 0.7155 | miou: 0.7316 | f1_macro: 0.8324 | pixel_accuracy: 0.9200 | val_loss: 0.5892
Epoch 796/1000 | train_loss: 0.7113 | miou: 0.7298 | f1_macro: 0.8309 | pixel_accuracy: 0.9194 | val_loss: 0.5654
Epoch 797/1000 | train_loss: 0.7105 | miou: 0.7256 | f1_macro: 0.8281 | pixel_accuracy: 0.9172 | val_loss: 0.6059
Epoch 798/1000 | train_loss: 0.7101 | miou: 0.7181 | f1_macro: 0.8243 | pixel_accuracy: 0.9089 | val_loss: 0.6078
Epoch 799/1000 | train_loss: 0.7256 | miou: 0.7138 | f1_macro: 0.8189 | pixel_accuracy: 0.9124 | val_loss: 0.5560
Epoch 800/1000 | train_loss: 0.7233 | miou: 0.7188 | f1_macro: 0.8219 | pixel_accuracy: 0.9160 | val_loss: 0.5669
