==========================================
Job ID: 3160940
Node: gput059
GPU: 0
Experiment: configs/experiment/deeplabv3plus_dataset83.yaml
Run Name: deeplabv3plus-d83
==========================================
Sun Feb 22 16:04:21 2026       
+-----------------------------------------------------------------------------------------+
| NVIDIA-SMI 570.158.01             Driver Version: 570.158.01     CUDA Version: 12.8     |
|-----------------------------------------+------------------------+----------------------+
| GPU  Name                 Persistence-M | Bus-Id          Disp.A | Volatile Uncorr. ECC |
| Fan  Temp   Perf          Pwr:Usage/Cap |           Memory-Usage | GPU-Util  Compute M. |
|                                         |                        |               MIG M. |
|=========================================+========================+======================|
|   0  Tesla V100-PCIE-32GB           On  |   00000000:D8:00.0 Off |                    0 |
| N/A   30C    P0             23W /  250W |       0MiB /  32768MiB |      0%      Default |
|                                         |                        |                  N/A |
+-----------------------------------------+------------------------+----------------------+
                                                                                         
+-----------------------------------------------------------------------------------------+
| Processes:                                                                              |
|  GPU   GI   CI              PID   Type   Process name                        GPU Memory |
|        ID   ID                                                               Usage      |
|=========================================================================================|
|  No running processes found                                                             |
+-----------------------------------------------------------------------------------------+
Split: 11 train / 3 val (from 14 total)
Model: deeplabv3plus
Trainable parameters: 58,627,142
Epoch 1/1000 | train_loss: 1.6909 | miou: 0.1814 | f1_macro: 0.2827 | pixel_accuracy: 0.3959 | val_loss: 1.7519
Epoch 2/1000 | train_loss: 1.4142 | miou: 0.2372 | f1_macro: 0.3440 | pixel_accuracy: 0.5206 | val_loss: 1.5780
Epoch 3/1000 | train_loss: 1.2755 | miou: 0.2823 | f1_macro: 0.3982 | pixel_accuracy: 0.6172 | val_loss: 1.3523
Epoch 4/1000 | train_loss: 1.1381 | miou: 0.3022 | f1_macro: 0.4235 | pixel_accuracy: 0.6465 | val_loss: 1.2090
Epoch 5/1000 | train_loss: 1.1312 | miou: 0.3165 | f1_macro: 0.4366 | pixel_accuracy: 0.6742 | val_loss: 1.0519
Epoch 6/1000 | train_loss: 1.0344 | miou: 0.3224 | f1_macro: 0.4359 | pixel_accuracy: 0.7060 | val_loss: 0.9081
Epoch 7/1000 | train_loss: 0.9112 | miou: 0.3578 | f1_macro: 0.4622 | pixel_accuracy: 0.7607 | val_loss: 0.8495
Epoch 8/1000 | train_loss: 0.8694 | miou: 0.3330 | f1_macro: 0.4368 | pixel_accuracy: 0.7365 | val_loss: 0.8507
Epoch 9/1000 | train_loss: 0.7964 | miou: 0.3285 | f1_macro: 0.4324 | pixel_accuracy: 0.7275 | val_loss: 0.8302
Epoch 10/1000 | train_loss: 0.7313 | miou: 0.3712 | f1_macro: 0.4820 | pixel_accuracy: 0.7626 | val_loss: 0.8012
Epoch 11/1000 | train_loss: 0.7277 | miou: 0.4042 | f1_macro: 0.5203 | pixel_accuracy: 0.7854 | val_loss: 0.7742
Epoch 12/1000 | train_loss: 0.7051 | miou: 0.4229 | f1_macro: 0.5409 | pixel_accuracy: 0.8010 | val_loss: 0.7284
Epoch 13/1000 | train_loss: 0.7157 | miou: 0.3985 | f1_macro: 0.4975 | pixel_accuracy: 0.8078 | val_loss: 0.7026
Epoch 14/1000 | train_loss: 0.6781 | miou: 0.4250 | f1_macro: 0.5132 | pixel_accuracy: 0.8456 | val_loss: 0.7184
Epoch 15/1000 | train_loss: 0.6856 | miou: 0.4773 | f1_macro: 0.5874 | pixel_accuracy: 0.8596 | val_loss: 0.6338
Epoch 16/1000 | train_loss: 0.6871 | miou: 0.4960 | f1_macro: 0.6137 | pixel_accuracy: 0.8617 | val_loss: 0.5807
Epoch 17/1000 | train_loss: 0.6448 | miou: 0.5176 | f1_macro: 0.6320 | pixel_accuracy: 0.8801 | val_loss: 0.5015
Epoch 18/1000 | train_loss: 0.5887 | miou: 0.5406 | f1_macro: 0.6567 | pixel_accuracy: 0.8886 | val_loss: 0.4515
Epoch 19/1000 | train_loss: 0.5951 | miou: 0.5431 | f1_macro: 0.6525 | pixel_accuracy: 0.8976 | val_loss: 0.4344
Epoch 20/1000 | train_loss: 0.5380 | miou: 0.5413 | f1_macro: 0.6474 | pixel_accuracy: 0.8983 | val_loss: 0.4524
Epoch 21/1000 | train_loss: 0.5964 | miou: 0.5632 | f1_macro: 0.6703 | pixel_accuracy: 0.9073 | val_loss: 0.4451
Epoch 22/1000 | train_loss: 0.5742 | miou: 0.5474 | f1_macro: 0.6568 | pixel_accuracy: 0.8922 | val_loss: 0.4969
Epoch 23/1000 | train_loss: 0.5784 | miou: 0.5476 | f1_macro: 0.6600 | pixel_accuracy: 0.8917 | val_loss: 0.5048
Epoch 24/1000 | train_loss: 0.5334 | miou: 0.5361 | f1_macro: 0.6481 | pixel_accuracy: 0.8919 | val_loss: 0.4508
Epoch 25/1000 | train_loss: 0.5719 | miou: 0.5284 | f1_macro: 0.6370 | pixel_accuracy: 0.8926 | val_loss: 0.4211
Epoch 26/1000 | train_loss: 0.5107 | miou: 0.5454 | f1_macro: 0.6576 | pixel_accuracy: 0.8953 | val_loss: 0.4056
Epoch 27/1000 | train_loss: 0.5112 | miou: 0.5612 | f1_macro: 0.6748 | pixel_accuracy: 0.8970 | val_loss: 0.4255
Epoch 28/1000 | train_loss: 0.5506 | miou: 0.5492 | f1_macro: 0.6621 | pixel_accuracy: 0.8874 | val_loss: 0.4697
Epoch 29/1000 | train_loss: 0.5091 | miou: 0.5590 | f1_macro: 0.6710 | pixel_accuracy: 0.8954 | val_loss: 0.4550
Epoch 30/1000 | train_loss: 0.4959 | miou: 0.5611 | f1_macro: 0.6679 | pixel_accuracy: 0.8994 | val_loss: 0.4354
Epoch 31/1000 | train_loss: 0.5942 | miou: 0.5491 | f1_macro: 0.6551 | pixel_accuracy: 0.8986 | val_loss: 0.4205
Epoch 32/1000 | train_loss: 0.5071 | miou: 0.5661 | f1_macro: 0.6735 | pixel_accuracy: 0.9064 | val_loss: 0.3961
Epoch 33/1000 | train_loss: 0.5344 | miou: 0.5550 | f1_macro: 0.6635 | pixel_accuracy: 0.8987 | val_loss: 0.4229
Epoch 34/1000 | train_loss: 0.5004 | miou: 0.5561 | f1_macro: 0.6671 | pixel_accuracy: 0.8996 | val_loss: 0.4137
Epoch 35/1000 | train_loss: 0.4945 | miou: 0.5774 | f1_macro: 0.6882 | pixel_accuracy: 0.9107 | val_loss: 0.3674
Epoch 36/1000 | train_loss: 0.4619 | miou: 0.5861 | f1_macro: 0.6956 | pixel_accuracy: 0.9140 | val_loss: 0.3535
Epoch 37/1000 | train_loss: 0.4840 | miou: 0.5782 | f1_macro: 0.6873 | pixel_accuracy: 0.9074 | val_loss: 0.3587
Epoch 38/1000 | train_loss: 0.4920 | miou: 0.5737 | f1_macro: 0.6838 | pixel_accuracy: 0.9048 | val_loss: 0.3672
Epoch 39/1000 | train_loss: 0.4569 | miou: 0.5787 | f1_macro: 0.6906 | pixel_accuracy: 0.9061 | val_loss: 0.3663
Epoch 40/1000 | train_loss: 0.4379 | miou: 0.6011 | f1_macro: 0.7127 | pixel_accuracy: 0.9149 | val_loss: 0.3523
Epoch 41/1000 | train_loss: 0.4397 | miou: 0.5886 | f1_macro: 0.7016 | pixel_accuracy: 0.9085 | val_loss: 0.3765
Epoch 42/1000 | train_loss: 0.5545 | miou: 0.5850 | f1_macro: 0.6985 | pixel_accuracy: 0.9063 | val_loss: 0.3691
Epoch 43/1000 | train_loss: 0.5205 | miou: 0.5889 | f1_macro: 0.7024 | pixel_accuracy: 0.9074 | val_loss: 0.3570
Epoch 44/1000 | train_loss: 0.5037 | miou: 0.5875 | f1_macro: 0.6994 | pixel_accuracy: 0.9051 | val_loss: 0.3757
Epoch 45/1000 | train_loss: 0.4474 | miou: 0.5735 | f1_macro: 0.6840 | pixel_accuracy: 0.8983 | val_loss: 0.3989
Epoch 46/1000 | train_loss: 0.4755 | miou: 0.5567 | f1_macro: 0.6656 | pixel_accuracy: 0.8916 | val_loss: 0.4346
Epoch 47/1000 | train_loss: 0.4956 | miou: 0.5781 | f1_macro: 0.6879 | pixel_accuracy: 0.8999 | val_loss: 0.3944
Epoch 48/1000 | train_loss: 0.4337 | miou: 0.5964 | f1_macro: 0.7050 | pixel_accuracy: 0.9179 | val_loss: 0.3540
Epoch 49/1000 | train_loss: 0.4587 | miou: 0.5715 | f1_macro: 0.6801 | pixel_accuracy: 0.9107 | val_loss: 0.3831
Epoch 50/1000 | train_loss: 0.4300 | miou: 0.5829 | f1_macro: 0.6931 | pixel_accuracy: 0.9092 | val_loss: 0.3834
Epoch 51/1000 | train_loss: 0.4621 | miou: 0.5748 | f1_macro: 0.6868 | pixel_accuracy: 0.9025 | val_loss: 0.4230
Epoch 52/1000 | train_loss: 0.4496 | miou: 0.5790 | f1_macro: 0.6919 | pixel_accuracy: 0.9030 | val_loss: 0.4262
Epoch 53/1000 | train_loss: 0.4680 | miou: 0.5760 | f1_macro: 0.6871 | pixel_accuracy: 0.9028 | val_loss: 0.4281
Epoch 54/1000 | train_loss: 0.4471 | miou: 0.5712 | f1_macro: 0.6811 | pixel_accuracy: 0.9023 | val_loss: 0.4343
Epoch 55/1000 | train_loss: 0.4337 | miou: 0.5958 | f1_macro: 0.7083 | pixel_accuracy: 0.9129 | val_loss: 0.3479
Epoch 56/1000 | train_loss: 0.4429 | miou: 0.6270 | f1_macro: 0.7358 | pixel_accuracy: 0.9286 | val_loss: 0.3083
Epoch 57/1000 | train_loss: 0.4162 | miou: 0.6092 | f1_macro: 0.7161 | pixel_accuracy: 0.9228 | val_loss: 0.3157
Epoch 58/1000 | train_loss: 0.3973 | miou: 0.5971 | f1_macro: 0.7010 | pixel_accuracy: 0.9151 | val_loss: 0.3657
Epoch 59/1000 | train_loss: 0.4247 | miou: 0.5917 | f1_macro: 0.6983 | pixel_accuracy: 0.9101 | val_loss: 0.3880
Epoch 60/1000 | train_loss: 0.4078 | miou: 0.5835 | f1_macro: 0.6911 | pixel_accuracy: 0.9069 | val_loss: 0.4064
Epoch 61/1000 | train_loss: 0.4853 | miou: 0.5701 | f1_macro: 0.6751 | pixel_accuracy: 0.9055 | val_loss: 0.4080
Epoch 62/1000 | train_loss: 0.4014 | miou: 0.5544 | f1_macro: 0.6564 | pixel_accuracy: 0.9025 | val_loss: 0.4252
Epoch 63/1000 | train_loss: 0.4352 | miou: 0.5647 | f1_macro: 0.6698 | pixel_accuracy: 0.9047 | val_loss: 0.4115
Epoch 64/1000 | train_loss: 0.5095 | miou: 0.5923 | f1_macro: 0.7023 | pixel_accuracy: 0.9097 | val_loss: 0.3551
Epoch 65/1000 | train_loss: 0.4294 | miou: 0.5864 | f1_macro: 0.6990 | pixel_accuracy: 0.9044 | val_loss: 0.3690
Epoch 66/1000 | train_loss: 0.4702 | miou: 0.5903 | f1_macro: 0.7020 | pixel_accuracy: 0.9069 | val_loss: 0.3594
Epoch 67/1000 | train_loss: 0.4653 | miou: 0.5972 | f1_macro: 0.7028 | pixel_accuracy: 0.9131 | val_loss: 0.3479
Epoch 68/1000 | train_loss: 0.4416 | miou: 0.5880 | f1_macro: 0.6921 | pixel_accuracy: 0.9109 | val_loss: 0.3645
Epoch 69/1000 | train_loss: 0.4226 | miou: 0.5902 | f1_macro: 0.6970 | pixel_accuracy: 0.9107 | val_loss: 0.3551
Epoch 70/1000 | train_loss: 0.3878 | miou: 0.5997 | f1_macro: 0.7114 | pixel_accuracy: 0.9109 | val_loss: 0.3512
Epoch 71/1000 | train_loss: 0.4032 | miou: 0.5962 | f1_macro: 0.7063 | pixel_accuracy: 0.9115 | val_loss: 0.3549
Epoch 72/1000 | train_loss: 0.3990 | miou: 0.6056 | f1_macro: 0.7122 | pixel_accuracy: 0.9198 | val_loss: 0.3351
Epoch 73/1000 | train_loss: 0.4517 | miou: 0.6148 | f1_macro: 0.7198 | pixel_accuracy: 0.9243 | val_loss: 0.3188
Epoch 74/1000 | train_loss: 0.4050 | miou: 0.6270 | f1_macro: 0.7315 | pixel_accuracy: 0.9307 | val_loss: 0.2883
Epoch 75/1000 | train_loss: 0.4698 | miou: 0.6230 | f1_macro: 0.7274 | pixel_accuracy: 0.9284 | val_loss: 0.2936
Epoch 76/1000 | train_loss: 0.4308 | miou: 0.6119 | f1_macro: 0.7163 | pixel_accuracy: 0.9205 | val_loss: 0.3145
Epoch 77/1000 | train_loss: 0.4558 | miou: 0.6122 | f1_macro: 0.7160 | pixel_accuracy: 0.9244 | val_loss: 0.3100
Epoch 78/1000 | train_loss: 0.4268 | miou: 0.6220 | f1_macro: 0.7271 | pixel_accuracy: 0.9288 | val_loss: 0.2979
Epoch 79/1000 | train_loss: 0.4216 | miou: 0.6254 | f1_macro: 0.7290 | pixel_accuracy: 0.9314 | val_loss: 0.2952
Epoch 80/1000 | train_loss: 0.4281 | miou: 0.6092 | f1_macro: 0.7120 | pixel_accuracy: 0.9207 | val_loss: 0.3296
Epoch 81/1000 | train_loss: 0.4270 | miou: 0.6011 | f1_macro: 0.7058 | pixel_accuracy: 0.9124 | val_loss: 0.3478
Epoch 82/1000 | train_loss: 0.4433 | miou: 0.5985 | f1_macro: 0.7085 | pixel_accuracy: 0.9096 | val_loss: 0.3661
Epoch 83/1000 | train_loss: 0.4163 | miou: 0.5946 | f1_macro: 0.7049 | pixel_accuracy: 0.9103 | val_loss: 0.3616
Epoch 84/1000 | train_loss: 0.3983 | miou: 0.6097 | f1_macro: 0.7128 | pixel_accuracy: 0.9232 | val_loss: 0.3386
Epoch 85/1000 | train_loss: 0.4587 | miou: 0.6135 | f1_macro: 0.7150 | pixel_accuracy: 0.9270 | val_loss: 0.3126
Epoch 86/1000 | train_loss: 0.4285 | miou: 0.6122 | f1_macro: 0.7140 | pixel_accuracy: 0.9269 | val_loss: 0.3139
Epoch 87/1000 | train_loss: 0.3861 | miou: 0.6110 | f1_macro: 0.7155 | pixel_accuracy: 0.9197 | val_loss: 0.3302
Epoch 88/1000 | train_loss: 0.4316 | miou: 0.6001 | f1_macro: 0.7073 | pixel_accuracy: 0.9132 | val_loss: 0.3432
Epoch 89/1000 | train_loss: 0.3927 | miou: 0.5896 | f1_macro: 0.6959 | pixel_accuracy: 0.9092 | val_loss: 0.3619
Epoch 90/1000 | train_loss: 0.4779 | miou: 0.5766 | f1_macro: 0.6850 | pixel_accuracy: 0.9038 | val_loss: 0.3954
Epoch 91/1000 | train_loss: 0.3940 | miou: 0.5833 | f1_macro: 0.6934 | pixel_accuracy: 0.9058 | val_loss: 0.3892
Epoch 92/1000 | train_loss: 0.3946 | miou: 0.5930 | f1_macro: 0.7027 | pixel_accuracy: 0.9085 | val_loss: 0.3633
Epoch 93/1000 | train_loss: 0.4087 | miou: 0.6184 | f1_macro: 0.7208 | pixel_accuracy: 0.9289 | val_loss: 0.2922
Epoch 94/1000 | train_loss: 0.4666 | miou: 0.6226 | f1_macro: 0.7205 | pixel_accuracy: 0.9353 | val_loss: 0.2699
Epoch 95/1000 | train_loss: 0.4084 | miou: 0.6170 | f1_macro: 0.7137 | pixel_accuracy: 0.9361 | val_loss: 0.2740
Epoch 96/1000 | train_loss: 0.4155 | miou: 0.6170 | f1_macro: 0.7117 | pixel_accuracy: 0.9354 | val_loss: 0.2723
Epoch 97/1000 | train_loss: 0.3740 | miou: 0.6171 | f1_macro: 0.7115 | pixel_accuracy: 0.9317 | val_loss: 0.2899
Epoch 98/1000 | train_loss: 0.3808 | miou: 0.6194 | f1_macro: 0.7182 | pixel_accuracy: 0.9283 | val_loss: 0.2997
Epoch 99/1000 | train_loss: 0.4153 | miou: 0.6158 | f1_macro: 0.7145 | pixel_accuracy: 0.9283 | val_loss: 0.3023
Epoch 100/1000 | train_loss: 0.4254 | miou: 0.6097 | f1_macro: 0.7090 | pixel_accuracy: 0.9257 | val_loss: 0.3156
Epoch 101/1000 | train_loss: 0.3916 | miou: 0.6027 | f1_macro: 0.7023 | pixel_accuracy: 0.9227 | val_loss: 0.3306
Epoch 102/1000 | train_loss: 0.4319 | miou: 0.6090 | f1_macro: 0.7074 | pixel_accuracy: 0.9254 | val_loss: 0.3243
Epoch 103/1000 | train_loss: 0.3702 | miou: 0.6210 | f1_macro: 0.7231 | pixel_accuracy: 0.9284 | val_loss: 0.3081
Epoch 104/1000 | train_loss: 0.3659 | miou: 0.6307 | f1_macro: 0.7360 | pixel_accuracy: 0.9284 | val_loss: 0.3027
Epoch 105/1000 | train_loss: 0.4115 | miou: 0.6251 | f1_macro: 0.7270 | pixel_accuracy: 0.9294 | val_loss: 0.2696
Epoch 106/1000 | train_loss: 0.4193 | miou: 0.6014 | f1_macro: 0.7042 | pixel_accuracy: 0.9184 | val_loss: 0.3330
Epoch 107/1000 | train_loss: 0.3932 | miou: 0.6023 | f1_macro: 0.7082 | pixel_accuracy: 0.9152 | val_loss: 0.3564
Epoch 108/1000 | train_loss: 0.4358 | miou: 0.5915 | f1_macro: 0.7005 | pixel_accuracy: 0.9099 | val_loss: 0.3811
Epoch 109/1000 | train_loss: 0.3977 | miou: 0.5856 | f1_macro: 0.6951 | pixel_accuracy: 0.9087 | val_loss: 0.4054
Epoch 110/1000 | train_loss: 0.4242 | miou: 0.5892 | f1_macro: 0.6998 | pixel_accuracy: 0.9096 | val_loss: 0.4025
Epoch 111/1000 | train_loss: 0.4055 | miou: 0.5897 | f1_macro: 0.6987 | pixel_accuracy: 0.9080 | val_loss: 0.4170
Epoch 112/1000 | train_loss: 0.4288 | miou: 0.5890 | f1_macro: 0.6976 | pixel_accuracy: 0.9061 | val_loss: 0.4541
Epoch 113/1000 | train_loss: 0.3885 | miou: 0.6035 | f1_macro: 0.7114 | pixel_accuracy: 0.9111 | val_loss: 0.4016
Epoch 114/1000 | train_loss: 0.3703 | miou: 0.6128 | f1_macro: 0.7182 | pixel_accuracy: 0.9173 | val_loss: 0.3613
Epoch 115/1000 | train_loss: 0.3531 | miou: 0.6178 | f1_macro: 0.7246 | pixel_accuracy: 0.9199 | val_loss: 0.3395
Epoch 116/1000 | train_loss: 0.3961 | miou: 0.6201 | f1_macro: 0.7296 | pixel_accuracy: 0.9231 | val_loss: 0.3227
Epoch 117/1000 | train_loss: 0.3847 | miou: 0.6049 | f1_macro: 0.7124 | pixel_accuracy: 0.9196 | val_loss: 0.3222
Epoch 118/1000 | train_loss: 0.4149 | miou: 0.6254 | f1_macro: 0.7290 | pixel_accuracy: 0.9281 | val_loss: 0.3228
Epoch 119/1000 | train_loss: 0.4005 | miou: 0.6350 | f1_macro: 0.7359 | pixel_accuracy: 0.9363 | val_loss: 0.3051
Epoch 120/1000 | train_loss: 0.3520 | miou: 0.6406 | f1_macro: 0.7439 | pixel_accuracy: 0.9356 | val_loss: 0.2875
Epoch 121/1000 | train_loss: 0.3725 | miou: 0.6382 | f1_macro: 0.7448 | pixel_accuracy: 0.9319 | val_loss: 0.2906
Epoch 122/1000 | train_loss: 0.3741 | miou: 0.6438 | f1_macro: 0.7502 | pixel_accuracy: 0.9311 | val_loss: 0.2821
Epoch 123/1000 | train_loss: 0.3880 | miou: 0.6169 | f1_macro: 0.7224 | pixel_accuracy: 0.9216 | val_loss: 0.3326
Epoch 124/1000 | train_loss: 0.3495 | miou: 0.6157 | f1_macro: 0.7216 | pixel_accuracy: 0.9203 | val_loss: 0.3475
Epoch 125/1000 | train_loss: 0.3786 | miou: 0.6106 | f1_macro: 0.7226 | pixel_accuracy: 0.9165 | val_loss: 0.3529
Epoch 126/1000 | train_loss: 0.3290 | miou: 0.6195 | f1_macro: 0.7322 | pixel_accuracy: 0.9168 | val_loss: 0.3293
Epoch 127/1000 | train_loss: 0.4085 | miou: 0.6187 | f1_macro: 0.7288 | pixel_accuracy: 0.9165 | val_loss: 0.3235
Epoch 128/1000 | train_loss: 0.4032 | miou: 0.6037 | f1_macro: 0.7123 | pixel_accuracy: 0.9104 | val_loss: 0.3483
Epoch 129/1000 | train_loss: 0.3870 | miou: 0.6122 | f1_macro: 0.7204 | pixel_accuracy: 0.9154 | val_loss: 0.3245
Epoch 130/1000 | train_loss: 0.3586 | miou: 0.6164 | f1_macro: 0.7232 | pixel_accuracy: 0.9157 | val_loss: 0.3321
Epoch 131/1000 | train_loss: 0.3597 | miou: 0.6235 | f1_macro: 0.7302 | pixel_accuracy: 0.9212 | val_loss: 0.3097
Epoch 132/1000 | train_loss: 0.3843 | miou: 0.6354 | f1_macro: 0.7435 | pixel_accuracy: 0.9266 | val_loss: 0.2867
Epoch 133/1000 | train_loss: 0.4696 | miou: 0.6276 | f1_macro: 0.7358 | pixel_accuracy: 0.9245 | val_loss: 0.2914
Epoch 134/1000 | train_loss: 0.3535 | miou: 0.6169 | f1_macro: 0.7254 | pixel_accuracy: 0.9206 | val_loss: 0.2969
Epoch 135/1000 | train_loss: 0.3733 | miou: 0.6345 | f1_macro: 0.7434 | pixel_accuracy: 0.9244 | val_loss: 0.2808
Epoch 136/1000 | train_loss: 0.3677 | miou: 0.6378 | f1_macro: 0.7450 | pixel_accuracy: 0.9295 | val_loss: 0.2752
Epoch 137/1000 | train_loss: 0.3657 | miou: 0.6199 | f1_macro: 0.7267 | pixel_accuracy: 0.9250 | val_loss: 0.3041
Epoch 138/1000 | train_loss: 0.3522 | miou: 0.6114 | f1_macro: 0.7178 | pixel_accuracy: 0.9212 | val_loss: 0.3336
Epoch 139/1000 | train_loss: 0.4044 | miou: 0.6141 | f1_macro: 0.7210 | pixel_accuracy: 0.9210 | val_loss: 0.3265
Epoch 140/1000 | train_loss: 0.3687 | miou: 0.6238 | f1_macro: 0.7284 | pixel_accuracy: 0.9272 | val_loss: 0.3006
Epoch 141/1000 | train_loss: 0.3597 | miou: 0.6321 | f1_macro: 0.7371 | pixel_accuracy: 0.9287 | val_loss: 0.2871
Epoch 142/1000 | train_loss: 0.3129 | miou: 0.6421 | f1_macro: 0.7480 | pixel_accuracy: 0.9297 | val_loss: 0.2740
Epoch 143/1000 | train_loss: 0.3579 | miou: 0.6509 | f1_macro: 0.7572 | pixel_accuracy: 0.9322 | val_loss: 0.2627
Epoch 144/1000 | train_loss: 0.3850 | miou: 0.6468 | f1_macro: 0.7530 | pixel_accuracy: 0.9329 | val_loss: 0.2673
Epoch 145/1000 | train_loss: 0.3472 | miou: 0.6291 | f1_macro: 0.7338 | pixel_accuracy: 0.9266 | val_loss: 0.2934
Epoch 146/1000 | train_loss: 0.4091 | miou: 0.6217 | f1_macro: 0.7269 | pixel_accuracy: 0.9209 | val_loss: 0.3237
Epoch 147/1000 | train_loss: 0.4022 | miou: 0.6119 | f1_macro: 0.7173 | pixel_accuracy: 0.9160 | val_loss: 0.3578
Epoch 148/1000 | train_loss: 0.4170 | miou: 0.6051 | f1_macro: 0.7091 | pixel_accuracy: 0.9147 | val_loss: 0.3742
Epoch 149/1000 | train_loss: 0.3736 | miou: 0.6139 | f1_macro: 0.7183 | pixel_accuracy: 0.9184 | val_loss: 0.3586
Epoch 150/1000 | train_loss: 0.3911 | miou: 0.6307 | f1_macro: 0.7378 | pixel_accuracy: 0.9239 | val_loss: 0.3342
Epoch 151/1000 | train_loss: 0.4046 | miou: 0.6234 | f1_macro: 0.7285 | pixel_accuracy: 0.9242 | val_loss: 0.3347
Epoch 152/1000 | train_loss: 0.3877 | miou: 0.6348 | f1_macro: 0.7407 | pixel_accuracy: 0.9281 | val_loss: 0.2972
Epoch 153/1000 | train_loss: 0.4595 | miou: 0.6368 | f1_macro: 0.7447 | pixel_accuracy: 0.9269 | val_loss: 0.2639
Epoch 154/1000 | train_loss: 0.4096 | miou: 0.6329 | f1_macro: 0.7398 | pixel_accuracy: 0.9245 | val_loss: 0.2766
Epoch 155/1000 | train_loss: 0.3765 | miou: 0.6297 | f1_macro: 0.7338 | pixel_accuracy: 0.9253 | val_loss: 0.3138
Epoch 156/1000 | train_loss: 0.3723 | miou: 0.6391 | f1_macro: 0.7413 | pixel_accuracy: 0.9322 | val_loss: 0.3013
Epoch 157/1000 | train_loss: 0.3473 | miou: 0.6490 | f1_macro: 0.7530 | pixel_accuracy: 0.9346 | val_loss: 0.3063
Epoch 158/1000 | train_loss: 0.3938 | miou: 0.6321 | f1_macro: 0.7373 | pixel_accuracy: 0.9275 | val_loss: 0.3264
Epoch 159/1000 | train_loss: 0.4120 | miou: 0.6199 | f1_macro: 0.7249 | pixel_accuracy: 0.9221 | val_loss: 0.3437
Epoch 160/1000 | train_loss: 0.3505 | miou: 0.6227 | f1_macro: 0.7290 | pixel_accuracy: 0.9217 | val_loss: 0.3452
Epoch 161/1000 | train_loss: 0.3634 | miou: 0.6272 | f1_macro: 0.7327 | pixel_accuracy: 0.9241 | val_loss: 0.3182
Epoch 162/1000 | train_loss: 0.3847 | miou: 0.6186 | f1_macro: 0.7247 | pixel_accuracy: 0.9215 | val_loss: 0.3116
Epoch 163/1000 | train_loss: 0.4329 | miou: 0.6051 | f1_macro: 0.7100 | pixel_accuracy: 0.9169 | val_loss: 0.3271
Epoch 164/1000 | train_loss: 0.3535 | miou: 0.5946 | f1_macro: 0.6995 | pixel_accuracy: 0.9114 | val_loss: 0.3530
Epoch 165/1000 | train_loss: 0.3746 | miou: 0.6001 | f1_macro: 0.7065 | pixel_accuracy: 0.9141 | val_loss: 0.3444
Epoch 166/1000 | train_loss: 0.4135 | miou: 0.6135 | f1_macro: 0.7209 | pixel_accuracy: 0.9187 | val_loss: 0.3165
Epoch 167/1000 | train_loss: 0.3732 | miou: 0.6435 | f1_macro: 0.7482 | pixel_accuracy: 0.9333 | val_loss: 0.2915
Epoch 168/1000 | train_loss: 0.3764 | miou: 0.6464 | f1_macro: 0.7511 | pixel_accuracy: 0.9370 | val_loss: 0.2823
Epoch 169/1000 | train_loss: 0.3774 | miou: 0.6587 | f1_macro: 0.7630 | pixel_accuracy: 0.9378 | val_loss: 0.2778
Epoch 170/1000 | train_loss: 0.3455 | miou: 0.6593 | f1_macro: 0.7641 | pixel_accuracy: 0.9377 | val_loss: 0.2842
Epoch 171/1000 | train_loss: 0.3573 | miou: 0.6546 | f1_macro: 0.7572 | pixel_accuracy: 0.9382 | val_loss: 0.2738
Epoch 172/1000 | train_loss: 0.3408 | miou: 0.6435 | f1_macro: 0.7461 | pixel_accuracy: 0.9348 | val_loss: 0.2905
Epoch 173/1000 | train_loss: 0.3786 | miou: 0.6386 | f1_macro: 0.7429 | pixel_accuracy: 0.9315 | val_loss: 0.2953
Epoch 174/1000 | train_loss: 0.4311 | miou: 0.6408 | f1_macro: 0.7461 | pixel_accuracy: 0.9305 | val_loss: 0.2930
Epoch 175/1000 | train_loss: 0.3770 | miou: 0.6403 | f1_macro: 0.7463 | pixel_accuracy: 0.9288 | val_loss: 0.2895
Epoch 176/1000 | train_loss: 0.3516 | miou: 0.6254 | f1_macro: 0.7315 | pixel_accuracy: 0.9232 | val_loss: 0.3262
Epoch 177/1000 | train_loss: 0.3785 | miou: 0.6143 | f1_macro: 0.7201 | pixel_accuracy: 0.9190 | val_loss: 0.3416
Epoch 178/1000 | train_loss: 0.3441 | miou: 0.6227 | f1_macro: 0.7265 | pixel_accuracy: 0.9236 | val_loss: 0.3441
Epoch 179/1000 | train_loss: 0.3857 | miou: 0.6383 | f1_macro: 0.7428 | pixel_accuracy: 0.9298 | val_loss: 0.3138
Epoch 180/1000 | train_loss: 0.3616 | miou: 0.6532 | f1_macro: 0.7591 | pixel_accuracy: 0.9340 | val_loss: 0.2970
Epoch 181/1000 | train_loss: 0.3652 | miou: 0.6610 | f1_macro: 0.7670 | pixel_accuracy: 0.9359 | val_loss: 0.2821
Epoch 182/1000 | train_loss: 0.3585 | miou: 0.6594 | f1_macro: 0.7621 | pixel_accuracy: 0.9381 | val_loss: 0.2807
Epoch 183/1000 | train_loss: 0.3789 | miou: 0.6535 | f1_macro: 0.7560 | pixel_accuracy: 0.9363 | val_loss: 0.2822
Epoch 184/1000 | train_loss: 0.3879 | miou: 0.6473 | f1_macro: 0.7482 | pixel_accuracy: 0.9346 | val_loss: 0.2898
Epoch 185/1000 | train_loss: 0.3917 | miou: 0.6503 | f1_macro: 0.7524 | pixel_accuracy: 0.9360 | val_loss: 0.2799
Epoch 186/1000 | train_loss: 0.3527 | miou: 0.6534 | f1_macro: 0.7559 | pixel_accuracy: 0.9364 | val_loss: 0.2804
Epoch 187/1000 | train_loss: 0.3554 | miou: 0.6541 | f1_macro: 0.7556 | pixel_accuracy: 0.9378 | val_loss: 0.2811
Epoch 188/1000 | train_loss: 0.3365 | miou: 0.6578 | f1_macro: 0.7590 | pixel_accuracy: 0.9389 | val_loss: 0.2751
Epoch 189/1000 | train_loss: 0.3427 | miou: 0.6594 | f1_macro: 0.7624 | pixel_accuracy: 0.9375 | val_loss: 0.2751
Epoch 190/1000 | train_loss: 0.3846 | miou: 0.6456 | f1_macro: 0.7477 | pixel_accuracy: 0.9321 | val_loss: 0.2913
Epoch 191/1000 | train_loss: 0.3844 | miou: 0.6405 | f1_macro: 0.7436 | pixel_accuracy: 0.9315 | val_loss: 0.2942
Epoch 192/1000 | train_loss: 0.3520 | miou: 0.6431 | f1_macro: 0.7475 | pixel_accuracy: 0.9292 | val_loss: 0.3034
Epoch 193/1000 | train_loss: 0.3425 | miou: 0.6471 | f1_macro: 0.7514 | pixel_accuracy: 0.9301 | val_loss: 0.3093
Epoch 194/1000 | train_loss: 0.3343 | miou: 0.6451 | f1_macro: 0.7501 | pixel_accuracy: 0.9305 | val_loss: 0.3070
Epoch 195/1000 | train_loss: 0.4153 | miou: 0.6433 | f1_macro: 0.7464 | pixel_accuracy: 0.9354 | val_loss: 0.2952
Epoch 196/1000 | train_loss: 0.3988 | miou: 0.6234 | f1_macro: 0.7242 | pixel_accuracy: 0.9295 | val_loss: 0.3232
Epoch 197/1000 | train_loss: 0.3620 | miou: 0.6102 | f1_macro: 0.7124 | pixel_accuracy: 0.9198 | val_loss: 0.3582
Epoch 198/1000 | train_loss: 0.3283 | miou: 0.6184 | f1_macro: 0.7250 | pixel_accuracy: 0.9175 | val_loss: 0.3343
Epoch 199/1000 | train_loss: 0.3623 | miou: 0.6351 | f1_macro: 0.7452 | pixel_accuracy: 0.9213 | val_loss: 0.3010
Epoch 200/1000 | train_loss: 0.3153 | miou: 0.6366 | f1_macro: 0.7467 | pixel_accuracy: 0.9216 | val_loss: 0.3059
Epoch 201/1000 | train_loss: 0.3745 | miou: 0.6591 | f1_macro: 0.7648 | pixel_accuracy: 0.9342 | val_loss: 0.2874
Epoch 202/1000 | train_loss: 0.3519 | miou: 0.6426 | f1_macro: 0.7455 | pixel_accuracy: 0.9361 | val_loss: 0.2882
Epoch 203/1000 | train_loss: 0.3253 | miou: 0.6505 | f1_macro: 0.7547 | pixel_accuracy: 0.9347 | val_loss: 0.2999
Epoch 204/1000 | train_loss: 0.4019 | miou: 0.6546 | f1_macro: 0.7587 | pixel_accuracy: 0.9351 | val_loss: 0.3026
Epoch 205/1000 | train_loss: 0.3369 | miou: 0.6481 | f1_macro: 0.7532 | pixel_accuracy: 0.9320 | val_loss: 0.3203
Epoch 206/1000 | train_loss: 0.3188 | miou: 0.6389 | f1_macro: 0.7462 | pixel_accuracy: 0.9236 | val_loss: 0.3440
Epoch 207/1000 | train_loss: 0.3792 | miou: 0.6308 | f1_macro: 0.7387 | pixel_accuracy: 0.9195 | val_loss: 0.3602
Epoch 208/1000 | train_loss: 0.4101 | miou: 0.6089 | f1_macro: 0.7172 | pixel_accuracy: 0.9070 | val_loss: 0.4117
Epoch 209/1000 | train_loss: 0.3749 | miou: 0.6169 | f1_macro: 0.7241 | pixel_accuracy: 0.9150 | val_loss: 0.3931
Epoch 210/1000 | train_loss: 0.3404 | miou: 0.6369 | f1_macro: 0.7442 | pixel_accuracy: 0.9258 | val_loss: 0.3292
Epoch 211/1000 | train_loss: 0.3416 | miou: 0.6424 | f1_macro: 0.7491 | pixel_accuracy: 0.9263 | val_loss: 0.3238
Epoch 212/1000 | train_loss: 0.3245 | miou: 0.6378 | f1_macro: 0.7455 | pixel_accuracy: 0.9217 | val_loss: 0.3469
Epoch 213/1000 | train_loss: 0.3289 | miou: 0.6393 | f1_macro: 0.7478 | pixel_accuracy: 0.9210 | val_loss: 0.3390
Epoch 214/1000 | train_loss: 0.3608 | miou: 0.6471 | f1_macro: 0.7547 | pixel_accuracy: 0.9262 | val_loss: 0.3089
Epoch 215/1000 | train_loss: 0.3790 | miou: 0.6445 | f1_macro: 0.7529 | pixel_accuracy: 0.9267 | val_loss: 0.3318
Epoch 216/1000 | train_loss: 0.3550 | miou: 0.6301 | f1_macro: 0.7390 | pixel_accuracy: 0.9226 | val_loss: 0.3463
Epoch 217/1000 | train_loss: 0.3745 | miou: 0.6438 | f1_macro: 0.7487 | pixel_accuracy: 0.9313 | val_loss: 0.3222
Epoch 218/1000 | train_loss: 0.3398 | miou: 0.6431 | f1_macro: 0.7473 | pixel_accuracy: 0.9278 | val_loss: 0.3304
Epoch 219/1000 | train_loss: 0.3630 | miou: 0.6474 | f1_macro: 0.7507 | pixel_accuracy: 0.9329 | val_loss: 0.3039
Epoch 220/1000 | train_loss: 0.3315 | miou: 0.6598 | f1_macro: 0.7644 | pixel_accuracy: 0.9366 | val_loss: 0.2920
Epoch 221/1000 | train_loss: 0.3205 | miou: 0.6573 | f1_macro: 0.7639 | pixel_accuracy: 0.9320 | val_loss: 0.2850
Epoch 222/1000 | train_loss: 0.3988 | miou: 0.6474 | f1_macro: 0.7543 | pixel_accuracy: 0.9281 | val_loss: 0.3027
Epoch 223/1000 | train_loss: 0.3546 | miou: 0.6454 | f1_macro: 0.7468 | pixel_accuracy: 0.9335 | val_loss: 0.3092
Epoch 224/1000 | train_loss: 0.3293 | miou: 0.6392 | f1_macro: 0.7389 | pixel_accuracy: 0.9339 | val_loss: 0.3023
Epoch 225/1000 | train_loss: 0.3542 | miou: 0.6494 | f1_macro: 0.7502 | pixel_accuracy: 0.9363 | val_loss: 0.2920
Epoch 226/1000 | train_loss: 0.3405 | miou: 0.6433 | f1_macro: 0.7475 | pixel_accuracy: 0.9306 | val_loss: 0.3223
Epoch 227/1000 | train_loss: 0.4112 | miou: 0.6220 | f1_macro: 0.7271 | pixel_accuracy: 0.9191 | val_loss: 0.3539
Epoch 228/1000 | train_loss: 0.3794 | miou: 0.6217 | f1_macro: 0.7282 | pixel_accuracy: 0.9194 | val_loss: 0.3532
Epoch 229/1000 | train_loss: 0.3467 | miou: 0.6277 | f1_macro: 0.7335 | pixel_accuracy: 0.9185 | val_loss: 0.3617
Epoch 230/1000 | train_loss: 0.3440 | miou: 0.6404 | f1_macro: 0.7459 | pixel_accuracy: 0.9214 | val_loss: 0.3513
Epoch 231/1000 | train_loss: 0.3713 | miou: 0.6473 | f1_macro: 0.7506 | pixel_accuracy: 0.9286 | val_loss: 0.3204
Epoch 232/1000 | train_loss: 0.3401 | miou: 0.6583 | f1_macro: 0.7615 | pixel_accuracy: 0.9364 | val_loss: 0.2939
Epoch 233/1000 | train_loss: 0.3859 | miou: 0.6595 | f1_macro: 0.7617 | pixel_accuracy: 0.9382 | val_loss: 0.2954
Epoch 234/1000 | train_loss: 0.3617 | miou: 0.6449 | f1_macro: 0.7474 | pixel_accuracy: 0.9345 | val_loss: 0.3165
Epoch 235/1000 | train_loss: 0.3416 | miou: 0.6497 | f1_macro: 0.7535 | pixel_accuracy: 0.9358 | val_loss: 0.2965
Epoch 236/1000 | train_loss: 0.3535 | miou: 0.6535 | f1_macro: 0.7581 | pixel_accuracy: 0.9371 | val_loss: 0.2928
Epoch 237/1000 | train_loss: 0.3691 | miou: 0.6417 | f1_macro: 0.7436 | pixel_accuracy: 0.9342 | val_loss: 0.3095
Epoch 238/1000 | train_loss: 0.3424 | miou: 0.6259 | f1_macro: 0.7269 | pixel_accuracy: 0.9309 | val_loss: 0.3381
Epoch 239/1000 | train_loss: 0.3167 | miou: 0.6275 | f1_macro: 0.7329 | pixel_accuracy: 0.9249 | val_loss: 0.3494
Epoch 240/1000 | train_loss: 0.3533 | miou: 0.6402 | f1_macro: 0.7479 | pixel_accuracy: 0.9258 | val_loss: 0.3274
Epoch 241/1000 | train_loss: 0.3914 | miou: 0.6525 | f1_macro: 0.7582 | pixel_accuracy: 0.9347 | val_loss: 0.2915
Epoch 242/1000 | train_loss: 0.3343 | miou: 0.6544 | f1_macro: 0.7604 | pixel_accuracy: 0.9349 | val_loss: 0.2909
Epoch 243/1000 | train_loss: 0.3066 | miou: 0.6545 | f1_macro: 0.7604 | pixel_accuracy: 0.9339 | val_loss: 0.3074
Epoch 244/1000 | train_loss: 0.3495 | miou: 0.6350 | f1_macro: 0.7381 | pixel_accuracy: 0.9277 | val_loss: 0.3283
Epoch 245/1000 | train_loss: 0.3477 | miou: 0.6150 | f1_macro: 0.7174 | pixel_accuracy: 0.9249 | val_loss: 0.3529
Epoch 246/1000 | train_loss: 0.3660 | miou: 0.6289 | f1_macro: 0.7310 | pixel_accuracy: 0.9296 | val_loss: 0.3433
Epoch 247/1000 | train_loss: 0.4310 | miou: 0.6377 | f1_macro: 0.7428 | pixel_accuracy: 0.9310 | val_loss: 0.3087
Epoch 248/1000 | train_loss: 0.4061 | miou: 0.6204 | f1_macro: 0.7247 | pixel_accuracy: 0.9253 | val_loss: 0.3395
Epoch 249/1000 | train_loss: 0.3705 | miou: 0.6234 | f1_macro: 0.7259 | pixel_accuracy: 0.9278 | val_loss: 0.3470
Epoch 250/1000 | train_loss: 0.3531 | miou: 0.6321 | f1_macro: 0.7403 | pixel_accuracy: 0.9236 | val_loss: 0.3258
Epoch 251/1000 | train_loss: 0.3515 | miou: 0.6226 | f1_macro: 0.7324 | pixel_accuracy: 0.9147 | val_loss: 0.3420
Epoch 252/1000 | train_loss: 0.3564 | miou: 0.6348 | f1_macro: 0.7484 | pixel_accuracy: 0.9149 | val_loss: 0.3250
Epoch 253/1000 | train_loss: 0.3686 | miou: 0.6703 | f1_macro: 0.7781 | pixel_accuracy: 0.9328 | val_loss: 0.2778
Epoch 254/1000 | train_loss: 0.3140 | miou: 0.6566 | f1_macro: 0.7667 | pixel_accuracy: 0.9291 | val_loss: 0.2852
Epoch 255/1000 | train_loss: 0.3637 | miou: 0.6632 | f1_macro: 0.7692 | pixel_accuracy: 0.9376 | val_loss: 0.2786
Epoch 256/1000 | train_loss: 0.3185 | miou: 0.6320 | f1_macro: 0.7350 | pixel_accuracy: 0.9350 | val_loss: 0.2973
Epoch 257/1000 | train_loss: 0.3439 | miou: 0.6237 | f1_macro: 0.7223 | pixel_accuracy: 0.9346 | val_loss: 0.3137
Epoch 258/1000 | train_loss: 0.3488 | miou: 0.6326 | f1_macro: 0.7305 | pixel_accuracy: 0.9356 | val_loss: 0.3169
Epoch 259/1000 | train_loss: 0.3420 | miou: 0.6335 | f1_macro: 0.7325 | pixel_accuracy: 0.9321 | val_loss: 0.3066
Epoch 260/1000 | train_loss: 0.3026 | miou: 0.6643 | f1_macro: 0.7671 | pixel_accuracy: 0.9394 | val_loss: 0.2614
Epoch 261/1000 | train_loss: 0.3454 | miou: 0.6954 | f1_macro: 0.7991 | pixel_accuracy: 0.9437 | val_loss: 0.2496
Epoch 262/1000 | train_loss: 0.3246 | miou: 0.6578 | f1_macro: 0.7624 | pixel_accuracy: 0.9321 | val_loss: 0.2883
Epoch 263/1000 | train_loss: 0.3858 | miou: 0.6491 | f1_macro: 0.7522 | pixel_accuracy: 0.9349 | val_loss: 0.2934
Epoch 264/1000 | train_loss: 0.3554 | miou: 0.6334 | f1_macro: 0.7354 | pixel_accuracy: 0.9357 | val_loss: 0.2930
Epoch 265/1000 | train_loss: 0.3732 | miou: 0.6366 | f1_macro: 0.7390 | pixel_accuracy: 0.9338 | val_loss: 0.2853
Epoch 266/1000 | train_loss: 0.3333 | miou: 0.6501 | f1_macro: 0.7516 | pixel_accuracy: 0.9369 | val_loss: 0.2852
Epoch 267/1000 | train_loss: 0.3353 | miou: 0.6526 | f1_macro: 0.7536 | pixel_accuracy: 0.9381 | val_loss: 0.2846
Epoch 268/1000 | train_loss: 0.3451 | miou: 0.6531 | f1_macro: 0.7563 | pixel_accuracy: 0.9391 | val_loss: 0.2891
Epoch 269/1000 | train_loss: 0.3434 | miou: 0.6639 | f1_macro: 0.7698 | pixel_accuracy: 0.9387 | val_loss: 0.2872
Epoch 270/1000 | train_loss: 0.3645 | miou: 0.6689 | f1_macro: 0.7737 | pixel_accuracy: 0.9387 | val_loss: 0.2799
Epoch 271/1000 | train_loss: 0.3252 | miou: 0.6704 | f1_macro: 0.7732 | pixel_accuracy: 0.9390 | val_loss: 0.2797
Epoch 272/1000 | train_loss: 0.3169 | miou: 0.6850 | f1_macro: 0.7877 | pixel_accuracy: 0.9422 | val_loss: 0.2654
Epoch 273/1000 | train_loss: 0.3301 | miou: 0.6793 | f1_macro: 0.7831 | pixel_accuracy: 0.9423 | val_loss: 0.2516
Epoch 274/1000 | train_loss: 0.3602 | miou: 0.6634 | f1_macro: 0.7673 | pixel_accuracy: 0.9394 | val_loss: 0.2591
Epoch 275/1000 | train_loss: 0.3473 | miou: 0.6606 | f1_macro: 0.7652 | pixel_accuracy: 0.9366 | val_loss: 0.2717
Epoch 276/1000 | train_loss: 0.3342 | miou: 0.6772 | f1_macro: 0.7813 | pixel_accuracy: 0.9400 | val_loss: 0.2576
Epoch 277/1000 | train_loss: 0.3896 | miou: 0.6872 | f1_macro: 0.7902 | pixel_accuracy: 0.9426 | val_loss: 0.2276
Epoch 278/1000 | train_loss: 0.4085 | miou: 0.6875 | f1_macro: 0.7898 | pixel_accuracy: 0.9441 | val_loss: 0.2213
Epoch 279/1000 | train_loss: 0.3746 | miou: 0.6893 | f1_macro: 0.7903 | pixel_accuracy: 0.9478 | val_loss: 0.2143
Epoch 280/1000 | train_loss: 0.3178 | miou: 0.6882 | f1_macro: 0.7885 | pixel_accuracy: 0.9474 | val_loss: 0.2078
Epoch 281/1000 | train_loss: 0.3748 | miou: 0.6776 | f1_macro: 0.7766 | pixel_accuracy: 0.9465 | val_loss: 0.2192
Epoch 282/1000 | train_loss: 0.3454 | miou: 0.6611 | f1_macro: 0.7595 | pixel_accuracy: 0.9436 | val_loss: 0.2512
Epoch 283/1000 | train_loss: 0.3492 | miou: 0.6411 | f1_macro: 0.7389 | pixel_accuracy: 0.9376 | val_loss: 0.2668
Epoch 284/1000 | train_loss: 0.3804 | miou: 0.6410 | f1_macro: 0.7399 | pixel_accuracy: 0.9365 | val_loss: 0.2783
Epoch 285/1000 | train_loss: 0.3455 | miou: 0.6460 | f1_macro: 0.7443 | pixel_accuracy: 0.9384 | val_loss: 0.2869
Epoch 286/1000 | train_loss: 0.3072 | miou: 0.6399 | f1_macro: 0.7368 | pixel_accuracy: 0.9364 | val_loss: 0.3041
Epoch 287/1000 | train_loss: 0.3371 | miou: 0.6395 | f1_macro: 0.7377 | pixel_accuracy: 0.9354 | val_loss: 0.3027
Epoch 288/1000 | train_loss: 0.2969 | miou: 0.6472 | f1_macro: 0.7464 | pixel_accuracy: 0.9381 | val_loss: 0.2807
Epoch 289/1000 | train_loss: 0.3421 | miou: 0.6463 | f1_macro: 0.7456 | pixel_accuracy: 0.9368 | val_loss: 0.2892
Epoch 290/1000 | train_loss: 0.3977 | miou: 0.6175 | f1_macro: 0.7151 | pixel_accuracy: 0.9308 | val_loss: 0.3227
Epoch 291/1000 | train_loss: 0.3422 | miou: 0.6043 | f1_macro: 0.7006 | pixel_accuracy: 0.9252 | val_loss: 0.3580
Epoch 292/1000 | train_loss: 0.3304 | miou: 0.6261 | f1_macro: 0.7215 | pixel_accuracy: 0.9292 | val_loss: 0.3403
Epoch 293/1000 | train_loss: 0.3276 | miou: 0.6520 | f1_macro: 0.7522 | pixel_accuracy: 0.9332 | val_loss: 0.3168
Epoch 294/1000 | train_loss: 0.3216 | miou: 0.6540 | f1_macro: 0.7570 | pixel_accuracy: 0.9305 | val_loss: 0.2998
Epoch 295/1000 | train_loss: 0.3625 | miou: 0.6526 | f1_macro: 0.7570 | pixel_accuracy: 0.9295 | val_loss: 0.2742
Epoch 296/1000 | train_loss: 0.3180 | miou: 0.6516 | f1_macro: 0.7551 | pixel_accuracy: 0.9285 | val_loss: 0.2769
Epoch 297/1000 | train_loss: 0.3398 | miou: 0.6516 | f1_macro: 0.7557 | pixel_accuracy: 0.9275 | val_loss: 0.2860
Epoch 298/1000 | train_loss: 0.3968 | miou: 0.6503 | f1_macro: 0.7548 | pixel_accuracy: 0.9282 | val_loss: 0.2720
Epoch 299/1000 | train_loss: 0.3559 | miou: 0.6681 | f1_macro: 0.7703 | pixel_accuracy: 0.9374 | val_loss: 0.2500
Epoch 300/1000 | train_loss: 0.3190 | miou: 0.6779 | f1_macro: 0.7803 | pixel_accuracy: 0.9420 | val_loss: 0.2252
Epoch 301/1000 | train_loss: 0.3813 | miou: 0.6763 | f1_macro: 0.7792 | pixel_accuracy: 0.9421 | val_loss: 0.2284
Epoch 302/1000 | train_loss: 0.3497 | miou: 0.6667 | f1_macro: 0.7696 | pixel_accuracy: 0.9412 | val_loss: 0.2363
Epoch 303/1000 | train_loss: 0.3479 | miou: 0.6625 | f1_macro: 0.7659 | pixel_accuracy: 0.9414 | val_loss: 0.2410
Epoch 304/1000 | train_loss: 0.3502 | miou: 0.6774 | f1_macro: 0.7805 | pixel_accuracy: 0.9444 | val_loss: 0.2408
Epoch 305/1000 | train_loss: 0.3380 | miou: 0.6741 | f1_macro: 0.7778 | pixel_accuracy: 0.9414 | val_loss: 0.2383
Epoch 306/1000 | train_loss: 0.3445 | miou: 0.6625 | f1_macro: 0.7654 | pixel_accuracy: 0.9402 | val_loss: 0.2623
Epoch 307/1000 | train_loss: 0.3394 | miou: 0.6618 | f1_macro: 0.7642 | pixel_accuracy: 0.9371 | val_loss: 0.2731
Epoch 308/1000 | train_loss: 0.3205 | miou: 0.6622 | f1_macro: 0.7648 | pixel_accuracy: 0.9359 | val_loss: 0.2676
Epoch 309/1000 | train_loss: 0.3160 | miou: 0.6666 | f1_macro: 0.7686 | pixel_accuracy: 0.9374 | val_loss: 0.2529
Epoch 310/1000 | train_loss: 0.3386 | miou: 0.6745 | f1_macro: 0.7761 | pixel_accuracy: 0.9422 | val_loss: 0.2386
Epoch 311/1000 | train_loss: 0.3226 | miou: 0.6800 | f1_macro: 0.7809 | pixel_accuracy: 0.9445 | val_loss: 0.2407
Epoch 312/1000 | train_loss: 0.3604 | miou: 0.6659 | f1_macro: 0.7680 | pixel_accuracy: 0.9384 | val_loss: 0.2668
Epoch 313/1000 | train_loss: 0.3727 | miou: 0.6544 | f1_macro: 0.7559 | pixel_accuracy: 0.9368 | val_loss: 0.2777
Epoch 314/1000 | train_loss: 0.3723 | miou: 0.6457 | f1_macro: 0.7464 | pixel_accuracy: 0.9346 | val_loss: 0.2974
Epoch 315/1000 | train_loss: 0.3215 | miou: 0.6396 | f1_macro: 0.7398 | pixel_accuracy: 0.9298 | val_loss: 0.3396
Epoch 316/1000 | train_loss: 0.3118 | miou: 0.6354 | f1_macro: 0.7380 | pixel_accuracy: 0.9280 | val_loss: 0.3492
Epoch 317/1000 | train_loss: 0.3034 | miou: 0.6190 | f1_macro: 0.7306 | pixel_accuracy: 0.9118 | val_loss: 0.3828
Epoch 318/1000 | train_loss: 0.2768 | miou: 0.6518 | f1_macro: 0.7614 | pixel_accuracy: 0.9253 | val_loss: 0.3446
Epoch 319/1000 | train_loss: 0.3530 | miou: 0.6591 | f1_macro: 0.7632 | pixel_accuracy: 0.9360 | val_loss: 0.2997
Epoch 320/1000 | train_loss: 0.3205 | miou: 0.6443 | f1_macro: 0.7488 | pixel_accuracy: 0.9317 | val_loss: 0.3306
Epoch 321/1000 | train_loss: 0.2967 | miou: 0.6450 | f1_macro: 0.7498 | pixel_accuracy: 0.9276 | val_loss: 0.3541
Epoch 322/1000 | train_loss: 0.3218 | miou: 0.6656 | f1_macro: 0.7664 | pixel_accuracy: 0.9378 | val_loss: 0.3173
Epoch 323/1000 | train_loss: 0.3542 | miou: 0.6690 | f1_macro: 0.7695 | pixel_accuracy: 0.9418 | val_loss: 0.2758
Epoch 324/1000 | train_loss: 0.3508 | miou: 0.6819 | f1_macro: 0.7836 | pixel_accuracy: 0.9428 | val_loss: 0.2438
Epoch 325/1000 | train_loss: 0.3178 | miou: 0.6804 | f1_macro: 0.7852 | pixel_accuracy: 0.9381 | val_loss: 0.2231
Epoch 326/1000 | train_loss: 0.3219 | miou: 0.6767 | f1_macro: 0.7815 | pixel_accuracy: 0.9374 | val_loss: 0.2284
Epoch 327/1000 | train_loss: 0.3884 | miou: 0.6542 | f1_macro: 0.7593 | pixel_accuracy: 0.9327 | val_loss: 0.2535
Epoch 328/1000 | train_loss: 0.3457 | miou: 0.6407 | f1_macro: 0.7456 | pixel_accuracy: 0.9277 | val_loss: 0.2706
Epoch 329/1000 | train_loss: 0.3438 | miou: 0.6370 | f1_macro: 0.7445 | pixel_accuracy: 0.9257 | val_loss: 0.2749
Epoch 330/1000 | train_loss: 0.3886 | miou: 0.6455 | f1_macro: 0.7538 | pixel_accuracy: 0.9282 | val_loss: 0.2552
Epoch 331/1000 | train_loss: 0.3662 | miou: 0.6380 | f1_macro: 0.7463 | pixel_accuracy: 0.9266 | val_loss: 0.2614
Epoch 332/1000 | train_loss: 0.3505 | miou: 0.6397 | f1_macro: 0.7474 | pixel_accuracy: 0.9254 | val_loss: 0.2659
Epoch 333/1000 | train_loss: 0.3460 | miou: 0.6441 | f1_macro: 0.7509 | pixel_accuracy: 0.9266 | val_loss: 0.2611
Epoch 334/1000 | train_loss: 0.3300 | miou: 0.6521 | f1_macro: 0.7568 | pixel_accuracy: 0.9313 | val_loss: 0.2468
Epoch 335/1000 | train_loss: 0.3254 | miou: 0.6567 | f1_macro: 0.7582 | pixel_accuracy: 0.9381 | val_loss: 0.2410
Epoch 336/1000 | train_loss: 0.2889 | miou: 0.6411 | f1_macro: 0.7440 | pixel_accuracy: 0.9336 | val_loss: 0.2639
Epoch 337/1000 | train_loss: 0.3119 | miou: 0.6438 | f1_macro: 0.7464 | pixel_accuracy: 0.9350 | val_loss: 0.2596
Epoch 338/1000 | train_loss: 0.3609 | miou: 0.6474 | f1_macro: 0.7483 | pixel_accuracy: 0.9365 | val_loss: 0.2521
Epoch 339/1000 | train_loss: 0.3452 | miou: 0.6264 | f1_macro: 0.7286 | pixel_accuracy: 0.9293 | val_loss: 0.2827
Epoch 340/1000 | train_loss: 0.3691 | miou: 0.6306 | f1_macro: 0.7318 | pixel_accuracy: 0.9280 | val_loss: 0.2972
Epoch 341/1000 | train_loss: 0.3390 | miou: 0.6389 | f1_macro: 0.7403 | pixel_accuracy: 0.9295 | val_loss: 0.2912
Epoch 342/1000 | train_loss: 0.3436 | miou: 0.6468 | f1_macro: 0.7502 | pixel_accuracy: 0.9320 | val_loss: 0.2779
Epoch 343/1000 | train_loss: 0.3667 | miou: 0.6583 | f1_macro: 0.7617 | pixel_accuracy: 0.9364 | val_loss: 0.2551
Epoch 344/1000 | train_loss: 0.3504 | miou: 0.6654 | f1_macro: 0.7702 | pixel_accuracy: 0.9366 | val_loss: 0.2429
Epoch 345/1000 | train_loss: 0.3187 | miou: 0.6616 | f1_macro: 0.7668 | pixel_accuracy: 0.9350 | val_loss: 0.2513
Epoch 346/1000 | train_loss: 0.3695 | miou: 0.6612 | f1_macro: 0.7644 | pixel_accuracy: 0.9363 | val_loss: 0.2593
Epoch 347/1000 | train_loss: 0.3094 | miou: 0.6618 | f1_macro: 0.7638 | pixel_accuracy: 0.9382 | val_loss: 0.2472
Epoch 348/1000 | train_loss: 0.4003 | miou: 0.6527 | f1_macro: 0.7560 | pixel_accuracy: 0.9349 | val_loss: 0.2584
Epoch 349/1000 | train_loss: 0.3569 | miou: 0.6425 | f1_macro: 0.7474 | pixel_accuracy: 0.9331 | val_loss: 0.2724
Epoch 350/1000 | train_loss: 0.3041 | miou: 0.6601 | f1_macro: 0.7648 | pixel_accuracy: 0.9358 | val_loss: 0.2578
Epoch 351/1000 | train_loss: 0.3477 | miou: 0.6595 | f1_macro: 0.7619 | pixel_accuracy: 0.9363 | val_loss: 0.2537
Epoch 352/1000 | train_loss: 0.3268 | miou: 0.6663 | f1_macro: 0.7660 | pixel_accuracy: 0.9413 | val_loss: 0.2420
Epoch 353/1000 | train_loss: 0.3340 | miou: 0.6710 | f1_macro: 0.7717 | pixel_accuracy: 0.9407 | val_loss: 0.2439
Epoch 354/1000 | train_loss: 0.2848 | miou: 0.6719 | f1_macro: 0.7744 | pixel_accuracy: 0.9370 | val_loss: 0.2482
Epoch 355/1000 | train_loss: 0.3455 | miou: 0.6683 | f1_macro: 0.7691 | pixel_accuracy: 0.9405 | val_loss: 0.2418
Epoch 356/1000 | train_loss: 0.3037 | miou: 0.6680 | f1_macro: 0.7676 | pixel_accuracy: 0.9408 | val_loss: 0.2329
Epoch 357/1000 | train_loss: 0.3228 | miou: 0.6555 | f1_macro: 0.7575 | pixel_accuracy: 0.9353 | val_loss: 0.2416
Epoch 358/1000 | train_loss: 0.3457 | miou: 0.6571 | f1_macro: 0.7589 | pixel_accuracy: 0.9356 | val_loss: 0.2423
Epoch 359/1000 | train_loss: 0.3578 | miou: 0.6647 | f1_macro: 0.7667 | pixel_accuracy: 0.9383 | val_loss: 0.2306
Epoch 360/1000 | train_loss: 0.3052 | miou: 0.6732 | f1_macro: 0.7764 | pixel_accuracy: 0.9402 | val_loss: 0.2172
Epoch 361/1000 | train_loss: 0.3762 | miou: 0.6485 | f1_macro: 0.7514 | pixel_accuracy: 0.9349 | val_loss: 0.2382
Epoch 362/1000 | train_loss: 0.3291 | miou: 0.6457 | f1_macro: 0.7455 | pixel_accuracy: 0.9338 | val_loss: 0.2654
Epoch 363/1000 | train_loss: 0.3411 | miou: 0.6533 | f1_macro: 0.7531 | pixel_accuracy: 0.9360 | val_loss: 0.2600
Epoch 364/1000 | train_loss: 0.3051 | miou: 0.6557 | f1_macro: 0.7571 | pixel_accuracy: 0.9360 | val_loss: 0.2471
Epoch 365/1000 | train_loss: 0.3419 | miou: 0.6583 | f1_macro: 0.7617 | pixel_accuracy: 0.9345 | val_loss: 0.2374
Epoch 366/1000 | train_loss: 0.3295 | miou: 0.6536 | f1_macro: 0.7587 | pixel_accuracy: 0.9324 | val_loss: 0.2322
Epoch 367/1000 | train_loss: 0.3526 | miou: 0.6511 | f1_macro: 0.7556 | pixel_accuracy: 0.9304 | val_loss: 0.2391
Epoch 368/1000 | train_loss: 0.3127 | miou: 0.6636 | f1_macro: 0.7642 | pixel_accuracy: 0.9378 | val_loss: 0.2398
Epoch 369/1000 | train_loss: 0.3373 | miou: 0.6612 | f1_macro: 0.7616 | pixel_accuracy: 0.9379 | val_loss: 0.2401
Epoch 370/1000 | train_loss: 0.3345 | miou: 0.6605 | f1_macro: 0.7612 | pixel_accuracy: 0.9373 | val_loss: 0.2447
Epoch 371/1000 | train_loss: 0.2795 | miou: 0.6643 | f1_macro: 0.7653 | pixel_accuracy: 0.9389 | val_loss: 0.2467
Epoch 372/1000 | train_loss: 0.3198 | miou: 0.6672 | f1_macro: 0.7675 | pixel_accuracy: 0.9430 | val_loss: 0.2384
Epoch 373/1000 | train_loss: 0.3267 | miou: 0.6680 | f1_macro: 0.7683 | pixel_accuracy: 0.9433 | val_loss: 0.2340
Epoch 374/1000 | train_loss: 0.3314 | miou: 0.6639 | f1_macro: 0.7642 | pixel_accuracy: 0.9393 | val_loss: 0.2460
Epoch 375/1000 | train_loss: 0.3108 | miou: 0.6583 | f1_macro: 0.7579 | pixel_accuracy: 0.9385 | val_loss: 0.2558
Epoch 376/1000 | train_loss: 0.3519 | miou: 0.6576 | f1_macro: 0.7567 | pixel_accuracy: 0.9372 | val_loss: 0.2657
Epoch 377/1000 | train_loss: 0.3450 | miou: 0.6508 | f1_macro: 0.7492 | pixel_accuracy: 0.9364 | val_loss: 0.2786
Epoch 378/1000 | train_loss: 0.3058 | miou: 0.6371 | f1_macro: 0.7367 | pixel_accuracy: 0.9318 | val_loss: 0.2931
Epoch 379/1000 | train_loss: 0.3005 | miou: 0.6421 | f1_macro: 0.7414 | pixel_accuracy: 0.9319 | val_loss: 0.2785
Epoch 380/1000 | train_loss: 0.3028 | miou: 0.6521 | f1_macro: 0.7514 | pixel_accuracy: 0.9364 | val_loss: 0.2595
Epoch 381/1000 | train_loss: 0.3273 | miou: 0.6386 | f1_macro: 0.7371 | pixel_accuracy: 0.9336 | val_loss: 0.2732
Epoch 382/1000 | train_loss: 0.3697 | miou: 0.6248 | f1_macro: 0.7240 | pixel_accuracy: 0.9294 | val_loss: 0.2869
Epoch 383/1000 | train_loss: 0.2932 | miou: 0.6388 | f1_macro: 0.7387 | pixel_accuracy: 0.9325 | val_loss: 0.2705
Epoch 384/1000 | train_loss: 0.2702 | miou: 0.6489 | f1_macro: 0.7502 | pixel_accuracy: 0.9338 | val_loss: 0.2574
Epoch 385/1000 | train_loss: 0.3093 | miou: 0.6527 | f1_macro: 0.7543 | pixel_accuracy: 0.9346 | val_loss: 0.2525
Epoch 386/1000 | train_loss: 0.3135 | miou: 0.6433 | f1_macro: 0.7439 | pixel_accuracy: 0.9322 | val_loss: 0.2792
Epoch 387/1000 | train_loss: 0.3202 | miou: 0.6363 | f1_macro: 0.7365 | pixel_accuracy: 0.9286 | val_loss: 0.3021
Epoch 388/1000 | train_loss: 0.3052 | miou: 0.6452 | f1_macro: 0.7452 | pixel_accuracy: 0.9321 | val_loss: 0.2868
Epoch 389/1000 | train_loss: 0.3307 | miou: 0.6522 | f1_macro: 0.7542 | pixel_accuracy: 0.9332 | val_loss: 0.2732
Epoch 390/1000 | train_loss: 0.3040 | miou: 0.6726 | f1_macro: 0.7757 | pixel_accuracy: 0.9403 | val_loss: 0.2673
Epoch 391/1000 | train_loss: 0.3198 | miou: 0.6725 | f1_macro: 0.7736 | pixel_accuracy: 0.9423 | val_loss: 0.2553
Epoch 392/1000 | train_loss: 0.3127 | miou: 0.6676 | f1_macro: 0.7682 | pixel_accuracy: 0.9408 | val_loss: 0.2533
Epoch 393/1000 | train_loss: 0.3257 | miou: 0.6774 | f1_macro: 0.7783 | pixel_accuracy: 0.9442 | val_loss: 0.2427
Epoch 394/1000 | train_loss: 0.3165 | miou: 0.6796 | f1_macro: 0.7794 | pixel_accuracy: 0.9453 | val_loss: 0.2273
Epoch 395/1000 | train_loss: 0.3021 | miou: 0.6735 | f1_macro: 0.7727 | pixel_accuracy: 0.9444 | val_loss: 0.2315
Epoch 396/1000 | train_loss: 0.3161 | miou: 0.6580 | f1_macro: 0.7569 | pixel_accuracy: 0.9414 | val_loss: 0.2463
Epoch 397/1000 | train_loss: 0.2808 | miou: 0.6526 | f1_macro: 0.7514 | pixel_accuracy: 0.9415 | val_loss: 0.2588
Epoch 398/1000 | train_loss: 0.3752 | miou: 0.6510 | f1_macro: 0.7496 | pixel_accuracy: 0.9407 | val_loss: 0.2590
Epoch 399/1000 | train_loss: 0.3311 | miou: 0.6450 | f1_macro: 0.7434 | pixel_accuracy: 0.9370 | val_loss: 0.2754
Epoch 400/1000 | train_loss: 0.3659 | miou: 0.6410 | f1_macro: 0.7389 | pixel_accuracy: 0.9350 | val_loss: 0.2892
Epoch 401/1000 | train_loss: 0.2771 | miou: 0.6407 | f1_macro: 0.7383 | pixel_accuracy: 0.9344 | val_loss: 0.2927
Epoch 402/1000 | train_loss: 0.3124 | miou: 0.6473 | f1_macro: 0.7455 | pixel_accuracy: 0.9367 | val_loss: 0.2834
Epoch 403/1000 | train_loss: 0.3178 | miou: 0.6536 | f1_macro: 0.7518 | pixel_accuracy: 0.9408 | val_loss: 0.2687
Epoch 404/1000 | train_loss: 0.2975 | miou: 0.6616 | f1_macro: 0.7605 | pixel_accuracy: 0.9435 | val_loss: 0.2363
Epoch 405/1000 | train_loss: 0.3358 | miou: 0.6509 | f1_macro: 0.7485 | pixel_accuracy: 0.9398 | val_loss: 0.2499
Epoch 406/1000 | train_loss: 0.2685 | miou: 0.6420 | f1_macro: 0.7389 | pixel_accuracy: 0.9373 | val_loss: 0.2676
Epoch 407/1000 | train_loss: 0.3231 | miou: 0.6642 | f1_macro: 0.7642 | pixel_accuracy: 0.9407 | val_loss: 0.2446
Epoch 408/1000 | train_loss: 0.3546 | miou: 0.6342 | f1_macro: 0.7442 | pixel_accuracy: 0.9230 | val_loss: 0.3147
Epoch 409/1000 | train_loss: 0.3662 | miou: 0.6255 | f1_macro: 0.7353 | pixel_accuracy: 0.9189 | val_loss: 0.3570
Epoch 410/1000 | train_loss: 0.3463 | miou: 0.5916 | f1_macro: 0.7016 | pixel_accuracy: 0.9043 | val_loss: 0.4894
Epoch 411/1000 | train_loss: 0.3351 | miou: 0.5102 | f1_macro: 0.6357 | pixel_accuracy: 0.8340 | val_loss: 0.9626
Epoch 412/1000 | train_loss: 0.3118 | miou: 0.4919 | f1_macro: 0.6241 | pixel_accuracy: 0.8127 | val_loss: 0.9567
Epoch 413/1000 | train_loss: 0.3213 | miou: 0.5091 | f1_macro: 0.6416 | pixel_accuracy: 0.8201 | val_loss: 0.8602
Epoch 414/1000 | train_loss: 0.3862 | miou: 0.6165 | f1_macro: 0.7274 | pixel_accuracy: 0.9068 | val_loss: 0.4411
Epoch 415/1000 | train_loss: 0.3828 | miou: 0.6382 | f1_macro: 0.7446 | pixel_accuracy: 0.9261 | val_loss: 0.3240
Epoch 416/1000 | train_loss: 0.3438 | miou: 0.6541 | f1_macro: 0.7583 | pixel_accuracy: 0.9344 | val_loss: 0.2821
Epoch 417/1000 | train_loss: 0.2869 | miou: 0.6644 | f1_macro: 0.7671 | pixel_accuracy: 0.9395 | val_loss: 0.2613
Epoch 418/1000 | train_loss: 0.3150 | miou: 0.6674 | f1_macro: 0.7694 | pixel_accuracy: 0.9425 | val_loss: 0.2528
Epoch 419/1000 | train_loss: 0.3425 | miou: 0.6585 | f1_macro: 0.7601 | pixel_accuracy: 0.9408 | val_loss: 0.2602
Epoch 420/1000 | train_loss: 0.2826 | miou: 0.6533 | f1_macro: 0.7552 | pixel_accuracy: 0.9367 | val_loss: 0.2754
Epoch 421/1000 | train_loss: 0.3253 | miou: 0.6561 | f1_macro: 0.7568 | pixel_accuracy: 0.9366 | val_loss: 0.2778
Epoch 422/1000 | train_loss: 0.2731 | miou: 0.6571 | f1_macro: 0.7582 | pixel_accuracy: 0.9369 | val_loss: 0.2785
Epoch 423/1000 | train_loss: 0.3681 | miou: 0.6522 | f1_macro: 0.7526 | pixel_accuracy: 0.9353 | val_loss: 0.2930
Epoch 424/1000 | train_loss: 0.3127 | miou: 0.6491 | f1_macro: 0.7499 | pixel_accuracy: 0.9336 | val_loss: 0.2960
Epoch 425/1000 | train_loss: 0.3418 | miou: 0.6450 | f1_macro: 0.7462 | pixel_accuracy: 0.9316 | val_loss: 0.2968
Epoch 426/1000 | train_loss: 0.3678 | miou: 0.6340 | f1_macro: 0.7350 | pixel_accuracy: 0.9294 | val_loss: 0.3129
Epoch 427/1000 | train_loss: 0.3413 | miou: 0.6333 | f1_macro: 0.7366 | pixel_accuracy: 0.9258 | val_loss: 0.3203
Epoch 428/1000 | train_loss: 0.3087 | miou: 0.6542 | f1_macro: 0.7583 | pixel_accuracy: 0.9323 | val_loss: 0.3010
Epoch 429/1000 | train_loss: 0.3137 | miou: 0.6663 | f1_macro: 0.7690 | pixel_accuracy: 0.9381 | val_loss: 0.2815
Epoch 430/1000 | train_loss: 0.3032 | miou: 0.6616 | f1_macro: 0.7638 | pixel_accuracy: 0.9372 | val_loss: 0.2763
Epoch 431/1000 | train_loss: 0.3686 | miou: 0.6643 | f1_macro: 0.7668 | pixel_accuracy: 0.9377 | val_loss: 0.2665
Epoch 432/1000 | train_loss: 0.3183 | miou: 0.6618 | f1_macro: 0.7634 | pixel_accuracy: 0.9391 | val_loss: 0.2744
Epoch 433/1000 | train_loss: 0.2861 | miou: 0.6488 | f1_macro: 0.7488 | pixel_accuracy: 0.9369 | val_loss: 0.2991
Epoch 434/1000 | train_loss: 0.2969 | miou: 0.6630 | f1_macro: 0.7628 | pixel_accuracy: 0.9415 | val_loss: 0.2836
Epoch 435/1000 | train_loss: 0.2953 | miou: 0.6688 | f1_macro: 0.7690 | pixel_accuracy: 0.9434 | val_loss: 0.2754
Epoch 436/1000 | train_loss: 0.2898 | miou: 0.6661 | f1_macro: 0.7671 | pixel_accuracy: 0.9423 | val_loss: 0.2720
Epoch 437/1000 | train_loss: 0.2879 | miou: 0.6620 | f1_macro: 0.7636 | pixel_accuracy: 0.9404 | val_loss: 0.2698
Epoch 438/1000 | train_loss: 0.2921 | miou: 0.6618 | f1_macro: 0.7643 | pixel_accuracy: 0.9381 | val_loss: 0.2677
Epoch 439/1000 | train_loss: 0.2617 | miou: 0.6679 | f1_macro: 0.7688 | pixel_accuracy: 0.9405 | val_loss: 0.2637
Epoch 440/1000 | train_loss: 0.3376 | miou: 0.6630 | f1_macro: 0.7630 | pixel_accuracy: 0.9413 | val_loss: 0.2650
Epoch 441/1000 | train_loss: 0.3506 | miou: 0.6516 | f1_macro: 0.7525 | pixel_accuracy: 0.9367 | val_loss: 0.2888
Epoch 442/1000 | train_loss: 0.2753 | miou: 0.6530 | f1_macro: 0.7548 | pixel_accuracy: 0.9349 | val_loss: 0.2757
Epoch 443/1000 | train_loss: 0.3123 | miou: 0.6616 | f1_macro: 0.7631 | pixel_accuracy: 0.9387 | val_loss: 0.2545
Epoch 444/1000 | train_loss: 0.2545 | miou: 0.6640 | f1_macro: 0.7631 | pixel_accuracy: 0.9427 | val_loss: 0.2515
Epoch 445/1000 | train_loss: 0.3745 | miou: 0.6632 | f1_macro: 0.7619 | pixel_accuracy: 0.9418 | val_loss: 0.2604
Epoch 446/1000 | train_loss: 0.2839 | miou: 0.6758 | f1_macro: 0.7746 | pixel_accuracy: 0.9440 | val_loss: 0.2520
Epoch 447/1000 | train_loss: 0.3402 | miou: 0.6765 | f1_macro: 0.7757 | pixel_accuracy: 0.9437 | val_loss: 0.2460
Epoch 448/1000 | train_loss: 0.3158 | miou: 0.6660 | f1_macro: 0.7680 | pixel_accuracy: 0.9366 | val_loss: 0.2713
Epoch 449/1000 | train_loss: 0.3368 | miou: 0.6700 | f1_macro: 0.7712 | pixel_accuracy: 0.9379 | val_loss: 0.2688
Epoch 450/1000 | train_loss: 0.2687 | miou: 0.6729 | f1_macro: 0.7733 | pixel_accuracy: 0.9398 | val_loss: 0.2552
Epoch 451/1000 | train_loss: 0.2786 | miou: 0.6704 | f1_macro: 0.7702 | pixel_accuracy: 0.9418 | val_loss: 0.2560
Epoch 452/1000 | train_loss: 0.2938 | miou: 0.6724 | f1_macro: 0.7718 | pixel_accuracy: 0.9432 | val_loss: 0.2606
Epoch 453/1000 | train_loss: 0.3079 | miou: 0.6741 | f1_macro: 0.7736 | pixel_accuracy: 0.9433 | val_loss: 0.2567
Epoch 454/1000 | train_loss: 0.2697 | miou: 0.6708 | f1_macro: 0.7741 | pixel_accuracy: 0.9366 | val_loss: 0.2653
Epoch 455/1000 | train_loss: 0.3219 | miou: 0.6743 | f1_macro: 0.7737 | pixel_accuracy: 0.9438 | val_loss: 0.2354
Epoch 456/1000 | train_loss: 0.3290 | miou: 0.6691 | f1_macro: 0.7685 | pixel_accuracy: 0.9415 | val_loss: 0.2600
Epoch 457/1000 | train_loss: 0.3397 | miou: 0.6650 | f1_macro: 0.7632 | pixel_accuracy: 0.9423 | val_loss: 0.2881
Epoch 458/1000 | train_loss: 0.2686 | miou: 0.6541 | f1_macro: 0.7525 | pixel_accuracy: 0.9372 | val_loss: 0.2989
Epoch 459/1000 | train_loss: 0.3054 | miou: 0.6666 | f1_macro: 0.7675 | pixel_accuracy: 0.9391 | val_loss: 0.2837
Epoch 460/1000 | train_loss: 0.3972 | miou: 0.6697 | f1_macro: 0.7708 | pixel_accuracy: 0.9397 | val_loss: 0.2701
Epoch 461/1000 | train_loss: 0.3543 | miou: 0.6679 | f1_macro: 0.7689 | pixel_accuracy: 0.9391 | val_loss: 0.2791
Epoch 462/1000 | train_loss: 0.3213 | miou: 0.6642 | f1_macro: 0.7653 | pixel_accuracy: 0.9370 | val_loss: 0.2950
Epoch 463/1000 | train_loss: 0.3717 | miou: 0.6544 | f1_macro: 0.7550 | pixel_accuracy: 0.9346 | val_loss: 0.3145
Epoch 464/1000 | train_loss: 0.3288 | miou: 0.6477 | f1_macro: 0.7506 | pixel_accuracy: 0.9312 | val_loss: 0.3102
Epoch 465/1000 | train_loss: 0.3477 | miou: 0.6431 | f1_macro: 0.7441 | pixel_accuracy: 0.9344 | val_loss: 0.2914
Epoch 466/1000 | train_loss: 0.3427 | miou: 0.6395 | f1_macro: 0.7398 | pixel_accuracy: 0.9325 | val_loss: 0.3047
Epoch 467/1000 | train_loss: 0.3032 | miou: 0.6428 | f1_macro: 0.7426 | pixel_accuracy: 0.9315 | val_loss: 0.3378
Epoch 468/1000 | train_loss: 0.3233 | miou: 0.6496 | f1_macro: 0.7492 | pixel_accuracy: 0.9370 | val_loss: 0.3017
Epoch 469/1000 | train_loss: 0.2869 | miou: 0.6618 | f1_macro: 0.7622 | pixel_accuracy: 0.9423 | val_loss: 0.2720
Epoch 470/1000 | train_loss: 0.2935 | miou: 0.6599 | f1_macro: 0.7600 | pixel_accuracy: 0.9435 | val_loss: 0.2575
Epoch 471/1000 | train_loss: 0.2585 | miou: 0.6595 | f1_macro: 0.7602 | pixel_accuracy: 0.9419 | val_loss: 0.2634
Epoch 472/1000 | train_loss: 0.2916 | miou: 0.6535 | f1_macro: 0.7540 | pixel_accuracy: 0.9395 | val_loss: 0.2652
Epoch 473/1000 | train_loss: 0.3956 | miou: 0.6562 | f1_macro: 0.7567 | pixel_accuracy: 0.9391 | val_loss: 0.2640
Epoch 474/1000 | train_loss: 0.3604 | miou: 0.6515 | f1_macro: 0.7520 | pixel_accuracy: 0.9357 | val_loss: 0.2801
Epoch 475/1000 | train_loss: 0.3252 | miou: 0.6440 | f1_macro: 0.7448 | pixel_accuracy: 0.9314 | val_loss: 0.3030
Epoch 476/1000 | train_loss: 0.3456 | miou: 0.6499 | f1_macro: 0.7516 | pixel_accuracy: 0.9325 | val_loss: 0.2981
Epoch 477/1000 | train_loss: 0.3181 | miou: 0.6384 | f1_macro: 0.7393 | pixel_accuracy: 0.9289 | val_loss: 0.3317
Epoch 478/1000 | train_loss: 0.3059 | miou: 0.6357 | f1_macro: 0.7359 | pixel_accuracy: 0.9281 | val_loss: 0.3439
Epoch 479/1000 | train_loss: 0.3111 | miou: 0.6469 | f1_macro: 0.7483 | pixel_accuracy: 0.9325 | val_loss: 0.3055
Epoch 480/1000 | train_loss: 0.3331 | miou: 0.6699 | f1_macro: 0.7712 | pixel_accuracy: 0.9401 | val_loss: 0.2656
Epoch 481/1000 | train_loss: 0.3312 | miou: 0.6845 | f1_macro: 0.7857 | pixel_accuracy: 0.9438 | val_loss: 0.2297
Epoch 482/1000 | train_loss: 0.2886 | miou: 0.6848 | f1_macro: 0.7864 | pixel_accuracy: 0.9432 | val_loss: 0.2243
Epoch 483/1000 | train_loss: 0.3137 | miou: 0.6886 | f1_macro: 0.7897 | pixel_accuracy: 0.9447 | val_loss: 0.2182
Epoch 484/1000 | train_loss: 0.2958 | miou: 0.6894 | f1_macro: 0.7899 | pixel_accuracy: 0.9461 | val_loss: 0.2146
Epoch 485/1000 | train_loss: 0.3537 | miou: 0.6844 | f1_macro: 0.7839 | pixel_accuracy: 0.9463 | val_loss: 0.2179
Epoch 486/1000 | train_loss: 0.2601 | miou: 0.6802 | f1_macro: 0.7812 | pixel_accuracy: 0.9441 | val_loss: 0.2233
Epoch 487/1000 | train_loss: 0.2994 | miou: 0.6769 | f1_macro: 0.7791 | pixel_accuracy: 0.9406 | val_loss: 0.2335
Epoch 488/1000 | train_loss: 0.2475 | miou: 0.6728 | f1_macro: 0.7751 | pixel_accuracy: 0.9384 | val_loss: 0.2433
Epoch 489/1000 | train_loss: 0.3366 | miou: 0.6704 | f1_macro: 0.7696 | pixel_accuracy: 0.9432 | val_loss: 0.2330
Epoch 490/1000 | train_loss: 0.3004 | miou: 0.6566 | f1_macro: 0.7570 | pixel_accuracy: 0.9381 | val_loss: 0.2859
Epoch 491/1000 | train_loss: 0.2919 | miou: 0.6552 | f1_macro: 0.7546 | pixel_accuracy: 0.9388 | val_loss: 0.3010
Epoch 492/1000 | train_loss: 0.2789 | miou: 0.6581 | f1_macro: 0.7566 | pixel_accuracy: 0.9406 | val_loss: 0.3004
Epoch 493/1000 | train_loss: 0.3016 | miou: 0.6757 | f1_macro: 0.7756 | pixel_accuracy: 0.9435 | val_loss: 0.2699
Epoch 494/1000 | train_loss: 0.2747 | miou: 0.6869 | f1_macro: 0.7876 | pixel_accuracy: 0.9449 | val_loss: 0.2391
Epoch 495/1000 | train_loss: 0.3267 | miou: 0.6690 | f1_macro: 0.7695 | pixel_accuracy: 0.9406 | val_loss: 0.2575
Epoch 496/1000 | train_loss: 0.2747 | miou: 0.6584 | f1_macro: 0.7590 | pixel_accuracy: 0.9369 | val_loss: 0.2649
Epoch 497/1000 | train_loss: 0.2836 | miou: 0.6643 | f1_macro: 0.7652 | pixel_accuracy: 0.9372 | val_loss: 0.2574
Epoch 498/1000 | train_loss: 0.2586 | miou: 0.6708 | f1_macro: 0.7705 | pixel_accuracy: 0.9414 | val_loss: 0.2489
Epoch 499/1000 | train_loss: 0.3132 | miou: 0.6716 | f1_macro: 0.7701 | pixel_accuracy: 0.9437 | val_loss: 0.2465
Epoch 500/1000 | train_loss: 0.2696 | miou: 0.6769 | f1_macro: 0.7758 | pixel_accuracy: 0.9460 | val_loss: 0.2347
Epoch 501/1000 | train_loss: 0.2604 | miou: 0.6752 | f1_macro: 0.7747 | pixel_accuracy: 0.9443 | val_loss: 0.2409
Epoch 502/1000 | train_loss: 0.2627 | miou: 0.6775 | f1_macro: 0.7781 | pixel_accuracy: 0.9440 | val_loss: 0.2317
Epoch 503/1000 | train_loss: 0.2832 | miou: 0.6765 | f1_macro: 0.7778 | pixel_accuracy: 0.9439 | val_loss: 0.2278
Epoch 504/1000 | train_loss: 0.2686 | miou: 0.6818 | f1_macro: 0.7833 | pixel_accuracy: 0.9448 | val_loss: 0.2202
Epoch 505/1000 | train_loss: 0.3206 | miou: 0.6796 | f1_macro: 0.7807 | pixel_accuracy: 0.9456 | val_loss: 0.2213
Epoch 506/1000 | train_loss: 0.2257 | miou: 0.6648 | f1_macro: 0.7656 | pixel_accuracy: 0.9428 | val_loss: 0.2403
Epoch 507/1000 | train_loss: 0.2840 | miou: 0.6610 | f1_macro: 0.7619 | pixel_accuracy: 0.9419 | val_loss: 0.2453
Epoch 508/1000 | train_loss: 0.3173 | miou: 0.6636 | f1_macro: 0.7623 | pixel_accuracy: 0.9439 | val_loss: 0.2407
Epoch 509/1000 | train_loss: 0.2794 | miou: 0.6605 | f1_macro: 0.7590 | pixel_accuracy: 0.9420 | val_loss: 0.2550
Epoch 510/1000 | train_loss: 0.3622 | miou: 0.6548 | f1_macro: 0.7537 | pixel_accuracy: 0.9399 | val_loss: 0.2712
Epoch 511/1000 | train_loss: 0.2746 | miou: 0.6601 | f1_macro: 0.7595 | pixel_accuracy: 0.9412 | val_loss: 0.2641
Epoch 512/1000 | train_loss: 0.2412 | miou: 0.6713 | f1_macro: 0.7717 | pixel_accuracy: 0.9432 | val_loss: 0.2392
Epoch 513/1000 | train_loss: 0.2293 | miou: 0.6750 | f1_macro: 0.7760 | pixel_accuracy: 0.9439 | val_loss: 0.2276
Epoch 514/1000 | train_loss: 0.3122 | miou: 0.6732 | f1_macro: 0.7736 | pixel_accuracy: 0.9430 | val_loss: 0.2260
Epoch 515/1000 | train_loss: 0.3208 | miou: 0.6635 | f1_macro: 0.7629 | pixel_accuracy: 0.9411 | val_loss: 0.2405
Epoch 516/1000 | train_loss: 0.2947 | miou: 0.6584 | f1_macro: 0.7580 | pixel_accuracy: 0.9391 | val_loss: 0.2571
Epoch 517/1000 | train_loss: 0.3115 | miou: 0.6657 | f1_macro: 0.7656 | pixel_accuracy: 0.9417 | val_loss: 0.2416
Epoch 518/1000 | train_loss: 0.2258 | miou: 0.6696 | f1_macro: 0.7690 | pixel_accuracy: 0.9440 | val_loss: 0.2260
Epoch 519/1000 | train_loss: 0.3080 | miou: 0.6694 | f1_macro: 0.7692 | pixel_accuracy: 0.9426 | val_loss: 0.2209
Epoch 520/1000 | train_loss: 0.3009 | miou: 0.6579 | f1_macro: 0.7575 | pixel_accuracy: 0.9385 | val_loss: 0.2464
Epoch 521/1000 | train_loss: 0.3626 | miou: 0.6611 | f1_macro: 0.7601 | pixel_accuracy: 0.9394 | val_loss: 0.2637
Epoch 522/1000 | train_loss: 0.2767 | miou: 0.6553 | f1_macro: 0.7537 | pixel_accuracy: 0.9363 | val_loss: 0.2987
Epoch 523/1000 | train_loss: 0.2740 | miou: 0.6584 | f1_macro: 0.7592 | pixel_accuracy: 0.9358 | val_loss: 0.2739
Epoch 524/1000 | train_loss: 0.3243 | miou: 0.6737 | f1_macro: 0.7754 | pixel_accuracy: 0.9422 | val_loss: 0.2339
Epoch 525/1000 | train_loss: 0.2912 | miou: 0.6782 | f1_macro: 0.7774 | pixel_accuracy: 0.9469 | val_loss: 0.2131
Epoch 526/1000 | train_loss: 0.2939 | miou: 0.6755 | f1_macro: 0.7749 | pixel_accuracy: 0.9454 | val_loss: 0.2118
Epoch 527/1000 | train_loss: 0.2822 | miou: 0.6829 | f1_macro: 0.7826 | pixel_accuracy: 0.9474 | val_loss: 0.1990
Epoch 528/1000 | train_loss: 0.2888 | miou: 0.6918 | f1_macro: 0.7914 | pixel_accuracy: 0.9494 | val_loss: 0.1862
Epoch 529/1000 | train_loss: 0.3075 | miou: 0.6876 | f1_macro: 0.7862 | pixel_accuracy: 0.9491 | val_loss: 0.1964
Epoch 530/1000 | train_loss: 0.2399 | miou: 0.6776 | f1_macro: 0.7766 | pixel_accuracy: 0.9456 | val_loss: 0.2114
Epoch 531/1000 | train_loss: 0.2382 | miou: 0.6777 | f1_macro: 0.7779 | pixel_accuracy: 0.9448 | val_loss: 0.2055
Epoch 532/1000 | train_loss: 0.2278 | miou: 0.6732 | f1_macro: 0.7726 | pixel_accuracy: 0.9451 | val_loss: 0.2023
Epoch 533/1000 | train_loss: 0.3886 | miou: 0.6594 | f1_macro: 0.7568 | pixel_accuracy: 0.9438 | val_loss: 0.2331
Epoch 534/1000 | train_loss: 0.2715 | miou: 0.6633 | f1_macro: 0.7621 | pixel_accuracy: 0.9421 | val_loss: 0.2385
Epoch 535/1000 | train_loss: 0.2386 | miou: 0.6800 | f1_macro: 0.7811 | pixel_accuracy: 0.9441 | val_loss: 0.2172
Epoch 536/1000 | train_loss: 0.3056 | miou: 0.6839 | f1_macro: 0.7846 | pixel_accuracy: 0.9457 | val_loss: 0.2063
Epoch 537/1000 | train_loss: 0.3190 | miou: 0.6769 | f1_macro: 0.7759 | pixel_accuracy: 0.9467 | val_loss: 0.2078
Epoch 538/1000 | train_loss: 0.4113 | miou: 0.6594 | f1_macro: 0.7604 | pixel_accuracy: 0.9367 | val_loss: 0.2651
Epoch 539/1000 | train_loss: 0.3970 | miou: 0.6469 | f1_macro: 0.7508 | pixel_accuracy: 0.9286 | val_loss: 0.3352
Epoch 540/1000 | train_loss: 0.3436 | miou: 0.6554 | f1_macro: 0.7568 | pixel_accuracy: 0.9336 | val_loss: 0.3074
Epoch 541/1000 | train_loss: 0.2992 | miou: 0.6630 | f1_macro: 0.7628 | pixel_accuracy: 0.9377 | val_loss: 0.2720
Epoch 542/1000 | train_loss: 0.3227 | miou: 0.6678 | f1_macro: 0.7683 | pixel_accuracy: 0.9406 | val_loss: 0.2500
Epoch 543/1000 | train_loss: 0.3127 | miou: 0.6714 | f1_macro: 0.7706 | pixel_accuracy: 0.9441 | val_loss: 0.2342
Epoch 544/1000 | train_loss: 0.3279 | miou: 0.6569 | f1_macro: 0.7545 | pixel_accuracy: 0.9431 | val_loss: 0.2473
Epoch 545/1000 | train_loss: 0.3125 | miou: 0.6471 | f1_macro: 0.7431 | pixel_accuracy: 0.9418 | val_loss: 0.2743
Epoch 546/1000 | train_loss: 0.3388 | miou: 0.6592 | f1_macro: 0.7584 | pixel_accuracy: 0.9401 | val_loss: 0.2959
Epoch 547/1000 | train_loss: 0.3237 | miou: 0.6620 | f1_macro: 0.7636 | pixel_accuracy: 0.9382 | val_loss: 0.2977
Epoch 548/1000 | train_loss: 0.3191 | miou: 0.6605 | f1_macro: 0.7596 | pixel_accuracy: 0.9413 | val_loss: 0.3029
Epoch 549/1000 | train_loss: 0.3003 | miou: 0.6575 | f1_macro: 0.7566 | pixel_accuracy: 0.9402 | val_loss: 0.3019
Epoch 550/1000 | train_loss: 0.2895 | miou: 0.6628 | f1_macro: 0.7641 | pixel_accuracy: 0.9387 | val_loss: 0.2801
Epoch 551/1000 | train_loss: 0.3755 | miou: 0.6578 | f1_macro: 0.7596 | pixel_accuracy: 0.9363 | val_loss: 0.2731
Epoch 552/1000 | train_loss: 0.3122 | miou: 0.6655 | f1_macro: 0.7647 | pixel_accuracy: 0.9418 | val_loss: 0.2657
Epoch 553/1000 | train_loss: 0.3498 | miou: 0.6806 | f1_macro: 0.7804 | pixel_accuracy: 0.9460 | val_loss: 0.2367
Epoch 554/1000 | train_loss: 0.3410 | miou: 0.7058 | f1_macro: 0.8062 | pixel_accuracy: 0.9500 | val_loss: 0.2046
Epoch 555/1000 | train_loss: 0.3397 | miou: 0.6641 | f1_macro: 0.7630 | pixel_accuracy: 0.9439 | val_loss: 0.2333
Epoch 556/1000 | train_loss: 0.3372 | miou: 0.6580 | f1_macro: 0.7563 | pixel_accuracy: 0.9431 | val_loss: 0.2512
Epoch 557/1000 | train_loss: 0.3414 | miou: 0.6808 | f1_macro: 0.7816 | pixel_accuracy: 0.9478 | val_loss: 0.2212
Epoch 558/1000 | train_loss: 0.2965 | miou: 0.6790 | f1_macro: 0.7811 | pixel_accuracy: 0.9454 | val_loss: 0.2372
Epoch 559/1000 | train_loss: 0.3988 | miou: 0.6469 | f1_macro: 0.7537 | pixel_accuracy: 0.9320 | val_loss: 0.2678
Epoch 560/1000 | train_loss: 0.3043 | miou: 0.6392 | f1_macro: 0.7432 | pixel_accuracy: 0.9275 | val_loss: 0.3040
Epoch 561/1000 | train_loss: 0.3081 | miou: 0.6643 | f1_macro: 0.7705 | pixel_accuracy: 0.9342 | val_loss: 0.2629
Epoch 562/1000 | train_loss: 0.2834 | miou: 0.6415 | f1_macro: 0.7452 | pixel_accuracy: 0.9277 | val_loss: 0.2955
Epoch 563/1000 | train_loss: 0.2930 | miou: 0.6369 | f1_macro: 0.7396 | pixel_accuracy: 0.9265 | val_loss: 0.3062
Epoch 564/1000 | train_loss: 0.3188 | miou: 0.6674 | f1_macro: 0.7701 | pixel_accuracy: 0.9397 | val_loss: 0.2424
Epoch 565/1000 | train_loss: 0.2472 | miou: 0.6778 | f1_macro: 0.7793 | pixel_accuracy: 0.9444 | val_loss: 0.2234
Epoch 566/1000 | train_loss: 0.3220 | miou: 0.6553 | f1_macro: 0.7541 | pixel_accuracy: 0.9376 | val_loss: 0.2676
Epoch 567/1000 | train_loss: 0.2798 | miou: 0.6920 | f1_macro: 0.7948 | pixel_accuracy: 0.9431 | val_loss: 0.2308
Epoch 568/1000 | train_loss: 0.2873 | miou: 0.7021 | f1_macro: 0.8060 | pixel_accuracy: 0.9438 | val_loss: 0.2184
Epoch 569/1000 | train_loss: 0.3221 | miou: 0.6798 | f1_macro: 0.7844 | pixel_accuracy: 0.9409 | val_loss: 0.2214
Epoch 570/1000 | train_loss: 0.2862 | miou: 0.6557 | f1_macro: 0.7576 | pixel_accuracy: 0.9371 | val_loss: 0.2406
Epoch 571/1000 | train_loss: 0.3489 | miou: 0.6550 | f1_macro: 0.7556 | pixel_accuracy: 0.9360 | val_loss: 0.2641
Epoch 572/1000 | train_loss: 0.3421 | miou: 0.6478 | f1_macro: 0.7507 | pixel_accuracy: 0.9340 | val_loss: 0.2870
Epoch 573/1000 | train_loss: 0.3078 | miou: 0.6468 | f1_macro: 0.7513 | pixel_accuracy: 0.9344 | val_loss: 0.2732
Epoch 574/1000 | train_loss: 0.3176 | miou: 0.6463 | f1_macro: 0.7488 | pixel_accuracy: 0.9360 | val_loss: 0.2616
Epoch 575/1000 | train_loss: 0.3219 | miou: 0.6441 | f1_macro: 0.7458 | pixel_accuracy: 0.9354 | val_loss: 0.2641
Epoch 576/1000 | train_loss: 0.3293 | miou: 0.6386 | f1_macro: 0.7393 | pixel_accuracy: 0.9322 | val_loss: 0.2789
Epoch 577/1000 | train_loss: 0.3554 | miou: 0.6431 | f1_macro: 0.7433 | pixel_accuracy: 0.9325 | val_loss: 0.2787
Epoch 578/1000 | train_loss: 0.3006 | miou: 0.6581 | f1_macro: 0.7583 | pixel_accuracy: 0.9387 | val_loss: 0.2445
Epoch 579/1000 | train_loss: 0.3281 | miou: 0.6662 | f1_macro: 0.7658 | pixel_accuracy: 0.9436 | val_loss: 0.2237
Epoch 580/1000 | train_loss: 0.3264 | miou: 0.6673 | f1_macro: 0.7683 | pixel_accuracy: 0.9434 | val_loss: 0.2221
Epoch 581/1000 | train_loss: 0.3554 | miou: 0.6704 | f1_macro: 0.7731 | pixel_accuracy: 0.9435 | val_loss: 0.2242
Epoch 582/1000 | train_loss: 0.3109 | miou: 0.6729 | f1_macro: 0.7752 | pixel_accuracy: 0.9438 | val_loss: 0.2240
Epoch 583/1000 | train_loss: 0.3412 | miou: 0.6795 | f1_macro: 0.7809 | pixel_accuracy: 0.9457 | val_loss: 0.2186
Epoch 584/1000 | train_loss: 0.2905 | miou: 0.6833 | f1_macro: 0.7842 | pixel_accuracy: 0.9465 | val_loss: 0.2131
Epoch 585/1000 | train_loss: 0.2921 | miou: 0.6796 | f1_macro: 0.7818 | pixel_accuracy: 0.9442 | val_loss: 0.2245
Epoch 586/1000 | train_loss: 0.2892 | miou: 0.6751 | f1_macro: 0.7784 | pixel_accuracy: 0.9406 | val_loss: 0.2241
Epoch 587/1000 | train_loss: 0.3237 | miou: 0.6698 | f1_macro: 0.7741 | pixel_accuracy: 0.9375 | val_loss: 0.2302
Epoch 588/1000 | train_loss: 0.3170 | miou: 0.6673 | f1_macro: 0.7710 | pixel_accuracy: 0.9370 | val_loss: 0.2349
Epoch 589/1000 | train_loss: 0.3003 | miou: 0.6687 | f1_macro: 0.7694 | pixel_accuracy: 0.9412 | val_loss: 0.2418
Epoch 590/1000 | train_loss: 0.2835 | miou: 0.6692 | f1_macro: 0.7696 | pixel_accuracy: 0.9420 | val_loss: 0.2371
Epoch 591/1000 | train_loss: 0.3214 | miou: 0.6814 | f1_macro: 0.7834 | pixel_accuracy: 0.9442 | val_loss: 0.2274
Epoch 592/1000 | train_loss: 0.2902 | miou: 0.6836 | f1_macro: 0.7851 | pixel_accuracy: 0.9464 | val_loss: 0.2267
Epoch 593/1000 | train_loss: 0.2849 | miou: 0.6807 | f1_macro: 0.7811 | pixel_accuracy: 0.9470 | val_loss: 0.2264
Epoch 594/1000 | train_loss: 0.2743 | miou: 0.6731 | f1_macro: 0.7732 | pixel_accuracy: 0.9434 | val_loss: 0.2378
Epoch 595/1000 | train_loss: 0.3067 | miou: 0.6697 | f1_macro: 0.7698 | pixel_accuracy: 0.9418 | val_loss: 0.2487
Epoch 596/1000 | train_loss: 0.2307 | miou: 0.6620 | f1_macro: 0.7619 | pixel_accuracy: 0.9403 | val_loss: 0.2579
Epoch 597/1000 | train_loss: 0.2827 | miou: 0.6610 | f1_macro: 0.7622 | pixel_accuracy: 0.9405 | val_loss: 0.2479
Epoch 598/1000 | train_loss: 0.2949 | miou: 0.6673 | f1_macro: 0.7691 | pixel_accuracy: 0.9430 | val_loss: 0.2384
Epoch 599/1000 | train_loss: 0.3513 | miou: 0.6792 | f1_macro: 0.7798 | pixel_accuracy: 0.9450 | val_loss: 0.2217
Epoch 600/1000 | train_loss: 0.2609 | miou: 0.6802 | f1_macro: 0.7793 | pixel_accuracy: 0.9454 | val_loss: 0.2241
Epoch 601/1000 | train_loss: 0.2713 | miou: 0.6854 | f1_macro: 0.7842 | pixel_accuracy: 0.9477 | val_loss: 0.2342
Epoch 602/1000 | train_loss: 0.3642 | miou: 0.6894 | f1_macro: 0.7888 | pixel_accuracy: 0.9496 | val_loss: 0.2068
Epoch 603/1000 | train_loss: 0.3331 | miou: 0.6829 | f1_macro: 0.7828 | pixel_accuracy: 0.9481 | val_loss: 0.2054
Epoch 604/1000 | train_loss: 0.3044 | miou: 0.6813 | f1_macro: 0.7807 | pixel_accuracy: 0.9463 | val_loss: 0.2158
Epoch 605/1000 | train_loss: 0.3404 | miou: 0.6794 | f1_macro: 0.7790 | pixel_accuracy: 0.9453 | val_loss: 0.2223
Epoch 606/1000 | train_loss: 0.2849 | miou: 0.6735 | f1_macro: 0.7723 | pixel_accuracy: 0.9432 | val_loss: 0.2353
Epoch 607/1000 | train_loss: 0.2973 | miou: 0.6680 | f1_macro: 0.7658 | pixel_accuracy: 0.9424 | val_loss: 0.2514
Epoch 608/1000 | train_loss: 0.3052 | miou: 0.6704 | f1_macro: 0.7676 | pixel_accuracy: 0.9445 | val_loss: 0.2488
Epoch 609/1000 | train_loss: 0.2844 | miou: 0.6780 | f1_macro: 0.7756 | pixel_accuracy: 0.9464 | val_loss: 0.2354
Epoch 610/1000 | train_loss: 0.3084 | miou: 0.6815 | f1_macro: 0.7795 | pixel_accuracy: 0.9465 | val_loss: 0.2223
Epoch 611/1000 | train_loss: 0.3328 | miou: 0.6832 | f1_macro: 0.7804 | pixel_accuracy: 0.9485 | val_loss: 0.2168
Epoch 612/1000 | train_loss: 0.2965 | miou: 0.6823 | f1_macro: 0.7792 | pixel_accuracy: 0.9492 | val_loss: 0.2104
Epoch 613/1000 | train_loss: 0.2309 | miou: 0.6944 | f1_macro: 0.7911 | pixel_accuracy: 0.9518 | val_loss: 0.1999
Epoch 614/1000 | train_loss: 0.3038 | miou: 0.6977 | f1_macro: 0.7956 | pixel_accuracy: 0.9510 | val_loss: 0.2021
Epoch 615/1000 | train_loss: 0.2900 | miou: 0.6934 | f1_macro: 0.7934 | pixel_accuracy: 0.9477 | val_loss: 0.1993
Epoch 616/1000 | train_loss: 0.2740 | miou: 0.6809 | f1_macro: 0.7814 | pixel_accuracy: 0.9448 | val_loss: 0.2078
Epoch 617/1000 | train_loss: 0.2761 | miou: 0.6819 | f1_macro: 0.7824 | pixel_accuracy: 0.9461 | val_loss: 0.2117
Epoch 618/1000 | train_loss: 0.2795 | miou: 0.6914 | f1_macro: 0.7909 | pixel_accuracy: 0.9494 | val_loss: 0.2034
Epoch 619/1000 | train_loss: 0.3111 | miou: 0.6935 | f1_macro: 0.7921 | pixel_accuracy: 0.9509 | val_loss: 0.1964
Epoch 620/1000 | train_loss: 0.2689 | miou: 0.6942 | f1_macro: 0.7924 | pixel_accuracy: 0.9510 | val_loss: 0.1922
Epoch 621/1000 | train_loss: 0.3021 | miou: 0.7030 | f1_macro: 0.8018 | pixel_accuracy: 0.9512 | val_loss: 0.1869
Epoch 622/1000 | train_loss: 0.2761 | miou: 0.6918 | f1_macro: 0.7916 | pixel_accuracy: 0.9462 | val_loss: 0.2057
Epoch 623/1000 | train_loss: 0.2570 | miou: 0.6781 | f1_macro: 0.7788 | pixel_accuracy: 0.9410 | val_loss: 0.2267
Epoch 624/1000 | train_loss: 0.3171 | miou: 0.6827 | f1_macro: 0.7835 | pixel_accuracy: 0.9424 | val_loss: 0.2223
Epoch 625/1000 | train_loss: 0.2500 | miou: 0.6857 | f1_macro: 0.7864 | pixel_accuracy: 0.9446 | val_loss: 0.2156
Epoch 626/1000 | train_loss: 0.2384 | miou: 0.6796 | f1_macro: 0.7790 | pixel_accuracy: 0.9442 | val_loss: 0.2241
Epoch 627/1000 | train_loss: 0.3116 | miou: 0.6696 | f1_macro: 0.7682 | pixel_accuracy: 0.9417 | val_loss: 0.2405
Epoch 628/1000 | train_loss: 0.2961 | miou: 0.6615 | f1_macro: 0.7613 | pixel_accuracy: 0.9379 | val_loss: 0.2505
Epoch 629/1000 | train_loss: 0.2675 | miou: 0.6626 | f1_macro: 0.7630 | pixel_accuracy: 0.9379 | val_loss: 0.2385
Epoch 630/1000 | train_loss: 0.2442 | miou: 0.6705 | f1_macro: 0.7708 | pixel_accuracy: 0.9402 | val_loss: 0.2294
Epoch 631/1000 | train_loss: 0.2174 | miou: 0.6740 | f1_macro: 0.7747 | pixel_accuracy: 0.9405 | val_loss: 0.2323
Epoch 632/1000 | train_loss: 0.3747 | miou: 0.6682 | f1_macro: 0.7693 | pixel_accuracy: 0.9392 | val_loss: 0.2348
Epoch 633/1000 | train_loss: 0.2482 | miou: 0.6692 | f1_macro: 0.7705 | pixel_accuracy: 0.9398 | val_loss: 0.2323
Epoch 634/1000 | train_loss: 0.2833 | miou: 0.6717 | f1_macro: 0.7728 | pixel_accuracy: 0.9405 | val_loss: 0.2328
Epoch 635/1000 | train_loss: 0.2969 | miou: 0.6665 | f1_macro: 0.7674 | pixel_accuracy: 0.9388 | val_loss: 0.2389
Epoch 636/1000 | train_loss: 0.2575 | miou: 0.6668 | f1_macro: 0.7680 | pixel_accuracy: 0.9397 | val_loss: 0.2296
Epoch 637/1000 | train_loss: 0.2862 | miou: 0.6723 | f1_macro: 0.7732 | pixel_accuracy: 0.9412 | val_loss: 0.2253
Epoch 638/1000 | train_loss: 0.2689 | miou: 0.6718 | f1_macro: 0.7729 | pixel_accuracy: 0.9407 | val_loss: 0.2301
Epoch 639/1000 | train_loss: 0.2288 | miou: 0.6729 | f1_macro: 0.7745 | pixel_accuracy: 0.9400 | val_loss: 0.2249
Epoch 640/1000 | train_loss: 0.2674 | miou: 0.6790 | f1_macro: 0.7793 | pixel_accuracy: 0.9420 | val_loss: 0.2182
Epoch 641/1000 | train_loss: 0.2694 | miou: 0.6874 | f1_macro: 0.7871 | pixel_accuracy: 0.9460 | val_loss: 0.2103
Epoch 642/1000 | train_loss: 0.2481 | miou: 0.6913 | f1_macro: 0.7903 | pixel_accuracy: 0.9480 | val_loss: 0.2085
Epoch 643/1000 | train_loss: 0.3564 | miou: 0.6871 | f1_macro: 0.7866 | pixel_accuracy: 0.9467 | val_loss: 0.2116
Epoch 644/1000 | train_loss: 0.3006 | miou: 0.6779 | f1_macro: 0.7784 | pixel_accuracy: 0.9437 | val_loss: 0.2230
Epoch 645/1000 | train_loss: 0.2708 | miou: 0.6772 | f1_macro: 0.7777 | pixel_accuracy: 0.9433 | val_loss: 0.2265
Epoch 646/1000 | train_loss: 0.2596 | miou: 0.6792 | f1_macro: 0.7794 | pixel_accuracy: 0.9437 | val_loss: 0.2233
Epoch 647/1000 | train_loss: 0.2804 | miou: 0.6835 | f1_macro: 0.7837 | pixel_accuracy: 0.9453 | val_loss: 0.2114
Epoch 648/1000 | train_loss: 0.3231 | miou: 0.6849 | f1_macro: 0.7856 | pixel_accuracy: 0.9461 | val_loss: 0.2039
Epoch 649/1000 | train_loss: 0.2291 | miou: 0.6831 | f1_macro: 0.7838 | pixel_accuracy: 0.9458 | val_loss: 0.2034
Epoch 650/1000 | train_loss: 0.2262 | miou: 0.6859 | f1_macro: 0.7869 | pixel_accuracy: 0.9453 | val_loss: 0.2023
Epoch 651/1000 | train_loss: 0.3300 | miou: 0.6866 | f1_macro: 0.7872 | pixel_accuracy: 0.9461 | val_loss: 0.2021
Epoch 652/1000 | train_loss: 0.2578 | miou: 0.6851 | f1_macro: 0.7853 | pixel_accuracy: 0.9464 | val_loss: 0.2057
Epoch 653/1000 | train_loss: 0.2783 | miou: 0.6904 | f1_macro: 0.7907 | pixel_accuracy: 0.9472 | val_loss: 0.2074
Epoch 654/1000 | train_loss: 0.2455 | miou: 0.6939 | f1_macro: 0.7942 | pixel_accuracy: 0.9474 | val_loss: 0.2069
Epoch 655/1000 | train_loss: 0.3333 | miou: 0.6973 | f1_macro: 0.7971 | pixel_accuracy: 0.9483 | val_loss: 0.2011
Epoch 656/1000 | train_loss: 0.3085 | miou: 0.6960 | f1_macro: 0.7954 | pixel_accuracy: 0.9481 | val_loss: 0.1967
Epoch 657/1000 | train_loss: 0.2753 | miou: 0.6854 | f1_macro: 0.7860 | pixel_accuracy: 0.9460 | val_loss: 0.2040
Epoch 658/1000 | train_loss: 0.3114 | miou: 0.6790 | f1_macro: 0.7793 | pixel_accuracy: 0.9447 | val_loss: 0.2149
Epoch 659/1000 | train_loss: 0.2179 | miou: 0.6653 | f1_macro: 0.7649 | pixel_accuracy: 0.9410 | val_loss: 0.2410
Epoch 660/1000 | train_loss: 0.2600 | miou: 0.6661 | f1_macro: 0.7648 | pixel_accuracy: 0.9406 | val_loss: 0.2456
Epoch 661/1000 | train_loss: 0.2837 | miou: 0.6745 | f1_macro: 0.7735 | pixel_accuracy: 0.9418 | val_loss: 0.2334
Epoch 662/1000 | train_loss: 0.2685 | miou: 0.6812 | f1_macro: 0.7808 | pixel_accuracy: 0.9437 | val_loss: 0.2299
Epoch 663/1000 | train_loss: 0.2802 | miou: 0.6807 | f1_macro: 0.7804 | pixel_accuracy: 0.9450 | val_loss: 0.2260
Epoch 664/1000 | train_loss: 0.2199 | miou: 0.6835 | f1_macro: 0.7837 | pixel_accuracy: 0.9451 | val_loss: 0.2144
Epoch 665/1000 | train_loss: 0.2595 | miou: 0.6882 | f1_macro: 0.7880 | pixel_accuracy: 0.9466 | val_loss: 0.2109
Epoch 666/1000 | train_loss: 0.3186 | miou: 0.6878 | f1_macro: 0.7877 | pixel_accuracy: 0.9475 | val_loss: 0.2091
Epoch 667/1000 | train_loss: 0.2915 | miou: 0.6855 | f1_macro: 0.7854 | pixel_accuracy: 0.9471 | val_loss: 0.2071
Epoch 668/1000 | train_loss: 0.2166 | miou: 0.6877 | f1_macro: 0.7875 | pixel_accuracy: 0.9465 | val_loss: 0.1998
Epoch 669/1000 | train_loss: 0.2773 | miou: 0.6869 | f1_macro: 0.7867 | pixel_accuracy: 0.9467 | val_loss: 0.1979
Epoch 670/1000 | train_loss: 0.2884 | miou: 0.6826 | f1_macro: 0.7832 | pixel_accuracy: 0.9458 | val_loss: 0.2081
Epoch 671/1000 | train_loss: 0.2401 | miou: 0.6799 | f1_macro: 0.7802 | pixel_accuracy: 0.9453 | val_loss: 0.2163
Epoch 672/1000 | train_loss: 0.2431 | miou: 0.6870 | f1_macro: 0.7872 | pixel_accuracy: 0.9471 | val_loss: 0.2080
Epoch 673/1000 | train_loss: 0.2622 | miou: 0.6892 | f1_macro: 0.7894 | pixel_accuracy: 0.9482 | val_loss: 0.2046
Epoch 674/1000 | train_loss: 0.2908 | miou: 0.6903 | f1_macro: 0.7903 | pixel_accuracy: 0.9487 | val_loss: 0.2039
Epoch 675/1000 | train_loss: 0.2079 | miou: 0.6920 | f1_macro: 0.7917 | pixel_accuracy: 0.9485 | val_loss: 0.1976
Epoch 676/1000 | train_loss: 0.2940 | miou: 0.6858 | f1_macro: 0.7845 | pixel_accuracy: 0.9477 | val_loss: 0.2060
Epoch 677/1000 | train_loss: 0.2166 | miou: 0.6843 | f1_macro: 0.7828 | pixel_accuracy: 0.9471 | val_loss: 0.2097
Epoch 678/1000 | train_loss: 0.2449 | miou: 0.6807 | f1_macro: 0.7796 | pixel_accuracy: 0.9458 | val_loss: 0.2117
Epoch 679/1000 | train_loss: 0.2441 | miou: 0.6775 | f1_macro: 0.7761 | pixel_accuracy: 0.9457 | val_loss: 0.2158
Epoch 680/1000 | train_loss: 0.2737 | miou: 0.6774 | f1_macro: 0.7762 | pixel_accuracy: 0.9449 | val_loss: 0.2213
Epoch 681/1000 | train_loss: 0.3170 | miou: 0.6793 | f1_macro: 0.7791 | pixel_accuracy: 0.9429 | val_loss: 0.2232
Epoch 682/1000 | train_loss: 0.2528 | miou: 0.6890 | f1_macro: 0.7882 | pixel_accuracy: 0.9452 | val_loss: 0.2125
Epoch 683/1000 | train_loss: 0.2440 | miou: 0.6956 | f1_macro: 0.7948 | pixel_accuracy: 0.9472 | val_loss: 0.2018
Epoch 684/1000 | train_loss: 0.2388 | miou: 0.6939 | f1_macro: 0.7941 | pixel_accuracy: 0.9463 | val_loss: 0.2037
Epoch 685/1000 | train_loss: 0.3031 | miou: 0.6933 | f1_macro: 0.7935 | pixel_accuracy: 0.9469 | val_loss: 0.2081
Epoch 686/1000 | train_loss: 0.2824 | miou: 0.6938 | f1_macro: 0.7934 | pixel_accuracy: 0.9471 | val_loss: 0.2142
Epoch 687/1000 | train_loss: 0.2965 | miou: 0.6887 | f1_macro: 0.7876 | pixel_accuracy: 0.9466 | val_loss: 0.2185
Epoch 688/1000 | train_loss: 0.2748 | miou: 0.6819 | f1_macro: 0.7806 | pixel_accuracy: 0.9450 | val_loss: 0.2289
Epoch 689/1000 | train_loss: 0.2032 | miou: 0.6781 | f1_macro: 0.7784 | pixel_accuracy: 0.9434 | val_loss: 0.2356
Epoch 690/1000 | train_loss: 0.2417 | miou: 0.6815 | f1_macro: 0.7813 | pixel_accuracy: 0.9440 | val_loss: 0.2323
Epoch 691/1000 | train_loss: 0.2494 | miou: 0.6937 | f1_macro: 0.7931 | pixel_accuracy: 0.9480 | val_loss: 0.2066
Epoch 692/1000 | train_loss: 0.2704 | miou: 0.6948 | f1_macro: 0.7943 | pixel_accuracy: 0.9487 | val_loss: 0.1974
Epoch 693/1000 | train_loss: 0.2892 | miou: 0.6970 | f1_macro: 0.7962 | pixel_accuracy: 0.9490 | val_loss: 0.1969
Epoch 694/1000 | train_loss: 0.2527 | miou: 0.6976 | f1_macro: 0.7968 | pixel_accuracy: 0.9491 | val_loss: 0.1975
Epoch 695/1000 | train_loss: 0.2236 | miou: 0.6964 | f1_macro: 0.7951 | pixel_accuracy: 0.9494 | val_loss: 0.1972
Epoch 696/1000 | train_loss: 0.2732 | miou: 0.6968 | f1_macro: 0.7961 | pixel_accuracy: 0.9491 | val_loss: 0.1985
Epoch 697/1000 | train_loss: 0.2541 | miou: 0.7044 | f1_macro: 0.8041 | pixel_accuracy: 0.9501 | val_loss: 0.1932
Epoch 698/1000 | train_loss: 0.2865 | miou: 0.6952 | f1_macro: 0.7954 | pixel_accuracy: 0.9484 | val_loss: 0.2043
Epoch 699/1000 | train_loss: 0.2663 | miou: 0.6853 | f1_macro: 0.7857 | pixel_accuracy: 0.9459 | val_loss: 0.2231
Epoch 700/1000 | train_loss: 0.3028 | miou: 0.6826 | f1_macro: 0.7824 | pixel_accuracy: 0.9461 | val_loss: 0.2251
Epoch 701/1000 | train_loss: 0.2631 | miou: 0.6837 | f1_macro: 0.7826 | pixel_accuracy: 0.9467 | val_loss: 0.2211
Epoch 702/1000 | train_loss: 0.2912 | miou: 0.6747 | f1_macro: 0.7746 | pixel_accuracy: 0.9436 | val_loss: 0.2325
Epoch 703/1000 | train_loss: 0.2645 | miou: 0.6712 | f1_macro: 0.7712 | pixel_accuracy: 0.9418 | val_loss: 0.2428
Epoch 704/1000 | train_loss: 0.2664 | miou: 0.6748 | f1_macro: 0.7751 | pixel_accuracy: 0.9437 | val_loss: 0.2291
Epoch 705/1000 | train_loss: 0.2547 | miou: 0.6879 | f1_macro: 0.7878 | pixel_accuracy: 0.9467 | val_loss: 0.2088
Epoch 706/1000 | train_loss: 0.2182 | miou: 0.6949 | f1_macro: 0.7947 | pixel_accuracy: 0.9484 | val_loss: 0.1948
Epoch 707/1000 | train_loss: 0.1904 | miou: 0.6968 | f1_macro: 0.7967 | pixel_accuracy: 0.9492 | val_loss: 0.1918
Epoch 708/1000 | train_loss: 0.2209 | miou: 0.6996 | f1_macro: 0.7989 | pixel_accuracy: 0.9504 | val_loss: 0.1889
Epoch 709/1000 | train_loss: 0.2118 | miou: 0.6986 | f1_macro: 0.7973 | pixel_accuracy: 0.9509 | val_loss: 0.1867
Epoch 710/1000 | train_loss: 0.2588 | miou: 0.6981 | f1_macro: 0.7963 | pixel_accuracy: 0.9514 | val_loss: 0.1880
Epoch 711/1000 | train_loss: 0.2401 | miou: 0.7014 | f1_macro: 0.7997 | pixel_accuracy: 0.9515 | val_loss: 0.1913
Epoch 712/1000 | train_loss: 0.2449 | miou: 0.7003 | f1_macro: 0.7982 | pixel_accuracy: 0.9514 | val_loss: 0.1941
Epoch 713/1000 | train_loss: 0.2576 | miou: 0.7006 | f1_macro: 0.7989 | pixel_accuracy: 0.9504 | val_loss: 0.1975
Epoch 714/1000 | train_loss: 0.1963 | miou: 0.6889 | f1_macro: 0.7880 | pixel_accuracy: 0.9473 | val_loss: 0.2088
Epoch 715/1000 | train_loss: 0.2999 | miou: 0.6816 | f1_macro: 0.7810 | pixel_accuracy: 0.9453 | val_loss: 0.2175
Epoch 716/1000 | train_loss: 0.2899 | miou: 0.6845 | f1_macro: 0.7849 | pixel_accuracy: 0.9443 | val_loss: 0.2110
Epoch 717/1000 | train_loss: 0.2468 | miou: 0.6917 | f1_macro: 0.7929 | pixel_accuracy: 0.9448 | val_loss: 0.2052
Epoch 718/1000 | train_loss: 0.2770 | miou: 0.6954 | f1_macro: 0.7967 | pixel_accuracy: 0.9455 | val_loss: 0.2012
Epoch 719/1000 | train_loss: 0.2911 | miou: 0.6942 | f1_macro: 0.7942 | pixel_accuracy: 0.9471 | val_loss: 0.2041
Epoch 720/1000 | train_loss: 0.2164 | miou: 0.6962 | f1_macro: 0.7960 | pixel_accuracy: 0.9474 | val_loss: 0.2043
Epoch 721/1000 | train_loss: 0.2469 | miou: 0.6902 | f1_macro: 0.7907 | pixel_accuracy: 0.9444 | val_loss: 0.2073
Epoch 722/1000 | train_loss: 0.2621 | miou: 0.6908 | f1_macro: 0.7912 | pixel_accuracy: 0.9454 | val_loss: 0.2011
Epoch 723/1000 | train_loss: 0.2338 | miou: 0.6905 | f1_macro: 0.7908 | pixel_accuracy: 0.9468 | val_loss: 0.2014
Epoch 724/1000 | train_loss: 0.2435 | miou: 0.6889 | f1_macro: 0.7888 | pixel_accuracy: 0.9472 | val_loss: 0.2033
Epoch 725/1000 | train_loss: 0.1885 | miou: 0.6885 | f1_macro: 0.7882 | pixel_accuracy: 0.9472 | val_loss: 0.2037
Epoch 726/1000 | train_loss: 0.2542 | miou: 0.6987 | f1_macro: 0.7969 | pixel_accuracy: 0.9506 | val_loss: 0.1965
Epoch 727/1000 | train_loss: 0.2912 | miou: 0.6991 | f1_macro: 0.7974 | pixel_accuracy: 0.9509 | val_loss: 0.2001
Epoch 728/1000 | train_loss: 0.2450 | miou: 0.6998 | f1_macro: 0.7983 | pixel_accuracy: 0.9503 | val_loss: 0.2016
Epoch 729/1000 | train_loss: 0.2466 | miou: 0.7016 | f1_macro: 0.8003 | pixel_accuracy: 0.9502 | val_loss: 0.1987
Epoch 730/1000 | train_loss: 0.2571 | miou: 0.7012 | f1_macro: 0.8004 | pixel_accuracy: 0.9497 | val_loss: 0.2017
Epoch 731/1000 | train_loss: 0.2157 | miou: 0.6927 | f1_macro: 0.7926 | pixel_accuracy: 0.9477 | val_loss: 0.2106
Epoch 732/1000 | train_loss: 0.2713 | miou: 0.6840 | f1_macro: 0.7842 | pixel_accuracy: 0.9457 | val_loss: 0.2178
Epoch 733/1000 | train_loss: 0.2199 | miou: 0.6824 | f1_macro: 0.7828 | pixel_accuracy: 0.9448 | val_loss: 0.2176
Epoch 734/1000 | train_loss: 0.1985 | miou: 0.6812 | f1_macro: 0.7824 | pixel_accuracy: 0.9436 | val_loss: 0.2194
Epoch 735/1000 | train_loss: 0.2720 | miou: 0.6828 | f1_macro: 0.7835 | pixel_accuracy: 0.9452 | val_loss: 0.2154
Epoch 736/1000 | train_loss: 0.2340 | miou: 0.6855 | f1_macro: 0.7860 | pixel_accuracy: 0.9460 | val_loss: 0.2159
Epoch 737/1000 | train_loss: 0.2598 | miou: 0.6860 | f1_macro: 0.7862 | pixel_accuracy: 0.9450 | val_loss: 0.2169
Epoch 738/1000 | train_loss: 0.3053 | miou: 0.6765 | f1_macro: 0.7765 | pixel_accuracy: 0.9424 | val_loss: 0.2295
Epoch 739/1000 | train_loss: 0.2268 | miou: 0.6797 | f1_macro: 0.7790 | pixel_accuracy: 0.9452 | val_loss: 0.2228
Epoch 740/1000 | train_loss: 0.2245 | miou: 0.6830 | f1_macro: 0.7822 | pixel_accuracy: 0.9473 | val_loss: 0.2116
Epoch 741/1000 | train_loss: 0.2513 | miou: 0.6867 | f1_macro: 0.7870 | pixel_accuracy: 0.9474 | val_loss: 0.2051
Epoch 742/1000 | train_loss: 0.2924 | miou: 0.6804 | f1_macro: 0.7812 | pixel_accuracy: 0.9470 | val_loss: 0.2108
Epoch 743/1000 | train_loss: 0.2442 | miou: 0.6777 | f1_macro: 0.7790 | pixel_accuracy: 0.9463 | val_loss: 0.2179
Epoch 744/1000 | train_loss: 0.2234 | miou: 0.6707 | f1_macro: 0.7711 | pixel_accuracy: 0.9462 | val_loss: 0.2199
Epoch 745/1000 | train_loss: 0.2203 | miou: 0.6668 | f1_macro: 0.7660 | pixel_accuracy: 0.9465 | val_loss: 0.2232
Epoch 746/1000 | train_loss: 0.1989 | miou: 0.6713 | f1_macro: 0.7709 | pixel_accuracy: 0.9460 | val_loss: 0.2225
Epoch 747/1000 | train_loss: 0.2197 | miou: 0.6725 | f1_macro: 0.7726 | pixel_accuracy: 0.9463 | val_loss: 0.2209
Epoch 748/1000 | train_loss: 0.2407 | miou: 0.6752 | f1_macro: 0.7753 | pixel_accuracy: 0.9471 | val_loss: 0.2167
Epoch 749/1000 | train_loss: 0.2420 | miou: 0.6796 | f1_macro: 0.7791 | pixel_accuracy: 0.9482 | val_loss: 0.2079
Epoch 750/1000 | train_loss: 0.2368 | miou: 0.6788 | f1_macro: 0.7780 | pixel_accuracy: 0.9474 | val_loss: 0.2120
Epoch 751/1000 | train_loss: 0.2277 | miou: 0.6662 | f1_macro: 0.7667 | pixel_accuracy: 0.9427 | val_loss: 0.2359
Epoch 752/1000 | train_loss: 0.1990 | miou: 0.6633 | f1_macro: 0.7642 | pixel_accuracy: 0.9414 | val_loss: 0.2545
Epoch 753/1000 | train_loss: 0.4650 | miou: 0.6476 | f1_macro: 0.7486 | pixel_accuracy: 0.9311 | val_loss: 0.3254
Epoch 754/1000 | train_loss: 0.3178 | miou: 0.6351 | f1_macro: 0.7362 | pixel_accuracy: 0.9271 | val_loss: 0.3687
Epoch 755/1000 | train_loss: 0.3210 | miou: 0.6343 | f1_macro: 0.7362 | pixel_accuracy: 0.9318 | val_loss: 0.2567
Epoch 756/1000 | train_loss: 0.2698 | miou: 0.6537 | f1_macro: 0.7547 | pixel_accuracy: 0.9375 | val_loss: 0.2274
Epoch 757/1000 | train_loss: 0.3867 | miou: 0.6705 | f1_macro: 0.7704 | pixel_accuracy: 0.9411 | val_loss: 0.2155
Epoch 758/1000 | train_loss: 0.2767 | miou: 0.6702 | f1_macro: 0.7702 | pixel_accuracy: 0.9426 | val_loss: 0.2393
Epoch 759/1000 | train_loss: 0.3622 | miou: 0.6671 | f1_macro: 0.7648 | pixel_accuracy: 0.9453 | val_loss: 0.2424
Epoch 760/1000 | train_loss: 0.3530 | miou: 0.6839 | f1_macro: 0.7851 | pixel_accuracy: 0.9451 | val_loss: 0.2229
Epoch 761/1000 | train_loss: 0.3103 | miou: 0.6744 | f1_macro: 0.7811 | pixel_accuracy: 0.9366 | val_loss: 0.2520
Epoch 762/1000 | train_loss: 0.3271 | miou: 0.6542 | f1_macro: 0.7597 | pixel_accuracy: 0.9335 | val_loss: 0.2906
Epoch 763/1000 | train_loss: 0.3706 | miou: 0.6512 | f1_macro: 0.7551 | pixel_accuracy: 0.9323 | val_loss: 0.2883
Epoch 764/1000 | train_loss: 0.2335 | miou: 0.6564 | f1_macro: 0.7589 | pixel_accuracy: 0.9332 | val_loss: 0.2661
Epoch 765/1000 | train_loss: 0.2679 | miou: 0.6593 | f1_macro: 0.7608 | pixel_accuracy: 0.9378 | val_loss: 0.2639
Epoch 766/1000 | train_loss: 0.3255 | miou: 0.6581 | f1_macro: 0.7595 | pixel_accuracy: 0.9387 | val_loss: 0.2633
Epoch 767/1000 | train_loss: 0.3008 | miou: 0.6620 | f1_macro: 0.7603 | pixel_accuracy: 0.9404 | val_loss: 0.2473
Epoch 768/1000 | train_loss: 0.3124 | miou: 0.6519 | f1_macro: 0.7500 | pixel_accuracy: 0.9383 | val_loss: 0.2694
Epoch 769/1000 | train_loss: 0.3672 | miou: 0.6347 | f1_macro: 0.7345 | pixel_accuracy: 0.9373 | val_loss: 0.2808
Epoch 770/1000 | train_loss: 0.2745 | miou: 0.6366 | f1_macro: 0.7353 | pixel_accuracy: 0.9321 | val_loss: 0.3041
Epoch 771/1000 | train_loss: 0.3342 | miou: 0.6220 | f1_macro: 0.7254 | pixel_accuracy: 0.9170 | val_loss: 0.3663
Epoch 772/1000 | train_loss: 0.2967 | miou: 0.6148 | f1_macro: 0.7253 | pixel_accuracy: 0.9158 | val_loss: 0.3896
Epoch 773/1000 | train_loss: 0.2904 | miou: 0.6385 | f1_macro: 0.7449 | pixel_accuracy: 0.9274 | val_loss: 0.3200
Epoch 774/1000 | train_loss: 0.2400 | miou: 0.6426 | f1_macro: 0.7478 | pixel_accuracy: 0.9308 | val_loss: 0.2980
