==========================================
Job ID: 3160343
Node: gput059
GPU: 0
Experiment: configs/experiment/deeplabv3plus_dataset83.yaml
Run Name: deeplabv3plus-d83
==========================================
Sun Feb 22 12:57:59 2026       
+-----------------------------------------------------------------------------------------+
| NVIDIA-SMI 570.158.01             Driver Version: 570.158.01     CUDA Version: 12.8     |
|-----------------------------------------+------------------------+----------------------+
| GPU  Name                 Persistence-M | Bus-Id          Disp.A | Volatile Uncorr. ECC |
| Fan  Temp   Perf          Pwr:Usage/Cap |           Memory-Usage | GPU-Util  Compute M. |
|                                         |                        |               MIG M. |
|=========================================+========================+======================|
|   0  Tesla V100-PCIE-32GB           On  |   00000000:D8:00.0 Off |                    0 |
| N/A   38C    P0             24W /  250W |       0MiB /  32768MiB |      0%      Default |
|                                         |                        |                  N/A |
+-----------------------------------------+------------------------+----------------------+
                                                                                         
+-----------------------------------------------------------------------------------------+
| Processes:                                                                              |
|  GPU   GI   CI              PID   Type   Process name                        GPU Memory |
|        ID   ID                                                               Usage      |
|=========================================================================================|
|  No running processes found                                                             |
+-----------------------------------------------------------------------------------------+
Split: 11 train / 3 val (from 14 total)
Model: deeplabv3plus
Trainable parameters: 58,627,142
Epoch 1/1000 | train_loss: 1.6233 | miou: 0.0727 | f1_macro: 0.1284 | pixel_accuracy: 0.2099 | val_loss: 1.7897
Epoch 2/1000 | train_loss: 1.2649 | miou: 0.1797 | f1_macro: 0.2701 | pixel_accuracy: 0.4713 | val_loss: 1.6989
Epoch 3/1000 | train_loss: 1.0669 | miou: 0.2367 | f1_macro: 0.3304 | pixel_accuracy: 0.6098 | val_loss: 1.4656
Epoch 4/1000 | train_loss: 0.9160 | miou: 0.2514 | f1_macro: 0.3446 | pixel_accuracy: 0.6381 | val_loss: 1.1646
Epoch 5/1000 | train_loss: 0.8753 | miou: 0.2754 | f1_macro: 0.3773 | pixel_accuracy: 0.6507 | val_loss: 1.0608
Epoch 6/1000 | train_loss: 0.9453 | miou: 0.2911 | f1_macro: 0.3964 | pixel_accuracy: 0.6587 | val_loss: 0.9815
Epoch 7/1000 | train_loss: 0.7909 | miou: 0.3046 | f1_macro: 0.4103 | pixel_accuracy: 0.6748 | val_loss: 0.9316
Epoch 8/1000 | train_loss: 0.7644 | miou: 0.3194 | f1_macro: 0.4300 | pixel_accuracy: 0.6792 | val_loss: 0.9130
Epoch 9/1000 | train_loss: 0.7016 | miou: 0.3267 | f1_macro: 0.4398 | pixel_accuracy: 0.6852 | val_loss: 0.8720
Epoch 10/1000 | train_loss: 0.7157 | miou: 0.3257 | f1_macro: 0.4292 | pixel_accuracy: 0.7021 | val_loss: 0.8205
Epoch 11/1000 | train_loss: 0.6432 | miou: 0.3355 | f1_macro: 0.4439 | pixel_accuracy: 0.7077 | val_loss: 0.8055
Epoch 12/1000 | train_loss: 0.5943 | miou: 0.3818 | f1_macro: 0.4922 | pixel_accuracy: 0.7609 | val_loss: 0.7444
Epoch 13/1000 | train_loss: 0.6092 | miou: 0.4183 | f1_macro: 0.5125 | pixel_accuracy: 0.8221 | val_loss: 0.6809
Epoch 14/1000 | train_loss: 0.6123 | miou: 0.4257 | f1_macro: 0.5162 | pixel_accuracy: 0.8326 | val_loss: 0.6331
Epoch 15/1000 | train_loss: 0.5544 | miou: 0.4547 | f1_macro: 0.5471 | pixel_accuracy: 0.8531 | val_loss: 0.5841
Epoch 16/1000 | train_loss: 0.6247 | miou: 0.4862 | f1_macro: 0.5786 | pixel_accuracy: 0.8756 | val_loss: 0.5230
Epoch 17/1000 | train_loss: 0.5119 | miou: 0.4831 | f1_macro: 0.5873 | pixel_accuracy: 0.8572 | val_loss: 0.5500
Epoch 18/1000 | train_loss: 0.5464 | miou: 0.4682 | f1_macro: 0.5782 | pixel_accuracy: 0.8362 | val_loss: 0.6128
Epoch 19/1000 | train_loss: 0.5988 | miou: 0.4431 | f1_macro: 0.5533 | pixel_accuracy: 0.8241 | val_loss: 0.6214
Epoch 20/1000 | train_loss: 0.6122 | miou: 0.4811 | f1_macro: 0.6006 | pixel_accuracy: 0.8268 | val_loss: 0.6217
Epoch 21/1000 | train_loss: 0.5430 | miou: 0.4634 | f1_macro: 0.5826 | pixel_accuracy: 0.8124 | val_loss: 0.6308
Epoch 22/1000 | train_loss: 0.5038 | miou: 0.4711 | f1_macro: 0.5886 | pixel_accuracy: 0.8173 | val_loss: 0.6068
Epoch 23/1000 | train_loss: 0.5756 | miou: 0.4578 | f1_macro: 0.5780 | pixel_accuracy: 0.8072 | val_loss: 0.6525
Epoch 24/1000 | train_loss: 0.5676 | miou: 0.4974 | f1_macro: 0.6046 | pixel_accuracy: 0.8553 | val_loss: 0.5831
Epoch 25/1000 | train_loss: 0.5349 | miou: 0.5105 | f1_macro: 0.6108 | pixel_accuracy: 0.8701 | val_loss: 0.5209
Epoch 26/1000 | train_loss: 0.5267 | miou: 0.5377 | f1_macro: 0.6333 | pixel_accuracy: 0.8940 | val_loss: 0.4293
Epoch 27/1000 | train_loss: 0.5077 | miou: 0.5500 | f1_macro: 0.6507 | pixel_accuracy: 0.8972 | val_loss: 0.4179
Epoch 28/1000 | train_loss: 0.5258 | miou: 0.5323 | f1_macro: 0.6356 | pixel_accuracy: 0.8941 | val_loss: 0.4364
Epoch 29/1000 | train_loss: 0.4968 | miou: 0.5461 | f1_macro: 0.6514 | pixel_accuracy: 0.8910 | val_loss: 0.4567
Epoch 30/1000 | train_loss: 0.5235 | miou: 0.5417 | f1_macro: 0.6421 | pixel_accuracy: 0.8900 | val_loss: 0.4266
Epoch 31/1000 | train_loss: 0.4602 | miou: 0.5635 | f1_macro: 0.6584 | pixel_accuracy: 0.9059 | val_loss: 0.3867
Epoch 32/1000 | train_loss: 0.5083 | miou: 0.5796 | f1_macro: 0.6748 | pixel_accuracy: 0.9156 | val_loss: 0.3515
Epoch 33/1000 | train_loss: 0.4772 | miou: 0.5707 | f1_macro: 0.6650 | pixel_accuracy: 0.9059 | val_loss: 0.3857
Epoch 34/1000 | train_loss: 0.4789 | miou: 0.5630 | f1_macro: 0.6569 | pixel_accuracy: 0.9003 | val_loss: 0.4128
Epoch 35/1000 | train_loss: 0.4504 | miou: 0.5500 | f1_macro: 0.6455 | pixel_accuracy: 0.8907 | val_loss: 0.4345
Epoch 36/1000 | train_loss: 0.4584 | miou: 0.5537 | f1_macro: 0.6503 | pixel_accuracy: 0.9031 | val_loss: 0.4111
Epoch 37/1000 | train_loss: 0.4739 | miou: 0.5936 | f1_macro: 0.6962 | pixel_accuracy: 0.9139 | val_loss: 0.3606
Epoch 38/1000 | train_loss: 0.4242 | miou: 0.6167 | f1_macro: 0.7209 | pixel_accuracy: 0.9215 | val_loss: 0.3385
Epoch 39/1000 | train_loss: 0.4559 | miou: 0.6068 | f1_macro: 0.7117 | pixel_accuracy: 0.9191 | val_loss: 0.3489
Epoch 40/1000 | train_loss: 0.4456 | miou: 0.5878 | f1_macro: 0.6900 | pixel_accuracy: 0.9182 | val_loss: 0.3576
Epoch 41/1000 | train_loss: 0.4714 | miou: 0.5893 | f1_macro: 0.6946 | pixel_accuracy: 0.9158 | val_loss: 0.3509
Epoch 42/1000 | train_loss: 0.4965 | miou: 0.6078 | f1_macro: 0.7180 | pixel_accuracy: 0.9122 | val_loss: 0.3388
Epoch 43/1000 | train_loss: 0.4465 | miou: 0.5862 | f1_macro: 0.7012 | pixel_accuracy: 0.8946 | val_loss: 0.3820
Epoch 44/1000 | train_loss: 0.4513 | miou: 0.5654 | f1_macro: 0.6798 | pixel_accuracy: 0.8871 | val_loss: 0.4209
Epoch 45/1000 | train_loss: 0.4282 | miou: 0.6038 | f1_macro: 0.7095 | pixel_accuracy: 0.9115 | val_loss: 0.3670
Epoch 46/1000 | train_loss: 0.5001 | miou: 0.5882 | f1_macro: 0.6903 | pixel_accuracy: 0.9180 | val_loss: 0.3391
Epoch 47/1000 | train_loss: 0.4286 | miou: 0.5861 | f1_macro: 0.6861 | pixel_accuracy: 0.9137 | val_loss: 0.3739
Epoch 48/1000 | train_loss: 0.4438 | miou: 0.6020 | f1_macro: 0.6997 | pixel_accuracy: 0.9215 | val_loss: 0.3528
Epoch 49/1000 | train_loss: 0.4320 | miou: 0.6170 | f1_macro: 0.7160 | pixel_accuracy: 0.9272 | val_loss: 0.3218
Epoch 50/1000 | train_loss: 0.4350 | miou: 0.6345 | f1_macro: 0.7359 | pixel_accuracy: 0.9315 | val_loss: 0.3106
Epoch 51/1000 | train_loss: 0.4250 | miou: 0.6303 | f1_macro: 0.7318 | pixel_accuracy: 0.9276 | val_loss: 0.3315
Epoch 52/1000 | train_loss: 0.3996 | miou: 0.6133 | f1_macro: 0.7142 | pixel_accuracy: 0.9200 | val_loss: 0.3557
Epoch 53/1000 | train_loss: 0.4408 | miou: 0.6115 | f1_macro: 0.7149 | pixel_accuracy: 0.9188 | val_loss: 0.3357
Epoch 54/1000 | train_loss: 0.4569 | miou: 0.6099 | f1_macro: 0.7161 | pixel_accuracy: 0.9149 | val_loss: 0.3295
Epoch 55/1000 | train_loss: 0.3980 | miou: 0.5984 | f1_macro: 0.7075 | pixel_accuracy: 0.9039 | val_loss: 0.3613
Epoch 56/1000 | train_loss: 0.4225 | miou: 0.6090 | f1_macro: 0.7170 | pixel_accuracy: 0.9092 | val_loss: 0.3464
Epoch 57/1000 | train_loss: 0.4302 | miou: 0.6132 | f1_macro: 0.7188 | pixel_accuracy: 0.9170 | val_loss: 0.3298
Epoch 58/1000 | train_loss: 0.4087 | miou: 0.6171 | f1_macro: 0.7196 | pixel_accuracy: 0.9218 | val_loss: 0.3333
Epoch 59/1000 | train_loss: 0.4275 | miou: 0.5966 | f1_macro: 0.6986 | pixel_accuracy: 0.9099 | val_loss: 0.3638
Epoch 60/1000 | train_loss: 0.4366 | miou: 0.5961 | f1_macro: 0.6984 | pixel_accuracy: 0.9089 | val_loss: 0.3630
Epoch 61/1000 | train_loss: 0.3876 | miou: 0.5985 | f1_macro: 0.7015 | pixel_accuracy: 0.9072 | val_loss: 0.3682
Epoch 62/1000 | train_loss: 0.4720 | miou: 0.6025 | f1_macro: 0.7067 | pixel_accuracy: 0.9063 | val_loss: 0.3760
Epoch 63/1000 | train_loss: 0.4224 | miou: 0.6029 | f1_macro: 0.7105 | pixel_accuracy: 0.9059 | val_loss: 0.3854
Epoch 64/1000 | train_loss: 0.4465 | miou: 0.6044 | f1_macro: 0.7092 | pixel_accuracy: 0.9086 | val_loss: 0.3839
Epoch 65/1000 | train_loss: 0.3842 | miou: 0.5944 | f1_macro: 0.7009 | pixel_accuracy: 0.8988 | val_loss: 0.3925
Epoch 66/1000 | train_loss: 0.4488 | miou: 0.6014 | f1_macro: 0.7089 | pixel_accuracy: 0.9019 | val_loss: 0.3613
Epoch 67/1000 | train_loss: 0.4006 | miou: 0.6093 | f1_macro: 0.7193 | pixel_accuracy: 0.9074 | val_loss: 0.3587
Epoch 68/1000 | train_loss: 0.4017 | miou: 0.6065 | f1_macro: 0.7135 | pixel_accuracy: 0.9098 | val_loss: 0.3668
Epoch 69/1000 | train_loss: 0.4377 | miou: 0.6042 | f1_macro: 0.7103 | pixel_accuracy: 0.9072 | val_loss: 0.3745
Epoch 70/1000 | train_loss: 0.4004 | miou: 0.6116 | f1_macro: 0.7188 | pixel_accuracy: 0.9094 | val_loss: 0.3754
Epoch 71/1000 | train_loss: 0.3904 | miou: 0.6021 | f1_macro: 0.7133 | pixel_accuracy: 0.8955 | val_loss: 0.3998
Epoch 72/1000 | train_loss: 0.3728 | miou: 0.5983 | f1_macro: 0.7070 | pixel_accuracy: 0.8967 | val_loss: 0.3840
Epoch 73/1000 | train_loss: 0.4043 | miou: 0.6041 | f1_macro: 0.7128 | pixel_accuracy: 0.8994 | val_loss: 0.3782
Epoch 74/1000 | train_loss: 0.3718 | miou: 0.6151 | f1_macro: 0.7196 | pixel_accuracy: 0.9097 | val_loss: 0.3741
Epoch 75/1000 | train_loss: 0.4122 | miou: 0.6079 | f1_macro: 0.7089 | pixel_accuracy: 0.9150 | val_loss: 0.3598
Epoch 76/1000 | train_loss: 0.3969 | miou: 0.6131 | f1_macro: 0.7154 | pixel_accuracy: 0.9139 | val_loss: 0.3633
Epoch 77/1000 | train_loss: 0.4288 | miou: 0.6171 | f1_macro: 0.7229 | pixel_accuracy: 0.9117 | val_loss: 0.3520
Epoch 78/1000 | train_loss: 0.4137 | miou: 0.6303 | f1_macro: 0.7392 | pixel_accuracy: 0.9145 | val_loss: 0.3275
Epoch 79/1000 | train_loss: 0.4133 | miou: 0.6314 | f1_macro: 0.7382 | pixel_accuracy: 0.9222 | val_loss: 0.3049
Epoch 80/1000 | train_loss: 0.4035 | miou: 0.6256 | f1_macro: 0.7312 | pixel_accuracy: 0.9181 | val_loss: 0.3373
Epoch 81/1000 | train_loss: 0.4052 | miou: 0.6085 | f1_macro: 0.7128 | pixel_accuracy: 0.9111 | val_loss: 0.3731
Epoch 82/1000 | train_loss: 0.3876 | miou: 0.6164 | f1_macro: 0.7211 | pixel_accuracy: 0.9123 | val_loss: 0.3643
Epoch 83/1000 | train_loss: 0.3848 | miou: 0.6162 | f1_macro: 0.7221 | pixel_accuracy: 0.9108 | val_loss: 0.3720
Epoch 84/1000 | train_loss: 0.3704 | miou: 0.6151 | f1_macro: 0.7210 | pixel_accuracy: 0.9106 | val_loss: 0.3644
Epoch 85/1000 | train_loss: 0.3638 | miou: 0.6131 | f1_macro: 0.7218 | pixel_accuracy: 0.9068 | val_loss: 0.3472
Epoch 86/1000 | train_loss: 0.4381 | miou: 0.6269 | f1_macro: 0.7343 | pixel_accuracy: 0.9158 | val_loss: 0.3140
Epoch 87/1000 | train_loss: 0.3693 | miou: 0.6394 | f1_macro: 0.7446 | pixel_accuracy: 0.9273 | val_loss: 0.2923
Epoch 88/1000 | train_loss: 0.3536 | miou: 0.6422 | f1_macro: 0.7437 | pixel_accuracy: 0.9301 | val_loss: 0.2927
Epoch 89/1000 | train_loss: 0.3709 | miou: 0.6337 | f1_macro: 0.7335 | pixel_accuracy: 0.9266 | val_loss: 0.3172
Epoch 90/1000 | train_loss: 0.3918 | miou: 0.6187 | f1_macro: 0.7206 | pixel_accuracy: 0.9199 | val_loss: 0.3542
Epoch 91/1000 | train_loss: 0.3668 | miou: 0.6144 | f1_macro: 0.7200 | pixel_accuracy: 0.9141 | val_loss: 0.3658
Epoch 92/1000 | train_loss: 0.4047 | miou: 0.6189 | f1_macro: 0.7271 | pixel_accuracy: 0.9124 | val_loss: 0.3573
Epoch 93/1000 | train_loss: 0.3820 | miou: 0.6430 | f1_macro: 0.7477 | pixel_accuracy: 0.9286 | val_loss: 0.3230
Epoch 94/1000 | train_loss: 0.3866 | miou: 0.6496 | f1_macro: 0.7528 | pixel_accuracy: 0.9302 | val_loss: 0.3156
Epoch 95/1000 | train_loss: 0.3688 | miou: 0.6331 | f1_macro: 0.7373 | pixel_accuracy: 0.9214 | val_loss: 0.3453
Epoch 96/1000 | train_loss: 0.4421 | miou: 0.6298 | f1_macro: 0.7342 | pixel_accuracy: 0.9196 | val_loss: 0.3437
Epoch 97/1000 | train_loss: 0.3688 | miou: 0.6297 | f1_macro: 0.7335 | pixel_accuracy: 0.9202 | val_loss: 0.3560
Epoch 98/1000 | train_loss: 0.4417 | miou: 0.6275 | f1_macro: 0.7292 | pixel_accuracy: 0.9207 | val_loss: 0.3507
Epoch 99/1000 | train_loss: 0.3749 | miou: 0.6207 | f1_macro: 0.7247 | pixel_accuracy: 0.9142 | val_loss: 0.3722
Epoch 100/1000 | train_loss: 0.4208 | miou: 0.6114 | f1_macro: 0.7175 | pixel_accuracy: 0.9073 | val_loss: 0.3603
Epoch 101/1000 | train_loss: 0.3770 | miou: 0.6166 | f1_macro: 0.7229 | pixel_accuracy: 0.9106 | val_loss: 0.3754
Epoch 102/1000 | train_loss: 0.3633 | miou: 0.6249 | f1_macro: 0.7274 | pixel_accuracy: 0.9205 | val_loss: 0.3485
Epoch 103/1000 | train_loss: 0.3739 | miou: 0.6306 | f1_macro: 0.7330 | pixel_accuracy: 0.9222 | val_loss: 0.3325
Epoch 104/1000 | train_loss: 0.3499 | miou: 0.6372 | f1_macro: 0.7408 | pixel_accuracy: 0.9226 | val_loss: 0.3270
Epoch 105/1000 | train_loss: 0.3801 | miou: 0.6407 | f1_macro: 0.7437 | pixel_accuracy: 0.9294 | val_loss: 0.3003
Epoch 106/1000 | train_loss: 0.3754 | miou: 0.6390 | f1_macro: 0.7430 | pixel_accuracy: 0.9303 | val_loss: 0.3041
Epoch 107/1000 | train_loss: 0.3810 | miou: 0.6397 | f1_macro: 0.7461 | pixel_accuracy: 0.9228 | val_loss: 0.3286
Epoch 108/1000 | train_loss: 0.3783 | miou: 0.6292 | f1_macro: 0.7357 | pixel_accuracy: 0.9166 | val_loss: 0.3227
Epoch 109/1000 | train_loss: 0.3724 | miou: 0.6276 | f1_macro: 0.7323 | pixel_accuracy: 0.9177 | val_loss: 0.3189
Epoch 110/1000 | train_loss: 0.3820 | miou: 0.6392 | f1_macro: 0.7414 | pixel_accuracy: 0.9261 | val_loss: 0.3036
Epoch 111/1000 | train_loss: 0.4360 | miou: 0.6393 | f1_macro: 0.7421 | pixel_accuracy: 0.9254 | val_loss: 0.3125
Epoch 112/1000 | train_loss: 0.3651 | miou: 0.6449 | f1_macro: 0.7453 | pixel_accuracy: 0.9295 | val_loss: 0.2962
Epoch 113/1000 | train_loss: 0.3906 | miou: 0.6318 | f1_macro: 0.7320 | pixel_accuracy: 0.9282 | val_loss: 0.3039
Epoch 114/1000 | train_loss: 0.3790 | miou: 0.6313 | f1_macro: 0.7311 | pixel_accuracy: 0.9278 | val_loss: 0.3041
Epoch 115/1000 | train_loss: 0.3651 | miou: 0.6430 | f1_macro: 0.7442 | pixel_accuracy: 0.9272 | val_loss: 0.3019
Epoch 116/1000 | train_loss: 0.3854 | miou: 0.6453 | f1_macro: 0.7474 | pixel_accuracy: 0.9269 | val_loss: 0.2965
Epoch 117/1000 | train_loss: 0.3797 | miou: 0.6332 | f1_macro: 0.7359 | pixel_accuracy: 0.9251 | val_loss: 0.3189
Epoch 118/1000 | train_loss: 0.3670 | miou: 0.6473 | f1_macro: 0.7490 | pixel_accuracy: 0.9296 | val_loss: 0.3045
Epoch 119/1000 | train_loss: 0.3504 | miou: 0.6577 | f1_macro: 0.7604 | pixel_accuracy: 0.9311 | val_loss: 0.2956
Epoch 120/1000 | train_loss: 0.3445 | miou: 0.6456 | f1_macro: 0.7482 | pixel_accuracy: 0.9282 | val_loss: 0.3138
Epoch 121/1000 | train_loss: 0.3657 | miou: 0.6338 | f1_macro: 0.7352 | pixel_accuracy: 0.9249 | val_loss: 0.3427
Epoch 122/1000 | train_loss: 0.3714 | miou: 0.6187 | f1_macro: 0.7224 | pixel_accuracy: 0.9232 | val_loss: 0.3494
Epoch 123/1000 | train_loss: 0.3947 | miou: 0.6434 | f1_macro: 0.7443 | pixel_accuracy: 0.9326 | val_loss: 0.3129
Epoch 124/1000 | train_loss: 0.3593 | miou: 0.6445 | f1_macro: 0.7512 | pixel_accuracy: 0.9228 | val_loss: 0.3092
Epoch 125/1000 | train_loss: 0.4071 | miou: 0.6366 | f1_macro: 0.7477 | pixel_accuracy: 0.9125 | val_loss: 0.3327
Epoch 126/1000 | train_loss: 0.3517 | miou: 0.6312 | f1_macro: 0.7439 | pixel_accuracy: 0.9055 | val_loss: 0.3582
Epoch 127/1000 | train_loss: 0.3859 | miou: 0.6240 | f1_macro: 0.7371 | pixel_accuracy: 0.9022 | val_loss: 0.3703
Epoch 128/1000 | train_loss: 0.3662 | miou: 0.6256 | f1_macro: 0.7358 | pixel_accuracy: 0.9045 | val_loss: 0.3747
Epoch 129/1000 | train_loss: 0.3605 | miou: 0.6243 | f1_macro: 0.7291 | pixel_accuracy: 0.9108 | val_loss: 0.3614
Epoch 130/1000 | train_loss: 0.3831 | miou: 0.6244 | f1_macro: 0.7249 | pixel_accuracy: 0.9182 | val_loss: 0.3391
Epoch 131/1000 | train_loss: 0.3882 | miou: 0.6287 | f1_macro: 0.7276 | pixel_accuracy: 0.9241 | val_loss: 0.3156
Epoch 132/1000 | train_loss: 0.3575 | miou: 0.6400 | f1_macro: 0.7432 | pixel_accuracy: 0.9222 | val_loss: 0.3059
Epoch 133/1000 | train_loss: 0.3674 | miou: 0.6403 | f1_macro: 0.7462 | pixel_accuracy: 0.9209 | val_loss: 0.2999
Epoch 134/1000 | train_loss: 0.3619 | miou: 0.6383 | f1_macro: 0.7443 | pixel_accuracy: 0.9209 | val_loss: 0.2887
Epoch 135/1000 | train_loss: 0.3581 | miou: 0.6389 | f1_macro: 0.7437 | pixel_accuracy: 0.9221 | val_loss: 0.2894
Epoch 136/1000 | train_loss: 0.3785 | miou: 0.6378 | f1_macro: 0.7395 | pixel_accuracy: 0.9261 | val_loss: 0.3033
Epoch 137/1000 | train_loss: 0.3745 | miou: 0.6400 | f1_macro: 0.7397 | pixel_accuracy: 0.9302 | val_loss: 0.2919
Epoch 138/1000 | train_loss: 0.3524 | miou: 0.6498 | f1_macro: 0.7504 | pixel_accuracy: 0.9305 | val_loss: 0.2748
Epoch 139/1000 | train_loss: 0.3825 | miou: 0.6433 | f1_macro: 0.7457 | pixel_accuracy: 0.9264 | val_loss: 0.2764
Epoch 140/1000 | train_loss: 0.4160 | miou: 0.6418 | f1_macro: 0.7440 | pixel_accuracy: 0.9264 | val_loss: 0.2793
Epoch 141/1000 | train_loss: 0.3671 | miou: 0.6441 | f1_macro: 0.7440 | pixel_accuracy: 0.9288 | val_loss: 0.2911
Epoch 142/1000 | train_loss: 0.3725 | miou: 0.6438 | f1_macro: 0.7432 | pixel_accuracy: 0.9292 | val_loss: 0.2981
Epoch 143/1000 | train_loss: 0.3640 | miou: 0.6388 | f1_macro: 0.7411 | pixel_accuracy: 0.9232 | val_loss: 0.2932
Epoch 144/1000 | train_loss: 0.4090 | miou: 0.6277 | f1_macro: 0.7306 | pixel_accuracy: 0.9180 | val_loss: 0.2946
Epoch 145/1000 | train_loss: 0.3366 | miou: 0.6344 | f1_macro: 0.7367 | pixel_accuracy: 0.9215 | val_loss: 0.2893
Epoch 146/1000 | train_loss: 0.3703 | miou: 0.6494 | f1_macro: 0.7496 | pixel_accuracy: 0.9317 | val_loss: 0.2850
Epoch 147/1000 | train_loss: 0.3475 | miou: 0.6479 | f1_macro: 0.7466 | pixel_accuracy: 0.9332 | val_loss: 0.2908
Epoch 148/1000 | train_loss: 0.3605 | miou: 0.6464 | f1_macro: 0.7451 | pixel_accuracy: 0.9327 | val_loss: 0.2973
Epoch 149/1000 | train_loss: 0.3651 | miou: 0.6441 | f1_macro: 0.7432 | pixel_accuracy: 0.9315 | val_loss: 0.3030
Epoch 150/1000 | train_loss: 0.3359 | miou: 0.6423 | f1_macro: 0.7425 | pixel_accuracy: 0.9300 | val_loss: 0.3020
Epoch 151/1000 | train_loss: 0.4299 | miou: 0.6547 | f1_macro: 0.7551 | pixel_accuracy: 0.9317 | val_loss: 0.2965
Epoch 152/1000 | train_loss: 0.4012 | miou: 0.6628 | f1_macro: 0.7643 | pixel_accuracy: 0.9340 | val_loss: 0.2860
Epoch 153/1000 | train_loss: 0.3712 | miou: 0.6596 | f1_macro: 0.7638 | pixel_accuracy: 0.9288 | val_loss: 0.2947
Epoch 154/1000 | train_loss: 0.3319 | miou: 0.6387 | f1_macro: 0.7399 | pixel_accuracy: 0.9246 | val_loss: 0.3172
Epoch 155/1000 | train_loss: 0.3416 | miou: 0.6344 | f1_macro: 0.7370 | pixel_accuracy: 0.9202 | val_loss: 0.3301
Epoch 156/1000 | train_loss: 0.3434 | miou: 0.6374 | f1_macro: 0.7366 | pixel_accuracy: 0.9245 | val_loss: 0.3224
Epoch 157/1000 | train_loss: 0.3241 | miou: 0.6362 | f1_macro: 0.7394 | pixel_accuracy: 0.9188 | val_loss: 0.3348
Epoch 158/1000 | train_loss: 0.3933 | miou: 0.6379 | f1_macro: 0.7419 | pixel_accuracy: 0.9205 | val_loss: 0.3171
Epoch 159/1000 | train_loss: 0.3465 | miou: 0.6441 | f1_macro: 0.7496 | pixel_accuracy: 0.9211 | val_loss: 0.3096
Epoch 160/1000 | train_loss: 0.4100 | miou: 0.6471 | f1_macro: 0.7505 | pixel_accuracy: 0.9236 | val_loss: 0.3136
Epoch 161/1000 | train_loss: 0.3572 | miou: 0.6372 | f1_macro: 0.7413 | pixel_accuracy: 0.9182 | val_loss: 0.3381
Epoch 162/1000 | train_loss: 0.3621 | miou: 0.6320 | f1_macro: 0.7384 | pixel_accuracy: 0.9144 | val_loss: 0.3295
Epoch 163/1000 | train_loss: 0.3723 | miou: 0.6384 | f1_macro: 0.7443 | pixel_accuracy: 0.9171 | val_loss: 0.3182
Epoch 164/1000 | train_loss: 0.3837 | miou: 0.6445 | f1_macro: 0.7476 | pixel_accuracy: 0.9234 | val_loss: 0.3016
Epoch 165/1000 | train_loss: 0.3495 | miou: 0.6578 | f1_macro: 0.7598 | pixel_accuracy: 0.9313 | val_loss: 0.2804
Epoch 166/1000 | train_loss: 0.3384 | miou: 0.6606 | f1_macro: 0.7629 | pixel_accuracy: 0.9340 | val_loss: 0.2783
Epoch 167/1000 | train_loss: 0.4005 | miou: 0.6645 | f1_macro: 0.7637 | pixel_accuracy: 0.9384 | val_loss: 0.2734
Epoch 168/1000 | train_loss: 0.3844 | miou: 0.6594 | f1_macro: 0.7582 | pixel_accuracy: 0.9374 | val_loss: 0.2858
Epoch 169/1000 | train_loss: 0.3354 | miou: 0.6539 | f1_macro: 0.7541 | pixel_accuracy: 0.9335 | val_loss: 0.3027
Epoch 170/1000 | train_loss: 0.3280 | miou: 0.6487 | f1_macro: 0.7507 | pixel_accuracy: 0.9293 | val_loss: 0.2906
Epoch 171/1000 | train_loss: 0.3364 | miou: 0.6613 | f1_macro: 0.7623 | pixel_accuracy: 0.9343 | val_loss: 0.2753
Epoch 172/1000 | train_loss: 0.4210 | miou: 0.6612 | f1_macro: 0.7609 | pixel_accuracy: 0.9361 | val_loss: 0.2836
Epoch 173/1000 | train_loss: 0.3413 | miou: 0.6641 | f1_macro: 0.7637 | pixel_accuracy: 0.9356 | val_loss: 0.2821
Epoch 174/1000 | train_loss: 0.3202 | miou: 0.6607 | f1_macro: 0.7615 | pixel_accuracy: 0.9316 | val_loss: 0.2881
Epoch 175/1000 | train_loss: 0.3170 | miou: 0.6518 | f1_macro: 0.7537 | pixel_accuracy: 0.9287 | val_loss: 0.2999
Epoch 176/1000 | train_loss: 0.3348 | miou: 0.6574 | f1_macro: 0.7593 | pixel_accuracy: 0.9300 | val_loss: 0.2881
Epoch 177/1000 | train_loss: 0.3993 | miou: 0.6476 | f1_macro: 0.7506 | pixel_accuracy: 0.9287 | val_loss: 0.2877
Epoch 178/1000 | train_loss: 0.3562 | miou: 0.6414 | f1_macro: 0.7439 | pixel_accuracy: 0.9259 | val_loss: 0.3111
Epoch 179/1000 | train_loss: 0.3861 | miou: 0.6379 | f1_macro: 0.7395 | pixel_accuracy: 0.9251 | val_loss: 0.3237
Epoch 180/1000 | train_loss: 0.4108 | miou: 0.6370 | f1_macro: 0.7387 | pixel_accuracy: 0.9238 | val_loss: 0.3265
Epoch 181/1000 | train_loss: 0.3830 | miou: 0.6371 | f1_macro: 0.7384 | pixel_accuracy: 0.9218 | val_loss: 0.3424
Epoch 182/1000 | train_loss: 0.3734 | miou: 0.6461 | f1_macro: 0.7492 | pixel_accuracy: 0.9245 | val_loss: 0.3090
Epoch 183/1000 | train_loss: 0.3803 | miou: 0.6484 | f1_macro: 0.7518 | pixel_accuracy: 0.9255 | val_loss: 0.2966
Epoch 184/1000 | train_loss: 0.3911 | miou: 0.6418 | f1_macro: 0.7450 | pixel_accuracy: 0.9240 | val_loss: 0.3130
Epoch 185/1000 | train_loss: 0.3788 | miou: 0.6387 | f1_macro: 0.7381 | pixel_accuracy: 0.9297 | val_loss: 0.3028
Epoch 186/1000 | train_loss: 0.3638 | miou: 0.6506 | f1_macro: 0.7493 | pixel_accuracy: 0.9338 | val_loss: 0.2904
Epoch 187/1000 | train_loss: 0.3477 | miou: 0.6529 | f1_macro: 0.7516 | pixel_accuracy: 0.9339 | val_loss: 0.2796
Epoch 188/1000 | train_loss: 0.3515 | miou: 0.6569 | f1_macro: 0.7559 | pixel_accuracy: 0.9356 | val_loss: 0.2726
Epoch 189/1000 | train_loss: 0.3420 | miou: 0.6563 | f1_macro: 0.7556 | pixel_accuracy: 0.9342 | val_loss: 0.2891
Epoch 190/1000 | train_loss: 0.3220 | miou: 0.6559 | f1_macro: 0.7577 | pixel_accuracy: 0.9319 | val_loss: 0.2934
Epoch 191/1000 | train_loss: 0.3577 | miou: 0.6625 | f1_macro: 0.7633 | pixel_accuracy: 0.9335 | val_loss: 0.2809
Epoch 192/1000 | train_loss: 0.4052 | miou: 0.6611 | f1_macro: 0.7607 | pixel_accuracy: 0.9351 | val_loss: 0.2854
Epoch 193/1000 | train_loss: 0.3445 | miou: 0.6550 | f1_macro: 0.7542 | pixel_accuracy: 0.9324 | val_loss: 0.3122
Epoch 194/1000 | train_loss: 0.3453 | miou: 0.6584 | f1_macro: 0.7576 | pixel_accuracy: 0.9343 | val_loss: 0.2984
Epoch 195/1000 | train_loss: 0.3678 | miou: 0.6585 | f1_macro: 0.7568 | pixel_accuracy: 0.9377 | val_loss: 0.2810
Epoch 196/1000 | train_loss: 0.3363 | miou: 0.6562 | f1_macro: 0.7542 | pixel_accuracy: 0.9360 | val_loss: 0.2828
Epoch 197/1000 | train_loss: 0.3707 | miou: 0.6533 | f1_macro: 0.7549 | pixel_accuracy: 0.9302 | val_loss: 0.3094
Epoch 198/1000 | train_loss: 0.3337 | miou: 0.6581 | f1_macro: 0.7594 | pixel_accuracy: 0.9317 | val_loss: 0.3066
Epoch 199/1000 | train_loss: 0.3207 | miou: 0.6533 | f1_macro: 0.7561 | pixel_accuracy: 0.9268 | val_loss: 0.3109
Epoch 200/1000 | train_loss: 0.4051 | miou: 0.6445 | f1_macro: 0.7473 | pixel_accuracy: 0.9222 | val_loss: 0.3291
Epoch 201/1000 | train_loss: 0.3804 | miou: 0.6341 | f1_macro: 0.7380 | pixel_accuracy: 0.9176 | val_loss: 0.3589
Epoch 202/1000 | train_loss: 0.3407 | miou: 0.6328 | f1_macro: 0.7373 | pixel_accuracy: 0.9185 | val_loss: 0.3789
Epoch 203/1000 | train_loss: 0.3673 | miou: 0.6492 | f1_macro: 0.7514 | pixel_accuracy: 0.9272 | val_loss: 0.3362
Epoch 204/1000 | train_loss: 0.3507 | miou: 0.6510 | f1_macro: 0.7519 | pixel_accuracy: 0.9288 | val_loss: 0.3182
Epoch 205/1000 | train_loss: 0.3886 | miou: 0.6590 | f1_macro: 0.7581 | pixel_accuracy: 0.9334 | val_loss: 0.2899
Epoch 206/1000 | train_loss: 0.3449 | miou: 0.6641 | f1_macro: 0.7627 | pixel_accuracy: 0.9365 | val_loss: 0.2761
Epoch 207/1000 | train_loss: 0.3568 | miou: 0.6591 | f1_macro: 0.7581 | pixel_accuracy: 0.9373 | val_loss: 0.2682
Epoch 208/1000 | train_loss: 0.3754 | miou: 0.6578 | f1_macro: 0.7567 | pixel_accuracy: 0.9358 | val_loss: 0.2884
Epoch 209/1000 | train_loss: 0.3237 | miou: 0.6481 | f1_macro: 0.7476 | pixel_accuracy: 0.9293 | val_loss: 0.3200
Epoch 210/1000 | train_loss: 0.3879 | miou: 0.6491 | f1_macro: 0.7505 | pixel_accuracy: 0.9290 | val_loss: 0.3076
Epoch 211/1000 | train_loss: 0.3240 | miou: 0.6690 | f1_macro: 0.7708 | pixel_accuracy: 0.9349 | val_loss: 0.2571
Epoch 212/1000 | train_loss: 0.3550 | miou: 0.6639 | f1_macro: 0.7658 | pixel_accuracy: 0.9349 | val_loss: 0.2663
Epoch 213/1000 | train_loss: 0.3718 | miou: 0.6526 | f1_macro: 0.7537 | pixel_accuracy: 0.9313 | val_loss: 0.2829
Epoch 214/1000 | train_loss: 0.3279 | miou: 0.6436 | f1_macro: 0.7445 | pixel_accuracy: 0.9279 | val_loss: 0.2925
Epoch 215/1000 | train_loss: 0.3602 | miou: 0.6325 | f1_macro: 0.7329 | pixel_accuracy: 0.9251 | val_loss: 0.3138
Epoch 216/1000 | train_loss: 0.3576 | miou: 0.6324 | f1_macro: 0.7313 | pixel_accuracy: 0.9262 | val_loss: 0.3076
Epoch 217/1000 | train_loss: 0.3575 | miou: 0.6344 | f1_macro: 0.7337 | pixel_accuracy: 0.9258 | val_loss: 0.3025
Epoch 218/1000 | train_loss: 0.3783 | miou: 0.6382 | f1_macro: 0.7329 | pixel_accuracy: 0.9337 | val_loss: 0.2969
Epoch 219/1000 | train_loss: 0.3345 | miou: 0.6508 | f1_macro: 0.7458 | pixel_accuracy: 0.9362 | val_loss: 0.2933
Epoch 220/1000 | train_loss: 0.3640 | miou: 0.6561 | f1_macro: 0.7537 | pixel_accuracy: 0.9348 | val_loss: 0.2878
Epoch 221/1000 | train_loss: 0.3856 | miou: 0.6556 | f1_macro: 0.7537 | pixel_accuracy: 0.9341 | val_loss: 0.2849
Epoch 222/1000 | train_loss: 0.3584 | miou: 0.6522 | f1_macro: 0.7523 | pixel_accuracy: 0.9300 | val_loss: 0.2797
Epoch 223/1000 | train_loss: 0.3361 | miou: 0.6431 | f1_macro: 0.7464 | pixel_accuracy: 0.9244 | val_loss: 0.2891
Epoch 224/1000 | train_loss: 0.3338 | miou: 0.6687 | f1_macro: 0.7666 | pixel_accuracy: 0.9403 | val_loss: 0.2642
Epoch 225/1000 | train_loss: 0.3414 | miou: 0.6598 | f1_macro: 0.7569 | pixel_accuracy: 0.9383 | val_loss: 0.2705
Epoch 226/1000 | train_loss: 0.3770 | miou: 0.6527 | f1_macro: 0.7524 | pixel_accuracy: 0.9322 | val_loss: 0.2997
Epoch 227/1000 | train_loss: 0.3284 | miou: 0.6584 | f1_macro: 0.7579 | pixel_accuracy: 0.9343 | val_loss: 0.2916
Epoch 228/1000 | train_loss: 0.3088 | miou: 0.6587 | f1_macro: 0.7559 | pixel_accuracy: 0.9378 | val_loss: 0.2861
Epoch 229/1000 | train_loss: 0.3992 | miou: 0.6443 | f1_macro: 0.7415 | pixel_accuracy: 0.9370 | val_loss: 0.2829
Epoch 230/1000 | train_loss: 0.3699 | miou: 0.6383 | f1_macro: 0.7343 | pixel_accuracy: 0.9367 | val_loss: 0.2863
Epoch 231/1000 | train_loss: 0.3660 | miou: 0.6567 | f1_macro: 0.7553 | pixel_accuracy: 0.9356 | val_loss: 0.2956
Epoch 232/1000 | train_loss: 0.3869 | miou: 0.6539 | f1_macro: 0.7542 | pixel_accuracy: 0.9315 | val_loss: 0.3070
Epoch 233/1000 | train_loss: 0.3173 | miou: 0.6508 | f1_macro: 0.7540 | pixel_accuracy: 0.9243 | val_loss: 0.3170
Epoch 234/1000 | train_loss: 0.3388 | miou: 0.6322 | f1_macro: 0.7364 | pixel_accuracy: 0.9161 | val_loss: 0.3642
Epoch 235/1000 | train_loss: 0.3412 | miou: 0.6407 | f1_macro: 0.7421 | pixel_accuracy: 0.9203 | val_loss: 0.3539
Epoch 236/1000 | train_loss: 0.3288 | miou: 0.6684 | f1_macro: 0.7673 | pixel_accuracy: 0.9383 | val_loss: 0.2743
Epoch 237/1000 | train_loss: 0.3220 | miou: 0.6648 | f1_macro: 0.7632 | pixel_accuracy: 0.9385 | val_loss: 0.2689
Epoch 238/1000 | train_loss: 0.3154 | miou: 0.6558 | f1_macro: 0.7549 | pixel_accuracy: 0.9339 | val_loss: 0.2829
Epoch 239/1000 | train_loss: 0.4341 | miou: 0.6654 | f1_macro: 0.7637 | pixel_accuracy: 0.9380 | val_loss: 0.2700
Epoch 240/1000 | train_loss: 0.3627 | miou: 0.6578 | f1_macro: 0.7573 | pixel_accuracy: 0.9360 | val_loss: 0.2866
Epoch 241/1000 | train_loss: 0.3428 | miou: 0.6511 | f1_macro: 0.7514 | pixel_accuracy: 0.9297 | val_loss: 0.3021
Epoch 242/1000 | train_loss: 0.3431 | miou: 0.6488 | f1_macro: 0.7503 | pixel_accuracy: 0.9280 | val_loss: 0.2904
Epoch 243/1000 | train_loss: 0.3375 | miou: 0.6481 | f1_macro: 0.7490 | pixel_accuracy: 0.9284 | val_loss: 0.2874
Epoch 244/1000 | train_loss: 0.3582 | miou: 0.6466 | f1_macro: 0.7479 | pixel_accuracy: 0.9254 | val_loss: 0.2972
Epoch 245/1000 | train_loss: 0.3722 | miou: 0.6459 | f1_macro: 0.7469 | pixel_accuracy: 0.9263 | val_loss: 0.2966
Epoch 246/1000 | train_loss: 0.3483 | miou: 0.6491 | f1_macro: 0.7500 | pixel_accuracy: 0.9292 | val_loss: 0.3100
Epoch 247/1000 | train_loss: 0.3254 | miou: 0.6573 | f1_macro: 0.7570 | pixel_accuracy: 0.9324 | val_loss: 0.2987
Epoch 248/1000 | train_loss: 0.3616 | miou: 0.6659 | f1_macro: 0.7652 | pixel_accuracy: 0.9346 | val_loss: 0.2860
Epoch 249/1000 | train_loss: 0.3635 | miou: 0.6620 | f1_macro: 0.7615 | pixel_accuracy: 0.9344 | val_loss: 0.2927
Epoch 250/1000 | train_loss: 0.3527 | miou: 0.6670 | f1_macro: 0.7668 | pixel_accuracy: 0.9359 | val_loss: 0.2850
Epoch 251/1000 | train_loss: 0.4003 | miou: 0.6755 | f1_macro: 0.7748 | pixel_accuracy: 0.9399 | val_loss: 0.2547
Epoch 252/1000 | train_loss: 0.3320 | miou: 0.6723 | f1_macro: 0.7704 | pixel_accuracy: 0.9402 | val_loss: 0.2574
Epoch 253/1000 | train_loss: 0.3578 | miou: 0.6717 | f1_macro: 0.7688 | pixel_accuracy: 0.9409 | val_loss: 0.2624
Epoch 254/1000 | train_loss: 0.3833 | miou: 0.6737 | f1_macro: 0.7707 | pixel_accuracy: 0.9413 | val_loss: 0.2558
Epoch 255/1000 | train_loss: 0.3750 | miou: 0.6734 | f1_macro: 0.7703 | pixel_accuracy: 0.9410 | val_loss: 0.2615
Epoch 256/1000 | train_loss: 0.3439 | miou: 0.6661 | f1_macro: 0.7637 | pixel_accuracy: 0.9390 | val_loss: 0.2743
Epoch 257/1000 | train_loss: 0.3486 | miou: 0.6658 | f1_macro: 0.7635 | pixel_accuracy: 0.9375 | val_loss: 0.2849
Epoch 258/1000 | train_loss: 0.3837 | miou: 0.6634 | f1_macro: 0.7607 | pixel_accuracy: 0.9364 | val_loss: 0.2852
Epoch 259/1000 | train_loss: 0.3876 | miou: 0.6616 | f1_macro: 0.7590 | pixel_accuracy: 0.9357 | val_loss: 0.2955
Epoch 260/1000 | train_loss: 0.3336 | miou: 0.6582 | f1_macro: 0.7577 | pixel_accuracy: 0.9309 | val_loss: 0.3015
Epoch 261/1000 | train_loss: 0.3428 | miou: 0.6555 | f1_macro: 0.7554 | pixel_accuracy: 0.9307 | val_loss: 0.2908
Epoch 262/1000 | train_loss: 0.3565 | miou: 0.6589 | f1_macro: 0.7571 | pixel_accuracy: 0.9347 | val_loss: 0.2855
Epoch 263/1000 | train_loss: 0.3706 | miou: 0.6608 | f1_macro: 0.7586 | pixel_accuracy: 0.9370 | val_loss: 0.2774
Epoch 264/1000 | train_loss: 0.3591 | miou: 0.6598 | f1_macro: 0.7566 | pixel_accuracy: 0.9385 | val_loss: 0.2769
Epoch 265/1000 | train_loss: 0.3454 | miou: 0.6622 | f1_macro: 0.7598 | pixel_accuracy: 0.9387 | val_loss: 0.2767
Epoch 266/1000 | train_loss: 0.3373 | miou: 0.6672 | f1_macro: 0.7640 | pixel_accuracy: 0.9404 | val_loss: 0.2688
Epoch 267/1000 | train_loss: 0.3590 | miou: 0.6736 | f1_macro: 0.7702 | pixel_accuracy: 0.9417 | val_loss: 0.2646
Epoch 268/1000 | train_loss: 0.3438 | miou: 0.6692 | f1_macro: 0.7665 | pixel_accuracy: 0.9389 | val_loss: 0.2798
Epoch 269/1000 | train_loss: 0.3629 | miou: 0.6660 | f1_macro: 0.7636 | pixel_accuracy: 0.9389 | val_loss: 0.2916
Epoch 270/1000 | train_loss: 0.3726 | miou: 0.6740 | f1_macro: 0.7717 | pixel_accuracy: 0.9428 | val_loss: 0.2612
Epoch 271/1000 | train_loss: 0.3440 | miou: 0.6706 | f1_macro: 0.7690 | pixel_accuracy: 0.9383 | val_loss: 0.2666
Epoch 272/1000 | train_loss: 0.3579 | miou: 0.6564 | f1_macro: 0.7529 | pixel_accuracy: 0.9353 | val_loss: 0.3040
Epoch 273/1000 | train_loss: 0.3546 | miou: 0.6541 | f1_macro: 0.7507 | pixel_accuracy: 0.9352 | val_loss: 0.3206
Epoch 274/1000 | train_loss: 0.3930 | miou: 0.6677 | f1_macro: 0.7632 | pixel_accuracy: 0.9413 | val_loss: 0.2758
Epoch 275/1000 | train_loss: 0.3757 | miou: 0.6780 | f1_macro: 0.7736 | pixel_accuracy: 0.9446 | val_loss: 0.2594
Epoch 276/1000 | train_loss: 0.3285 | miou: 0.6789 | f1_macro: 0.7770 | pixel_accuracy: 0.9408 | val_loss: 0.2655
Epoch 277/1000 | train_loss: 0.3515 | miou: 0.6687 | f1_macro: 0.7672 | pixel_accuracy: 0.9368 | val_loss: 0.2801
Epoch 278/1000 | train_loss: 0.3366 | miou: 0.6636 | f1_macro: 0.7613 | pixel_accuracy: 0.9376 | val_loss: 0.2761
Epoch 279/1000 | train_loss: 0.3747 | miou: 0.6643 | f1_macro: 0.7620 | pixel_accuracy: 0.9377 | val_loss: 0.2791
Epoch 280/1000 | train_loss: 0.3581 | miou: 0.6546 | f1_macro: 0.7520 | pixel_accuracy: 0.9334 | val_loss: 0.3078
Epoch 281/1000 | train_loss: 0.3441 | miou: 0.6490 | f1_macro: 0.7469 | pixel_accuracy: 0.9308 | val_loss: 0.3243
Epoch 282/1000 | train_loss: 0.3295 | miou: 0.6528 | f1_macro: 0.7515 | pixel_accuracy: 0.9325 | val_loss: 0.3133
Epoch 283/1000 | train_loss: 0.3486 | miou: 0.6631 | f1_macro: 0.7613 | pixel_accuracy: 0.9369 | val_loss: 0.2936
Epoch 284/1000 | train_loss: 0.3596 | miou: 0.6694 | f1_macro: 0.7671 | pixel_accuracy: 0.9392 | val_loss: 0.2845
Epoch 285/1000 | train_loss: 0.3662 | miou: 0.6569 | f1_macro: 0.7577 | pixel_accuracy: 0.9299 | val_loss: 0.3208
Epoch 286/1000 | train_loss: 0.3509 | miou: 0.6582 | f1_macro: 0.7595 | pixel_accuracy: 0.9298 | val_loss: 0.3159
Epoch 287/1000 | train_loss: 0.3362 | miou: 0.6617 | f1_macro: 0.7629 | pixel_accuracy: 0.9297 | val_loss: 0.3108
Epoch 288/1000 | train_loss: 0.3318 | miou: 0.6544 | f1_macro: 0.7515 | pixel_accuracy: 0.9336 | val_loss: 0.3066
Epoch 289/1000 | train_loss: 0.3308 | miou: 0.6433 | f1_macro: 0.7370 | pixel_accuracy: 0.9331 | val_loss: 0.3134
Epoch 290/1000 | train_loss: 0.3696 | miou: 0.6488 | f1_macro: 0.7407 | pixel_accuracy: 0.9366 | val_loss: 0.2935
Epoch 291/1000 | train_loss: 0.3668 | miou: 0.6543 | f1_macro: 0.7451 | pixel_accuracy: 0.9401 | val_loss: 0.2700
Epoch 292/1000 | train_loss: 0.3521 | miou: 0.6668 | f1_macro: 0.7620 | pixel_accuracy: 0.9399 | val_loss: 0.2683
Epoch 293/1000 | train_loss: 0.3660 | miou: 0.6701 | f1_macro: 0.7675 | pixel_accuracy: 0.9389 | val_loss: 0.2805
Epoch 294/1000 | train_loss: 0.3153 | miou: 0.6695 | f1_macro: 0.7671 | pixel_accuracy: 0.9384 | val_loss: 0.2894
Epoch 295/1000 | train_loss: 0.3642 | miou: 0.6703 | f1_macro: 0.7683 | pixel_accuracy: 0.9386 | val_loss: 0.2821
Epoch 296/1000 | train_loss: 0.3160 | miou: 0.6684 | f1_macro: 0.7657 | pixel_accuracy: 0.9383 | val_loss: 0.2863
Epoch 297/1000 | train_loss: 0.3120 | miou: 0.6641 | f1_macro: 0.7616 | pixel_accuracy: 0.9369 | val_loss: 0.2996
Epoch 298/1000 | train_loss: 0.2941 | miou: 0.6686 | f1_macro: 0.7668 | pixel_accuracy: 0.9375 | val_loss: 0.2895
Epoch 299/1000 | train_loss: 0.3493 | miou: 0.6691 | f1_macro: 0.7691 | pixel_accuracy: 0.9366 | val_loss: 0.2747
Epoch 300/1000 | train_loss: 0.3127 | miou: 0.6702 | f1_macro: 0.7688 | pixel_accuracy: 0.9389 | val_loss: 0.2854
Epoch 301/1000 | train_loss: 0.3523 | miou: 0.6684 | f1_macro: 0.7641 | pixel_accuracy: 0.9426 | val_loss: 0.2776
Epoch 302/1000 | train_loss: 0.3383 | miou: 0.6661 | f1_macro: 0.7607 | pixel_accuracy: 0.9429 | val_loss: 0.2813
Epoch 303/1000 | train_loss: 0.4002 | miou: 0.6658 | f1_macro: 0.7615 | pixel_accuracy: 0.9419 | val_loss: 0.2864
Epoch 304/1000 | train_loss: 0.3639 | miou: 0.6705 | f1_macro: 0.7684 | pixel_accuracy: 0.9416 | val_loss: 0.2649
Epoch 305/1000 | train_loss: 0.3821 | miou: 0.6726 | f1_macro: 0.7720 | pixel_accuracy: 0.9392 | val_loss: 0.2419
Epoch 306/1000 | train_loss: 0.3868 | miou: 0.6705 | f1_macro: 0.7703 | pixel_accuracy: 0.9380 | val_loss: 0.2488
Epoch 307/1000 | train_loss: 0.3484 | miou: 0.6799 | f1_macro: 0.7782 | pixel_accuracy: 0.9408 | val_loss: 0.2634
Epoch 308/1000 | train_loss: 0.3298 | miou: 0.6669 | f1_macro: 0.7629 | pixel_accuracy: 0.9407 | val_loss: 0.2870
Epoch 309/1000 | train_loss: 0.3326 | miou: 0.6612 | f1_macro: 0.7571 | pixel_accuracy: 0.9399 | val_loss: 0.2942
Epoch 310/1000 | train_loss: 0.3725 | miou: 0.6666 | f1_macro: 0.7626 | pixel_accuracy: 0.9415 | val_loss: 0.2774
Epoch 311/1000 | train_loss: 0.3689 | miou: 0.6642 | f1_macro: 0.7611 | pixel_accuracy: 0.9413 | val_loss: 0.2669
Epoch 312/1000 | train_loss: 0.3663 | miou: 0.6693 | f1_macro: 0.7668 | pixel_accuracy: 0.9406 | val_loss: 0.2615
Epoch 313/1000 | train_loss: 0.3520 | miou: 0.6649 | f1_macro: 0.7630 | pixel_accuracy: 0.9383 | val_loss: 0.2721
Epoch 314/1000 | train_loss: 0.3471 | miou: 0.6637 | f1_macro: 0.7621 | pixel_accuracy: 0.9371 | val_loss: 0.2782
Epoch 315/1000 | train_loss: 0.3390 | miou: 0.6652 | f1_macro: 0.7640 | pixel_accuracy: 0.9372 | val_loss: 0.2764
Epoch 316/1000 | train_loss: 0.3317 | miou: 0.6689 | f1_macro: 0.7679 | pixel_accuracy: 0.9380 | val_loss: 0.2680
Epoch 317/1000 | train_loss: 0.3092 | miou: 0.6698 | f1_macro: 0.7689 | pixel_accuracy: 0.9379 | val_loss: 0.2648
Epoch 318/1000 | train_loss: 0.3246 | miou: 0.6564 | f1_macro: 0.7540 | pixel_accuracy: 0.9361 | val_loss: 0.2723
Epoch 319/1000 | train_loss: 0.3359 | miou: 0.6565 | f1_macro: 0.7528 | pixel_accuracy: 0.9355 | val_loss: 0.2929
Epoch 320/1000 | train_loss: 0.3499 | miou: 0.6536 | f1_macro: 0.7495 | pixel_accuracy: 0.9348 | val_loss: 0.3107
Epoch 321/1000 | train_loss: 0.3138 | miou: 0.6605 | f1_macro: 0.7576 | pixel_accuracy: 0.9363 | val_loss: 0.3055
Epoch 322/1000 | train_loss: 0.3477 | miou: 0.6650 | f1_macro: 0.7641 | pixel_accuracy: 0.9359 | val_loss: 0.2817
Epoch 323/1000 | train_loss: 0.3613 | miou: 0.6631 | f1_macro: 0.7646 | pixel_accuracy: 0.9331 | val_loss: 0.2741
Epoch 324/1000 | train_loss: 0.3304 | miou: 0.6679 | f1_macro: 0.7687 | pixel_accuracy: 0.9369 | val_loss: 0.2720
Epoch 325/1000 | train_loss: 0.3646 | miou: 0.6779 | f1_macro: 0.7774 | pixel_accuracy: 0.9403 | val_loss: 0.2686
Epoch 326/1000 | train_loss: 0.3666 | miou: 0.6779 | f1_macro: 0.7764 | pixel_accuracy: 0.9415 | val_loss: 0.2687
Epoch 327/1000 | train_loss: 0.3410 | miou: 0.6678 | f1_macro: 0.7655 | pixel_accuracy: 0.9397 | val_loss: 0.2776
Epoch 328/1000 | train_loss: 0.3419 | miou: 0.6671 | f1_macro: 0.7642 | pixel_accuracy: 0.9391 | val_loss: 0.2764
Epoch 329/1000 | train_loss: 0.3287 | miou: 0.6691 | f1_macro: 0.7670 | pixel_accuracy: 0.9382 | val_loss: 0.2722
Epoch 330/1000 | train_loss: 0.3792 | miou: 0.6736 | f1_macro: 0.7712 | pixel_accuracy: 0.9409 | val_loss: 0.2587
Epoch 331/1000 | train_loss: 0.3129 | miou: 0.6694 | f1_macro: 0.7667 | pixel_accuracy: 0.9395 | val_loss: 0.2655
Epoch 332/1000 | train_loss: 0.3656 | miou: 0.6708 | f1_macro: 0.7671 | pixel_accuracy: 0.9417 | val_loss: 0.2621
Epoch 333/1000 | train_loss: 0.3318 | miou: 0.6753 | f1_macro: 0.7696 | pixel_accuracy: 0.9462 | val_loss: 0.2524
Epoch 334/1000 | train_loss: 0.3012 | miou: 0.6771 | f1_macro: 0.7740 | pixel_accuracy: 0.9456 | val_loss: 0.2499
Epoch 335/1000 | train_loss: 0.3741 | miou: 0.6800 | f1_macro: 0.7760 | pixel_accuracy: 0.9467 | val_loss: 0.2486
Epoch 336/1000 | train_loss: 0.3280 | miou: 0.6783 | f1_macro: 0.7745 | pixel_accuracy: 0.9434 | val_loss: 0.2662
Epoch 337/1000 | train_loss: 0.3245 | miou: 0.6782 | f1_macro: 0.7746 | pixel_accuracy: 0.9432 | val_loss: 0.2764
Epoch 338/1000 | train_loss: 0.3109 | miou: 0.6787 | f1_macro: 0.7752 | pixel_accuracy: 0.9439 | val_loss: 0.2743
Epoch 339/1000 | train_loss: 0.4084 | miou: 0.6760 | f1_macro: 0.7724 | pixel_accuracy: 0.9430 | val_loss: 0.2779
Epoch 340/1000 | train_loss: 0.3369 | miou: 0.6753 | f1_macro: 0.7729 | pixel_accuracy: 0.9404 | val_loss: 0.2998
Epoch 341/1000 | train_loss: 0.3336 | miou: 0.6698 | f1_macro: 0.7667 | pixel_accuracy: 0.9404 | val_loss: 0.3017
Epoch 342/1000 | train_loss: 0.3211 | miou: 0.6668 | f1_macro: 0.7651 | pixel_accuracy: 0.9376 | val_loss: 0.3039
Epoch 343/1000 | train_loss: 0.3237 | miou: 0.6754 | f1_macro: 0.7745 | pixel_accuracy: 0.9393 | val_loss: 0.2809
Epoch 344/1000 | train_loss: 0.3292 | miou: 0.6713 | f1_macro: 0.7695 | pixel_accuracy: 0.9390 | val_loss: 0.2878
Epoch 345/1000 | train_loss: 0.3861 | miou: 0.6647 | f1_macro: 0.7628 | pixel_accuracy: 0.9371 | val_loss: 0.2923
Epoch 346/1000 | train_loss: 0.3268 | miou: 0.6663 | f1_macro: 0.7651 | pixel_accuracy: 0.9358 | val_loss: 0.2995
Epoch 347/1000 | train_loss: 0.3116 | miou: 0.6632 | f1_macro: 0.7618 | pixel_accuracy: 0.9334 | val_loss: 0.3038
Epoch 348/1000 | train_loss: 0.3395 | miou: 0.6687 | f1_macro: 0.7677 | pixel_accuracy: 0.9359 | val_loss: 0.2822
Epoch 349/1000 | train_loss: 0.3098 | miou: 0.6670 | f1_macro: 0.7657 | pixel_accuracy: 0.9369 | val_loss: 0.2832
Epoch 350/1000 | train_loss: 0.3446 | miou: 0.6662 | f1_macro: 0.7634 | pixel_accuracy: 0.9388 | val_loss: 0.2896
Epoch 351/1000 | train_loss: 0.3388 | miou: 0.6709 | f1_macro: 0.7677 | pixel_accuracy: 0.9404 | val_loss: 0.2661
Epoch 352/1000 | train_loss: 0.4019 | miou: 0.6789 | f1_macro: 0.7768 | pixel_accuracy: 0.9434 | val_loss: 0.2432
Epoch 353/1000 | train_loss: 0.3303 | miou: 0.6786 | f1_macro: 0.7768 | pixel_accuracy: 0.9429 | val_loss: 0.2385
Epoch 354/1000 | train_loss: 0.3220 | miou: 0.6806 | f1_macro: 0.7785 | pixel_accuracy: 0.9434 | val_loss: 0.2375
Epoch 355/1000 | train_loss: 0.3177 | miou: 0.6846 | f1_macro: 0.7816 | pixel_accuracy: 0.9452 | val_loss: 0.2317
Epoch 356/1000 | train_loss: 0.3212 | miou: 0.6686 | f1_macro: 0.7642 | pixel_accuracy: 0.9405 | val_loss: 0.2841
Epoch 357/1000 | train_loss: 0.3386 | miou: 0.6829 | f1_macro: 0.7793 | pixel_accuracy: 0.9463 | val_loss: 0.2509
Epoch 358/1000 | train_loss: 0.3400 | miou: 0.6772 | f1_macro: 0.7741 | pixel_accuracy: 0.9432 | val_loss: 0.2668
Epoch 359/1000 | train_loss: 0.3096 | miou: 0.6735 | f1_macro: 0.7696 | pixel_accuracy: 0.9432 | val_loss: 0.2721
Epoch 360/1000 | train_loss: 0.3903 | miou: 0.6726 | f1_macro: 0.7673 | pixel_accuracy: 0.9442 | val_loss: 0.2710
Epoch 361/1000 | train_loss: 0.2999 | miou: 0.6711 | f1_macro: 0.7673 | pixel_accuracy: 0.9392 | val_loss: 0.2839
Epoch 362/1000 | train_loss: 0.3908 | miou: 0.6680 | f1_macro: 0.7667 | pixel_accuracy: 0.9365 | val_loss: 0.2811
Epoch 363/1000 | train_loss: 0.3299 | miou: 0.6791 | f1_macro: 0.7786 | pixel_accuracy: 0.9402 | val_loss: 0.2633
Epoch 364/1000 | train_loss: 0.3573 | miou: 0.6874 | f1_macro: 0.7856 | pixel_accuracy: 0.9436 | val_loss: 0.2531
Epoch 365/1000 | train_loss: 0.3828 | miou: 0.6834 | f1_macro: 0.7807 | pixel_accuracy: 0.9443 | val_loss: 0.2711
Epoch 366/1000 | train_loss: 0.3315 | miou: 0.6842 | f1_macro: 0.7811 | pixel_accuracy: 0.9451 | val_loss: 0.2676
Epoch 367/1000 | train_loss: 0.3244 | miou: 0.6731 | f1_macro: 0.7715 | pixel_accuracy: 0.9407 | val_loss: 0.2739
Epoch 368/1000 | train_loss: 0.3233 | miou: 0.6705 | f1_macro: 0.7690 | pixel_accuracy: 0.9384 | val_loss: 0.2836
Epoch 369/1000 | train_loss: 0.3607 | miou: 0.6667 | f1_macro: 0.7647 | pixel_accuracy: 0.9383 | val_loss: 0.2866
Epoch 370/1000 | train_loss: 0.3864 | miou: 0.6676 | f1_macro: 0.7652 | pixel_accuracy: 0.9373 | val_loss: 0.2894
Epoch 371/1000 | train_loss: 0.3411 | miou: 0.6690 | f1_macro: 0.7669 | pixel_accuracy: 0.9375 | val_loss: 0.2997
Epoch 372/1000 | train_loss: 0.3810 | miou: 0.6735 | f1_macro: 0.7710 | pixel_accuracy: 0.9402 | val_loss: 0.2856
Epoch 373/1000 | train_loss: 0.3477 | miou: 0.6803 | f1_macro: 0.7778 | pixel_accuracy: 0.9424 | val_loss: 0.2708
Epoch 374/1000 | train_loss: 0.3411 | miou: 0.6793 | f1_macro: 0.7782 | pixel_accuracy: 0.9402 | val_loss: 0.2708
Epoch 375/1000 | train_loss: 0.3693 | miou: 0.6696 | f1_macro: 0.7690 | pixel_accuracy: 0.9352 | val_loss: 0.2923
Epoch 376/1000 | train_loss: 0.3376 | miou: 0.6721 | f1_macro: 0.7725 | pixel_accuracy: 0.9343 | val_loss: 0.2906
Epoch 377/1000 | train_loss: 0.3261 | miou: 0.6707 | f1_macro: 0.7697 | pixel_accuracy: 0.9354 | val_loss: 0.2958
Epoch 378/1000 | train_loss: 0.3144 | miou: 0.6663 | f1_macro: 0.7658 | pixel_accuracy: 0.9359 | val_loss: 0.2947
Epoch 379/1000 | train_loss: 0.3270 | miou: 0.6679 | f1_macro: 0.7662 | pixel_accuracy: 0.9378 | val_loss: 0.2910
Epoch 380/1000 | train_loss: 0.3355 | miou: 0.6704 | f1_macro: 0.7688 | pixel_accuracy: 0.9384 | val_loss: 0.2881
Epoch 381/1000 | train_loss: 0.3805 | miou: 0.6782 | f1_macro: 0.7764 | pixel_accuracy: 0.9415 | val_loss: 0.2604
Epoch 382/1000 | train_loss: 0.3269 | miou: 0.6790 | f1_macro: 0.7769 | pixel_accuracy: 0.9426 | val_loss: 0.2572
Epoch 383/1000 | train_loss: 0.3298 | miou: 0.6810 | f1_macro: 0.7789 | pixel_accuracy: 0.9421 | val_loss: 0.2627
Epoch 384/1000 | train_loss: 0.3318 | miou: 0.6857 | f1_macro: 0.7840 | pixel_accuracy: 0.9416 | val_loss: 0.2699
Epoch 385/1000 | train_loss: 0.3578 | miou: 0.6870 | f1_macro: 0.7857 | pixel_accuracy: 0.9422 | val_loss: 0.2735
Epoch 386/1000 | train_loss: 0.2867 | miou: 0.6729 | f1_macro: 0.7733 | pixel_accuracy: 0.9368 | val_loss: 0.2956
Epoch 387/1000 | train_loss: 0.3606 | miou: 0.6790 | f1_macro: 0.7772 | pixel_accuracy: 0.9407 | val_loss: 0.2814
Epoch 388/1000 | train_loss: 0.3211 | miou: 0.6798 | f1_macro: 0.7756 | pixel_accuracy: 0.9446 | val_loss: 0.2656
Epoch 389/1000 | train_loss: 0.3115 | miou: 0.6791 | f1_macro: 0.7751 | pixel_accuracy: 0.9433 | val_loss: 0.2738
Epoch 390/1000 | train_loss: 0.3297 | miou: 0.6753 | f1_macro: 0.7717 | pixel_accuracy: 0.9421 | val_loss: 0.2787
Epoch 391/1000 | train_loss: 0.3753 | miou: 0.6787 | f1_macro: 0.7756 | pixel_accuracy: 0.9431 | val_loss: 0.2712
Epoch 392/1000 | train_loss: 0.3334 | miou: 0.6854 | f1_macro: 0.7829 | pixel_accuracy: 0.9441 | val_loss: 0.2686
Epoch 393/1000 | train_loss: 0.3794 | miou: 0.6859 | f1_macro: 0.7835 | pixel_accuracy: 0.9436 | val_loss: 0.2605
Epoch 394/1000 | train_loss: 0.3060 | miou: 0.6830 | f1_macro: 0.7808 | pixel_accuracy: 0.9424 | val_loss: 0.2693
Epoch 395/1000 | train_loss: 0.2961 | miou: 0.6829 | f1_macro: 0.7806 | pixel_accuracy: 0.9429 | val_loss: 0.2573
Epoch 396/1000 | train_loss: 0.3200 | miou: 0.6852 | f1_macro: 0.7825 | pixel_accuracy: 0.9446 | val_loss: 0.2603
Epoch 397/1000 | train_loss: 0.3556 | miou: 0.6879 | f1_macro: 0.7845 | pixel_accuracy: 0.9455 | val_loss: 0.2590
Epoch 398/1000 | train_loss: 0.3260 | miou: 0.6822 | f1_macro: 0.7813 | pixel_accuracy: 0.9410 | val_loss: 0.2863
Epoch 399/1000 | train_loss: 0.3600 | miou: 0.6704 | f1_macro: 0.7724 | pixel_accuracy: 0.9331 | val_loss: 0.3103
Epoch 400/1000 | train_loss: 0.3672 | miou: 0.6501 | f1_macro: 0.7577 | pixel_accuracy: 0.9181 | val_loss: 0.3636
Epoch 401/1000 | train_loss: 0.2996 | miou: 0.6668 | f1_macro: 0.7679 | pixel_accuracy: 0.9299 | val_loss: 0.3365
Epoch 402/1000 | train_loss: 0.3445 | miou: 0.6638 | f1_macro: 0.7667 | pixel_accuracy: 0.9261 | val_loss: 0.3475
Epoch 403/1000 | train_loss: 0.3123 | miou: 0.6631 | f1_macro: 0.7673 | pixel_accuracy: 0.9234 | val_loss: 0.3382
Epoch 404/1000 | train_loss: 0.3184 | miou: 0.6556 | f1_macro: 0.7632 | pixel_accuracy: 0.9142 | val_loss: 0.3721
Epoch 405/1000 | train_loss: 0.3722 | miou: 0.6603 | f1_macro: 0.7659 | pixel_accuracy: 0.9202 | val_loss: 0.3543
Epoch 406/1000 | train_loss: 0.3635 | miou: 0.6634 | f1_macro: 0.7685 | pixel_accuracy: 0.9223 | val_loss: 0.3320
Epoch 407/1000 | train_loss: 0.3080 | miou: 0.6717 | f1_macro: 0.7779 | pixel_accuracy: 0.9229 | val_loss: 0.3199
Epoch 408/1000 | train_loss: 0.3298 | miou: 0.6765 | f1_macro: 0.7782 | pixel_accuracy: 0.9335 | val_loss: 0.2956
Epoch 409/1000 | train_loss: 0.3017 | miou: 0.6700 | f1_macro: 0.7720 | pixel_accuracy: 0.9343 | val_loss: 0.3013
Epoch 410/1000 | train_loss: 0.3735 | miou: 0.6776 | f1_macro: 0.7756 | pixel_accuracy: 0.9381 | val_loss: 0.2929
Epoch 411/1000 | train_loss: 0.3557 | miou: 0.6754 | f1_macro: 0.7734 | pixel_accuracy: 0.9393 | val_loss: 0.3046
Epoch 412/1000 | train_loss: 0.3308 | miou: 0.6713 | f1_macro: 0.7709 | pixel_accuracy: 0.9380 | val_loss: 0.3135
Epoch 413/1000 | train_loss: 0.3070 | miou: 0.6682 | f1_macro: 0.7661 | pixel_accuracy: 0.9382 | val_loss: 0.2999
Epoch 414/1000 | train_loss: 0.3928 | miou: 0.6713 | f1_macro: 0.7681 | pixel_accuracy: 0.9402 | val_loss: 0.2793
Epoch 415/1000 | train_loss: 0.3387 | miou: 0.6652 | f1_macro: 0.7632 | pixel_accuracy: 0.9373 | val_loss: 0.3058
Epoch 416/1000 | train_loss: 0.3085 | miou: 0.6649 | f1_macro: 0.7634 | pixel_accuracy: 0.9359 | val_loss: 0.3108
Epoch 417/1000 | train_loss: 0.3219 | miou: 0.6802 | f1_macro: 0.7790 | pixel_accuracy: 0.9439 | val_loss: 0.2668
Epoch 418/1000 | train_loss: 0.3203 | miou: 0.6886 | f1_macro: 0.7869 | pixel_accuracy: 0.9448 | val_loss: 0.2536
Epoch 419/1000 | train_loss: 0.3097 | miou: 0.6791 | f1_macro: 0.7774 | pixel_accuracy: 0.9419 | val_loss: 0.2646
Epoch 420/1000 | train_loss: 0.3596 | miou: 0.6577 | f1_macro: 0.7572 | pixel_accuracy: 0.9368 | val_loss: 0.3026
Epoch 421/1000 | train_loss: 0.3557 | miou: 0.6726 | f1_macro: 0.7707 | pixel_accuracy: 0.9402 | val_loss: 0.2824
Epoch 422/1000 | train_loss: 0.3294 | miou: 0.6815 | f1_macro: 0.7797 | pixel_accuracy: 0.9420 | val_loss: 0.2585
Epoch 423/1000 | train_loss: 0.3425 | miou: 0.6728 | f1_macro: 0.7718 | pixel_accuracy: 0.9363 | val_loss: 0.2937
Epoch 424/1000 | train_loss: 0.3472 | miou: 0.6780 | f1_macro: 0.7770 | pixel_accuracy: 0.9380 | val_loss: 0.2770
Epoch 425/1000 | train_loss: 0.3334 | miou: 0.6804 | f1_macro: 0.7787 | pixel_accuracy: 0.9390 | val_loss: 0.2594
Epoch 426/1000 | train_loss: 0.3487 | miou: 0.6764 | f1_macro: 0.7738 | pixel_accuracy: 0.9393 | val_loss: 0.2759
Epoch 427/1000 | train_loss: 0.3009 | miou: 0.6666 | f1_macro: 0.7636 | pixel_accuracy: 0.9380 | val_loss: 0.3010
Epoch 428/1000 | train_loss: 0.3355 | miou: 0.6756 | f1_macro: 0.7727 | pixel_accuracy: 0.9409 | val_loss: 0.2797
Epoch 429/1000 | train_loss: 0.3256 | miou: 0.6771 | f1_macro: 0.7735 | pixel_accuracy: 0.9442 | val_loss: 0.2574
Epoch 430/1000 | train_loss: 0.3355 | miou: 0.6745 | f1_macro: 0.7699 | pixel_accuracy: 0.9444 | val_loss: 0.2620
Epoch 431/1000 | train_loss: 0.3315 | miou: 0.6686 | f1_macro: 0.7653 | pixel_accuracy: 0.9408 | val_loss: 0.2850
Epoch 432/1000 | train_loss: 0.3188 | miou: 0.6605 | f1_macro: 0.7585 | pixel_accuracy: 0.9352 | val_loss: 0.3105
Epoch 433/1000 | train_loss: 0.3130 | miou: 0.6674 | f1_macro: 0.7647 | pixel_accuracy: 0.9372 | val_loss: 0.2924
Epoch 434/1000 | train_loss: 0.3553 | miou: 0.6721 | f1_macro: 0.7693 | pixel_accuracy: 0.9402 | val_loss: 0.2746
Epoch 435/1000 | train_loss: 0.3572 | miou: 0.6731 | f1_macro: 0.7708 | pixel_accuracy: 0.9412 | val_loss: 0.2714
Epoch 436/1000 | train_loss: 0.3309 | miou: 0.6892 | f1_macro: 0.7863 | pixel_accuracy: 0.9441 | val_loss: 0.2591
Epoch 437/1000 | train_loss: 0.3547 | miou: 0.6900 | f1_macro: 0.7877 | pixel_accuracy: 0.9445 | val_loss: 0.2526
Epoch 438/1000 | train_loss: 0.3196 | miou: 0.6804 | f1_macro: 0.7803 | pixel_accuracy: 0.9387 | val_loss: 0.2751
Epoch 439/1000 | train_loss: 0.3074 | miou: 0.6819 | f1_macro: 0.7805 | pixel_accuracy: 0.9402 | val_loss: 0.2653
Epoch 440/1000 | train_loss: 0.2893 | miou: 0.6792 | f1_macro: 0.7760 | pixel_accuracy: 0.9421 | val_loss: 0.2876
Epoch 441/1000 | train_loss: 0.3140 | miou: 0.6670 | f1_macro: 0.7627 | pixel_accuracy: 0.9386 | val_loss: 0.3144
Epoch 442/1000 | train_loss: 0.3591 | miou: 0.6724 | f1_macro: 0.7677 | pixel_accuracy: 0.9410 | val_loss: 0.2898
Epoch 443/1000 | train_loss: 0.3504 | miou: 0.6760 | f1_macro: 0.7720 | pixel_accuracy: 0.9425 | val_loss: 0.2754
Epoch 444/1000 | train_loss: 0.3933 | miou: 0.6675 | f1_macro: 0.7669 | pixel_accuracy: 0.9335 | val_loss: 0.3126
Epoch 445/1000 | train_loss: 0.3720 | miou: 0.6648 | f1_macro: 0.7662 | pixel_accuracy: 0.9309 | val_loss: 0.3073
Epoch 446/1000 | train_loss: 0.3405 | miou: 0.6756 | f1_macro: 0.7778 | pixel_accuracy: 0.9331 | val_loss: 0.3035
Epoch 447/1000 | train_loss: 0.3841 | miou: 0.6823 | f1_macro: 0.7816 | pixel_accuracy: 0.9390 | val_loss: 0.3003
Epoch 448/1000 | train_loss: 0.3557 | miou: 0.6707 | f1_macro: 0.7696 | pixel_accuracy: 0.9351 | val_loss: 0.3300
Epoch 449/1000 | train_loss: 0.3773 | miou: 0.6678 | f1_macro: 0.7667 | pixel_accuracy: 0.9355 | val_loss: 0.3332
Epoch 450/1000 | train_loss: 0.3509 | miou: 0.6650 | f1_macro: 0.7625 | pixel_accuracy: 0.9345 | val_loss: 0.3362
Epoch 451/1000 | train_loss: 0.3460 | miou: 0.6677 | f1_macro: 0.7645 | pixel_accuracy: 0.9364 | val_loss: 0.3227
Epoch 452/1000 | train_loss: 0.3503 | miou: 0.6629 | f1_macro: 0.7591 | pixel_accuracy: 0.9371 | val_loss: 0.3236
Epoch 453/1000 | train_loss: 0.3362 | miou: 0.6621 | f1_macro: 0.7585 | pixel_accuracy: 0.9366 | val_loss: 0.3204
Epoch 454/1000 | train_loss: 0.3300 | miou: 0.6652 | f1_macro: 0.7610 | pixel_accuracy: 0.9382 | val_loss: 0.3111
Epoch 455/1000 | train_loss: 0.3407 | miou: 0.6580 | f1_macro: 0.7571 | pixel_accuracy: 0.9304 | val_loss: 0.3372
Early stopping at epoch 455 (patience=100)
Training complete. Best val_loss: 0.2317
Training complete for deeplabv3plus-d83
