==========================================
Job ID: 3160360
Node: gput064
GPU: 0
Experiment: configs/experiment/deeplabv3plus_merged.yaml
Run Name: deeplabv3plus-merged
==========================================
Sun Feb 22 13:10:27 2026       
+-----------------------------------------------------------------------------------------+
| NVIDIA-SMI 570.158.01             Driver Version: 570.158.01     CUDA Version: 12.8     |
|-----------------------------------------+------------------------+----------------------+
| GPU  Name                 Persistence-M | Bus-Id          Disp.A | Volatile Uncorr. ECC |
| Fan  Temp   Perf          Pwr:Usage/Cap |           Memory-Usage | GPU-Util  Compute M. |
|                                         |                        |               MIG M. |
|=========================================+========================+======================|
|   0  NVIDIA L40S                    On  |   00000000:CA:00.0 Off |                    0 |
| N/A   27C    P8             32W /  350W |       0MiB /  46068MiB |      0%      Default |
|                                         |                        |                  N/A |
+-----------------------------------------+------------------------+----------------------+
                                                                                         
+-----------------------------------------------------------------------------------------+
| Processes:                                                                              |
|  GPU   GI   CI              PID   Type   Process name                        GPU Memory |
|        ID   ID                                                               Usage      |
|=========================================================================================|
|  No running processes found                                                             |
+-----------------------------------------------------------------------------------------+
Split: 110 train / 20 val (from 130 total)
Model: deeplabv3plus
Trainable parameters: 58,627,142
Epoch 1/1000 | train_loss: 1.1853 | miou: 0.3960 | f1_macro: 0.5076 | pixel_accuracy: 0.7357 | val_loss: 0.8689
Epoch 2/1000 | train_loss: 0.9348 | miou: 0.5230 | f1_macro: 0.6406 | pixel_accuracy: 0.8156 | val_loss: 0.6493
Epoch 3/1000 | train_loss: 0.7583 | miou: 0.5973 | f1_macro: 0.7136 | pixel_accuracy: 0.8652 | val_loss: 0.4887
Epoch 4/1000 | train_loss: 0.6849 | miou: 0.6443 | f1_macro: 0.7583 | pixel_accuracy: 0.8830 | val_loss: 0.4350
Epoch 5/1000 | train_loss: 0.6586 | miou: 0.6399 | f1_macro: 0.7543 | pixel_accuracy: 0.8810 | val_loss: 0.4290
Epoch 6/1000 | train_loss: 0.6097 | miou: 0.6540 | f1_macro: 0.7656 | pixel_accuracy: 0.8866 | val_loss: 0.3797
Epoch 7/1000 | train_loss: 0.5673 | miou: 0.6501 | f1_macro: 0.7635 | pixel_accuracy: 0.8875 | val_loss: 0.3957
Epoch 8/1000 | train_loss: 0.5422 | miou: 0.6422 | f1_macro: 0.7539 | pixel_accuracy: 0.8855 | val_loss: 0.3875
Epoch 9/1000 | train_loss: 0.5394 | miou: 0.7086 | f1_macro: 0.8125 | pixel_accuracy: 0.9139 | val_loss: 0.3215
Epoch 10/1000 | train_loss: 0.5239 | miou: 0.6943 | f1_macro: 0.8009 | pixel_accuracy: 0.9032 | val_loss: 0.3402
Epoch 11/1000 | train_loss: 0.5461 | miou: 0.6984 | f1_macro: 0.8022 | pixel_accuracy: 0.9133 | val_loss: 0.3179
Epoch 12/1000 | train_loss: 0.5303 | miou: 0.6859 | f1_macro: 0.7923 | pixel_accuracy: 0.9094 | val_loss: 0.3404
Epoch 13/1000 | train_loss: 0.4913 | miou: 0.7063 | f1_macro: 0.8070 | pixel_accuracy: 0.9173 | val_loss: 0.3153
Epoch 14/1000 | train_loss: 0.4722 | miou: 0.7205 | f1_macro: 0.8208 | pixel_accuracy: 0.9213 | val_loss: 0.2984
Epoch 15/1000 | train_loss: 0.4765 | miou: 0.7063 | f1_macro: 0.8114 | pixel_accuracy: 0.9114 | val_loss: 0.3093
Epoch 16/1000 | train_loss: 0.4952 | miou: 0.7293 | f1_macro: 0.8300 | pixel_accuracy: 0.9182 | val_loss: 0.2798
Epoch 17/1000 | train_loss: 0.4731 | miou: 0.7168 | f1_macro: 0.8209 | pixel_accuracy: 0.9150 | val_loss: 0.3070
Epoch 18/1000 | train_loss: 0.4654 | miou: 0.7236 | f1_macro: 0.8239 | pixel_accuracy: 0.9204 | val_loss: 0.2996
Epoch 19/1000 | train_loss: 0.4379 | miou: 0.7091 | f1_macro: 0.8129 | pixel_accuracy: 0.9139 | val_loss: 0.3064
Epoch 20/1000 | train_loss: 0.4385 | miou: 0.7112 | f1_macro: 0.8152 | pixel_accuracy: 0.9136 | val_loss: 0.3100
Epoch 21/1000 | train_loss: 0.4509 | miou: 0.6844 | f1_macro: 0.7904 | pixel_accuracy: 0.9065 | val_loss: 0.3214
Epoch 22/1000 | train_loss: 0.4440 | miou: 0.7399 | f1_macro: 0.8387 | pixel_accuracy: 0.9212 | val_loss: 0.2743
Epoch 23/1000 | train_loss: 0.4362 | miou: 0.7022 | f1_macro: 0.8049 | pixel_accuracy: 0.9163 | val_loss: 0.2963
Epoch 24/1000 | train_loss: 0.4384 | miou: 0.7384 | f1_macro: 0.8365 | pixel_accuracy: 0.9246 | val_loss: 0.2777
Epoch 25/1000 | train_loss: 0.4450 | miou: 0.7245 | f1_macro: 0.8272 | pixel_accuracy: 0.9129 | val_loss: 0.2979
Epoch 26/1000 | train_loss: 0.4267 | miou: 0.7269 | f1_macro: 0.8281 | pixel_accuracy: 0.9194 | val_loss: 0.3095
Epoch 27/1000 | train_loss: 0.4129 | miou: 0.7379 | f1_macro: 0.8343 | pixel_accuracy: 0.9278 | val_loss: 0.2734
Epoch 28/1000 | train_loss: 0.4180 | miou: 0.7145 | f1_macro: 0.8168 | pixel_accuracy: 0.9142 | val_loss: 0.3054
Epoch 29/1000 | train_loss: 0.4304 | miou: 0.7351 | f1_macro: 0.8338 | pixel_accuracy: 0.9240 | val_loss: 0.2641
Epoch 30/1000 | train_loss: 0.4342 | miou: 0.7352 | f1_macro: 0.8354 | pixel_accuracy: 0.9208 | val_loss: 0.2879
Epoch 31/1000 | train_loss: 0.4205 | miou: 0.7483 | f1_macro: 0.8434 | pixel_accuracy: 0.9287 | val_loss: 0.2604
Epoch 32/1000 | train_loss: 0.4052 | miou: 0.7497 | f1_macro: 0.8444 | pixel_accuracy: 0.9290 | val_loss: 0.2615
Epoch 33/1000 | train_loss: 0.4176 | miou: 0.7564 | f1_macro: 0.8494 | pixel_accuracy: 0.9326 | val_loss: 0.2436
Epoch 34/1000 | train_loss: 0.3988 | miou: 0.7284 | f1_macro: 0.8282 | pixel_accuracy: 0.9227 | val_loss: 0.2900
Epoch 35/1000 | train_loss: 0.3983 | miou: 0.7196 | f1_macro: 0.8200 | pixel_accuracy: 0.9162 | val_loss: 0.2987
Epoch 36/1000 | train_loss: 0.4026 | miou: 0.7347 | f1_macro: 0.8322 | pixel_accuracy: 0.9245 | val_loss: 0.2737
Epoch 37/1000 | train_loss: 0.3911 | miou: 0.7316 | f1_macro: 0.8338 | pixel_accuracy: 0.9144 | val_loss: 0.2838
Epoch 38/1000 | train_loss: 0.3828 | miou: 0.7421 | f1_macro: 0.8391 | pixel_accuracy: 0.9264 | val_loss: 0.2707
Epoch 39/1000 | train_loss: 0.3866 | miou: 0.7500 | f1_macro: 0.8445 | pixel_accuracy: 0.9298 | val_loss: 0.2602
Epoch 40/1000 | train_loss: 0.3803 | miou: 0.7518 | f1_macro: 0.8451 | pixel_accuracy: 0.9331 | val_loss: 0.2333
Epoch 41/1000 | train_loss: 0.3927 | miou: 0.7571 | f1_macro: 0.8521 | pixel_accuracy: 0.9275 | val_loss: 0.2488
Epoch 42/1000 | train_loss: 0.3800 | miou: 0.7557 | f1_macro: 0.8487 | pixel_accuracy: 0.9338 | val_loss: 0.2338
Epoch 43/1000 | train_loss: 0.3795 | miou: 0.7538 | f1_macro: 0.8476 | pixel_accuracy: 0.9316 | val_loss: 0.2348
Epoch 44/1000 | train_loss: 0.3790 | miou: 0.7599 | f1_macro: 0.8515 | pixel_accuracy: 0.9359 | val_loss: 0.2437
Epoch 45/1000 | train_loss: 0.3625 | miou: 0.7533 | f1_macro: 0.8469 | pixel_accuracy: 0.9318 | val_loss: 0.2447
Epoch 46/1000 | train_loss: 0.3845 | miou: 0.7662 | f1_macro: 0.8572 | pixel_accuracy: 0.9346 | val_loss: 0.2341
Epoch 47/1000 | train_loss: 0.3830 | miou: 0.7643 | f1_macro: 0.8561 | pixel_accuracy: 0.9325 | val_loss: 0.2451
Epoch 48/1000 | train_loss: 0.3699 | miou: 0.7530 | f1_macro: 0.8468 | pixel_accuracy: 0.9325 | val_loss: 0.2511
Epoch 49/1000 | train_loss: 0.3697 | miou: 0.7543 | f1_macro: 0.8472 | pixel_accuracy: 0.9331 | val_loss: 0.2399
Epoch 50/1000 | train_loss: 0.3784 | miou: 0.7541 | f1_macro: 0.8478 | pixel_accuracy: 0.9311 | val_loss: 0.2480
Epoch 51/1000 | train_loss: 0.3827 | miou: 0.7625 | f1_macro: 0.8539 | pixel_accuracy: 0.9342 | val_loss: 0.2481
Epoch 52/1000 | train_loss: 0.3599 | miou: 0.7641 | f1_macro: 0.8551 | pixel_accuracy: 0.9364 | val_loss: 0.2281
Epoch 53/1000 | train_loss: 0.3468 | miou: 0.7650 | f1_macro: 0.8565 | pixel_accuracy: 0.9311 | val_loss: 0.2253
Epoch 54/1000 | train_loss: 0.3468 | miou: 0.7580 | f1_macro: 0.8510 | pixel_accuracy: 0.9334 | val_loss: 0.2484
Epoch 55/1000 | train_loss: 0.3669 | miou: 0.7705 | f1_macro: 0.8593 | pixel_accuracy: 0.9387 | val_loss: 0.2314
Epoch 56/1000 | train_loss: 0.3469 | miou: 0.7502 | f1_macro: 0.8435 | pixel_accuracy: 0.9316 | val_loss: 0.2661
Epoch 57/1000 | train_loss: 0.3700 | miou: 0.7473 | f1_macro: 0.8443 | pixel_accuracy: 0.9237 | val_loss: 0.2711
Epoch 58/1000 | train_loss: 0.3717 | miou: 0.7596 | f1_macro: 0.8511 | pixel_accuracy: 0.9359 | val_loss: 0.2413
Epoch 59/1000 | train_loss: 0.3500 | miou: 0.7546 | f1_macro: 0.8479 | pixel_accuracy: 0.9319 | val_loss: 0.2604
Epoch 60/1000 | train_loss: 0.3733 | miou: 0.7695 | f1_macro: 0.8590 | pixel_accuracy: 0.9373 | val_loss: 0.2382
Epoch 61/1000 | train_loss: 0.3493 | miou: 0.7535 | f1_macro: 0.8478 | pixel_accuracy: 0.9313 | val_loss: 0.2672
Epoch 62/1000 | train_loss: 0.3410 | miou: 0.7539 | f1_macro: 0.8479 | pixel_accuracy: 0.9307 | val_loss: 0.2505
Epoch 63/1000 | train_loss: 0.3442 | miou: 0.7628 | f1_macro: 0.8538 | pixel_accuracy: 0.9349 | val_loss: 0.2222
Epoch 64/1000 | train_loss: 0.3573 | miou: 0.7624 | f1_macro: 0.8542 | pixel_accuracy: 0.9347 | val_loss: 0.2298
Epoch 65/1000 | train_loss: 0.3421 | miou: 0.7548 | f1_macro: 0.8471 | pixel_accuracy: 0.9350 | val_loss: 0.2458
Epoch 66/1000 | train_loss: 0.3713 | miou: 0.7562 | f1_macro: 0.8499 | pixel_accuracy: 0.9303 | val_loss: 0.2564
Epoch 67/1000 | train_loss: 0.3649 | miou: 0.6927 | f1_macro: 0.7976 | pixel_accuracy: 0.9042 | val_loss: 0.3503
Epoch 68/1000 | train_loss: 0.3502 | miou: 0.7475 | f1_macro: 0.8412 | pixel_accuracy: 0.9334 | val_loss: 0.2626
Epoch 69/1000 | train_loss: 0.3642 | miou: 0.7294 | f1_macro: 0.8262 | pixel_accuracy: 0.9284 | val_loss: 0.2862
Epoch 70/1000 | train_loss: 0.3713 | miou: 0.7222 | f1_macro: 0.8279 | pixel_accuracy: 0.9093 | val_loss: 0.3148
Epoch 71/1000 | train_loss: 0.3815 | miou: 0.7603 | f1_macro: 0.8531 | pixel_accuracy: 0.9323 | val_loss: 0.2430
Epoch 72/1000 | train_loss: 0.3716 | miou: 0.7499 | f1_macro: 0.8441 | pixel_accuracy: 0.9313 | val_loss: 0.2594
Epoch 73/1000 | train_loss: 0.3613 | miou: 0.7659 | f1_macro: 0.8580 | pixel_accuracy: 0.9327 | val_loss: 0.2446
Epoch 74/1000 | train_loss: 0.3287 | miou: 0.7586 | f1_macro: 0.8521 | pixel_accuracy: 0.9324 | val_loss: 0.2672
Epoch 75/1000 | train_loss: 0.3542 | miou: 0.7374 | f1_macro: 0.8380 | pixel_accuracy: 0.9198 | val_loss: 0.2987
Epoch 76/1000 | train_loss: 0.3509 | miou: 0.7533 | f1_macro: 0.8469 | pixel_accuracy: 0.9322 | val_loss: 0.2494
Epoch 77/1000 | train_loss: 0.3403 | miou: 0.7656 | f1_macro: 0.8558 | pixel_accuracy: 0.9381 | val_loss: 0.2560
Epoch 78/1000 | train_loss: 0.3471 | miou: 0.7665 | f1_macro: 0.8567 | pixel_accuracy: 0.9364 | val_loss: 0.2403
Epoch 79/1000 | train_loss: 0.3506 | miou: 0.7632 | f1_macro: 0.8550 | pixel_accuracy: 0.9338 | val_loss: 0.2540
Epoch 80/1000 | train_loss: 0.3368 | miou: 0.7260 | f1_macro: 0.8232 | pixel_accuracy: 0.9261 | val_loss: 0.2749
Epoch 81/1000 | train_loss: 0.3405 | miou: 0.7629 | f1_macro: 0.8545 | pixel_accuracy: 0.9356 | val_loss: 0.2252
Epoch 82/1000 | train_loss: 0.3397 | miou: 0.7695 | f1_macro: 0.8586 | pixel_accuracy: 0.9395 | val_loss: 0.2307
Epoch 83/1000 | train_loss: 0.3266 | miou: 0.7689 | f1_macro: 0.8584 | pixel_accuracy: 0.9375 | val_loss: 0.2365
Epoch 84/1000 | train_loss: 0.3258 | miou: 0.7692 | f1_macro: 0.8589 | pixel_accuracy: 0.9377 | val_loss: 0.2471
Epoch 85/1000 | train_loss: 0.3088 | miou: 0.7757 | f1_macro: 0.8633 | pixel_accuracy: 0.9412 | val_loss: 0.2266
Epoch 86/1000 | train_loss: 0.3248 | miou: 0.7524 | f1_macro: 0.8469 | pixel_accuracy: 0.9310 | val_loss: 0.2561
Epoch 87/1000 | train_loss: 0.3240 | miou: 0.7676 | f1_macro: 0.8581 | pixel_accuracy: 0.9358 | val_loss: 0.2497
Epoch 88/1000 | train_loss: 0.3370 | miou: 0.7588 | f1_macro: 0.8521 | pixel_accuracy: 0.9319 | val_loss: 0.2564
Epoch 89/1000 | train_loss: 0.3510 | miou: 0.6349 | f1_macro: 0.7732 | pixel_accuracy: 0.7987 | val_loss: 0.6784
Epoch 90/1000 | train_loss: 0.5056 | miou: 0.7104 | f1_macro: 0.8179 | pixel_accuracy: 0.9051 | val_loss: 0.3507
Epoch 91/1000 | train_loss: 0.4264 | miou: 0.7536 | f1_macro: 0.8488 | pixel_accuracy: 0.9282 | val_loss: 0.2666
Epoch 92/1000 | train_loss: 0.3642 | miou: 0.7393 | f1_macro: 0.8383 | pixel_accuracy: 0.9234 | val_loss: 0.2810
Epoch 93/1000 | train_loss: 0.3724 | miou: 0.7313 | f1_macro: 0.8331 | pixel_accuracy: 0.9156 | val_loss: 0.2912
Epoch 94/1000 | train_loss: 0.3406 | miou: 0.7529 | f1_macro: 0.8467 | pixel_accuracy: 0.9331 | val_loss: 0.2591
Epoch 95/1000 | train_loss: 0.3352 | miou: 0.7524 | f1_macro: 0.8475 | pixel_accuracy: 0.9291 | val_loss: 0.2687
Epoch 96/1000 | train_loss: 0.3470 | miou: 0.7642 | f1_macro: 0.8545 | pixel_accuracy: 0.9377 | val_loss: 0.2454
Epoch 97/1000 | train_loss: 0.3255 | miou: 0.7624 | f1_macro: 0.8540 | pixel_accuracy: 0.9344 | val_loss: 0.2447
Epoch 98/1000 | train_loss: 0.3308 | miou: 0.7519 | f1_macro: 0.8478 | pixel_accuracy: 0.9266 | val_loss: 0.2675
Epoch 99/1000 | train_loss: 0.3358 | miou: 0.7620 | f1_macro: 0.8544 | pixel_accuracy: 0.9328 | val_loss: 0.2526
Epoch 100/1000 | train_loss: 0.3340 | miou: 0.7645 | f1_macro: 0.8556 | pixel_accuracy: 0.9357 | val_loss: 0.2436
Epoch 101/1000 | train_loss: 0.3096 | miou: 0.7705 | f1_macro: 0.8600 | pixel_accuracy: 0.9371 | val_loss: 0.2308
Epoch 102/1000 | train_loss: 0.3247 | miou: 0.7574 | f1_macro: 0.8516 | pixel_accuracy: 0.9296 | val_loss: 0.2472
Epoch 103/1000 | train_loss: 0.3052 | miou: 0.7578 | f1_macro: 0.8515 | pixel_accuracy: 0.9310 | val_loss: 0.2635
Epoch 104/1000 | train_loss: 0.3211 | miou: 0.7774 | f1_macro: 0.8652 | pixel_accuracy: 0.9390 | val_loss: 0.2320
Epoch 105/1000 | train_loss: 0.3331 | miou: 0.7608 | f1_macro: 0.8528 | pixel_accuracy: 0.9330 | val_loss: 0.2641
Epoch 106/1000 | train_loss: 0.3303 | miou: 0.7501 | f1_macro: 0.8469 | pixel_accuracy: 0.9229 | val_loss: 0.3219
Epoch 107/1000 | train_loss: 0.3218 | miou: 0.7631 | f1_macro: 0.8556 | pixel_accuracy: 0.9317 | val_loss: 0.2772
Epoch 108/1000 | train_loss: 0.3281 | miou: 0.7732 | f1_macro: 0.8621 | pixel_accuracy: 0.9381 | val_loss: 0.2461
Epoch 109/1000 | train_loss: 0.3166 | miou: 0.7735 | f1_macro: 0.8619 | pixel_accuracy: 0.9393 | val_loss: 0.2576
Epoch 110/1000 | train_loss: 0.3117 | miou: 0.7753 | f1_macro: 0.8637 | pixel_accuracy: 0.9391 | val_loss: 0.2400
Epoch 111/1000 | train_loss: 0.3082 | miou: 0.7657 | f1_macro: 0.8575 | pixel_accuracy: 0.9324 | val_loss: 0.2855
Epoch 112/1000 | train_loss: 0.3140 | miou: 0.7712 | f1_macro: 0.8602 | pixel_accuracy: 0.9396 | val_loss: 0.2661
Epoch 113/1000 | train_loss: 0.3198 | miou: 0.7627 | f1_macro: 0.8546 | pixel_accuracy: 0.9344 | val_loss: 0.2498
Epoch 114/1000 | train_loss: 0.3189 | miou: 0.7698 | f1_macro: 0.8594 | pixel_accuracy: 0.9379 | val_loss: 0.2597
Epoch 115/1000 | train_loss: 0.3182 | miou: 0.7552 | f1_macro: 0.8499 | pixel_accuracy: 0.9276 | val_loss: 0.2902
Epoch 116/1000 | train_loss: 0.3019 | miou: 0.7744 | f1_macro: 0.8622 | pixel_accuracy: 0.9404 | val_loss: 0.2523
Epoch 117/1000 | train_loss: 0.3162 | miou: 0.7670 | f1_macro: 0.8571 | pixel_accuracy: 0.9374 | val_loss: 0.2704
Epoch 118/1000 | train_loss: 0.3016 | miou: 0.7686 | f1_macro: 0.8583 | pixel_accuracy: 0.9382 | val_loss: 0.2592
Epoch 119/1000 | train_loss: 0.3152 | miou: 0.7693 | f1_macro: 0.8588 | pixel_accuracy: 0.9391 | val_loss: 0.2608
Epoch 120/1000 | train_loss: 0.3289 | miou: 0.7681 | f1_macro: 0.8579 | pixel_accuracy: 0.9388 | val_loss: 0.2610
Epoch 121/1000 | train_loss: 0.3066 | miou: 0.7719 | f1_macro: 0.8607 | pixel_accuracy: 0.9389 | val_loss: 0.2672
Epoch 122/1000 | train_loss: 0.3268 | miou: 0.7449 | f1_macro: 0.8430 | pixel_accuracy: 0.9221 | val_loss: 0.3138
Epoch 123/1000 | train_loss: 0.3083 | miou: 0.7769 | f1_macro: 0.8642 | pixel_accuracy: 0.9409 | val_loss: 0.2212
Epoch 124/1000 | train_loss: 0.3228 | miou: 0.7700 | f1_macro: 0.8593 | pixel_accuracy: 0.9382 | val_loss: 0.2406
Epoch 125/1000 | train_loss: 0.3101 | miou: 0.7732 | f1_macro: 0.8615 | pixel_accuracy: 0.9403 | val_loss: 0.2460
Epoch 126/1000 | train_loss: 0.3130 | miou: 0.7394 | f1_macro: 0.8389 | pixel_accuracy: 0.9199 | val_loss: 0.3256
Epoch 127/1000 | train_loss: 0.3141 | miou: 0.7569 | f1_macro: 0.8486 | pixel_accuracy: 0.9369 | val_loss: 0.2788
Epoch 128/1000 | train_loss: 0.3469 | miou: 0.7697 | f1_macro: 0.8588 | pixel_accuracy: 0.9396 | val_loss: 0.2446
Epoch 129/1000 | train_loss: 0.3133 | miou: 0.7449 | f1_macro: 0.8398 | pixel_accuracy: 0.9290 | val_loss: 0.2903
Epoch 130/1000 | train_loss: 0.3224 | miou: 0.7774 | f1_macro: 0.8650 | pixel_accuracy: 0.9412 | val_loss: 0.2602
Epoch 131/1000 | train_loss: 0.3212 | miou: 0.7797 | f1_macro: 0.8667 | pixel_accuracy: 0.9409 | val_loss: 0.2453
Epoch 132/1000 | train_loss: 0.3180 | miou: 0.7792 | f1_macro: 0.8660 | pixel_accuracy: 0.9417 | val_loss: 0.2379
Epoch 133/1000 | train_loss: 0.3173 | miou: 0.7779 | f1_macro: 0.8654 | pixel_accuracy: 0.9404 | val_loss: 0.2505
Epoch 134/1000 | train_loss: 0.3142 | miou: 0.7812 | f1_macro: 0.8674 | pixel_accuracy: 0.9417 | val_loss: 0.2411
Epoch 135/1000 | train_loss: 0.3152 | miou: 0.7754 | f1_macro: 0.8636 | pixel_accuracy: 0.9392 | val_loss: 0.2740
Epoch 136/1000 | train_loss: 0.3031 | miou: 0.7711 | f1_macro: 0.8600 | pixel_accuracy: 0.9390 | val_loss: 0.2651
Epoch 137/1000 | train_loss: 0.2923 | miou: 0.7698 | f1_macro: 0.8600 | pixel_accuracy: 0.9360 | val_loss: 0.2730
Epoch 138/1000 | train_loss: 0.3036 | miou: 0.7650 | f1_macro: 0.8575 | pixel_accuracy: 0.9303 | val_loss: 0.2620
Epoch 139/1000 | train_loss: 0.3215 | miou: 0.7672 | f1_macro: 0.8582 | pixel_accuracy: 0.9350 | val_loss: 0.2710
Epoch 140/1000 | train_loss: 0.3187 | miou: 0.7484 | f1_macro: 0.8466 | pixel_accuracy: 0.9225 | val_loss: 0.2804
Epoch 141/1000 | train_loss: 0.2916 | miou: 0.7763 | f1_macro: 0.8643 | pixel_accuracy: 0.9394 | val_loss: 0.2551
Epoch 142/1000 | train_loss: 0.3122 | miou: 0.7643 | f1_macro: 0.8549 | pixel_accuracy: 0.9380 | val_loss: 0.2759
Epoch 143/1000 | train_loss: 0.3215 | miou: 0.7724 | f1_macro: 0.8611 | pixel_accuracy: 0.9391 | val_loss: 0.2412
Epoch 144/1000 | train_loss: 0.2963 | miou: 0.7557 | f1_macro: 0.8508 | pixel_accuracy: 0.9274 | val_loss: 0.2892
Epoch 145/1000 | train_loss: 0.3141 | miou: 0.7709 | f1_macro: 0.8602 | pixel_accuracy: 0.9373 | val_loss: 0.2665
Epoch 146/1000 | train_loss: 0.3104 | miou: 0.7690 | f1_macro: 0.8594 | pixel_accuracy: 0.9358 | val_loss: 0.2861
Epoch 147/1000 | train_loss: 0.2922 | miou: 0.7692 | f1_macro: 0.8589 | pixel_accuracy: 0.9381 | val_loss: 0.2587
Epoch 148/1000 | train_loss: 0.3018 | miou: 0.7758 | f1_macro: 0.8635 | pixel_accuracy: 0.9405 | val_loss: 0.2604
Epoch 149/1000 | train_loss: 0.3106 | miou: 0.7731 | f1_macro: 0.8623 | pixel_accuracy: 0.9375 | val_loss: 0.2616
Epoch 150/1000 | train_loss: 0.2949 | miou: 0.7591 | f1_macro: 0.8522 | pixel_accuracy: 0.9327 | val_loss: 0.2966
Epoch 151/1000 | train_loss: 0.2894 | miou: 0.7736 | f1_macro: 0.8622 | pixel_accuracy: 0.9390 | val_loss: 0.2558
Epoch 152/1000 | train_loss: 0.2937 | miou: 0.7619 | f1_macro: 0.8525 | pixel_accuracy: 0.9380 | val_loss: 0.2949
Epoch 153/1000 | train_loss: 0.3235 | miou: 0.7773 | f1_macro: 0.8645 | pixel_accuracy: 0.9414 | val_loss: 0.2682
Epoch 154/1000 | train_loss: 0.3132 | miou: 0.7540 | f1_macro: 0.8483 | pixel_accuracy: 0.9311 | val_loss: 0.2921
Epoch 155/1000 | train_loss: 0.3468 | miou: 0.7104 | f1_macro: 0.8206 | pixel_accuracy: 0.8984 | val_loss: 0.3860
Epoch 156/1000 | train_loss: 0.3734 | miou: 0.7446 | f1_macro: 0.8395 | pixel_accuracy: 0.9302 | val_loss: 0.2849
Epoch 157/1000 | train_loss: 0.3401 | miou: 0.7404 | f1_macro: 0.8377 | pixel_accuracy: 0.9268 | val_loss: 0.3087
Epoch 158/1000 | train_loss: 0.3509 | miou: 0.7598 | f1_macro: 0.8523 | pixel_accuracy: 0.9342 | val_loss: 0.2476
Epoch 159/1000 | train_loss: 0.3215 | miou: 0.7662 | f1_macro: 0.8560 | pixel_accuracy: 0.9391 | val_loss: 0.2812
Epoch 160/1000 | train_loss: 0.3220 | miou: 0.7691 | f1_macro: 0.8586 | pixel_accuracy: 0.9379 | val_loss: 0.2639
Epoch 161/1000 | train_loss: 0.2988 | miou: 0.7351 | f1_macro: 0.8390 | pixel_accuracy: 0.9106 | val_loss: 0.3766
Epoch 162/1000 | train_loss: 0.3074 | miou: 0.7617 | f1_macro: 0.8537 | pixel_accuracy: 0.9336 | val_loss: 0.2770
Epoch 163/1000 | train_loss: 0.2906 | miou: 0.7624 | f1_macro: 0.8537 | pixel_accuracy: 0.9353 | val_loss: 0.2945
Epoch 164/1000 | train_loss: 0.2985 | miou: 0.7683 | f1_macro: 0.8582 | pixel_accuracy: 0.9388 | val_loss: 0.2886
Epoch 165/1000 | train_loss: 0.3099 | miou: 0.7703 | f1_macro: 0.8596 | pixel_accuracy: 0.9397 | val_loss: 0.2932
Epoch 166/1000 | train_loss: 0.3097 | miou: 0.7682 | f1_macro: 0.8580 | pixel_accuracy: 0.9386 | val_loss: 0.2709
Epoch 167/1000 | train_loss: 0.3020 | miou: 0.7658 | f1_macro: 0.8554 | pixel_accuracy: 0.9388 | val_loss: 0.2932
Epoch 168/1000 | train_loss: 0.3101 | miou: 0.7768 | f1_macro: 0.8640 | pixel_accuracy: 0.9418 | val_loss: 0.2714
Epoch 169/1000 | train_loss: 0.2937 | miou: 0.7759 | f1_macro: 0.8636 | pixel_accuracy: 0.9415 | val_loss: 0.2635
Epoch 170/1000 | train_loss: 0.3181 | miou: 0.7770 | f1_macro: 0.8642 | pixel_accuracy: 0.9421 | val_loss: 0.2812
Epoch 171/1000 | train_loss: 0.3039 | miou: 0.7719 | f1_macro: 0.8601 | pixel_accuracy: 0.9404 | val_loss: 0.2886
Epoch 172/1000 | train_loss: 0.3078 | miou: 0.7750 | f1_macro: 0.8627 | pixel_accuracy: 0.9410 | val_loss: 0.2839
Epoch 173/1000 | train_loss: 0.3235 | miou: 0.7736 | f1_macro: 0.8618 | pixel_accuracy: 0.9410 | val_loss: 0.2783
Epoch 174/1000 | train_loss: 0.2798 | miou: 0.7808 | f1_macro: 0.8672 | pixel_accuracy: 0.9426 | val_loss: 0.2682
Epoch 175/1000 | train_loss: 0.3003 | miou: 0.7760 | f1_macro: 0.8635 | pixel_accuracy: 0.9417 | val_loss: 0.2624
Epoch 176/1000 | train_loss: 0.3039 | miou: 0.7746 | f1_macro: 0.8624 | pixel_accuracy: 0.9412 | val_loss: 0.2792
Epoch 177/1000 | train_loss: 0.3032 | miou: 0.7770 | f1_macro: 0.8645 | pixel_accuracy: 0.9414 | val_loss: 0.2825
Epoch 178/1000 | train_loss: 0.3114 | miou: 0.7769 | f1_macro: 0.8644 | pixel_accuracy: 0.9414 | val_loss: 0.2544
Epoch 179/1000 | train_loss: 0.3052 | miou: 0.7736 | f1_macro: 0.8621 | pixel_accuracy: 0.9393 | val_loss: 0.2767
Epoch 180/1000 | train_loss: 0.3174 | miou: 0.7734 | f1_macro: 0.8622 | pixel_accuracy: 0.9392 | val_loss: 0.2890
Epoch 181/1000 | train_loss: 0.2888 | miou: 0.7787 | f1_macro: 0.8656 | pixel_accuracy: 0.9423 | val_loss: 0.2874
Epoch 182/1000 | train_loss: 0.2836 | miou: 0.7791 | f1_macro: 0.8657 | pixel_accuracy: 0.9425 | val_loss: 0.2736
Epoch 183/1000 | train_loss: 0.3056 | miou: 0.7738 | f1_macro: 0.8618 | pixel_accuracy: 0.9407 | val_loss: 0.2598
Epoch 184/1000 | train_loss: 0.3042 | miou: 0.7715 | f1_macro: 0.8602 | pixel_accuracy: 0.9397 | val_loss: 0.2713
Epoch 185/1000 | train_loss: 0.2882 | miou: 0.7782 | f1_macro: 0.8652 | pixel_accuracy: 0.9414 | val_loss: 0.2520
Epoch 186/1000 | train_loss: 0.3043 | miou: 0.7760 | f1_macro: 0.8635 | pixel_accuracy: 0.9407 | val_loss: 0.2697
Epoch 187/1000 | train_loss: 0.3036 | miou: 0.7793 | f1_macro: 0.8661 | pixel_accuracy: 0.9415 | val_loss: 0.2903
Epoch 188/1000 | train_loss: 0.2921 | miou: 0.7762 | f1_macro: 0.8639 | pixel_accuracy: 0.9404 | val_loss: 0.2904
Epoch 189/1000 | train_loss: 0.3085 | miou: 0.7767 | f1_macro: 0.8637 | pixel_accuracy: 0.9421 | val_loss: 0.2527
Epoch 190/1000 | train_loss: 0.2890 | miou: 0.7780 | f1_macro: 0.8651 | pixel_accuracy: 0.9411 | val_loss: 0.3014
Epoch 191/1000 | train_loss: 0.2909 | miou: 0.7766 | f1_macro: 0.8645 | pixel_accuracy: 0.9401 | val_loss: 0.3083
Epoch 192/1000 | train_loss: 0.2876 | miou: 0.7805 | f1_macro: 0.8667 | pixel_accuracy: 0.9424 | val_loss: 0.2875
Epoch 193/1000 | train_loss: 0.2919 | miou: 0.7720 | f1_macro: 0.8614 | pixel_accuracy: 0.9372 | val_loss: 0.2702
Epoch 194/1000 | train_loss: 0.3070 | miou: 0.7768 | f1_macro: 0.8640 | pixel_accuracy: 0.9420 | val_loss: 0.2769
Epoch 195/1000 | train_loss: 0.2989 | miou: 0.7694 | f1_macro: 0.8582 | pixel_accuracy: 0.9406 | val_loss: 0.2914
Epoch 196/1000 | train_loss: 0.2907 | miou: 0.7776 | f1_macro: 0.8648 | pixel_accuracy: 0.9411 | val_loss: 0.2860
Epoch 197/1000 | train_loss: 0.3021 | miou: 0.7777 | f1_macro: 0.8646 | pixel_accuracy: 0.9423 | val_loss: 0.3127
Epoch 198/1000 | train_loss: 0.2865 | miou: 0.7722 | f1_macro: 0.8605 | pixel_accuracy: 0.9400 | val_loss: 0.2846
Epoch 199/1000 | train_loss: 0.3094 | miou: 0.7809 | f1_macro: 0.8673 | pixel_accuracy: 0.9412 | val_loss: 0.2781
Epoch 200/1000 | train_loss: 0.2962 | miou: 0.7758 | f1_macro: 0.8632 | pixel_accuracy: 0.9413 | val_loss: 0.2887
Epoch 201/1000 | train_loss: 0.3248 | miou: 0.7833 | f1_macro: 0.8687 | pixel_accuracy: 0.9432 | val_loss: 0.2682
Epoch 202/1000 | train_loss: 0.2979 | miou: 0.7748 | f1_macro: 0.8627 | pixel_accuracy: 0.9407 | val_loss: 0.2776
Epoch 203/1000 | train_loss: 0.3120 | miou: 0.7751 | f1_macro: 0.8628 | pixel_accuracy: 0.9413 | val_loss: 0.2725
Epoch 204/1000 | train_loss: 0.3003 | miou: 0.7673 | f1_macro: 0.8572 | pixel_accuracy: 0.9377 | val_loss: 0.2847
Epoch 205/1000 | train_loss: 0.2848 | miou: 0.7629 | f1_macro: 0.8542 | pixel_accuracy: 0.9359 | val_loss: 0.3066
Epoch 206/1000 | train_loss: 0.3039 | miou: 0.7638 | f1_macro: 0.8562 | pixel_accuracy: 0.9321 | val_loss: 0.2890
Epoch 207/1000 | train_loss: 0.2921 | miou: 0.7703 | f1_macro: 0.8593 | pixel_accuracy: 0.9397 | val_loss: 0.3057
Epoch 208/1000 | train_loss: 0.3053 | miou: 0.7595 | f1_macro: 0.8534 | pixel_accuracy: 0.9304 | val_loss: 0.3425
Epoch 209/1000 | train_loss: 0.3078 | miou: 0.7590 | f1_macro: 0.8501 | pixel_accuracy: 0.9374 | val_loss: 0.2793
Epoch 210/1000 | train_loss: 0.3235 | miou: 0.7413 | f1_macro: 0.8384 | pixel_accuracy: 0.9269 | val_loss: 0.2883
Epoch 211/1000 | train_loss: 0.3342 | miou: 0.7734 | f1_macro: 0.8642 | pixel_accuracy: 0.9327 | val_loss: 0.2610
Epoch 212/1000 | train_loss: 0.3264 | miou: 0.7440 | f1_macro: 0.8468 | pixel_accuracy: 0.9079 | val_loss: 0.3145
Epoch 213/1000 | train_loss: 0.3068 | miou: 0.7609 | f1_macro: 0.8540 | pixel_accuracy: 0.9315 | val_loss: 0.2712
Epoch 214/1000 | train_loss: 0.3305 | miou: 0.7607 | f1_macro: 0.8529 | pixel_accuracy: 0.9345 | val_loss: 0.2655
Epoch 215/1000 | train_loss: 0.3162 | miou: 0.7599 | f1_macro: 0.8524 | pixel_accuracy: 0.9341 | val_loss: 0.2546
Epoch 216/1000 | train_loss: 0.2970 | miou: 0.7625 | f1_macro: 0.8548 | pixel_accuracy: 0.9330 | val_loss: 0.2765
Epoch 217/1000 | train_loss: 0.3020 | miou: 0.7644 | f1_macro: 0.8563 | pixel_accuracy: 0.9336 | val_loss: 0.2815
Epoch 218/1000 | train_loss: 0.3021 | miou: 0.7658 | f1_macro: 0.8575 | pixel_accuracy: 0.9335 | val_loss: 0.2826
Epoch 219/1000 | train_loss: 0.3005 | miou: 0.7724 | f1_macro: 0.8611 | pixel_accuracy: 0.9391 | val_loss: 0.2985
Epoch 220/1000 | train_loss: 0.2932 | miou: 0.7721 | f1_macro: 0.8603 | pixel_accuracy: 0.9411 | val_loss: 0.2774
Epoch 221/1000 | train_loss: 0.3182 | miou: 0.7371 | f1_macro: 0.8341 | pixel_accuracy: 0.9263 | val_loss: 0.3197
Epoch 222/1000 | train_loss: 0.3482 | miou: 0.7322 | f1_macro: 0.8347 | pixel_accuracy: 0.9136 | val_loss: 0.3817
Epoch 223/1000 | train_loss: 0.3191 | miou: 0.7507 | f1_macro: 0.8457 | pixel_accuracy: 0.9302 | val_loss: 0.3390
Epoch 224/1000 | train_loss: 0.2870 | miou: 0.7631 | f1_macro: 0.8549 | pixel_accuracy: 0.9338 | val_loss: 0.3133
Epoch 225/1000 | train_loss: 0.2862 | miou: 0.7721 | f1_macro: 0.8609 | pixel_accuracy: 0.9396 | val_loss: 0.2872
Epoch 226/1000 | train_loss: 0.2981 | miou: 0.7676 | f1_macro: 0.8586 | pixel_accuracy: 0.9345 | val_loss: 0.3072
Epoch 227/1000 | train_loss: 0.2843 | miou: 0.7705 | f1_macro: 0.8599 | pixel_accuracy: 0.9381 | val_loss: 0.2881
Epoch 228/1000 | train_loss: 0.2642 | miou: 0.7722 | f1_macro: 0.8609 | pixel_accuracy: 0.9397 | val_loss: 0.2946
Epoch 229/1000 | train_loss: 0.2771 | miou: 0.7740 | f1_macro: 0.8626 | pixel_accuracy: 0.9391 | val_loss: 0.2795
Epoch 230/1000 | train_loss: 0.2999 | miou: 0.7767 | f1_macro: 0.8641 | pixel_accuracy: 0.9411 | val_loss: 0.2739
Epoch 231/1000 | train_loss: 0.2924 | miou: 0.7695 | f1_macro: 0.8608 | pixel_accuracy: 0.9333 | val_loss: 0.2910
Epoch 232/1000 | train_loss: 0.2737 | miou: 0.7661 | f1_macro: 0.8571 | pixel_accuracy: 0.9353 | val_loss: 0.3055
Epoch 233/1000 | train_loss: 0.2905 | miou: 0.7704 | f1_macro: 0.8600 | pixel_accuracy: 0.9386 | val_loss: 0.3187
Epoch 234/1000 | train_loss: 0.2905 | miou: 0.7694 | f1_macro: 0.8595 | pixel_accuracy: 0.9373 | val_loss: 0.3042
Epoch 235/1000 | train_loss: 0.2802 | miou: 0.7761 | f1_macro: 0.8639 | pixel_accuracy: 0.9404 | val_loss: 0.2837
Epoch 236/1000 | train_loss: 0.2784 | miou: 0.7693 | f1_macro: 0.8593 | pixel_accuracy: 0.9365 | val_loss: 0.3114
Epoch 237/1000 | train_loss: 0.2915 | miou: 0.7737 | f1_macro: 0.8628 | pixel_accuracy: 0.9382 | val_loss: 0.3012
Epoch 238/1000 | train_loss: 0.2953 | miou: 0.7780 | f1_macro: 0.8649 | pixel_accuracy: 0.9418 | val_loss: 0.2554
Epoch 239/1000 | train_loss: 0.3044 | miou: 0.7739 | f1_macro: 0.8625 | pixel_accuracy: 0.9391 | val_loss: 0.2734
Epoch 240/1000 | train_loss: 0.2917 | miou: 0.7735 | f1_macro: 0.8626 | pixel_accuracy: 0.9383 | val_loss: 0.3008
Epoch 241/1000 | train_loss: 0.3101 | miou: 0.7690 | f1_macro: 0.8597 | pixel_accuracy: 0.9359 | val_loss: 0.3120
Epoch 242/1000 | train_loss: 0.2818 | miou: 0.7671 | f1_macro: 0.8587 | pixel_accuracy: 0.9323 | val_loss: 0.3267
Epoch 243/1000 | train_loss: 0.2867 | miou: 0.7719 | f1_macro: 0.8612 | pixel_accuracy: 0.9380 | val_loss: 0.2941
Epoch 244/1000 | train_loss: 0.2840 | miou: 0.7810 | f1_macro: 0.8674 | pixel_accuracy: 0.9420 | val_loss: 0.2887
Epoch 245/1000 | train_loss: 0.2813 | miou: 0.7718 | f1_macro: 0.8612 | pixel_accuracy: 0.9367 | val_loss: 0.2845
Epoch 246/1000 | train_loss: 0.2993 | miou: 0.7790 | f1_macro: 0.8659 | pixel_accuracy: 0.9413 | val_loss: 0.2904
Epoch 247/1000 | train_loss: 0.2954 | miou: 0.7747 | f1_macro: 0.8628 | pixel_accuracy: 0.9397 | val_loss: 0.3078
Epoch 248/1000 | train_loss: 0.2814 | miou: 0.7689 | f1_macro: 0.8599 | pixel_accuracy: 0.9335 | val_loss: 0.3410
Epoch 249/1000 | train_loss: 0.2897 | miou: 0.7791 | f1_macro: 0.8666 | pixel_accuracy: 0.9388 | val_loss: 0.3015
Epoch 250/1000 | train_loss: 0.2970 | miou: 0.7748 | f1_macro: 0.8636 | pixel_accuracy: 0.9380 | val_loss: 0.3000
Epoch 251/1000 | train_loss: 0.2799 | miou: 0.7762 | f1_macro: 0.8645 | pixel_accuracy: 0.9383 | val_loss: 0.2935
Epoch 252/1000 | train_loss: 0.2726 | miou: 0.7715 | f1_macro: 0.8615 | pixel_accuracy: 0.9362 | val_loss: 0.3092
Epoch 253/1000 | train_loss: 0.2797 | miou: 0.7798 | f1_macro: 0.8665 | pixel_accuracy: 0.9419 | val_loss: 0.2874
Epoch 254/1000 | train_loss: 0.2916 | miou: 0.7844 | f1_macro: 0.8700 | pixel_accuracy: 0.9428 | val_loss: 0.2713
Epoch 255/1000 | train_loss: 0.2861 | miou: 0.7798 | f1_macro: 0.8671 | pixel_accuracy: 0.9402 | val_loss: 0.2962
Epoch 256/1000 | train_loss: 0.2724 | miou: 0.7832 | f1_macro: 0.8689 | pixel_accuracy: 0.9431 | val_loss: 0.2680
Epoch 257/1000 | train_loss: 0.3082 | miou: 0.7729 | f1_macro: 0.8610 | pixel_accuracy: 0.9417 | val_loss: 0.3169
Epoch 258/1000 | train_loss: 0.2896 | miou: 0.7726 | f1_macro: 0.8616 | pixel_accuracy: 0.9380 | val_loss: 0.2982
Epoch 259/1000 | train_loss: 0.2851 | miou: 0.7768 | f1_macro: 0.8646 | pixel_accuracy: 0.9401 | val_loss: 0.3128
Epoch 260/1000 | train_loss: 0.2929 | miou: 0.7817 | f1_macro: 0.8681 | pixel_accuracy: 0.9417 | val_loss: 0.3057
Epoch 261/1000 | train_loss: 0.2759 | miou: 0.7739 | f1_macro: 0.8621 | pixel_accuracy: 0.9403 | val_loss: 0.3066
Epoch 262/1000 | train_loss: 0.2897 | miou: 0.7771 | f1_macro: 0.8647 | pixel_accuracy: 0.9408 | val_loss: 0.2824
Epoch 263/1000 | train_loss: 0.2609 | miou: 0.7734 | f1_macro: 0.8622 | pixel_accuracy: 0.9390 | val_loss: 0.2954
Epoch 264/1000 | train_loss: 0.2880 | miou: 0.7784 | f1_macro: 0.8655 | pixel_accuracy: 0.9417 | val_loss: 0.3006
Epoch 265/1000 | train_loss: 0.2629 | miou: 0.7798 | f1_macro: 0.8663 | pixel_accuracy: 0.9424 | val_loss: 0.3205
Epoch 266/1000 | train_loss: 0.2761 | miou: 0.7783 | f1_macro: 0.8656 | pixel_accuracy: 0.9409 | val_loss: 0.3200
Epoch 267/1000 | train_loss: 0.2887 | miou: 0.7793 | f1_macro: 0.8661 | pixel_accuracy: 0.9423 | val_loss: 0.3005
Epoch 268/1000 | train_loss: 0.2714 | miou: 0.7819 | f1_macro: 0.8681 | pixel_accuracy: 0.9425 | val_loss: 0.2956
Epoch 269/1000 | train_loss: 0.2897 | miou: 0.7801 | f1_macro: 0.8668 | pixel_accuracy: 0.9422 | val_loss: 0.3161
Epoch 270/1000 | train_loss: 0.3014 | miou: 0.7748 | f1_macro: 0.8622 | pixel_accuracy: 0.9422 | val_loss: 0.2665
Epoch 271/1000 | train_loss: 0.2704 | miou: 0.7802 | f1_macro: 0.8667 | pixel_accuracy: 0.9427 | val_loss: 0.2905
Epoch 272/1000 | train_loss: 0.2777 | miou: 0.7792 | f1_macro: 0.8656 | pixel_accuracy: 0.9430 | val_loss: 0.3020
Epoch 273/1000 | train_loss: 0.2785 | miou: 0.7829 | f1_macro: 0.8687 | pixel_accuracy: 0.9433 | val_loss: 0.2859
Epoch 274/1000 | train_loss: 0.2986 | miou: 0.7830 | f1_macro: 0.8687 | pixel_accuracy: 0.9433 | val_loss: 0.2825
Epoch 275/1000 | train_loss: 0.2810 | miou: 0.7788 | f1_macro: 0.8654 | pixel_accuracy: 0.9426 | val_loss: 0.2909
Epoch 276/1000 | train_loss: 0.2616 | miou: 0.7693 | f1_macro: 0.8598 | pixel_accuracy: 0.9359 | val_loss: 0.3243
Epoch 277/1000 | train_loss: 0.2944 | miou: 0.7577 | f1_macro: 0.8502 | pixel_accuracy: 0.9338 | val_loss: 0.3214
Epoch 278/1000 | train_loss: 0.2725 | miou: 0.7676 | f1_macro: 0.8586 | pixel_accuracy: 0.9355 | val_loss: 0.3473
Epoch 279/1000 | train_loss: 0.2722 | miou: 0.7838 | f1_macro: 0.8691 | pixel_accuracy: 0.9440 | val_loss: 0.2873
Epoch 280/1000 | train_loss: 0.2693 | miou: 0.7738 | f1_macro: 0.8623 | pixel_accuracy: 0.9397 | val_loss: 0.3182
Epoch 281/1000 | train_loss: 0.2884 | miou: 0.7797 | f1_macro: 0.8664 | pixel_accuracy: 0.9418 | val_loss: 0.2816
Epoch 282/1000 | train_loss: 0.2816 | miou: 0.7740 | f1_macro: 0.8622 | pixel_accuracy: 0.9402 | val_loss: 0.2833
Epoch 283/1000 | train_loss: 0.2801 | miou: 0.7814 | f1_macro: 0.8678 | pixel_accuracy: 0.9420 | val_loss: 0.2996
Epoch 284/1000 | train_loss: 0.2837 | miou: 0.7714 | f1_macro: 0.8622 | pixel_accuracy: 0.9343 | val_loss: 0.3297
Epoch 285/1000 | train_loss: 0.2891 | miou: 0.7668 | f1_macro: 0.8582 | pixel_accuracy: 0.9340 | val_loss: 0.3378
Epoch 286/1000 | train_loss: 0.2881 | miou: 0.7776 | f1_macro: 0.8648 | pixel_accuracy: 0.9408 | val_loss: 0.2992
Epoch 287/1000 | train_loss: 0.2764 | miou: 0.7678 | f1_macro: 0.8587 | pixel_accuracy: 0.9354 | val_loss: 0.3138
Epoch 288/1000 | train_loss: 0.2731 | miou: 0.7765 | f1_macro: 0.8640 | pixel_accuracy: 0.9412 | val_loss: 0.3058
Epoch 289/1000 | train_loss: 0.2810 | miou: 0.7767 | f1_macro: 0.8642 | pixel_accuracy: 0.9408 | val_loss: 0.3137
Epoch 290/1000 | train_loss: 0.2748 | miou: 0.7849 | f1_macro: 0.8699 | pixel_accuracy: 0.9440 | val_loss: 0.3030
Epoch 291/1000 | train_loss: 0.2815 | miou: 0.7845 | f1_macro: 0.8698 | pixel_accuracy: 0.9435 | val_loss: 0.3006
Epoch 292/1000 | train_loss: 0.2825 | miou: 0.7798 | f1_macro: 0.8662 | pixel_accuracy: 0.9426 | val_loss: 0.3109
Epoch 293/1000 | train_loss: 0.2782 | miou: 0.7843 | f1_macro: 0.8702 | pixel_accuracy: 0.9420 | val_loss: 0.3030
Epoch 294/1000 | train_loss: 0.2777 | miou: 0.7795 | f1_macro: 0.8663 | pixel_accuracy: 0.9415 | val_loss: 0.3068
Epoch 295/1000 | train_loss: 0.2888 | miou: 0.7768 | f1_macro: 0.8649 | pixel_accuracy: 0.9394 | val_loss: 0.3182
Epoch 296/1000 | train_loss: 0.2695 | miou: 0.7839 | f1_macro: 0.8695 | pixel_accuracy: 0.9432 | val_loss: 0.2896
Epoch 297/1000 | train_loss: 0.2612 | miou: 0.7809 | f1_macro: 0.8679 | pixel_accuracy: 0.9406 | val_loss: 0.3181
Epoch 298/1000 | train_loss: 0.2739 | miou: 0.7823 | f1_macro: 0.8685 | pixel_accuracy: 0.9423 | val_loss: 0.2990
Epoch 299/1000 | train_loss: 0.2919 | miou: 0.7738 | f1_macro: 0.8623 | pixel_accuracy: 0.9398 | val_loss: 0.3294
Epoch 300/1000 | train_loss: 0.2640 | miou: 0.7592 | f1_macro: 0.8541 | pixel_accuracy: 0.9274 | val_loss: 0.3629
Epoch 301/1000 | train_loss: 0.2938 | miou: 0.7733 | f1_macro: 0.8624 | pixel_accuracy: 0.9373 | val_loss: 0.3003
Epoch 302/1000 | train_loss: 0.2857 | miou: 0.7703 | f1_macro: 0.8590 | pixel_accuracy: 0.9399 | val_loss: 0.3202
Epoch 303/1000 | train_loss: 0.2705 | miou: 0.7147 | f1_macro: 0.8132 | pixel_accuracy: 0.9240 | val_loss: 0.3677
Epoch 304/1000 | train_loss: 0.3264 | miou: 0.7515 | f1_macro: 0.8467 | pixel_accuracy: 0.9295 | val_loss: 0.2835
Epoch 305/1000 | train_loss: 0.3231 | miou: 0.7552 | f1_macro: 0.8468 | pixel_accuracy: 0.9343 | val_loss: 0.2796
Epoch 306/1000 | train_loss: 0.2938 | miou: 0.7732 | f1_macro: 0.8613 | pixel_accuracy: 0.9410 | val_loss: 0.2855
Epoch 307/1000 | train_loss: 0.2881 | miou: 0.7737 | f1_macro: 0.8623 | pixel_accuracy: 0.9393 | val_loss: 0.2861
Epoch 308/1000 | train_loss: 0.2845 | miou: 0.7819 | f1_macro: 0.8678 | pixel_accuracy: 0.9432 | val_loss: 0.2632
Epoch 309/1000 | train_loss: 0.2921 | miou: 0.7813 | f1_macro: 0.8676 | pixel_accuracy: 0.9424 | val_loss: 0.2902
Epoch 310/1000 | train_loss: 0.2792 | miou: 0.7758 | f1_macro: 0.8634 | pixel_accuracy: 0.9408 | val_loss: 0.2967
Epoch 311/1000 | train_loss: 0.2863 | miou: 0.7828 | f1_macro: 0.8685 | pixel_accuracy: 0.9436 | val_loss: 0.2784
Epoch 312/1000 | train_loss: 0.3050 | miou: 0.7785 | f1_macro: 0.8662 | pixel_accuracy: 0.9395 | val_loss: 0.2929
Epoch 313/1000 | train_loss: 0.2928 | miou: 0.7834 | f1_macro: 0.8691 | pixel_accuracy: 0.9431 | val_loss: 0.2966
Epoch 314/1000 | train_loss: 0.2737 | miou: 0.7845 | f1_macro: 0.8703 | pixel_accuracy: 0.9419 | val_loss: 0.2864
Epoch 315/1000 | train_loss: 0.2763 | miou: 0.7882 | f1_macro: 0.8725 | pixel_accuracy: 0.9449 | val_loss: 0.2791
Epoch 316/1000 | train_loss: 0.2779 | miou: 0.7797 | f1_macro: 0.8669 | pixel_accuracy: 0.9408 | val_loss: 0.2864
Epoch 317/1000 | train_loss: 0.2952 | miou: 0.7776 | f1_macro: 0.8647 | pixel_accuracy: 0.9411 | val_loss: 0.2772
Epoch 318/1000 | train_loss: 0.2944 | miou: 0.7607 | f1_macro: 0.8564 | pixel_accuracy: 0.9238 | val_loss: 0.3656
Epoch 319/1000 | train_loss: 0.2713 | miou: 0.7784 | f1_macro: 0.8665 | pixel_accuracy: 0.9389 | val_loss: 0.3219
Epoch 320/1000 | train_loss: 0.2922 | miou: 0.7821 | f1_macro: 0.8686 | pixel_accuracy: 0.9405 | val_loss: 0.3126
Epoch 321/1000 | train_loss: 0.2548 | miou: 0.7793 | f1_macro: 0.8667 | pixel_accuracy: 0.9403 | val_loss: 0.2982
Epoch 322/1000 | train_loss: 0.2757 | miou: 0.7755 | f1_macro: 0.8629 | pixel_accuracy: 0.9423 | val_loss: 0.3068
Epoch 323/1000 | train_loss: 0.2727 | miou: 0.7765 | f1_macro: 0.8642 | pixel_accuracy: 0.9411 | val_loss: 0.3196
Epoch 324/1000 | train_loss: 0.2760 | miou: 0.7780 | f1_macro: 0.8658 | pixel_accuracy: 0.9398 | val_loss: 0.2993
Epoch 325/1000 | train_loss: 0.2907 | miou: 0.7751 | f1_macro: 0.8633 | pixel_accuracy: 0.9390 | val_loss: 0.2964
Epoch 326/1000 | train_loss: 0.2885 | miou: 0.7818 | f1_macro: 0.8680 | pixel_accuracy: 0.9425 | val_loss: 0.2935
Epoch 327/1000 | train_loss: 0.2768 | miou: 0.7687 | f1_macro: 0.8602 | pixel_accuracy: 0.9325 | val_loss: 0.3364
Epoch 328/1000 | train_loss: 0.2754 | miou: 0.7798 | f1_macro: 0.8667 | pixel_accuracy: 0.9417 | val_loss: 0.2750
Epoch 329/1000 | train_loss: 0.2681 | miou: 0.7784 | f1_macro: 0.8659 | pixel_accuracy: 0.9403 | val_loss: 0.2973
Epoch 330/1000 | train_loss: 0.2799 | miou: 0.7808 | f1_macro: 0.8670 | pixel_accuracy: 0.9430 | val_loss: 0.2927
Epoch 331/1000 | train_loss: 0.2714 | miou: 0.7734 | f1_macro: 0.8632 | pixel_accuracy: 0.9358 | val_loss: 0.2796
Epoch 332/1000 | train_loss: 0.2615 | miou: 0.7790 | f1_macro: 0.8658 | pixel_accuracy: 0.9417 | val_loss: 0.3119
Epoch 333/1000 | train_loss: 0.2636 | miou: 0.7801 | f1_macro: 0.8677 | pixel_accuracy: 0.9390 | val_loss: 0.2921
Epoch 334/1000 | train_loss: 0.2610 | miou: 0.7756 | f1_macro: 0.8646 | pixel_accuracy: 0.9368 | val_loss: 0.3044
Epoch 335/1000 | train_loss: 0.2915 | miou: 0.7852 | f1_macro: 0.8706 | pixel_accuracy: 0.9435 | val_loss: 0.3000
Epoch 336/1000 | train_loss: 0.2713 | miou: 0.7923 | f1_macro: 0.8753 | pixel_accuracy: 0.9458 | val_loss: 0.2509
Epoch 337/1000 | train_loss: 0.2653 | miou: 0.7676 | f1_macro: 0.8582 | pixel_accuracy: 0.9356 | val_loss: 0.2932
Epoch 338/1000 | train_loss: 0.2853 | miou: 0.7855 | f1_macro: 0.8703 | pixel_accuracy: 0.9442 | val_loss: 0.2667
Epoch 339/1000 | train_loss: 0.2521 | miou: 0.7893 | f1_macro: 0.8731 | pixel_accuracy: 0.9449 | val_loss: 0.2796
Epoch 340/1000 | train_loss: 0.2829 | miou: 0.7822 | f1_macro: 0.8687 | pixel_accuracy: 0.9411 | val_loss: 0.3146
Epoch 341/1000 | train_loss: 0.2978 | miou: 0.7822 | f1_macro: 0.8689 | pixel_accuracy: 0.9409 | val_loss: 0.3069
Epoch 342/1000 | train_loss: 0.2782 | miou: 0.7785 | f1_macro: 0.8656 | pixel_accuracy: 0.9409 | val_loss: 0.2991
Epoch 343/1000 | train_loss: 0.2798 | miou: 0.7806 | f1_macro: 0.8671 | pixel_accuracy: 0.9419 | val_loss: 0.3039
Epoch 344/1000 | train_loss: 0.2700 | miou: 0.7857 | f1_macro: 0.8707 | pixel_accuracy: 0.9441 | val_loss: 0.3122
Epoch 345/1000 | train_loss: 0.2924 | miou: 0.7839 | f1_macro: 0.8692 | pixel_accuracy: 0.9436 | val_loss: 0.2898
Epoch 346/1000 | train_loss: 0.2722 | miou: 0.7844 | f1_macro: 0.8702 | pixel_accuracy: 0.9419 | val_loss: 0.2852
Epoch 347/1000 | train_loss: 0.2767 | miou: 0.7842 | f1_macro: 0.8704 | pixel_accuracy: 0.9410 | val_loss: 0.2909
Epoch 348/1000 | train_loss: 0.2599 | miou: 0.7821 | f1_macro: 0.8678 | pixel_accuracy: 0.9436 | val_loss: 0.2905
Epoch 349/1000 | train_loss: 0.2809 | miou: 0.7764 | f1_macro: 0.8638 | pixel_accuracy: 0.9413 | val_loss: 0.3279
Epoch 350/1000 | train_loss: 0.2812 | miou: 0.7764 | f1_macro: 0.8645 | pixel_accuracy: 0.9400 | val_loss: 0.3210
Epoch 351/1000 | train_loss: 0.2882 | miou: 0.7733 | f1_macro: 0.8628 | pixel_accuracy: 0.9372 | val_loss: 0.3405
Epoch 352/1000 | train_loss: 0.2800 | miou: 0.7824 | f1_macro: 0.8681 | pixel_accuracy: 0.9437 | val_loss: 0.3160
Epoch 353/1000 | train_loss: 0.2789 | miou: 0.7753 | f1_macro: 0.8641 | pixel_accuracy: 0.9379 | val_loss: 0.3449
Epoch 354/1000 | train_loss: 0.2777 | miou: 0.7754 | f1_macro: 0.8645 | pixel_accuracy: 0.9381 | val_loss: 0.3185
Epoch 355/1000 | train_loss: 0.2592 | miou: 0.7771 | f1_macro: 0.8657 | pixel_accuracy: 0.9376 | val_loss: 0.3128
Epoch 356/1000 | train_loss: 0.2848 | miou: 0.7844 | f1_macro: 0.8706 | pixel_accuracy: 0.9406 | val_loss: 0.2898
Epoch 357/1000 | train_loss: 0.2770 | miou: 0.7837 | f1_macro: 0.8698 | pixel_accuracy: 0.9420 | val_loss: 0.3021
Epoch 358/1000 | train_loss: 0.2710 | miou: 0.7876 | f1_macro: 0.8720 | pixel_accuracy: 0.9449 | val_loss: 0.3053
Epoch 359/1000 | train_loss: 0.2693 | miou: 0.7751 | f1_macro: 0.8632 | pixel_accuracy: 0.9402 | val_loss: 0.3161
Epoch 360/1000 | train_loss: 0.2624 | miou: 0.7828 | f1_macro: 0.8687 | pixel_accuracy: 0.9425 | val_loss: 0.3052
Epoch 361/1000 | train_loss: 0.2769 | miou: 0.7867 | f1_macro: 0.8714 | pixel_accuracy: 0.9441 | val_loss: 0.2857
Epoch 362/1000 | train_loss: 0.2581 | miou: 0.7840 | f1_macro: 0.8693 | pixel_accuracy: 0.9435 | val_loss: 0.2881
Epoch 363/1000 | train_loss: 0.2696 | miou: 0.7836 | f1_macro: 0.8693 | pixel_accuracy: 0.9430 | val_loss: 0.3189
Epoch 364/1000 | train_loss: 0.2647 | miou: 0.7827 | f1_macro: 0.8686 | pixel_accuracy: 0.9427 | val_loss: 0.3025
Epoch 365/1000 | train_loss: 0.2568 | miou: 0.7864 | f1_macro: 0.8710 | pixel_accuracy: 0.9443 | val_loss: 0.3026
Epoch 366/1000 | train_loss: 0.2745 | miou: 0.7839 | f1_macro: 0.8698 | pixel_accuracy: 0.9419 | val_loss: 0.2820
Epoch 367/1000 | train_loss: 0.2710 | miou: 0.7881 | f1_macro: 0.8733 | pixel_accuracy: 0.9421 | val_loss: 0.2955
Epoch 368/1000 | train_loss: 0.2383 | miou: 0.7812 | f1_macro: 0.8688 | pixel_accuracy: 0.9376 | val_loss: 0.3006
Epoch 369/1000 | train_loss: 0.2668 | miou: 0.7834 | f1_macro: 0.8690 | pixel_accuracy: 0.9427 | val_loss: 0.3039
Epoch 370/1000 | train_loss: 0.2790 | miou: 0.7855 | f1_macro: 0.8706 | pixel_accuracy: 0.9440 | val_loss: 0.3192
Epoch 371/1000 | train_loss: 0.2803 | miou: 0.7812 | f1_macro: 0.8675 | pixel_accuracy: 0.9426 | val_loss: 0.3236
Epoch 372/1000 | train_loss: 0.2582 | miou: 0.7781 | f1_macro: 0.8662 | pixel_accuracy: 0.9385 | val_loss: 0.3060
Epoch 373/1000 | train_loss: 0.2879 | miou: 0.7783 | f1_macro: 0.8661 | pixel_accuracy: 0.9392 | val_loss: 0.3183
Epoch 374/1000 | train_loss: 0.2941 | miou: 0.7579 | f1_macro: 0.8551 | pixel_accuracy: 0.9198 | val_loss: 0.3458
Epoch 375/1000 | train_loss: 0.2959 | miou: 0.7619 | f1_macro: 0.8556 | pixel_accuracy: 0.9302 | val_loss: 0.3312
Epoch 376/1000 | train_loss: 0.2960 | miou: 0.7635 | f1_macro: 0.8560 | pixel_accuracy: 0.9323 | val_loss: 0.3584
Epoch 377/1000 | train_loss: 0.2846 | miou: 0.7617 | f1_macro: 0.8540 | pixel_accuracy: 0.9339 | val_loss: 0.3105
Epoch 378/1000 | train_loss: 0.2658 | miou: 0.7639 | f1_macro: 0.8565 | pixel_accuracy: 0.9322 | val_loss: 0.3266
Epoch 379/1000 | train_loss: 0.2740 | miou: 0.7630 | f1_macro: 0.8544 | pixel_accuracy: 0.9358 | val_loss: 0.3578
Epoch 380/1000 | train_loss: 0.2927 | miou: 0.7739 | f1_macro: 0.8628 | pixel_accuracy: 0.9387 | val_loss: 0.3252
Epoch 381/1000 | train_loss: 0.2727 | miou: 0.7670 | f1_macro: 0.8581 | pixel_accuracy: 0.9360 | val_loss: 0.3489
Epoch 382/1000 | train_loss: 0.2937 | miou: 0.7780 | f1_macro: 0.8658 | pixel_accuracy: 0.9405 | val_loss: 0.3301
Epoch 383/1000 | train_loss: 0.2879 | miou: 0.7766 | f1_macro: 0.8645 | pixel_accuracy: 0.9402 | val_loss: 0.3401
Epoch 384/1000 | train_loss: 0.2782 | miou: 0.7814 | f1_macro: 0.8683 | pixel_accuracy: 0.9409 | val_loss: 0.3356
Epoch 385/1000 | train_loss: 0.2648 | miou: 0.7799 | f1_macro: 0.8671 | pixel_accuracy: 0.9409 | val_loss: 0.3273
Epoch 386/1000 | train_loss: 0.2731 | miou: 0.7798 | f1_macro: 0.8665 | pixel_accuracy: 0.9423 | val_loss: 0.3377
Epoch 387/1000 | train_loss: 0.2601 | miou: 0.7781 | f1_macro: 0.8657 | pixel_accuracy: 0.9407 | val_loss: 0.3146
Epoch 388/1000 | train_loss: 0.2633 | miou: 0.7849 | f1_macro: 0.8703 | pixel_accuracy: 0.9437 | val_loss: 0.3392
Epoch 389/1000 | train_loss: 0.2805 | miou: 0.7875 | f1_macro: 0.8721 | pixel_accuracy: 0.9447 | val_loss: 0.3319
Epoch 390/1000 | train_loss: 0.2650 | miou: 0.7837 | f1_macro: 0.8692 | pixel_accuracy: 0.9435 | val_loss: 0.3278
Epoch 391/1000 | train_loss: 0.2729 | miou: 0.7744 | f1_macro: 0.8627 | pixel_accuracy: 0.9409 | val_loss: 0.3590
Epoch 392/1000 | train_loss: 0.2636 | miou: 0.7848 | f1_macro: 0.8702 | pixel_accuracy: 0.9437 | val_loss: 0.3305
Epoch 393/1000 | train_loss: 0.2734 | miou: 0.7832 | f1_macro: 0.8690 | pixel_accuracy: 0.9434 | val_loss: 0.3434
Epoch 394/1000 | train_loss: 0.2646 | miou: 0.7816 | f1_macro: 0.8679 | pixel_accuracy: 0.9427 | val_loss: 0.3339
Epoch 395/1000 | train_loss: 0.2908 | miou: 0.7801 | f1_macro: 0.8669 | pixel_accuracy: 0.9424 | val_loss: 0.3491
Epoch 396/1000 | train_loss: 0.2886 | miou: 0.7756 | f1_macro: 0.8634 | pixel_accuracy: 0.9408 | val_loss: 0.2872
Epoch 397/1000 | train_loss: 0.2922 | miou: 0.7751 | f1_macro: 0.8630 | pixel_accuracy: 0.9413 | val_loss: 0.3848
Epoch 398/1000 | train_loss: 0.2742 | miou: 0.7797 | f1_macro: 0.8669 | pixel_accuracy: 0.9411 | val_loss: 0.3349
Epoch 399/1000 | train_loss: 0.2626 | miou: 0.7742 | f1_macro: 0.8630 | pixel_accuracy: 0.9391 | val_loss: 0.3435
Epoch 400/1000 | train_loss: 0.2669 | miou: 0.7812 | f1_macro: 0.8675 | pixel_accuracy: 0.9429 | val_loss: 0.2969
Epoch 401/1000 | train_loss: 0.2718 | miou: 0.7801 | f1_macro: 0.8669 | pixel_accuracy: 0.9427 | val_loss: 0.3465
Epoch 402/1000 | train_loss: 0.2591 | miou: 0.7852 | f1_macro: 0.8701 | pixel_accuracy: 0.9447 | val_loss: 0.3215
Epoch 403/1000 | train_loss: 0.2610 | miou: 0.7834 | f1_macro: 0.8689 | pixel_accuracy: 0.9437 | val_loss: 0.3283
Epoch 404/1000 | train_loss: 0.2666 | miou: 0.7814 | f1_macro: 0.8674 | pixel_accuracy: 0.9435 | val_loss: 0.3291
Epoch 405/1000 | train_loss: 0.2600 | miou: 0.7831 | f1_macro: 0.8687 | pixel_accuracy: 0.9442 | val_loss: 0.3281
Epoch 406/1000 | train_loss: 0.3015 | miou: 0.7833 | f1_macro: 0.8688 | pixel_accuracy: 0.9437 | val_loss: 0.3079
Epoch 407/1000 | train_loss: 0.2654 | miou: 0.7867 | f1_macro: 0.8714 | pixel_accuracy: 0.9447 | val_loss: 0.3175
Epoch 408/1000 | train_loss: 0.2767 | miou: 0.7864 | f1_macro: 0.8711 | pixel_accuracy: 0.9446 | val_loss: 0.3124
Epoch 409/1000 | train_loss: 0.2929 | miou: 0.7857 | f1_macro: 0.8705 | pixel_accuracy: 0.9451 | val_loss: 0.3339
Epoch 410/1000 | train_loss: 0.2612 | miou: 0.7875 | f1_macro: 0.8720 | pixel_accuracy: 0.9449 | val_loss: 0.3361
Epoch 411/1000 | train_loss: 0.2869 | miou: 0.7798 | f1_macro: 0.8663 | pixel_accuracy: 0.9417 | val_loss: 0.2758
Epoch 412/1000 | train_loss: 0.2607 | miou: 0.7920 | f1_macro: 0.8752 | pixel_accuracy: 0.9461 | val_loss: 0.3171
Epoch 413/1000 | train_loss: 0.2847 | miou: 0.7865 | f1_macro: 0.8714 | pixel_accuracy: 0.9434 | val_loss: 0.3030
Epoch 414/1000 | train_loss: 0.2788 | miou: 0.7852 | f1_macro: 0.8707 | pixel_accuracy: 0.9430 | val_loss: 0.3121
Epoch 415/1000 | train_loss: 0.2581 | miou: 0.7845 | f1_macro: 0.8700 | pixel_accuracy: 0.9432 | val_loss: 0.2950
Epoch 416/1000 | train_loss: 0.2799 | miou: 0.7773 | f1_macro: 0.8648 | pixel_accuracy: 0.9413 | val_loss: 0.3234
Epoch 417/1000 | train_loss: 0.2830 | miou: 0.7829 | f1_macro: 0.8690 | pixel_accuracy: 0.9422 | val_loss: 0.3225
Epoch 418/1000 | train_loss: 0.2887 | miou: 0.7846 | f1_macro: 0.8701 | pixel_accuracy: 0.9432 | val_loss: 0.3336
Epoch 419/1000 | train_loss: 0.2589 | miou: 0.7844 | f1_macro: 0.8696 | pixel_accuracy: 0.9441 | val_loss: 0.3198
Epoch 420/1000 | train_loss: 0.2860 | miou: 0.7830 | f1_macro: 0.8688 | pixel_accuracy: 0.9431 | val_loss: 0.3173
Epoch 421/1000 | train_loss: 0.2656 | miou: 0.7455 | f1_macro: 0.8465 | pixel_accuracy: 0.9158 | val_loss: 0.4135
Epoch 422/1000 | train_loss: 0.2572 | miou: 0.7820 | f1_macro: 0.8681 | pixel_accuracy: 0.9423 | val_loss: 0.3051
Epoch 423/1000 | train_loss: 0.2689 | miou: 0.7760 | f1_macro: 0.8642 | pixel_accuracy: 0.9397 | val_loss: 0.3260
Early stopping at epoch 423 (patience=300)
Training complete. Best val_loss: 0.2212
Training complete for deeplabv3plus-merged
