==========================================
Job ID: 3160342
Node: dgxt001
GPU: 0
Experiment: configs/experiment/deeplabv3_dataset83.yaml
Run Name: deeplabv3-d83
==========================================
Sun Feb 22 12:57:59 2026       
+-----------------------------------------------------------------------------------------+
| NVIDIA-SMI 570.158.01             Driver Version: 570.158.01     CUDA Version: 12.8     |
|-----------------------------------------+------------------------+----------------------+
| GPU  Name                 Persistence-M | Bus-Id          Disp.A | Volatile Uncorr. ECC |
| Fan  Temp   Perf          Pwr:Usage/Cap |           Memory-Usage | GPU-Util  Compute M. |
|                                         |                        |               MIG M. |
|=========================================+========================+======================|
|   0  NVIDIA A100-SXM4-40GB          On  |   00000000:07:00.0 Off |                    0 |
| N/A   26C    P0             51W /  400W |       0MiB /  40960MiB |      0%      Default |
|                                         |                        |             Disabled |
+-----------------------------------------+------------------------+----------------------+
                                                                                         
+-----------------------------------------------------------------------------------------+
| Processes:                                                                              |
|  GPU   GI   CI              PID   Type   Process name                        GPU Memory |
|        ID   ID                                                               Usage      |
|=========================================================================================|
|  No running processes found                                                             |
+-----------------------------------------------------------------------------------------+
Split: 11 train / 3 val (from 14 total)
Model: deeplabv3
Trainable parameters: 39,635,014
Epoch 1/1000 | train_loss: 1.8666 | miou: 0.0337 | f1_macro: 0.0607 | pixel_accuracy: 0.0849 | val_loss: 1.7992
Epoch 2/1000 | train_loss: 1.6019 | miou: 0.1468 | f1_macro: 0.2326 | pixel_accuracy: 0.2897 | val_loss: 1.7852
Epoch 3/1000 | train_loss: 1.4726 | miou: 0.1928 | f1_macro: 0.2954 | pixel_accuracy: 0.4311 | val_loss: 1.6412
Epoch 4/1000 | train_loss: 1.2550 | miou: 0.2478 | f1_macro: 0.3616 | pixel_accuracy: 0.5517 | val_loss: 1.4390
Epoch 5/1000 | train_loss: 1.1648 | miou: 0.2907 | f1_macro: 0.4159 | pixel_accuracy: 0.6149 | val_loss: 1.2625
Epoch 6/1000 | train_loss: 1.0627 | miou: 0.3074 | f1_macro: 0.4342 | pixel_accuracy: 0.6419 | val_loss: 1.1982
Epoch 7/1000 | train_loss: 0.9535 | miou: 0.3053 | f1_macro: 0.4279 | pixel_accuracy: 0.6469 | val_loss: 1.1617
Epoch 8/1000 | train_loss: 0.9469 | miou: 0.3012 | f1_macro: 0.4177 | pixel_accuracy: 0.6538 | val_loss: 1.1285
Epoch 9/1000 | train_loss: 0.8322 | miou: 0.3042 | f1_macro: 0.4217 | pixel_accuracy: 0.6599 | val_loss: 1.1026
Epoch 10/1000 | train_loss: 0.8024 | miou: 0.3142 | f1_macro: 0.4289 | pixel_accuracy: 0.6838 | val_loss: 1.0548
Epoch 11/1000 | train_loss: 0.8203 | miou: 0.3307 | f1_macro: 0.4477 | pixel_accuracy: 0.7033 | val_loss: 1.0078
Epoch 12/1000 | train_loss: 0.9106 | miou: 0.3431 | f1_macro: 0.4549 | pixel_accuracy: 0.7255 | val_loss: 0.9666
Epoch 13/1000 | train_loss: 0.7295 | miou: 0.3463 | f1_macro: 0.4658 | pixel_accuracy: 0.7186 | val_loss: 0.9517
Epoch 14/1000 | train_loss: 0.7543 | miou: 0.3527 | f1_macro: 0.4715 | pixel_accuracy: 0.7318 | val_loss: 0.9532
Epoch 15/1000 | train_loss: 0.8061 | miou: 0.3551 | f1_macro: 0.4710 | pixel_accuracy: 0.7366 | val_loss: 0.9382
Epoch 16/1000 | train_loss: 0.7216 | miou: 0.3495 | f1_macro: 0.4624 | pixel_accuracy: 0.7326 | val_loss: 0.9433
Epoch 17/1000 | train_loss: 0.7134 | miou: 0.3590 | f1_macro: 0.4778 | pixel_accuracy: 0.7304 | val_loss: 0.9231
Epoch 18/1000 | train_loss: 0.6673 | miou: 0.3867 | f1_macro: 0.5200 | pixel_accuracy: 0.7271 | val_loss: 0.9377
Epoch 19/1000 | train_loss: 0.6796 | miou: 0.3940 | f1_macro: 0.5219 | pixel_accuracy: 0.7397 | val_loss: 0.8994
Epoch 20/1000 | train_loss: 0.6201 | miou: 0.3923 | f1_macro: 0.5110 | pixel_accuracy: 0.7541 | val_loss: 0.8577
Epoch 21/1000 | train_loss: 0.6555 | miou: 0.3732 | f1_macro: 0.4824 | pixel_accuracy: 0.7507 | val_loss: 0.8785
Epoch 22/1000 | train_loss: 0.6715 | miou: 0.3725 | f1_macro: 0.4943 | pixel_accuracy: 0.7296 | val_loss: 0.9134
Epoch 23/1000 | train_loss: 0.6443 | miou: 0.4064 | f1_macro: 0.5388 | pixel_accuracy: 0.7470 | val_loss: 0.8533
Epoch 24/1000 | train_loss: 0.6815 | miou: 0.4155 | f1_macro: 0.5460 | pixel_accuracy: 0.7560 | val_loss: 0.8203
Epoch 25/1000 | train_loss: 0.6467 | miou: 0.4140 | f1_macro: 0.5444 | pixel_accuracy: 0.7524 | val_loss: 0.8420
Epoch 26/1000 | train_loss: 0.5964 | miou: 0.3740 | f1_macro: 0.4981 | pixel_accuracy: 0.7243 | val_loss: 0.9129
Epoch 27/1000 | train_loss: 0.5839 | miou: 0.3932 | f1_macro: 0.5233 | pixel_accuracy: 0.7355 | val_loss: 0.9024
Epoch 28/1000 | train_loss: 0.6455 | miou: 0.4306 | f1_macro: 0.5653 | pixel_accuracy: 0.7610 | val_loss: 0.8126
Epoch 29/1000 | train_loss: 0.6430 | miou: 0.4513 | f1_macro: 0.5930 | pixel_accuracy: 0.7638 | val_loss: 0.7902
Epoch 30/1000 | train_loss: 0.6107 | miou: 0.4459 | f1_macro: 0.5878 | pixel_accuracy: 0.7578 | val_loss: 0.8169
Epoch 31/1000 | train_loss: 0.6649 | miou: 0.4453 | f1_macro: 0.5878 | pixel_accuracy: 0.7521 | val_loss: 0.8324
Epoch 32/1000 | train_loss: 0.5522 | miou: 0.4524 | f1_macro: 0.5986 | pixel_accuracy: 0.7454 | val_loss: 0.8456
Epoch 33/1000 | train_loss: 0.5982 | miou: 0.4305 | f1_macro: 0.5745 | pixel_accuracy: 0.7278 | val_loss: 0.8912
Epoch 34/1000 | train_loss: 0.6011 | miou: 0.4202 | f1_macro: 0.5551 | pixel_accuracy: 0.7435 | val_loss: 0.8511
Epoch 35/1000 | train_loss: 0.5641 | miou: 0.3894 | f1_macro: 0.5130 | pixel_accuracy: 0.7402 | val_loss: 0.8609
Epoch 36/1000 | train_loss: 0.6079 | miou: 0.4015 | f1_macro: 0.5227 | pixel_accuracy: 0.7565 | val_loss: 0.8361
Epoch 37/1000 | train_loss: 0.5831 | miou: 0.3852 | f1_macro: 0.5060 | pixel_accuracy: 0.7395 | val_loss: 0.8879
Epoch 38/1000 | train_loss: 0.5724 | miou: 0.3898 | f1_macro: 0.5126 | pixel_accuracy: 0.7358 | val_loss: 0.8956
Epoch 39/1000 | train_loss: 0.6192 | miou: 0.4036 | f1_macro: 0.5269 | pixel_accuracy: 0.7476 | val_loss: 0.8588
Epoch 40/1000 | train_loss: 0.5513 | miou: 0.4328 | f1_macro: 0.5635 | pixel_accuracy: 0.7626 | val_loss: 0.8216
Epoch 41/1000 | train_loss: 0.5428 | miou: 0.4510 | f1_macro: 0.5844 | pixel_accuracy: 0.7698 | val_loss: 0.8192
Epoch 42/1000 | train_loss: 0.5695 | miou: 0.4562 | f1_macro: 0.5921 | pixel_accuracy: 0.7654 | val_loss: 0.8413
Epoch 43/1000 | train_loss: 0.5328 | miou: 0.4589 | f1_macro: 0.5892 | pixel_accuracy: 0.7755 | val_loss: 0.8085
Epoch 44/1000 | train_loss: 0.5499 | miou: 0.4687 | f1_macro: 0.6019 | pixel_accuracy: 0.7826 | val_loss: 0.7697
Epoch 45/1000 | train_loss: 0.5922 | miou: 0.4809 | f1_macro: 0.6167 | pixel_accuracy: 0.7857 | val_loss: 0.7474
Epoch 46/1000 | train_loss: 0.5513 | miou: 0.4572 | f1_macro: 0.5952 | pixel_accuracy: 0.7668 | val_loss: 0.8160
Epoch 47/1000 | train_loss: 0.5629 | miou: 0.4460 | f1_macro: 0.5850 | pixel_accuracy: 0.7570 | val_loss: 0.8261
Epoch 48/1000 | train_loss: 0.5061 | miou: 0.4437 | f1_macro: 0.5805 | pixel_accuracy: 0.7465 | val_loss: 0.8474
Epoch 49/1000 | train_loss: 0.5631 | miou: 0.4280 | f1_macro: 0.5598 | pixel_accuracy: 0.7376 | val_loss: 0.8721
Epoch 50/1000 | train_loss: 0.5395 | miou: 0.3941 | f1_macro: 0.5235 | pixel_accuracy: 0.7049 | val_loss: 0.9622
Epoch 51/1000 | train_loss: 0.6225 | miou: 0.4335 | f1_macro: 0.5601 | pixel_accuracy: 0.7452 | val_loss: 0.8639
Epoch 52/1000 | train_loss: 0.5709 | miou: 0.4361 | f1_macro: 0.5618 | pixel_accuracy: 0.7497 | val_loss: 0.8454
Epoch 53/1000 | train_loss: 0.5292 | miou: 0.4248 | f1_macro: 0.5547 | pixel_accuracy: 0.7341 | val_loss: 0.8949
Epoch 54/1000 | train_loss: 0.5382 | miou: 0.4262 | f1_macro: 0.5599 | pixel_accuracy: 0.7276 | val_loss: 0.9122
Epoch 55/1000 | train_loss: 0.5319 | miou: 0.4391 | f1_macro: 0.5742 | pixel_accuracy: 0.7338 | val_loss: 0.8974
Epoch 56/1000 | train_loss: 0.5705 | miou: 0.4538 | f1_macro: 0.5860 | pixel_accuracy: 0.7510 | val_loss: 0.8636
Epoch 57/1000 | train_loss: 0.5627 | miou: 0.4374 | f1_macro: 0.5678 | pixel_accuracy: 0.7429 | val_loss: 0.8988
Epoch 58/1000 | train_loss: 0.5258 | miou: 0.4309 | f1_macro: 0.5673 | pixel_accuracy: 0.7244 | val_loss: 0.9739
Epoch 59/1000 | train_loss: 0.5749 | miou: 0.4149 | f1_macro: 0.5523 | pixel_accuracy: 0.7145 | val_loss: 0.9787
Epoch 60/1000 | train_loss: 0.5108 | miou: 0.4105 | f1_macro: 0.5470 | pixel_accuracy: 0.7160 | val_loss: 0.9382
Epoch 61/1000 | train_loss: 0.5461 | miou: 0.4253 | f1_macro: 0.5643 | pixel_accuracy: 0.7252 | val_loss: 0.9175
Epoch 62/1000 | train_loss: 0.5225 | miou: 0.4353 | f1_macro: 0.5732 | pixel_accuracy: 0.7352 | val_loss: 0.8918
Epoch 63/1000 | train_loss: 0.5063 | miou: 0.4567 | f1_macro: 0.5871 | pixel_accuracy: 0.7677 | val_loss: 0.8248
Epoch 64/1000 | train_loss: 0.5409 | miou: 0.4549 | f1_macro: 0.5836 | pixel_accuracy: 0.7663 | val_loss: 0.8218
Epoch 65/1000 | train_loss: 0.4927 | miou: 0.4454 | f1_macro: 0.5796 | pixel_accuracy: 0.7485 | val_loss: 0.8384
Epoch 66/1000 | train_loss: 0.5239 | miou: 0.4731 | f1_macro: 0.6120 | pixel_accuracy: 0.7722 | val_loss: 0.7877
Epoch 67/1000 | train_loss: 0.4922 | miou: 0.4929 | f1_macro: 0.6332 | pixel_accuracy: 0.7798 | val_loss: 0.7610
Epoch 68/1000 | train_loss: 0.5242 | miou: 0.4997 | f1_macro: 0.6394 | pixel_accuracy: 0.7834 | val_loss: 0.7390
Epoch 69/1000 | train_loss: 0.4641 | miou: 0.4882 | f1_macro: 0.6255 | pixel_accuracy: 0.7756 | val_loss: 0.8015
Epoch 70/1000 | train_loss: 0.5335 | miou: 0.4704 | f1_macro: 0.6050 | pixel_accuracy: 0.7727 | val_loss: 0.8330
Epoch 71/1000 | train_loss: 0.5130 | miou: 0.4826 | f1_macro: 0.6155 | pixel_accuracy: 0.7815 | val_loss: 0.8030
Epoch 72/1000 | train_loss: 0.5037 | miou: 0.4891 | f1_macro: 0.6233 | pixel_accuracy: 0.7852 | val_loss: 0.7740
Epoch 73/1000 | train_loss: 0.4874 | miou: 0.4952 | f1_macro: 0.6327 | pixel_accuracy: 0.7828 | val_loss: 0.7917
Epoch 74/1000 | train_loss: 0.4909 | miou: 0.4939 | f1_macro: 0.6299 | pixel_accuracy: 0.7850 | val_loss: 0.7860
Epoch 75/1000 | train_loss: 0.4893 | miou: 0.4867 | f1_macro: 0.6227 | pixel_accuracy: 0.7845 | val_loss: 0.8072
Epoch 76/1000 | train_loss: 0.5154 | miou: 0.4611 | f1_macro: 0.5952 | pixel_accuracy: 0.7748 | val_loss: 0.8343
Epoch 77/1000 | train_loss: 0.5980 | miou: 0.4224 | f1_macro: 0.5488 | pixel_accuracy: 0.7523 | val_loss: 0.8780
Epoch 78/1000 | train_loss: 0.4795 | miou: 0.4238 | f1_macro: 0.5521 | pixel_accuracy: 0.7424 | val_loss: 0.8650
Epoch 79/1000 | train_loss: 0.4646 | miou: 0.4549 | f1_macro: 0.5835 | pixel_accuracy: 0.7533 | val_loss: 0.8010
Epoch 80/1000 | train_loss: 0.4880 | miou: 0.4513 | f1_macro: 0.5796 | pixel_accuracy: 0.7513 | val_loss: 0.8063
Epoch 81/1000 | train_loss: 0.4757 | miou: 0.4370 | f1_macro: 0.5655 | pixel_accuracy: 0.7398 | val_loss: 0.9080
Epoch 82/1000 | train_loss: 0.4747 | miou: 0.4492 | f1_macro: 0.5781 | pixel_accuracy: 0.7475 | val_loss: 0.9097
Epoch 83/1000 | train_loss: 0.5180 | miou: 0.4619 | f1_macro: 0.5914 | pixel_accuracy: 0.7546 | val_loss: 0.8745
Epoch 84/1000 | train_loss: 0.5423 | miou: 0.4628 | f1_macro: 0.5927 | pixel_accuracy: 0.7599 | val_loss: 0.8428
Epoch 85/1000 | train_loss: 0.5008 | miou: 0.4679 | f1_macro: 0.5974 | pixel_accuracy: 0.7576 | val_loss: 0.8537
Epoch 86/1000 | train_loss: 0.4751 | miou: 0.4728 | f1_macro: 0.6045 | pixel_accuracy: 0.7576 | val_loss: 0.8269
Epoch 87/1000 | train_loss: 0.5052 | miou: 0.4918 | f1_macro: 0.6227 | pixel_accuracy: 0.7803 | val_loss: 0.7282
Epoch 88/1000 | train_loss: 0.5566 | miou: 0.4958 | f1_macro: 0.6231 | pixel_accuracy: 0.8043 | val_loss: 0.6762
Epoch 89/1000 | train_loss: 0.5647 | miou: 0.5072 | f1_macro: 0.6329 | pixel_accuracy: 0.8173 | val_loss: 0.6397
Epoch 90/1000 | train_loss: 0.4995 | miou: 0.4937 | f1_macro: 0.6239 | pixel_accuracy: 0.7925 | val_loss: 0.7097
Epoch 91/1000 | train_loss: 0.5291 | miou: 0.4708 | f1_macro: 0.6002 | pixel_accuracy: 0.7728 | val_loss: 0.7435
Epoch 92/1000 | train_loss: 0.4951 | miou: 0.4621 | f1_macro: 0.5921 | pixel_accuracy: 0.7653 | val_loss: 0.7733
Epoch 93/1000 | train_loss: 0.5060 | miou: 0.4714 | f1_macro: 0.6016 | pixel_accuracy: 0.7736 | val_loss: 0.8002
Epoch 94/1000 | train_loss: 0.5025 | miou: 0.4721 | f1_macro: 0.6037 | pixel_accuracy: 0.7614 | val_loss: 0.8411
Epoch 95/1000 | train_loss: 0.5081 | miou: 0.4930 | f1_macro: 0.6260 | pixel_accuracy: 0.7763 | val_loss: 0.8058
Epoch 96/1000 | train_loss: 0.5082 | miou: 0.4764 | f1_macro: 0.6107 | pixel_accuracy: 0.7615 | val_loss: 0.8428
Epoch 97/1000 | train_loss: 0.4475 | miou: 0.4686 | f1_macro: 0.6053 | pixel_accuracy: 0.7521 | val_loss: 0.8716
Epoch 98/1000 | train_loss: 0.4856 | miou: 0.4673 | f1_macro: 0.6033 | pixel_accuracy: 0.7557 | val_loss: 0.8225
Epoch 99/1000 | train_loss: 0.5154 | miou: 0.4818 | f1_macro: 0.6169 | pixel_accuracy: 0.7659 | val_loss: 0.7818
Epoch 100/1000 | train_loss: 0.4845 | miou: 0.4593 | f1_macro: 0.5933 | pixel_accuracy: 0.7511 | val_loss: 0.8529
Epoch 101/1000 | train_loss: 0.4994 | miou: 0.4513 | f1_macro: 0.5821 | pixel_accuracy: 0.7506 | val_loss: 0.8647
Epoch 102/1000 | train_loss: 0.4485 | miou: 0.4530 | f1_macro: 0.5823 | pixel_accuracy: 0.7523 | val_loss: 0.8492
Epoch 103/1000 | train_loss: 0.4991 | miou: 0.4625 | f1_macro: 0.5908 | pixel_accuracy: 0.7496 | val_loss: 0.8795
Epoch 104/1000 | train_loss: 0.4748 | miou: 0.4722 | f1_macro: 0.5981 | pixel_accuracy: 0.7561 | val_loss: 0.8414
Epoch 105/1000 | train_loss: 0.4788 | miou: 0.4773 | f1_macro: 0.6049 | pixel_accuracy: 0.7637 | val_loss: 0.8265
Epoch 106/1000 | train_loss: 0.5187 | miou: 0.4827 | f1_macro: 0.6109 | pixel_accuracy: 0.7724 | val_loss: 0.7873
Epoch 107/1000 | train_loss: 0.4921 | miou: 0.4806 | f1_macro: 0.6074 | pixel_accuracy: 0.7768 | val_loss: 0.7646
Epoch 108/1000 | train_loss: 0.5135 | miou: 0.4881 | f1_macro: 0.6144 | pixel_accuracy: 0.7779 | val_loss: 0.7460
Epoch 109/1000 | train_loss: 0.4491 | miou: 0.4801 | f1_macro: 0.6085 | pixel_accuracy: 0.7693 | val_loss: 0.7804
Epoch 110/1000 | train_loss: 0.4793 | miou: 0.4743 | f1_macro: 0.6016 | pixel_accuracy: 0.7692 | val_loss: 0.8016
Epoch 111/1000 | train_loss: 0.4936 | miou: 0.4704 | f1_macro: 0.5964 | pixel_accuracy: 0.7694 | val_loss: 0.8276
Epoch 112/1000 | train_loss: 0.4247 | miou: 0.4775 | f1_macro: 0.6024 | pixel_accuracy: 0.7773 | val_loss: 0.8203
Epoch 113/1000 | train_loss: 0.4676 | miou: 0.4996 | f1_macro: 0.6258 | pixel_accuracy: 0.7819 | val_loss: 0.8069
Epoch 114/1000 | train_loss: 0.4956 | miou: 0.5164 | f1_macro: 0.6417 | pixel_accuracy: 0.7991 | val_loss: 0.7242
Epoch 115/1000 | train_loss: 0.4792 | miou: 0.5129 | f1_macro: 0.6377 | pixel_accuracy: 0.8120 | val_loss: 0.6639
Epoch 116/1000 | train_loss: 0.4518 | miou: 0.5028 | f1_macro: 0.6275 | pixel_accuracy: 0.8094 | val_loss: 0.6669
Epoch 117/1000 | train_loss: 0.4420 | miou: 0.5102 | f1_macro: 0.6320 | pixel_accuracy: 0.8049 | val_loss: 0.6767
Epoch 118/1000 | train_loss: 0.5211 | miou: 0.4986 | f1_macro: 0.6211 | pixel_accuracy: 0.7984 | val_loss: 0.6901
Epoch 119/1000 | train_loss: 0.4584 | miou: 0.4808 | f1_macro: 0.6057 | pixel_accuracy: 0.7874 | val_loss: 0.7258
Epoch 120/1000 | train_loss: 0.4445 | miou: 0.4535 | f1_macro: 0.5792 | pixel_accuracy: 0.7699 | val_loss: 0.8216
Epoch 121/1000 | train_loss: 0.4910 | miou: 0.4654 | f1_macro: 0.5907 | pixel_accuracy: 0.7737 | val_loss: 0.8242
Epoch 122/1000 | train_loss: 0.4869 | miou: 0.4719 | f1_macro: 0.5982 | pixel_accuracy: 0.7690 | val_loss: 0.8371
Epoch 123/1000 | train_loss: 0.4825 | miou: 0.4825 | f1_macro: 0.6084 | pixel_accuracy: 0.7699 | val_loss: 0.8045
Epoch 124/1000 | train_loss: 0.5332 | miou: 0.4820 | f1_macro: 0.6089 | pixel_accuracy: 0.7667 | val_loss: 0.8299
Epoch 125/1000 | train_loss: 0.4597 | miou: 0.4803 | f1_macro: 0.6092 | pixel_accuracy: 0.7677 | val_loss: 0.8345
Epoch 126/1000 | train_loss: 0.4355 | miou: 0.4955 | f1_macro: 0.6245 | pixel_accuracy: 0.7796 | val_loss: 0.8136
Epoch 127/1000 | train_loss: 0.4518 | miou: 0.4889 | f1_macro: 0.6190 | pixel_accuracy: 0.7683 | val_loss: 0.8617
Epoch 128/1000 | train_loss: 0.4545 | miou: 0.4876 | f1_macro: 0.6164 | pixel_accuracy: 0.7671 | val_loss: 0.8621
Epoch 129/1000 | train_loss: 0.4606 | miou: 0.4907 | f1_macro: 0.6147 | pixel_accuracy: 0.7803 | val_loss: 0.8084
Epoch 130/1000 | train_loss: 0.4879 | miou: 0.4893 | f1_macro: 0.6104 | pixel_accuracy: 0.7888 | val_loss: 0.7763
Epoch 131/1000 | train_loss: 0.4850 | miou: 0.4713 | f1_macro: 0.5933 | pixel_accuracy: 0.7754 | val_loss: 0.8074
Epoch 132/1000 | train_loss: 0.4597 | miou: 0.4702 | f1_macro: 0.5943 | pixel_accuracy: 0.7672 | val_loss: 0.8193
Epoch 133/1000 | train_loss: 0.4853 | miou: 0.4578 | f1_macro: 0.5883 | pixel_accuracy: 0.7506 | val_loss: 0.8738
Epoch 134/1000 | train_loss: 0.4660 | miou: 0.4589 | f1_macro: 0.5927 | pixel_accuracy: 0.7558 | val_loss: 0.8644
Epoch 135/1000 | train_loss: 0.5028 | miou: 0.4779 | f1_macro: 0.6017 | pixel_accuracy: 0.7850 | val_loss: 0.7813
Epoch 136/1000 | train_loss: 0.4887 | miou: 0.4897 | f1_macro: 0.6110 | pixel_accuracy: 0.7958 | val_loss: 0.7396
Epoch 137/1000 | train_loss: 0.5222 | miou: 0.5035 | f1_macro: 0.6277 | pixel_accuracy: 0.8057 | val_loss: 0.6909
Epoch 138/1000 | train_loss: 0.4340 | miou: 0.5071 | f1_macro: 0.6392 | pixel_accuracy: 0.7974 | val_loss: 0.7066
Epoch 139/1000 | train_loss: 0.4384 | miou: 0.5154 | f1_macro: 0.6503 | pixel_accuracy: 0.7955 | val_loss: 0.6995
Epoch 140/1000 | train_loss: 0.4189 | miou: 0.5077 | f1_macro: 0.6419 | pixel_accuracy: 0.7781 | val_loss: 0.7789
Epoch 141/1000 | train_loss: 0.4110 | miou: 0.4994 | f1_macro: 0.6265 | pixel_accuracy: 0.7791 | val_loss: 0.7775
Epoch 142/1000 | train_loss: 0.5362 | miou: 0.5038 | f1_macro: 0.6253 | pixel_accuracy: 0.7906 | val_loss: 0.7420
Epoch 143/1000 | train_loss: 0.4466 | miou: 0.5045 | f1_macro: 0.6252 | pixel_accuracy: 0.8001 | val_loss: 0.7197
Epoch 144/1000 | train_loss: 0.4866 | miou: 0.4845 | f1_macro: 0.6061 | pixel_accuracy: 0.7981 | val_loss: 0.7323
Epoch 145/1000 | train_loss: 0.4482 | miou: 0.4864 | f1_macro: 0.6110 | pixel_accuracy: 0.7940 | val_loss: 0.7505
Epoch 146/1000 | train_loss: 0.4184 | miou: 0.4968 | f1_macro: 0.6257 | pixel_accuracy: 0.7941 | val_loss: 0.7398
Epoch 147/1000 | train_loss: 0.4828 | miou: 0.5041 | f1_macro: 0.6371 | pixel_accuracy: 0.7882 | val_loss: 0.7583
Epoch 148/1000 | train_loss: 0.4371 | miou: 0.5013 | f1_macro: 0.6305 | pixel_accuracy: 0.7876 | val_loss: 0.7675
Epoch 149/1000 | train_loss: 0.4270 | miou: 0.4968 | f1_macro: 0.6218 | pixel_accuracy: 0.7888 | val_loss: 0.7585
Epoch 150/1000 | train_loss: 0.4810 | miou: 0.4932 | f1_macro: 0.6155 | pixel_accuracy: 0.7921 | val_loss: 0.7378
Epoch 151/1000 | train_loss: 0.4486 | miou: 0.4911 | f1_macro: 0.6171 | pixel_accuracy: 0.7891 | val_loss: 0.7450
Epoch 152/1000 | train_loss: 0.4416 | miou: 0.4875 | f1_macro: 0.6160 | pixel_accuracy: 0.7860 | val_loss: 0.7394
Epoch 153/1000 | train_loss: 0.4656 | miou: 0.4784 | f1_macro: 0.6094 | pixel_accuracy: 0.7745 | val_loss: 0.8113
Epoch 154/1000 | train_loss: 0.5081 | miou: 0.4819 | f1_macro: 0.6112 | pixel_accuracy: 0.7755 | val_loss: 0.8157
Epoch 155/1000 | train_loss: 0.4686 | miou: 0.4747 | f1_macro: 0.6022 | pixel_accuracy: 0.7696 | val_loss: 0.8376
Epoch 156/1000 | train_loss: 0.4539 | miou: 0.4696 | f1_macro: 0.5956 | pixel_accuracy: 0.7697 | val_loss: 0.8119
Epoch 157/1000 | train_loss: 0.4550 | miou: 0.4615 | f1_macro: 0.5902 | pixel_accuracy: 0.7545 | val_loss: 0.8733
Epoch 158/1000 | train_loss: 0.4479 | miou: 0.4795 | f1_macro: 0.6076 | pixel_accuracy: 0.7777 | val_loss: 0.7715
Epoch 159/1000 | train_loss: 0.4708 | miou: 0.5200 | f1_macro: 0.6461 | pixel_accuracy: 0.8185 | val_loss: 0.6487
Epoch 160/1000 | train_loss: 0.4304 | miou: 0.5425 | f1_macro: 0.6720 | pixel_accuracy: 0.8234 | val_loss: 0.6364
Epoch 161/1000 | train_loss: 0.4342 | miou: 0.5413 | f1_macro: 0.6701 | pixel_accuracy: 0.8237 | val_loss: 0.6474
Epoch 162/1000 | train_loss: 0.4431 | miou: 0.5279 | f1_macro: 0.6555 | pixel_accuracy: 0.8189 | val_loss: 0.6672
Epoch 163/1000 | train_loss: 0.4391 | miou: 0.4993 | f1_macro: 0.6284 | pixel_accuracy: 0.8061 | val_loss: 0.7037
Epoch 164/1000 | train_loss: 0.4872 | miou: 0.4848 | f1_macro: 0.6111 | pixel_accuracy: 0.8000 | val_loss: 0.7151
Epoch 165/1000 | train_loss: 0.4675 | miou: 0.4901 | f1_macro: 0.6178 | pixel_accuracy: 0.7865 | val_loss: 0.7546
Epoch 166/1000 | train_loss: 0.4463 | miou: 0.4800 | f1_macro: 0.6093 | pixel_accuracy: 0.7766 | val_loss: 0.7862
Epoch 167/1000 | train_loss: 0.4614 | miou: 0.4917 | f1_macro: 0.6203 | pixel_accuracy: 0.7848 | val_loss: 0.7777
Epoch 168/1000 | train_loss: 0.4628 | miou: 0.4891 | f1_macro: 0.6171 | pixel_accuracy: 0.7890 | val_loss: 0.7676
Epoch 169/1000 | train_loss: 0.4425 | miou: 0.4969 | f1_macro: 0.6220 | pixel_accuracy: 0.8039 | val_loss: 0.7024
Epoch 170/1000 | train_loss: 0.4539 | miou: 0.4925 | f1_macro: 0.6182 | pixel_accuracy: 0.7943 | val_loss: 0.7281
Epoch 171/1000 | train_loss: 0.4323 | miou: 0.5007 | f1_macro: 0.6247 | pixel_accuracy: 0.8002 | val_loss: 0.7095
Epoch 172/1000 | train_loss: 0.5153 | miou: 0.4821 | f1_macro: 0.6048 | pixel_accuracy: 0.7927 | val_loss: 0.7312
Epoch 173/1000 | train_loss: 0.5032 | miou: 0.4731 | f1_macro: 0.5937 | pixel_accuracy: 0.7966 | val_loss: 0.7300
Epoch 174/1000 | train_loss: 0.4973 | miou: 0.4789 | f1_macro: 0.6004 | pixel_accuracy: 0.7911 | val_loss: 0.7773
Epoch 175/1000 | train_loss: 0.4453 | miou: 0.4918 | f1_macro: 0.6134 | pixel_accuracy: 0.7918 | val_loss: 0.7756
Epoch 176/1000 | train_loss: 0.4588 | miou: 0.5052 | f1_macro: 0.6242 | pixel_accuracy: 0.8013 | val_loss: 0.7276
Epoch 177/1000 | train_loss: 0.4481 | miou: 0.5077 | f1_macro: 0.6253 | pixel_accuracy: 0.8053 | val_loss: 0.6933
Epoch 178/1000 | train_loss: 0.4425 | miou: 0.4931 | f1_macro: 0.6123 | pixel_accuracy: 0.7941 | val_loss: 0.7261
Epoch 179/1000 | train_loss: 0.5039 | miou: 0.5053 | f1_macro: 0.6182 | pixel_accuracy: 0.8230 | val_loss: 0.6384
Epoch 180/1000 | train_loss: 0.4430 | miou: 0.5110 | f1_macro: 0.6233 | pixel_accuracy: 0.8342 | val_loss: 0.6058
Epoch 181/1000 | train_loss: 0.4766 | miou: 0.5055 | f1_macro: 0.6216 | pixel_accuracy: 0.8224 | val_loss: 0.6318
Epoch 182/1000 | train_loss: 0.4439 | miou: 0.4993 | f1_macro: 0.6200 | pixel_accuracy: 0.8073 | val_loss: 0.6683
Epoch 183/1000 | train_loss: 0.4555 | miou: 0.4920 | f1_macro: 0.6137 | pixel_accuracy: 0.7944 | val_loss: 0.6995
Epoch 184/1000 | train_loss: 0.4230 | miou: 0.4855 | f1_macro: 0.6098 | pixel_accuracy: 0.7812 | val_loss: 0.7452
Epoch 185/1000 | train_loss: 0.4230 | miou: 0.4897 | f1_macro: 0.6118 | pixel_accuracy: 0.7895 | val_loss: 0.7228
Epoch 186/1000 | train_loss: 0.4279 | miou: 0.4998 | f1_macro: 0.6200 | pixel_accuracy: 0.8000 | val_loss: 0.7221
Epoch 187/1000 | train_loss: 0.4186 | miou: 0.5068 | f1_macro: 0.6224 | pixel_accuracy: 0.8145 | val_loss: 0.6986
Epoch 188/1000 | train_loss: 0.4700 | miou: 0.5122 | f1_macro: 0.6252 | pixel_accuracy: 0.8280 | val_loss: 0.6330
Epoch 189/1000 | train_loss: 0.4206 | miou: 0.5099 | f1_macro: 0.6255 | pixel_accuracy: 0.8216 | val_loss: 0.6403
Epoch 190/1000 | train_loss: 0.4294 | miou: 0.5079 | f1_macro: 0.6327 | pixel_accuracy: 0.8040 | val_loss: 0.7018
Epoch 191/1000 | train_loss: 0.4474 | miou: 0.5050 | f1_macro: 0.6333 | pixel_accuracy: 0.7911 | val_loss: 0.7753
Epoch 192/1000 | train_loss: 0.4251 | miou: 0.4904 | f1_macro: 0.6198 | pixel_accuracy: 0.7834 | val_loss: 0.8433
Epoch 193/1000 | train_loss: 0.3886 | miou: 0.4954 | f1_macro: 0.6254 | pixel_accuracy: 0.7886 | val_loss: 0.8217
Epoch 194/1000 | train_loss: 0.4894 | miou: 0.4886 | f1_macro: 0.6176 | pixel_accuracy: 0.7738 | val_loss: 0.8783
Epoch 195/1000 | train_loss: 0.4811 | miou: 0.4783 | f1_macro: 0.6103 | pixel_accuracy: 0.7504 | val_loss: 0.9869
Epoch 196/1000 | train_loss: 0.4379 | miou: 0.4724 | f1_macro: 0.6067 | pixel_accuracy: 0.7465 | val_loss: 0.9691
Epoch 197/1000 | train_loss: 0.4263 | miou: 0.4767 | f1_macro: 0.6083 | pixel_accuracy: 0.7665 | val_loss: 0.8514
Epoch 198/1000 | train_loss: 0.4422 | miou: 0.4838 | f1_macro: 0.6123 | pixel_accuracy: 0.7832 | val_loss: 0.7597
Epoch 199/1000 | train_loss: 0.4032 | miou: 0.4764 | f1_macro: 0.6098 | pixel_accuracy: 0.7558 | val_loss: 0.8638
Epoch 200/1000 | train_loss: 0.4904 | miou: 0.4740 | f1_macro: 0.6070 | pixel_accuracy: 0.7504 | val_loss: 0.8863
Epoch 201/1000 | train_loss: 0.4703 | miou: 0.4744 | f1_macro: 0.6035 | pixel_accuracy: 0.7611 | val_loss: 0.8407
Epoch 202/1000 | train_loss: 0.3838 | miou: 0.4732 | f1_macro: 0.6005 | pixel_accuracy: 0.7725 | val_loss: 0.8062
Epoch 203/1000 | train_loss: 0.4179 | miou: 0.4976 | f1_macro: 0.6189 | pixel_accuracy: 0.7989 | val_loss: 0.7351
Epoch 204/1000 | train_loss: 0.4513 | miou: 0.5004 | f1_macro: 0.6221 | pixel_accuracy: 0.7985 | val_loss: 0.7425
Epoch 205/1000 | train_loss: 0.4545 | miou: 0.4883 | f1_macro: 0.6107 | pixel_accuracy: 0.7923 | val_loss: 0.7548
Epoch 206/1000 | train_loss: 0.4521 | miou: 0.4882 | f1_macro: 0.6109 | pixel_accuracy: 0.7954 | val_loss: 0.7456
Epoch 207/1000 | train_loss: 0.4388 | miou: 0.4910 | f1_macro: 0.6111 | pixel_accuracy: 0.8122 | val_loss: 0.7178
Epoch 208/1000 | train_loss: 0.4039 | miou: 0.4972 | f1_macro: 0.6146 | pixel_accuracy: 0.8221 | val_loss: 0.7135
Epoch 209/1000 | train_loss: 0.4511 | miou: 0.5099 | f1_macro: 0.6247 | pixel_accuracy: 0.8329 | val_loss: 0.6813
Epoch 210/1000 | train_loss: 0.4403 | miou: 0.5078 | f1_macro: 0.6224 | pixel_accuracy: 0.8329 | val_loss: 0.6691
Epoch 211/1000 | train_loss: 0.4824 | miou: 0.5038 | f1_macro: 0.6197 | pixel_accuracy: 0.8350 | val_loss: 0.6342
Epoch 212/1000 | train_loss: 0.4533 | miou: 0.4976 | f1_macro: 0.6145 | pixel_accuracy: 0.8328 | val_loss: 0.6393
Epoch 213/1000 | train_loss: 0.4572 | miou: 0.5222 | f1_macro: 0.6390 | pixel_accuracy: 0.8389 | val_loss: 0.6285
Epoch 214/1000 | train_loss: 0.4754 | miou: 0.5365 | f1_macro: 0.6572 | pixel_accuracy: 0.8431 | val_loss: 0.5943
Epoch 215/1000 | train_loss: 0.3992 | miou: 0.5313 | f1_macro: 0.6478 | pixel_accuracy: 0.8428 | val_loss: 0.6064
Epoch 216/1000 | train_loss: 0.4374 | miou: 0.5101 | f1_macro: 0.6313 | pixel_accuracy: 0.8120 | val_loss: 0.6892
Epoch 217/1000 | train_loss: 0.4500 | miou: 0.5153 | f1_macro: 0.6369 | pixel_accuracy: 0.8120 | val_loss: 0.6890
Epoch 218/1000 | train_loss: 0.4373 | miou: 0.5203 | f1_macro: 0.6428 | pixel_accuracy: 0.8176 | val_loss: 0.7015
Epoch 219/1000 | train_loss: 0.4473 | miou: 0.5023 | f1_macro: 0.6250 | pixel_accuracy: 0.8041 | val_loss: 0.7858
Epoch 220/1000 | train_loss: 0.4058 | miou: 0.5007 | f1_macro: 0.6265 | pixel_accuracy: 0.7931 | val_loss: 0.8111
Epoch 221/1000 | train_loss: 0.3824 | miou: 0.5042 | f1_macro: 0.6264 | pixel_accuracy: 0.8097 | val_loss: 0.7048
Epoch 222/1000 | train_loss: 0.4361 | miou: 0.5186 | f1_macro: 0.6370 | pixel_accuracy: 0.8288 | val_loss: 0.6343
Epoch 223/1000 | train_loss: 0.4109 | miou: 0.5262 | f1_macro: 0.6487 | pixel_accuracy: 0.8209 | val_loss: 0.6506
Epoch 224/1000 | train_loss: 0.4748 | miou: 0.5118 | f1_macro: 0.6367 | pixel_accuracy: 0.8003 | val_loss: 0.7332
Epoch 225/1000 | train_loss: 0.4934 | miou: 0.5250 | f1_macro: 0.6437 | pixel_accuracy: 0.8273 | val_loss: 0.6802
Epoch 226/1000 | train_loss: 0.4069 | miou: 0.5236 | f1_macro: 0.6423 | pixel_accuracy: 0.8324 | val_loss: 0.6628
Epoch 227/1000 | train_loss: 0.4255 | miou: 0.5165 | f1_macro: 0.6341 | pixel_accuracy: 0.8374 | val_loss: 0.6271
Epoch 228/1000 | train_loss: 0.4480 | miou: 0.5267 | f1_macro: 0.6463 | pixel_accuracy: 0.8425 | val_loss: 0.5729
Epoch 229/1000 | train_loss: 0.4140 | miou: 0.5230 | f1_macro: 0.6469 | pixel_accuracy: 0.8277 | val_loss: 0.6390
Epoch 230/1000 | train_loss: 0.4271 | miou: 0.5193 | f1_macro: 0.6479 | pixel_accuracy: 0.8100 | val_loss: 0.7090
Epoch 231/1000 | train_loss: 0.4557 | miou: 0.5012 | f1_macro: 0.6267 | pixel_accuracy: 0.8024 | val_loss: 0.7570
Epoch 232/1000 | train_loss: 0.4643 | miou: 0.4880 | f1_macro: 0.6149 | pixel_accuracy: 0.7909 | val_loss: 0.8084
Epoch 233/1000 | train_loss: 0.4285 | miou: 0.4975 | f1_macro: 0.6197 | pixel_accuracy: 0.8064 | val_loss: 0.7806
Epoch 234/1000 | train_loss: 0.4322 | miou: 0.5085 | f1_macro: 0.6277 | pixel_accuracy: 0.8196 | val_loss: 0.7513
Epoch 235/1000 | train_loss: 0.4308 | miou: 0.5146 | f1_macro: 0.6330 | pixel_accuracy: 0.8225 | val_loss: 0.7150
Epoch 236/1000 | train_loss: 0.4446 | miou: 0.5134 | f1_macro: 0.6350 | pixel_accuracy: 0.8119 | val_loss: 0.7410
Epoch 237/1000 | train_loss: 0.4158 | miou: 0.4961 | f1_macro: 0.6242 | pixel_accuracy: 0.7921 | val_loss: 0.7597
Epoch 238/1000 | train_loss: 0.4595 | miou: 0.5184 | f1_macro: 0.6424 | pixel_accuracy: 0.8206 | val_loss: 0.6879
Epoch 239/1000 | train_loss: 0.4067 | miou: 0.5317 | f1_macro: 0.6581 | pixel_accuracy: 0.8256 | val_loss: 0.6670
Epoch 240/1000 | train_loss: 0.4164 | miou: 0.5233 | f1_macro: 0.6504 | pixel_accuracy: 0.8186 | val_loss: 0.7024
Epoch 241/1000 | train_loss: 0.4244 | miou: 0.5284 | f1_macro: 0.6536 | pixel_accuracy: 0.8292 | val_loss: 0.6677
Epoch 242/1000 | train_loss: 0.4417 | miou: 0.5391 | f1_macro: 0.6665 | pixel_accuracy: 0.8366 | val_loss: 0.6248
Epoch 243/1000 | train_loss: 0.3823 | miou: 0.5402 | f1_macro: 0.6643 | pixel_accuracy: 0.8369 | val_loss: 0.6096
Epoch 244/1000 | train_loss: 0.4542 | miou: 0.5010 | f1_macro: 0.6238 | pixel_accuracy: 0.8015 | val_loss: 0.7310
Epoch 245/1000 | train_loss: 0.4609 | miou: 0.4625 | f1_macro: 0.5863 | pixel_accuracy: 0.7765 | val_loss: 0.8037
Epoch 246/1000 | train_loss: 0.4153 | miou: 0.4603 | f1_macro: 0.5857 | pixel_accuracy: 0.7698 | val_loss: 0.8086
Epoch 247/1000 | train_loss: 0.3953 | miou: 0.4755 | f1_macro: 0.6014 | pixel_accuracy: 0.7746 | val_loss: 0.7696
Epoch 248/1000 | train_loss: 0.3967 | miou: 0.4689 | f1_macro: 0.5986 | pixel_accuracy: 0.7559 | val_loss: 0.8325
Epoch 249/1000 | train_loss: 0.3866 | miou: 0.4771 | f1_macro: 0.6075 | pixel_accuracy: 0.7604 | val_loss: 0.8456
Epoch 250/1000 | train_loss: 0.4178 | miou: 0.4804 | f1_macro: 0.6141 | pixel_accuracy: 0.7549 | val_loss: 0.9053
Epoch 251/1000 | train_loss: 0.4512 | miou: 0.4867 | f1_macro: 0.6189 | pixel_accuracy: 0.7624 | val_loss: 0.8806
Epoch 252/1000 | train_loss: 0.4620 | miou: 0.4718 | f1_macro: 0.6016 | pixel_accuracy: 0.7555 | val_loss: 0.9421
Epoch 253/1000 | train_loss: 0.4592 | miou: 0.4746 | f1_macro: 0.6028 | pixel_accuracy: 0.7607 | val_loss: 0.9381
Epoch 254/1000 | train_loss: 0.4242 | miou: 0.4928 | f1_macro: 0.6212 | pixel_accuracy: 0.7848 | val_loss: 0.8248
Epoch 255/1000 | train_loss: 0.4156 | miou: 0.5138 | f1_macro: 0.6351 | pixel_accuracy: 0.8261 | val_loss: 0.7050
Epoch 256/1000 | train_loss: 0.4508 | miou: 0.5253 | f1_macro: 0.6449 | pixel_accuracy: 0.8422 | val_loss: 0.6640
Epoch 257/1000 | train_loss: 0.3810 | miou: 0.5308 | f1_macro: 0.6515 | pixel_accuracy: 0.8401 | val_loss: 0.6514
Epoch 258/1000 | train_loss: 0.4200 | miou: 0.5263 | f1_macro: 0.6478 | pixel_accuracy: 0.8355 | val_loss: 0.6607
Epoch 259/1000 | train_loss: 0.4016 | miou: 0.5085 | f1_macro: 0.6292 | pixel_accuracy: 0.8223 | val_loss: 0.7043
Epoch 260/1000 | train_loss: 0.3946 | miou: 0.4811 | f1_macro: 0.6094 | pixel_accuracy: 0.7771 | val_loss: 0.7832
Epoch 261/1000 | train_loss: 0.4225 | miou: 0.5098 | f1_macro: 0.6430 | pixel_accuracy: 0.7893 | val_loss: 0.7527
Epoch 262/1000 | train_loss: 0.4970 | miou: 0.5262 | f1_macro: 0.6555 | pixel_accuracy: 0.8128 | val_loss: 0.7104
Epoch 263/1000 | train_loss: 0.4038 | miou: 0.5208 | f1_macro: 0.6532 | pixel_accuracy: 0.8052 | val_loss: 0.7282
Epoch 264/1000 | train_loss: 0.4566 | miou: 0.5262 | f1_macro: 0.6603 | pixel_accuracy: 0.8108 | val_loss: 0.6963
Epoch 265/1000 | train_loss: 0.3963 | miou: 0.5260 | f1_macro: 0.6645 | pixel_accuracy: 0.8019 | val_loss: 0.7342
Epoch 266/1000 | train_loss: 0.4128 | miou: 0.5087 | f1_macro: 0.6471 | pixel_accuracy: 0.7851 | val_loss: 0.8139
Epoch 267/1000 | train_loss: 0.4446 | miou: 0.4811 | f1_macro: 0.6183 | pixel_accuracy: 0.7610 | val_loss: 0.8431
Epoch 268/1000 | train_loss: 0.4235 | miou: 0.4801 | f1_macro: 0.6158 | pixel_accuracy: 0.7678 | val_loss: 0.7981
Epoch 269/1000 | train_loss: 0.3774 | miou: 0.5042 | f1_macro: 0.6369 | pixel_accuracy: 0.7978 | val_loss: 0.6998
Epoch 270/1000 | train_loss: 0.4265 | miou: 0.4922 | f1_macro: 0.6270 | pixel_accuracy: 0.7815 | val_loss: 0.7615
Epoch 271/1000 | train_loss: 0.3559 | miou: 0.4967 | f1_macro: 0.6254 | pixel_accuracy: 0.7982 | val_loss: 0.7397
Epoch 272/1000 | train_loss: 0.3831 | miou: 0.5231 | f1_macro: 0.6424 | pixel_accuracy: 0.8328 | val_loss: 0.6862
Epoch 273/1000 | train_loss: 0.4023 | miou: 0.5436 | f1_macro: 0.6622 | pixel_accuracy: 0.8449 | val_loss: 0.6382
Epoch 274/1000 | train_loss: 0.3917 | miou: 0.5358 | f1_macro: 0.6546 | pixel_accuracy: 0.8437 | val_loss: 0.6243
Epoch 275/1000 | train_loss: 0.3996 | miou: 0.5113 | f1_macro: 0.6310 | pixel_accuracy: 0.8239 | val_loss: 0.7013
Epoch 276/1000 | train_loss: 0.3950 | miou: 0.4815 | f1_macro: 0.6075 | pixel_accuracy: 0.7894 | val_loss: 0.8156
Epoch 277/1000 | train_loss: 0.4399 | miou: 0.4953 | f1_macro: 0.6196 | pixel_accuracy: 0.8027 | val_loss: 0.7987
Epoch 278/1000 | train_loss: 0.4620 | miou: 0.4991 | f1_macro: 0.6198 | pixel_accuracy: 0.8093 | val_loss: 0.8184
Epoch 279/1000 | train_loss: 0.3839 | miou: 0.4856 | f1_macro: 0.6085 | pixel_accuracy: 0.7960 | val_loss: 0.8762
Epoch 280/1000 | train_loss: 0.4229 | miou: 0.5015 | f1_macro: 0.6198 | pixel_accuracy: 0.8166 | val_loss: 0.7428
Epoch 281/1000 | train_loss: 0.4101 | miou: 0.5122 | f1_macro: 0.6268 | pixel_accuracy: 0.8310 | val_loss: 0.6947
Epoch 282/1000 | train_loss: 0.4293 | miou: 0.5160 | f1_macro: 0.6288 | pixel_accuracy: 0.8363 | val_loss: 0.6660
Epoch 283/1000 | train_loss: 0.4127 | miou: 0.5131 | f1_macro: 0.6283 | pixel_accuracy: 0.8311 | val_loss: 0.6822
Epoch 284/1000 | train_loss: 0.4023 | miou: 0.5185 | f1_macro: 0.6304 | pixel_accuracy: 0.8368 | val_loss: 0.6605
Epoch 285/1000 | train_loss: 0.4268 | miou: 0.5274 | f1_macro: 0.6383 | pixel_accuracy: 0.8435 | val_loss: 0.6182
Epoch 286/1000 | train_loss: 0.4223 | miou: 0.5403 | f1_macro: 0.6610 | pixel_accuracy: 0.8432 | val_loss: 0.6034
Epoch 287/1000 | train_loss: 0.3962 | miou: 0.5249 | f1_macro: 0.6536 | pixel_accuracy: 0.8266 | val_loss: 0.6781
Epoch 288/1000 | train_loss: 0.4058 | miou: 0.5275 | f1_macro: 0.6562 | pixel_accuracy: 0.8247 | val_loss: 0.6801
Epoch 289/1000 | train_loss: 0.3810 | miou: 0.5167 | f1_macro: 0.6427 | pixel_accuracy: 0.8190 | val_loss: 0.7187
Epoch 290/1000 | train_loss: 0.4421 | miou: 0.5102 | f1_macro: 0.6328 | pixel_accuracy: 0.8171 | val_loss: 0.7344
Epoch 291/1000 | train_loss: 0.3890 | miou: 0.5138 | f1_macro: 0.6361 | pixel_accuracy: 0.8248 | val_loss: 0.6982
Epoch 292/1000 | train_loss: 0.4098 | miou: 0.5289 | f1_macro: 0.6480 | pixel_accuracy: 0.8383 | val_loss: 0.6298
Epoch 293/1000 | train_loss: 0.4019 | miou: 0.5334 | f1_macro: 0.6510 | pixel_accuracy: 0.8431 | val_loss: 0.6028
Epoch 294/1000 | train_loss: 0.3648 | miou: 0.5141 | f1_macro: 0.6403 | pixel_accuracy: 0.8162 | val_loss: 0.6909
Epoch 295/1000 | train_loss: 0.4390 | miou: 0.5064 | f1_macro: 0.6340 | pixel_accuracy: 0.8073 | val_loss: 0.7551
Epoch 296/1000 | train_loss: 0.3643 | miou: 0.4775 | f1_macro: 0.6028 | pixel_accuracy: 0.7869 | val_loss: 0.8494
Epoch 297/1000 | train_loss: 0.3660 | miou: 0.4646 | f1_macro: 0.5944 | pixel_accuracy: 0.7617 | val_loss: 0.9534
Epoch 298/1000 | train_loss: 0.3710 | miou: 0.4687 | f1_macro: 0.6026 | pixel_accuracy: 0.7521 | val_loss: 0.9584
Epoch 299/1000 | train_loss: 0.4548 | miou: 0.4641 | f1_macro: 0.5941 | pixel_accuracy: 0.7608 | val_loss: 0.9178
Epoch 300/1000 | train_loss: 0.3458 | miou: 0.4691 | f1_macro: 0.5980 | pixel_accuracy: 0.7651 | val_loss: 0.9110
Epoch 301/1000 | train_loss: 0.4203 | miou: 0.4895 | f1_macro: 0.6187 | pixel_accuracy: 0.7804 | val_loss: 0.8413
Epoch 302/1000 | train_loss: 0.3803 | miou: 0.4868 | f1_macro: 0.6147 | pixel_accuracy: 0.7765 | val_loss: 0.7993
Epoch 303/1000 | train_loss: 0.4312 | miou: 0.4820 | f1_macro: 0.6023 | pixel_accuracy: 0.7998 | val_loss: 0.7312
Epoch 304/1000 | train_loss: 0.3676 | miou: 0.4747 | f1_macro: 0.5941 | pixel_accuracy: 0.7906 | val_loss: 0.8248
Epoch 305/1000 | train_loss: 0.4341 | miou: 0.4678 | f1_macro: 0.5898 | pixel_accuracy: 0.7827 | val_loss: 0.8962
Epoch 306/1000 | train_loss: 0.3862 | miou: 0.4809 | f1_macro: 0.6067 | pixel_accuracy: 0.7878 | val_loss: 0.8411
Epoch 307/1000 | train_loss: 0.4415 | miou: 0.5133 | f1_macro: 0.6326 | pixel_accuracy: 0.8215 | val_loss: 0.6802
Epoch 308/1000 | train_loss: 0.4070 | miou: 0.5115 | f1_macro: 0.6313 | pixel_accuracy: 0.8211 | val_loss: 0.6738
Epoch 309/1000 | train_loss: 0.4301 | miou: 0.5128 | f1_macro: 0.6276 | pixel_accuracy: 0.8352 | val_loss: 0.6438
Epoch 310/1000 | train_loss: 0.4035 | miou: 0.5255 | f1_macro: 0.6385 | pixel_accuracy: 0.8469 | val_loss: 0.5702
Epoch 311/1000 | train_loss: 0.3403 | miou: 0.5505 | f1_macro: 0.6672 | pixel_accuracy: 0.8601 | val_loss: 0.4901
Epoch 312/1000 | train_loss: 0.3928 | miou: 0.5421 | f1_macro: 0.6583 | pixel_accuracy: 0.8451 | val_loss: 0.6050
Epoch 313/1000 | train_loss: 0.3810 | miou: 0.5245 | f1_macro: 0.6424 | pixel_accuracy: 0.8285 | val_loss: 0.6765
Epoch 314/1000 | train_loss: 0.3810 | miou: 0.5211 | f1_macro: 0.6355 | pixel_accuracy: 0.8359 | val_loss: 0.6421
Epoch 315/1000 | train_loss: 0.3810 | miou: 0.5293 | f1_macro: 0.6437 | pixel_accuracy: 0.8466 | val_loss: 0.5842
Epoch 316/1000 | train_loss: 0.4027 | miou: 0.5235 | f1_macro: 0.6438 | pixel_accuracy: 0.8311 | val_loss: 0.6559
Epoch 317/1000 | train_loss: 0.3933 | miou: 0.4985 | f1_macro: 0.6235 | pixel_accuracy: 0.8060 | val_loss: 0.7578
Epoch 318/1000 | train_loss: 0.4085 | miou: 0.4831 | f1_macro: 0.6104 | pixel_accuracy: 0.7861 | val_loss: 0.8335
Epoch 319/1000 | train_loss: 0.3245 | miou: 0.5060 | f1_macro: 0.6260 | pixel_accuracy: 0.8117 | val_loss: 0.7662
Epoch 320/1000 | train_loss: 0.3867 | miou: 0.5118 | f1_macro: 0.6313 | pixel_accuracy: 0.8140 | val_loss: 0.7524
Epoch 321/1000 | train_loss: 0.3905 | miou: 0.5224 | f1_macro: 0.6402 | pixel_accuracy: 0.8220 | val_loss: 0.7203
Epoch 322/1000 | train_loss: 0.3569 | miou: 0.5259 | f1_macro: 0.6386 | pixel_accuracy: 0.8383 | val_loss: 0.6624
Epoch 323/1000 | train_loss: 0.4116 | miou: 0.5313 | f1_macro: 0.6460 | pixel_accuracy: 0.8385 | val_loss: 0.6697
Epoch 324/1000 | train_loss: 0.3561 | miou: 0.5255 | f1_macro: 0.6438 | pixel_accuracy: 0.8258 | val_loss: 0.6884
Epoch 325/1000 | train_loss: 0.3772 | miou: 0.5131 | f1_macro: 0.6337 | pixel_accuracy: 0.8106 | val_loss: 0.7560
Epoch 326/1000 | train_loss: 0.3638 | miou: 0.4978 | f1_macro: 0.6220 | pixel_accuracy: 0.7941 | val_loss: 0.8036
Epoch 327/1000 | train_loss: 0.3198 | miou: 0.4915 | f1_macro: 0.6147 | pixel_accuracy: 0.7915 | val_loss: 0.7921
Epoch 328/1000 | train_loss: 0.3807 | miou: 0.5014 | f1_macro: 0.6281 | pixel_accuracy: 0.7921 | val_loss: 0.7865
Epoch 329/1000 | train_loss: 0.3994 | miou: 0.5114 | f1_macro: 0.6373 | pixel_accuracy: 0.8019 | val_loss: 0.7560
Epoch 330/1000 | train_loss: 0.3452 | miou: 0.5117 | f1_macro: 0.6378 | pixel_accuracy: 0.8106 | val_loss: 0.7292
Epoch 331/1000 | train_loss: 0.3946 | miou: 0.5005 | f1_macro: 0.6300 | pixel_accuracy: 0.8003 | val_loss: 0.7566
Epoch 332/1000 | train_loss: 0.3915 | miou: 0.4674 | f1_macro: 0.5976 | pixel_accuracy: 0.7758 | val_loss: 0.9274
Epoch 333/1000 | train_loss: 0.4214 | miou: 0.4527 | f1_macro: 0.5787 | pixel_accuracy: 0.7671 | val_loss: 1.0763
Epoch 334/1000 | train_loss: 0.4170 | miou: 0.4541 | f1_macro: 0.5827 | pixel_accuracy: 0.7549 | val_loss: 1.2397
Epoch 335/1000 | train_loss: 0.3804 | miou: 0.4648 | f1_macro: 0.5905 | pixel_accuracy: 0.7747 | val_loss: 1.0691
Epoch 336/1000 | train_loss: 0.3776 | miou: 0.4755 | f1_macro: 0.5967 | pixel_accuracy: 0.7962 | val_loss: 0.8885
Epoch 337/1000 | train_loss: 0.4136 | miou: 0.4898 | f1_macro: 0.6086 | pixel_accuracy: 0.8059 | val_loss: 0.8209
Epoch 338/1000 | train_loss: 0.3371 | miou: 0.4929 | f1_macro: 0.6153 | pixel_accuracy: 0.7968 | val_loss: 0.8192
Epoch 339/1000 | train_loss: 0.4320 | miou: 0.5005 | f1_macro: 0.6235 | pixel_accuracy: 0.8042 | val_loss: 0.7918
Epoch 340/1000 | train_loss: 0.3367 | miou: 0.5081 | f1_macro: 0.6334 | pixel_accuracy: 0.8061 | val_loss: 0.7647
Epoch 341/1000 | train_loss: 0.3694 | miou: 0.5067 | f1_macro: 0.6328 | pixel_accuracy: 0.8060 | val_loss: 0.7598
Epoch 342/1000 | train_loss: 0.3925 | miou: 0.5176 | f1_macro: 0.6385 | pixel_accuracy: 0.8294 | val_loss: 0.7031
Epoch 343/1000 | train_loss: 0.3917 | miou: 0.5160 | f1_macro: 0.6410 | pixel_accuracy: 0.8244 | val_loss: 0.7309
Epoch 344/1000 | train_loss: 0.3612 | miou: 0.5159 | f1_macro: 0.6407 | pixel_accuracy: 0.8152 | val_loss: 0.7609
Epoch 345/1000 | train_loss: 0.3924 | miou: 0.5002 | f1_macro: 0.6249 | pixel_accuracy: 0.8059 | val_loss: 0.8073
Epoch 346/1000 | train_loss: 0.3437 | miou: 0.4814 | f1_macro: 0.6118 | pixel_accuracy: 0.7762 | val_loss: 0.9084
Epoch 347/1000 | train_loss: 0.3465 | miou: 0.4983 | f1_macro: 0.6236 | pixel_accuracy: 0.8004 | val_loss: 0.8388
Epoch 348/1000 | train_loss: 0.3949 | miou: 0.5035 | f1_macro: 0.6322 | pixel_accuracy: 0.7927 | val_loss: 0.8138
Epoch 349/1000 | train_loss: 0.3948 | miou: 0.4976 | f1_macro: 0.6238 | pixel_accuracy: 0.7926 | val_loss: 0.8181
Epoch 350/1000 | train_loss: 0.3817 | miou: 0.4962 | f1_macro: 0.6207 | pixel_accuracy: 0.7963 | val_loss: 0.8378
Epoch 351/1000 | train_loss: 0.3829 | miou: 0.5145 | f1_macro: 0.6382 | pixel_accuracy: 0.8152 | val_loss: 0.7411
Epoch 352/1000 | train_loss: 0.3595 | miou: 0.5240 | f1_macro: 0.6489 | pixel_accuracy: 0.8222 | val_loss: 0.7132
Epoch 353/1000 | train_loss: 0.3865 | miou: 0.5044 | f1_macro: 0.6324 | pixel_accuracy: 0.8030 | val_loss: 0.7791
Epoch 354/1000 | train_loss: 0.3392 | miou: 0.4893 | f1_macro: 0.6235 | pixel_accuracy: 0.7724 | val_loss: 0.8709
Epoch 355/1000 | train_loss: 0.3393 | miou: 0.5055 | f1_macro: 0.6379 | pixel_accuracy: 0.7893 | val_loss: 0.7950
Epoch 356/1000 | train_loss: 0.3273 | miou: 0.5166 | f1_macro: 0.6436 | pixel_accuracy: 0.8121 | val_loss: 0.7139
Epoch 357/1000 | train_loss: 0.3092 | miou: 0.5207 | f1_macro: 0.6423 | pixel_accuracy: 0.8327 | val_loss: 0.6502
Epoch 358/1000 | train_loss: 0.3168 | miou: 0.5262 | f1_macro: 0.6475 | pixel_accuracy: 0.8357 | val_loss: 0.6466
Epoch 359/1000 | train_loss: 0.3979 | miou: 0.5162 | f1_macro: 0.6365 | pixel_accuracy: 0.8230 | val_loss: 0.7241
Epoch 360/1000 | train_loss: 0.3412 | miou: 0.4998 | f1_macro: 0.6267 | pixel_accuracy: 0.7943 | val_loss: 0.8116
Epoch 361/1000 | train_loss: 0.3417 | miou: 0.4764 | f1_macro: 0.6048 | pixel_accuracy: 0.7733 | val_loss: 0.9218
Epoch 362/1000 | train_loss: 0.3987 | miou: 0.4727 | f1_macro: 0.6024 | pixel_accuracy: 0.7723 | val_loss: 0.9435
Epoch 363/1000 | train_loss: 0.4095 | miou: 0.4904 | f1_macro: 0.6193 | pixel_accuracy: 0.7890 | val_loss: 0.8672
Epoch 364/1000 | train_loss: 0.3479 | miou: 0.5114 | f1_macro: 0.6382 | pixel_accuracy: 0.8121 | val_loss: 0.7590
Epoch 365/1000 | train_loss: 0.3729 | miou: 0.5226 | f1_macro: 0.6462 | pixel_accuracy: 0.8260 | val_loss: 0.6905
Epoch 366/1000 | train_loss: 0.3392 | miou: 0.5149 | f1_macro: 0.6408 | pixel_accuracy: 0.8143 | val_loss: 0.7263
Epoch 367/1000 | train_loss: 0.3242 | miou: 0.5218 | f1_macro: 0.6458 | pixel_accuracy: 0.8226 | val_loss: 0.6953
Epoch 368/1000 | train_loss: 0.2983 | miou: 0.5301 | f1_macro: 0.6509 | pixel_accuracy: 0.8352 | val_loss: 0.6464
Epoch 369/1000 | train_loss: 0.3039 | miou: 0.5129 | f1_macro: 0.6400 | pixel_accuracy: 0.8080 | val_loss: 0.7282
Epoch 370/1000 | train_loss: 0.3178 | miou: 0.4957 | f1_macro: 0.6230 | pixel_accuracy: 0.7918 | val_loss: 0.7712
Epoch 371/1000 | train_loss: 0.3689 | miou: 0.4927 | f1_macro: 0.6200 | pixel_accuracy: 0.7902 | val_loss: 0.7747
Epoch 372/1000 | train_loss: 0.3044 | miou: 0.5030 | f1_macro: 0.6269 | pixel_accuracy: 0.8080 | val_loss: 0.7362
Epoch 373/1000 | train_loss: 0.3321 | miou: 0.4955 | f1_macro: 0.6236 | pixel_accuracy: 0.7938 | val_loss: 0.7968
Epoch 374/1000 | train_loss: 0.3794 | miou: 0.4904 | f1_macro: 0.6210 | pixel_accuracy: 0.7846 | val_loss: 0.8203
Epoch 375/1000 | train_loss: 0.3776 | miou: 0.4777 | f1_macro: 0.6095 | pixel_accuracy: 0.7737 | val_loss: 0.8952
Epoch 376/1000 | train_loss: 0.3168 | miou: 0.5032 | f1_macro: 0.6291 | pixel_accuracy: 0.8083 | val_loss: 0.7779
Epoch 377/1000 | train_loss: 0.3531 | miou: 0.5176 | f1_macro: 0.6392 | pixel_accuracy: 0.8288 | val_loss: 0.6947
Epoch 378/1000 | train_loss: 0.4018 | miou: 0.5285 | f1_macro: 0.6530 | pixel_accuracy: 0.8216 | val_loss: 0.6971
Epoch 379/1000 | train_loss: 0.3463 | miou: 0.4893 | f1_macro: 0.6151 | pixel_accuracy: 0.7886 | val_loss: 0.8280
Epoch 380/1000 | train_loss: 0.3313 | miou: 0.4568 | f1_macro: 0.5857 | pixel_accuracy: 0.7540 | val_loss: 0.9591
Epoch 381/1000 | train_loss: 0.3263 | miou: 0.4614 | f1_macro: 0.5890 | pixel_accuracy: 0.7607 | val_loss: 0.9129
Epoch 382/1000 | train_loss: 0.3212 | miou: 0.4568 | f1_macro: 0.5862 | pixel_accuracy: 0.7559 | val_loss: 0.9254
Epoch 383/1000 | train_loss: 0.2994 | miou: 0.4753 | f1_macro: 0.6048 | pixel_accuracy: 0.7649 | val_loss: 0.8373
Epoch 384/1000 | train_loss: 0.3131 | miou: 0.5150 | f1_macro: 0.6408 | pixel_accuracy: 0.7962 | val_loss: 0.7161
Epoch 385/1000 | train_loss: 0.3058 | miou: 0.5101 | f1_macro: 0.6390 | pixel_accuracy: 0.7891 | val_loss: 0.7300
Epoch 386/1000 | train_loss: 0.3700 | miou: 0.5029 | f1_macro: 0.6259 | pixel_accuracy: 0.8059 | val_loss: 0.7526
Epoch 387/1000 | train_loss: 0.3553 | miou: 0.5026 | f1_macro: 0.6239 | pixel_accuracy: 0.8113 | val_loss: 0.7501
Epoch 388/1000 | train_loss: 0.3245 | miou: 0.5107 | f1_macro: 0.6298 | pixel_accuracy: 0.8220 | val_loss: 0.7351
Epoch 389/1000 | train_loss: 0.3791 | miou: 0.4602 | f1_macro: 0.5830 | pixel_accuracy: 0.7752 | val_loss: 1.0489
Epoch 390/1000 | train_loss: 0.4029 | miou: 0.4306 | f1_macro: 0.5552 | pixel_accuracy: 0.7572 | val_loss: 1.0173
Epoch 391/1000 | train_loss: 0.4603 | miou: 0.4497 | f1_macro: 0.5732 | pixel_accuracy: 0.7755 | val_loss: 0.9402
Epoch 392/1000 | train_loss: 0.3941 | miou: 0.5156 | f1_macro: 0.6426 | pixel_accuracy: 0.8080 | val_loss: 0.6195
Epoch 393/1000 | train_loss: 0.4183 | miou: 0.5296 | f1_macro: 0.6517 | pixel_accuracy: 0.8361 | val_loss: 0.5144
Epoch 394/1000 | train_loss: 0.4167 | miou: 0.5496 | f1_macro: 0.6724 | pixel_accuracy: 0.8473 | val_loss: 0.4892
Epoch 395/1000 | train_loss: 0.3791 | miou: 0.4932 | f1_macro: 0.6277 | pixel_accuracy: 0.7714 | val_loss: 0.7014
Epoch 396/1000 | train_loss: 0.3910 | miou: 0.4539 | f1_macro: 0.5896 | pixel_accuracy: 0.7282 | val_loss: 0.9345
Epoch 397/1000 | train_loss: 0.4092 | miou: 0.4596 | f1_macro: 0.5926 | pixel_accuracy: 0.7457 | val_loss: 0.9544
Epoch 398/1000 | train_loss: 0.4369 | miou: 0.4669 | f1_macro: 0.6022 | pixel_accuracy: 0.7515 | val_loss: 0.8995
Epoch 399/1000 | train_loss: 0.3869 | miou: 0.4790 | f1_macro: 0.6163 | pixel_accuracy: 0.7523 | val_loss: 0.8728
Epoch 400/1000 | train_loss: 0.4839 | miou: 0.4796 | f1_macro: 0.6191 | pixel_accuracy: 0.7404 | val_loss: 0.9231
Epoch 401/1000 | train_loss: 0.4466 | miou: 0.4125 | f1_macro: 0.5479 | pixel_accuracy: 0.6888 | val_loss: 1.2389
Epoch 402/1000 | train_loss: 0.4755 | miou: 0.4036 | f1_macro: 0.5389 | pixel_accuracy: 0.6773 | val_loss: 1.2072
Epoch 403/1000 | train_loss: 0.4354 | miou: 0.4346 | f1_macro: 0.5704 | pixel_accuracy: 0.7144 | val_loss: 1.0173
Epoch 404/1000 | train_loss: 0.4212 | miou: 0.4366 | f1_macro: 0.5737 | pixel_accuracy: 0.7251 | val_loss: 0.9778
Epoch 405/1000 | train_loss: 0.3998 | miou: 0.4302 | f1_macro: 0.5635 | pixel_accuracy: 0.7263 | val_loss: 0.9874
Epoch 406/1000 | train_loss: 0.3526 | miou: 0.4496 | f1_macro: 0.5845 | pixel_accuracy: 0.7254 | val_loss: 1.0284
Epoch 407/1000 | train_loss: 0.4511 | miou: 0.4570 | f1_macro: 0.5922 | pixel_accuracy: 0.7256 | val_loss: 1.0741
Epoch 408/1000 | train_loss: 0.3644 | miou: 0.4357 | f1_macro: 0.5709 | pixel_accuracy: 0.7096 | val_loss: 1.1972
Epoch 409/1000 | train_loss: 0.3890 | miou: 0.4636 | f1_macro: 0.6004 | pixel_accuracy: 0.7398 | val_loss: 1.0313
Epoch 410/1000 | train_loss: 0.3918 | miou: 0.4840 | f1_macro: 0.6248 | pixel_accuracy: 0.7509 | val_loss: 0.9516
Epoch 411/1000 | train_loss: 0.3947 | miou: 0.4981 | f1_macro: 0.6380 | pixel_accuracy: 0.7671 | val_loss: 0.8785
Epoch 412/1000 | train_loss: 0.3659 | miou: 0.4892 | f1_macro: 0.6273 | pixel_accuracy: 0.7646 | val_loss: 0.8727
Epoch 413/1000 | train_loss: 0.3516 | miou: 0.4729 | f1_macro: 0.6108 | pixel_accuracy: 0.7488 | val_loss: 0.9845
Epoch 414/1000 | train_loss: 0.3414 | miou: 0.4707 | f1_macro: 0.6068 | pixel_accuracy: 0.7516 | val_loss: 0.9345
Epoch 415/1000 | train_loss: 0.3345 | miou: 0.4766 | f1_macro: 0.6139 | pixel_accuracy: 0.7538 | val_loss: 0.9271
Epoch 416/1000 | train_loss: 0.3995 | miou: 0.4909 | f1_macro: 0.6254 | pixel_accuracy: 0.7754 | val_loss: 0.8263
Epoch 417/1000 | train_loss: 0.3669 | miou: 0.5106 | f1_macro: 0.6393 | pixel_accuracy: 0.8036 | val_loss: 0.7335
Epoch 418/1000 | train_loss: 0.3714 | miou: 0.4903 | f1_macro: 0.6251 | pixel_accuracy: 0.7725 | val_loss: 0.8459
Epoch 419/1000 | train_loss: 0.3269 | miou: 0.5031 | f1_macro: 0.6362 | pixel_accuracy: 0.7903 | val_loss: 0.7792
Epoch 420/1000 | train_loss: 0.2925 | miou: 0.5094 | f1_macro: 0.6406 | pixel_accuracy: 0.8026 | val_loss: 0.7176
Epoch 421/1000 | train_loss: 0.3302 | miou: 0.4711 | f1_macro: 0.5993 | pixel_accuracy: 0.7680 | val_loss: 0.8099
Epoch 422/1000 | train_loss: 0.5302 | miou: 0.4542 | f1_macro: 0.5856 | pixel_accuracy: 0.7468 | val_loss: 0.9620
Epoch 423/1000 | train_loss: 0.4009 | miou: 0.4448 | f1_macro: 0.5799 | pixel_accuracy: 0.7346 | val_loss: 1.0533
Epoch 424/1000 | train_loss: 0.3429 | miou: 0.4539 | f1_macro: 0.5865 | pixel_accuracy: 0.7483 | val_loss: 1.0052
Epoch 425/1000 | train_loss: 0.4252 | miou: 0.4318 | f1_macro: 0.5645 | pixel_accuracy: 0.7202 | val_loss: 1.1611
Epoch 426/1000 | train_loss: 0.4930 | miou: 0.4562 | f1_macro: 0.5864 | pixel_accuracy: 0.7535 | val_loss: 1.0446
Epoch 427/1000 | train_loss: 0.3935 | miou: 0.4668 | f1_macro: 0.5980 | pixel_accuracy: 0.7552 | val_loss: 0.9820
Epoch 428/1000 | train_loss: 0.3674 | miou: 0.4785 | f1_macro: 0.6090 | pixel_accuracy: 0.7751 | val_loss: 0.9092
Epoch 429/1000 | train_loss: 0.3887 | miou: 0.4801 | f1_macro: 0.6149 | pixel_accuracy: 0.7656 | val_loss: 0.9054
Epoch 430/1000 | train_loss: 0.3948 | miou: 0.4732 | f1_macro: 0.6089 | pixel_accuracy: 0.7566 | val_loss: 0.9265
Epoch 431/1000 | train_loss: 0.4151 | miou: 0.4866 | f1_macro: 0.6122 | pixel_accuracy: 0.7841 | val_loss: 0.8761
Epoch 432/1000 | train_loss: 0.3492 | miou: 0.4908 | f1_macro: 0.6146 | pixel_accuracy: 0.7868 | val_loss: 0.8585
Epoch 433/1000 | train_loss: 0.3845 | miou: 0.4700 | f1_macro: 0.5973 | pixel_accuracy: 0.7677 | val_loss: 0.9396
Epoch 434/1000 | train_loss: 0.3814 | miou: 0.4593 | f1_macro: 0.5903 | pixel_accuracy: 0.7571 | val_loss: 0.9957
Epoch 435/1000 | train_loss: 0.3513 | miou: 0.4629 | f1_macro: 0.5938 | pixel_accuracy: 0.7568 | val_loss: 1.0366
Epoch 436/1000 | train_loss: 0.4529 | miou: 0.4894 | f1_macro: 0.6150 | pixel_accuracy: 0.7811 | val_loss: 0.9648
Epoch 437/1000 | train_loss: 0.3049 | miou: 0.4968 | f1_macro: 0.6222 | pixel_accuracy: 0.7944 | val_loss: 0.8634
Epoch 438/1000 | train_loss: 0.3745 | miou: 0.5112 | f1_macro: 0.6326 | pixel_accuracy: 0.8179 | val_loss: 0.7677
Epoch 439/1000 | train_loss: 0.4007 | miou: 0.4998 | f1_macro: 0.6249 | pixel_accuracy: 0.7988 | val_loss: 0.8083
Epoch 440/1000 | train_loss: 0.3109 | miou: 0.5182 | f1_macro: 0.6405 | pixel_accuracy: 0.8151 | val_loss: 0.7755
Epoch 441/1000 | train_loss: 0.3885 | miou: 0.5290 | f1_macro: 0.6513 | pixel_accuracy: 0.8264 | val_loss: 0.7440
Epoch 442/1000 | train_loss: 0.6491 | miou: 0.5586 | f1_macro: 0.6779 | pixel_accuracy: 0.8494 | val_loss: 0.6865
Epoch 443/1000 | train_loss: 0.4184 | miou: 0.5361 | f1_macro: 0.6654 | pixel_accuracy: 0.8314 | val_loss: 0.7257
Epoch 444/1000 | train_loss: 0.4409 | miou: 0.4581 | f1_macro: 0.6055 | pixel_accuracy: 0.7418 | val_loss: 1.2698
Epoch 445/1000 | train_loss: 0.4301 | miou: 0.4457 | f1_macro: 0.5933 | pixel_accuracy: 0.7277 | val_loss: 1.3531
Epoch 446/1000 | train_loss: 0.4059 | miou: 0.4685 | f1_macro: 0.6147 | pixel_accuracy: 0.7225 | val_loss: 1.3885
Epoch 447/1000 | train_loss: 0.3743 | miou: 0.4640 | f1_macro: 0.6040 | pixel_accuracy: 0.7310 | val_loss: 1.3029
Epoch 448/1000 | train_loss: 0.3775 | miou: 0.4531 | f1_macro: 0.5850 | pixel_accuracy: 0.7398 | val_loss: 1.1913
Epoch 449/1000 | train_loss: 0.4758 | miou: 0.4398 | f1_macro: 0.5716 | pixel_accuracy: 0.7358 | val_loss: 1.1837
Epoch 450/1000 | train_loss: 0.4002 | miou: 0.4285 | f1_macro: 0.5638 | pixel_accuracy: 0.7240 | val_loss: 1.2520
Epoch 451/1000 | train_loss: 0.4356 | miou: 0.4406 | f1_macro: 0.5766 | pixel_accuracy: 0.7311 | val_loss: 1.2212
Epoch 452/1000 | train_loss: 0.3965 | miou: 0.4467 | f1_macro: 0.5796 | pixel_accuracy: 0.7421 | val_loss: 1.1451
Epoch 453/1000 | train_loss: 0.3842 | miou: 0.4726 | f1_macro: 0.6110 | pixel_accuracy: 0.7591 | val_loss: 0.9733
Epoch 454/1000 | train_loss: 0.3828 | miou: 0.4759 | f1_macro: 0.6151 | pixel_accuracy: 0.7671 | val_loss: 0.9007
Epoch 455/1000 | train_loss: 0.3616 | miou: 0.4954 | f1_macro: 0.6267 | pixel_accuracy: 0.8009 | val_loss: 0.7775
Epoch 456/1000 | train_loss: 0.3824 | miou: 0.4841 | f1_macro: 0.6097 | pixel_accuracy: 0.8026 | val_loss: 0.7685
Epoch 457/1000 | train_loss: 0.4059 | miou: 0.5017 | f1_macro: 0.6250 | pixel_accuracy: 0.8227 | val_loss: 0.6964
Epoch 458/1000 | train_loss: 0.3388 | miou: 0.5230 | f1_macro: 0.6476 | pixel_accuracy: 0.8278 | val_loss: 0.6616
Epoch 459/1000 | train_loss: 0.3520 | miou: 0.5181 | f1_macro: 0.6420 | pixel_accuracy: 0.8302 | val_loss: 0.6470
Epoch 460/1000 | train_loss: 0.4101 | miou: 0.5007 | f1_macro: 0.6248 | pixel_accuracy: 0.8240 | val_loss: 0.6709
Epoch 461/1000 | train_loss: 0.3160 | miou: 0.5039 | f1_macro: 0.6298 | pixel_accuracy: 0.8216 | val_loss: 0.6850
Epoch 462/1000 | train_loss: 0.4295 | miou: 0.5153 | f1_macro: 0.6433 | pixel_accuracy: 0.8171 | val_loss: 0.6947
Epoch 463/1000 | train_loss: 0.3440 | miou: 0.5141 | f1_macro: 0.6424 | pixel_accuracy: 0.8067 | val_loss: 0.7692
Epoch 464/1000 | train_loss: 0.4354 | miou: 0.5077 | f1_macro: 0.6347 | pixel_accuracy: 0.8038 | val_loss: 0.8206
Epoch 465/1000 | train_loss: 0.3869 | miou: 0.5095 | f1_macro: 0.6345 | pixel_accuracy: 0.8143 | val_loss: 0.7563
Epoch 466/1000 | train_loss: 0.3996 | miou: 0.5220 | f1_macro: 0.6433 | pixel_accuracy: 0.8319 | val_loss: 0.6941
Epoch 467/1000 | train_loss: 0.3542 | miou: 0.5304 | f1_macro: 0.6486 | pixel_accuracy: 0.8431 | val_loss: 0.6418
Epoch 468/1000 | train_loss: 0.3896 | miou: 0.5280 | f1_macro: 0.6471 | pixel_accuracy: 0.8435 | val_loss: 0.6006
Epoch 469/1000 | train_loss: 0.3882 | miou: 0.5292 | f1_macro: 0.6479 | pixel_accuracy: 0.8470 | val_loss: 0.5871
Epoch 470/1000 | train_loss: 0.3931 | miou: 0.5407 | f1_macro: 0.6566 | pixel_accuracy: 0.8565 | val_loss: 0.5436
Epoch 471/1000 | train_loss: 0.3372 | miou: 0.5401 | f1_macro: 0.6531 | pixel_accuracy: 0.8605 | val_loss: 0.5601
Epoch 472/1000 | train_loss: 0.3455 | miou: 0.5485 | f1_macro: 0.6626 | pixel_accuracy: 0.8601 | val_loss: 0.5665
Epoch 473/1000 | train_loss: 0.3898 | miou: 0.5432 | f1_macro: 0.6606 | pixel_accuracy: 0.8500 | val_loss: 0.5832
Epoch 474/1000 | train_loss: 0.4000 | miou: 0.5321 | f1_macro: 0.6468 | pixel_accuracy: 0.8550 | val_loss: 0.5426
Epoch 475/1000 | train_loss: 0.3812 | miou: 0.4947 | f1_macro: 0.6167 | pixel_accuracy: 0.8243 | val_loss: 0.6156
Epoch 476/1000 | train_loss: 0.3687 | miou: 0.5038 | f1_macro: 0.6280 | pixel_accuracy: 0.8168 | val_loss: 0.6600
Epoch 477/1000 | train_loss: 0.3989 | miou: 0.5053 | f1_macro: 0.6298 | pixel_accuracy: 0.8130 | val_loss: 0.6837
Epoch 478/1000 | train_loss: 0.3173 | miou: 0.5251 | f1_macro: 0.6489 | pixel_accuracy: 0.8274 | val_loss: 0.5901
Epoch 479/1000 | train_loss: 0.4162 | miou: 0.5243 | f1_macro: 0.6477 | pixel_accuracy: 0.8326 | val_loss: 0.5612
Epoch 480/1000 | train_loss: 0.3676 | miou: 0.5308 | f1_macro: 0.6564 | pixel_accuracy: 0.8341 | val_loss: 0.5580
Epoch 481/1000 | train_loss: 0.3774 | miou: 0.5387 | f1_macro: 0.6636 | pixel_accuracy: 0.8376 | val_loss: 0.5516
Epoch 482/1000 | train_loss: 0.3645 | miou: 0.5553 | f1_macro: 0.6798 | pixel_accuracy: 0.8482 | val_loss: 0.5401
Epoch 483/1000 | train_loss: 0.3419 | miou: 0.5823 | f1_macro: 0.7051 | pixel_accuracy: 0.8674 | val_loss: 0.4605
Epoch 484/1000 | train_loss: 0.3045 | miou: 0.5924 | f1_macro: 0.7161 | pixel_accuracy: 0.8730 | val_loss: 0.4520
Epoch 485/1000 | train_loss: 0.3139 | miou: 0.5856 | f1_macro: 0.7091 | pixel_accuracy: 0.8692 | val_loss: 0.4617
Epoch 486/1000 | train_loss: 0.3112 | miou: 0.5857 | f1_macro: 0.7071 | pixel_accuracy: 0.8731 | val_loss: 0.4499
Epoch 487/1000 | train_loss: 0.3843 | miou: 0.5759 | f1_macro: 0.6981 | pixel_accuracy: 0.8652 | val_loss: 0.4856
Epoch 488/1000 | train_loss: 0.3547 | miou: 0.5763 | f1_macro: 0.6986 | pixel_accuracy: 0.8674 | val_loss: 0.4814
Epoch 489/1000 | train_loss: 0.3109 | miou: 0.5564 | f1_macro: 0.6789 | pixel_accuracy: 0.8625 | val_loss: 0.5090
Epoch 490/1000 | train_loss: 0.3619 | miou: 0.5422 | f1_macro: 0.6599 | pixel_accuracy: 0.8623 | val_loss: 0.5362
Epoch 491/1000 | train_loss: 0.3534 | miou: 0.5437 | f1_macro: 0.6614 | pixel_accuracy: 0.8584 | val_loss: 0.5481
Epoch 492/1000 | train_loss: 0.3338 | miou: 0.5496 | f1_macro: 0.6702 | pixel_accuracy: 0.8482 | val_loss: 0.5319
Epoch 493/1000 | train_loss: 0.3509 | miou: 0.5485 | f1_macro: 0.6696 | pixel_accuracy: 0.8505 | val_loss: 0.5062
Epoch 494/1000 | train_loss: 0.3394 | miou: 0.5461 | f1_macro: 0.6694 | pixel_accuracy: 0.8466 | val_loss: 0.5202
Epoch 495/1000 | train_loss: 0.3791 | miou: 0.5650 | f1_macro: 0.6851 | pixel_accuracy: 0.8620 | val_loss: 0.4728
Epoch 496/1000 | train_loss: 0.3314 | miou: 0.5819 | f1_macro: 0.7019 | pixel_accuracy: 0.8734 | val_loss: 0.4317
Epoch 497/1000 | train_loss: 0.3290 | miou: 0.5709 | f1_macro: 0.6952 | pixel_accuracy: 0.8587 | val_loss: 0.4759
Epoch 498/1000 | train_loss: 0.3151 | miou: 0.5673 | f1_macro: 0.6924 | pixel_accuracy: 0.8551 | val_loss: 0.4985
Epoch 499/1000 | train_loss: 0.3225 | miou: 0.5654 | f1_macro: 0.6879 | pixel_accuracy: 0.8605 | val_loss: 0.5020
Epoch 500/1000 | train_loss: 0.3602 | miou: 0.5703 | f1_macro: 0.6916 | pixel_accuracy: 0.8669 | val_loss: 0.4759
Epoch 501/1000 | train_loss: 0.3214 | miou: 0.5758 | f1_macro: 0.6957 | pixel_accuracy: 0.8718 | val_loss: 0.4583
Epoch 502/1000 | train_loss: 0.3601 | miou: 0.5665 | f1_macro: 0.6932 | pixel_accuracy: 0.8532 | val_loss: 0.5072
Epoch 503/1000 | train_loss: 0.3466 | miou: 0.5555 | f1_macro: 0.6852 | pixel_accuracy: 0.8400 | val_loss: 0.5437
Epoch 504/1000 | train_loss: 0.3598 | miou: 0.5464 | f1_macro: 0.6752 | pixel_accuracy: 0.8355 | val_loss: 0.5655
Epoch 505/1000 | train_loss: 0.3569 | miou: 0.5489 | f1_macro: 0.6799 | pixel_accuracy: 0.8327 | val_loss: 0.5747
Epoch 506/1000 | train_loss: 0.3241 | miou: 0.5500 | f1_macro: 0.6847 | pixel_accuracy: 0.8309 | val_loss: 0.5852
Epoch 507/1000 | train_loss: 0.3328 | miou: 0.5568 | f1_macro: 0.6916 | pixel_accuracy: 0.8359 | val_loss: 0.5614
Epoch 508/1000 | train_loss: 0.3386 | miou: 0.5792 | f1_macro: 0.7095 | pixel_accuracy: 0.8570 | val_loss: 0.5165
Epoch 509/1000 | train_loss: 0.3232 | miou: 0.5825 | f1_macro: 0.7097 | pixel_accuracy: 0.8685 | val_loss: 0.4922
Epoch 510/1000 | train_loss: 0.3979 | miou: 0.5970 | f1_macro: 0.7224 | pixel_accuracy: 0.8768 | val_loss: 0.4623
Epoch 511/1000 | train_loss: 0.3312 | miou: 0.5741 | f1_macro: 0.7027 | pixel_accuracy: 0.8618 | val_loss: 0.4994
Epoch 512/1000 | train_loss: 0.3971 | miou: 0.5442 | f1_macro: 0.6720 | pixel_accuracy: 0.8478 | val_loss: 0.5474
Epoch 513/1000 | train_loss: 0.3606 | miou: 0.5328 | f1_macro: 0.6643 | pixel_accuracy: 0.8387 | val_loss: 0.6019
Epoch 514/1000 | train_loss: 0.4995 | miou: 0.5223 | f1_macro: 0.6522 | pixel_accuracy: 0.8306 | val_loss: 0.6862
Epoch 515/1000 | train_loss: 0.3349 | miou: 0.5354 | f1_macro: 0.6705 | pixel_accuracy: 0.8282 | val_loss: 0.7279
Epoch 516/1000 | train_loss: 0.3790 | miou: 0.5375 | f1_macro: 0.6751 | pixel_accuracy: 0.8234 | val_loss: 0.7224
Epoch 517/1000 | train_loss: 0.3459 | miou: 0.5382 | f1_macro: 0.6710 | pixel_accuracy: 0.8285 | val_loss: 0.7207
Epoch 518/1000 | train_loss: 0.3660 | miou: 0.5422 | f1_macro: 0.6691 | pixel_accuracy: 0.8345 | val_loss: 0.7031
Epoch 519/1000 | train_loss: 0.3320 | miou: 0.5356 | f1_macro: 0.6632 | pixel_accuracy: 0.8284 | val_loss: 0.7117
Epoch 520/1000 | train_loss: 0.3107 | miou: 0.5426 | f1_macro: 0.6675 | pixel_accuracy: 0.8415 | val_loss: 0.6236
Epoch 521/1000 | train_loss: 0.3731 | miou: 0.5494 | f1_macro: 0.6742 | pixel_accuracy: 0.8480 | val_loss: 0.5666
Epoch 522/1000 | train_loss: 0.3681 | miou: 0.5558 | f1_macro: 0.6807 | pixel_accuracy: 0.8525 | val_loss: 0.5453
Epoch 523/1000 | train_loss: 0.3213 | miou: 0.5483 | f1_macro: 0.6778 | pixel_accuracy: 0.8378 | val_loss: 0.5947
Epoch 524/1000 | train_loss: 0.3155 | miou: 0.5451 | f1_macro: 0.6778 | pixel_accuracy: 0.8281 | val_loss: 0.6302
Epoch 525/1000 | train_loss: 0.3286 | miou: 0.5461 | f1_macro: 0.6803 | pixel_accuracy: 0.8270 | val_loss: 0.6134
Epoch 526/1000 | train_loss: 0.3135 | miou: 0.5498 | f1_macro: 0.6833 | pixel_accuracy: 0.8285 | val_loss: 0.6073
Epoch 527/1000 | train_loss: 0.3276 | miou: 0.5510 | f1_macro: 0.6806 | pixel_accuracy: 0.8336 | val_loss: 0.5917
Epoch 528/1000 | train_loss: 0.2888 | miou: 0.5381 | f1_macro: 0.6659 | pixel_accuracy: 0.8292 | val_loss: 0.6203
Epoch 529/1000 | train_loss: 0.3304 | miou: 0.5330 | f1_macro: 0.6591 | pixel_accuracy: 0.8309 | val_loss: 0.6325
Epoch 530/1000 | train_loss: 0.3462 | miou: 0.5334 | f1_macro: 0.6639 | pixel_accuracy: 0.8226 | val_loss: 0.6790
Epoch 531/1000 | train_loss: 0.3303 | miou: 0.5478 | f1_macro: 0.6771 | pixel_accuracy: 0.8350 | val_loss: 0.6133
Epoch 532/1000 | train_loss: 0.3401 | miou: 0.5497 | f1_macro: 0.6789 | pixel_accuracy: 0.8384 | val_loss: 0.5956
Epoch 533/1000 | train_loss: 0.3199 | miou: 0.5466 | f1_macro: 0.6748 | pixel_accuracy: 0.8386 | val_loss: 0.5830
Epoch 534/1000 | train_loss: 0.3097 | miou: 0.5566 | f1_macro: 0.6853 | pixel_accuracy: 0.8444 | val_loss: 0.5807
Epoch 535/1000 | train_loss: 0.3096 | miou: 0.5620 | f1_macro: 0.6887 | pixel_accuracy: 0.8590 | val_loss: 0.5370
Epoch 536/1000 | train_loss: 0.3400 | miou: 0.5602 | f1_macro: 0.6893 | pixel_accuracy: 0.8494 | val_loss: 0.5868
Epoch 537/1000 | train_loss: 0.3246 | miou: 0.5598 | f1_macro: 0.6872 | pixel_accuracy: 0.8502 | val_loss: 0.5554
Epoch 538/1000 | train_loss: 0.3895 | miou: 0.5756 | f1_macro: 0.7034 | pixel_accuracy: 0.8567 | val_loss: 0.5292
Epoch 539/1000 | train_loss: 0.3422 | miou: 0.5685 | f1_macro: 0.6973 | pixel_accuracy: 0.8529 | val_loss: 0.5424
Epoch 540/1000 | train_loss: 0.3383 | miou: 0.5545 | f1_macro: 0.6870 | pixel_accuracy: 0.8376 | val_loss: 0.5956
Epoch 541/1000 | train_loss: 0.3108 | miou: 0.5503 | f1_macro: 0.6836 | pixel_accuracy: 0.8304 | val_loss: 0.6229
Epoch 542/1000 | train_loss: 0.3084 | miou: 0.5432 | f1_macro: 0.6758 | pixel_accuracy: 0.8239 | val_loss: 0.6428
Epoch 543/1000 | train_loss: 0.3295 | miou: 0.5514 | f1_macro: 0.6787 | pixel_accuracy: 0.8361 | val_loss: 0.5892
Epoch 544/1000 | train_loss: 0.3004 | miou: 0.5703 | f1_macro: 0.6968 | pixel_accuracy: 0.8546 | val_loss: 0.5336
Epoch 545/1000 | train_loss: 0.3421 | miou: 0.5597 | f1_macro: 0.6840 | pixel_accuracy: 0.8570 | val_loss: 0.5273
Epoch 546/1000 | train_loss: 0.4327 | miou: 0.5188 | f1_macro: 0.6485 | pixel_accuracy: 0.8183 | val_loss: 0.6778
Epoch 547/1000 | train_loss: 0.3447 | miou: 0.5141 | f1_macro: 0.6419 | pixel_accuracy: 0.8197 | val_loss: 0.6419
Epoch 548/1000 | train_loss: 0.2906 | miou: 0.5231 | f1_macro: 0.6481 | pixel_accuracy: 0.8233 | val_loss: 0.5776
Epoch 549/1000 | train_loss: 0.4012 | miou: 0.5006 | f1_macro: 0.6263 | pixel_accuracy: 0.8078 | val_loss: 0.6530
Epoch 550/1000 | train_loss: 0.3591 | miou: 0.4989 | f1_macro: 0.6266 | pixel_accuracy: 0.8000 | val_loss: 0.6724
Epoch 551/1000 | train_loss: 0.3752 | miou: 0.4998 | f1_macro: 0.6290 | pixel_accuracy: 0.7924 | val_loss: 0.7136
Epoch 552/1000 | train_loss: 0.3283 | miou: 0.4896 | f1_macro: 0.6182 | pixel_accuracy: 0.7831 | val_loss: 0.7611
Epoch 553/1000 | train_loss: 0.3509 | miou: 0.5224 | f1_macro: 0.6457 | pixel_accuracy: 0.8076 | val_loss: 0.6330
Epoch 554/1000 | train_loss: 0.4300 | miou: 0.5322 | f1_macro: 0.6568 | pixel_accuracy: 0.8102 | val_loss: 0.6433
Epoch 555/1000 | train_loss: 0.3717 | miou: 0.5264 | f1_macro: 0.6539 | pixel_accuracy: 0.8046 | val_loss: 0.6600
Epoch 556/1000 | train_loss: 0.3698 | miou: 0.5440 | f1_macro: 0.6598 | pixel_accuracy: 0.8446 | val_loss: 0.5609
Epoch 557/1000 | train_loss: 0.3241 | miou: 0.5668 | f1_macro: 0.6833 | pixel_accuracy: 0.8690 | val_loss: 0.4737
Epoch 558/1000 | train_loss: 0.3766 | miou: 0.5712 | f1_macro: 0.6910 | pixel_accuracy: 0.8680 | val_loss: 0.4707
Epoch 559/1000 | train_loss: 0.3253 | miou: 0.5456 | f1_macro: 0.6757 | pixel_accuracy: 0.8325 | val_loss: 0.5684
Epoch 560/1000 | train_loss: 0.3112 | miou: 0.5407 | f1_macro: 0.6724 | pixel_accuracy: 0.8226 | val_loss: 0.6078
Epoch 561/1000 | train_loss: 0.3996 | miou: 0.5403 | f1_macro: 0.6715 | pixel_accuracy: 0.8175 | val_loss: 0.6296
Epoch 562/1000 | train_loss: 0.3632 | miou: 0.5226 | f1_macro: 0.6595 | pixel_accuracy: 0.7939 | val_loss: 0.7252
Epoch 563/1000 | train_loss: 0.3939 | miou: 0.5308 | f1_macro: 0.6616 | pixel_accuracy: 0.8150 | val_loss: 0.6543
Epoch 564/1000 | train_loss: 0.3419 | miou: 0.5187 | f1_macro: 0.6498 | pixel_accuracy: 0.8054 | val_loss: 0.7199
Epoch 565/1000 | train_loss: 0.3035 | miou: 0.5164 | f1_macro: 0.6459 | pixel_accuracy: 0.8083 | val_loss: 0.7116
Epoch 566/1000 | train_loss: 0.3505 | miou: 0.5258 | f1_macro: 0.6529 | pixel_accuracy: 0.8170 | val_loss: 0.6553
Epoch 567/1000 | train_loss: 0.3450 | miou: 0.5314 | f1_macro: 0.6543 | pixel_accuracy: 0.8278 | val_loss: 0.5780
Epoch 568/1000 | train_loss: 0.3547 | miou: 0.5161 | f1_macro: 0.6413 | pixel_accuracy: 0.8211 | val_loss: 0.6143
Epoch 569/1000 | train_loss: 0.3400 | miou: 0.5265 | f1_macro: 0.6542 | pixel_accuracy: 0.8274 | val_loss: 0.5779
Epoch 570/1000 | train_loss: 0.2699 | miou: 0.5381 | f1_macro: 0.6607 | pixel_accuracy: 0.8478 | val_loss: 0.5492
Epoch 571/1000 | train_loss: 0.2704 | miou: 0.5321 | f1_macro: 0.6560 | pixel_accuracy: 0.8351 | val_loss: 0.5792
Epoch 572/1000 | train_loss: 0.3288 | miou: 0.5345 | f1_macro: 0.6610 | pixel_accuracy: 0.8247 | val_loss: 0.5995
Epoch 573/1000 | train_loss: 0.2652 | miou: 0.5448 | f1_macro: 0.6691 | pixel_accuracy: 0.8393 | val_loss: 0.5478
Epoch 574/1000 | train_loss: 0.3865 | miou: 0.5461 | f1_macro: 0.6723 | pixel_accuracy: 0.8365 | val_loss: 0.5420
Epoch 575/1000 | train_loss: 0.3501 | miou: 0.5675 | f1_macro: 0.6937 | pixel_accuracy: 0.8555 | val_loss: 0.5037
Epoch 576/1000 | train_loss: 0.2690 | miou: 0.5600 | f1_macro: 0.6903 | pixel_accuracy: 0.8484 | val_loss: 0.5393
Epoch 577/1000 | train_loss: 0.3531 | miou: 0.5524 | f1_macro: 0.6854 | pixel_accuracy: 0.8267 | val_loss: 0.6098
Epoch 578/1000 | train_loss: 0.2947 | miou: 0.5547 | f1_macro: 0.6848 | pixel_accuracy: 0.8313 | val_loss: 0.5975
Epoch 579/1000 | train_loss: 0.3311 | miou: 0.5498 | f1_macro: 0.6815 | pixel_accuracy: 0.8271 | val_loss: 0.6083
Epoch 580/1000 | train_loss: 0.2779 | miou: 0.5433 | f1_macro: 0.6762 | pixel_accuracy: 0.8256 | val_loss: 0.6443
Epoch 581/1000 | train_loss: 0.4057 | miou: 0.5189 | f1_macro: 0.6460 | pixel_accuracy: 0.8268 | val_loss: 0.6272
Epoch 582/1000 | train_loss: 0.4132 | miou: 0.4851 | f1_macro: 0.6064 | pixel_accuracy: 0.8024 | val_loss: 0.7616
Epoch 583/1000 | train_loss: 0.3810 | miou: 0.4850 | f1_macro: 0.6053 | pixel_accuracy: 0.8045 | val_loss: 0.7873
Epoch 584/1000 | train_loss: 0.3655 | miou: 0.4915 | f1_macro: 0.6136 | pixel_accuracy: 0.8061 | val_loss: 0.7593
Epoch 585/1000 | train_loss: 0.3198 | miou: 0.5031 | f1_macro: 0.6262 | pixel_accuracy: 0.8150 | val_loss: 0.6724
Epoch 586/1000 | train_loss: 0.3182 | miou: 0.5127 | f1_macro: 0.6362 | pixel_accuracy: 0.8203 | val_loss: 0.6776
Epoch 587/1000 | train_loss: 0.3351 | miou: 0.5299 | f1_macro: 0.6559 | pixel_accuracy: 0.8217 | val_loss: 0.6898
Epoch 588/1000 | train_loss: 0.2965 | miou: 0.5501 | f1_macro: 0.6784 | pixel_accuracy: 0.8335 | val_loss: 0.6329
Epoch 589/1000 | train_loss: 0.3038 | miou: 0.5535 | f1_macro: 0.6838 | pixel_accuracy: 0.8327 | val_loss: 0.6244
Epoch 590/1000 | train_loss: 0.3226 | miou: 0.5451 | f1_macro: 0.6750 | pixel_accuracy: 0.8268 | val_loss: 0.6437
Epoch 591/1000 | train_loss: 0.3067 | miou: 0.5431 | f1_macro: 0.6715 | pixel_accuracy: 0.8248 | val_loss: 0.6312
Epoch 592/1000 | train_loss: 0.3317 | miou: 0.5433 | f1_macro: 0.6697 | pixel_accuracy: 0.8249 | val_loss: 0.6022
Epoch 593/1000 | train_loss: 0.2616 | miou: 0.5314 | f1_macro: 0.6590 | pixel_accuracy: 0.8171 | val_loss: 0.6120
Epoch 594/1000 | train_loss: 0.3597 | miou: 0.5238 | f1_macro: 0.6526 | pixel_accuracy: 0.8132 | val_loss: 0.6178
Epoch 595/1000 | train_loss: 0.3319 | miou: 0.5204 | f1_macro: 0.6509 | pixel_accuracy: 0.8140 | val_loss: 0.5955
Epoch 596/1000 | train_loss: 0.3317 | miou: 0.5188 | f1_macro: 0.6504 | pixel_accuracy: 0.8115 | val_loss: 0.6048
Early stopping at epoch 596 (patience=100)
Training complete. Best val_loss: 0.4317
Training complete for deeplabv3-d83
