==========================================
Job ID: 3160341
Node: dgxt001
GPU: 0
Experiment: configs/experiment/unet_dataset83.yaml
Run Name: unet-d83
==========================================
Sun Feb 22 12:57:59 2026       
+-----------------------------------------------------------------------------------------+
| NVIDIA-SMI 570.158.01             Driver Version: 570.158.01     CUDA Version: 12.8     |
|-----------------------------------------+------------------------+----------------------+
| GPU  Name                 Persistence-M | Bus-Id          Disp.A | Volatile Uncorr. ECC |
| Fan  Temp   Perf          Pwr:Usage/Cap |           Memory-Usage | GPU-Util  Compute M. |
|                                         |                        |               MIG M. |
|=========================================+========================+======================|
|   0  NVIDIA A100-SXM4-40GB          On  |   00000000:90:00.0 Off |                    0 |
| N/A   45C    P0             58W /  400W |       0MiB /  40960MiB |      0%      Default |
|                                         |                        |             Disabled |
+-----------------------------------------+------------------------+----------------------+
                                                                                         
+-----------------------------------------------------------------------------------------+
| Processes:                                                                              |
|  GPU   GI   CI              PID   Type   Process name                        GPU Memory |
|        ID   ID                                                               Usage      |
|=========================================================================================|
|  No running processes found                                                             |
+-----------------------------------------------------------------------------------------+
Split: 11 train / 3 val (from 14 total)
Model: unet
Trainable parameters: 31,030,918
Epoch 1/1000 | train_loss: 1.7906 | miou: 0.0041 | f1_macro: 0.0079 | pixel_accuracy: 0.0244 | val_loss: 1.7880
Epoch 2/1000 | train_loss: 1.7716 | miou: 0.0041 | f1_macro: 0.0079 | pixel_accuracy: 0.0244 | val_loss: 1.7701
Epoch 3/1000 | train_loss: 1.7404 | miou: 0.0683 | f1_macro: 0.0983 | pixel_accuracy: 0.3984 | val_loss: 1.7223
Epoch 4/1000 | train_loss: 1.6502 | miou: 0.0666 | f1_macro: 0.0953 | pixel_accuracy: 0.3987 | val_loss: 1.6286
Epoch 5/1000 | train_loss: 1.6420 | miou: 0.0669 | f1_macro: 0.0960 | pixel_accuracy: 0.3992 | val_loss: 1.6464
Epoch 6/1000 | train_loss: 1.6273 | miou: 0.0667 | f1_macro: 0.0956 | pixel_accuracy: 0.3993 | val_loss: 1.5685
Epoch 7/1000 | train_loss: 1.6376 | miou: 0.1701 | f1_macro: 0.2254 | pixel_accuracy: 0.5919 | val_loss: 1.6089
Epoch 8/1000 | train_loss: 1.6165 | miou: 0.1458 | f1_macro: 0.2027 | pixel_accuracy: 0.5483 | val_loss: 1.5413
Epoch 9/1000 | train_loss: 1.6050 | miou: 0.1748 | f1_macro: 0.2321 | pixel_accuracy: 0.5903 | val_loss: 1.5109
Epoch 10/1000 | train_loss: 1.6048 | miou: 0.1797 | f1_macro: 0.2401 | pixel_accuracy: 0.5924 | val_loss: 1.4750
Epoch 11/1000 | train_loss: 1.5869 | miou: 0.1782 | f1_macro: 0.2354 | pixel_accuracy: 0.5963 | val_loss: 1.4135
Epoch 12/1000 | train_loss: 1.5744 | miou: 0.1801 | f1_macro: 0.2376 | pixel_accuracy: 0.5983 | val_loss: 1.3691
Epoch 13/1000 | train_loss: 1.5659 | miou: 0.1791 | f1_macro: 0.2406 | pixel_accuracy: 0.5913 | val_loss: 1.3342
Epoch 14/1000 | train_loss: 1.5588 | miou: 0.1806 | f1_macro: 0.2394 | pixel_accuracy: 0.5972 | val_loss: 1.2897
Epoch 15/1000 | train_loss: 1.5216 | miou: 0.1811 | f1_macro: 0.2407 | pixel_accuracy: 0.5978 | val_loss: 1.2650
Epoch 16/1000 | train_loss: 1.4834 | miou: 0.1940 | f1_macro: 0.2560 | pixel_accuracy: 0.6148 | val_loss: 1.2289
Epoch 17/1000 | train_loss: 1.5548 | miou: 0.1851 | f1_macro: 0.2483 | pixel_accuracy: 0.5908 | val_loss: 1.2756
Epoch 18/1000 | train_loss: 1.5372 | miou: 0.1768 | f1_macro: 0.2453 | pixel_accuracy: 0.5722 | val_loss: 1.3206
Epoch 19/1000 | train_loss: 1.5365 | miou: 0.1830 | f1_macro: 0.2498 | pixel_accuracy: 0.5844 | val_loss: 1.2775
Epoch 20/1000 | train_loss: 1.5416 | miou: 0.1904 | f1_macro: 0.2569 | pixel_accuracy: 0.5891 | val_loss: 1.2774
Epoch 21/1000 | train_loss: 1.4925 | miou: 0.2094 | f1_macro: 0.2846 | pixel_accuracy: 0.6038 | val_loss: 1.2803
Epoch 22/1000 | train_loss: 1.4715 | miou: 0.2032 | f1_macro: 0.2731 | pixel_accuracy: 0.6066 | val_loss: 1.2608
Epoch 23/1000 | train_loss: 1.4424 | miou: 0.2030 | f1_macro: 0.2721 | pixel_accuracy: 0.6102 | val_loss: 1.2374
Epoch 24/1000 | train_loss: 1.4352 | miou: 0.2064 | f1_macro: 0.2760 | pixel_accuracy: 0.6091 | val_loss: 1.2587
Epoch 25/1000 | train_loss: 1.4447 | miou: 0.2067 | f1_macro: 0.2757 | pixel_accuracy: 0.6109 | val_loss: 1.2403
Epoch 26/1000 | train_loss: 1.4144 | miou: 0.2075 | f1_macro: 0.2779 | pixel_accuracy: 0.6115 | val_loss: 1.2257
Epoch 27/1000 | train_loss: 1.4455 | miou: 0.2068 | f1_macro: 0.2758 | pixel_accuracy: 0.6100 | val_loss: 1.2423
Epoch 28/1000 | train_loss: 1.4052 | miou: 0.2112 | f1_macro: 0.2828 | pixel_accuracy: 0.6143 | val_loss: 1.2398
Epoch 29/1000 | train_loss: 1.4200 | miou: 0.2084 | f1_macro: 0.2782 | pixel_accuracy: 0.6106 | val_loss: 1.2412
Epoch 30/1000 | train_loss: 1.4255 | miou: 0.2107 | f1_macro: 0.2815 | pixel_accuracy: 0.6129 | val_loss: 1.2351
Epoch 31/1000 | train_loss: 1.3886 | miou: 0.2085 | f1_macro: 0.2778 | pixel_accuracy: 0.6137 | val_loss: 1.2140
Epoch 32/1000 | train_loss: 1.3831 | miou: 0.2149 | f1_macro: 0.2868 | pixel_accuracy: 0.6160 | val_loss: 1.2240
Epoch 33/1000 | train_loss: 1.3610 | miou: 0.2100 | f1_macro: 0.2800 | pixel_accuracy: 0.6126 | val_loss: 1.2052
Epoch 34/1000 | train_loss: 1.3736 | miou: 0.2093 | f1_macro: 0.2808 | pixel_accuracy: 0.6069 | val_loss: 1.2184
Epoch 35/1000 | train_loss: 1.3925 | miou: 0.2244 | f1_macro: 0.2994 | pixel_accuracy: 0.6252 | val_loss: 1.2246
Epoch 36/1000 | train_loss: 1.3392 | miou: 0.2059 | f1_macro: 0.2807 | pixel_accuracy: 0.5919 | val_loss: 1.2696
Epoch 37/1000 | train_loss: 1.4549 | miou: 0.2590 | f1_macro: 0.3386 | pixel_accuracy: 0.6637 | val_loss: 1.2903
Epoch 38/1000 | train_loss: 1.3519 | miou: 0.2077 | f1_macro: 0.2827 | pixel_accuracy: 0.5935 | val_loss: 1.2793
Epoch 39/1000 | train_loss: 1.4303 | miou: 0.2419 | f1_macro: 0.3203 | pixel_accuracy: 0.6378 | val_loss: 1.2715
Epoch 40/1000 | train_loss: 1.3482 | miou: 0.2004 | f1_macro: 0.2728 | pixel_accuracy: 0.5848 | val_loss: 1.2370
Epoch 41/1000 | train_loss: 1.3694 | miou: 0.2227 | f1_macro: 0.2984 | pixel_accuracy: 0.6195 | val_loss: 1.2267
Epoch 42/1000 | train_loss: 1.3766 | miou: 0.2133 | f1_macro: 0.2914 | pixel_accuracy: 0.5954 | val_loss: 1.2437
Epoch 43/1000 | train_loss: 1.4332 | miou: 0.2240 | f1_macro: 0.3029 | pixel_accuracy: 0.6138 | val_loss: 1.2571
Epoch 44/1000 | train_loss: 1.3579 | miou: 0.2235 | f1_macro: 0.3012 | pixel_accuracy: 0.6169 | val_loss: 1.2443
Epoch 45/1000 | train_loss: 1.3398 | miou: 0.2287 | f1_macro: 0.3072 | pixel_accuracy: 0.6197 | val_loss: 1.2559
Epoch 46/1000 | train_loss: 1.3669 | miou: 0.2507 | f1_macro: 0.3288 | pixel_accuracy: 0.6560 | val_loss: 1.2335
Epoch 47/1000 | train_loss: 1.3348 | miou: 0.2226 | f1_macro: 0.3012 | pixel_accuracy: 0.6110 | val_loss: 1.2312
Epoch 48/1000 | train_loss: 1.3608 | miou: 0.2560 | f1_macro: 0.3314 | pixel_accuracy: 0.6531 | val_loss: 1.2615
Epoch 49/1000 | train_loss: 1.4232 | miou: 0.2417 | f1_macro: 0.3217 | pixel_accuracy: 0.6385 | val_loss: 1.2403
Epoch 50/1000 | train_loss: 1.4068 | miou: 0.2384 | f1_macro: 0.3192 | pixel_accuracy: 0.6311 | val_loss: 1.2494
Epoch 51/1000 | train_loss: 1.3463 | miou: 0.2047 | f1_macro: 0.2843 | pixel_accuracy: 0.5754 | val_loss: 1.2507
Epoch 52/1000 | train_loss: 1.3115 | miou: 0.2091 | f1_macro: 0.2895 | pixel_accuracy: 0.5809 | val_loss: 1.2599
Epoch 53/1000 | train_loss: 1.3112 | miou: 0.2446 | f1_macro: 0.3226 | pixel_accuracy: 0.6474 | val_loss: 1.1836
Epoch 54/1000 | train_loss: 1.4018 | miou: 0.2529 | f1_macro: 0.3267 | pixel_accuracy: 0.6549 | val_loss: 1.1951
Epoch 55/1000 | train_loss: 1.3803 | miou: 0.2142 | f1_macro: 0.2926 | pixel_accuracy: 0.5953 | val_loss: 1.2198
Epoch 56/1000 | train_loss: 1.3382 | miou: 0.2397 | f1_macro: 0.3201 | pixel_accuracy: 0.6331 | val_loss: 1.2440
Epoch 57/1000 | train_loss: 1.3026 | miou: 0.2581 | f1_macro: 0.3370 | pixel_accuracy: 0.6640 | val_loss: 1.1931
Epoch 58/1000 | train_loss: 1.2988 | miou: 0.2538 | f1_macro: 0.3290 | pixel_accuracy: 0.6534 | val_loss: 1.1832
Epoch 59/1000 | train_loss: 1.3666 | miou: 0.2321 | f1_macro: 0.3113 | pixel_accuracy: 0.6237 | val_loss: 1.1884
Epoch 60/1000 | train_loss: 1.3730 | miou: 0.2623 | f1_macro: 0.3408 | pixel_accuracy: 0.6704 | val_loss: 1.2019
Epoch 61/1000 | train_loss: 1.4462 | miou: 0.2682 | f1_macro: 0.3469 | pixel_accuracy: 0.6762 | val_loss: 1.2562
Epoch 62/1000 | train_loss: 1.3152 | miou: 0.2479 | f1_macro: 0.3292 | pixel_accuracy: 0.6448 | val_loss: 1.2397
Epoch 63/1000 | train_loss: 1.2974 | miou: 0.2420 | f1_macro: 0.3232 | pixel_accuracy: 0.6362 | val_loss: 1.2239
Epoch 64/1000 | train_loss: 1.3230 | miou: 0.2406 | f1_macro: 0.3214 | pixel_accuracy: 0.6345 | val_loss: 1.2190
Epoch 65/1000 | train_loss: 1.4254 | miou: 0.2472 | f1_macro: 0.3280 | pixel_accuracy: 0.6441 | val_loss: 1.2224
Epoch 66/1000 | train_loss: 1.3686 | miou: 0.2525 | f1_macro: 0.3324 | pixel_accuracy: 0.6542 | val_loss: 1.2112
Epoch 67/1000 | train_loss: 1.3617 | miou: 0.2523 | f1_macro: 0.3319 | pixel_accuracy: 0.6549 | val_loss: 1.1965
Epoch 68/1000 | train_loss: 1.3345 | miou: 0.2408 | f1_macro: 0.3216 | pixel_accuracy: 0.6349 | val_loss: 1.2107
Epoch 69/1000 | train_loss: 1.3494 | miou: 0.2408 | f1_macro: 0.3223 | pixel_accuracy: 0.6335 | val_loss: 1.2256
Epoch 70/1000 | train_loss: 1.4052 | miou: 0.2701 | f1_macro: 0.3479 | pixel_accuracy: 0.6821 | val_loss: 1.1779
Epoch 71/1000 | train_loss: 1.2909 | miou: 0.2573 | f1_macro: 0.3365 | pixel_accuracy: 0.6629 | val_loss: 1.1762
Epoch 72/1000 | train_loss: 1.3018 | miou: 0.2614 | f1_macro: 0.3406 | pixel_accuracy: 0.6677 | val_loss: 1.1606
Epoch 73/1000 | train_loss: 1.4398 | miou: 0.2654 | f1_macro: 0.3405 | pixel_accuracy: 0.6720 | val_loss: 1.1763
Epoch 74/1000 | train_loss: 1.3633 | miou: 0.2520 | f1_macro: 0.3325 | pixel_accuracy: 0.6529 | val_loss: 1.1775
Epoch 75/1000 | train_loss: 1.4032 | miou: 0.2597 | f1_macro: 0.3394 | pixel_accuracy: 0.6644 | val_loss: 1.1929
Epoch 76/1000 | train_loss: 1.3037 | miou: 0.2696 | f1_macro: 0.3474 | pixel_accuracy: 0.6829 | val_loss: 1.1385
Epoch 77/1000 | train_loss: 1.3462 | miou: 0.2565 | f1_macro: 0.3362 | pixel_accuracy: 0.6606 | val_loss: 1.1709
Epoch 78/1000 | train_loss: 1.2935 | miou: 0.2466 | f1_macro: 0.3275 | pixel_accuracy: 0.6437 | val_loss: 1.1709
Epoch 79/1000 | train_loss: 1.3473 | miou: 0.2547 | f1_macro: 0.3335 | pixel_accuracy: 0.6598 | val_loss: 1.1809
Epoch 80/1000 | train_loss: 1.4227 | miou: 0.2383 | f1_macro: 0.3197 | pixel_accuracy: 0.6262 | val_loss: 1.2073
Epoch 81/1000 | train_loss: 1.2978 | miou: 0.2301 | f1_macro: 0.3129 | pixel_accuracy: 0.6144 | val_loss: 1.2081
Epoch 82/1000 | train_loss: 1.2819 | miou: 0.2385 | f1_macro: 0.3202 | pixel_accuracy: 0.6279 | val_loss: 1.1730
Epoch 83/1000 | train_loss: 1.3554 | miou: 0.2571 | f1_macro: 0.3365 | pixel_accuracy: 0.6598 | val_loss: 1.1379
Epoch 84/1000 | train_loss: 1.4009 | miou: 0.2451 | f1_macro: 0.3258 | pixel_accuracy: 0.6406 | val_loss: 1.1644
Epoch 85/1000 | train_loss: 1.2790 | miou: 0.2476 | f1_macro: 0.3279 | pixel_accuracy: 0.6458 | val_loss: 1.1659
Epoch 86/1000 | train_loss: 1.2644 | miou: 0.2472 | f1_macro: 0.3274 | pixel_accuracy: 0.6443 | val_loss: 1.1343
Epoch 87/1000 | train_loss: 1.3438 | miou: 0.2546 | f1_macro: 0.3340 | pixel_accuracy: 0.6562 | val_loss: 1.1300
Epoch 88/1000 | train_loss: 1.4161 | miou: 0.2292 | f1_macro: 0.3108 | pixel_accuracy: 0.6058 | val_loss: 1.1998
Epoch 89/1000 | train_loss: 1.3692 | miou: 0.2353 | f1_macro: 0.3165 | pixel_accuracy: 0.6232 | val_loss: 1.2051
Epoch 90/1000 | train_loss: 1.3601 | miou: 0.2624 | f1_macro: 0.3412 | pixel_accuracy: 0.6701 | val_loss: 1.1177
Epoch 91/1000 | train_loss: 1.3776 | miou: 0.2653 | f1_macro: 0.3433 | pixel_accuracy: 0.6737 | val_loss: 1.1234
Epoch 92/1000 | train_loss: 1.2770 | miou: 0.2580 | f1_macro: 0.3372 | pixel_accuracy: 0.6625 | val_loss: 1.1192
Epoch 93/1000 | train_loss: 1.4054 | miou: 0.2587 | f1_macro: 0.3375 | pixel_accuracy: 0.6612 | val_loss: 1.1259
Epoch 94/1000 | train_loss: 1.3252 | miou: 0.2607 | f1_macro: 0.3401 | pixel_accuracy: 0.6655 | val_loss: 1.1480
Epoch 95/1000 | train_loss: 1.2921 | miou: 0.2322 | f1_macro: 0.3153 | pixel_accuracy: 0.6215 | val_loss: 1.2216
Epoch 96/1000 | train_loss: 1.3364 | miou: 0.2620 | f1_macro: 0.3410 | pixel_accuracy: 0.6683 | val_loss: 1.1217
Epoch 97/1000 | train_loss: 1.2471 | miou: 0.2505 | f1_macro: 0.3307 | pixel_accuracy: 0.6501 | val_loss: 1.1056
Epoch 98/1000 | train_loss: 1.2185 | miou: 0.2496 | f1_macro: 0.3296 | pixel_accuracy: 0.6491 | val_loss: 1.0907
Epoch 99/1000 | train_loss: 1.2238 | miou: 0.2646 | f1_macro: 0.3485 | pixel_accuracy: 0.6673 | val_loss: 1.0547
Epoch 100/1000 | train_loss: 1.4461 | miou: 0.2616 | f1_macro: 0.3389 | pixel_accuracy: 0.6644 | val_loss: 1.1121
Epoch 101/1000 | train_loss: 1.3243 | miou: 0.2390 | f1_macro: 0.3199 | pixel_accuracy: 0.6263 | val_loss: 1.1816
Epoch 102/1000 | train_loss: 1.3230 | miou: 0.2314 | f1_macro: 0.3130 | pixel_accuracy: 0.6200 | val_loss: 1.2023
Epoch 103/1000 | train_loss: 1.3241 | miou: 0.2291 | f1_macro: 0.3111 | pixel_accuracy: 0.6149 | val_loss: 1.2061
Epoch 104/1000 | train_loss: 1.2678 | miou: 0.2529 | f1_macro: 0.3325 | pixel_accuracy: 0.6539 | val_loss: 1.1307
Epoch 105/1000 | train_loss: 1.3088 | miou: 0.2518 | f1_macro: 0.3313 | pixel_accuracy: 0.6498 | val_loss: 1.1274
Epoch 106/1000 | train_loss: 1.2392 | miou: 0.2548 | f1_macro: 0.3338 | pixel_accuracy: 0.6543 | val_loss: 1.1330
Epoch 107/1000 | train_loss: 1.3052 | miou: 0.2304 | f1_macro: 0.3104 | pixel_accuracy: 0.6032 | val_loss: 1.2224
Epoch 108/1000 | train_loss: 1.2480 | miou: 0.2722 | f1_macro: 0.3557 | pixel_accuracy: 0.6776 | val_loss: 1.0635
Epoch 109/1000 | train_loss: 1.2418 | miou: 0.2667 | f1_macro: 0.3453 | pixel_accuracy: 0.6775 | val_loss: 1.0575
Epoch 110/1000 | train_loss: 1.2032 | miou: 0.2672 | f1_macro: 0.3499 | pixel_accuracy: 0.6692 | val_loss: 1.0641
Epoch 111/1000 | train_loss: 1.3254 | miou: 0.2690 | f1_macro: 0.3574 | pixel_accuracy: 0.6642 | val_loss: 1.0778
Epoch 112/1000 | train_loss: 1.3578 | miou: 0.2741 | f1_macro: 0.3531 | pixel_accuracy: 0.6858 | val_loss: 1.1179
Epoch 113/1000 | train_loss: 1.3419 | miou: 0.2620 | f1_macro: 0.3422 | pixel_accuracy: 0.6672 | val_loss: 1.1743
Epoch 114/1000 | train_loss: 1.2578 | miou: 0.2476 | f1_macro: 0.3294 | pixel_accuracy: 0.6446 | val_loss: 1.1747
Epoch 115/1000 | train_loss: 1.3337 | miou: 0.2620 | f1_macro: 0.3408 | pixel_accuracy: 0.6665 | val_loss: 1.1146
Epoch 116/1000 | train_loss: 1.3040 | miou: 0.2615 | f1_macro: 0.3484 | pixel_accuracy: 0.6510 | val_loss: 1.1335
Epoch 117/1000 | train_loss: 1.2229 | miou: 0.2845 | f1_macro: 0.3860 | pixel_accuracy: 0.6555 | val_loss: 1.1158
Epoch 118/1000 | train_loss: 1.3338 | miou: 0.2708 | f1_macro: 0.3665 | pixel_accuracy: 0.6486 | val_loss: 1.1270
Epoch 119/1000 | train_loss: 1.3075 | miou: 0.2686 | f1_macro: 0.3581 | pixel_accuracy: 0.6603 | val_loss: 1.0943
Epoch 120/1000 | train_loss: 1.2975 | miou: 0.2683 | f1_macro: 0.3554 | pixel_accuracy: 0.6662 | val_loss: 1.0908
Epoch 121/1000 | train_loss: 1.2463 | miou: 0.2669 | f1_macro: 0.3527 | pixel_accuracy: 0.6666 | val_loss: 1.0766
Epoch 122/1000 | train_loss: 1.2308 | miou: 0.2754 | f1_macro: 0.3744 | pixel_accuracy: 0.6518 | val_loss: 1.0731
Epoch 123/1000 | train_loss: 1.3932 | miou: 0.2633 | f1_macro: 0.3577 | pixel_accuracy: 0.6428 | val_loss: 1.0946
Epoch 124/1000 | train_loss: 1.3027 | miou: 0.2658 | f1_macro: 0.3604 | pixel_accuracy: 0.6503 | val_loss: 1.0877
Epoch 125/1000 | train_loss: 1.2859 | miou: 0.2691 | f1_macro: 0.3677 | pixel_accuracy: 0.6436 | val_loss: 1.1105
Epoch 126/1000 | train_loss: 1.2619 | miou: 0.2878 | f1_macro: 0.3933 | pixel_accuracy: 0.6511 | val_loss: 1.1699
Epoch 127/1000 | train_loss: 1.2701 | miou: 0.2921 | f1_macro: 0.4000 | pixel_accuracy: 0.6474 | val_loss: 1.1609
Epoch 128/1000 | train_loss: 1.2336 | miou: 0.2872 | f1_macro: 0.3928 | pixel_accuracy: 0.6560 | val_loss: 1.1215
Epoch 129/1000 | train_loss: 1.2476 | miou: 0.2856 | f1_macro: 0.3883 | pixel_accuracy: 0.6619 | val_loss: 1.0561
Epoch 130/1000 | train_loss: 1.2071 | miou: 0.2888 | f1_macro: 0.3951 | pixel_accuracy: 0.6495 | val_loss: 1.0425
Epoch 131/1000 | train_loss: 1.1956 | miou: 0.2825 | f1_macro: 0.3903 | pixel_accuracy: 0.6398 | val_loss: 1.0564
Epoch 132/1000 | train_loss: 1.2387 | miou: 0.2551 | f1_macro: 0.3488 | pixel_accuracy: 0.6345 | val_loss: 1.0653
Epoch 133/1000 | train_loss: 1.4015 | miou: 0.2800 | f1_macro: 0.3788 | pixel_accuracy: 0.6574 | val_loss: 1.0604
Epoch 134/1000 | train_loss: 1.3246 | miou: 0.2608 | f1_macro: 0.3530 | pixel_accuracy: 0.6466 | val_loss: 1.1052
Epoch 135/1000 | train_loss: 1.3638 | miou: 0.2515 | f1_macro: 0.3390 | pixel_accuracy: 0.6449 | val_loss: 1.1458
Epoch 136/1000 | train_loss: 1.3060 | miou: 0.2577 | f1_macro: 0.3482 | pixel_accuracy: 0.6452 | val_loss: 1.1114
Epoch 137/1000 | train_loss: 1.2825 | miou: 0.2756 | f1_macro: 0.3687 | pixel_accuracy: 0.6691 | val_loss: 1.2523
Epoch 138/1000 | train_loss: 1.2672 | miou: 0.2875 | f1_macro: 0.3946 | pixel_accuracy: 0.6536 | val_loss: 1.1746
Epoch 139/1000 | train_loss: 1.2967 | miou: 0.2697 | f1_macro: 0.3663 | pixel_accuracy: 0.6509 | val_loss: 1.1593
Epoch 140/1000 | train_loss: 1.2383 | miou: 0.2560 | f1_macro: 0.3498 | pixel_accuracy: 0.6408 | val_loss: 1.2154
Epoch 141/1000 | train_loss: 1.2941 | miou: 0.2854 | f1_macro: 0.3841 | pixel_accuracy: 0.6671 | val_loss: 1.0742
Epoch 142/1000 | train_loss: 1.3293 | miou: 0.2772 | f1_macro: 0.3711 | pixel_accuracy: 0.6698 | val_loss: 1.1660
Epoch 143/1000 | train_loss: 1.2536 | miou: 0.2664 | f1_macro: 0.3593 | pixel_accuracy: 0.6567 | val_loss: 1.0856
Epoch 144/1000 | train_loss: 1.2724 | miou: 0.2852 | f1_macro: 0.3831 | pixel_accuracy: 0.6709 | val_loss: 1.1119
Epoch 145/1000 | train_loss: 1.3633 | miou: 0.2918 | f1_macro: 0.3952 | pixel_accuracy: 0.6637 | val_loss: 1.1634
Epoch 146/1000 | train_loss: 1.3414 | miou: 0.3015 | f1_macro: 0.4067 | pixel_accuracy: 0.6714 | val_loss: 1.1187
Epoch 147/1000 | train_loss: 1.2686 | miou: 0.3148 | f1_macro: 0.4176 | pixel_accuracy: 0.6947 | val_loss: 1.1761
Epoch 148/1000 | train_loss: 1.2556 | miou: 0.3006 | f1_macro: 0.3997 | pixel_accuracy: 0.6902 | val_loss: 1.2277
Epoch 149/1000 | train_loss: 1.2262 | miou: 0.2966 | f1_macro: 0.3957 | pixel_accuracy: 0.6836 | val_loss: 1.1107
Epoch 150/1000 | train_loss: 1.2116 | miou: 0.2977 | f1_macro: 0.3966 | pixel_accuracy: 0.6857 | val_loss: 1.0495
Epoch 151/1000 | train_loss: 1.1885 | miou: 0.3053 | f1_macro: 0.4071 | pixel_accuracy: 0.6884 | val_loss: 1.0370
Epoch 152/1000 | train_loss: 1.2792 | miou: 0.2934 | f1_macro: 0.3927 | pixel_accuracy: 0.6766 | val_loss: 1.0770
Epoch 153/1000 | train_loss: 1.2067 | miou: 0.2894 | f1_macro: 0.3815 | pixel_accuracy: 0.6901 | val_loss: 1.1396
Epoch 154/1000 | train_loss: 1.2540 | miou: 0.3111 | f1_macro: 0.4129 | pixel_accuracy: 0.6922 | val_loss: 1.2278
Epoch 155/1000 | train_loss: 1.3145 | miou: 0.2862 | f1_macro: 0.3791 | pixel_accuracy: 0.6803 | val_loss: 1.0258
Epoch 156/1000 | train_loss: 1.3748 | miou: 0.2868 | f1_macro: 0.3790 | pixel_accuracy: 0.6851 | val_loss: 1.0398
Epoch 157/1000 | train_loss: 1.2066 | miou: 0.2983 | f1_macro: 0.3916 | pixel_accuracy: 0.6975 | val_loss: 1.1678
Epoch 158/1000 | train_loss: 1.2085 | miou: 0.3004 | f1_macro: 0.3988 | pixel_accuracy: 0.6870 | val_loss: 1.0479
Epoch 159/1000 | train_loss: 1.2552 | miou: 0.3098 | f1_macro: 0.4125 | pixel_accuracy: 0.6907 | val_loss: 1.0870
Epoch 160/1000 | train_loss: 1.2091 | miou: 0.3140 | f1_macro: 0.4159 | pixel_accuracy: 0.6974 | val_loss: 1.0918
Epoch 161/1000 | train_loss: 1.3159 | miou: 0.2981 | f1_macro: 0.3962 | pixel_accuracy: 0.6870 | val_loss: 1.0872
Epoch 162/1000 | train_loss: 1.2187 | miou: 0.2972 | f1_macro: 0.3892 | pixel_accuracy: 0.6989 | val_loss: 1.1074
Epoch 163/1000 | train_loss: 1.2079 | miou: 0.3036 | f1_macro: 0.3988 | pixel_accuracy: 0.7008 | val_loss: 0.9748
Epoch 164/1000 | train_loss: 1.2819 | miou: 0.3013 | f1_macro: 0.4010 | pixel_accuracy: 0.6860 | val_loss: 0.9958
Epoch 165/1000 | train_loss: 1.1976 | miou: 0.3144 | f1_macro: 0.4160 | pixel_accuracy: 0.6997 | val_loss: 1.0588
Epoch 166/1000 | train_loss: 1.1791 | miou: 0.3247 | f1_macro: 0.4335 | pixel_accuracy: 0.6997 | val_loss: 1.0549
Epoch 167/1000 | train_loss: 1.2019 | miou: 0.3312 | f1_macro: 0.4460 | pixel_accuracy: 0.6969 | val_loss: 1.1263
Epoch 168/1000 | train_loss: 1.2941 | miou: 0.3158 | f1_macro: 0.4250 | pixel_accuracy: 0.6811 | val_loss: 1.0265
Epoch 169/1000 | train_loss: 1.1956 | miou: 0.3145 | f1_macro: 0.4191 | pixel_accuracy: 0.6922 | val_loss: 1.0307
Epoch 170/1000 | train_loss: 1.1764 | miou: 0.3120 | f1_macro: 0.4268 | pixel_accuracy: 0.6732 | val_loss: 1.0688
Epoch 171/1000 | train_loss: 1.2825 | miou: 0.3128 | f1_macro: 0.4164 | pixel_accuracy: 0.6879 | val_loss: 1.0387
Epoch 172/1000 | train_loss: 1.2693 | miou: 0.3114 | f1_macro: 0.4141 | pixel_accuracy: 0.6912 | val_loss: 1.0145
Epoch 173/1000 | train_loss: 1.3439 | miou: 0.2927 | f1_macro: 0.3968 | pixel_accuracy: 0.6596 | val_loss: 1.0729
Epoch 174/1000 | train_loss: 1.2043 | miou: 0.2936 | f1_macro: 0.3977 | pixel_accuracy: 0.6652 | val_loss: 1.0716
Epoch 175/1000 | train_loss: 1.3218 | miou: 0.3053 | f1_macro: 0.4097 | pixel_accuracy: 0.6744 | val_loss: 1.0629
Epoch 176/1000 | train_loss: 1.2284 | miou: 0.3176 | f1_macro: 0.4204 | pixel_accuracy: 0.6964 | val_loss: 1.1856
Epoch 177/1000 | train_loss: 1.2796 | miou: 0.3202 | f1_macro: 0.4240 | pixel_accuracy: 0.6980 | val_loss: 1.0129
Epoch 178/1000 | train_loss: 1.2739 | miou: 0.3265 | f1_macro: 0.4320 | pixel_accuracy: 0.6998 | val_loss: 1.0084
Epoch 179/1000 | train_loss: 1.2349 | miou: 0.3320 | f1_macro: 0.4368 | pixel_accuracy: 0.7093 | val_loss: 1.1302
Epoch 180/1000 | train_loss: 1.2115 | miou: 0.3253 | f1_macro: 0.4309 | pixel_accuracy: 0.7011 | val_loss: 1.0409
Epoch 181/1000 | train_loss: 1.1704 | miou: 0.3177 | f1_macro: 0.4274 | pixel_accuracy: 0.6862 | val_loss: 1.0128
Epoch 182/1000 | train_loss: 1.1950 | miou: 0.3120 | f1_macro: 0.4248 | pixel_accuracy: 0.6726 | val_loss: 1.0491
Epoch 183/1000 | train_loss: 1.1720 | miou: 0.2910 | f1_macro: 0.4011 | pixel_accuracy: 0.6445 | val_loss: 1.1049
Epoch 184/1000 | train_loss: 1.1846 | miou: 0.2947 | f1_macro: 0.4029 | pixel_accuracy: 0.6552 | val_loss: 1.0639
Epoch 185/1000 | train_loss: 1.1946 | miou: 0.3044 | f1_macro: 0.4095 | pixel_accuracy: 0.6769 | val_loss: 1.0401
Epoch 186/1000 | train_loss: 1.2373 | miou: 0.3162 | f1_macro: 0.4215 | pixel_accuracy: 0.6890 | val_loss: 1.0474
Epoch 187/1000 | train_loss: 1.1587 | miou: 0.3159 | f1_macro: 0.4239 | pixel_accuracy: 0.6901 | val_loss: 1.0115
Epoch 188/1000 | train_loss: 1.1520 | miou: 0.2994 | f1_macro: 0.4062 | pixel_accuracy: 0.6721 | val_loss: 1.0140
Epoch 189/1000 | train_loss: 1.1820 | miou: 0.3014 | f1_macro: 0.4125 | pixel_accuracy: 0.6672 | val_loss: 1.0185
Epoch 190/1000 | train_loss: 1.1426 | miou: 0.3174 | f1_macro: 0.4337 | pixel_accuracy: 0.6800 | val_loss: 1.0160
Epoch 191/1000 | train_loss: 1.2500 | miou: 0.3137 | f1_macro: 0.4274 | pixel_accuracy: 0.6809 | val_loss: 1.1178
Epoch 192/1000 | train_loss: 1.1861 | miou: 0.3276 | f1_macro: 0.4382 | pixel_accuracy: 0.6945 | val_loss: 1.1489
Epoch 193/1000 | train_loss: 1.1792 | miou: 0.3375 | f1_macro: 0.4517 | pixel_accuracy: 0.7004 | val_loss: 1.0974
Epoch 194/1000 | train_loss: 1.1530 | miou: 0.3431 | f1_macro: 0.4596 | pixel_accuracy: 0.7045 | val_loss: 1.0553
Epoch 195/1000 | train_loss: 1.2572 | miou: 0.3372 | f1_macro: 0.4558 | pixel_accuracy: 0.6934 | val_loss: 0.9959
Epoch 196/1000 | train_loss: 1.1728 | miou: 0.3257 | f1_macro: 0.4400 | pixel_accuracy: 0.6925 | val_loss: 1.0265
Epoch 197/1000 | train_loss: 1.1526 | miou: 0.3258 | f1_macro: 0.4421 | pixel_accuracy: 0.6911 | val_loss: 1.0211
Epoch 198/1000 | train_loss: 1.2325 | miou: 0.3246 | f1_macro: 0.4425 | pixel_accuracy: 0.6860 | val_loss: 1.0419
Epoch 199/1000 | train_loss: 1.2496 | miou: 0.2993 | f1_macro: 0.4146 | pixel_accuracy: 0.6487 | val_loss: 1.1364
Epoch 200/1000 | train_loss: 1.2760 | miou: 0.3072 | f1_macro: 0.4157 | pixel_accuracy: 0.6786 | val_loss: 1.1240
Epoch 201/1000 | train_loss: 1.2720 | miou: 0.3285 | f1_macro: 0.4383 | pixel_accuracy: 0.7029 | val_loss: 1.0391
Epoch 202/1000 | train_loss: 1.1893 | miou: 0.3480 | f1_macro: 0.4609 | pixel_accuracy: 0.7126 | val_loss: 1.1215
Epoch 203/1000 | train_loss: 1.1650 | miou: 0.3547 | f1_macro: 0.4754 | pixel_accuracy: 0.7083 | val_loss: 1.1641
Epoch 204/1000 | train_loss: 1.1528 | miou: 0.3470 | f1_macro: 0.4667 | pixel_accuracy: 0.7039 | val_loss: 1.1663
Epoch 205/1000 | train_loss: 1.1817 | miou: 0.3512 | f1_macro: 0.4721 | pixel_accuracy: 0.7062 | val_loss: 1.1327
Epoch 206/1000 | train_loss: 1.1804 | miou: 0.3497 | f1_macro: 0.4626 | pixel_accuracy: 0.7185 | val_loss: 1.0621
Epoch 207/1000 | train_loss: 1.2636 | miou: 0.3543 | f1_macro: 0.4756 | pixel_accuracy: 0.7017 | val_loss: 1.1984
Epoch 208/1000 | train_loss: 1.1705 | miou: 0.3477 | f1_macro: 0.4717 | pixel_accuracy: 0.6977 | val_loss: 1.0159
Epoch 209/1000 | train_loss: 1.1757 | miou: 0.3129 | f1_macro: 0.4354 | pixel_accuracy: 0.6571 | val_loss: 1.0367
Epoch 210/1000 | train_loss: 1.2240 | miou: 0.3195 | f1_macro: 0.4401 | pixel_accuracy: 0.6776 | val_loss: 1.0456
Epoch 211/1000 | train_loss: 1.1654 | miou: 0.3352 | f1_macro: 0.4537 | pixel_accuracy: 0.6982 | val_loss: 0.9635
Epoch 212/1000 | train_loss: 1.3091 | miou: 0.3406 | f1_macro: 0.4652 | pixel_accuracy: 0.6874 | val_loss: 0.9806
Epoch 213/1000 | train_loss: 1.1878 | miou: 0.3318 | f1_macro: 0.4519 | pixel_accuracy: 0.6894 | val_loss: 0.9700
Epoch 214/1000 | train_loss: 1.2529 | miou: 0.3487 | f1_macro: 0.4677 | pixel_accuracy: 0.7087 | val_loss: 0.9830
Epoch 215/1000 | train_loss: 1.2410 | miou: 0.3297 | f1_macro: 0.4551 | pixel_accuracy: 0.6765 | val_loss: 1.2005
Epoch 216/1000 | train_loss: 1.1929 | miou: 0.3492 | f1_macro: 0.4702 | pixel_accuracy: 0.7036 | val_loss: 1.2657
Epoch 217/1000 | train_loss: 1.2613 | miou: 0.3402 | f1_macro: 0.4656 | pixel_accuracy: 0.6874 | val_loss: 1.0202
Epoch 218/1000 | train_loss: 1.2111 | miou: 0.3519 | f1_macro: 0.4724 | pixel_accuracy: 0.7089 | val_loss: 1.0900
Epoch 219/1000 | train_loss: 1.1592 | miou: 0.3462 | f1_macro: 0.4681 | pixel_accuracy: 0.6960 | val_loss: 1.0118
Epoch 220/1000 | train_loss: 1.2142 | miou: 0.3394 | f1_macro: 0.4643 | pixel_accuracy: 0.6875 | val_loss: 1.1316
Epoch 221/1000 | train_loss: 1.1749 | miou: 0.3381 | f1_macro: 0.4596 | pixel_accuracy: 0.6793 | val_loss: 1.1761
Epoch 222/1000 | train_loss: 1.2634 | miou: 0.3303 | f1_macro: 0.4576 | pixel_accuracy: 0.6652 | val_loss: 1.0254
Epoch 223/1000 | train_loss: 1.2279 | miou: 0.3412 | f1_macro: 0.4673 | pixel_accuracy: 0.6773 | val_loss: 1.0703
Epoch 224/1000 | train_loss: 1.2475 | miou: 0.3306 | f1_macro: 0.4498 | pixel_accuracy: 0.6870 | val_loss: 1.0623
Epoch 225/1000 | train_loss: 1.2306 | miou: 0.3206 | f1_macro: 0.4366 | pixel_accuracy: 0.6858 | val_loss: 1.0386
Epoch 226/1000 | train_loss: 1.1593 | miou: 0.3356 | f1_macro: 0.4558 | pixel_accuracy: 0.6910 | val_loss: 1.0436
Epoch 227/1000 | train_loss: 1.2627 | miou: 0.3275 | f1_macro: 0.4521 | pixel_accuracy: 0.6745 | val_loss: 1.1628
Epoch 228/1000 | train_loss: 1.1643 | miou: 0.3382 | f1_macro: 0.4606 | pixel_accuracy: 0.6919 | val_loss: 0.9873
Epoch 229/1000 | train_loss: 1.1347 | miou: 0.3348 | f1_macro: 0.4540 | pixel_accuracy: 0.6904 | val_loss: 0.9637
Epoch 230/1000 | train_loss: 1.2324 | miou: 0.3396 | f1_macro: 0.4643 | pixel_accuracy: 0.6875 | val_loss: 1.0277
Epoch 231/1000 | train_loss: 1.2590 | miou: 0.3396 | f1_macro: 0.4627 | pixel_accuracy: 0.6892 | val_loss: 1.0842
Epoch 232/1000 | train_loss: 1.2086 | miou: 0.3269 | f1_macro: 0.4425 | pixel_accuracy: 0.6931 | val_loss: 0.9715
Epoch 233/1000 | train_loss: 1.2405 | miou: 0.3547 | f1_macro: 0.4747 | pixel_accuracy: 0.7067 | val_loss: 1.0166
Epoch 234/1000 | train_loss: 1.2459 | miou: 0.3366 | f1_macro: 0.4630 | pixel_accuracy: 0.6726 | val_loss: 1.0561
Epoch 235/1000 | train_loss: 1.1754 | miou: 0.3528 | f1_macro: 0.4784 | pixel_accuracy: 0.6915 | val_loss: 1.2003
Epoch 236/1000 | train_loss: 1.1655 | miou: 0.3700 | f1_macro: 0.4944 | pixel_accuracy: 0.7125 | val_loss: 1.0316
Epoch 237/1000 | train_loss: 1.2218 | miou: 0.3730 | f1_macro: 0.4968 | pixel_accuracy: 0.7188 | val_loss: 1.0450
Epoch 238/1000 | train_loss: 1.1762 | miou: 0.3613 | f1_macro: 0.4852 | pixel_accuracy: 0.7115 | val_loss: 0.9769
Epoch 239/1000 | train_loss: 1.1430 | miou: 0.3585 | f1_macro: 0.4772 | pixel_accuracy: 0.7135 | val_loss: 0.9418
Epoch 240/1000 | train_loss: 1.1518 | miou: 0.3565 | f1_macro: 0.4777 | pixel_accuracy: 0.7063 | val_loss: 0.9391
Epoch 241/1000 | train_loss: 1.1686 | miou: 0.3386 | f1_macro: 0.4615 | pixel_accuracy: 0.6848 | val_loss: 1.2066
Epoch 242/1000 | train_loss: 1.2071 | miou: 0.3277 | f1_macro: 0.4443 | pixel_accuracy: 0.6895 | val_loss: 0.9876
Epoch 243/1000 | train_loss: 1.2792 | miou: 0.3021 | f1_macro: 0.4279 | pixel_accuracy: 0.6276 | val_loss: 1.1051
Epoch 244/1000 | train_loss: 1.2135 | miou: 0.3401 | f1_macro: 0.4676 | pixel_accuracy: 0.6733 | val_loss: 1.0533
Epoch 245/1000 | train_loss: 1.3346 | miou: 0.3502 | f1_macro: 0.4773 | pixel_accuracy: 0.6850 | val_loss: 1.0139
Epoch 246/1000 | train_loss: 1.2598 | miou: 0.3436 | f1_macro: 0.4705 | pixel_accuracy: 0.6826 | val_loss: 1.0203
Epoch 247/1000 | train_loss: 1.1859 | miou: 0.3373 | f1_macro: 0.4623 | pixel_accuracy: 0.6846 | val_loss: 1.0261
Epoch 248/1000 | train_loss: 1.1867 | miou: 0.3276 | f1_macro: 0.4513 | pixel_accuracy: 0.6749 | val_loss: 1.0288
Epoch 249/1000 | train_loss: 1.1646 | miou: 0.3126 | f1_macro: 0.4323 | pixel_accuracy: 0.6633 | val_loss: 1.0516
Epoch 250/1000 | train_loss: 1.1550 | miou: 0.3010 | f1_macro: 0.4209 | pixel_accuracy: 0.6447 | val_loss: 1.0546
Epoch 251/1000 | train_loss: 1.1789 | miou: 0.3056 | f1_macro: 0.4272 | pixel_accuracy: 0.6501 | val_loss: 1.0816
Epoch 252/1000 | train_loss: 1.1951 | miou: 0.3176 | f1_macro: 0.4397 | pixel_accuracy: 0.6644 | val_loss: 1.0451
Epoch 253/1000 | train_loss: 1.2075 | miou: 0.3205 | f1_macro: 0.4452 | pixel_accuracy: 0.6686 | val_loss: 1.0668
Epoch 254/1000 | train_loss: 1.2177 | miou: 0.3595 | f1_macro: 0.4844 | pixel_accuracy: 0.7036 | val_loss: 0.9627
Epoch 255/1000 | train_loss: 1.2083 | miou: 0.3360 | f1_macro: 0.4626 | pixel_accuracy: 0.6745 | val_loss: 1.0217
Epoch 256/1000 | train_loss: 1.1680 | miou: 0.3278 | f1_macro: 0.4479 | pixel_accuracy: 0.6807 | val_loss: 1.0926
Epoch 257/1000 | train_loss: 1.2565 | miou: 0.3366 | f1_macro: 0.4613 | pixel_accuracy: 0.6755 | val_loss: 1.0091
Epoch 258/1000 | train_loss: 1.2642 | miou: 0.3439 | f1_macro: 0.4696 | pixel_accuracy: 0.6802 | val_loss: 1.0404
Epoch 259/1000 | train_loss: 1.2147 | miou: 0.3564 | f1_macro: 0.4832 | pixel_accuracy: 0.6985 | val_loss: 1.0471
Epoch 260/1000 | train_loss: 1.2583 | miou: 0.3159 | f1_macro: 0.4376 | pixel_accuracy: 0.6629 | val_loss: 1.0433
Epoch 261/1000 | train_loss: 1.1831 | miou: 0.3096 | f1_macro: 0.4298 | pixel_accuracy: 0.6564 | val_loss: 1.0966
Epoch 262/1000 | train_loss: 1.1541 | miou: 0.2944 | f1_macro: 0.4107 | pixel_accuracy: 0.6425 | val_loss: 1.1005
Epoch 263/1000 | train_loss: 1.2412 | miou: 0.3014 | f1_macro: 0.4191 | pixel_accuracy: 0.6498 | val_loss: 1.0324
Epoch 264/1000 | train_loss: 1.1785 | miou: 0.3220 | f1_macro: 0.4459 | pixel_accuracy: 0.6701 | val_loss: 1.0038
Epoch 265/1000 | train_loss: 1.1613 | miou: 0.3417 | f1_macro: 0.4679 | pixel_accuracy: 0.6853 | val_loss: 0.9794
Epoch 266/1000 | train_loss: 1.2390 | miou: 0.3328 | f1_macro: 0.4585 | pixel_accuracy: 0.6715 | val_loss: 1.0309
Epoch 267/1000 | train_loss: 1.2570 | miou: 0.3456 | f1_macro: 0.4739 | pixel_accuracy: 0.6818 | val_loss: 1.0952
Epoch 268/1000 | train_loss: 1.1759 | miou: 0.3606 | f1_macro: 0.4890 | pixel_accuracy: 0.6963 | val_loss: 1.0470
Epoch 269/1000 | train_loss: 1.2401 | miou: 0.3593 | f1_macro: 0.4883 | pixel_accuracy: 0.6945 | val_loss: 0.9923
Epoch 270/1000 | train_loss: 1.2109 | miou: 0.3785 | f1_macro: 0.5067 | pixel_accuracy: 0.7116 | val_loss: 1.0328
Epoch 271/1000 | train_loss: 1.2228 | miou: 0.3797 | f1_macro: 0.5051 | pixel_accuracy: 0.7194 | val_loss: 1.1091
Epoch 272/1000 | train_loss: 1.1804 | miou: 0.3545 | f1_macro: 0.4748 | pixel_accuracy: 0.7084 | val_loss: 1.0461
Epoch 273/1000 | train_loss: 1.1547 | miou: 0.3718 | f1_macro: 0.4938 | pixel_accuracy: 0.7131 | val_loss: 1.0411
Epoch 274/1000 | train_loss: 1.1597 | miou: 0.3638 | f1_macro: 0.4849 | pixel_accuracy: 0.6902 | val_loss: 1.0327
Epoch 275/1000 | train_loss: 1.1613 | miou: 0.3825 | f1_macro: 0.5073 | pixel_accuracy: 0.7167 | val_loss: 0.9933
Epoch 276/1000 | train_loss: 1.1545 | miou: 0.3794 | f1_macro: 0.5051 | pixel_accuracy: 0.7177 | val_loss: 1.0194
Epoch 277/1000 | train_loss: 1.2267 | miou: 0.3878 | f1_macro: 0.5114 | pixel_accuracy: 0.7202 | val_loss: 1.0987
Epoch 278/1000 | train_loss: 1.2123 | miou: 0.3448 | f1_macro: 0.4733 | pixel_accuracy: 0.6773 | val_loss: 1.0772
Epoch 279/1000 | train_loss: 1.2123 | miou: 0.3771 | f1_macro: 0.4995 | pixel_accuracy: 0.7182 | val_loss: 0.9772
Epoch 280/1000 | train_loss: 1.2825 | miou: 0.3635 | f1_macro: 0.4871 | pixel_accuracy: 0.7035 | val_loss: 1.0204
Epoch 281/1000 | train_loss: 1.2467 | miou: 0.3937 | f1_macro: 0.5169 | pixel_accuracy: 0.7376 | val_loss: 0.8849
Epoch 282/1000 | train_loss: 1.1908 | miou: 0.3930 | f1_macro: 0.5118 | pixel_accuracy: 0.7493 | val_loss: 0.8899
Epoch 283/1000 | train_loss: 1.1630 | miou: 0.3587 | f1_macro: 0.4793 | pixel_accuracy: 0.7083 | val_loss: 0.9414
Epoch 284/1000 | train_loss: 1.2236 | miou: 0.3543 | f1_macro: 0.4742 | pixel_accuracy: 0.7061 | val_loss: 0.9319
Epoch 285/1000 | train_loss: 1.1388 | miou: 0.3671 | f1_macro: 0.4894 | pixel_accuracy: 0.7158 | val_loss: 0.9320
Epoch 286/1000 | train_loss: 1.1237 | miou: 0.3599 | f1_macro: 0.4775 | pixel_accuracy: 0.7139 | val_loss: 0.9427
Epoch 287/1000 | train_loss: 1.1493 | miou: 0.3598 | f1_macro: 0.4744 | pixel_accuracy: 0.7138 | val_loss: 0.9381
Epoch 288/1000 | train_loss: 1.2174 | miou: 0.3650 | f1_macro: 0.4856 | pixel_accuracy: 0.7135 | val_loss: 0.9463
Epoch 289/1000 | train_loss: 1.2007 | miou: 0.3646 | f1_macro: 0.4928 | pixel_accuracy: 0.6957 | val_loss: 1.0572
Epoch 290/1000 | train_loss: 1.2097 | miou: 0.3746 | f1_macro: 0.4992 | pixel_accuracy: 0.7133 | val_loss: 0.9792
Epoch 291/1000 | train_loss: 1.1662 | miou: 0.3635 | f1_macro: 0.4895 | pixel_accuracy: 0.7009 | val_loss: 0.9602
Epoch 292/1000 | train_loss: 1.1497 | miou: 0.3268 | f1_macro: 0.4501 | pixel_accuracy: 0.6695 | val_loss: 1.0672
Epoch 293/1000 | train_loss: 1.1292 | miou: 0.3250 | f1_macro: 0.4462 | pixel_accuracy: 0.6634 | val_loss: 1.0371
Epoch 294/1000 | train_loss: 1.1699 | miou: 0.3511 | f1_macro: 0.4777 | pixel_accuracy: 0.6841 | val_loss: 1.0165
Epoch 295/1000 | train_loss: 1.1449 | miou: 0.3570 | f1_macro: 0.4781 | pixel_accuracy: 0.7001 | val_loss: 0.9330
Epoch 296/1000 | train_loss: 1.1359 | miou: 0.3673 | f1_macro: 0.4899 | pixel_accuracy: 0.7086 | val_loss: 0.9525
Epoch 297/1000 | train_loss: 1.1451 | miou: 0.3735 | f1_macro: 0.4962 | pixel_accuracy: 0.7113 | val_loss: 0.9650
Epoch 298/1000 | train_loss: 1.1415 | miou: 0.3598 | f1_macro: 0.4773 | pixel_accuracy: 0.7049 | val_loss: 0.9631
Epoch 299/1000 | train_loss: 1.1274 | miou: 0.3267 | f1_macro: 0.4418 | pixel_accuracy: 0.6817 | val_loss: 0.9697
Epoch 300/1000 | train_loss: 1.1904 | miou: 0.3552 | f1_macro: 0.4783 | pixel_accuracy: 0.7026 | val_loss: 1.0013
Epoch 301/1000 | train_loss: 1.1518 | miou: 0.3793 | f1_macro: 0.5052 | pixel_accuracy: 0.7141 | val_loss: 1.0334
Epoch 302/1000 | train_loss: 1.2033 | miou: 0.3854 | f1_macro: 0.5099 | pixel_accuracy: 0.7166 | val_loss: 1.0101
Epoch 303/1000 | train_loss: 1.2354 | miou: 0.3651 | f1_macro: 0.4883 | pixel_accuracy: 0.6976 | val_loss: 1.0555
Epoch 304/1000 | train_loss: 1.1952 | miou: 0.3759 | f1_macro: 0.4991 | pixel_accuracy: 0.7048 | val_loss: 0.9451
Epoch 305/1000 | train_loss: 1.1878 | miou: 0.3441 | f1_macro: 0.4646 | pixel_accuracy: 0.7034 | val_loss: 0.9643
Epoch 306/1000 | train_loss: 1.3319 | miou: 0.3295 | f1_macro: 0.4432 | pixel_accuracy: 0.6783 | val_loss: 1.0576
Epoch 307/1000 | train_loss: 1.2782 | miou: 0.3092 | f1_macro: 0.4323 | pixel_accuracy: 0.6389 | val_loss: 1.2064
Epoch 308/1000 | train_loss: 1.1688 | miou: 0.2909 | f1_macro: 0.4076 | pixel_accuracy: 0.6356 | val_loss: 1.1628
Epoch 309/1000 | train_loss: 1.2859 | miou: 0.2833 | f1_macro: 0.4068 | pixel_accuracy: 0.6010 | val_loss: 1.2595
Epoch 310/1000 | train_loss: 1.1812 | miou: 0.3562 | f1_macro: 0.4820 | pixel_accuracy: 0.6841 | val_loss: 1.0779
Epoch 311/1000 | train_loss: 1.2348 | miou: 0.3612 | f1_macro: 0.4855 | pixel_accuracy: 0.6907 | val_loss: 1.1114
Epoch 312/1000 | train_loss: 1.1741 | miou: 0.3710 | f1_macro: 0.4974 | pixel_accuracy: 0.6974 | val_loss: 1.1159
Epoch 313/1000 | train_loss: 1.2213 | miou: 0.3570 | f1_macro: 0.4832 | pixel_accuracy: 0.6911 | val_loss: 1.1226
Epoch 314/1000 | train_loss: 1.2075 | miou: 0.3476 | f1_macro: 0.4697 | pixel_accuracy: 0.6941 | val_loss: 1.0395
Epoch 315/1000 | train_loss: 1.1466 | miou: 0.3486 | f1_macro: 0.4704 | pixel_accuracy: 0.7037 | val_loss: 0.9230
Epoch 316/1000 | train_loss: 1.1337 | miou: 0.3644 | f1_macro: 0.4844 | pixel_accuracy: 0.7158 | val_loss: 0.9598
Epoch 317/1000 | train_loss: 1.1472 | miou: 0.3518 | f1_macro: 0.4672 | pixel_accuracy: 0.7084 | val_loss: 0.9302
Epoch 318/1000 | train_loss: 1.2321 | miou: 0.3565 | f1_macro: 0.4811 | pixel_accuracy: 0.7013 | val_loss: 0.9219
Epoch 319/1000 | train_loss: 1.1453 | miou: 0.3656 | f1_macro: 0.4910 | pixel_accuracy: 0.7110 | val_loss: 0.9087
Epoch 320/1000 | train_loss: 1.1864 | miou: 0.3564 | f1_macro: 0.4755 | pixel_accuracy: 0.7066 | val_loss: 0.9397
Epoch 321/1000 | train_loss: 1.1941 | miou: 0.3605 | f1_macro: 0.4828 | pixel_accuracy: 0.7043 | val_loss: 0.9429
Epoch 322/1000 | train_loss: 1.1273 | miou: 0.3802 | f1_macro: 0.4990 | pixel_accuracy: 0.7306 | val_loss: 0.8947
Epoch 323/1000 | train_loss: 1.1573 | miou: 0.3655 | f1_macro: 0.4846 | pixel_accuracy: 0.7122 | val_loss: 0.9161
Epoch 324/1000 | train_loss: 1.1372 | miou: 0.3438 | f1_macro: 0.4619 | pixel_accuracy: 0.6822 | val_loss: 0.9845
Epoch 325/1000 | train_loss: 1.1155 | miou: 0.3148 | f1_macro: 0.4281 | pixel_accuracy: 0.6573 | val_loss: 1.0397
Epoch 326/1000 | train_loss: 1.1821 | miou: 0.3005 | f1_macro: 0.4176 | pixel_accuracy: 0.6524 | val_loss: 1.0383
Epoch 327/1000 | train_loss: 1.2199 | miou: 0.3126 | f1_macro: 0.4350 | pixel_accuracy: 0.6558 | val_loss: 0.9617
Epoch 328/1000 | train_loss: 1.2079 | miou: 0.3196 | f1_macro: 0.4453 | pixel_accuracy: 0.6545 | val_loss: 1.0033
Epoch 329/1000 | train_loss: 1.1550 | miou: 0.3489 | f1_macro: 0.4718 | pixel_accuracy: 0.6908 | val_loss: 0.9267
Epoch 330/1000 | train_loss: 1.1651 | miou: 0.3695 | f1_macro: 0.4948 | pixel_accuracy: 0.7035 | val_loss: 0.8755
Epoch 331/1000 | train_loss: 1.2440 | miou: 0.3518 | f1_macro: 0.4780 | pixel_accuracy: 0.6952 | val_loss: 0.8881
Epoch 332/1000 | train_loss: 1.1372 | miou: 0.3475 | f1_macro: 0.4688 | pixel_accuracy: 0.6942 | val_loss: 1.1040
Epoch 333/1000 | train_loss: 1.2199 | miou: 0.3124 | f1_macro: 0.4313 | pixel_accuracy: 0.6624 | val_loss: 0.9985
Epoch 334/1000 | train_loss: 1.1645 | miou: 0.3104 | f1_macro: 0.4270 | pixel_accuracy: 0.6558 | val_loss: 1.0179
Epoch 335/1000 | train_loss: 1.1259 | miou: 0.3414 | f1_macro: 0.4622 | pixel_accuracy: 0.6805 | val_loss: 0.9985
Epoch 336/1000 | train_loss: 1.1437 | miou: 0.3357 | f1_macro: 0.4564 | pixel_accuracy: 0.6818 | val_loss: 0.9506
Epoch 337/1000 | train_loss: 1.1295 | miou: 0.3269 | f1_macro: 0.4468 | pixel_accuracy: 0.6771 | val_loss: 0.9342
Epoch 338/1000 | train_loss: 1.1150 | miou: 0.3492 | f1_macro: 0.4714 | pixel_accuracy: 0.6985 | val_loss: 1.0073
Epoch 339/1000 | train_loss: 1.1189 | miou: 0.3642 | f1_macro: 0.4905 | pixel_accuracy: 0.7014 | val_loss: 0.9643
Epoch 340/1000 | train_loss: 1.2033 | miou: 0.3807 | f1_macro: 0.5077 | pixel_accuracy: 0.7089 | val_loss: 0.9661
Epoch 341/1000 | train_loss: 1.1787 | miou: 0.3604 | f1_macro: 0.4847 | pixel_accuracy: 0.6977 | val_loss: 1.0241
Epoch 342/1000 | train_loss: 1.1201 | miou: 0.3353 | f1_macro: 0.4573 | pixel_accuracy: 0.6791 | val_loss: 0.9781
Epoch 343/1000 | train_loss: 1.1170 | miou: 0.3137 | f1_macro: 0.4321 | pixel_accuracy: 0.6639 | val_loss: 0.9885
Epoch 344/1000 | train_loss: 1.1525 | miou: 0.3478 | f1_macro: 0.4768 | pixel_accuracy: 0.6817 | val_loss: 1.0226
Epoch 345/1000 | train_loss: 1.2036 | miou: 0.3931 | f1_macro: 0.5204 | pixel_accuracy: 0.7131 | val_loss: 0.9822
Epoch 346/1000 | train_loss: 1.1288 | miou: 0.3809 | f1_macro: 0.5075 | pixel_accuracy: 0.7110 | val_loss: 0.9694
Epoch 347/1000 | train_loss: 1.1196 | miou: 0.3641 | f1_macro: 0.4827 | pixel_accuracy: 0.7090 | val_loss: 0.9355
Epoch 348/1000 | train_loss: 1.1923 | miou: 0.3809 | f1_macro: 0.5036 | pixel_accuracy: 0.7105 | val_loss: 0.9484
Epoch 349/1000 | train_loss: 1.1252 | miou: 0.3678 | f1_macro: 0.4915 | pixel_accuracy: 0.7021 | val_loss: 1.0242
Epoch 350/1000 | train_loss: 1.1325 | miou: 0.3523 | f1_macro: 0.4720 | pixel_accuracy: 0.7006 | val_loss: 0.9567
Epoch 351/1000 | train_loss: 1.2035 | miou: 0.3381 | f1_macro: 0.4595 | pixel_accuracy: 0.6815 | val_loss: 1.0051
Epoch 352/1000 | train_loss: 1.1600 | miou: 0.3439 | f1_macro: 0.4690 | pixel_accuracy: 0.6835 | val_loss: 1.0316
Epoch 353/1000 | train_loss: 1.2175 | miou: 0.3693 | f1_macro: 0.4974 | pixel_accuracy: 0.7023 | val_loss: 1.0010
Epoch 354/1000 | train_loss: 1.1851 | miou: 0.3873 | f1_macro: 0.5131 | pixel_accuracy: 0.7143 | val_loss: 0.9978
Epoch 355/1000 | train_loss: 1.1143 | miou: 0.3611 | f1_macro: 0.4868 | pixel_accuracy: 0.6923 | val_loss: 1.0448
Epoch 356/1000 | train_loss: 1.1648 | miou: 0.3364 | f1_macro: 0.4597 | pixel_accuracy: 0.6753 | val_loss: 1.1004
Epoch 357/1000 | train_loss: 1.1461 | miou: 0.3470 | f1_macro: 0.4725 | pixel_accuracy: 0.6883 | val_loss: 1.0881
Epoch 358/1000 | train_loss: 1.1787 | miou: 0.3129 | f1_macro: 0.4373 | pixel_accuracy: 0.6603 | val_loss: 1.1670
Epoch 359/1000 | train_loss: 1.1160 | miou: 0.3316 | f1_macro: 0.4562 | pixel_accuracy: 0.6762 | val_loss: 1.0545
Epoch 360/1000 | train_loss: 1.1591 | miou: 0.3602 | f1_macro: 0.4832 | pixel_accuracy: 0.6999 | val_loss: 0.9550
Epoch 361/1000 | train_loss: 1.1082 | miou: 0.3704 | f1_macro: 0.4935 | pixel_accuracy: 0.7078 | val_loss: 0.9825
Epoch 362/1000 | train_loss: 1.1401 | miou: 0.3601 | f1_macro: 0.4836 | pixel_accuracy: 0.7044 | val_loss: 0.9450
Epoch 363/1000 | train_loss: 1.1067 | miou: 0.3826 | f1_macro: 0.5090 | pixel_accuracy: 0.7170 | val_loss: 0.9560
Epoch 364/1000 | train_loss: 1.1065 | miou: 0.3328 | f1_macro: 0.4531 | pixel_accuracy: 0.6838 | val_loss: 1.0013
Epoch 365/1000 | train_loss: 1.1211 | miou: 0.3126 | f1_macro: 0.4277 | pixel_accuracy: 0.6681 | val_loss: 0.9804
Epoch 366/1000 | train_loss: 1.1366 | miou: 0.3477 | f1_macro: 0.4699 | pixel_accuracy: 0.6924 | val_loss: 1.0207
Epoch 367/1000 | train_loss: 1.1515 | miou: 0.3838 | f1_macro: 0.5105 | pixel_accuracy: 0.7091 | val_loss: 1.1374
Epoch 368/1000 | train_loss: 1.1668 | miou: 0.3807 | f1_macro: 0.5061 | pixel_accuracy: 0.7106 | val_loss: 1.2655
Epoch 369/1000 | train_loss: 1.1259 | miou: 0.3696 | f1_macro: 0.4909 | pixel_accuracy: 0.7006 | val_loss: 1.1584
Epoch 370/1000 | train_loss: 1.1549 | miou: 0.3430 | f1_macro: 0.4653 | pixel_accuracy: 0.6778 | val_loss: 1.0520
Epoch 371/1000 | train_loss: 1.2051 | miou: 0.3985 | f1_macro: 0.5262 | pixel_accuracy: 0.7204 | val_loss: 0.9832
Epoch 372/1000 | train_loss: 1.1868 | miou: 0.3900 | f1_macro: 0.5155 | pixel_accuracy: 0.7209 | val_loss: 0.9914
Epoch 373/1000 | train_loss: 1.1957 | miou: 0.3293 | f1_macro: 0.4562 | pixel_accuracy: 0.6700 | val_loss: 1.0901
Epoch 374/1000 | train_loss: 1.1844 | miou: 0.3467 | f1_macro: 0.4729 | pixel_accuracy: 0.6846 | val_loss: 1.0917
Epoch 375/1000 | train_loss: 1.1606 | miou: 0.3736 | f1_macro: 0.4967 | pixel_accuracy: 0.7091 | val_loss: 1.0559
Epoch 376/1000 | train_loss: 1.1054 | miou: 0.3756 | f1_macro: 0.4985 | pixel_accuracy: 0.7071 | val_loss: 1.1167
Epoch 377/1000 | train_loss: 1.1142 | miou: 0.3647 | f1_macro: 0.4871 | pixel_accuracy: 0.6955 | val_loss: 1.1103
Epoch 378/1000 | train_loss: 1.1894 | miou: 0.3794 | f1_macro: 0.5032 | pixel_accuracy: 0.6960 | val_loss: 1.0566
Epoch 379/1000 | train_loss: 1.1587 | miou: 0.3763 | f1_macro: 0.5002 | pixel_accuracy: 0.7062 | val_loss: 1.1250
Epoch 380/1000 | train_loss: 1.1005 | miou: 0.3707 | f1_macro: 0.4907 | pixel_accuracy: 0.7041 | val_loss: 1.1174
Epoch 381/1000 | train_loss: 1.1377 | miou: 0.3776 | f1_macro: 0.4987 | pixel_accuracy: 0.7099 | val_loss: 1.0635
Epoch 382/1000 | train_loss: 1.1214 | miou: 0.3668 | f1_macro: 0.4892 | pixel_accuracy: 0.7019 | val_loss: 1.0262
Epoch 383/1000 | train_loss: 1.1059 | miou: 0.3806 | f1_macro: 0.5038 | pixel_accuracy: 0.7088 | val_loss: 1.0144
Epoch 384/1000 | train_loss: 1.0905 | miou: 0.3835 | f1_macro: 0.5059 | pixel_accuracy: 0.7063 | val_loss: 1.0678
Epoch 385/1000 | train_loss: 1.1055 | miou: 0.3667 | f1_macro: 0.4870 | pixel_accuracy: 0.6866 | val_loss: 1.1319
Epoch 386/1000 | train_loss: 1.1098 | miou: 0.3744 | f1_macro: 0.4948 | pixel_accuracy: 0.7141 | val_loss: 1.0332
Epoch 387/1000 | train_loss: 1.1387 | miou: 0.3724 | f1_macro: 0.4974 | pixel_accuracy: 0.7030 | val_loss: 0.9352
Epoch 388/1000 | train_loss: 1.2001 | miou: 0.3372 | f1_macro: 0.4660 | pixel_accuracy: 0.6706 | val_loss: 1.2352
Epoch 389/1000 | train_loss: 1.2525 | miou: 0.3499 | f1_macro: 0.4725 | pixel_accuracy: 0.6762 | val_loss: 1.0303
Epoch 390/1000 | train_loss: 1.2250 | miou: 0.3066 | f1_macro: 0.4311 | pixel_accuracy: 0.6168 | val_loss: 1.1388
Epoch 391/1000 | train_loss: 1.1786 | miou: 0.2948 | f1_macro: 0.4150 | pixel_accuracy: 0.6248 | val_loss: 1.0694
Epoch 392/1000 | train_loss: 1.1602 | miou: 0.3156 | f1_macro: 0.4342 | pixel_accuracy: 0.6463 | val_loss: 1.0675
Epoch 393/1000 | train_loss: 1.2226 | miou: 0.3640 | f1_macro: 0.4911 | pixel_accuracy: 0.6889 | val_loss: 0.9938
Epoch 394/1000 | train_loss: 1.1620 | miou: 0.3536 | f1_macro: 0.4810 | pixel_accuracy: 0.6803 | val_loss: 1.0138
Epoch 395/1000 | train_loss: 1.1067 | miou: 0.3110 | f1_macro: 0.4285 | pixel_accuracy: 0.6515 | val_loss: 1.0840
Epoch 396/1000 | train_loss: 1.2017 | miou: 0.2973 | f1_macro: 0.4195 | pixel_accuracy: 0.6247 | val_loss: 1.1026
Epoch 397/1000 | train_loss: 1.1423 | miou: 0.3366 | f1_macro: 0.4629 | pixel_accuracy: 0.6536 | val_loss: 1.0708
Epoch 398/1000 | train_loss: 1.1811 | miou: 0.3596 | f1_macro: 0.4824 | pixel_accuracy: 0.6925 | val_loss: 0.9859
Epoch 399/1000 | train_loss: 1.1710 | miou: 0.3714 | f1_macro: 0.4982 | pixel_accuracy: 0.6981 | val_loss: 1.0227
Epoch 400/1000 | train_loss: 1.1234 | miou: 0.3688 | f1_macro: 0.4941 | pixel_accuracy: 0.6924 | val_loss: 1.0973
Epoch 401/1000 | train_loss: 1.0958 | miou: 0.3155 | f1_macro: 0.4350 | pixel_accuracy: 0.6517 | val_loss: 1.1582
Epoch 402/1000 | train_loss: 1.1547 | miou: 0.3189 | f1_macro: 0.4426 | pixel_accuracy: 0.6538 | val_loss: 1.0875
Epoch 403/1000 | train_loss: 1.0980 | miou: 0.3890 | f1_macro: 0.5172 | pixel_accuracy: 0.7089 | val_loss: 0.9422
Epoch 404/1000 | train_loss: 1.1787 | miou: 0.3784 | f1_macro: 0.5067 | pixel_accuracy: 0.7045 | val_loss: 0.9606
Epoch 405/1000 | train_loss: 1.1311 | miou: 0.3742 | f1_macro: 0.4961 | pixel_accuracy: 0.7060 | val_loss: 0.9655
Epoch 406/1000 | train_loss: 1.0923 | miou: 0.3659 | f1_macro: 0.4860 | pixel_accuracy: 0.6943 | val_loss: 1.0588
Epoch 407/1000 | train_loss: 1.1422 | miou: 0.3814 | f1_macro: 0.5042 | pixel_accuracy: 0.7078 | val_loss: 1.0118
Epoch 408/1000 | train_loss: 1.1031 | miou: 0.3561 | f1_macro: 0.4760 | pixel_accuracy: 0.6904 | val_loss: 1.0400
Epoch 409/1000 | train_loss: 1.0642 | miou: 0.3431 | f1_macro: 0.4663 | pixel_accuracy: 0.6792 | val_loss: 1.0652
Epoch 410/1000 | train_loss: 1.1231 | miou: 0.3809 | f1_macro: 0.5091 | pixel_accuracy: 0.7040 | val_loss: 0.9769
Epoch 411/1000 | train_loss: 1.0706 | miou: 0.3758 | f1_macro: 0.5011 | pixel_accuracy: 0.7030 | val_loss: 0.9477
Epoch 412/1000 | train_loss: 1.1000 | miou: 0.3730 | f1_macro: 0.4970 | pixel_accuracy: 0.7016 | val_loss: 0.9759
Epoch 413/1000 | train_loss: 1.0743 | miou: 0.3571 | f1_macro: 0.4811 | pixel_accuracy: 0.6902 | val_loss: 1.0291
Epoch 414/1000 | train_loss: 1.1819 | miou: 0.3545 | f1_macro: 0.4822 | pixel_accuracy: 0.6797 | val_loss: 1.0139
Epoch 415/1000 | train_loss: 1.1413 | miou: 0.3732 | f1_macro: 0.4976 | pixel_accuracy: 0.7026 | val_loss: 0.9887
Epoch 416/1000 | train_loss: 1.2374 | miou: 0.3627 | f1_macro: 0.4833 | pixel_accuracy: 0.7025 | val_loss: 1.0205
Epoch 417/1000 | train_loss: 1.2849 | miou: 0.3390 | f1_macro: 0.4677 | pixel_accuracy: 0.6655 | val_loss: 1.0696
Epoch 418/1000 | train_loss: 1.1779 | miou: 0.3752 | f1_macro: 0.5033 | pixel_accuracy: 0.7003 | val_loss: 1.0110
Epoch 419/1000 | train_loss: 1.1371 | miou: 0.3666 | f1_macro: 0.4893 | pixel_accuracy: 0.7003 | val_loss: 0.9580
Epoch 420/1000 | train_loss: 1.1724 | miou: 0.3894 | f1_macro: 0.5155 | pixel_accuracy: 0.7137 | val_loss: 0.9992
Epoch 421/1000 | train_loss: 1.1573 | miou: 0.3861 | f1_macro: 0.5112 | pixel_accuracy: 0.7156 | val_loss: 1.0838
Epoch 422/1000 | train_loss: 1.1140 | miou: 0.3746 | f1_macro: 0.4998 | pixel_accuracy: 0.6972 | val_loss: 1.1976
Epoch 423/1000 | train_loss: 1.1432 | miou: 0.3710 | f1_macro: 0.4886 | pixel_accuracy: 0.7096 | val_loss: 1.1392
Epoch 424/1000 | train_loss: 1.1214 | miou: 0.3720 | f1_macro: 0.4902 | pixel_accuracy: 0.7100 | val_loss: 1.0958
Epoch 425/1000 | train_loss: 1.0946 | miou: 0.3253 | f1_macro: 0.4445 | pixel_accuracy: 0.6746 | val_loss: 1.1009
Epoch 426/1000 | train_loss: 1.1273 | miou: 0.3734 | f1_macro: 0.4994 | pixel_accuracy: 0.7073 | val_loss: 1.0514
Epoch 427/1000 | train_loss: 1.1438 | miou: 0.3870 | f1_macro: 0.5147 | pixel_accuracy: 0.7075 | val_loss: 1.0723
Epoch 428/1000 | train_loss: 1.1321 | miou: 0.3854 | f1_macro: 0.5097 | pixel_accuracy: 0.7090 | val_loss: 1.0271
Epoch 429/1000 | train_loss: 1.0876 | miou: 0.3804 | f1_macro: 0.5044 | pixel_accuracy: 0.7087 | val_loss: 1.0168
Epoch 430/1000 | train_loss: 1.0814 | miou: 0.3539 | f1_macro: 0.4777 | pixel_accuracy: 0.6912 | val_loss: 1.0740
Early stopping at epoch 430 (patience=100)
Training complete. Best val_loss: 0.8755
Training complete for unet-d83
