==========================================
Job ID: 3160359
Node: gput063
GPU: 0
Experiment: configs/experiment/deeplabv3_merged.yaml
Run Name: deeplabv3-merged
==========================================
Sun Feb 22 13:10:24 2026       
+-----------------------------------------------------------------------------------------+
| NVIDIA-SMI 570.158.01             Driver Version: 570.158.01     CUDA Version: 12.8     |
|-----------------------------------------+------------------------+----------------------+
| GPU  Name                 Persistence-M | Bus-Id          Disp.A | Volatile Uncorr. ECC |
| Fan  Temp   Perf          Pwr:Usage/Cap |           Memory-Usage | GPU-Util  Compute M. |
|                                         |                        |               MIG M. |
|=========================================+========================+======================|
|   0  NVIDIA L40S                    On  |   00000000:E1:00.0 Off |                    0 |
| N/A   25C    P8             31W /  350W |       0MiB /  46068MiB |      0%      Default |
|                                         |                        |                  N/A |
+-----------------------------------------+------------------------+----------------------+
                                                                                         
+-----------------------------------------------------------------------------------------+
| Processes:                                                                              |
|  GPU   GI   CI              PID   Type   Process name                        GPU Memory |
|        ID   ID                                                               Usage      |
|=========================================================================================|
|  No running processes found                                                             |
+-----------------------------------------------------------------------------------------+
Split: 110 train / 20 val (from 130 total)
Model: deeplabv3
Trainable parameters: 39,635,014
Epoch 1/1000 | train_loss: 1.2137 | miou: 0.4618 | f1_macro: 0.5557 | pixel_accuracy: 0.8117 | val_loss: 0.6860
Epoch 2/1000 | train_loss: 0.8585 | miou: 0.5484 | f1_macro: 0.6471 | pixel_accuracy: 0.8571 | val_loss: 0.5124
Epoch 3/1000 | train_loss: 0.7673 | miou: 0.6059 | f1_macro: 0.7121 | pixel_accuracy: 0.8832 | val_loss: 0.4229
Epoch 4/1000 | train_loss: 0.7098 | miou: 0.5377 | f1_macro: 0.6669 | pixel_accuracy: 0.8170 | val_loss: 0.6444
Epoch 5/1000 | train_loss: 0.6759 | miou: 0.6103 | f1_macro: 0.7220 | pixel_accuracy: 0.8772 | val_loss: 0.4246
Epoch 6/1000 | train_loss: 0.6581 | miou: 0.6367 | f1_macro: 0.7510 | pixel_accuracy: 0.8844 | val_loss: 0.4030
Epoch 7/1000 | train_loss: 0.5949 | miou: 0.6387 | f1_macro: 0.7593 | pixel_accuracy: 0.8725 | val_loss: 0.4500
Epoch 8/1000 | train_loss: 0.5996 | miou: 0.5967 | f1_macro: 0.7235 | pixel_accuracy: 0.8490 | val_loss: 0.5241
Epoch 9/1000 | train_loss: 0.5832 | miou: 0.6737 | f1_macro: 0.7831 | pixel_accuracy: 0.9032 | val_loss: 0.3444
Epoch 10/1000 | train_loss: 0.5388 | miou: 0.6876 | f1_macro: 0.7931 | pixel_accuracy: 0.9113 | val_loss: 0.3207
Epoch 11/1000 | train_loss: 0.5135 | miou: 0.6959 | f1_macro: 0.8046 | pixel_accuracy: 0.9032 | val_loss: 0.3384
Epoch 12/1000 | train_loss: 0.5460 | miou: 0.6853 | f1_macro: 0.7950 | pixel_accuracy: 0.8981 | val_loss: 0.3501
Epoch 13/1000 | train_loss: 0.5014 | miou: 0.7070 | f1_macro: 0.8100 | pixel_accuracy: 0.9152 | val_loss: 0.3105
Epoch 14/1000 | train_loss: 0.5103 | miou: 0.6935 | f1_macro: 0.8060 | pixel_accuracy: 0.8969 | val_loss: 0.3459
Epoch 15/1000 | train_loss: 0.5021 | miou: 0.7088 | f1_macro: 0.8134 | pixel_accuracy: 0.9123 | val_loss: 0.3131
Epoch 16/1000 | train_loss: 0.4936 | miou: 0.7142 | f1_macro: 0.8162 | pixel_accuracy: 0.9177 | val_loss: 0.2975
Epoch 17/1000 | train_loss: 0.4725 | miou: 0.6962 | f1_macro: 0.8048 | pixel_accuracy: 0.9060 | val_loss: 0.3367
Epoch 18/1000 | train_loss: 0.4680 | miou: 0.6854 | f1_macro: 0.7954 | pixel_accuracy: 0.9031 | val_loss: 0.3465
Epoch 19/1000 | train_loss: 0.4734 | miou: 0.7046 | f1_macro: 0.8099 | pixel_accuracy: 0.9128 | val_loss: 0.3073
Epoch 20/1000 | train_loss: 0.4591 | miou: 0.7031 | f1_macro: 0.8051 | pixel_accuracy: 0.9145 | val_loss: 0.3206
Epoch 21/1000 | train_loss: 0.4544 | miou: 0.6854 | f1_macro: 0.7969 | pixel_accuracy: 0.8975 | val_loss: 0.3616
Epoch 22/1000 | train_loss: 0.4699 | miou: 0.7056 | f1_macro: 0.8099 | pixel_accuracy: 0.9149 | val_loss: 0.3126
Epoch 23/1000 | train_loss: 0.4200 | miou: 0.7259 | f1_macro: 0.8269 | pixel_accuracy: 0.9200 | val_loss: 0.2834
Epoch 24/1000 | train_loss: 0.4400 | miou: 0.7104 | f1_macro: 0.8147 | pixel_accuracy: 0.9137 | val_loss: 0.3041
Epoch 25/1000 | train_loss: 0.4471 | miou: 0.7179 | f1_macro: 0.8207 | pixel_accuracy: 0.9153 | val_loss: 0.3002
Epoch 26/1000 | train_loss: 0.4455 | miou: 0.7067 | f1_macro: 0.8132 | pixel_accuracy: 0.9126 | val_loss: 0.3217
Epoch 27/1000 | train_loss: 0.4306 | miou: 0.7230 | f1_macro: 0.8229 | pixel_accuracy: 0.9216 | val_loss: 0.2873
Epoch 28/1000 | train_loss: 0.4312 | miou: 0.6969 | f1_macro: 0.7975 | pixel_accuracy: 0.9146 | val_loss: 0.3291
Epoch 29/1000 | train_loss: 0.4511 | miou: 0.7149 | f1_macro: 0.8156 | pixel_accuracy: 0.9195 | val_loss: 0.2890
Epoch 30/1000 | train_loss: 0.4210 | miou: 0.7254 | f1_macro: 0.8281 | pixel_accuracy: 0.9158 | val_loss: 0.2894
Epoch 31/1000 | train_loss: 0.4150 | miou: 0.7253 | f1_macro: 0.8269 | pixel_accuracy: 0.9192 | val_loss: 0.2959
Epoch 32/1000 | train_loss: 0.4270 | miou: 0.6976 | f1_macro: 0.8027 | pixel_accuracy: 0.9087 | val_loss: 0.3228
Epoch 33/1000 | train_loss: 0.4256 | miou: 0.6874 | f1_macro: 0.7959 | pixel_accuracy: 0.9023 | val_loss: 0.3359
Epoch 34/1000 | train_loss: 0.4076 | miou: 0.6783 | f1_macro: 0.7801 | pixel_accuracy: 0.9109 | val_loss: 0.3396
Epoch 35/1000 | train_loss: 0.4186 | miou: 0.7055 | f1_macro: 0.8055 | pixel_accuracy: 0.9199 | val_loss: 0.3109
Epoch 36/1000 | train_loss: 0.4318 | miou: 0.7361 | f1_macro: 0.8342 | pixel_accuracy: 0.9259 | val_loss: 0.2637
Epoch 37/1000 | train_loss: 0.4096 | miou: 0.7311 | f1_macro: 0.8299 | pixel_accuracy: 0.9223 | val_loss: 0.2807
Epoch 38/1000 | train_loss: 0.4094 | miou: 0.7187 | f1_macro: 0.8221 | pixel_accuracy: 0.9144 | val_loss: 0.2978
Epoch 39/1000 | train_loss: 0.3970 | miou: 0.7420 | f1_macro: 0.8393 | pixel_accuracy: 0.9263 | val_loss: 0.2671
Epoch 40/1000 | train_loss: 0.3963 | miou: 0.7277 | f1_macro: 0.8264 | pixel_accuracy: 0.9249 | val_loss: 0.2677
Epoch 41/1000 | train_loss: 0.4021 | miou: 0.7068 | f1_macro: 0.8093 | pixel_accuracy: 0.9155 | val_loss: 0.3191
Epoch 42/1000 | train_loss: 0.3936 | miou: 0.7343 | f1_macro: 0.8333 | pixel_accuracy: 0.9227 | val_loss: 0.2801
Epoch 43/1000 | train_loss: 0.3771 | miou: 0.7269 | f1_macro: 0.8259 | pixel_accuracy: 0.9249 | val_loss: 0.2758
Epoch 44/1000 | train_loss: 0.3596 | miou: 0.7258 | f1_macro: 0.8245 | pixel_accuracy: 0.9235 | val_loss: 0.2827
Epoch 45/1000 | train_loss: 0.3972 | miou: 0.7286 | f1_macro: 0.8258 | pixel_accuracy: 0.9268 | val_loss: 0.2688
Epoch 46/1000 | train_loss: 0.3856 | miou: 0.7398 | f1_macro: 0.8357 | pixel_accuracy: 0.9276 | val_loss: 0.2571
Epoch 47/1000 | train_loss: 0.3870 | miou: 0.7344 | f1_macro: 0.8364 | pixel_accuracy: 0.9171 | val_loss: 0.3017
Epoch 48/1000 | train_loss: 0.3663 | miou: 0.7273 | f1_macro: 0.8260 | pixel_accuracy: 0.9246 | val_loss: 0.2611
Epoch 49/1000 | train_loss: 0.3835 | miou: 0.7305 | f1_macro: 0.8299 | pixel_accuracy: 0.9235 | val_loss: 0.2735
Epoch 50/1000 | train_loss: 0.3680 | miou: 0.7420 | f1_macro: 0.8376 | pixel_accuracy: 0.9305 | val_loss: 0.2542
Epoch 51/1000 | train_loss: 0.3746 | miou: 0.7231 | f1_macro: 0.8255 | pixel_accuracy: 0.9187 | val_loss: 0.3120
Epoch 52/1000 | train_loss: 0.3932 | miou: 0.7301 | f1_macro: 0.8300 | pixel_accuracy: 0.9201 | val_loss: 0.2790
Epoch 53/1000 | train_loss: 0.3779 | miou: 0.7200 | f1_macro: 0.8253 | pixel_accuracy: 0.9122 | val_loss: 0.3071
Epoch 54/1000 | train_loss: 0.3735 | miou: 0.7340 | f1_macro: 0.8353 | pixel_accuracy: 0.9182 | val_loss: 0.2895
Epoch 55/1000 | train_loss: 0.3618 | miou: 0.7502 | f1_macro: 0.8447 | pixel_accuracy: 0.9309 | val_loss: 0.2500
Epoch 56/1000 | train_loss: 0.3678 | miou: 0.7356 | f1_macro: 0.8337 | pixel_accuracy: 0.9255 | val_loss: 0.2720
Epoch 57/1000 | train_loss: 0.3821 | miou: 0.7337 | f1_macro: 0.8344 | pixel_accuracy: 0.9196 | val_loss: 0.2656
Epoch 58/1000 | train_loss: 0.3740 | miou: 0.7474 | f1_macro: 0.8434 | pixel_accuracy: 0.9272 | val_loss: 0.2528
Epoch 59/1000 | train_loss: 0.3776 | miou: 0.7372 | f1_macro: 0.8347 | pixel_accuracy: 0.9254 | val_loss: 0.2750
Epoch 60/1000 | train_loss: 0.3577 | miou: 0.7411 | f1_macro: 0.8374 | pixel_accuracy: 0.9269 | val_loss: 0.2711
Epoch 61/1000 | train_loss: 0.3589 | miou: 0.7215 | f1_macro: 0.8211 | pixel_accuracy: 0.9233 | val_loss: 0.2760
Epoch 62/1000 | train_loss: 0.3853 | miou: 0.7206 | f1_macro: 0.8244 | pixel_accuracy: 0.9131 | val_loss: 0.3148
Epoch 63/1000 | train_loss: 0.3659 | miou: 0.7027 | f1_macro: 0.8162 | pixel_accuracy: 0.8925 | val_loss: 0.3463
Epoch 64/1000 | train_loss: 0.3647 | miou: 0.7520 | f1_macro: 0.8463 | pixel_accuracy: 0.9310 | val_loss: 0.2680
Epoch 65/1000 | train_loss: 0.3519 | miou: 0.7306 | f1_macro: 0.8291 | pixel_accuracy: 0.9238 | val_loss: 0.2751
Epoch 66/1000 | train_loss: 0.3560 | miou: 0.7225 | f1_macro: 0.8223 | pixel_accuracy: 0.9232 | val_loss: 0.2945
Epoch 67/1000 | train_loss: 0.3626 | miou: 0.7290 | f1_macro: 0.8321 | pixel_accuracy: 0.9137 | val_loss: 0.2850
Epoch 68/1000 | train_loss: 0.3611 | miou: 0.7424 | f1_macro: 0.8393 | pixel_accuracy: 0.9274 | val_loss: 0.2885
Epoch 69/1000 | train_loss: 0.3649 | miou: 0.7364 | f1_macro: 0.8356 | pixel_accuracy: 0.9231 | val_loss: 0.2747
Epoch 70/1000 | train_loss: 0.3486 | miou: 0.7138 | f1_macro: 0.8158 | pixel_accuracy: 0.9180 | val_loss: 0.2992
Epoch 71/1000 | train_loss: 0.3687 | miou: 0.7307 | f1_macro: 0.8321 | pixel_accuracy: 0.9186 | val_loss: 0.2878
Epoch 72/1000 | train_loss: 0.3713 | miou: 0.7299 | f1_macro: 0.8309 | pixel_accuracy: 0.9199 | val_loss: 0.2849
Epoch 73/1000 | train_loss: 0.3598 | miou: 0.7242 | f1_macro: 0.8237 | pixel_accuracy: 0.9208 | val_loss: 0.2935
Epoch 74/1000 | train_loss: 0.3650 | miou: 0.7415 | f1_macro: 0.8388 | pixel_accuracy: 0.9266 | val_loss: 0.2711
Epoch 75/1000 | train_loss: 0.3734 | miou: 0.7313 | f1_macro: 0.8315 | pixel_accuracy: 0.9215 | val_loss: 0.2756
Epoch 76/1000 | train_loss: 0.3722 | miou: 0.7241 | f1_macro: 0.8237 | pixel_accuracy: 0.9237 | val_loss: 0.2993
Epoch 77/1000 | train_loss: 0.3642 | miou: 0.7240 | f1_macro: 0.8236 | pixel_accuracy: 0.9225 | val_loss: 0.2828
Epoch 78/1000 | train_loss: 0.3372 | miou: 0.7436 | f1_macro: 0.8407 | pixel_accuracy: 0.9266 | val_loss: 0.2611
Epoch 79/1000 | train_loss: 0.3413 | miou: 0.7655 | f1_macro: 0.8560 | pixel_accuracy: 0.9368 | val_loss: 0.2227
Epoch 80/1000 | train_loss: 0.3610 | miou: 0.7683 | f1_macro: 0.8587 | pixel_accuracy: 0.9362 | val_loss: 0.2341
Epoch 81/1000 | train_loss: 0.3519 | miou: 0.7654 | f1_macro: 0.8563 | pixel_accuracy: 0.9357 | val_loss: 0.2234
Epoch 82/1000 | train_loss: 0.3301 | miou: 0.7436 | f1_macro: 0.8394 | pixel_accuracy: 0.9303 | val_loss: 0.2591
Epoch 83/1000 | train_loss: 0.3501 | miou: 0.7578 | f1_macro: 0.8497 | pixel_accuracy: 0.9348 | val_loss: 0.2353
Epoch 84/1000 | train_loss: 0.3495 | miou: 0.7475 | f1_macro: 0.8424 | pixel_accuracy: 0.9305 | val_loss: 0.2580
Epoch 85/1000 | train_loss: 0.3477 | miou: 0.7418 | f1_macro: 0.8368 | pixel_accuracy: 0.9299 | val_loss: 0.2844
Epoch 86/1000 | train_loss: 0.3217 | miou: 0.7294 | f1_macro: 0.8299 | pixel_accuracy: 0.9210 | val_loss: 0.2836
Epoch 87/1000 | train_loss: 0.3653 | miou: 0.7443 | f1_macro: 0.8415 | pixel_accuracy: 0.9249 | val_loss: 0.2751
Epoch 88/1000 | train_loss: 0.3363 | miou: 0.7447 | f1_macro: 0.8399 | pixel_accuracy: 0.9302 | val_loss: 0.2593
Epoch 89/1000 | train_loss: 0.3521 | miou: 0.7456 | f1_macro: 0.8414 | pixel_accuracy: 0.9294 | val_loss: 0.2774
Epoch 90/1000 | train_loss: 0.3579 | miou: 0.7552 | f1_macro: 0.8493 | pixel_accuracy: 0.9313 | val_loss: 0.2340
Epoch 91/1000 | train_loss: 0.3332 | miou: 0.7542 | f1_macro: 0.8491 | pixel_accuracy: 0.9292 | val_loss: 0.2617
Epoch 92/1000 | train_loss: 0.3353 | miou: 0.7642 | f1_macro: 0.8558 | pixel_accuracy: 0.9346 | val_loss: 0.2345
Epoch 93/1000 | train_loss: 0.3325 | miou: 0.7629 | f1_macro: 0.8545 | pixel_accuracy: 0.9345 | val_loss: 0.2469
Epoch 94/1000 | train_loss: 0.3377 | miou: 0.7515 | f1_macro: 0.8456 | pixel_accuracy: 0.9319 | val_loss: 0.2682
Epoch 95/1000 | train_loss: 0.3477 | miou: 0.7289 | f1_macro: 0.8317 | pixel_accuracy: 0.9166 | val_loss: 0.3169
Epoch 96/1000 | train_loss: 0.3430 | miou: 0.7265 | f1_macro: 0.8300 | pixel_accuracy: 0.9145 | val_loss: 0.3350
Epoch 97/1000 | train_loss: 0.3618 | miou: 0.7479 | f1_macro: 0.8432 | pixel_accuracy: 0.9298 | val_loss: 0.2905
Epoch 98/1000 | train_loss: 0.3351 | miou: 0.7584 | f1_macro: 0.8522 | pixel_accuracy: 0.9315 | val_loss: 0.2525
Epoch 99/1000 | train_loss: 0.3339 | miou: 0.7562 | f1_macro: 0.8499 | pixel_accuracy: 0.9325 | val_loss: 0.2649
Epoch 100/1000 | train_loss: 0.3367 | miou: 0.7553 | f1_macro: 0.8495 | pixel_accuracy: 0.9304 | val_loss: 0.2602
Epoch 101/1000 | train_loss: 0.3443 | miou: 0.7572 | f1_macro: 0.8503 | pixel_accuracy: 0.9326 | val_loss: 0.2439
Epoch 102/1000 | train_loss: 0.3417 | miou: 0.7518 | f1_macro: 0.8465 | pixel_accuracy: 0.9306 | val_loss: 0.2734
Epoch 103/1000 | train_loss: 0.3249 | miou: 0.7534 | f1_macro: 0.8468 | pixel_accuracy: 0.9331 | val_loss: 0.2753
Epoch 104/1000 | train_loss: 0.3296 | miou: 0.7472 | f1_macro: 0.8428 | pixel_accuracy: 0.9297 | val_loss: 0.2731
Epoch 105/1000 | train_loss: 0.3306 | miou: 0.7199 | f1_macro: 0.8255 | pixel_accuracy: 0.9104 | val_loss: 0.3348
Epoch 106/1000 | train_loss: 0.3459 | miou: 0.6748 | f1_macro: 0.7917 | pixel_accuracy: 0.8870 | val_loss: 0.4795
Epoch 107/1000 | train_loss: 0.3867 | miou: 0.7459 | f1_macro: 0.8432 | pixel_accuracy: 0.9268 | val_loss: 0.2966
Epoch 108/1000 | train_loss: 0.3504 | miou: 0.7365 | f1_macro: 0.8352 | pixel_accuracy: 0.9255 | val_loss: 0.2864
Epoch 109/1000 | train_loss: 0.3408 | miou: 0.7490 | f1_macro: 0.8430 | pixel_accuracy: 0.9336 | val_loss: 0.2581
Epoch 110/1000 | train_loss: 0.3481 | miou: 0.7445 | f1_macro: 0.8410 | pixel_accuracy: 0.9281 | val_loss: 0.2971
Epoch 111/1000 | train_loss: 0.3248 | miou: 0.7349 | f1_macro: 0.8327 | pixel_accuracy: 0.9260 | val_loss: 0.3095
Epoch 112/1000 | train_loss: 0.3146 | miou: 0.7503 | f1_macro: 0.8448 | pixel_accuracy: 0.9317 | val_loss: 0.2655
Epoch 113/1000 | train_loss: 0.3255 | miou: 0.7514 | f1_macro: 0.8465 | pixel_accuracy: 0.9303 | val_loss: 0.2663
Epoch 114/1000 | train_loss: 0.3546 | miou: 0.7145 | f1_macro: 0.8215 | pixel_accuracy: 0.9079 | val_loss: 0.3956
Epoch 115/1000 | train_loss: 0.3381 | miou: 0.7629 | f1_macro: 0.8545 | pixel_accuracy: 0.9357 | val_loss: 0.2498
Epoch 116/1000 | train_loss: 0.3342 | miou: 0.7604 | f1_macro: 0.8525 | pixel_accuracy: 0.9345 | val_loss: 0.2481
Epoch 117/1000 | train_loss: 0.3273 | miou: 0.7617 | f1_macro: 0.8538 | pixel_accuracy: 0.9343 | val_loss: 0.2627
Epoch 118/1000 | train_loss: 0.3122 | miou: 0.7586 | f1_macro: 0.8507 | pixel_accuracy: 0.9353 | val_loss: 0.2634
Epoch 119/1000 | train_loss: 0.3336 | miou: 0.7610 | f1_macro: 0.8526 | pixel_accuracy: 0.9349 | val_loss: 0.2705
Epoch 120/1000 | train_loss: 0.3208 | miou: 0.7613 | f1_macro: 0.8530 | pixel_accuracy: 0.9362 | val_loss: 0.2883
Epoch 121/1000 | train_loss: 0.3272 | miou: 0.7595 | f1_macro: 0.8531 | pixel_accuracy: 0.9304 | val_loss: 0.2816
Epoch 122/1000 | train_loss: 0.3259 | miou: 0.7500 | f1_macro: 0.8446 | pixel_accuracy: 0.9324 | val_loss: 0.2864
Epoch 123/1000 | train_loss: 0.3381 | miou: 0.7569 | f1_macro: 0.8490 | pixel_accuracy: 0.9352 | val_loss: 0.2765
Epoch 124/1000 | train_loss: 0.3334 | miou: 0.7616 | f1_macro: 0.8533 | pixel_accuracy: 0.9360 | val_loss: 0.2637
Epoch 125/1000 | train_loss: 0.3349 | miou: 0.7634 | f1_macro: 0.8539 | pixel_accuracy: 0.9375 | val_loss: 0.2456
Epoch 126/1000 | train_loss: 0.3250 | miou: 0.7601 | f1_macro: 0.8525 | pixel_accuracy: 0.9342 | val_loss: 0.2920
Epoch 127/1000 | train_loss: 0.3004 | miou: 0.7668 | f1_macro: 0.8568 | pixel_accuracy: 0.9388 | val_loss: 0.2531
Epoch 128/1000 | train_loss: 0.3124 | miou: 0.7577 | f1_macro: 0.8502 | pixel_accuracy: 0.9347 | val_loss: 0.2571
Epoch 129/1000 | train_loss: 0.3211 | miou: 0.7572 | f1_macro: 0.8499 | pixel_accuracy: 0.9338 | val_loss: 0.2773
Epoch 130/1000 | train_loss: 0.3351 | miou: 0.7696 | f1_macro: 0.8597 | pixel_accuracy: 0.9370 | val_loss: 0.2594
Epoch 131/1000 | train_loss: 0.3169 | miou: 0.7613 | f1_macro: 0.8536 | pixel_accuracy: 0.9336 | val_loss: 0.2655
Epoch 132/1000 | train_loss: 0.3201 | miou: 0.7541 | f1_macro: 0.8483 | pixel_accuracy: 0.9317 | val_loss: 0.3049
Epoch 133/1000 | train_loss: 0.3243 | miou: 0.7550 | f1_macro: 0.8490 | pixel_accuracy: 0.9309 | val_loss: 0.2788
Epoch 134/1000 | train_loss: 0.3322 | miou: 0.7587 | f1_macro: 0.8507 | pixel_accuracy: 0.9353 | val_loss: 0.2716
Epoch 135/1000 | train_loss: 0.3170 | miou: 0.7562 | f1_macro: 0.8491 | pixel_accuracy: 0.9345 | val_loss: 0.2636
Epoch 136/1000 | train_loss: 0.3234 | miou: 0.7720 | f1_macro: 0.8610 | pixel_accuracy: 0.9392 | val_loss: 0.2565
Epoch 137/1000 | train_loss: 0.3141 | miou: 0.7663 | f1_macro: 0.8572 | pixel_accuracy: 0.9367 | val_loss: 0.2672
Epoch 138/1000 | train_loss: 0.3405 | miou: 0.7658 | f1_macro: 0.8567 | pixel_accuracy: 0.9364 | val_loss: 0.2613
Epoch 139/1000 | train_loss: 0.3201 | miou: 0.7403 | f1_macro: 0.8386 | pixel_accuracy: 0.9238 | val_loss: 0.3205
Epoch 140/1000 | train_loss: 0.2978 | miou: 0.7388 | f1_macro: 0.8399 | pixel_accuracy: 0.9174 | val_loss: 0.3022
Epoch 141/1000 | train_loss: 0.3809 | miou: 0.7321 | f1_macro: 0.8335 | pixel_accuracy: 0.9180 | val_loss: 0.2932
Epoch 142/1000 | train_loss: 0.3518 | miou: 0.7431 | f1_macro: 0.8396 | pixel_accuracy: 0.9278 | val_loss: 0.2657
Epoch 143/1000 | train_loss: 0.3367 | miou: 0.7501 | f1_macro: 0.8455 | pixel_accuracy: 0.9296 | val_loss: 0.2931
Epoch 144/1000 | train_loss: 0.3269 | miou: 0.7552 | f1_macro: 0.8484 | pixel_accuracy: 0.9337 | val_loss: 0.2779
Epoch 145/1000 | train_loss: 0.3210 | miou: 0.7517 | f1_macro: 0.8460 | pixel_accuracy: 0.9323 | val_loss: 0.2755
Epoch 146/1000 | train_loss: 0.3241 | miou: 0.7638 | f1_macro: 0.8548 | pixel_accuracy: 0.9370 | val_loss: 0.2476
Epoch 147/1000 | train_loss: 0.3027 | miou: 0.7643 | f1_macro: 0.8557 | pixel_accuracy: 0.9340 | val_loss: 0.2706
Epoch 148/1000 | train_loss: 0.3100 | miou: 0.7617 | f1_macro: 0.8538 | pixel_accuracy: 0.9343 | val_loss: 0.2693
Epoch 149/1000 | train_loss: 0.3146 | miou: 0.7625 | f1_macro: 0.8536 | pixel_accuracy: 0.9366 | val_loss: 0.2903
Epoch 150/1000 | train_loss: 0.3133 | miou: 0.7718 | f1_macro: 0.8607 | pixel_accuracy: 0.9392 | val_loss: 0.2543
Epoch 151/1000 | train_loss: 0.2891 | miou: 0.7744 | f1_macro: 0.8625 | pixel_accuracy: 0.9400 | val_loss: 0.2733
Epoch 152/1000 | train_loss: 0.3068 | miou: 0.7685 | f1_macro: 0.8589 | pixel_accuracy: 0.9363 | val_loss: 0.2882
Epoch 153/1000 | train_loss: 0.3262 | miou: 0.7624 | f1_macro: 0.8543 | pixel_accuracy: 0.9348 | val_loss: 0.2787
Epoch 154/1000 | train_loss: 0.3377 | miou: 0.7659 | f1_macro: 0.8563 | pixel_accuracy: 0.9373 | val_loss: 0.3001
Epoch 155/1000 | train_loss: 0.3178 | miou: 0.7178 | f1_macro: 0.8226 | pixel_accuracy: 0.9133 | val_loss: 0.4425
Epoch 156/1000 | train_loss: 0.3087 | miou: 0.7569 | f1_macro: 0.8525 | pixel_accuracy: 0.9270 | val_loss: 0.3152
Epoch 157/1000 | train_loss: 0.3536 | miou: 0.7608 | f1_macro: 0.8524 | pixel_accuracy: 0.9360 | val_loss: 0.2479
Epoch 158/1000 | train_loss: 0.3199 | miou: 0.7696 | f1_macro: 0.8593 | pixel_accuracy: 0.9382 | val_loss: 0.2900
Epoch 159/1000 | train_loss: 0.3090 | miou: 0.7654 | f1_macro: 0.8560 | pixel_accuracy: 0.9374 | val_loss: 0.2796
Epoch 160/1000 | train_loss: 0.3080 | miou: 0.7677 | f1_macro: 0.8580 | pixel_accuracy: 0.9371 | val_loss: 0.2847
Epoch 161/1000 | train_loss: 0.3032 | miou: 0.7623 | f1_macro: 0.8546 | pixel_accuracy: 0.9341 | val_loss: 0.2911
Epoch 162/1000 | train_loss: 0.3048 | miou: 0.7670 | f1_macro: 0.8569 | pixel_accuracy: 0.9381 | val_loss: 0.2849
Epoch 163/1000 | train_loss: 0.3010 | miou: 0.7555 | f1_macro: 0.8501 | pixel_accuracy: 0.9296 | val_loss: 0.3184
Epoch 164/1000 | train_loss: 0.3223 | miou: 0.7710 | f1_macro: 0.8608 | pixel_accuracy: 0.9376 | val_loss: 0.2790
Epoch 165/1000 | train_loss: 0.2965 | miou: 0.7601 | f1_macro: 0.8528 | pixel_accuracy: 0.9331 | val_loss: 0.2903
Epoch 166/1000 | train_loss: 0.3035 | miou: 0.7740 | f1_macro: 0.8630 | pixel_accuracy: 0.9385 | val_loss: 0.3025
Epoch 167/1000 | train_loss: 0.2834 | miou: 0.7620 | f1_macro: 0.8533 | pixel_accuracy: 0.9361 | val_loss: 0.2668
Epoch 168/1000 | train_loss: 0.3220 | miou: 0.7680 | f1_macro: 0.8588 | pixel_accuracy: 0.9358 | val_loss: 0.2538
Epoch 169/1000 | train_loss: 0.3258 | miou: 0.7695 | f1_macro: 0.8592 | pixel_accuracy: 0.9382 | val_loss: 0.2692
Epoch 170/1000 | train_loss: 0.3074 | miou: 0.7718 | f1_macro: 0.8611 | pixel_accuracy: 0.9377 | val_loss: 0.2537
Epoch 171/1000 | train_loss: 0.3049 | miou: 0.7509 | f1_macro: 0.8473 | pixel_accuracy: 0.9269 | val_loss: 0.3374
Epoch 172/1000 | train_loss: 0.3021 | miou: 0.7639 | f1_macro: 0.8563 | pixel_accuracy: 0.9325 | val_loss: 0.3039
Epoch 173/1000 | train_loss: 0.3158 | miou: 0.7694 | f1_macro: 0.8593 | pixel_accuracy: 0.9375 | val_loss: 0.2803
Epoch 174/1000 | train_loss: 0.3108 | miou: 0.7661 | f1_macro: 0.8573 | pixel_accuracy: 0.9346 | val_loss: 0.2779
Epoch 175/1000 | train_loss: 0.2901 | miou: 0.7625 | f1_macro: 0.8538 | pixel_accuracy: 0.9368 | val_loss: 0.3160
Epoch 176/1000 | train_loss: 0.3129 | miou: 0.7567 | f1_macro: 0.8514 | pixel_accuracy: 0.9303 | val_loss: 0.3331
Epoch 177/1000 | train_loss: 0.2856 | miou: 0.7680 | f1_macro: 0.8584 | pixel_accuracy: 0.9366 | val_loss: 0.2858
Epoch 178/1000 | train_loss: 0.3010 | miou: 0.7575 | f1_macro: 0.8516 | pixel_accuracy: 0.9310 | val_loss: 0.2838
Epoch 179/1000 | train_loss: 0.3163 | miou: 0.7659 | f1_macro: 0.8563 | pixel_accuracy: 0.9375 | val_loss: 0.2762
Epoch 180/1000 | train_loss: 0.2933 | miou: 0.7636 | f1_macro: 0.8547 | pixel_accuracy: 0.9362 | val_loss: 0.2866
Epoch 181/1000 | train_loss: 0.3073 | miou: 0.7605 | f1_macro: 0.8521 | pixel_accuracy: 0.9358 | val_loss: 0.2526
Epoch 182/1000 | train_loss: 0.3081 | miou: 0.7589 | f1_macro: 0.8514 | pixel_accuracy: 0.9344 | val_loss: 0.3158
Epoch 183/1000 | train_loss: 0.2887 | miou: 0.7585 | f1_macro: 0.8508 | pixel_accuracy: 0.9352 | val_loss: 0.3298
Epoch 184/1000 | train_loss: 0.3184 | miou: 0.7336 | f1_macro: 0.8293 | pixel_accuracy: 0.9302 | val_loss: 0.3115
Epoch 185/1000 | train_loss: 0.2957 | miou: 0.7665 | f1_macro: 0.8582 | pixel_accuracy: 0.9335 | val_loss: 0.2764
Epoch 186/1000 | train_loss: 0.3478 | miou: 0.7607 | f1_macro: 0.8524 | pixel_accuracy: 0.9358 | val_loss: 0.3167
Epoch 187/1000 | train_loss: 0.3132 | miou: 0.7660 | f1_macro: 0.8573 | pixel_accuracy: 0.9359 | val_loss: 0.3014
Epoch 188/1000 | train_loss: 0.3298 | miou: 0.7711 | f1_macro: 0.8609 | pixel_accuracy: 0.9366 | val_loss: 0.2944
Epoch 189/1000 | train_loss: 0.2981 | miou: 0.7677 | f1_macro: 0.8588 | pixel_accuracy: 0.9357 | val_loss: 0.3147
Epoch 190/1000 | train_loss: 0.3086 | miou: 0.7614 | f1_macro: 0.8537 | pixel_accuracy: 0.9337 | val_loss: 0.2890
Epoch 191/1000 | train_loss: 0.3283 | miou: 0.7620 | f1_macro: 0.8552 | pixel_accuracy: 0.9314 | val_loss: 0.2650
Epoch 192/1000 | train_loss: 0.3160 | miou: 0.7542 | f1_macro: 0.8474 | pixel_accuracy: 0.9344 | val_loss: 0.2972
Epoch 193/1000 | train_loss: 0.3273 | miou: 0.7587 | f1_macro: 0.8510 | pixel_accuracy: 0.9356 | val_loss: 0.3019
Epoch 194/1000 | train_loss: 0.2846 | miou: 0.7578 | f1_macro: 0.8509 | pixel_accuracy: 0.9338 | val_loss: 0.3003
Epoch 195/1000 | train_loss: 0.3162 | miou: 0.7668 | f1_macro: 0.8576 | pixel_accuracy: 0.9363 | val_loss: 0.2773
Epoch 196/1000 | train_loss: 0.2972 | miou: 0.7696 | f1_macro: 0.8594 | pixel_accuracy: 0.9379 | val_loss: 0.2676
Epoch 197/1000 | train_loss: 0.3017 | miou: 0.7730 | f1_macro: 0.8618 | pixel_accuracy: 0.9389 | val_loss: 0.2843
Epoch 198/1000 | train_loss: 0.3091 | miou: 0.7757 | f1_macro: 0.8639 | pixel_accuracy: 0.9398 | val_loss: 0.2691
Epoch 199/1000 | train_loss: 0.3173 | miou: 0.6956 | f1_macro: 0.8109 | pixel_accuracy: 0.8881 | val_loss: 0.5599
Epoch 200/1000 | train_loss: 0.3319 | miou: 0.7564 | f1_macro: 0.8491 | pixel_accuracy: 0.9348 | val_loss: 0.2900
Epoch 201/1000 | train_loss: 0.3211 | miou: 0.7635 | f1_macro: 0.8553 | pixel_accuracy: 0.9344 | val_loss: 0.2855
Epoch 202/1000 | train_loss: 0.3143 | miou: 0.7659 | f1_macro: 0.8563 | pixel_accuracy: 0.9369 | val_loss: 0.3227
Epoch 203/1000 | train_loss: 0.2998 | miou: 0.7128 | f1_macro: 0.8237 | pixel_accuracy: 0.8952 | val_loss: 0.4386
Epoch 204/1000 | train_loss: 0.3059 | miou: 0.7471 | f1_macro: 0.8442 | pixel_accuracy: 0.9257 | val_loss: 0.3048
Epoch 205/1000 | train_loss: 0.3034 | miou: 0.7629 | f1_macro: 0.8542 | pixel_accuracy: 0.9357 | val_loss: 0.3072
Epoch 206/1000 | train_loss: 0.3245 | miou: 0.7695 | f1_macro: 0.8588 | pixel_accuracy: 0.9395 | val_loss: 0.2876
Epoch 207/1000 | train_loss: 0.3108 | miou: 0.7663 | f1_macro: 0.8568 | pixel_accuracy: 0.9375 | val_loss: 0.2963
Epoch 208/1000 | train_loss: 0.3031 | miou: 0.7711 | f1_macro: 0.8598 | pixel_accuracy: 0.9402 | val_loss: 0.2848
Epoch 209/1000 | train_loss: 0.2948 | miou: 0.7680 | f1_macro: 0.8584 | pixel_accuracy: 0.9374 | val_loss: 0.2905
Epoch 210/1000 | train_loss: 0.2954 | miou: 0.7691 | f1_macro: 0.8585 | pixel_accuracy: 0.9390 | val_loss: 0.2761
Epoch 211/1000 | train_loss: 0.2942 | miou: 0.7676 | f1_macro: 0.8580 | pixel_accuracy: 0.9374 | val_loss: 0.2903
Epoch 212/1000 | train_loss: 0.3097 | miou: 0.7756 | f1_macro: 0.8635 | pixel_accuracy: 0.9409 | val_loss: 0.2884
Epoch 213/1000 | train_loss: 0.3040 | miou: 0.7624 | f1_macro: 0.8535 | pixel_accuracy: 0.9374 | val_loss: 0.2975
Epoch 214/1000 | train_loss: 0.2998 | miou: 0.7684 | f1_macro: 0.8588 | pixel_accuracy: 0.9368 | val_loss: 0.3119
Epoch 215/1000 | train_loss: 0.3237 | miou: 0.7811 | f1_macro: 0.8674 | pixel_accuracy: 0.9428 | val_loss: 0.2752
Epoch 216/1000 | train_loss: 0.3066 | miou: 0.7637 | f1_macro: 0.8554 | pixel_accuracy: 0.9353 | val_loss: 0.2980
Epoch 217/1000 | train_loss: 0.2889 | miou: 0.7751 | f1_macro: 0.8631 | pixel_accuracy: 0.9407 | val_loss: 0.2852
Epoch 218/1000 | train_loss: 0.3014 | miou: 0.7750 | f1_macro: 0.8632 | pixel_accuracy: 0.9403 | val_loss: 0.3004
Epoch 219/1000 | train_loss: 0.3099 | miou: 0.7691 | f1_macro: 0.8588 | pixel_accuracy: 0.9387 | val_loss: 0.3066
Epoch 220/1000 | train_loss: 0.3060 | miou: 0.7656 | f1_macro: 0.8569 | pixel_accuracy: 0.9352 | val_loss: 0.3048
Epoch 221/1000 | train_loss: 0.3012 | miou: 0.7696 | f1_macro: 0.8595 | pixel_accuracy: 0.9378 | val_loss: 0.3063
Epoch 222/1000 | train_loss: 0.2941 | miou: 0.7678 | f1_macro: 0.8576 | pixel_accuracy: 0.9388 | val_loss: 0.3054
Epoch 223/1000 | train_loss: 0.2846 | miou: 0.7694 | f1_macro: 0.8595 | pixel_accuracy: 0.9369 | val_loss: 0.3042
Epoch 224/1000 | train_loss: 0.2992 | miou: 0.7631 | f1_macro: 0.8553 | pixel_accuracy: 0.9334 | val_loss: 0.3061
Epoch 225/1000 | train_loss: 0.2989 | miou: 0.7609 | f1_macro: 0.8540 | pixel_accuracy: 0.9323 | val_loss: 0.3515
Epoch 226/1000 | train_loss: 0.2938 | miou: 0.7645 | f1_macro: 0.8552 | pixel_accuracy: 0.9381 | val_loss: 0.3406
Epoch 227/1000 | train_loss: 0.2860 | miou: 0.7718 | f1_macro: 0.8606 | pixel_accuracy: 0.9392 | val_loss: 0.2911
Epoch 228/1000 | train_loss: 0.3026 | miou: 0.7688 | f1_macro: 0.8589 | pixel_accuracy: 0.9366 | val_loss: 0.3031
Epoch 229/1000 | train_loss: 0.2985 | miou: 0.7598 | f1_macro: 0.8522 | pixel_accuracy: 0.9354 | val_loss: 0.3048
Epoch 230/1000 | train_loss: 0.2975 | miou: 0.7704 | f1_macro: 0.8597 | pixel_accuracy: 0.9391 | val_loss: 0.3012
Epoch 231/1000 | train_loss: 0.2887 | miou: 0.7699 | f1_macro: 0.8596 | pixel_accuracy: 0.9381 | val_loss: 0.3025
Epoch 232/1000 | train_loss: 0.2971 | miou: 0.7737 | f1_macro: 0.8621 | pixel_accuracy: 0.9401 | val_loss: 0.3174
Epoch 233/1000 | train_loss: 0.2939 | miou: 0.7755 | f1_macro: 0.8634 | pixel_accuracy: 0.9403 | val_loss: 0.2946
Epoch 234/1000 | train_loss: 0.2831 | miou: 0.7696 | f1_macro: 0.8594 | pixel_accuracy: 0.9378 | val_loss: 0.2848
Epoch 235/1000 | train_loss: 0.2908 | miou: 0.7718 | f1_macro: 0.8607 | pixel_accuracy: 0.9394 | val_loss: 0.2949
Epoch 236/1000 | train_loss: 0.2728 | miou: 0.7578 | f1_macro: 0.8515 | pixel_accuracy: 0.9321 | val_loss: 0.3171
Epoch 237/1000 | train_loss: 0.2929 | miou: 0.7622 | f1_macro: 0.8547 | pixel_accuracy: 0.9338 | val_loss: 0.3258
Epoch 238/1000 | train_loss: 0.3027 | miou: 0.7761 | f1_macro: 0.8638 | pixel_accuracy: 0.9408 | val_loss: 0.2904
Epoch 239/1000 | train_loss: 0.2967 | miou: 0.7686 | f1_macro: 0.8588 | pixel_accuracy: 0.9376 | val_loss: 0.3033
Epoch 240/1000 | train_loss: 0.3086 | miou: 0.7697 | f1_macro: 0.8601 | pixel_accuracy: 0.9360 | val_loss: 0.3179
Epoch 241/1000 | train_loss: 0.3870 | miou: 0.7054 | f1_macro: 0.8113 | pixel_accuracy: 0.9121 | val_loss: 0.4027
Epoch 242/1000 | train_loss: 0.3598 | miou: 0.7268 | f1_macro: 0.8263 | pixel_accuracy: 0.9251 | val_loss: 0.3416
Epoch 243/1000 | train_loss: 0.3638 | miou: 0.7270 | f1_macro: 0.8279 | pixel_accuracy: 0.9203 | val_loss: 0.3134
Epoch 244/1000 | train_loss: 0.3213 | miou: 0.7395 | f1_macro: 0.8379 | pixel_accuracy: 0.9249 | val_loss: 0.3519
Epoch 245/1000 | train_loss: 0.3136 | miou: 0.7657 | f1_macro: 0.8556 | pixel_accuracy: 0.9384 | val_loss: 0.2978
Epoch 246/1000 | train_loss: 0.3092 | miou: 0.7587 | f1_macro: 0.8513 | pixel_accuracy: 0.9345 | val_loss: 0.3369
Epoch 247/1000 | train_loss: 0.2953 | miou: 0.7667 | f1_macro: 0.8573 | pixel_accuracy: 0.9367 | val_loss: 0.3186
Epoch 248/1000 | train_loss: 0.2971 | miou: 0.7641 | f1_macro: 0.8549 | pixel_accuracy: 0.9372 | val_loss: 0.3242
Epoch 249/1000 | train_loss: 0.2919 | miou: 0.7682 | f1_macro: 0.8581 | pixel_accuracy: 0.9381 | val_loss: 0.2917
Epoch 250/1000 | train_loss: 0.3148 | miou: 0.7350 | f1_macro: 0.8341 | pixel_accuracy: 0.9203 | val_loss: 0.3194
Epoch 251/1000 | train_loss: 0.3087 | miou: 0.7543 | f1_macro: 0.8466 | pixel_accuracy: 0.9350 | val_loss: 0.2949
Epoch 252/1000 | train_loss: 0.2912 | miou: 0.7643 | f1_macro: 0.8549 | pixel_accuracy: 0.9376 | val_loss: 0.3124
Epoch 253/1000 | train_loss: 0.3115 | miou: 0.7596 | f1_macro: 0.8517 | pixel_accuracy: 0.9347 | val_loss: 0.2877
Epoch 254/1000 | train_loss: 0.2995 | miou: 0.7722 | f1_macro: 0.8607 | pixel_accuracy: 0.9403 | val_loss: 0.3049
Epoch 255/1000 | train_loss: 0.3125 | miou: 0.7683 | f1_macro: 0.8577 | pixel_accuracy: 0.9397 | val_loss: 0.3095
Epoch 256/1000 | train_loss: 0.2793 | miou: 0.7702 | f1_macro: 0.8592 | pixel_accuracy: 0.9396 | val_loss: 0.2991
Epoch 257/1000 | train_loss: 0.2897 | miou: 0.7679 | f1_macro: 0.8580 | pixel_accuracy: 0.9381 | val_loss: 0.3104
Epoch 258/1000 | train_loss: 0.2803 | miou: 0.7774 | f1_macro: 0.8645 | pixel_accuracy: 0.9418 | val_loss: 0.2841
Epoch 259/1000 | train_loss: 0.2914 | miou: 0.7737 | f1_macro: 0.8620 | pixel_accuracy: 0.9402 | val_loss: 0.2944
Epoch 260/1000 | train_loss: 0.2915 | miou: 0.7750 | f1_macro: 0.8625 | pixel_accuracy: 0.9421 | val_loss: 0.2581
Epoch 261/1000 | train_loss: 0.2834 | miou: 0.7711 | f1_macro: 0.8604 | pixel_accuracy: 0.9392 | val_loss: 0.2749
Epoch 262/1000 | train_loss: 0.2812 | miou: 0.7717 | f1_macro: 0.8606 | pixel_accuracy: 0.9395 | val_loss: 0.3021
Epoch 263/1000 | train_loss: 0.2991 | miou: 0.7704 | f1_macro: 0.8594 | pixel_accuracy: 0.9400 | val_loss: 0.3092
Epoch 264/1000 | train_loss: 0.3009 | miou: 0.7711 | f1_macro: 0.8602 | pixel_accuracy: 0.9392 | val_loss: 0.3049
Epoch 265/1000 | train_loss: 0.2918 | miou: 0.7687 | f1_macro: 0.8582 | pixel_accuracy: 0.9394 | val_loss: 0.3217
Epoch 266/1000 | train_loss: 0.2772 | miou: 0.7718 | f1_macro: 0.8610 | pixel_accuracy: 0.9383 | val_loss: 0.3030
Epoch 267/1000 | train_loss: 0.2899 | miou: 0.7619 | f1_macro: 0.8532 | pixel_accuracy: 0.9366 | val_loss: 0.3150
Epoch 268/1000 | train_loss: 0.2924 | miou: 0.7711 | f1_macro: 0.8599 | pixel_accuracy: 0.9398 | val_loss: 0.2971
Epoch 269/1000 | train_loss: 0.2950 | miou: 0.7719 | f1_macro: 0.8606 | pixel_accuracy: 0.9396 | val_loss: 0.3096
Epoch 270/1000 | train_loss: 0.3075 | miou: 0.7640 | f1_macro: 0.8548 | pixel_accuracy: 0.9374 | val_loss: 0.3564
Epoch 271/1000 | train_loss: 0.2951 | miou: 0.7707 | f1_macro: 0.8598 | pixel_accuracy: 0.9393 | val_loss: 0.3047
Epoch 272/1000 | train_loss: 0.2810 | miou: 0.7657 | f1_macro: 0.8555 | pixel_accuracy: 0.9390 | val_loss: 0.3292
Epoch 273/1000 | train_loss: 0.3065 | miou: 0.7695 | f1_macro: 0.8588 | pixel_accuracy: 0.9393 | val_loss: 0.2886
Epoch 274/1000 | train_loss: 0.2957 | miou: 0.7576 | f1_macro: 0.8503 | pixel_accuracy: 0.9350 | val_loss: 0.3823
Epoch 275/1000 | train_loss: 0.2950 | miou: 0.7679 | f1_macro: 0.8576 | pixel_accuracy: 0.9388 | val_loss: 0.3132
Epoch 276/1000 | train_loss: 0.3181 | miou: 0.7694 | f1_macro: 0.8591 | pixel_accuracy: 0.9382 | val_loss: 0.3278
Epoch 277/1000 | train_loss: 0.2894 | miou: 0.7700 | f1_macro: 0.8593 | pixel_accuracy: 0.9390 | val_loss: 0.3258
Epoch 278/1000 | train_loss: 0.2893 | miou: 0.7705 | f1_macro: 0.8596 | pixel_accuracy: 0.9393 | val_loss: 0.3206
Epoch 279/1000 | train_loss: 0.2970 | miou: 0.7729 | f1_macro: 0.8617 | pixel_accuracy: 0.9388 | val_loss: 0.3153
Epoch 280/1000 | train_loss: 0.2911 | miou: 0.7744 | f1_macro: 0.8626 | pixel_accuracy: 0.9401 | val_loss: 0.2951
Epoch 281/1000 | train_loss: 0.2889 | miou: 0.7672 | f1_macro: 0.8571 | pixel_accuracy: 0.9383 | val_loss: 0.3064
Epoch 282/1000 | train_loss: 0.2832 | miou: 0.7607 | f1_macro: 0.8526 | pixel_accuracy: 0.9358 | val_loss: 0.2949
Epoch 283/1000 | train_loss: 0.3051 | miou: 0.7672 | f1_macro: 0.8586 | pixel_accuracy: 0.9346 | val_loss: 0.3157
Epoch 284/1000 | train_loss: 0.3145 | miou: 0.7656 | f1_macro: 0.8561 | pixel_accuracy: 0.9377 | val_loss: 0.3208
Epoch 285/1000 | train_loss: 0.2947 | miou: 0.7694 | f1_macro: 0.8585 | pixel_accuracy: 0.9398 | val_loss: 0.3180
Epoch 286/1000 | train_loss: 0.2749 | miou: 0.7667 | f1_macro: 0.8577 | pixel_accuracy: 0.9358 | val_loss: 0.3214
Epoch 287/1000 | train_loss: 0.2972 | miou: 0.7683 | f1_macro: 0.8579 | pixel_accuracy: 0.9391 | val_loss: 0.3625
Epoch 288/1000 | train_loss: 0.2911 | miou: 0.7509 | f1_macro: 0.8446 | pixel_accuracy: 0.9330 | val_loss: 0.3041
Epoch 289/1000 | train_loss: 0.2978 | miou: 0.7192 | f1_macro: 0.8288 | pixel_accuracy: 0.8983 | val_loss: 0.4155
Epoch 290/1000 | train_loss: 0.3264 | miou: 0.7139 | f1_macro: 0.8159 | pixel_accuracy: 0.9164 | val_loss: 0.3854
Epoch 291/1000 | train_loss: 0.3137 | miou: 0.7475 | f1_macro: 0.8412 | pixel_accuracy: 0.9328 | val_loss: 0.3139
Epoch 292/1000 | train_loss: 0.3268 | miou: 0.7569 | f1_macro: 0.8496 | pixel_accuracy: 0.9331 | val_loss: 0.2931
Epoch 293/1000 | train_loss: 0.2935 | miou: 0.7499 | f1_macro: 0.8441 | pixel_accuracy: 0.9320 | val_loss: 0.2831
Epoch 294/1000 | train_loss: 0.2864 | miou: 0.7663 | f1_macro: 0.8569 | pixel_accuracy: 0.9364 | val_loss: 0.2723
Epoch 295/1000 | train_loss: 0.3014 | miou: 0.7666 | f1_macro: 0.8570 | pixel_accuracy: 0.9377 | val_loss: 0.2970
Epoch 296/1000 | train_loss: 0.2849 | miou: 0.7693 | f1_macro: 0.8591 | pixel_accuracy: 0.9379 | val_loss: 0.3119
Epoch 297/1000 | train_loss: 0.2957 | miou: 0.7661 | f1_macro: 0.8566 | pixel_accuracy: 0.9375 | val_loss: 0.3224
Epoch 298/1000 | train_loss: 0.3042 | miou: 0.7703 | f1_macro: 0.8594 | pixel_accuracy: 0.9394 | val_loss: 0.3014
Epoch 299/1000 | train_loss: 0.2934 | miou: 0.7700 | f1_macro: 0.8593 | pixel_accuracy: 0.9388 | val_loss: 0.2920
Epoch 300/1000 | train_loss: 0.2962 | miou: 0.7675 | f1_macro: 0.8586 | pixel_accuracy: 0.9350 | val_loss: 0.3412
Epoch 301/1000 | train_loss: 0.2923 | miou: 0.7701 | f1_macro: 0.8598 | pixel_accuracy: 0.9378 | val_loss: 0.3478
Epoch 302/1000 | train_loss: 0.2845 | miou: 0.7727 | f1_macro: 0.8610 | pixel_accuracy: 0.9402 | val_loss: 0.2723
Epoch 303/1000 | train_loss: 0.2958 | miou: 0.7792 | f1_macro: 0.8666 | pixel_accuracy: 0.9409 | val_loss: 0.2981
Epoch 304/1000 | train_loss: 0.2884 | miou: 0.7737 | f1_macro: 0.8624 | pixel_accuracy: 0.9388 | val_loss: 0.3136
Epoch 305/1000 | train_loss: 0.2968 | miou: 0.7726 | f1_macro: 0.8615 | pixel_accuracy: 0.9395 | val_loss: 0.3078
Epoch 306/1000 | train_loss: 0.2868 | miou: 0.7735 | f1_macro: 0.8622 | pixel_accuracy: 0.9395 | val_loss: 0.2818
Epoch 307/1000 | train_loss: 0.2889 | miou: 0.7675 | f1_macro: 0.8584 | pixel_accuracy: 0.9360 | val_loss: 0.3123
Epoch 308/1000 | train_loss: 0.2790 | miou: 0.7814 | f1_macro: 0.8676 | pixel_accuracy: 0.9424 | val_loss: 0.2914
Epoch 309/1000 | train_loss: 0.2970 | miou: 0.7762 | f1_macro: 0.8643 | pixel_accuracy: 0.9397 | val_loss: 0.2955
Epoch 310/1000 | train_loss: 0.2809 | miou: 0.7762 | f1_macro: 0.8639 | pixel_accuracy: 0.9408 | val_loss: 0.3081
Epoch 311/1000 | train_loss: 0.2617 | miou: 0.7792 | f1_macro: 0.8665 | pixel_accuracy: 0.9411 | val_loss: 0.3122
Epoch 312/1000 | train_loss: 0.2917 | miou: 0.7804 | f1_macro: 0.8670 | pixel_accuracy: 0.9422 | val_loss: 0.3508
Epoch 313/1000 | train_loss: 0.2766 | miou: 0.7791 | f1_macro: 0.8661 | pixel_accuracy: 0.9415 | val_loss: 0.3347
Epoch 314/1000 | train_loss: 0.2838 | miou: 0.7766 | f1_macro: 0.8648 | pixel_accuracy: 0.9393 | val_loss: 0.3319
Epoch 315/1000 | train_loss: 0.2795 | miou: 0.7763 | f1_macro: 0.8644 | pixel_accuracy: 0.9399 | val_loss: 0.3337
Epoch 316/1000 | train_loss: 0.2901 | miou: 0.7717 | f1_macro: 0.8608 | pixel_accuracy: 0.9388 | val_loss: 0.3540
Epoch 317/1000 | train_loss: 0.3009 | miou: 0.7747 | f1_macro: 0.8630 | pixel_accuracy: 0.9399 | val_loss: 0.3183
Epoch 318/1000 | train_loss: 0.2825 | miou: 0.7730 | f1_macro: 0.8616 | pixel_accuracy: 0.9401 | val_loss: 0.3086
Epoch 319/1000 | train_loss: 0.2848 | miou: 0.7818 | f1_macro: 0.8678 | pixel_accuracy: 0.9431 | val_loss: 0.3004
Epoch 320/1000 | train_loss: 0.2753 | miou: 0.7737 | f1_macro: 0.8619 | pixel_accuracy: 0.9408 | val_loss: 0.3091
Epoch 321/1000 | train_loss: 0.3135 | miou: 0.7762 | f1_macro: 0.8640 | pixel_accuracy: 0.9407 | val_loss: 0.3200
Epoch 322/1000 | train_loss: 0.2832 | miou: 0.7657 | f1_macro: 0.8562 | pixel_accuracy: 0.9373 | val_loss: 0.3105
Epoch 323/1000 | train_loss: 0.2864 | miou: 0.7753 | f1_macro: 0.8631 | pixel_accuracy: 0.9412 | val_loss: 0.3273
Epoch 324/1000 | train_loss: 0.3034 | miou: 0.7842 | f1_macro: 0.8698 | pixel_accuracy: 0.9425 | val_loss: 0.2904
Epoch 325/1000 | train_loss: 0.2928 | miou: 0.7779 | f1_macro: 0.8649 | pixel_accuracy: 0.9418 | val_loss: 0.2936
Epoch 326/1000 | train_loss: 0.2929 | miou: 0.7837 | f1_macro: 0.8693 | pixel_accuracy: 0.9433 | val_loss: 0.3218
Epoch 327/1000 | train_loss: 0.2886 | miou: 0.7760 | f1_macro: 0.8638 | pixel_accuracy: 0.9409 | val_loss: 0.3005
Epoch 328/1000 | train_loss: 0.2839 | miou: 0.7807 | f1_macro: 0.8670 | pixel_accuracy: 0.9419 | val_loss: 0.2917
Epoch 329/1000 | train_loss: 0.2856 | miou: 0.7783 | f1_macro: 0.8655 | pixel_accuracy: 0.9412 | val_loss: 0.3044
Epoch 330/1000 | train_loss: 0.2836 | miou: 0.7709 | f1_macro: 0.8603 | pixel_accuracy: 0.9379 | val_loss: 0.3091
Epoch 331/1000 | train_loss: 0.2753 | miou: 0.7800 | f1_macro: 0.8667 | pixel_accuracy: 0.9423 | val_loss: 0.2963
Epoch 332/1000 | train_loss: 0.2968 | miou: 0.7774 | f1_macro: 0.8646 | pixel_accuracy: 0.9417 | val_loss: 0.3120
Epoch 333/1000 | train_loss: 0.2769 | miou: 0.7827 | f1_macro: 0.8682 | pixel_accuracy: 0.9440 | val_loss: 0.2990
Epoch 334/1000 | train_loss: 0.2863 | miou: 0.7726 | f1_macro: 0.8614 | pixel_accuracy: 0.9389 | val_loss: 0.3082
Epoch 335/1000 | train_loss: 0.2868 | miou: 0.7669 | f1_macro: 0.8569 | pixel_accuracy: 0.9378 | val_loss: 0.2501
Epoch 336/1000 | train_loss: 0.2921 | miou: 0.7680 | f1_macro: 0.8572 | pixel_accuracy: 0.9402 | val_loss: 0.3163
Epoch 337/1000 | train_loss: 0.2794 | miou: 0.7733 | f1_macro: 0.8616 | pixel_accuracy: 0.9405 | val_loss: 0.3035
Epoch 338/1000 | train_loss: 0.2784 | miou: 0.7802 | f1_macro: 0.8667 | pixel_accuracy: 0.9426 | val_loss: 0.3387
Epoch 339/1000 | train_loss: 0.2977 | miou: 0.7705 | f1_macro: 0.8606 | pixel_accuracy: 0.9370 | val_loss: 0.3502
Epoch 340/1000 | train_loss: 0.2942 | miou: 0.7638 | f1_macro: 0.8547 | pixel_accuracy: 0.9373 | val_loss: 0.3039
Epoch 341/1000 | train_loss: 0.2859 | miou: 0.7705 | f1_macro: 0.8598 | pixel_accuracy: 0.9392 | val_loss: 0.3128
Epoch 342/1000 | train_loss: 0.2794 | miou: 0.7593 | f1_macro: 0.8511 | pixel_accuracy: 0.9366 | val_loss: 0.3383
Epoch 343/1000 | train_loss: 0.2710 | miou: 0.7588 | f1_macro: 0.8511 | pixel_accuracy: 0.9359 | val_loss: 0.3782
Epoch 344/1000 | train_loss: 0.2721 | miou: 0.7714 | f1_macro: 0.8597 | pixel_accuracy: 0.9405 | val_loss: 0.2630
Epoch 345/1000 | train_loss: 0.2746 | miou: 0.7692 | f1_macro: 0.8588 | pixel_accuracy: 0.9385 | val_loss: 0.3370
Epoch 346/1000 | train_loss: 0.2811 | miou: 0.7729 | f1_macro: 0.8614 | pixel_accuracy: 0.9400 | val_loss: 0.3229
Epoch 347/1000 | train_loss: 0.2737 | miou: 0.7829 | f1_macro: 0.8686 | pixel_accuracy: 0.9434 | val_loss: 0.3387
Epoch 348/1000 | train_loss: 0.2941 | miou: 0.7617 | f1_macro: 0.8536 | pixel_accuracy: 0.9352 | val_loss: 0.3365
Epoch 349/1000 | train_loss: 0.2870 | miou: 0.7766 | f1_macro: 0.8636 | pixel_accuracy: 0.9421 | val_loss: 0.3047
Epoch 350/1000 | train_loss: 0.2911 | miou: 0.7753 | f1_macro: 0.8631 | pixel_accuracy: 0.9409 | val_loss: 0.3180
Epoch 351/1000 | train_loss: 0.2938 | miou: 0.7804 | f1_macro: 0.8668 | pixel_accuracy: 0.9422 | val_loss: 0.3235
Epoch 352/1000 | train_loss: 0.2843 | miou: 0.7759 | f1_macro: 0.8633 | pixel_accuracy: 0.9413 | val_loss: 0.2853
Epoch 353/1000 | train_loss: 0.2746 | miou: 0.7777 | f1_macro: 0.8655 | pixel_accuracy: 0.9395 | val_loss: 0.3190
Epoch 354/1000 | train_loss: 0.2678 | miou: 0.7796 | f1_macro: 0.8662 | pixel_accuracy: 0.9422 | val_loss: 0.2902
Epoch 355/1000 | train_loss: 0.3140 | miou: 0.7792 | f1_macro: 0.8661 | pixel_accuracy: 0.9419 | val_loss: 0.3416
Epoch 356/1000 | train_loss: 0.2764 | miou: 0.7768 | f1_macro: 0.8644 | pixel_accuracy: 0.9407 | val_loss: 0.2950
Epoch 357/1000 | train_loss: 0.2805 | miou: 0.7772 | f1_macro: 0.8645 | pixel_accuracy: 0.9417 | val_loss: 0.3136
Epoch 358/1000 | train_loss: 0.2824 | miou: 0.7762 | f1_macro: 0.8638 | pixel_accuracy: 0.9415 | val_loss: 0.2810
Epoch 359/1000 | train_loss: 0.2733 | miou: 0.7727 | f1_macro: 0.8607 | pixel_accuracy: 0.9411 | val_loss: 0.3094
Epoch 360/1000 | train_loss: 0.2630 | miou: 0.7776 | f1_macro: 0.8643 | pixel_accuracy: 0.9430 | val_loss: 0.2784
Epoch 361/1000 | train_loss: 0.2765 | miou: 0.7761 | f1_macro: 0.8639 | pixel_accuracy: 0.9398 | val_loss: 0.3275
Epoch 362/1000 | train_loss: 0.2899 | miou: 0.7734 | f1_macro: 0.8620 | pixel_accuracy: 0.9397 | val_loss: 0.3090
Epoch 363/1000 | train_loss: 0.3053 | miou: 0.7644 | f1_macro: 0.8548 | pixel_accuracy: 0.9386 | val_loss: 0.3337
Epoch 364/1000 | train_loss: 0.2782 | miou: 0.7733 | f1_macro: 0.8618 | pixel_accuracy: 0.9400 | val_loss: 0.2960
Epoch 365/1000 | train_loss: 0.2690 | miou: 0.7688 | f1_macro: 0.8591 | pixel_accuracy: 0.9369 | val_loss: 0.2991
Epoch 366/1000 | train_loss: 0.3023 | miou: 0.7689 | f1_macro: 0.8580 | pixel_accuracy: 0.9399 | val_loss: 0.3272
Epoch 367/1000 | train_loss: 0.2622 | miou: 0.7689 | f1_macro: 0.8587 | pixel_accuracy: 0.9385 | val_loss: 0.3285
Epoch 368/1000 | train_loss: 0.2917 | miou: 0.7698 | f1_macro: 0.8589 | pixel_accuracy: 0.9395 | val_loss: 0.3265
Epoch 369/1000 | train_loss: 0.2787 | miou: 0.7709 | f1_macro: 0.8596 | pixel_accuracy: 0.9402 | val_loss: 0.2913
Epoch 370/1000 | train_loss: 0.2631 | miou: 0.7723 | f1_macro: 0.8607 | pixel_accuracy: 0.9405 | val_loss: 0.2928
Epoch 371/1000 | train_loss: 0.2763 | miou: 0.7759 | f1_macro: 0.8633 | pixel_accuracy: 0.9420 | val_loss: 0.3240
Epoch 372/1000 | train_loss: 0.2759 | miou: 0.7705 | f1_macro: 0.8599 | pixel_accuracy: 0.9393 | val_loss: 0.3345
Epoch 373/1000 | train_loss: 0.2703 | miou: 0.7675 | f1_macro: 0.8570 | pixel_accuracy: 0.9394 | val_loss: 0.3224
Epoch 374/1000 | train_loss: 0.2816 | miou: 0.7763 | f1_macro: 0.8636 | pixel_accuracy: 0.9420 | val_loss: 0.3108
Epoch 375/1000 | train_loss: 0.2709 | miou: 0.7754 | f1_macro: 0.8630 | pixel_accuracy: 0.9419 | val_loss: 0.3217
Epoch 376/1000 | train_loss: 0.2521 | miou: 0.7769 | f1_macro: 0.8642 | pixel_accuracy: 0.9419 | val_loss: 0.3090
Epoch 377/1000 | train_loss: 0.2847 | miou: 0.7737 | f1_macro: 0.8619 | pixel_accuracy: 0.9404 | val_loss: 0.2962
Epoch 378/1000 | train_loss: 0.2744 | miou: 0.7727 | f1_macro: 0.8610 | pixel_accuracy: 0.9405 | val_loss: 0.3129
Epoch 379/1000 | train_loss: 0.2787 | miou: 0.7680 | f1_macro: 0.8581 | pixel_accuracy: 0.9378 | val_loss: 0.2954
Early stopping at epoch 379 (patience=300)
Training complete. Best val_loss: 0.2227
Training complete for deeplabv3-merged
